Information,1/1/2023 3:39:08 PM,Windows Error Reporting,1001,None,"Fault bucket 1679983402601103675, type 1
Event Name: APPCRASH
Response: Not available
Cab Id: 0

Problem signature:
P1: iw4mp.dat
P2: 0.0.0.0
P3: 4b68bba4
P4: KERNEL32.DLL
P5: 6.2.22621.963
P6: f5cd78ad
P7: c0000005
P8: 0001db1d
P9: 
P10: 

Attached files:
\\?\C:\ProgramData\Microsoft\Windows\WER\Temp\WER.d0a56e7e-d2c2-4a51-a3e7-373ebed86e32.tmp.WERInternalMetadata.xml
\\?\C:\ProgramData\Microsoft\Windows\WER\Temp\WER.68105932-8d83-46af-aa0a-dc6a1830af97.tmp.csv
\\?\C:\ProgramData\Microsoft\Windows\WER\Temp\WER.26adea3b-7e2a-4bfe-b93f-09ec3be073c9.tmp.txt
\\?\C:\ProgramData\Microsoft\Windows\WER\Temp\WER.4c32d460-e8fe-4e54-a5d8-446c265597c1.tmp.xml

These files may be available here:
\\?\C:\ProgramData\Microsoft\Windows\WER\ReportArchive\AppCrash_iw4mp.dat_b8924a246563965f384d905f2a64e7af9177c_00000000_6374125d-c21c-4498-b6e6-0a9af4be9983

Analysis symbol: 
Rechecking for solution: 0
Report Id: 6374125d-c21c-4498-b6e6-0a9af4be9983
Report Status: 268435456
Hashed bucket: 4021345a24609f3807508000f497413b
Cab Guid: 0"
Error,1/1/2023 3:39:06 PM,Application Error,1000,Application Crashing Events,"Faulting application name: iw4mp.dat, version: 0.0.0.0, time stamp: 0x4b68bba4
Faulting module name: KERNEL32.DLL, version: 6.2.22621.963, time stamp: 0xf5cd78ad
Exception code: 0xc0000005
Fault offset: 0x0001db1d
Faulting process id: 0x%9
Faulting application start time: 0x%10
Faulting application path: %11
Faulting module path: %12
Report Id: %13
Faulting package full name: %14
Faulting package-relative application ID: %15"
Information,1/1/2023 3:38:54 PM,Windows Error Reporting,1001,None,"Fault bucket 1679983402601103675, type 1
Event Name: APPCRASH
Response: Not available
Cab Id: 0

Problem signature:
P1: iw4mp.dat
P2: 0.0.0.0
P3: 4b68bba4
P4: KERNEL32.DLL
P5: 6.2.22621.963
P6: f5cd78ad
P7: c0000005
P8: 0001db1d
P9: 
P10: 

Attached files:
\\?\C:\ProgramData\Microsoft\Windows\WER\Temp\WER.27210c58-2a8c-4661-ba79-4e48b0343aef.tmp.WERInternalMetadata.xml
\\?\C:\ProgramData\Microsoft\Windows\WER\Temp\WER.824429e3-4abb-4e4d-be86-d4f75c59dab5.tmp.csv
\\?\C:\ProgramData\Microsoft\Windows\WER\Temp\WER.ed5b8cd9-2f59-4dc7-a742-4085e199375e.tmp.txt
\\?\C:\ProgramData\Microsoft\Windows\WER\Temp\WER.d8718285-7d90-4477-8fca-716a35073d0b.tmp.xml

These files may be available here:
\\?\C:\ProgramData\Microsoft\Windows\WER\ReportArchive\AppCrash_iw4mp.dat_b8924a246563965f384d905f2a64e7af9177c_00000000_ef75aa99-6357-4cbc-a83f-a7a56f3bf867

Analysis symbol: 
Rechecking for solution: 0
Report Id: ef75aa99-6357-4cbc-a83f-a7a56f3bf867
Report Status: 268435456
Hashed bucket: 4021345a24609f3807508000f497413b
Cab Guid: 0"
Error,1/1/2023 3:38:51 PM,Application Error,1000,Application Crashing Events,"Faulting application name: iw4mp.dat, version: 0.0.0.0, time stamp: 0x4b68bba4
Faulting module name: KERNEL32.DLL, version: 6.2.22621.963, time stamp: 0xf5cd78ad
Exception code: 0xc0000005
Fault offset: 0x0001db1d
Faulting process id: 0x%9
Faulting application start time: 0x%10
Faulting application path: %11
Faulting module path: %12
Report Id: %13
Faulting package full name: %14
Faulting package-relative application ID: %15"
Information,1/1/2023 3:38:45 PM,Windows Error Reporting,1001,None,"Fault bucket 1679983402601103675, type 1
Event Name: APPCRASH
Response: Not available
Cab Id: 0

Problem signature:
P1: iw4mp.dat
P2: 0.0.0.0
P3: 4b68bba4
P4: KERNEL32.DLL
P5: 6.2.22621.963
P6: f5cd78ad
P7: c0000005
P8: 0001db1d
P9: 
P10: 

Attached files:
\\?\C:\ProgramData\Microsoft\Windows\WER\Temp\WER.f3793767-9d6e-4fda-99dc-f797737807de.tmp.WERInternalMetadata.xml
\\?\C:\ProgramData\Microsoft\Windows\WER\Temp\WER.4d493674-a10d-4592-981d-1cffca73072b.tmp.csv
\\?\C:\ProgramData\Microsoft\Windows\WER\Temp\WER.0fd736a5-d7bb-4d73-a11e-250d8d9a281f.tmp.txt
\\?\C:\ProgramData\Microsoft\Windows\WER\Temp\WER.96ceb933-d4cc-4150-ab1b-cbe180dab2eb.tmp.xml

These files may be available here:
\\?\C:\ProgramData\Microsoft\Windows\WER\ReportArchive\AppCrash_iw4mp.dat_b8924a246563965f384d905f2a64e7af9177c_00000000_6b9b01de-a3ed-4623-9129-5b10aa8eb6a3

Analysis symbol: 
Rechecking for solution: 0
Report Id: 6b9b01de-a3ed-4623-9129-5b10aa8eb6a3
Report Status: 268435456
Hashed bucket: 4021345a24609f3807508000f497413b
Cab Guid: 0"
Error,1/1/2023 3:38:43 PM,Application Error,1000,Application Crashing Events,"Faulting application name: iw4mp.dat, version: 0.0.0.0, time stamp: 0x4b68bba4
Faulting module name: KERNEL32.DLL, version: 6.2.22621.963, time stamp: 0xf5cd78ad
Exception code: 0xc0000005
Fault offset: 0x0001db1d
Faulting process id: 0x%9
Faulting application start time: 0x%10
Faulting application path: %11
Faulting module path: %12
Report Id: %13
Faulting package full name: %14
Faulting package-relative application ID: %15"
Information,1/1/2023 3:38:37 PM,Windows Error Reporting,1001,None,"Fault bucket 1679983402601103675, type 1
Event Name: APPCRASH
Response: Not available
Cab Id: 0

Problem signature:
P1: iw4mp.dat
P2: 0.0.0.0
P3: 4b68bba4
P4: KERNEL32.DLL
P5: 6.2.22621.963
P6: f5cd78ad
P7: c0000005
P8: 0001db1d
P9: 
P10: 

Attached files:
\\?\C:\ProgramData\Microsoft\Windows\WER\Temp\WER.ccc05ff8-b5f2-47e3-817f-d42178f4fce0.tmp.WERInternalMetadata.xml
\\?\C:\ProgramData\Microsoft\Windows\WER\Temp\WER.b4773693-1309-40e3-bfaf-3777282785e0.tmp.csv
\\?\C:\ProgramData\Microsoft\Windows\WER\Temp\WER.5edfed03-0632-4aaa-a197-affb1ef7dd64.tmp.txt
\\?\C:\ProgramData\Microsoft\Windows\WER\Temp\WER.fa17ab69-60eb-419f-81b6-0fce2593e26d.tmp.xml

These files may be available here:
\\?\C:\ProgramData\Microsoft\Windows\WER\ReportArchive\AppCrash_iw4mp.dat_b8924a246563965f384d905f2a64e7af9177c_00000000_ddfc3344-6c53-4114-a9fd-93850cab66bf

Analysis symbol: 
Rechecking for solution: 0
Report Id: ddfc3344-6c53-4114-a9fd-93850cab66bf
Report Status: 268435456
Hashed bucket: 4021345a24609f3807508000f497413b
Cab Guid: 0"
Error,1/1/2023 3:38:36 PM,Application Error,1000,Application Crashing Events,"Faulting application name: iw4mp.dat, version: 0.0.0.0, time stamp: 0x4b68bba4
Faulting module name: KERNEL32.DLL, version: 6.2.22621.963, time stamp: 0xf5cd78ad
Exception code: 0xc0000005
Fault offset: 0x0001db1d
Faulting process id: 0x%9
Faulting application start time: 0x%10
Faulting application path: %11
Faulting module path: %12
Report Id: %13
Faulting package full name: %14
Faulting package-relative application ID: %15"
Information,1/1/2023 3:38:19 PM,Windows Error Reporting,1001,None,"Fault bucket 1679983402601103675, type 1
Event Name: APPCRASH
Response: Not available
Cab Id: 0

Problem signature:
P1: iw4mp.dat
P2: 0.0.0.0
P3: 4b68bba4
P4: KERNEL32.DLL
P5: 6.2.22621.963
P6: f5cd78ad
P7: c0000005
P8: 0001db1d
P9: 
P10: 

Attached files:
\\?\C:\ProgramData\Microsoft\Windows\WER\Temp\WER.4414dc6e-045b-42ba-9be7-fb76654ce0e4.tmp.WERInternalMetadata.xml
\\?\C:\ProgramData\Microsoft\Windows\WER\Temp\WER.356e947a-9dbe-494a-9f52-9d498ffccba6.tmp.csv
\\?\C:\ProgramData\Microsoft\Windows\WER\Temp\WER.f4e729f8-a906-49ef-a2e5-e53a8ea59176.tmp.txt
\\?\C:\ProgramData\Microsoft\Windows\WER\Temp\WER.ef098f36-e355-4ecc-ae04-541648363910.tmp.xml

These files may be available here:
\\?\C:\ProgramData\Microsoft\Windows\WER\ReportArchive\AppCrash_iw4mp.dat_b8924a246563965f384d905f2a64e7af9177c_00000000_bbd3dfcb-1282-4db8-843b-9b963a715aa2

Analysis symbol: 
Rechecking for solution: 0
Report Id: bbd3dfcb-1282-4db8-843b-9b963a715aa2
Report Status: 268435456
Hashed bucket: 4021345a24609f3807508000f497413b
Cab Guid: 0"
Error,1/1/2023 3:38:17 PM,Application Error,1000,Application Crashing Events,"Faulting application name: iw4mp.dat, version: 0.0.0.0, time stamp: 0x4b68bba4
Faulting module name: KERNEL32.DLL, version: 6.2.22621.963, time stamp: 0xf5cd78ad
Exception code: 0xc0000005
Fault offset: 0x0001db1d
Faulting process id: 0x%9
Faulting application start time: 0x%10
Faulting application path: %11
Faulting module path: %12
Report Id: %13
Faulting package full name: %14
Faulting package-relative application ID: %15"
Information,1/1/2023 3:30:23 PM,Microsoft-Windows-Security-SPP,16384,None,Successfully scheduled Software Protection service for re-start at 2122-12-08T18:30:23Z. Reason: RulesEngine.
Information,1/1/2023 3:29:53 PM,Microsoft-Windows-Security-SPP,16394,None,Offline downlevel migration succeeded.
Information,1/1/2023 3:29:47 PM,Microsoft-Windows-Security-SPP,16384,None,Successfully scheduled Software Protection service for re-start at 2122-12-08T18:29:47Z. Reason: RulesEngine.
Information,1/1/2023 3:29:17 PM,Microsoft-Windows-Security-SPP,16394,None,Offline downlevel migration succeeded.
Information,1/1/2023 3:27:44 PM,Microsoft-Windows-Security-SPP,903,None,"The Software Protection service has stopped.
"
Information,1/1/2023 3:27:44 PM,Microsoft-Windows-Security-SPP,16384,None,Successfully scheduled Software Protection service for re-start at 2122-12-08T18:27:44Z. Reason: RulesEngine.
Information,1/1/2023 3:27:14 PM,Microsoft-Windows-Security-SPP,902,None,"The Software Protection service has started.
10.0.22621.963"
Information,1/1/2023 3:27:14 PM,Microsoft-Windows-Security-SPP,1003,None,"The Software Protection service has completed licensing status check.
Application Id=55c92734-d682-4d71-983e-d6ec3f16059f
Licensing Status=
1: 040fa323-92b1-4baf-97a2-5b67feaefddb, 1, 0 [(0 [0xC004F014, 0, 0], [(?)(?)(?)(?)(?)(?)(?)(?)])(1 )(2 )(3 )]
2: 0724cb7d-3437-4cb7-93cb-830375d0079d, 1, 0 [(0 [0xC004F014, 0, 0], [(?)(?)(?)(?)(?)(?)(?)(?)])(1 )(2 )(3 )]
3: 0ad2ac98-7bb9-4201-8d92-312299201369, 1, 0 [(0 [0xC004F014, 0, 0], [(?)(?)(?)(?)(?)(?)(?)(?)])(1 )(2 )(3 )]
4: 1a9a717a-cf13-4ba5-83c3-0fe25fa868d5, 1, 0 [(0 [0xC004F014, 0, 0], [(?)(?)(?)(?)(?)(?)(?)(?)])(1 )(2 )(3 )]
5: 221a02da-e2a1-4b75-864c-0a4410a33fdf, 1, 0 [(0 [0xC004F014, 0, 0], [(?)(?)(?)(?)(?)(?)(?)(?)])(1 )(2 )(3 )]
6: 291ece0e-9c38-40ca-a9e1-32cc7ec19507, 1, 0 [(0 [0xC004F014, 0, 0], [(?)(?)(?)(?)(?)(?)(?)(?)])(1 )(2 )(3 )]
7: 2936d1d2-913a-4542-b54e-ce5a602a2a38, 1, 0 [(0 [0xC004F014, 0, 0], [(?)(?)(?)(?)(?)(?)(?)(?)])(1 )(2 )(3 )]
8: 2c293c26-a45a-4a2a-a350-c69a67097529, 1, 0 [(0 [0xC004F014, 0, 0], [(?)(?)(?)(?)(?)(?)(?)(?)])(1 )(2 )(3 )]
9: 2de67392-b7a7-462a-b1ca-108dd189f588, 1, 0 [(0 [0xC004F014, 0, 0], [(?)(?)(?)(?)(?)(?)(?)(?)])(1 )(2 )(3 )]
10: 2ffd8952-423e-4903-b993-72a1aa44cf82, 1, 0 [(0 [0xC004F014, 0, 0], [(?)(?)(?)(?)(?)(?)(?)(?)])(1 )(2 )(3 )]
11: 30a42c86-b7a0-4a34-8c90-ff177cb2acb7, 1, 0 [(0 [0xC004F014, 0, 0], [(?)(?)(?)(?)(?)(?)(?)(?)])(1 )(2 )(3 )]
12: 345a5db0-d94f-4e3b-a0c0-7c42f7bc3ebf, 1, 0 [(0 [0xC004F014, 0, 0], [(?)(?)(?)(?)(?)(?)(?)(?)])(1 )(2 )(3 )]
13: 3502365a-f88a-4ba4-822a-5769d3073b65, 1, 0 [(0 [0xC004F014, 0, 0], [(?)(?)(?)(?)(?)(?)(?)(?)])(1 )(2 )(3 )]
14: 377333b1-8b5d-48d6-9679-1225c872d37c, 1, 0 [(0 [0xC004F014, 0, 0], [(?)(?)(?)(?)(?)(?)(?)(?)])(1 )(2 )(3 )]
15: 3df374ef-d444-4494-a5a1-4b0d9fd0e203, 1, 0 [(0 [0xC004F014, 0, 0], [(?)(?)(?)(?)(?)(?)(?)(?)])(1 )(2 )(3 )]
16: 3f1afc82-f8ac-4f6c-8005-1d233e606eee, 1, 0 [(0 [0xC004F014, 0, 0], [(?)(?)(?)(?)(?)(?)(?)(?)])(1 )(2 )(3 )]
17: 49cd895b-53b2-4dc4-a5f7-b18aa019ad37, 1, 0 [(0 [0xC004F014, 0, 0], [(?)(?)(?)(?)(?)(?)(?)(?)])(1 )(2 )(3 )]
18: 4de7cb65-cdf1-4de9-8ae8-e3cce27b9f2c, 1, 0 [(0 [0xC004F014, 0, 0], [(?)(?)(?)(?)(?)(?)(?)(?)])(1 )(2 )(3 )]
19: 4f3da0d2-271d-4508-ae81-626b60809a38, 1, 0 [(0 [0xC004F014, 0, 0], [(?)(?)(?)(?)(?)(?)(?)(?)])(1 )(2 )(3 )]
20: 5d78c4e9-aeb3-4b40-8ac2-6a6005e0ad6d, 1, 0 [(0 [0xC004F014, 0, 0], [(?)(?)(?)(?)(?)(?)(?)(?)])(1 )(2 )(3 )]
21: 60b3ec1b-9545-4921-821f-311b129dd6f6, 1, 0 [(0 [0xC004F014, 0, 0], [(?)(?)(?)(?)(?)(?)(?)(?)])(1 )(2 )(3 )]
22: 613d217f-7f13-4268-9907-1662339531cd, 1, 0 [(0 [0xC004F014, 0, 0], [(?)(?)(?)(?)(?)(?)(?)(?)])(1 )(2 )(3 )]
23: 62f0c100-9c53-4e02-b886-a3528ddfe7f6, 1, 0 [(0 [0xC004F014, 0, 0], [(?)(?)(?)(?)(?)(?)(?)(?)])(1 )(2 )(3 )]
24: 6365275e-368d-46ca-a0ef-fc0404119333, 1, 0 [(0 [0xC004F014, 0, 0], [(?)(?)(?)(?)(?)(?)(?)(?)])(1 )(2 )(3 )]
25: 721f9237-9341-4453-a661-09e8baa6cca5, 1, 0 [(0 [0xC004F014, 0, 0], [(?)(?)(?)(?)(?)(?)(?)(?)])(1 )(2 )(3 )]
26: 73111121-5638-40f6-bc11-f1d7b0d64300, 1, 0 [(0 [0xC004F014, 0, 0], [(?)(?)(?)(?)(?)(?)(?)(?)])(1 )(2 )(3 )]
27: 7a802526-4c94-4bd1-ba14-835a1aca2120, 1, 0 [(0 [0xC004F014, 0, 0], [(?)(?)(?)(?)(?)(?)(?)(?)])(1 )(2 )(3 )]
28: 7cb546c0-c7d5-44d8-9a5c-69ecdd782b69, 1, 0 [(0 [0xC004F014, 0, 0], [(?)(?)(?)(?)(?)(?)(?)(?)])(1 )(2 )(3 )]
29: 82bbc092-bc50-4e16-8e18-b74fc486aec3, 1, 0 [(0 [0xC004F014, 0, 0], [(?)(?)(?)(?)(?)(?)(?)(?)])(1 )(2 )(3 )]
30: 8ab9bdd1-1f67-4997-82d9-8878520837d9, 1, 0 [(0 [0xC004F014, 0, 0], [(?)(?)(?)(?)(?)(?)(?)(?)])(1 )(2 )(3 )]
31: 8b351c9c-f398-4515-9900-09df49427262, 1, 0 [(0 [0xC004F014, 0, 0], [(?)(?)(?)(?)(?)(?)(?)(?)])(1 )(2 )(3 )]
32: 90da7373-1c51-430b-bf26-c97e9c5cdc31, 1, 0 [(0 [0xC004F014, 0, 0], [(?)(?)(?)(?)(?)(?)(?)(?)])(1 )(2 )(3 )]
33: 92fb8726-92a8-4ffc-94ce-f82e07444653, 1, 0 [(0 [0xC004F014, 0, 0], [(?)(?)(?)(?)(?)(?)(?)(?)])(1 )(2 )(3 )]
34: 95dca82f-385d-4d39-b85b-5c73fa285d6f, 1, 0 [(0 [0xC004F014, 0, 0], [(?)(?)(?)(?)(?)(?)(?)(?)])(1 )(2 )(3 )]
35: a48938aa-62fa-4966-9d44-9f04da3f72f2, 1, 0 [(0 [0xC004F014, 0, 0], [(?)(?)(?)(?)(?)(?)(?)(?)])(1 )(2 )(3 )]
36: b0773a15-df3a-4312-9ad2-83d69648e356, 1, 0 [(0 [0xC004F014, 0, 0], [(?)(?)(?)(?)(?)(?)(?)(?)])(1 )(2 )(3 )]
37: b4bfe195-541e-4e64-ad23-6177f19e395e, 1, 0 [(0 [0xC004F014, 0, 0], [(?)(?)(?)(?)(?)(?)(?)(?)])(1 )(2 )(3 )]
38: b68e61d2-68ca-4757-be45-0cc2f3e68eee, 1, 0 [(0 [0xC004F014, 0, 0], [(?)(?)(?)(?)(?)(?)(?)(?)])(1 )(2 )(3 )]
39: bd3762d7-270d-4760-8fb3-d829ca45278a, 1, 0 [(0 )(1 )(2 [0x00000000, 1, 0], [(?)( 1 0x00000000)(?)(?)(?)(?)( 10 0x00000000 msft:rm/algorithm/flags/1.0)(?)])(3 )]
40: c86d5194-4840-4dae-9c1c-0301003a5ab0, 1, 0 [(0 [0xC004F014, 0, 0], [(?)(?)(?)(?)(?)(?)(?)(?)])(1 )(2 )(3 )]
41: ca7df2e3-5ea0-47b8-9ac1-b1be4d8edd69, 1, 0 [(0 [0xC004F014, 0, 0], [(?)(?)(?)(?)(?)(?)(?)(?)])(1 )(2 )(3 )]
42: d552befb-48cc-4327-8f39-47d2d94f987c, 1, 0 [(0 [0xC004F014, 0, 0], [(?)(?)(?)(?)(?)(?)(?)(?)])(1 )(2 )(3 )]
43: d6eadb3b-5ca8-4a6b-986e-35b550756111, 1, 0 [(0 [0xC004F014, 0, 0], [(?)(?)(?)(?)(?)(?)(?)(?)])(1 )(2 )(3 )]
44: df96023b-dcd9-4be2-afa0-c6c871159ebe, 1, 0 [(0 [0xC004F014, 0, 0], [(?)(?)(?)(?)(?)(?)(?)(?)])(1 )(2 )(3 )]
45: e0c42288-980c-4788-a014-c080d2e1926e, 1, 0 [(0 [0xC004F014, 0, 0], [(?)(?)(?)(?)(?)(?)(?)(?)])(1 )(2 )(3 )]
46: e4db50ea-bda1-4566-b047-0ca50abc6f07, 1, 0 [(0 [0xC004F014, 0, 0], [(?)(?)(?)(?)(?)(?)(?)(?)])(1 )(2 )(3 )]
47: e558417a-5123-4f6f-91e7-385c1c7ca9d4, 1, 0 [(0 [0xC004F014, 0, 0], [(?)(?)(?)(?)(?)(?)(?)(?)])(1 )(2 )(3 )]
48: e7a950a2-e548-4f10-bf16-02ec848e0643, 1, 0 [(0 [0xC004F014, 0, 0], [(?)(?)(?)(?)(?)(?)(?)(?)])(1 )(2 )(3 )]
49: eb6d346f-1c60-4643-b960-40ec31596c45, 1, 0 [(0 [0xC004F014, 0, 0], [(?)(?)(?)(?)(?)(?)(?)(?)])(1 )(2 )(3 )]
50: ec868e65-fadf-4759-b23e-93fe37f2cc29, 1, 0 [(0 [0xC004F014, 0, 0], [(?)(?)(?)(?)(?)(?)(?)(?)])(1 )(2 )(3 )]
51: ef51e000-2659-4f25-8345-3de70a9cf4c4, 1, 0 [(0 [0xC004F014, 0, 0], [(?)(?)(?)(?)(?)(?)(?)(?)])(1 )(2 )(3 )]
52: f7af7d09-40e4-419c-a49b-eae366689ebd, 1, 0 [(0 [0xC004F014, 0, 0], [(?)(?)(?)(?)(?)(?)(?)(?)])(1 )(2 )(3 )]
53: fa755fe6-6739-40b9-8d84-6d0ea3b6d1ab, 1, 0 [(0 [0xC004F014, 0, 0], [(?)(?)(?)(?)(?)(?)(?)(?)])(1 )(2 )(3 )]
54: fe74f55b-0338-41d6-b267-4a201abe7285, 1, 0 [(0 [0xC004F014, 0, 0], [(?)(?)(?)(?)(?)(?)(?)(?)])(1 )(2 )(3 )]

"
Information,1/1/2023 3:27:13 PM,Microsoft-Windows-Security-SPP,1033,None,"These policies are being excluded since they are only defined with override-only attribute.
Policy Names=(Security-SPP-Reserved-EnableNotificationMode) 
App Id=55c92734-d682-4d71-983e-d6ec3f16059f
Sku Id=bd3762d7-270d-4760-8fb3-d829ca45278a"
Information,1/1/2023 3:27:13 PM,Microsoft-Windows-Security-SPP,1034,None,Duplicate definition of policy found. Policy name=Security-SPP-WriteWauMarker  Priority=500
Information,1/1/2023 3:27:13 PM,Microsoft-Windows-Security-SPP,1034,None,Duplicate definition of policy found. Policy name=AAD-BlockAADWorkplaceJoin-Default  Priority=100
Information,1/1/2023 3:27:13 PM,Microsoft-Windows-Security-SPP,1034,None,Duplicate definition of policy found. Policy name=AAD-BlockAADWorkplaceJoin-Default  Priority=100
Information,1/1/2023 3:27:13 PM,Microsoft-Windows-Security-SPP,1034,None,Duplicate definition of policy found. Policy name=AAD-BlockAADWorkplaceJoin-Default  Priority=100
Information,1/1/2023 3:27:13 PM,Microsoft-Windows-Security-SPP,1034,None,Duplicate definition of policy found. Policy name=AAD-BlockAADWorkplaceJoin-Default  Priority=100
Information,1/1/2023 3:27:13 PM,Microsoft-Windows-Security-SPP,1034,None,Duplicate definition of policy found. Policy name=AAD-BlockAADWorkplaceJoin-Default  Priority=100
Information,1/1/2023 3:27:13 PM,Microsoft-Windows-Security-SPP,1034,None,Duplicate definition of policy found. Policy name=AAD-BlockAADWorkplaceJoin-Default  Priority=100
Information,1/1/2023 3:27:13 PM,Microsoft-Windows-Security-SPP,1034,None,Duplicate definition of policy found. Policy name=AAD-BlockAADWorkplaceJoin-Default  Priority=100
Information,1/1/2023 3:27:13 PM,Microsoft-Windows-Security-SPP,1034,None,Duplicate definition of policy found. Policy name=AAD-BlockAADWorkplaceJoin-Default  Priority=100
Information,1/1/2023 3:27:13 PM,Microsoft-Windows-Security-SPP,1034,None,Duplicate definition of policy found. Policy name=AAD-BlockAADWorkplaceJoin-Default  Priority=100
Information,1/1/2023 3:27:13 PM,Microsoft-Windows-Security-SPP,1034,None,Duplicate definition of policy found. Policy name=AAD-BlockAADWorkplaceJoin-Default  Priority=100
Information,1/1/2023 3:26:44 PM,DDVCollectorSvcApi,0,None,The operation completed successfully. 
Information,1/1/2023 3:26:42 PM,SecurityCenter,15,None,Updated Kaspersky Internet Security status successfully to SECURITY_PRODUCT_STATE_ON.
Information,1/1/2023 3:26:42 PM,SecurityCenter,15,None,Updated Kaspersky Internet Security status successfully to SECURITY_PRODUCT_STATE_ON.
Information,1/1/2023 3:26:41 PM,SecurityCenter,1,None,The Windows Security Center Service has started.
Information,1/1/2023 3:26:19 PM,Microsoft-Windows-Security-SPP,1066,None,"Initialization status for service objects.
C:\WINDOWS\system32\sppwinob.dll, msft:spp/windowsfunctionality/agent/7.0, 0x00000000, 0x00000000
C:\WINDOWS\system32\sppobjs.dll, msft:rm/algorithm/inherited/1.0, 0x00000000, 0x00000000
C:\WINDOWS\system32\sppobjs.dll, msft:rm/algorithm/phone/1.0, 0x00000000, 0x00000000
C:\WINDOWS\system32\sppobjs.dll, msft:rm/algorithm/pkey/detect, 0x00000000, 0x00000000
C:\WINDOWS\system32\sppobjs.dll, msft:spp/ActionScheduler/1.0, 0x00000000, 0x00000000
C:\WINDOWS\system32\sppobjs.dll, msft:spp/TaskScheduler/1.0, 0x00000000, 0x00000000
C:\WINDOWS\system32\sppobjs.dll, msft:spp/statecollector/pkey, 0x00000000, 0x00000000
C:\WINDOWS\system32\sppobjs.dll, msft:spp/volume/services/kms/1.0, 0x00000000, 0x00000000
C:\WINDOWS\system32\sppobjs.dll, msft:spp/volume/services/kms/activationinfo/1.0, 0x00000000, 0x00000000
"
Information,1/1/2023 3:26:18 PM,Microsoft-Windows-Security-SPP,16394,None,Offline downlevel migration succeeded.
Information,1/1/2023 3:26:18 PM,Microsoft-Windows-Security-SPP,900,None,"The Software Protection service is starting.
Parameters:<explicit>"
Information,1/1/2023 3:26:15 PM,edgeupdate,0,None,Service stopped.
Information,1/1/2023 3:26:14 PM,DellTechHub,0,None,Service started successfully.
Information,1/1/2023 3:26:13 PM,DellClientManagementService,0,None,Service started successfully.
Information,1/1/2023 3:26:01 PM,Dell SupportAssist Remediation,0,None,Service started successfully.
Information,1/1/2023 3:25:31 PM,Microsoft-Windows-RestartManager,10001,None,Ending session 1 started ‎2023‎-‎01‎-‎01T18:25:31.744850300Z.
Information,1/1/2023 3:25:31 PM,Microsoft-Windows-RestartManager,10000,None,Starting session 1 - ‎2023‎-‎01‎-‎01T18:25:31.744850300Z.
Information,1/1/2023 3:25:04 PM,Windows Error Reporting,1001,None,"Fault bucket 1679983402601103675, type 1
Event Name: APPCRASH
Response: Not available
Cab Id: 0

Problem signature:
P1: iw4mp.dat
P2: 0.0.0.0
P3: 4b68bba4
P4: KERNEL32.DLL
P5: 6.2.22621.963
P6: f5cd78ad
P7: c0000005
P8: 0001db1d
P9: 
P10: 

Attached files:
\\?\C:\ProgramData\Microsoft\Windows\WER\Temp\WER.b9f753d0-4413-43c8-8942-1045a935c46c.tmp.WERInternalMetadata.xml
\\?\C:\ProgramData\Microsoft\Windows\WER\Temp\WER.64f74368-30c2-4dfc-bdb6-497898a8d66e.tmp.csv
\\?\C:\ProgramData\Microsoft\Windows\WER\Temp\WER.b20d844f-791a-47d5-af24-657be57bfb26.tmp.txt
\\?\C:\ProgramData\Microsoft\Windows\WER\Temp\WER.8363f0c2-af4f-485e-a0e2-8321f56dc26a.tmp.xml

These files may be available here:
\\?\C:\ProgramData\Microsoft\Windows\WER\ReportArchive\AppCrash_iw4mp.dat_b8924a246563965f384d905f2a64e7af9177c_00000000_88c50ccd-5049-4efe-8a4d-6dfed02c897a

Analysis symbol: 
Rechecking for solution: 0
Report Id: 88c50ccd-5049-4efe-8a4d-6dfed02c897a
Report Status: 268435456
Hashed bucket: 4021345a24609f3807508000f497413b
Cab Guid: 0"
Error,1/1/2023 3:25:02 PM,Application Error,1000,Application Crashing Events,"Faulting application name: iw4mp.dat, version: 0.0.0.0, time stamp: 0x4b68bba4
Faulting module name: KERNEL32.DLL, version: 6.2.22621.963, time stamp: 0xf5cd78ad
Exception code: 0xc0000005
Fault offset: 0x0001db1d
Faulting process id: 0x%9
Faulting application start time: 0x%10
Faulting application path: %11
Faulting module path: %12
Report Id: %13
Faulting package full name: %14
Faulting package-relative application ID: %15"
Information,1/1/2023 3:24:48 PM,Windows Error Reporting,1001,None,"Fault bucket 1679983402601103675, type 1
Event Name: APPCRASH
Response: Not available
Cab Id: 0

Problem signature:
P1: iw4mp.dat
P2: 0.0.0.0
P3: 4b68bba4
P4: KERNEL32.DLL
P5: 6.2.22621.963
P6: f5cd78ad
P7: c0000005
P8: 0001db1d
P9: 
P10: 

Attached files:
\\?\C:\ProgramData\Microsoft\Windows\WER\Temp\WER.03a8d9fa-b1d0-4e51-8a0b-ba3b9576cec5.tmp.WERInternalMetadata.xml
\\?\C:\ProgramData\Microsoft\Windows\WER\Temp\WER.31d21468-0ea4-43b4-ac8f-f1e085ee35b2.tmp.csv
\\?\C:\ProgramData\Microsoft\Windows\WER\Temp\WER.a3400fb2-33f1-41a4-82d1-962a17572b3e.tmp.txt
\\?\C:\ProgramData\Microsoft\Windows\WER\Temp\WER.88c709f1-c254-4c6d-bdb8-f76517557039.tmp.xml

These files may be available here:
\\?\C:\ProgramData\Microsoft\Windows\WER\ReportArchive\AppCrash_iw4mp.dat_b8924a246563965f384d905f2a64e7af9177c_00000000_d26ce582-c5f8-4405-8f3e-96448b3c34d3

Analysis symbol: 
Rechecking for solution: 0
Report Id: d26ce582-c5f8-4405-8f3e-96448b3c34d3
Report Status: 268435456
Hashed bucket: 4021345a24609f3807508000f497413b
Cab Guid: 0"
Error,1/1/2023 3:24:46 PM,Application Error,1000,Application Crashing Events,"Faulting application name: iw4mp.dat, version: 0.0.0.0, time stamp: 0x4b68bba4
Faulting module name: KERNEL32.DLL, version: 6.2.22621.963, time stamp: 0xf5cd78ad
Exception code: 0xc0000005
Fault offset: 0x0001db1d
Faulting process id: 0x%9
Faulting application start time: 0x%10
Faulting application path: %11
Faulting module path: %12
Report Id: %13
Faulting package full name: %14
Faulting package-relative application ID: %15"
Information,1/1/2023 3:24:06 PM,Microsoft-Windows-Search,1003,Search service,The Windows Search Service started.

Warning,1/1/2023 3:23:58 PM,Microsoft-Windows-WMI,63,None,"A provider, IntelMEProv, has been registered in the Windows Management Instrumentation namespace root\Intel_ME to use the LocalSystem account. This account is privileged and the provider may cause a security violation if it does not correctly impersonate user requests."
Warning,1/1/2023 3:23:58 PM,Microsoft-Windows-WMI,63,None,"A provider, IntelMEProv, has been registered in the Windows Management Instrumentation namespace root\Intel_ME to use the LocalSystem account. This account is privileged and the provider may cause a security violation if it does not correctly impersonate user requests."
Warning,1/1/2023 3:23:58 PM,Microsoft-Windows-WMI,63,None,"A provider, IntelMEProv, has been registered in the Windows Management Instrumentation namespace root\Intel_ME to use the LocalSystem account. This account is privileged and the provider may cause a security violation if it does not correctly impersonate user requests."
Information,1/1/2023 3:23:58 PM,WMIRegistrationService,2,None,Intel(R) WMI Registration Service has successfully finished WMI Registration.
Information,1/1/2023 3:23:56 PM,igccservice,0,None,Service started successfully.
Information,1/1/2023 3:23:55 PM,Microsoft-Windows-WMI,5617,None,Windows Management Instrumentation Service subsystems initialized successfully
Information,1/1/2023 3:23:55 PM,igfxCUIService2.0.0.0,0,None,The operation completed successfully. 
Information,1/1/2023 3:23:55 PM,igfxCUIService2.0.0.0,0,None,The operation completed successfully. 
Information,1/1/2023 3:23:55 PM,igfxCUIService2.0.0.0,0,None,The operation completed successfully. 
Information,1/1/2023 3:23:55 PM,Microsoft-Windows-Winlogon,6000,None,The winlogon notification subscriber <SessionEnv> was unavailable to handle a notification event.
Information,1/1/2023 3:23:55 PM,Microsoft-Windows-Winlogon,6003,None,The winlogon notification subscriber <SessionEnv> was unavailable to handle a critical notification event.
Information,1/1/2023 3:23:54 PM,Microsoft-Windows-WMI,5615,None,Windows Management Instrumentation Service started sucessfully
Information,1/1/2023 3:23:54 PM,LogMeIn Guardian,106,(1),"The description for Event ID 106 from source LogMeIn Guardian cannot be found. Either the component that raises this event is not installed on your local computer or the installation is corrupted. You can install or repair the component on the local computer.

If the event originated on another computer, the display information had to be saved with the event.

The following information was included with the event: 

Service started

The message resource is present but the message was not found in the message table
"
Information,1/1/2023 3:23:54 PM,WMIRegistrationService,0,None,Intel(R) WMI Registration Service started.
Information,1/1/2023 3:23:54 PM,LMIGuardianSvc,0,None,The operation completed successfully. 
Information,1/1/2023 3:23:54 PM,IntelDalJhi,0,None,Intel(R) Dynamic Application Loader Host Interface Service started.
Information,1/1/2023 3:23:54 PM,RtkAudioUniversalService,0,None,The operation completed successfully. 
Information,1/1/2023 3:23:53 PM,Microsoft-Windows-User Profiles Service,1531,None,"The User Profile Service has started successfully.  

"
Information,1/1/2023 3:23:33 PM,Microsoft-Windows-User Profiles Service,1532,None,"The User Profile Service has stopped.  

"
Error,1/1/2023 3:23:33 PM,VSS,8193,None,"Volume Shadow Copy Service error: Unexpected error calling routine CoCreateInstance.  hr = 0x8007045b, A system shutdown is in progress.
. "
Information,1/1/2023 3:23:33 PM,SecurityCenter,2,None,The Windows Security Center Service has stopped.
Error,1/1/2023 3:23:33 PM,VSS,13,None,"Volume Shadow Copy Service information: The COM Server with CLSID {4e14fba2-2e22-11d1-9964-00c04fbbb345} and name CEventSystem cannot be started. [0x8007045b, A system shutdown is in progress.
] "
Information,1/1/2023 3:23:33 PM,igccservice,0,None,Service has been successfully shut down.
Information,1/1/2023 3:23:33 PM,RtkAudioUniversalService,0,None,The operation completed successfully. 
Information,1/1/2023 3:23:26 PM,Microsoft-Windows-Winlogon,6000,None,The winlogon notification subscriber <SessionEnv> was unavailable to handle a notification event.
Information,1/1/2023 3:23:26 PM,Microsoft-Windows-Winlogon,6000,None,The winlogon notification subscriber <WSearch> was unavailable to handle a notification event.
Information,1/1/2023 3:23:26 PM,igfxCUIService2.0.0.0,0,None,The operation completed successfully. 
Information,1/1/2023 3:23:26 PM,igfxCUIService2.0.0.0,0,None,The operation completed successfully. 
Information,1/1/2023 3:23:18 PM,Windows Error Reporting,1001,None,"Fault bucket 1985282346800341303, type 1
Event Name: APPCRASH
Response: Not available
Cab Id: 0

Problem signature:
P1: iw4mp.dat
P2: 0.0.0.0
P3: 4b68bba4
P4: KERNEL32.DLL
P5: 6.2.22621.963
P6: f5cd78ad
P7: 80000003
P8: 0001db37
P9: 
P10: 

Attached files:
\\?\C:\ProgramData\Microsoft\Windows\WER\Temp\WER.686a05f2-3137-4fde-8434-3dd50bf90b31.tmp.WERInternalMetadata.xml
\\?\C:\ProgramData\Microsoft\Windows\WER\Temp\WER.3125823d-7159-4c1b-be9d-66df120a1693.tmp.csv
\\?\C:\ProgramData\Microsoft\Windows\WER\Temp\WER.b20fe9a4-45e7-4e99-a8b2-b6989f1e6638.tmp.txt
\\?\C:\ProgramData\Microsoft\Windows\WER\Temp\WER.ede41a9a-3dab-4bf7-a88e-a94b31805c34.tmp.xml

These files may be available here:
\\?\C:\ProgramData\Microsoft\Windows\WER\ReportArchive\AppCrash_iw4mp.dat_10c219abe47e7c0244fb89f314a3435851d15_00000000_80fcfeae-6164-456d-a8fd-84a2ddbd77d6

Analysis symbol: 
Rechecking for solution: 0
Report Id: 80fcfeae-6164-456d-a8fd-84a2ddbd77d6
Report Status: 268435456
Hashed bucket: 5abce752ee2c9c425b8d23c6a3e36137
Cab Guid: 0"
Error,1/1/2023 3:23:17 PM,Application Error,1000,Application Crashing Events,"Faulting application name: iw4mp.dat, version: 0.0.0.0, time stamp: 0x4b68bba4
Faulting module name: KERNEL32.DLL, version: 6.2.22621.963, time stamp: 0xf5cd78ad
Exception code: 0x80000003
Fault offset: 0x0001db37
Faulting process id: 0x%9
Faulting application start time: 0x%10
Faulting application path: %11
Faulting module path: %12
Report Id: %13
Faulting package full name: %14
Faulting package-relative application ID: %15"
Information,1/1/2023 3:23:14 PM,Windows Error Reporting,1001,None,"Fault bucket 1985282346800341303, type 1
Event Name: APPCRASH
Response: Not available
Cab Id: 0

Problem signature:
P1: iw4mp.dat
P2: 0.0.0.0
P3: 4b68bba4
P4: KERNEL32.DLL
P5: 6.2.22621.963
P6: f5cd78ad
P7: 80000003
P8: 0001db37
P9: 
P10: 

Attached files:
\\?\C:\ProgramData\Microsoft\Windows\WER\Temp\WER.9724d59f-db59-47c4-a509-a503b001d8ae.tmp.WERInternalMetadata.xml
\\?\C:\ProgramData\Microsoft\Windows\WER\Temp\WER.b621248d-c806-4324-84ad-c66050f19b8f.tmp.csv
\\?\C:\ProgramData\Microsoft\Windows\WER\Temp\WER.12aa9a36-a39f-435f-b565-402bd9bcc714.tmp.txt
\\?\C:\ProgramData\Microsoft\Windows\WER\Temp\WER.94fae20d-b152-4196-97b6-cade98a52172.tmp.xml

These files may be available here:
\\?\C:\ProgramData\Microsoft\Windows\WER\ReportArchive\AppCrash_iw4mp.dat_10c219abe47e7c0244fb89f314a3435851d15_00000000_6a9fcf20-dbd7-4b00-b3ad-93830c69bbed

Analysis symbol: 
Rechecking for solution: 0
Report Id: 6a9fcf20-dbd7-4b00-b3ad-93830c69bbed
Report Status: 268435456
Hashed bucket: 5abce752ee2c9c425b8d23c6a3e36137
Cab Guid: 0"
Error,1/1/2023 3:23:12 PM,Application Error,1000,Application Crashing Events,"Faulting application name: iw4mp.dat, version: 0.0.0.0, time stamp: 0x4b68bba4
Faulting module name: KERNEL32.DLL, version: 6.2.22621.963, time stamp: 0xf5cd78ad
Exception code: 0x80000003
Fault offset: 0x0001db37
Faulting process id: 0x%9
Faulting application start time: 0x%10
Faulting application path: %11
Faulting module path: %12
Report Id: %13
Faulting package full name: %14
Faulting package-relative application ID: %15"
Information,1/1/2023 3:22:28 PM,Windows Error Reporting,1001,None,"Fault bucket 1985282346800341303, type 1
Event Name: APPCRASH
Response: Not available
Cab Id: 0

Problem signature:
P1: iw4mp.dat
P2: 0.0.0.0
P3: 4b68bba4
P4: KERNEL32.DLL
P5: 6.2.22621.963
P6: f5cd78ad
P7: 80000003
P8: 0001db37
P9: 
P10: 

Attached files:
\\?\C:\ProgramData\Microsoft\Windows\WER\Temp\WER.4c6f20b2-7ea5-46d8-96eb-6627c0f92f70.tmp.WERInternalMetadata.xml
\\?\C:\ProgramData\Microsoft\Windows\WER\Temp\WER.88c50a70-2399-451c-be7b-e31d0ead89d8.tmp.csv
\\?\C:\ProgramData\Microsoft\Windows\WER\Temp\WER.94ccba60-b4d4-4204-8ce5-7e9b21c6dc6c.tmp.txt
\\?\C:\ProgramData\Microsoft\Windows\WER\Temp\WER.cd3fbe44-19d1-40f4-9912-686c4ac24d61.tmp.xml

These files may be available here:
\\?\C:\ProgramData\Microsoft\Windows\WER\ReportArchive\AppCrash_iw4mp.dat_10c219abe47e7c0244fb89f314a3435851d15_00000000_37feed1e-da1e-4b09-8f02-698569d84ca6

Analysis symbol: 
Rechecking for solution: 0
Report Id: 37feed1e-da1e-4b09-8f02-698569d84ca6
Report Status: 268435456
Hashed bucket: 5abce752ee2c9c425b8d23c6a3e36137
Cab Guid: 0"
Error,1/1/2023 3:22:26 PM,Application Error,1000,Application Crashing Events,"Faulting application name: iw4mp.dat, version: 0.0.0.0, time stamp: 0x4b68bba4
Faulting module name: KERNEL32.DLL, version: 6.2.22621.963, time stamp: 0xf5cd78ad
Exception code: 0x80000003
Fault offset: 0x0001db37
Faulting process id: 0x%9
Faulting application start time: 0x%10
Faulting application path: %11
Faulting module path: %12
Report Id: %13
Faulting package full name: %14
Faulting package-relative application ID: %15"
Information,1/1/2023 3:22:20 PM,Windows Error Reporting,1001,None,"Fault bucket 1985282346800341303, type 1
Event Name: APPCRASH
Response: Not available
Cab Id: 0

Problem signature:
P1: iw4mp.dat
P2: 0.0.0.0
P3: 4b68bba4
P4: KERNEL32.DLL
P5: 6.2.22621.963
P6: f5cd78ad
P7: 80000003
P8: 0001db37
P9: 
P10: 

Attached files:
\\?\C:\ProgramData\Microsoft\Windows\WER\Temp\WER.f24c8811-e624-4622-931e-0c477acf4cd0.tmp.WERInternalMetadata.xml
\\?\C:\ProgramData\Microsoft\Windows\WER\Temp\WER.08a98bd0-51d9-412e-9416-b40ebe11a817.tmp.csv
\\?\C:\ProgramData\Microsoft\Windows\WER\Temp\WER.71e1c0ac-954f-4490-865b-39a17b7fae05.tmp.txt
\\?\C:\ProgramData\Microsoft\Windows\WER\Temp\WER.402858ba-cde6-4891-aa4b-b6fcc544c01c.tmp.xml

These files may be available here:
\\?\C:\ProgramData\Microsoft\Windows\WER\ReportArchive\AppCrash_iw4mp.dat_10c219abe47e7c0244fb89f314a3435851d15_00000000_d31a9f25-210f-448d-a499-5d99e37465fc

Analysis symbol: 
Rechecking for solution: 0
Report Id: d31a9f25-210f-448d-a499-5d99e37465fc
Report Status: 268435456
Hashed bucket: 5abce752ee2c9c425b8d23c6a3e36137
Cab Guid: 0"
Error,1/1/2023 3:22:18 PM,Application Error,1000,Application Crashing Events,"Faulting application name: iw4mp.dat, version: 0.0.0.0, time stamp: 0x4b68bba4
Faulting module name: KERNEL32.DLL, version: 6.2.22621.963, time stamp: 0xf5cd78ad
Exception code: 0x80000003
Fault offset: 0x0001db37
Faulting process id: 0x%9
Faulting application start time: 0x%10
Faulting application path: %11
Faulting module path: %12
Report Id: %13
Faulting package full name: %14
Faulting package-relative application ID: %15"
Information,1/1/2023 3:21:05 PM,Windows Error Reporting,1001,None,"Fault bucket 1985282346800341303, type 1
Event Name: APPCRASH
Response: Not available
Cab Id: 0

Problem signature:
P1: iw4mp.dat
P2: 0.0.0.0
P3: 4b68bba4
P4: KERNEL32.DLL
P5: 6.2.22621.963
P6: f5cd78ad
P7: 80000003
P8: 0001db37
P9: 
P10: 

Attached files:
\\?\C:\ProgramData\Microsoft\Windows\WER\Temp\WER.0ace51c6-dd22-45d8-8149-ba0a4f8bb1c1.tmp.WERInternalMetadata.xml

These files may be available here:
\\?\C:\ProgramData\Microsoft\Windows\WER\ReportArchive\AppCrash_iw4mp.dat_10c219abe47e7c0244fb89f314a3435851d15_00000000_3e0a519e-c594-4025-b892-395c2d321988

Analysis symbol: 
Rechecking for solution: 0
Report Id: 3e0a519e-c594-4025-b892-395c2d321988
Report Status: 268435556
Hashed bucket: 5abce752ee2c9c425b8d23c6a3e36137
Cab Guid: 0"
Information,1/1/2023 3:21:04 PM,Windows Error Reporting,1001,None,"Fault bucket 1985282346800341303, type 1
Event Name: APPCRASH
Response: Not available
Cab Id: 0

Problem signature:
P1: iw4mp.dat
P2: 0.0.0.0
P3: 4b68bba4
P4: KERNEL32.DLL
P5: 6.2.22621.963
P6: f5cd78ad
P7: 80000003
P8: 0001db37
P9: 
P10: 

Attached files:
\\?\C:\ProgramData\Microsoft\Windows\WER\Temp\WER.3b8b2cf7-e6e1-4ca9-8e8d-7a8521c90da7.tmp.WERInternalMetadata.xml

These files may be available here:
\\?\C:\ProgramData\Microsoft\Windows\WER\ReportArchive\AppCrash_iw4mp.dat_10c219abe47e7c0244fb89f314a3435851d15_00000000_978ef482-d58d-41cc-9f5b-e9f555300aaf

Analysis symbol: 
Rechecking for solution: 0
Report Id: 978ef482-d58d-41cc-9f5b-e9f555300aaf
Report Status: 268435556
Hashed bucket: 5abce752ee2c9c425b8d23c6a3e36137
Cab Guid: 0"
Information,1/1/2023 3:21:02 PM,Windows Error Reporting,1001,None,"Fault bucket 1985282346800341303, type 1
Event Name: APPCRASH
Response: Not available
Cab Id: 0

Problem signature:
P1: iw4mp.dat
P2: 0.0.0.0
P3: 4b68bba4
P4: KERNEL32.DLL
P5: 6.2.22621.963
P6: f5cd78ad
P7: 80000003
P8: 0001db37
P9: 
P10: 

Attached files:
\\?\C:\ProgramData\Microsoft\Windows\WER\Temp\WER.f297b69c-6903-4292-87d3-21305f9db8f6.tmp.WERInternalMetadata.xml

These files may be available here:
\\?\C:\ProgramData\Microsoft\Windows\WER\ReportArchive\AppCrash_iw4mp.dat_10c219abe47e7c0244fb89f314a3435851d15_00000000_59a49117-0a2d-46c5-9e5c-ae2b7e8668a4

Analysis symbol: 
Rechecking for solution: 0
Report Id: 59a49117-0a2d-46c5-9e5c-ae2b7e8668a4
Report Status: 268435556
Hashed bucket: 5abce752ee2c9c425b8d23c6a3e36137
Cab Guid: 0"
Information,1/1/2023 3:21:00 PM,Windows Error Reporting,1001,None,"Fault bucket 1985282346800341303, type 1
Event Name: APPCRASH
Response: Not available
Cab Id: 0

Problem signature:
P1: iw4mp.dat
P2: 0.0.0.0
P3: 4b68bba4
P4: KERNEL32.DLL
P5: 6.2.22621.963
P6: f5cd78ad
P7: 80000003
P8: 0001db37
P9: 
P10: 

Attached files:
\\?\C:\ProgramData\Microsoft\Windows\WER\Temp\WER.ca7b541d-f19f-469a-a0ec-28696f58931a.tmp.WERInternalMetadata.xml

These files may be available here:
\\?\C:\ProgramData\Microsoft\Windows\WER\ReportArchive\AppCrash_iw4mp.dat_10c219abe47e7c0244fb89f314a3435851d15_00000000_ad86198b-756b-4bc8-aa40-febf5f7ee5cc

Analysis symbol: 
Rechecking for solution: 0
Report Id: ad86198b-756b-4bc8-aa40-febf5f7ee5cc
Report Status: 268435556
Hashed bucket: 5abce752ee2c9c425b8d23c6a3e36137
Cab Guid: 0"
Information,1/1/2023 3:20:58 PM,Windows Error Reporting,1001,None,"Fault bucket 2260405420569584342, type 5
Event Name: CLR20r3
Response: Not available
Cab Id: 0

Problem signature:
P1: iwnetserver.exe
P2: 1.3.37.14
P3: 4c0b2b64
P4: mscorlib
P5: 2.0.0.0
P6: 6090caae
P7: 34dd
P8: 1c5
P9: System.IO.IOException
P10: 

Attached files:
\\?\C:\ProgramData\Microsoft\Windows\WER\Temp\WER.7ae8758d-00aa-4605-a106-48bb28364ac6.tmp.WERInternalMetadata.xml

These files may be available here:
\\?\C:\ProgramData\Microsoft\Windows\WER\ReportArchive\AppCrash_iwnetserver.exe_8b955fdb34b0135be65ff59a8f524454567d4b14_00000000_100551e5-e5da-48bf-b6e0-66b617c62f8f

Analysis symbol: 
Rechecking for solution: 0
Report Id: 100551e5-e5da-48bf-b6e0-66b617c62f8f
Report Status: 268435556
Hashed bucket: 0c9036604ab7e210af5e92c0fd6ae2d6
Cab Guid: 0"
Information,1/1/2023 3:20:55 PM,Windows Error Reporting,1001,None,"Fault bucket 1985282346800341303, type 1
Event Name: APPCRASH
Response: Not available
Cab Id: 0

Problem signature:
P1: iw4mp.dat
P2: 0.0.0.0
P3: 4b68bba4
P4: KERNEL32.DLL
P5: 6.2.22621.963
P6: f5cd78ad
P7: 80000003
P8: 0001db37
P9: 
P10: 

Attached files:
\\?\C:\ProgramData\Microsoft\Windows\WER\Temp\WER.7fd7edec-5cae-4160-b664-6c9c72e02604.tmp.WERInternalMetadata.xml

These files may be available here:
\\?\C:\ProgramData\Microsoft\Windows\WER\ReportArchive\AppCrash_iw4mp.dat_10c219abe47e7c0244fb89f314a3435851d15_00000000_5fc7bac7-51bd-4f55-9471-d8e7a96c7181

Analysis symbol: 
Rechecking for solution: 0
Report Id: 5fc7bac7-51bd-4f55-9471-d8e7a96c7181
Report Status: 268435556
Hashed bucket: 5abce752ee2c9c425b8d23c6a3e36137
Cab Guid: 0"
Information,1/1/2023 3:20:48 PM,Windows Error Reporting,1001,None,"Fault bucket , type 0
Event Name: APPCRASH
Response: Not available
Cab Id: 0

Problem signature:
P1: iw4mp.dat
P2: 0.0.0.0
P3: 4b68bba4
P4: KERNEL32.DLL
P5: 6.2.22621.963
P6: f5cd78ad
P7: 80000003
P8: 0001db37
P9: 
P10: 

Attached files:
\\?\C:\ProgramData\Microsoft\Windows\WER\Temp\WER.0ace51c6-dd22-45d8-8149-ba0a4f8bb1c1.tmp.WERInternalMetadata.xml

These files may be available here:
\\?\C:\ProgramData\Microsoft\Windows\WER\ReportQueue\AppCrash_iw4mp.dat_10c219abe47e7c0244fb89f314a3435851d15_00000000_3e0a519e-c594-4025-b892-395c2d321988

Analysis symbol: 
Rechecking for solution: 0
Report Id: 3e0a519e-c594-4025-b892-395c2d321988
Report Status: 100
Hashed bucket: 
Cab Guid: 0"
Information,1/1/2023 3:20:48 PM,Windows Error Reporting,1001,None,"Fault bucket , type 0
Event Name: APPCRASH
Response: Not available
Cab Id: 0

Problem signature:
P1: iw4mp.dat
P2: 0.0.0.0
P3: 4b68bba4
P4: KERNEL32.DLL
P5: 6.2.22621.963
P6: f5cd78ad
P7: 80000003
P8: 0001db37
P9: 
P10: 

Attached files:
\\?\C:\ProgramData\Microsoft\Windows\WER\Temp\WER.3b8b2cf7-e6e1-4ca9-8e8d-7a8521c90da7.tmp.WERInternalMetadata.xml

These files may be available here:
\\?\C:\ProgramData\Microsoft\Windows\WER\ReportQueue\AppCrash_iw4mp.dat_10c219abe47e7c0244fb89f314a3435851d15_00000000_978ef482-d58d-41cc-9f5b-e9f555300aaf

Analysis symbol: 
Rechecking for solution: 0
Report Id: 978ef482-d58d-41cc-9f5b-e9f555300aaf
Report Status: 100
Hashed bucket: 
Cab Guid: 0"
Information,1/1/2023 3:20:48 PM,Windows Error Reporting,1001,None,"Fault bucket , type 0
Event Name: APPCRASH
Response: Not available
Cab Id: 0

Problem signature:
P1: iw4mp.dat
P2: 0.0.0.0
P3: 4b68bba4
P4: KERNEL32.DLL
P5: 6.2.22621.963
P6: f5cd78ad
P7: 80000003
P8: 0001db37
P9: 
P10: 

Attached files:
\\?\C:\ProgramData\Microsoft\Windows\WER\Temp\WER.f297b69c-6903-4292-87d3-21305f9db8f6.tmp.WERInternalMetadata.xml

These files may be available here:
\\?\C:\ProgramData\Microsoft\Windows\WER\ReportQueue\AppCrash_iw4mp.dat_10c219abe47e7c0244fb89f314a3435851d15_00000000_59a49117-0a2d-46c5-9e5c-ae2b7e8668a4

Analysis symbol: 
Rechecking for solution: 0
Report Id: 59a49117-0a2d-46c5-9e5c-ae2b7e8668a4
Report Status: 100
Hashed bucket: 
Cab Guid: 0"
Information,1/1/2023 3:20:48 PM,Windows Error Reporting,1001,None,"Fault bucket , type 0
Event Name: APPCRASH
Response: Not available
Cab Id: 0

Problem signature:
P1: iw4mp.dat
P2: 0.0.0.0
P3: 4b68bba4
P4: KERNEL32.DLL
P5: 6.2.22621.963
P6: f5cd78ad
P7: 80000003
P8: 0001db37
P9: 
P10: 

Attached files:
\\?\C:\ProgramData\Microsoft\Windows\WER\Temp\WER.ca7b541d-f19f-469a-a0ec-28696f58931a.tmp.WERInternalMetadata.xml

These files may be available here:
\\?\C:\ProgramData\Microsoft\Windows\WER\ReportQueue\AppCrash_iw4mp.dat_10c219abe47e7c0244fb89f314a3435851d15_00000000_ad86198b-756b-4bc8-aa40-febf5f7ee5cc

Analysis symbol: 
Rechecking for solution: 0
Report Id: ad86198b-756b-4bc8-aa40-febf5f7ee5cc
Report Status: 100
Hashed bucket: 
Cab Guid: 0"
Information,1/1/2023 3:20:47 PM,Windows Error Reporting,1001,None,"Fault bucket , type 0
Event Name: CLR20r3
Response: Not available
Cab Id: 0

Problem signature:
P1: iwnetserver.exe
P2: 1.3.37.14
P3: 4c0b2b64
P4: mscorlib
P5: 2.0.0.0
P6: 6090caae
P7: 34dd
P8: 1c5
P9: System.IO.IOException
P10: 

Attached files:
\\?\C:\ProgramData\Microsoft\Windows\WER\Temp\WER.7ae8758d-00aa-4605-a106-48bb28364ac6.tmp.WERInternalMetadata.xml

These files may be available here:
\\?\C:\ProgramData\Microsoft\Windows\WER\ReportQueue\AppCrash_iwnetserver.exe_8b955fdb34b0135be65ff59a8f524454567d4b14_00000000_100551e5-e5da-48bf-b6e0-66b617c62f8f

Analysis symbol: 
Rechecking for solution: 0
Report Id: 100551e5-e5da-48bf-b6e0-66b617c62f8f
Report Status: 100
Hashed bucket: 
Cab Guid: 0"
Information,1/1/2023 3:20:47 PM,Windows Error Reporting,1001,None,"Fault bucket , type 0
Event Name: APPCRASH
Response: Not available
Cab Id: 0

Problem signature:
P1: iw4mp.dat
P2: 0.0.0.0
P3: 4b68bba4
P4: KERNEL32.DLL
P5: 6.2.22621.963
P6: f5cd78ad
P7: 80000003
P8: 0001db37
P9: 
P10: 

Attached files:
\\?\C:\ProgramData\Microsoft\Windows\WER\Temp\WER.7fd7edec-5cae-4160-b664-6c9c72e02604.tmp.WERInternalMetadata.xml

These files may be available here:
\\?\C:\ProgramData\Microsoft\Windows\WER\ReportQueue\AppCrash_iw4mp.dat_10c219abe47e7c0244fb89f314a3435851d15_00000000_5fc7bac7-51bd-4f55-9471-d8e7a96c7181

Analysis symbol: 
Rechecking for solution: 0
Report Id: 5fc7bac7-51bd-4f55-9471-d8e7a96c7181
Report Status: 100
Hashed bucket: 
Cab Guid: 0"
Information,1/1/2023 3:20:47 PM,Windows Error Reporting,1001,None,"Fault bucket , type 0
Event Name: APPCRASH
Response: Not available
Cab Id: 0

Problem signature:
P1: iw4mp.dat
P2: 0.0.0.0
P3: 4b68bba4
P4: KERNEL32.DLL
P5: 6.2.22621.963
P6: f5cd78ad
P7: 80000003
P8: 0001db37
P9: 
P10: 

Attached files:

These files may be available here:
\\?\C:\ProgramData\Microsoft\Windows\WER\ReportQueue\AppCrash_iw4mp.dat_10c219abe47e7c0244fb89f314a3435851d15_00000000_3e0a519e-c594-4025-b892-395c2d321988

Analysis symbol: 
Rechecking for solution: 0
Report Id: 3e0a519e-c594-4025-b892-395c2d321988
Report Status: 100
Hashed bucket: 
Cab Guid: 0"
Error,1/1/2023 3:20:35 PM,Application Error,1000,Application Crashing Events,"Faulting application name: iw4mp.dat, version: 0.0.0.0, time stamp: 0x4b68bba4
Faulting module name: KERNEL32.DLL, version: 6.2.22621.963, time stamp: 0xf5cd78ad
Exception code: 0x80000003
Fault offset: 0x0001db37
Faulting process id: 0x%9
Faulting application start time: 0x%10
Faulting application path: %11
Faulting module path: %12
Report Id: %13
Faulting package full name: %14
Faulting package-relative application ID: %15"
Information,1/1/2023 3:20:27 PM,Windows Error Reporting,1001,None,"Fault bucket , type 0
Event Name: APPCRASH
Response: Not available
Cab Id: 0

Problem signature:
P1: iw4mp.dat
P2: 0.0.0.0
P3: 4b68bba4
P4: KERNEL32.DLL
P5: 6.2.22621.963
P6: f5cd78ad
P7: 80000003
P8: 0001db37
P9: 
P10: 

Attached files:
\\?\C:\ProgramData\Microsoft\Windows\WER\Temp\WER.3b8b2cf7-e6e1-4ca9-8e8d-7a8521c90da7.tmp.WERInternalMetadata.xml

These files may be available here:
\\?\C:\ProgramData\Microsoft\Windows\WER\ReportQueue\AppCrash_iw4mp.dat_10c219abe47e7c0244fb89f314a3435851d15_00000000_978ef482-d58d-41cc-9f5b-e9f555300aaf

Analysis symbol: 
Rechecking for solution: 0
Report Id: 978ef482-d58d-41cc-9f5b-e9f555300aaf
Report Status: 100
Hashed bucket: 
Cab Guid: 0"
Information,1/1/2023 3:20:26 PM,Windows Error Reporting,1001,None,"Fault bucket , type 0
Event Name: APPCRASH
Response: Not available
Cab Id: 0

Problem signature:
P1: iw4mp.dat
P2: 0.0.0.0
P3: 4b68bba4
P4: KERNEL32.DLL
P5: 6.2.22621.963
P6: f5cd78ad
P7: 80000003
P8: 0001db37
P9: 
P10: 

Attached files:
\\?\C:\ProgramData\Microsoft\Windows\WER\Temp\WER.f297b69c-6903-4292-87d3-21305f9db8f6.tmp.WERInternalMetadata.xml

These files may be available here:
\\?\C:\ProgramData\Microsoft\Windows\WER\ReportQueue\AppCrash_iw4mp.dat_10c219abe47e7c0244fb89f314a3435851d15_00000000_59a49117-0a2d-46c5-9e5c-ae2b7e8668a4

Analysis symbol: 
Rechecking for solution: 0
Report Id: 59a49117-0a2d-46c5-9e5c-ae2b7e8668a4
Report Status: 100
Hashed bucket: 
Cab Guid: 0"
Information,1/1/2023 3:20:26 PM,Windows Error Reporting,1001,None,"Fault bucket , type 0
Event Name: APPCRASH
Response: Not available
Cab Id: 0

Problem signature:
P1: iw4mp.dat
P2: 0.0.0.0
P3: 4b68bba4
P4: KERNEL32.DLL
P5: 6.2.22621.963
P6: f5cd78ad
P7: 80000003
P8: 0001db37
P9: 
P10: 

Attached files:
\\?\C:\ProgramData\Microsoft\Windows\WER\Temp\WER.ca7b541d-f19f-469a-a0ec-28696f58931a.tmp.WERInternalMetadata.xml

These files may be available here:
\\?\C:\ProgramData\Microsoft\Windows\WER\ReportQueue\AppCrash_iw4mp.dat_10c219abe47e7c0244fb89f314a3435851d15_00000000_ad86198b-756b-4bc8-aa40-febf5f7ee5cc

Analysis symbol: 
Rechecking for solution: 0
Report Id: ad86198b-756b-4bc8-aa40-febf5f7ee5cc
Report Status: 100
Hashed bucket: 
Cab Guid: 0"
Information,1/1/2023 3:20:26 PM,Windows Error Reporting,1001,None,"Fault bucket , type 0
Event Name: CLR20r3
Response: Not available
Cab Id: 0

Problem signature:
P1: iwnetserver.exe
P2: 1.3.37.14
P3: 4c0b2b64
P4: mscorlib
P5: 2.0.0.0
P6: 6090caae
P7: 34dd
P8: 1c5
P9: System.IO.IOException
P10: 

Attached files:
\\?\C:\ProgramData\Microsoft\Windows\WER\Temp\WER.7ae8758d-00aa-4605-a106-48bb28364ac6.tmp.WERInternalMetadata.xml

These files may be available here:
\\?\C:\ProgramData\Microsoft\Windows\WER\ReportQueue\AppCrash_iwnetserver.exe_8b955fdb34b0135be65ff59a8f524454567d4b14_00000000_100551e5-e5da-48bf-b6e0-66b617c62f8f

Analysis symbol: 
Rechecking for solution: 0
Report Id: 100551e5-e5da-48bf-b6e0-66b617c62f8f
Report Status: 100
Hashed bucket: 
Cab Guid: 0"
Information,1/1/2023 3:20:26 PM,Windows Error Reporting,1001,None,"Fault bucket , type 0
Event Name: APPCRASH
Response: Not available
Cab Id: 0

Problem signature:
P1: iw4mp.dat
P2: 0.0.0.0
P3: 4b68bba4
P4: KERNEL32.DLL
P5: 6.2.22621.963
P6: f5cd78ad
P7: 80000003
P8: 0001db37
P9: 
P10: 

Attached files:
\\?\C:\ProgramData\Microsoft\Windows\WER\Temp\WER.7fd7edec-5cae-4160-b664-6c9c72e02604.tmp.WERInternalMetadata.xml

These files may be available here:
\\?\C:\ProgramData\Microsoft\Windows\WER\ReportQueue\AppCrash_iw4mp.dat_10c219abe47e7c0244fb89f314a3435851d15_00000000_5fc7bac7-51bd-4f55-9471-d8e7a96c7181

Analysis symbol: 
Rechecking for solution: 0
Report Id: 5fc7bac7-51bd-4f55-9471-d8e7a96c7181
Report Status: 100
Hashed bucket: 
Cab Guid: 0"
Information,1/1/2023 3:20:26 PM,Windows Error Reporting,1001,None,"Fault bucket , type 0
Event Name: APPCRASH
Response: Not available
Cab Id: 0

Problem signature:
P1: iw4mp.dat
P2: 0.0.0.0
P3: 4b68bba4
P4: KERNEL32.DLL
P5: 6.2.22621.963
P6: f5cd78ad
P7: 80000003
P8: 0001db37
P9: 
P10: 

Attached files:

These files may be available here:
\\?\C:\ProgramData\Microsoft\Windows\WER\ReportQueue\AppCrash_iw4mp.dat_10c219abe47e7c0244fb89f314a3435851d15_00000000_978ef482-d58d-41cc-9f5b-e9f555300aaf

Analysis symbol: 
Rechecking for solution: 0
Report Id: 978ef482-d58d-41cc-9f5b-e9f555300aaf
Report Status: 100
Hashed bucket: 
Cab Guid: 0"
Error,1/1/2023 3:20:26 PM,Application Error,1000,Application Crashing Events,"Faulting application name: iw4mp.dat, version: 0.0.0.0, time stamp: 0x4b68bba4
Faulting module name: KERNEL32.DLL, version: 6.2.22621.963, time stamp: 0xf5cd78ad
Exception code: 0x80000003
Fault offset: 0x0001db37
Faulting process id: 0x%9
Faulting application start time: 0x%10
Faulting application path: %11
Faulting module path: %12
Report Id: %13
Faulting package full name: %14
Faulting package-relative application ID: %15"
