Information,12/26/2022 12:53:10 AM,MsiInstaller,1035,None,Windows Installer reconfigured the product. Product Name: Intel(R) Management Engine Components. Product Version: 1.0.0.0. Product Language: 1033. Manufacturer: Intel Corporation. Reconfiguration success or error status: 0.
Information,12/26/2022 12:53:10 AM,MsiInstaller,1035,None,Windows Installer reconfigured the product. Product Name: Microsoft Visual C++ 2017 x64 Minimum Runtime - 14.15.26706. Product Version: 14.15.26706. Product Language: 1033. Manufacturer: Microsoft Corporation. Reconfiguration success or error status: 0.
Information,12/26/2022 12:53:10 AM,MsiInstaller,1035,None,Windows Installer reconfigured the product. Product Name: Dell SupportAssist Remediation. Product Version: 5.5.5.16206. Product Language: 1033. Manufacturer: Dell Inc.. Reconfiguration success or error status: 0.
Information,12/26/2022 12:53:10 AM,MsiInstaller,1035,None,Windows Installer reconfigured the product. Product Name: Microsoft .NET Host FX Resolver - 6.0.9 (x64). Product Version: 48.39.47157. Product Language: 1033. Manufacturer: Microsoft Corporation. Reconfiguration success or error status: 0.
Information,12/26/2022 12:53:10 AM,MsiInstaller,1035,None,Windows Installer reconfigured the product. Product Name: Microsoft ODBC Driver 17 for SQL Server. Product Version: 17.1.0.1. Product Language: 1033. Manufacturer: Microsoft Corporation. Reconfiguration success or error status: 0.
Information,12/26/2022 12:53:10 AM,MsiInstaller,1035,None,Windows Installer reconfigured the product. Product Name: Intel(R) Management Engine Driver. Product Version: 1.0.0.0. Product Language: 1033. Manufacturer: Intel Corporation. Reconfiguration success or error status: 0.
Information,12/26/2022 12:53:10 AM,MsiInstaller,1035,None,Windows Installer reconfigured the product. Product Name: psqlODBC_x64. Product Version: 09.06.0504. Product Language: 1033. Manufacturer: PostgreSQL Global Development Group. Reconfiguration success or error status: 0.
Information,12/26/2022 12:53:10 AM,MsiInstaller,1035,None,Windows Installer reconfigured the product. Product Name: Microsoft Visual C++ 2017 x64 Additional Runtime - 14.15.26706. Product Version: 14.15.26706. Product Language: 1033. Manufacturer: Microsoft Corporation. Reconfiguration success or error status: 0.
Information,12/26/2022 12:53:08 AM,MsiInstaller,1035,None,Windows Installer reconfigured the product. Product Name: Kaspersky Password Manager. Product Version: 10.2.0.341. Product Language: 1046. Manufacturer: Kaspersky Lab. Reconfiguration success or error status: 0.
Information,12/26/2022 12:53:08 AM,MsiInstaller,1035,None,Windows Installer reconfigured the product. Product Name: Python Launcher. Product Version: 3.8.7427.0. Product Language: 1033. Manufacturer: Python Software Foundation. Reconfiguration success or error status: 0.
Information,12/26/2022 12:53:08 AM,MsiInstaller,1035,None,Windows Installer reconfigured the product. Product Name: Microsoft .NET Host - 6.0.9 (x64). Product Version: 48.39.47157. Product Language: 1033. Manufacturer: Microsoft Corporation. Reconfiguration success or error status: 0.
Information,12/26/2022 12:53:08 AM,MsiInstaller,1035,None,Windows Installer reconfigured the product. Product Name: Dell SupportAssist. Product Version: 3.13.0.236. Product Language: 1033. Manufacturer: Dell Inc.. Reconfiguration success or error status: 0.
Information,12/26/2022 12:53:08 AM,MsiInstaller,1035,None,Windows Installer reconfigured the product. Product Name: Microsoft Visual C++ 2013 x64 Additional Runtime - 12.0.40649. Product Version: 12.0.40649. Product Language: 1033. Manufacturer: Microsoft Corporation. Reconfiguration success or error status: 0.
Information,12/26/2022 12:53:08 AM,MsiInstaller,1035,None,Windows Installer reconfigured the product. Product Name: Microsoft .NET Runtime - 6.0.9 (x64). Product Version: 48.39.47157. Product Language: 1033. Manufacturer: Microsoft Corporation. Reconfiguration success or error status: 0.
Information,12/26/2022 12:53:08 AM,MsiInstaller,1035,None,Windows Installer reconfigured the product. Product Name: Tableau 2019.3 (20193.19.0821.2225). Product Version: 19.3.510. Product Language: 1033. Manufacturer: Tableau Software. Reconfiguration success or error status: 0.
Information,12/26/2022 12:53:08 AM,MsiInstaller,1035,None,Windows Installer reconfigured the product. Product Name: Intel(R) Icls. Product Version: 1.0.0.0. Product Language: 1033. Manufacturer: Intel Corporation. Reconfiguration success or error status: 0.
Information,12/26/2022 12:53:08 AM,MsiInstaller,1035,None,Windows Installer reconfigured the product. Product Name: Microsoft .NET Host FX Resolver - 5.0.17 (x86). Product Version: 40.68.31213. Product Language: 1033. Manufacturer: Microsoft Corporation. Reconfiguration success or error status: 0.
Information,12/26/2022 12:53:08 AM,MsiInstaller,1035,None,Windows Installer reconfigured the product. Product Name: Microsoft Update Health Tools. Product Version: 5.68.0.0. Product Language: 0. Manufacturer: Microsoft Corporation. Reconfiguration success or error status: 0.
Information,12/26/2022 12:53:08 AM,MsiInstaller,1035,None,Windows Installer reconfigured the product. Product Name: Microsoft .NET Runtime - 5.0.17 (x86). Product Version: 40.68.31213. Product Language: 1033. Manufacturer: Microsoft Corporation. Reconfiguration success or error status: 0.
Information,12/26/2022 12:53:08 AM,MsiInstaller,1035,None,Windows Installer reconfigured the product. Product Name: Amazon Redshift ODBC Driver 64-bit. Product Version: 1.3.7.1000. Product Language: 1033. Manufacturer: Amazon Corporate LLC. Reconfiguration success or error status: 0.
Information,12/26/2022 12:53:08 AM,MsiInstaller,1035,None,Windows Installer reconfigured the product. Product Name: Kaspersky Internet Security. Product Version: 21.3.10.391. Product Language: 1046. Manufacturer: Kaspersky. Reconfiguration success or error status: 0.
Information,12/26/2022 12:53:07 AM,MsiInstaller,1035,None,Windows Installer reconfigured the product. Product Name: Microsoft .NET Host - 5.0.17 (x86). Product Version: 40.68.31213. Product Language: 1033. Manufacturer: Microsoft Corporation. Reconfiguration success or error status: 0.
Information,12/26/2022 12:53:07 AM,MsiInstaller,1035,None,Windows Installer reconfigured the product. Product Name: Intel(R) LMS. Product Version: 1.0.0.0. Product Language: 1033. Manufacturer: Intel Corporation. Reconfiguration success or error status: 0.
Information,12/26/2022 12:53:07 AM,MsiInstaller,1035,None,Windows Installer reconfigured the product. Product Name: Kaspersky VPN. Product Version: 21.3.10.391. Product Language: 1046. Manufacturer: Kaspersky. Reconfiguration success or error status: 0.
Information,12/26/2022 12:53:07 AM,MsiInstaller,1035,None,Windows Installer reconfigured the product. Product Name: Dell SupportAssist OS Recovery Plugin for Dell Update. Product Version: 5.5.4.16189. Product Language: 1033. Manufacturer: Dell Inc.. Reconfiguration success or error status: 0.
Information,12/26/2022 12:53:07 AM,MsiInstaller,1035,None,Windows Installer reconfigured the product. Product Name: Microsoft Windows Desktop Runtime - 5.0.17 (x86). Product Version: 40.68.31219. Product Language: 1033. Manufacturer: Microsoft Corporation. Reconfiguration success or error status: 0.
Information,12/26/2022 12:53:07 AM,MsiInstaller,1035,None,Windows Installer reconfigured the product. Product Name: Dynamic Application Loader Host Interface Service. Product Version: 1.0.0.0. Product Language: 1033. Manufacturer: Intel Corporation. Reconfiguration success or error status: 0.
Information,12/26/2022 12:53:07 AM,MsiInstaller,1035,None,Windows Installer reconfigured the product. Product Name: Microsoft Visual C++ 2013 x64 Minimum Runtime - 12.0.40649. Product Version: 12.0.40649. Product Language: 1033. Manufacturer: Microsoft Corporation. Reconfiguration success or error status: 0.
Information,12/26/2022 12:53:07 AM,MsiInstaller,1035,None,Windows Installer reconfigured the product. Product Name: Intel(R) Management Engine Components. Product Version: 1.0.0.0. Product Language: 1033. Manufacturer: Intel Corporation. Reconfiguration success or error status: 0.
Information,12/26/2022 12:53:07 AM,MsiInstaller,1035,None,Windows Installer reconfigured the product. Product Name: Microsoft Visual C++ 2017 x64 Minimum Runtime - 14.15.26706. Product Version: 14.15.26706. Product Language: 1033. Manufacturer: Microsoft Corporation. Reconfiguration success or error status: 0.
Information,12/26/2022 12:53:07 AM,MsiInstaller,1035,None,Windows Installer reconfigured the product. Product Name: Dell SupportAssist Remediation. Product Version: 5.5.5.16206. Product Language: 1033. Manufacturer: Dell Inc.. Reconfiguration success or error status: 0.
Information,12/26/2022 12:53:07 AM,MsiInstaller,1035,None,Windows Installer reconfigured the product. Product Name: Microsoft .NET Host FX Resolver - 6.0.9 (x64). Product Version: 48.39.47157. Product Language: 1033. Manufacturer: Microsoft Corporation. Reconfiguration success or error status: 0.
Information,12/26/2022 12:53:07 AM,MsiInstaller,1035,None,Windows Installer reconfigured the product. Product Name: Microsoft ODBC Driver 17 for SQL Server. Product Version: 17.1.0.1. Product Language: 1033. Manufacturer: Microsoft Corporation. Reconfiguration success or error status: 0.
Information,12/26/2022 12:53:07 AM,MsiInstaller,1035,None,Windows Installer reconfigured the product. Product Name: Intel(R) Management Engine Driver. Product Version: 1.0.0.0. Product Language: 1033. Manufacturer: Intel Corporation. Reconfiguration success or error status: 0.
Information,12/26/2022 12:53:07 AM,MsiInstaller,1035,None,Windows Installer reconfigured the product. Product Name: psqlODBC_x64. Product Version: 09.06.0504. Product Language: 1033. Manufacturer: PostgreSQL Global Development Group. Reconfiguration success or error status: 0.
Information,12/26/2022 12:53:07 AM,MsiInstaller,1035,None,Windows Installer reconfigured the product. Product Name: Microsoft Visual C++ 2017 x64 Additional Runtime - 14.15.26706. Product Version: 14.15.26706. Product Language: 1033. Manufacturer: Microsoft Corporation. Reconfiguration success or error status: 0.
Information,12/26/2022 12:50:31 AM,VSS,8224,None,The VSS service is shutting down due to idle timeout. 
Information,12/26/2022 12:29:39 AM,VSS,8224,None,The VSS service is shutting down due to idle timeout. 
Information,12/26/2022 12:22:03 AM,Dell SupportAssist Remediation,0,None,Service command was processed successfully.
Information,12/26/2022 12:22:01 AM,Microsoft-Windows-RestartManager,10001,None,Ending session 0 started ‎2022‎-‎12‎-‎26T03:21:57.463665600Z.
Information,12/26/2022 12:22:01 AM,MsiInstaller,1042,None,Ending a Windows Installer transaction: C:\ProgramData\Package Cache\{BCAEB4A4-3805-4C05-A63F-98F7891EE533}v5.5.5.16206\MBAgentFI. Client Process Id: 12936.
Information,12/26/2022 12:22:01 AM,MsiInstaller,1033,None,Windows Installer installed the product. Product Name: Dell SupportAssist Remediation. Product Version: 5.5.5.16206. Product Language: 1033. Manufacturer: Dell Inc.. Installation success or error status: 0.
Information,12/26/2022 12:22:01 AM,MsiInstaller,11707,None,Product: Dell SupportAssist Remediation -- Installation completed successfully.
Information,12/26/2022 12:22:01 AM,Dell SupportAssist Remediation,0,None,Service started successfully.
Information,12/26/2022 12:21:57 AM,Microsoft-Windows-RestartManager,10000,None,Starting session 0 - ‎2022‎-‎12‎-‎26T03:21:57.463665600Z.
Information,12/26/2022 12:21:57 AM,MsiInstaller,1040,None,Beginning a Windows Installer transaction: C:\ProgramData\Package Cache\{BCAEB4A4-3805-4C05-A63F-98F7891EE533}v5.5.5.16206\MBAgentFI. Client Process Id: 12936.
Information,12/26/2022 12:21:56 AM,System Restore,8216,None,Skipping creation of restore point (Process = C:\WINDOWS\Temp\{874958A6-D616-4749-B7C9-16EF43EFD0F5}\.be\DellSupportAssistRemediationServiceInstaller.exe -q -burn.elevated BurnPipe.{42F21CCE-6608-4B04-ADBE-81DA8DD75CF9} {E727661C-70DB-47B1-9B03-6C1F2E42CA34} 7632; Description = Dell SupportAssist Remediation) as there is a restore point avaliable which is recent enough for System Restore.
Information,12/26/2022 12:21:05 AM,Microsoft-Windows-System-Restore,8302,None,Scoping successfully completed for shadowcopy \\?\GLOBALROOT\Device\HarddiskVolumeShadowCopy3.
Information,12/26/2022 12:21:05 AM,Microsoft-Windows-System-Restore,8301,None,Scoping completed for shadowcopy \\?\GLOBALROOT\Device\HarddiskVolumeShadowCopy3.
Information,12/26/2022 12:20:44 AM,Microsoft-Windows-System-Restore,8300,None,Scoping started for shadowcopy \\?\GLOBALROOT\Device\HarddiskVolumeShadowCopy3.
Information,12/26/2022 12:20:33 AM,System Restore,8194,None,Successfully created restore point (Process = C:\WINDOWS\system32\wbem\wmiprvse.exe; Description = Dell Client Management Service).
Information,12/26/2022 12:16:53 AM,Microsoft-Windows-Defrag,258,None,The storage optimizer successfully completed shrink estimation on (C:)
Information,12/26/2022 12:16:53 AM,Microsoft-Windows-Defrag,259,None,"A volume shrink analysis was initiated on volume (C:). This event log entry details information about the last unmovable file that could limit the maximum number of reclaimable bytes.
 
 Diagnostic details:
 - The last unmovable file appears to be: \System Volume Information\{7e2fb233-84a0-11ed-bc8c-5ccd5b776bad}{3808876b-c176-4e48-b7ae-04046e6cc752}::$DATA
 - The last cluster of the file is: 0x3b00083
 - Shrink potential target (LCN address): 0xcab806
 - The NTFS file flags are: ---AD
 - Shrink phase: <analysis>
 
 To find more details about this file please use the ""fsutil volume querycluster \\?\Volume{6f547c4c-2e73-43a5-9433-5cb9a279c5ac} 0x3b00083"" command."
Error,12/26/2022 12:16:39 AM,VSS,8194,None,"Volume Shadow Copy Service error: Unexpected error querying for the IVssWriterCallback interface.  hr = 0x80070005, Access is denied.
. This is often caused by incorrect security settings in either the writer or requestor process. 

Operation:
   Gathering Writer Data

Context:
   Writer Class Id: {e8132975-6f93-4464-a53e-1050253ae220}
   Writer Name: System Writer
   Writer Instance ID: {3c62aed3-276f-4ca0-9e28-d24c1f46985c}"
Information,12/26/2022 12:16:29 AM,System Restore,8216,None,Skipping creation of restore point (Process = C:\WINDOWS\Temp\{B00E657C-999A-47DA-A20B-FE0C9D5A2783}\.be\DellUpdateSupportAssistPlugin.exe -q -burn.elevated BurnPipe.{DBB3CAC5-112D-44A3-B813-ED26381DD3A8} {0B70060A-5EFD-4CE5-8E00-A711087CAF01} 2084; Description = Dell SupportAssist OS Recovery Plugin for Dell Update) as there is a restore point avaliable which is recent enough for System Restore.
Information,12/26/2022 12:13:48 AM,Microsoft-Windows-Security-SPP,16384,None,Successfully scheduled Software Protection service for re-start at 2122-12-02T03:13:48Z. Reason: RulesEngine.
Information,12/26/2022 12:13:17 AM,Microsoft-Windows-Security-SPP,16394,None,Offline downlevel migration succeeded.
Information,12/26/2022 12:04:50 AM,Microsoft-Windows-Security-SPP,16384,None,Successfully scheduled Software Protection service for re-start at 2122-12-02T03:04:50Z. Reason: RulesEngine.
Information,12/26/2022 12:04:20 AM,Microsoft-Windows-Security-SPP,16394,None,Offline downlevel migration succeeded.
Information,12/25/2022 11:52:59 PM,Microsoft-Windows-Security-SPP,16384,None,Successfully scheduled Software Protection service for re-start at 2122-12-02T02:52:59Z. Reason: RulesEngine.
Information,12/25/2022 11:52:29 PM,Microsoft-Windows-Security-SPP,16394,None,Offline downlevel migration succeeded.
Information,12/25/2022 11:46:34 PM,Microsoft-Windows-Security-SPP,903,None,"The Software Protection service has stopped.
"
Information,12/25/2022 11:46:34 PM,Microsoft-Windows-Security-SPP,16384,None,Successfully scheduled Software Protection service for re-start at 2122-12-02T02:46:34Z. Reason: RulesEngine.
Information,12/25/2022 11:46:04 PM,DDVCollectorSvcApi,0,None,The operation completed successfully. 
Information,12/25/2022 11:46:04 PM,SecurityCenter,15,None,Updated Kaspersky Internet Security status successfully to SECURITY_PRODUCT_STATE_ON.
Information,12/25/2022 11:46:04 PM,SecurityCenter,15,None,Updated Kaspersky Internet Security status successfully to SECURITY_PRODUCT_STATE_ON.
Information,12/25/2022 11:46:04 PM,Microsoft-Windows-Security-SPP,902,None,"The Software Protection service has started.
10.0.22621.963"
Information,12/25/2022 11:46:04 PM,SecurityCenter,1,None,The Windows Security Center Service has started.
Information,12/25/2022 11:46:00 PM,Microsoft-Windows-Security-SPP,1003,None,"The Software Protection service has completed licensing status check.
Application Id=55c92734-d682-4d71-983e-d6ec3f16059f
Licensing Status=
1: 040fa323-92b1-4baf-97a2-5b67feaefddb, 1, 0 [(0 [0xC004F014, 0, 0], [(?)(?)(?)(?)(?)(?)(?)(?)])(1 )(2 )(3 )]
2: 0724cb7d-3437-4cb7-93cb-830375d0079d, 1, 0 [(0 [0xC004F014, 0, 0], [(?)(?)(?)(?)(?)(?)(?)(?)])(1 )(2 )(3 )]
3: 0ad2ac98-7bb9-4201-8d92-312299201369, 1, 0 [(0 [0xC004F014, 0, 0], [(?)(?)(?)(?)(?)(?)(?)(?)])(1 )(2 )(3 )]
4: 1a9a717a-cf13-4ba5-83c3-0fe25fa868d5, 1, 0 [(0 [0xC004F014, 0, 0], [(?)(?)(?)(?)(?)(?)(?)(?)])(1 )(2 )(3 )]
5: 221a02da-e2a1-4b75-864c-0a4410a33fdf, 1, 0 [(0 [0xC004F014, 0, 0], [(?)(?)(?)(?)(?)(?)(?)(?)])(1 )(2 )(3 )]
6: 291ece0e-9c38-40ca-a9e1-32cc7ec19507, 1, 0 [(0 [0xC004F014, 0, 0], [(?)(?)(?)(?)(?)(?)(?)(?)])(1 )(2 )(3 )]
7: 2936d1d2-913a-4542-b54e-ce5a602a2a38, 1, 0 [(0 [0xC004F014, 0, 0], [(?)(?)(?)(?)(?)(?)(?)(?)])(1 )(2 )(3 )]
8: 2c293c26-a45a-4a2a-a350-c69a67097529, 1, 0 [(0 [0xC004F014, 0, 0], [(?)(?)(?)(?)(?)(?)(?)(?)])(1 )(2 )(3 )]
9: 2de67392-b7a7-462a-b1ca-108dd189f588, 1, 0 [(0 [0xC004F014, 0, 0], [(?)(?)(?)(?)(?)(?)(?)(?)])(1 )(2 )(3 )]
10: 2ffd8952-423e-4903-b993-72a1aa44cf82, 1, 0 [(0 [0xC004F014, 0, 0], [(?)(?)(?)(?)(?)(?)(?)(?)])(1 )(2 )(3 )]
11: 30a42c86-b7a0-4a34-8c90-ff177cb2acb7, 1, 0 [(0 [0xC004F014, 0, 0], [(?)(?)(?)(?)(?)(?)(?)(?)])(1 )(2 )(3 )]
12: 345a5db0-d94f-4e3b-a0c0-7c42f7bc3ebf, 1, 0 [(0 [0xC004F014, 0, 0], [(?)(?)(?)(?)(?)(?)(?)(?)])(1 )(2 )(3 )]
13: 3502365a-f88a-4ba4-822a-5769d3073b65, 1, 0 [(0 [0xC004F014, 0, 0], [(?)(?)(?)(?)(?)(?)(?)(?)])(1 )(2 )(3 )]
14: 377333b1-8b5d-48d6-9679-1225c872d37c, 1, 0 [(0 [0xC004F014, 0, 0], [(?)(?)(?)(?)(?)(?)(?)(?)])(1 )(2 )(3 )]
15: 3df374ef-d444-4494-a5a1-4b0d9fd0e203, 1, 0 [(0 [0xC004F014, 0, 0], [(?)(?)(?)(?)(?)(?)(?)(?)])(1 )(2 )(3 )]
16: 3f1afc82-f8ac-4f6c-8005-1d233e606eee, 1, 0 [(0 [0xC004F014, 0, 0], [(?)(?)(?)(?)(?)(?)(?)(?)])(1 )(2 )(3 )]
17: 49cd895b-53b2-4dc4-a5f7-b18aa019ad37, 1, 0 [(0 [0xC004F014, 0, 0], [(?)(?)(?)(?)(?)(?)(?)(?)])(1 )(2 )(3 )]
18: 4de7cb65-cdf1-4de9-8ae8-e3cce27b9f2c, 1, 0 [(0 [0xC004F014, 0, 0], [(?)(?)(?)(?)(?)(?)(?)(?)])(1 )(2 )(3 )]
19: 4f3da0d2-271d-4508-ae81-626b60809a38, 1, 0 [(0 [0xC004F014, 0, 0], [(?)(?)(?)(?)(?)(?)(?)(?)])(1 )(2 )(3 )]
20: 5d78c4e9-aeb3-4b40-8ac2-6a6005e0ad6d, 1, 0 [(0 [0xC004F014, 0, 0], [(?)(?)(?)(?)(?)(?)(?)(?)])(1 )(2 )(3 )]
21: 60b3ec1b-9545-4921-821f-311b129dd6f6, 1, 0 [(0 [0xC004F014, 0, 0], [(?)(?)(?)(?)(?)(?)(?)(?)])(1 )(2 )(3 )]
22: 613d217f-7f13-4268-9907-1662339531cd, 1, 0 [(0 [0xC004F014, 0, 0], [(?)(?)(?)(?)(?)(?)(?)(?)])(1 )(2 )(3 )]
23: 62f0c100-9c53-4e02-b886-a3528ddfe7f6, 1, 0 [(0 [0xC004F014, 0, 0], [(?)(?)(?)(?)(?)(?)(?)(?)])(1 )(2 )(3 )]
24: 6365275e-368d-46ca-a0ef-fc0404119333, 1, 0 [(0 [0xC004F014, 0, 0], [(?)(?)(?)(?)(?)(?)(?)(?)])(1 )(2 )(3 )]
25: 721f9237-9341-4453-a661-09e8baa6cca5, 1, 0 [(0 [0xC004F014, 0, 0], [(?)(?)(?)(?)(?)(?)(?)(?)])(1 )(2 )(3 )]
26: 73111121-5638-40f6-bc11-f1d7b0d64300, 1, 0 [(0 [0xC004F014, 0, 0], [(?)(?)(?)(?)(?)(?)(?)(?)])(1 )(2 )(3 )]
27: 7a802526-4c94-4bd1-ba14-835a1aca2120, 1, 0 [(0 [0xC004F014, 0, 0], [(?)(?)(?)(?)(?)(?)(?)(?)])(1 )(2 )(3 )]
28: 7cb546c0-c7d5-44d8-9a5c-69ecdd782b69, 1, 0 [(0 [0xC004F014, 0, 0], [(?)(?)(?)(?)(?)(?)(?)(?)])(1 )(2 )(3 )]
29: 82bbc092-bc50-4e16-8e18-b74fc486aec3, 1, 0 [(0 [0xC004F014, 0, 0], [(?)(?)(?)(?)(?)(?)(?)(?)])(1 )(2 )(3 )]
30: 8ab9bdd1-1f67-4997-82d9-8878520837d9, 1, 0 [(0 [0xC004F014, 0, 0], [(?)(?)(?)(?)(?)(?)(?)(?)])(1 )(2 )(3 )]
31: 8b351c9c-f398-4515-9900-09df49427262, 1, 0 [(0 [0xC004F014, 0, 0], [(?)(?)(?)(?)(?)(?)(?)(?)])(1 )(2 )(3 )]
32: 90da7373-1c51-430b-bf26-c97e9c5cdc31, 1, 0 [(0 [0xC004F014, 0, 0], [(?)(?)(?)(?)(?)(?)(?)(?)])(1 )(2 )(3 )]
33: 92fb8726-92a8-4ffc-94ce-f82e07444653, 1, 0 [(0 [0xC004F014, 0, 0], [(?)(?)(?)(?)(?)(?)(?)(?)])(1 )(2 )(3 )]
34: 95dca82f-385d-4d39-b85b-5c73fa285d6f, 1, 0 [(0 [0xC004F014, 0, 0], [(?)(?)(?)(?)(?)(?)(?)(?)])(1 )(2 )(3 )]
35: a48938aa-62fa-4966-9d44-9f04da3f72f2, 1, 0 [(0 [0xC004F014, 0, 0], [(?)(?)(?)(?)(?)(?)(?)(?)])(1 )(2 )(3 )]
36: b0773a15-df3a-4312-9ad2-83d69648e356, 1, 0 [(0 [0xC004F014, 0, 0], [(?)(?)(?)(?)(?)(?)(?)(?)])(1 )(2 )(3 )]
37: b4bfe195-541e-4e64-ad23-6177f19e395e, 1, 0 [(0 [0xC004F014, 0, 0], [(?)(?)(?)(?)(?)(?)(?)(?)])(1 )(2 )(3 )]
38: b68e61d2-68ca-4757-be45-0cc2f3e68eee, 1, 0 [(0 [0xC004F014, 0, 0], [(?)(?)(?)(?)(?)(?)(?)(?)])(1 )(2 )(3 )]
39: bd3762d7-270d-4760-8fb3-d829ca45278a, 1, 1 [(0 )(1 )(2 [0x00000000, 1, 0], [(?)( 1 0x00000000)(?)(?)(?)(?)( 10 0x00000000 msft:rm/algorithm/flags/1.0)(?)])(3 )]
40: c86d5194-4840-4dae-9c1c-0301003a5ab0, 1, 0 [(0 [0xC004F014, 0, 0], [(?)(?)(?)(?)(?)(?)(?)(?)])(1 )(2 )(3 )]
41: ca7df2e3-5ea0-47b8-9ac1-b1be4d8edd69, 1, 0 [(0 [0xC004F014, 0, 0], [(?)(?)(?)(?)(?)(?)(?)(?)])(1 )(2 )(3 )]
42: d552befb-48cc-4327-8f39-47d2d94f987c, 1, 0 [(0 [0xC004F014, 0, 0], [(?)(?)(?)(?)(?)(?)(?)(?)])(1 )(2 )(3 )]
43: d6eadb3b-5ca8-4a6b-986e-35b550756111, 1, 0 [(0 [0xC004F014, 0, 0], [(?)(?)(?)(?)(?)(?)(?)(?)])(1 )(2 )(3 )]
44: df96023b-dcd9-4be2-afa0-c6c871159ebe, 1, 0 [(0 [0xC004F014, 0, 0], [(?)(?)(?)(?)(?)(?)(?)(?)])(1 )(2 )(3 )]
45: e0c42288-980c-4788-a014-c080d2e1926e, 1, 0 [(0 [0xC004F014, 0, 0], [(?)(?)(?)(?)(?)(?)(?)(?)])(1 )(2 )(3 )]
46: e4db50ea-bda1-4566-b047-0ca50abc6f07, 1, 0 [(0 [0xC004F014, 0, 0], [(?)(?)(?)(?)(?)(?)(?)(?)])(1 )(2 )(3 )]
47: e558417a-5123-4f6f-91e7-385c1c7ca9d4, 1, 0 [(0 [0xC004F014, 0, 0], [(?)(?)(?)(?)(?)(?)(?)(?)])(1 )(2 )(3 )]
48: e7a950a2-e548-4f10-bf16-02ec848e0643, 1, 0 [(0 [0xC004F014, 0, 0], [(?)(?)(?)(?)(?)(?)(?)(?)])(1 )(2 )(3 )]
49: eb6d346f-1c60-4643-b960-40ec31596c45, 1, 0 [(0 [0xC004F014, 0, 0], [(?)(?)(?)(?)(?)(?)(?)(?)])(1 )(2 )(3 )]
50: ec868e65-fadf-4759-b23e-93fe37f2cc29, 1, 0 [(0 [0xC004F014, 0, 0], [(?)(?)(?)(?)(?)(?)(?)(?)])(1 )(2 )(3 )]
51: ef51e000-2659-4f25-8345-3de70a9cf4c4, 1, 0 [(0 [0xC004F014, 0, 0], [(?)(?)(?)(?)(?)(?)(?)(?)])(1 )(2 )(3 )]
52: f7af7d09-40e4-419c-a49b-eae366689ebd, 1, 0 [(0 [0xC004F014, 0, 0], [(?)(?)(?)(?)(?)(?)(?)(?)])(1 )(2 )(3 )]
53: fa755fe6-6739-40b9-8d84-6d0ea3b6d1ab, 1, 0 [(0 [0xC004F014, 0, 0], [(?)(?)(?)(?)(?)(?)(?)(?)])(1 )(2 )(3 )]
54: fe74f55b-0338-41d6-b267-4a201abe7285, 1, 0 [(0 [0xC004F014, 0, 0], [(?)(?)(?)(?)(?)(?)(?)(?)])(1 )(2 )(3 )]

"
Information,12/25/2022 11:45:59 PM,Microsoft-Windows-Security-SPP,1066,None,"Initialization status for service objects.
C:\WINDOWS\system32\sppwinob.dll, msft:spp/windowsfunctionality/agent/7.0, 0x00000000, 0x00000000
C:\WINDOWS\system32\sppobjs.dll, msft:rm/algorithm/inherited/1.0, 0x00000000, 0x00000000
C:\WINDOWS\system32\sppobjs.dll, msft:rm/algorithm/phone/1.0, 0x00000000, 0x00000000
C:\WINDOWS\system32\sppobjs.dll, msft:rm/algorithm/pkey/detect, 0x00000000, 0x00000000
C:\WINDOWS\system32\sppobjs.dll, msft:spp/ActionScheduler/1.0, 0x00000000, 0x00000000
C:\WINDOWS\system32\sppobjs.dll, msft:spp/TaskScheduler/1.0, 0x00000000, 0x00000000
C:\WINDOWS\system32\sppobjs.dll, msft:spp/statecollector/pkey, 0x00000000, 0x00000000
C:\WINDOWS\system32\sppobjs.dll, msft:spp/volume/services/kms/1.0, 0x00000000, 0x00000000
C:\WINDOWS\system32\sppobjs.dll, msft:spp/volume/services/kms/activationinfo/1.0, 0x00000000, 0x00000000
"
Information,12/25/2022 11:45:59 PM,Microsoft-Windows-Security-SPP,16394,None,Offline downlevel migration succeeded.
Information,12/25/2022 11:45:58 PM,Microsoft-Windows-Security-SPP,900,None,"The Software Protection service is starting.
Parameters:<explicit>"
Information,12/25/2022 11:45:56 PM,edgeupdate,0,None,Service stopped.
Information,12/25/2022 11:45:55 PM,DellTechHub,0,None,Service started successfully.
Information,12/25/2022 11:45:55 PM,DellClientManagementService,0,None,Service started successfully.
Information,12/25/2022 11:43:49 PM,Microsoft-Windows-Search,1003,Search service,The Windows Search Service started.

Warning,12/25/2022 11:43:44 PM,Microsoft-Windows-WMI,63,None,"A provider, IntelMEProv, has been registered in the Windows Management Instrumentation namespace root\Intel_ME to use the LocalSystem account. This account is privileged and the provider may cause a security violation if it does not correctly impersonate user requests."
Warning,12/25/2022 11:43:44 PM,Microsoft-Windows-WMI,63,None,"A provider, IntelMEProv, has been registered in the Windows Management Instrumentation namespace root\Intel_ME to use the LocalSystem account. This account is privileged and the provider may cause a security violation if it does not correctly impersonate user requests."
Warning,12/25/2022 11:43:44 PM,Microsoft-Windows-WMI,63,None,"A provider, IntelMEProv, has been registered in the Windows Management Instrumentation namespace root\Intel_ME to use the LocalSystem account. This account is privileged and the provider may cause a security violation if it does not correctly impersonate user requests."
Information,12/25/2022 11:43:44 PM,WMIRegistrationService,2,None,Intel(R) WMI Registration Service has successfully finished WMI Registration.
Information,12/25/2022 11:43:42 PM,Microsoft-Windows-WMI,5617,None,Windows Management Instrumentation Service subsystems initialized successfully
Information,12/25/2022 11:43:43 PM,igccservice,0,None,Service started successfully.
Information,12/25/2022 11:43:42 PM,igfxCUIService2.0.0.0,0,None,The operation completed successfully. 
Information,12/25/2022 11:43:42 PM,igfxCUIService2.0.0.0,0,None,The operation completed successfully. 
Information,12/25/2022 11:43:42 PM,igfxCUIService2.0.0.0,0,None,The operation completed successfully. 
Information,12/25/2022 11:43:42 PM,Microsoft-Windows-Winlogon,6000,None,The winlogon notification subscriber <SessionEnv> was unavailable to handle a notification event.
Information,12/25/2022 11:43:41 PM,Microsoft-Windows-WMI,5615,None,Windows Management Instrumentation Service started sucessfully
Information,12/25/2022 11:43:41 PM,WMIRegistrationService,0,None,Intel(R) WMI Registration Service started.
Information,12/25/2022 11:43:41 PM,Microsoft-Windows-Winlogon,6003,None,The winlogon notification subscriber <SessionEnv> was unavailable to handle a critical notification event.
Information,12/25/2022 11:43:41 PM,IntelDalJhi,0,None,Intel(R) Dynamic Application Loader Host Interface Service started.
Information,12/25/2022 11:43:41 PM,RtkAudioUniversalService,0,None,The operation completed successfully. 
Information,12/25/2022 11:43:40 PM,Microsoft-Windows-User Profiles Service,1531,None,"The User Profile Service has started successfully.  

"
Information,12/25/2022 11:43:40 PM,igfxCUIService2.0.0.0,0,None,The operation completed successfully. 
Information,12/25/2022 11:43:40 PM,Microsoft-Windows-EventSystem,4625,None,The EventSystem sub system is suppressing duplicate event log entries for a duration of 86400 seconds.  The suppression timeout can be controlled by a REG_DWORD value named SuppressDuplicateDuration under the following registry key: HKLM\Software\Microsoft\EventSystem\EventLog.
Information,12/25/2022 11:43:19 PM,Microsoft-Windows-User Profiles Service,1532,None,"The User Profile Service has stopped.  

"
Information,12/25/2022 11:43:19 PM,igccservice,0,None,Service has been successfully shut down.
Information,12/25/2022 11:43:19 PM,RtkAudioUniversalService,0,None,The operation completed successfully. 
Information,12/25/2022 11:43:13 PM,Microsoft-Windows-Winlogon,6000,None,The winlogon notification subscriber <SessionEnv> was unavailable to handle a notification event.
Information,12/25/2022 11:43:12 PM,Microsoft-Windows-Winlogon,6000,None,The winlogon notification subscriber <WSearch> was unavailable to handle a notification event.
Information,12/25/2022 11:43:12 PM,igfxCUIService2.0.0.0,0,None,The operation completed successfully. 
Information,12/25/2022 11:43:12 PM,igfxCUIService2.0.0.0,0,None,The operation completed successfully. 
Information,12/25/2022 11:42:30 PM,System Restore,8216,None,Skipping creation of restore point (Process = C:\WINDOWS\TEMP\RTNIC_INST_TEMP\Windows\Setup.exe -s; Description = Installed Realtek Ethernet Controller All-In-One Windows Driver) as there is a restore point avaliable which is recent enough for System Restore.
Information,12/25/2022 11:42:15 PM,Dell-System Update,3720,None,"Update Successful
User: SYSTEM
Package: DELLMUP.exe 1.0.3.35
Description: DELL MUP Package version:6.0.9384.1
  Realtek High Definition Audio - Previous version: , New version: 6.0.9384.1
Log file: C:\Dell\UpdatePackage\log\DELLMUP.log
Exit code = 3010 (Reboot required)"
Information,12/25/2022 11:42:00 PM,RtkAudioUniversalService,0,None,The operation completed successfully. 
Information,12/25/2022 11:42:00 PM,RtkAudioUniversalService,0,None,The operation completed successfully. 
Information,12/25/2022 11:41:39 PM,System Restore,8216,None,"Skipping creation of restore point (Process = C:\WINDOWS\TEMP\{4E935352-875F-4466-8056-E8F64ACA6557}\Setup.exe /s /z""[-rpC:\ProgramData\Dell\drivers\c72bc903-53e0-4c65-998d-b73354ee3dbb\RHDSetup.log] -forcedowngrade -dorebootfromparent"" -no_selfdeleter -IS_temp -media_path:""C:\ProgramData\Dell\drivers\c72bc903-53e0-4c65-998d-b73354ee3dbb\0\Drivers\"" -tempdisk1folder:""C:\WINDOWS\TEMP\{4E935352-875F-4466-8056-E8F64ACA6557}\"" -IS_OriginalLauncher:""C:\ProgramData\Dell\drivers\c72bc903-53e0-4c65-998d-b73354ee3dbb\0\Drivers\Setup.exe""; Description = Installed Realtek Audio Driver) as there is a restore point avaliable which is recent enough for System Restore."
Information,12/25/2022 11:41:18 PM,Microsoft-Windows-RestartManager,10001,None,Ending session 0 started ‎2022‎-‎12‎-‎26T02:41:17.761884700Z.
Information,12/25/2022 11:41:17 PM,Microsoft-Windows-RestartManager,10000,None,Starting session 0 - ‎2022‎-‎12‎-‎26T02:41:17.761884700Z.
Information,12/25/2022 11:41:17 PM,Microsoft-Windows-RestartManager,10001,None,Ending session 0 started ‎2022‎-‎12‎-‎26T02:41:16.638753700Z.
Information,12/25/2022 11:41:18 PM,MsiInstaller,1042,None,Ending a Windows Installer transaction: C:\WINDOWS\TEMP\IIF4572.tmp\ME_WMIProv_x64.msi. Client Process Id: 6984.
Information,12/25/2022 11:41:18 PM,MsiInstaller,1033,None,Windows Installer installed the product. Product Name: Intel(R) LMS. Product Version: 1.0.0.0. Product Language: 1033. Manufacturer: Intel Corporation. Installation success or error status: 0.
Information,12/25/2022 11:41:18 PM,MsiInstaller,11707,None,Product: Intel(R) LMS -- Installation completed successfully.
Information,12/25/2022 11:41:17 PM,MsiInstaller,1040,None,Beginning a Windows Installer transaction: C:\WINDOWS\TEMP\IIF4572.tmp\ME_WMIProv_x64.msi. Client Process Id: 6984.
Information,12/25/2022 11:41:17 PM,MsiInstaller,1042,None,Ending a Windows Installer transaction: C:\WINDOWS\TEMP\IIF4572.tmp\ME_ICLS_x64.msi. Client Process Id: 6984.
Information,12/25/2022 11:41:17 PM,MsiInstaller,1033,None,Windows Installer installed the product. Product Name: Intel(R) Icls. Product Version: 1.0.0.0. Product Language: 1033. Manufacturer: Intel Corporation. Installation success or error status: 0.
Information,12/25/2022 11:41:17 PM,MsiInstaller,11707,None,Product: Intel(R) Icls -- Installation completed successfully.
Information,12/25/2022 11:41:16 PM,Microsoft-Windows-RestartManager,10000,None,Starting session 0 - ‎2022‎-‎12‎-‎26T02:41:16.638753700Z.
Information,12/25/2022 11:41:16 PM,Microsoft-Windows-RestartManager,10001,None,Ending session 0 started ‎2022‎-‎12‎-‎26T02:41:16.043344300Z.
Information,12/25/2022 11:41:16 PM,Microsoft-Windows-RestartManager,10000,None,Starting session 0 - ‎2022‎-‎12‎-‎26T02:41:16.043344300Z.
Information,12/25/2022 11:41:15 PM,Microsoft-Windows-RestartManager,10001,None,Ending session 0 started ‎2022‎-‎12‎-‎26T02:41:15.614367300Z.
Information,12/25/2022 11:41:16 PM,MsiInstaller,1040,None,Beginning a Windows Installer transaction: C:\WINDOWS\TEMP\IIF4572.tmp\ME_ICLS_x64.msi. Client Process Id: 6984.
Information,12/25/2022 11:41:16 PM,MsiInstaller,1042,None,Ending a Windows Installer transaction: C:\WINDOWS\TEMP\IIF4572.tmp\ME_DAL_x64.msi. Client Process Id: 6984.
Information,12/25/2022 11:41:16 PM,MsiInstaller,1033,None,Windows Installer installed the product. Product Name: Dynamic Application Loader Host Interface Service. Product Version: 1.0.0.0. Product Language: 1033. Manufacturer: Intel Corporation. Installation success or error status: 0.
Information,12/25/2022 11:41:16 PM,MsiInstaller,11707,None,Product: Dynamic Application Loader Host Interface Service -- Installation completed successfully.
Information,12/25/2022 11:41:16 PM,MsiInstaller,1040,None,Beginning a Windows Installer transaction: C:\WINDOWS\TEMP\IIF4572.tmp\ME_DAL_x64.msi. Client Process Id: 6984.
Information,12/25/2022 11:41:16 PM,MsiInstaller,1042,None,Ending a Windows Installer transaction: C:\WINDOWS\TEMP\IIF4572.tmp\ME_Lang_x64.msi. Client Process Id: 6984.
Information,12/25/2022 11:41:15 PM,MsiInstaller,1033,None,Windows Installer installed the product. Product Name: Intel(R) Management Engine Components. Product Version: 1.0.0.0. Product Language: 1033. Manufacturer: Intel Corporation. Installation success or error status: 0.
Information,12/25/2022 11:41:15 PM,MsiInstaller,11707,None,Product: Intel(R) Management Engine Components -- Installation completed successfully.
Information,12/25/2022 11:41:15 PM,Microsoft-Windows-RestartManager,10000,None,Starting session 0 - ‎2022‎-‎12‎-‎26T02:41:15.614367300Z.
Information,12/25/2022 11:41:15 PM,Microsoft-Windows-RestartManager,10001,None,Ending session 0 started ‎2022‎-‎12‎-‎26T02:41:14.671591700Z.
Information,12/25/2022 11:41:14 PM,Microsoft-Windows-RestartManager,10000,None,Starting session 0 - ‎2022‎-‎12‎-‎26T02:41:14.671591700Z.
Information,12/25/2022 11:41:15 PM,MsiInstaller,1040,None,Beginning a Windows Installer transaction: C:\WINDOWS\TEMP\IIF4572.tmp\ME_Lang_x64.msi. Client Process Id: 6984.
Information,12/25/2022 11:41:15 PM,MsiInstaller,1042,None,Ending a Windows Installer transaction: C:\WINDOWS\TEMP\IIF4572.tmp\ME_MEI_Drivers_x64.msi. Client Process Id: 6984.
Information,12/25/2022 11:41:15 PM,MsiInstaller,1033,None,Windows Installer installed the product. Product Name: Intel(R) Management Engine Driver. Product Version: 1.0.0.0. Product Language: 1033. Manufacturer: Intel Corporation. Installation success or error status: 0.
Information,12/25/2022 11:41:15 PM,MsiInstaller,11707,None,Product: Intel(R) Management Engine Driver -- Installation completed successfully.
Information,12/25/2022 11:41:14 PM,MsiInstaller,1040,None,Beginning a Windows Installer transaction: C:\WINDOWS\TEMP\IIF4572.tmp\ME_MEI_Drivers_x64.msi. Client Process Id: 6984.
Information,12/25/2022 11:41:01 PM,Microsoft-Windows-System-Restore,8302,None,Scoping successfully completed for shadowcopy \\?\GLOBALROOT\Device\HarddiskVolumeShadowCopy2.
Information,12/25/2022 11:41:01 PM,Microsoft-Windows-System-Restore,8301,None,Scoping completed for shadowcopy \\?\GLOBALROOT\Device\HarddiskVolumeShadowCopy2.
Information,12/25/2022 11:40:47 PM,System Restore,8216,None,Skipping creation of restore point (Process = C:\ProgramData\Dell\drivers\105b9065-aa17-4f1a-8a40-dda11d52932a\Install\Setup.exe  /s; Description = Installed Realtek Card Reader) as there is a restore point avaliable which is recent enough for System Restore.
Information,12/25/2022 11:40:46 PM,DellTechHub,0,None,PowerEvent handled successfully by the service.
Information,12/25/2022 11:40:46 PM,igccservice,0,None,PowerEvent handled successfully by the service.
Information,12/25/2022 11:40:43 PM,Microsoft-Windows-System-Restore,8300,None,Scoping started for shadowcopy \\?\GLOBALROOT\Device\HarddiskVolumeShadowCopy2.
Information,12/25/2022 11:40:38 PM,Microsoft-Windows-RestartManager,10001,None,Ending session 0 started ‎2022‎-‎12‎-‎26T02:40:36.680122500Z.
Information,12/25/2022 11:40:38 PM,MsiInstaller,1042,None,Ending a Windows Installer transaction: C:\ProgramData\Package Cache\{5B678BC6-D551-458B-893D-B442B21ECD21}v5.5.4.16189\PluginSetup. Client Process Id: 6588.
Information,12/25/2022 11:40:38 PM,MsiInstaller,1033,None,Windows Installer installed the product. Product Name: Dell SupportAssist OS Recovery Plugin for Dell Update. Product Version: 5.5.4.16189. Product Language: 1033. Manufacturer: Dell Inc.. Installation success or error status: 0.
Information,12/25/2022 11:40:38 PM,MsiInstaller,11707,None,Product: Dell SupportAssist OS Recovery Plugin for Dell Update -- Installation completed successfully.
Information,12/25/2022 11:40:36 PM,Microsoft-Windows-RestartManager,10000,None,Starting session 0 - ‎2022‎-‎12‎-‎26T02:40:36.680122500Z.
Information,12/25/2022 11:40:36 PM,MsiInstaller,1040,None,Beginning a Windows Installer transaction: C:\ProgramData\Package Cache\{5B678BC6-D551-458B-893D-B442B21ECD21}v5.5.4.16189\PluginSetup. Client Process Id: 6588.
Information,12/25/2022 11:40:36 PM,System Restore,8216,None,Skipping creation of restore point (Process = C:\WINDOWS\Temp\{DC04614F-6645-412A-A55F-A223548E498A}\.be\DellUpdateSupportAssistPlugin.exe -q -burn.elevated BurnPipe.{DA6B6842-7D70-4CF1-8F7F-93D30A8D774C} {120981BC-39AE-45EC-8583-BB46A8FAAA65} 7640; Description = Dell SupportAssist OS Recovery Plugin for Dell Update) as there is a restore point avaliable which is recent enough for System Restore.
Information,12/25/2022 11:40:31 PM,System Restore,8194,None,Successfully created restore point (Process = C:\WINDOWS\system32\wbem\wmiprvse.exe; Description = Dell Client Management Service).
Information,12/25/2022 11:16:57 PM,Microsoft-Windows-CAPI2,4097,None,"Successful auto update of third-party root certificate:: Subject: <CN=QuoVadis Root Certification Authority, OU=Root Certification Authority, O=QuoVadis Limited, C=BM> Sha1 thumbprint: <DE3F40BD5093D39B6C60F6DABC076201008976C9>."
Information,12/25/2022 11:16:55 PM,MsiInstaller,1042,None,Ending a Windows Installer transaction: {B5DCDCBD-BBB3-4A09-A496-E2FB05EC56CE}. Client Process Id: 2692.
Information,12/25/2022 11:16:55 PM,MsiInstaller,1029,None,Product: Dell SupportAssist. Restart required. The installation or update for the product required a restart for all changes to take effect.  The restart was deferred to a later time.
Information,12/25/2022 11:16:55 PM,MsiInstaller,1038,None,Windows Installer requires a system restart. Product Name: Dell SupportAssist. Product Version: 3.13.0.236. Product Language: 1033. Manufacturer: Dell Inc.. Type of System Restart: 2. Reason for Restart: 1.
Information,12/25/2022 11:16:55 PM,MsiInstaller,1035,None,Windows Installer reconfigured the product. Product Name: Dell SupportAssist. Product Version: 3.13.0.236. Product Language: 1033. Manufacturer: Dell Inc.. Reconfiguration success or error status: 0.
Information,12/25/2022 11:16:55 PM,MsiInstaller,11728,None,Product: Dell SupportAssist -- Configuration completed successfully.
Information,12/25/2022 11:16:55 PM,MsiInstaller,1036,None,Windows Installer installed an update. Product Name: Dell SupportAssist. Product Version: 3.13.0.236. Product Language: 1033. Manufacturer: Dell Inc.. Update Name: Dell SupportAssist. Installation success or error status: 0.
Information,12/25/2022 11:16:55 PM,MsiInstaller,1022,None,Product: Dell SupportAssist - Update 'Dell SupportAssist' installed successfully.
Information,12/25/2022 11:16:51 PM,DDVCollectorSvcApi,0,None,The operation completed successfully. 
Information,12/25/2022 11:16:45 PM,MsiInstaller,1025,None,"Product: Dell SupportAssist. The file C:\Program Files\Dell\SupportAssistAgent\bin\System.IO.Pipelines.dll is being used by the following process: Name: SupportAssistAgent , Id 11088."
Information,12/25/2022 11:16:45 PM,MsiInstaller,1025,None,"Product: Dell SupportAssist. The file C:\Program Files\Dell\SupportAssistAgent\bin\System.IO.Pipelines.dll is being used by the following process: Name: Dell.TechHub , Id 9608."
Information,12/25/2022 11:16:06 PM,MsiInstaller,1040,None,Beginning a Windows Installer transaction: {B5DCDCBD-BBB3-4A09-A496-E2FB05EC56CE}. Client Process Id: 2692.
Information,12/25/2022 11:14:19 PM,Microsoft-Windows-Security-SPP,16384,None,Successfully scheduled Software Protection service for re-start at 2122-12-02T02:14:19Z. Reason: RulesEngine.
Information,12/25/2022 11:13:37 PM,Microsoft-Windows-Security-SPP,16394,None,Offline downlevel migration succeeded.
Information,12/25/2022 11:10:54 PM,Microsoft-Windows-Security-SPP,16384,None,Successfully scheduled Software Protection service for re-start at 2122-12-02T02:10:54Z. Reason: RulesEngine.
Information,12/25/2022 11:10:32 PM,MsiInstaller,1042,None,Ending a Windows Installer transaction: C:\Users\ozeas\AppData\Local\Temp\SupportAssistAgent\a1fe5f54-6027-4519-b170-6de0ebc151d8\SupportAssistx64-3.13.0.236.msi. Client Process Id: 11936.
Information,12/25/2022 11:10:32 PM,MsiInstaller,1033,None,Windows Installer installed the product. Product Name: Dell SupportAssist. Product Version: 3.13.0.236. Product Language: 1033. Manufacturer: Dell Inc.. Installation success or error status: 0.
Information,12/25/2022 11:10:32 PM,MsiInstaller,11707,None,Product: Dell SupportAssist -- Installation operation completed successfully.
Information,12/25/2022 11:10:24 PM,DellTechHub,0,None,Service started successfully.
Information,12/25/2022 11:10:22 PM,DellClientManagementService,0,None,Service started successfully.
Information,12/25/2022 11:09:57 PM,MsiInstaller,1040,None,Beginning a Windows Installer transaction: C:\Users\ozeas\AppData\Local\Temp\SupportAssistAgent\a1fe5f54-6027-4519-b170-6de0ebc151d8\SupportAssistx64-3.13.0.236.msi. Client Process Id: 11936.
Information,12/25/2022 11:09:34 PM,Microsoft-Windows-Security-SPP,16394,None,Offline downlevel migration succeeded.
Information,12/25/2022 11:09:19 PM,Microsoft-Windows-RestartManager,10001,None,Ending session 1 started ‎2022‎-‎12‎-‎26T02:09:19.528035400Z.
Information,12/25/2022 11:09:19 PM,Microsoft-Windows-RestartManager,10000,None,Starting session 1 - ‎2022‎-‎12‎-‎26T02:09:19.528035400Z.
Information,12/25/2022 11:08:21 PM,Microsoft-Windows-RestartManager,10001,None,Ending session 0 started ‎2022‎-‎12‎-‎26T02:08:20.264754600Z.
Information,12/25/2022 11:08:21 PM,MsiInstaller,1042,None,Ending a Windows Installer transaction: C:\ProgramData\Package Cache\{C30ABA3F-32C0-43D1-B3B8-9AEFD58A15D9}v48.39.47157\dotnet-host-6.0.9-win-x64.msi. Client Process Id: 7340.
Information,12/25/2022 11:08:21 PM,MsiInstaller,1033,None,Windows Installer installed the product. Product Name: Microsoft .NET Host - 6.0.9 (x64). Product Version: 48.39.47157. Product Language: 1033. Manufacturer: Microsoft Corporation. Installation success or error status: 0.
Information,12/25/2022 11:08:21 PM,MsiInstaller,11707,None,Product: Microsoft .NET Host - 6.0.9 (x64) -- Installation completed successfully.
Information,12/25/2022 11:08:20 PM,Microsoft-Windows-RestartManager,10000,None,Starting session 0 - ‎2022‎-‎12‎-‎26T02:08:20.264754600Z.
Information,12/25/2022 11:08:20 PM,Microsoft-Windows-RestartManager,10001,None,Ending session 0 started ‎2022‎-‎12‎-‎26T02:08:19.842875700Z.
Information,12/25/2022 11:08:19 PM,Microsoft-Windows-RestartManager,10000,None,Starting session 0 - ‎2022‎-‎12‎-‎26T02:08:19.842875700Z.
Information,12/25/2022 11:08:19 PM,Microsoft-Windows-RestartManager,10001,None,Ending session 0 started ‎2022‎-‎12‎-‎26T02:08:17.133417900Z.
Information,12/25/2022 11:08:20 PM,MsiInstaller,1040,None,Beginning a Windows Installer transaction: C:\ProgramData\Package Cache\{C30ABA3F-32C0-43D1-B3B8-9AEFD58A15D9}v48.39.47157\dotnet-host-6.0.9-win-x64.msi. Client Process Id: 7340.
Information,12/25/2022 11:08:20 PM,MsiInstaller,1042,None,Ending a Windows Installer transaction: C:\ProgramData\Package Cache\{FD10B803-97FD-4867-9753-8784BC35D2F8}v48.39.47157\dotnet-hostfxr-6.0.9-win-x64.msi. Client Process Id: 7340.
Information,12/25/2022 11:08:20 PM,MsiInstaller,1033,None,Windows Installer installed the product. Product Name: Microsoft .NET Host FX Resolver - 6.0.9 (x64). Product Version: 48.39.47157. Product Language: 1033. Manufacturer: Microsoft Corporation. Installation success or error status: 0.
Information,12/25/2022 11:08:20 PM,MsiInstaller,11707,None,Product: Microsoft .NET Host FX Resolver - 6.0.9 (x64) -- Installation completed successfully.
Information,12/25/2022 11:08:19 PM,MsiInstaller,1040,None,Beginning a Windows Installer transaction: C:\ProgramData\Package Cache\{FD10B803-97FD-4867-9753-8784BC35D2F8}v48.39.47157\dotnet-hostfxr-6.0.9-win-x64.msi. Client Process Id: 7340.
Information,12/25/2022 11:08:19 PM,MsiInstaller,1042,None,Ending a Windows Installer transaction: C:\ProgramData\Package Cache\{0B4F742D-2D47-4E95-B756-402822D31C48}v48.39.47157\dotnet-runtime-6.0.9-win-x64.msi. Client Process Id: 7340.
Information,12/25/2022 11:08:19 PM,MsiInstaller,1033,None,Windows Installer installed the product. Product Name: Microsoft .NET Runtime - 6.0.9 (x64). Product Version: 48.39.47157. Product Language: 1033. Manufacturer: Microsoft Corporation. Installation success or error status: 0.
Information,12/25/2022 11:08:19 PM,MsiInstaller,11707,None,Product: Microsoft .NET Runtime - 6.0.9 (x64) -- Installation completed successfully.
Information,12/25/2022 11:08:17 PM,Microsoft-Windows-RestartManager,10000,None,Starting session 0 - ‎2022‎-‎12‎-‎26T02:08:17.133417900Z.
Information,12/25/2022 11:08:17 PM,MsiInstaller,1040,None,Beginning a Windows Installer transaction: C:\ProgramData\Package Cache\{0B4F742D-2D47-4E95-B756-402822D31C48}v48.39.47157\dotnet-runtime-6.0.9-win-x64.msi. Client Process Id: 7340.
Information,12/25/2022 11:07:53 PM,igccservice,0,None,PowerEvent handled successfully by the service.
Information,12/25/2022 11:06:31 PM,Microsoft-Windows-Security-SPP,16384,None,Successfully scheduled Software Protection service for re-start at 2122-12-02T02:06:31Z. Reason: RulesEngine.
Information,12/25/2022 11:06:00 PM,Microsoft-Windows-Security-SPP,16394,None,Offline downlevel migration succeeded.
Information,12/25/2022 11:06:00 PM,Microsoft-Windows-Security-SPP,900,None,"The Software Protection service is starting.
Parameters:<explicit>"
Information,12/25/2022 11:05:55 PM,edgeupdate,0,None,Service stopped.
Information,12/25/2022 11:05:50 PM,SecurityCenter,15,None,Updated Windows Defender status successfully to SECURITY_PRODUCT_STATE_OFF.
Information,12/25/2022 11:05:50 PM,SecurityCenter,15,None,Updated Windows Defender status successfully to SECURITY_PRODUCT_STATE_ON.
Information,12/25/2022 11:05:32 PM,Microsoft-Windows-Security-SPP,903,None,"The Software Protection service has stopped.
"
Information,12/25/2022 11:05:32 PM,Microsoft-Windows-Security-SPP,16384,None,Successfully scheduled Software Protection service for re-start at 2122-12-02T02:05:32Z. Reason: RulesEngine.
Information,12/25/2022 11:05:28 PM,SecurityCenter,15,None,Updated Kaspersky Internet Security status successfully to SECURITY_PRODUCT_STATE_ON.
Information,12/25/2022 11:05:28 PM,SecurityCenter,15,None,Updated Kaspersky Internet Security status successfully to SECURITY_PRODUCT_STATE_ON.
Information,12/25/2022 11:04:53 PM,Microsoft-Windows-Security-SPP,902,None,"The Software Protection service has started.
10.0.22621.963"
