Information,1/1/2023 3:19:56 PM,Windows Error Reporting,1001,None,"Fault bucket , type 0
Event Name: APPCRASH
Response: Not available
Cab Id: 0

Problem signature:
P1: iw4mp.dat
P2: 0.0.0.0
P3: 4b68bba4
P4: KERNEL32.DLL
P5: 6.2.22621.963
P6: f5cd78ad
P7: 80000003
P8: 0001db37
P9: 
P10: 

Attached files:
\\?\C:\ProgramData\Microsoft\Windows\WER\Temp\WER.f297b69c-6903-4292-87d3-21305f9db8f6.tmp.WERInternalMetadata.xml

These files may be available here:
\\?\C:\ProgramData\Microsoft\Windows\WER\ReportQueue\AppCrash_iw4mp.dat_10c219abe47e7c0244fb89f314a3435851d15_00000000_59a49117-0a2d-46c5-9e5c-ae2b7e8668a4

Analysis symbol: 
Rechecking for solution: 0
Report Id: 59a49117-0a2d-46c5-9e5c-ae2b7e8668a4
Report Status: 100
Hashed bucket: 
Cab Guid: 0"
Information,1/1/2023 3:19:56 PM,Windows Error Reporting,1001,None,"Fault bucket , type 0
Event Name: APPCRASH
Response: Not available
Cab Id: 0

Problem signature:
P1: iw4mp.dat
P2: 0.0.0.0
P3: 4b68bba4
P4: KERNEL32.DLL
P5: 6.2.22621.963
P6: f5cd78ad
P7: 80000003
P8: 0001db37
P9: 
P10: 

Attached files:
\\?\C:\ProgramData\Microsoft\Windows\WER\Temp\WER.ca7b541d-f19f-469a-a0ec-28696f58931a.tmp.WERInternalMetadata.xml

These files may be available here:
\\?\C:\ProgramData\Microsoft\Windows\WER\ReportQueue\AppCrash_iw4mp.dat_10c219abe47e7c0244fb89f314a3435851d15_00000000_ad86198b-756b-4bc8-aa40-febf5f7ee5cc

Analysis symbol: 
Rechecking for solution: 0
Report Id: ad86198b-756b-4bc8-aa40-febf5f7ee5cc
Report Status: 100
Hashed bucket: 
Cab Guid: 0"
Information,1/1/2023 3:19:56 PM,Windows Error Reporting,1001,None,"Fault bucket , type 0
Event Name: CLR20r3
Response: Not available
Cab Id: 0

Problem signature:
P1: iwnetserver.exe
P2: 1.3.37.14
P3: 4c0b2b64
P4: mscorlib
P5: 2.0.0.0
P6: 6090caae
P7: 34dd
P8: 1c5
P9: System.IO.IOException
P10: 

Attached files:
\\?\C:\ProgramData\Microsoft\Windows\WER\Temp\WER.7ae8758d-00aa-4605-a106-48bb28364ac6.tmp.WERInternalMetadata.xml

These files may be available here:
\\?\C:\ProgramData\Microsoft\Windows\WER\ReportQueue\AppCrash_iwnetserver.exe_8b955fdb34b0135be65ff59a8f524454567d4b14_00000000_100551e5-e5da-48bf-b6e0-66b617c62f8f

Analysis symbol: 
Rechecking for solution: 0
Report Id: 100551e5-e5da-48bf-b6e0-66b617c62f8f
Report Status: 100
Hashed bucket: 
Cab Guid: 0"
Information,1/1/2023 3:19:56 PM,Windows Error Reporting,1001,None,"Fault bucket , type 0
Event Name: APPCRASH
Response: Not available
Cab Id: 0

Problem signature:
P1: iw4mp.dat
P2: 0.0.0.0
P3: 4b68bba4
P4: KERNEL32.DLL
P5: 6.2.22621.963
P6: f5cd78ad
P7: 80000003
P8: 0001db37
P9: 
P10: 

Attached files:
\\?\C:\ProgramData\Microsoft\Windows\WER\Temp\WER.7fd7edec-5cae-4160-b664-6c9c72e02604.tmp.WERInternalMetadata.xml

These files may be available here:
\\?\C:\ProgramData\Microsoft\Windows\WER\ReportQueue\AppCrash_iw4mp.dat_10c219abe47e7c0244fb89f314a3435851d15_00000000_5fc7bac7-51bd-4f55-9471-d8e7a96c7181

Analysis symbol: 
Rechecking for solution: 0
Report Id: 5fc7bac7-51bd-4f55-9471-d8e7a96c7181
Report Status: 100
Hashed bucket: 
Cab Guid: 0"
Information,1/1/2023 3:19:56 PM,Windows Error Reporting,1001,None,"Fault bucket , type 0
Event Name: APPCRASH
Response: Not available
Cab Id: 0

Problem signature:
P1: iw4mp.dat
P2: 0.0.0.0
P3: 4b68bba4
P4: KERNEL32.DLL
P5: 6.2.22621.963
P6: f5cd78ad
P7: 80000003
P8: 0001db37
P9: 
P10: 

Attached files:

These files may be available here:
\\?\C:\ProgramData\Microsoft\Windows\WER\ReportQueue\AppCrash_iw4mp.dat_10c219abe47e7c0244fb89f314a3435851d15_00000000_59a49117-0a2d-46c5-9e5c-ae2b7e8668a4

Analysis symbol: 
Rechecking for solution: 0
Report Id: 59a49117-0a2d-46c5-9e5c-ae2b7e8668a4
Report Status: 100
Hashed bucket: 
Cab Guid: 0"
Error,1/1/2023 3:19:44 PM,Application Error,1000,Application Crashing Events,"Faulting application name: iw4mp.dat, version: 0.0.0.0, time stamp: 0x4b68bba4
Faulting module name: KERNEL32.DLL, version: 6.2.22621.963, time stamp: 0xf5cd78ad
Exception code: 0x80000003
Fault offset: 0x0001db37
Faulting process id: 0x%9
Faulting application start time: 0x%10
Faulting application path: %11
Faulting module path: %12
Report Id: %13
Faulting package full name: %14
Faulting package-relative application ID: %15"
Information,1/1/2023 3:19:18 PM,Windows Error Reporting,1001,None,"Fault bucket , type 0
Event Name: APPCRASH
Response: Not available
Cab Id: 0

Problem signature:
P1: iw4mp.dat
P2: 0.0.0.0
P3: 4b68bba4
P4: KERNEL32.DLL
P5: 6.2.22621.963
P6: f5cd78ad
P7: 80000003
P8: 0001db37
P9: 
P10: 

Attached files:
\\?\C:\ProgramData\Microsoft\Windows\WER\Temp\WER.ca7b541d-f19f-469a-a0ec-28696f58931a.tmp.WERInternalMetadata.xml

These files may be available here:
\\?\C:\ProgramData\Microsoft\Windows\WER\ReportQueue\AppCrash_iw4mp.dat_10c219abe47e7c0244fb89f314a3435851d15_00000000_ad86198b-756b-4bc8-aa40-febf5f7ee5cc

Analysis symbol: 
Rechecking for solution: 0
Report Id: ad86198b-756b-4bc8-aa40-febf5f7ee5cc
Report Status: 100
Hashed bucket: 
Cab Guid: 0"
Information,1/1/2023 3:19:17 PM,Windows Error Reporting,1001,None,"Fault bucket , type 0
Event Name: CLR20r3
Response: Not available
Cab Id: 0

Problem signature:
P1: iwnetserver.exe
P2: 1.3.37.14
P3: 4c0b2b64
P4: mscorlib
P5: 2.0.0.0
P6: 6090caae
P7: 34dd
P8: 1c5
P9: System.IO.IOException
P10: 

Attached files:
\\?\C:\ProgramData\Microsoft\Windows\WER\Temp\WER.7ae8758d-00aa-4605-a106-48bb28364ac6.tmp.WERInternalMetadata.xml

These files may be available here:
\\?\C:\ProgramData\Microsoft\Windows\WER\ReportQueue\AppCrash_iwnetserver.exe_8b955fdb34b0135be65ff59a8f524454567d4b14_00000000_100551e5-e5da-48bf-b6e0-66b617c62f8f

Analysis symbol: 
Rechecking for solution: 0
Report Id: 100551e5-e5da-48bf-b6e0-66b617c62f8f
Report Status: 100
Hashed bucket: 
Cab Guid: 0"
Information,1/1/2023 3:19:17 PM,Windows Error Reporting,1001,None,"Fault bucket , type 0
Event Name: APPCRASH
Response: Not available
Cab Id: 0

Problem signature:
P1: iw4mp.dat
P2: 0.0.0.0
P3: 4b68bba4
P4: KERNEL32.DLL
P5: 6.2.22621.963
P6: f5cd78ad
P7: 80000003
P8: 0001db37
P9: 
P10: 

Attached files:
\\?\C:\ProgramData\Microsoft\Windows\WER\Temp\WER.7fd7edec-5cae-4160-b664-6c9c72e02604.tmp.WERInternalMetadata.xml

These files may be available here:
\\?\C:\ProgramData\Microsoft\Windows\WER\ReportQueue\AppCrash_iw4mp.dat_10c219abe47e7c0244fb89f314a3435851d15_00000000_5fc7bac7-51bd-4f55-9471-d8e7a96c7181

Analysis symbol: 
Rechecking for solution: 0
Report Id: 5fc7bac7-51bd-4f55-9471-d8e7a96c7181
Report Status: 100
Hashed bucket: 
Cab Guid: 0"
Information,1/1/2023 3:19:17 PM,Windows Error Reporting,1001,None,"Fault bucket , type 0
Event Name: APPCRASH
Response: Not available
Cab Id: 0

Problem signature:
P1: iw4mp.dat
P2: 0.0.0.0
P3: 4b68bba4
P4: KERNEL32.DLL
P5: 6.2.22621.963
P6: f5cd78ad
P7: 80000003
P8: 0001db37
P9: 
P10: 

Attached files:

These files may be available here:
\\?\C:\ProgramData\Microsoft\Windows\WER\ReportQueue\AppCrash_iw4mp.dat_10c219abe47e7c0244fb89f314a3435851d15_00000000_ad86198b-756b-4bc8-aa40-febf5f7ee5cc

Analysis symbol: 
Rechecking for solution: 0
Report Id: ad86198b-756b-4bc8-aa40-febf5f7ee5cc
Report Status: 100
Hashed bucket: 
Cab Guid: 0"
Error,1/1/2023 3:19:17 PM,Application Error,1000,Application Crashing Events,"Faulting application name: iw4mp.dat, version: 0.0.0.0, time stamp: 0x4b68bba4
Faulting module name: KERNEL32.DLL, version: 6.2.22621.963, time stamp: 0xf5cd78ad
Exception code: 0x80000003
Fault offset: 0x0001db37
Faulting process id: 0x%9
Faulting application start time: 0x%10
Faulting application path: %11
Faulting module path: %12
Report Id: %13
Faulting package full name: %14
Faulting package-relative application ID: %15"
Information,1/1/2023 3:19:16 PM,Windows Error Reporting,1001,None,"Fault bucket , type 0
Event Name: CLR20r3
Response: Not available
Cab Id: 0

Problem signature:
P1: iwnetserver.exe
P2: 1.3.37.14
P3: 4c0b2b64
P4: mscorlib
P5: 2.0.0.0
P6: 6090caae
P7: 34dd
P8: 1c5
P9: System.IO.IOException
P10: 

Attached files:
\\?\C:\ProgramData\Microsoft\Windows\WER\Temp\WER.7ae8758d-00aa-4605-a106-48bb28364ac6.tmp.WERInternalMetadata.xml

These files may be available here:
\\?\C:\ProgramData\Microsoft\Windows\WER\ReportQueue\AppCrash_iwnetserver.exe_8b955fdb34b0135be65ff59a8f524454567d4b14_00000000_100551e5-e5da-48bf-b6e0-66b617c62f8f

Analysis symbol: 
Rechecking for solution: 0
Report Id: 100551e5-e5da-48bf-b6e0-66b617c62f8f
Report Status: 100
Hashed bucket: 
Cab Guid: 0"
Information,1/1/2023 3:19:16 PM,Windows Error Reporting,1001,None,"Fault bucket , type 0
Event Name: APPCRASH
Response: Not available
Cab Id: 0

Problem signature:
P1: iw4mp.dat
P2: 0.0.0.0
P3: 4b68bba4
P4: KERNEL32.DLL
P5: 6.2.22621.963
P6: f5cd78ad
P7: 80000003
P8: 0001db37
P9: 
P10: 

Attached files:
\\?\C:\ProgramData\Microsoft\Windows\WER\Temp\WER.7fd7edec-5cae-4160-b664-6c9c72e02604.tmp.WERInternalMetadata.xml

These files may be available here:
\\?\C:\ProgramData\Microsoft\Windows\WER\ReportQueue\AppCrash_iw4mp.dat_10c219abe47e7c0244fb89f314a3435851d15_00000000_5fc7bac7-51bd-4f55-9471-d8e7a96c7181

Analysis symbol: 
Rechecking for solution: 0
Report Id: 5fc7bac7-51bd-4f55-9471-d8e7a96c7181
Report Status: 100
Hashed bucket: 
Cab Guid: 0"
Information,1/1/2023 3:19:16 PM,Windows Error Reporting,1001,None,"Fault bucket , type 0
Event Name: CLR20r3
Response: Not available
Cab Id: 0

Problem signature:
P1: iwnetserver.exe
P2: 1.3.37.14
P3: 4c0b2b64
P4: mscorlib
P5: 2.0.0.0
P6: 6090caae
P7: 34dd
P8: 1c5
P9: System.IO.IOException
P10: 

Attached files:
\\?\C:\ProgramData\Microsoft\Windows\WER\Temp\WER.7ae8758d-00aa-4605-a106-48bb28364ac6.tmp.WERInternalMetadata.xml

These files may be available here:
\\?\C:\ProgramData\Microsoft\Windows\WER\ReportQueue\AppCrash_iwnetserver.exe_8b955fdb34b0135be65ff59a8f524454567d4b14_00000000_100551e5-e5da-48bf-b6e0-66b617c62f8f

Analysis symbol: 
Rechecking for solution: 0
Report Id: 100551e5-e5da-48bf-b6e0-66b617c62f8f
Report Status: 100
Hashed bucket: 
Cab Guid: 0"
Information,1/1/2023 3:19:16 PM,Windows Error Reporting,1001,None,"Fault bucket , type 0
Event Name: APPCRASH
Response: Not available
Cab Id: 0

Problem signature:
P1: iw4mp.dat
P2: 0.0.0.0
P3: 4b68bba4
P4: KERNEL32.DLL
P5: 6.2.22621.963
P6: f5cd78ad
P7: 80000003
P8: 0001db37
P9: 
P10: 

Attached files:
\\?\C:\ProgramData\Microsoft\Windows\WER\Temp\WER.7fd7edec-5cae-4160-b664-6c9c72e02604.tmp.WERInternalMetadata.xml

These files may be available here:
\\?\C:\ProgramData\Microsoft\Windows\WER\ReportQueue\AppCrash_iw4mp.dat_10c219abe47e7c0244fb89f314a3435851d15_00000000_5fc7bac7-51bd-4f55-9471-d8e7a96c7181

Analysis symbol: 
Rechecking for solution: 0
Report Id: 5fc7bac7-51bd-4f55-9471-d8e7a96c7181
Report Status: 100
Hashed bucket: 
Cab Guid: 0"
Information,1/1/2023 3:19:04 PM,Windows Error Reporting,1001,None,"Fault bucket , type 0
Event Name: APPCRASH
Response: Not available
Cab Id: 0

Problem signature:
P1: iw4mp.dat
P2: 0.0.0.0
P3: 4b68bba4
P4: KERNEL32.DLL
P5: 6.2.22621.963
P6: f5cd78ad
P7: 80000003
P8: 0001db37
P9: 
P10: 

Attached files:

These files may be available here:
\\?\C:\ProgramData\Microsoft\Windows\WER\ReportQueue\AppCrash_iw4mp.dat_10c219abe47e7c0244fb89f314a3435851d15_00000000_5fc7bac7-51bd-4f55-9471-d8e7a96c7181

Analysis symbol: 
Rechecking for solution: 0
Report Id: 5fc7bac7-51bd-4f55-9471-d8e7a96c7181
Report Status: 100
Hashed bucket: 
Cab Guid: 0"
Information,1/1/2023 3:19:04 PM,Windows Error Reporting,1001,None,"Fault bucket , type 0
Event Name: CLR20r3
Response: Not available
Cab Id: 0

Problem signature:
P1: iwnetserver.exe
P2: 1.3.37.14
P3: 4c0b2b64
P4: mscorlib
P5: 2.0.0.0
P6: 6090caae
P7: 34dd
P8: 1c5
P9: System.IO.IOException
P10: 

Attached files:

These files may be available here:
\\?\C:\ProgramData\Microsoft\Windows\WER\ReportQueue\AppCrash_iwnetserver.exe_8b955fdb34b0135be65ff59a8f524454567d4b14_00000000_100551e5-e5da-48bf-b6e0-66b617c62f8f

Analysis symbol: 
Rechecking for solution: 0
Report Id: 100551e5-e5da-48bf-b6e0-66b617c62f8f
Report Status: 100
Hashed bucket: 
Cab Guid: 0"
Error,1/1/2023 3:18:57 PM,Application Error,1000,Application Crashing Events,"Faulting application name: iw4mp.dat, version: 0.0.0.0, time stamp: 0x4b68bba4
Faulting module name: KERNEL32.DLL, version: 6.2.22621.963, time stamp: 0xf5cd78ad
Exception code: 0x80000003
Fault offset: 0x0001db37
Faulting process id: 0x%9
Faulting application start time: 0x%10
Faulting application path: %11
Faulting module path: %12
Report Id: %13
Faulting package full name: %14
Faulting package-relative application ID: %15"
Information,1/1/2023 3:18:18 PM,Windows Error Reporting,1001,None,"Fault bucket 1985282346800341303, type 1
Event Name: APPCRASH
Response: Not available
Cab Id: 0

Problem signature:
P1: iw4mp.dat
P2: 0.0.0.0
P3: 4b68bba4
P4: KERNEL32.DLL
P5: 6.2.22621.963
P6: f5cd78ad
P7: 80000003
P8: 0001db37
P9: 
P10: 

Attached files:
\\?\C:\ProgramData\Microsoft\Windows\WER\Temp\WER.e92acfb0-566c-404f-ba76-c70c50f71de1.tmp.WERInternalMetadata.xml
\\?\C:\ProgramData\Microsoft\Windows\WER\Temp\WER.0c35254a-040b-4b36-9677-1839618a367d.tmp.csv
\\?\C:\ProgramData\Microsoft\Windows\WER\Temp\WER.de546a02-0cb4-4a4e-9a7b-8429bd43ef10.tmp.txt
\\?\C:\ProgramData\Microsoft\Windows\WER\Temp\WER.da72be41-a073-4175-bb26-61592f26889c.tmp.xml

These files may be available here:
\\?\C:\ProgramData\Microsoft\Windows\WER\ReportArchive\AppCrash_iw4mp.dat_10c219abe47e7c0244fb89f314a3435851d15_00000000_b35b555d-7c19-46e9-b8b4-54be9af051c8

Analysis symbol: 
Rechecking for solution: 0
Report Id: b35b555d-7c19-46e9-b8b4-54be9af051c8
Report Status: 268435456
Hashed bucket: 5abce752ee2c9c425b8d23c6a3e36137
Cab Guid: 0"
Error,1/1/2023 3:18:16 PM,Application Error,1000,Application Crashing Events,"Faulting application name: iw4mp.dat, version: 0.0.0.0, time stamp: 0x4b68bba4
Faulting module name: KERNEL32.DLL, version: 6.2.22621.963, time stamp: 0xf5cd78ad
Exception code: 0x80000003
Fault offset: 0x0001db37
Faulting process id: 0x%9
Faulting application start time: 0x%10
Faulting application path: %11
Faulting module path: %12
Report Id: %13
Faulting package full name: %14
Faulting package-relative application ID: %15"
Information,1/1/2023 3:17:28 PM,Windows Error Reporting,1001,None,"Fault bucket 1985282346800341303, type 1
Event Name: APPCRASH
Response: Not available
Cab Id: 0

Problem signature:
P1: iw4mp.dat
P2: 0.0.0.0
P3: 4b68bba4
P4: KERNEL32.DLL
P5: 6.2.22621.963
P6: f5cd78ad
P7: 80000003
P8: 0001db37
P9: 
P10: 

Attached files:
\\?\C:\ProgramData\Microsoft\Windows\WER\Temp\WER.97f9acf0-0a52-4470-8b8f-4c4b4f698876.tmp.WERInternalMetadata.xml
\\?\C:\ProgramData\Microsoft\Windows\WER\Temp\WER.f58799ad-a041-4f2b-9625-5638cc13a8be.tmp.csv
\\?\C:\ProgramData\Microsoft\Windows\WER\Temp\WER.80471f13-80ed-4397-a71d-8a61f392843c.tmp.txt
\\?\C:\ProgramData\Microsoft\Windows\WER\Temp\WER.b45bbd58-6623-4ed4-86ea-5405d819e6bd.tmp.xml

These files may be available here:
\\?\C:\ProgramData\Microsoft\Windows\WER\ReportArchive\AppCrash_iw4mp.dat_10c219abe47e7c0244fb89f314a3435851d15_00000000_d2837146-08a2-426f-bf09-d2d3c4441307

Analysis symbol: 
Rechecking for solution: 0
Report Id: d2837146-08a2-426f-bf09-d2d3c4441307
Report Status: 268435456
Hashed bucket: 5abce752ee2c9c425b8d23c6a3e36137
Cab Guid: 0"
Error,1/1/2023 3:17:26 PM,Application Error,1000,Application Crashing Events,"Faulting application name: iw4mp.dat, version: 0.0.0.0, time stamp: 0x4b68bba4
Faulting module name: KERNEL32.DLL, version: 6.2.22621.963, time stamp: 0xf5cd78ad
Exception code: 0x80000003
Fault offset: 0x0001db37
Faulting process id: 0x%9
Faulting application start time: 0x%10
Faulting application path: %11
Faulting module path: %12
Report Id: %13
Faulting package full name: %14
Faulting package-relative application ID: %15"
Information,1/1/2023 3:17:14 PM,Windows Error Reporting,1001,None,"Fault bucket 1985282346800341303, type 1
Event Name: APPCRASH
Response: Not available
Cab Id: 0

Problem signature:
P1: iw4mp.dat
P2: 0.0.0.0
P3: 4b68bba4
P4: KERNEL32.DLL
P5: 6.2.22621.963
P6: f5cd78ad
P7: 80000003
P8: 0001db37
P9: 
P10: 

Attached files:
\\?\C:\ProgramData\Microsoft\Windows\WER\Temp\WER.cce1af24-e6a7-4549-b20d-59bb2202640f.tmp.WERInternalMetadata.xml
\\?\C:\ProgramData\Microsoft\Windows\WER\Temp\WER.5e6fa4a8-4464-40d7-8d80-79466204a93f.tmp.csv
\\?\C:\ProgramData\Microsoft\Windows\WER\Temp\WER.6b07483e-c51f-40fe-a597-7896bdda6f43.tmp.txt
\\?\C:\ProgramData\Microsoft\Windows\WER\Temp\WER.04a59a0e-17fc-446d-8f52-1cdf2591e291.tmp.xml

These files may be available here:
\\?\C:\ProgramData\Microsoft\Windows\WER\ReportArchive\AppCrash_iw4mp.dat_10c219abe47e7c0244fb89f314a3435851d15_00000000_5c9bd122-7f65-4bad-9d86-6e8d6d45c152

Analysis symbol: 
Rechecking for solution: 0
Report Id: 5c9bd122-7f65-4bad-9d86-6e8d6d45c152
Report Status: 268435456
Hashed bucket: 5abce752ee2c9c425b8d23c6a3e36137
Cab Guid: 0"
Error,1/1/2023 3:17:12 PM,Application Error,1000,Application Crashing Events,"Faulting application name: iw4mp.dat, version: 0.0.0.0, time stamp: 0x4b68bba4
Faulting module name: KERNEL32.DLL, version: 6.2.22621.963, time stamp: 0xf5cd78ad
Exception code: 0x80000003
Fault offset: 0x0001db37
Faulting process id: 0x%9
Faulting application start time: 0x%10
Faulting application path: %11
Faulting module path: %12
Report Id: %13
Faulting package full name: %14
Faulting package-relative application ID: %15"
Information,1/1/2023 3:16:55 PM,Windows Error Reporting,1001,None,"Fault bucket 1985282346800341303, type 1
Event Name: APPCRASH
Response: Not available
Cab Id: 0

Problem signature:
P1: iw4mp.dat
P2: 0.0.0.0
P3: 4b68bba4
P4: KERNEL32.DLL
P5: 6.2.22621.963
P6: f5cd78ad
P7: 80000003
P8: 0001db37
P9: 
P10: 

Attached files:
\\?\C:\ProgramData\Microsoft\Windows\WER\Temp\WER.d48468ac-d605-47eb-a812-fd3426416c2f.tmp.WERInternalMetadata.xml
\\?\C:\ProgramData\Microsoft\Windows\WER\Temp\WER.be6c0016-e98d-4117-aa87-4236a8e36be5.tmp.csv
\\?\C:\ProgramData\Microsoft\Windows\WER\Temp\WER.81ff0a15-4529-4d00-ab5b-2dba5b1b5af4.tmp.txt
\\?\C:\ProgramData\Microsoft\Windows\WER\Temp\WER.893ef163-4949-4c50-9a00-fd0762127fa3.tmp.xml

These files may be available here:
\\?\C:\ProgramData\Microsoft\Windows\WER\ReportArchive\AppCrash_iw4mp.dat_10c219abe47e7c0244fb89f314a3435851d15_00000000_665ed339-0504-4954-b009-bdb5f9039383

Analysis symbol: 
Rechecking for solution: 0
Report Id: 665ed339-0504-4954-b009-bdb5f9039383
Report Status: 268435456
Hashed bucket: 5abce752ee2c9c425b8d23c6a3e36137
Cab Guid: 0"
Error,1/1/2023 3:16:53 PM,Application Error,1000,Application Crashing Events,"Faulting application name: iw4mp.dat, version: 0.0.0.0, time stamp: 0x4b68bba4
Faulting module name: KERNEL32.DLL, version: 6.2.22621.963, time stamp: 0xf5cd78ad
Exception code: 0x80000003
Fault offset: 0x0001db37
Faulting process id: 0x%9
Faulting application start time: 0x%10
Faulting application path: %11
Faulting module path: %12
Report Id: %13
Faulting package full name: %14
Faulting package-relative application ID: %15"
Information,1/1/2023 3:16:11 PM,Windows Error Reporting,1001,None,"Fault bucket 1985282346800341303, type 1
Event Name: APPCRASH
Response: Not available
Cab Id: 0

Problem signature:
P1: iw4mp.dat
P2: 0.0.0.0
P3: 4b68bba4
P4: KERNEL32.DLL
P5: 6.2.22621.963
P6: f5cd78ad
P7: 80000003
P8: 0001db37
P9: 
P10: 

Attached files:
\\?\C:\ProgramData\Microsoft\Windows\WER\Temp\WER.bd8ac48c-4d66-4f89-983c-492b3c93351c.tmp.WERInternalMetadata.xml
\\?\C:\ProgramData\Microsoft\Windows\WER\Temp\WER.29e34a81-53a7-4f82-9ffd-5fe5fac34b91.tmp.csv
\\?\C:\ProgramData\Microsoft\Windows\WER\Temp\WER.d22e4152-e028-4774-829e-7206b94ab3d8.tmp.txt
\\?\C:\ProgramData\Microsoft\Windows\WER\Temp\WER.8a0f5e10-bbfb-4ff6-b5f9-7e499bfa6fae.tmp.xml

These files may be available here:
\\?\C:\ProgramData\Microsoft\Windows\WER\ReportArchive\AppCrash_iw4mp.dat_10c219abe47e7c0244fb89f314a3435851d15_00000000_ee03eecf-da62-4331-a80f-908ab6022f58

Analysis symbol: 
Rechecking for solution: 0
Report Id: ee03eecf-da62-4331-a80f-908ab6022f58
Report Status: 268435456
Hashed bucket: 5abce752ee2c9c425b8d23c6a3e36137
Cab Guid: 0"
Error,1/1/2023 3:16:07 PM,Application Error,1000,Application Crashing Events,"Faulting application name: iw4mp.dat, version: 0.0.0.0, time stamp: 0x4b68bba4
Faulting module name: KERNEL32.DLL, version: 6.2.22621.963, time stamp: 0xf5cd78ad
Exception code: 0x80000003
Fault offset: 0x0001db37
Faulting process id: 0x%9
Faulting application start time: 0x%10
Faulting application path: %11
Faulting module path: %12
Report Id: %13
Faulting package full name: %14
Faulting package-relative application ID: %15"
Information,1/1/2023 3:06:04 PM,VSS,8224,None,The VSS service is shutting down due to idle timeout. 
Information,1/1/2023 3:03:41 PM,Microsoft-Windows-Security-SPP,16384,None,Successfully scheduled Software Protection service for re-start at 2122-12-08T18:03:41Z. Reason: RulesEngine.
Information,1/1/2023 3:03:22 PM,Microsoft-Windows-System-Restore,8302,None,Scoping successfully completed for shadowcopy \\?\GLOBALROOT\Device\HarddiskVolumeShadowCopy17.
Information,1/1/2023 3:03:22 PM,Microsoft-Windows-System-Restore,8301,None,Scoping completed for shadowcopy \\?\GLOBALROOT\Device\HarddiskVolumeShadowCopy17.
Information,1/1/2023 3:03:05 PM,Microsoft-Windows-System-Restore,8300,None,Scoping started for shadowcopy \\?\GLOBALROOT\Device\HarddiskVolumeShadowCopy17.
Information,1/1/2023 3:02:57 PM,Microsoft-Windows-Security-SPP,16394,None,Offline downlevel migration succeeded.
Information,1/1/2023 3:02:54 PM,System Restore,8194,None,Successfully created restore point (Process = C:\WINDOWS\winsxs\amd64_microsoft-windows-servicingstack_31bf3856ad364e35_10.0.22621.898_none_6b467c06908d3d29\TiWorker.exe -Embedding; Description = Windows Modules Installer).
Information,1/1/2023 2:55:01 PM,Microsoft-Windows-Security-SPP,16384,None,Successfully scheduled Software Protection service for re-start at 2122-12-08T17:55:01Z. Reason: RulesEngine.
Information,1/1/2023 2:54:31 PM,Microsoft-Windows-Security-SPP,16394,None,Offline downlevel migration succeeded.
Information,1/1/2023 2:54:12 PM,VSS,8224,None,The VSS service is shutting down due to idle timeout. 
Information,1/1/2023 2:53:13 PM,MsiInstaller,1033,None,"Windows Installer installed the product. Product Name: LogMeIn Hamachi. Product Version: 2.1.0.374. Product Language: 1033. Manufacturer: LogMeIn, Inc.. Installation success or error status: 0."
Information,1/1/2023 2:53:13 PM,MsiInstaller,11707,None,Product: LogMeIn Hamachi -- Installation completed successfully.
Information,1/1/2023 2:52:36 PM,Microsoft-Windows-RestartManager,10001,None,Ending session 0 started ‎2023‎-‎01‎-‎01T17:52:24.716055400Z.
Information,1/1/2023 2:52:36 PM,MsiInstaller,1042,None,Ending a Windows Installer transaction: C:\WINDOWS\system32\config\systemprofile\AppData\Local\LogMeIn Hamachi\hamachi-update. Client Process Id: 5548.
Information,1/1/2023 2:52:36 PM,MsiInstaller,1033,None,"Windows Installer installed the product. Product Name: LogMeIn Hamachi. Product Version: 2.2.0.633. Product Language: 1033. Manufacturer: LogMeIn, Inc.. Installation success or error status: 0."
Information,1/1/2023 2:52:36 PM,MsiInstaller,11707,None,Product: LogMeIn Hamachi -- Installation completed successfully.
Information,1/1/2023 2:52:26 PM,LogMeIn Guardian,106,(1),"The description for Event ID 106 from source LogMeIn Guardian cannot be found. Either the component that raises this event is not installed on your local computer or the installation is corrupted. You can install or repair the component on the local computer.

If the event originated on another computer, the display information had to be saved with the event.

The following information was included with the event: 

Service started

The message resource is present but the message was not found in the message table
"
Information,1/1/2023 2:52:26 PM,LMIGuardianSvc,0,None,The operation completed successfully. 
Information,1/1/2023 2:52:24 PM,Microsoft-Windows-RestartManager,10000,None,Starting session 0 - ‎2023‎-‎01‎-‎01T17:52:24.716055400Z.
Information,1/1/2023 2:52:23 PM,MsiInstaller,1040,None,Beginning a Windows Installer transaction: C:\WINDOWS\system32\config\systemprofile\AppData\Local\LogMeIn Hamachi\hamachi-update. Client Process Id: 5548.
Information,1/1/2023 2:52:08 PM,Microsoft-Windows-RestartManager,10001,None,Ending session 0 started ‎2023‎-‎01‎-‎01T17:51:04.643910200Z.
Information,1/1/2023 2:52:08 PM,MsiInstaller,1042,None,Ending a Windows Installer transaction: C:\Users\ozeas\AppData\Local\Temp\Rar$EXa18640.41130\Retarded Enemies - COD MW 2\4 - servidor-hamachi\hamachi.msi. Client Process Id: 13924.
Information,1/1/2023 2:51:29 PM,Microsoft-Windows-System-Restore,8302,None,Scoping successfully completed for shadowcopy \\?\GLOBALROOT\Device\HarddiskVolumeShadowCopy16.
Information,1/1/2023 2:51:29 PM,Microsoft-Windows-System-Restore,8301,None,Scoping completed for shadowcopy \\?\GLOBALROOT\Device\HarddiskVolumeShadowCopy16.
Information,1/1/2023 2:51:13 PM,Microsoft-Windows-System-Restore,8300,None,Scoping started for shadowcopy \\?\GLOBALROOT\Device\HarddiskVolumeShadowCopy16.
Information,1/1/2023 2:51:04 PM,Microsoft-Windows-RestartManager,10000,None,Starting session 0 - ‎2023‎-‎01‎-‎01T17:51:04.643910200Z.
Information,1/1/2023 2:51:02 PM,System Restore,8194,None,Successfully created restore point (Process = C:\WINDOWS\system32\msiexec.exe /V; Description = Installed LogMeIn Hamachi).
Information,1/1/2023 2:50:52 PM,MsiInstaller,1040,None,Beginning a Windows Installer transaction: C:\Users\ozeas\AppData\Local\Temp\Rar$EXa18640.41130\Retarded Enemies - COD MW 2\4 - servidor-hamachi\hamachi.msi. Client Process Id: 13924.
Information,1/1/2023 2:42:24 PM,Microsoft-Windows-Security-SPP,16384,None,Successfully scheduled Software Protection service for re-start at 2122-12-08T17:42:24Z. Reason: RulesEngine.
Information,1/1/2023 2:41:53 PM,Microsoft-Windows-Security-SPP,16394,None,Offline downlevel migration succeeded.
Information,1/1/2023 2:03:44 PM,Windows Error Reporting,1001,None,"Fault bucket 1206752322638066241, type 5
Event Name: RADAR_PRE_LEAK_WOW64
Response: Not available
Cab Id: 0

Problem signature:
P1: iw4mp.exe
P2: 0.0.0.0
P3: 10.0.22621.2.0.0
P4: 
P5: 
P6: 
P7: 
P8: 
P9: 
P10: 

Attached files:
\\?\C:\Users\ozeas\AppData\Local\Temp\RDR4C59.tmp\empty.txt
\\?\C:\ProgramData\Microsoft\Windows\WER\Temp\WER.42341f21-1c32-4e36-bfd0-c9af2883e5b3.tmp.WERInternalMetadata.xml
\\?\C:\ProgramData\Microsoft\Windows\WER\Temp\WER.cbb8dfb5-f3a5-4dd3-9063-d1b0409c670e.tmp.csv
\\?\C:\ProgramData\Microsoft\Windows\WER\Temp\WER.ef3651ba-dc9c-4ddb-9b99-806bf360c2dd.tmp.txt
\\?\C:\ProgramData\Microsoft\Windows\WER\Temp\WER.2218b0a5-7ee4-4262-b6fd-5ff9c2a691a5.tmp.xml

These files may be available here:
NULL

Analysis symbol: 
Rechecking for solution: 0
Report Id: b9741a06-92d3-40f1-8260-93abec652dbb
Report Status: 268435456
Hashed bucket: 79da2fed0747764b40bf3ed802b83241
Cab Guid: 0"
Information,1/1/2023 2:01:31 PM,Microsoft-Windows-RestartManager,10001,None,Ending session 1 started ‎2023‎-‎01‎-‎01T16:25:53.453962800Z.
Information,1/1/2023 1:45:01 PM,Microsoft-Windows-Security-SPP,16384,None,Successfully scheduled Software Protection service for re-start at 2122-12-08T16:45:00Z. Reason: RulesEngine.
Information,1/1/2023 1:44:30 PM,Microsoft-Windows-Security-SPP,16394,None,Offline downlevel migration succeeded.
Information,1/1/2023 1:28:46 PM,Windows Error Reporting,1001,None,"Fault bucket 2284932451390424565, type 5
Event Name: RADAR_PRE_LEAK_WOW64
Response: Not available
Cab Id: 0

Problem signature:
P1: setup-multi2.tmp
P2: 51.1052.0.0
P3: 10.0.22621.2.0.0
P4: 
P5: 
P6: 
P7: 
P8: 
P9: 
P10: 

Attached files:
\\?\C:\Users\ozeas\AppData\Local\Temp\RDR3F06.tmp\empty.txt
\\?\C:\ProgramData\Microsoft\Windows\WER\Temp\WER.504b3a43-d5c9-4ddf-a101-e7697a982679.tmp.WERInternalMetadata.xml
\\?\C:\ProgramData\Microsoft\Windows\WER\Temp\WER.f5faba2c-c15f-416d-aaaf-86dd43c1dbba.tmp.csv
\\?\C:\ProgramData\Microsoft\Windows\WER\Temp\WER.dfe38bd4-fafd-4635-93e7-cce46fdbac87.tmp.txt
\\?\C:\ProgramData\Microsoft\Windows\WER\Temp\WER.ec8af282-2a7f-4693-9b3e-2b64d2b5e33f.tmp.xml

These files may be available here:
NULL

Analysis symbol: 
Rechecking for solution: 0
Report Id: df71c962-79ef-476d-abbd-c7c85125b769
Report Status: 268435456
Hashed bucket: 42f61a095163a62f5fb5b5f55ce385f5
Cab Guid: 0"
Information,1/1/2023 1:27:53 PM,VSS,8224,None,The VSS service is shutting down due to idle timeout. 
Information,1/1/2023 1:25:53 PM,Microsoft-Windows-RestartManager,10000,None,Starting session 1 - ‎2023‎-‎01‎-‎01T16:25:53.453962800Z.
Information,1/1/2023 1:24:58 PM,Microsoft-Windows-System-Restore,8302,None,Scoping successfully completed for shadowcopy \\?\GLOBALROOT\Device\HarddiskVolumeShadowCopy15.
Information,1/1/2023 1:24:58 PM,Microsoft-Windows-System-Restore,8301,None,Scoping completed for shadowcopy \\?\GLOBALROOT\Device\HarddiskVolumeShadowCopy15.
Information,1/1/2023 1:24:43 PM,Microsoft-Windows-System-Restore,8300,None,Scoping started for shadowcopy \\?\GLOBALROOT\Device\HarddiskVolumeShadowCopy15.
Information,1/1/2023 1:24:42 PM,System Restore,8194,None,"Successfully created restore point (Process = ""C:\WINDOWS\system32\systempropertiesprotection.exe"" ; Description = instaling cod now)."
Information,1/1/2023 1:19:31 PM,Microsoft-Windows-Security-SPP,16384,None,Successfully scheduled Software Protection service for re-start at 2122-12-08T16:19:31Z. Reason: RulesEngine.
Information,1/1/2023 1:19:00 PM,Microsoft-Windows-Security-SPP,16394,None,Offline downlevel migration succeeded.
Information,1/1/2023 1:11:26 PM,Microsoft-Windows-Security-SPP,16384,None,Successfully scheduled Software Protection service for re-start at 2122-12-08T16:11:26Z. Reason: RulesEngine.
Information,1/1/2023 1:10:56 PM,Microsoft-Windows-Security-SPP,16394,None,Offline downlevel migration succeeded.
Information,1/1/2023 12:45:31 PM,Microsoft-Windows-Security-SPP,16384,None,Successfully scheduled Software Protection service for re-start at 2122-12-08T15:45:31Z. Reason: RulesEngine.
Information,1/1/2023 12:45:01 PM,Microsoft-Windows-Security-SPP,16394,None,Offline downlevel migration succeeded.
Information,1/1/2023 12:17:21 PM,Microsoft-Windows-Security-SPP,16384,None,Successfully scheduled Software Protection service for re-start at 2122-12-08T15:17:21Z. Reason: RulesEngine.
Information,1/1/2023 12:16:51 PM,Microsoft-Windows-Security-SPP,16394,None,Offline downlevel migration succeeded.
Information,1/1/2023 11:33:57 AM,Microsoft-Windows-Security-SPP,16384,None,Successfully scheduled Software Protection service for re-start at 2122-12-08T14:33:57Z. Reason: RulesEngine.
Information,1/1/2023 11:33:26 AM,Microsoft-Windows-Security-SPP,16394,None,Offline downlevel migration succeeded.
Information,1/1/2023 11:04:46 AM,Microsoft-Windows-Security-SPP,16384,None,Successfully scheduled Software Protection service for re-start at 2122-12-08T14:04:46Z. Reason: RulesEngine.
Information,1/1/2023 11:04:16 AM,Microsoft-Windows-Security-SPP,16394,None,Offline downlevel migration succeeded.
Information,1/1/2023 10:48:47 AM,Microsoft-Windows-Security-SPP,16384,None,Successfully scheduled Software Protection service for re-start at 2122-12-08T13:48:47Z. Reason: RulesEngine.
Information,1/1/2023 10:48:17 AM,Microsoft-Windows-Security-SPP,16394,None,Offline downlevel migration succeeded.
Information,1/1/2023 10:40:54 AM,Microsoft-Windows-CAPI2,4097,None,"Successful auto update of third-party root certificate:: Subject: <CN=GTS Root R4, O=Google Trust Services LLC, C=US> Sha1 thumbprint: <2A1D6027D94AB10A1C4D915CCD33A0CB3E2D54CB>."
Information,1/1/2023 10:28:17 AM,Microsoft-Windows-Security-SPP,16384,None,Successfully scheduled Software Protection service for re-start at 2122-12-08T13:28:17Z. Reason: RulesEngine.
Information,1/1/2023 10:27:46 AM,Microsoft-Windows-Security-SPP,16394,None,Offline downlevel migration succeeded.
Information,1/1/2023 10:10:10 AM,igccservice,0,None,PowerEvent handled successfully by the service.
Information,1/1/2023 10:10:10 AM,DellTechHub,0,None,PowerEvent handled successfully by the service.
Information,1/1/2023 10:10:10 AM,Dell SupportAssist Remediation,0,None,PowerEvent handled successfully by the service.
Information,1/1/2023 10:03:06 AM,Microsoft-Windows-Security-SPP,16384,None,Successfully scheduled Software Protection service for re-start at 2122-12-08T13:03:06Z. Reason: RulesEngine.
Information,1/1/2023 10:02:36 AM,Microsoft-Windows-Security-SPP,16394,None,Offline downlevel migration succeeded.
Information,1/1/2023 9:58:38 AM,Microsoft-Windows-Security-SPP,16384,None,Successfully scheduled Software Protection service for re-start at 2122-12-08T12:58:38Z. Reason: RulesEngine.
Information,1/1/2023 9:58:08 AM,Microsoft-Windows-Security-SPP,16394,None,Offline downlevel migration succeeded.
Information,1/1/2023 9:46:00 AM,VSS,8224,None,The VSS service is shutting down due to idle timeout. 
Information,1/1/2023 9:43:04 AM,Microsoft-Windows-System-Restore,8302,None,Scoping successfully completed for shadowcopy \\?\GLOBALROOT\Device\HarddiskVolumeShadowCopy14.
Information,1/1/2023 9:43:04 AM,Microsoft-Windows-System-Restore,8301,None,Scoping completed for shadowcopy \\?\GLOBALROOT\Device\HarddiskVolumeShadowCopy14.
Information,1/1/2023 9:42:49 AM,Microsoft-Windows-System-Restore,8300,None,Scoping started for shadowcopy \\?\GLOBALROOT\Device\HarddiskVolumeShadowCopy14.
Information,1/1/2023 9:42:48 AM,System Restore,8194,None,"Successfully created restore point (Process = ""C:\WINDOWS\system32\systempropertiesprotection.exe"" ; Description = mw2-Install)."
Information,1/1/2023 9:39:59 AM,igccservice,0,None,PowerEvent handled successfully by the service.
Information,1/1/2023 9:39:59 AM,DellTechHub,0,None,PowerEvent handled successfully by the service.
Information,1/1/2023 9:39:59 AM,Dell SupportAssist Remediation,0,None,PowerEvent handled successfully by the service.
Information,1/1/2023 9:39:56 AM,igccservice,0,None,PowerEvent handled successfully by the service.
Information,1/1/2023 9:39:56 AM,DellTechHub,0,None,PowerEvent handled successfully by the service.
Information,1/1/2023 9:39:56 AM,Dell SupportAssist Remediation,0,None,PowerEvent handled successfully by the service.
Information,1/1/2023 9:39:36 AM,igccservice,0,None,PowerEvent handled successfully by the service.
Information,1/1/2023 9:39:36 AM,DellTechHub,0,None,PowerEvent handled successfully by the service.
Information,1/1/2023 9:39:36 AM,Dell SupportAssist Remediation,0,None,PowerEvent handled successfully by the service.
Information,1/1/2023 9:26:48 AM,Microsoft-Windows-Security-SPP,16384,None,Successfully scheduled Software Protection service for re-start at 2122-12-08T12:26:48Z. Reason: RulesEngine.
Information,1/1/2023 9:26:18 AM,Microsoft-Windows-Security-SPP,16394,None,Offline downlevel migration succeeded.
Information,1/1/2023 9:26:15 AM,VSS,8224,None,The VSS service is shutting down due to idle timeout. 
Information,1/1/2023 9:24:54 AM,Microsoft-Windows-Security-SPP,16384,None,Successfully scheduled Software Protection service for re-start at 2122-12-08T12:24:54Z. Reason: RulesEngine.
Information,1/1/2023 9:24:24 AM,Microsoft-Windows-Security-SPP,16394,None,Offline downlevel migration succeeded.
Information,1/1/2023 9:23:27 AM,Microsoft-Windows-Security-SPP,16384,None,Successfully scheduled Software Protection service for re-start at 2122-12-08T12:23:27Z. Reason: RulesEngine.
Information,1/1/2023 9:23:20 AM,Windows Error Reporting,1001,None,"Fault bucket 1792720665811648346, type 5
Event Name: StoreAgentInstallFailure1
Response: Not available
Cab Id: 0

Problem signature:
P1: Update;ScanForUpdatesForUser
P2: 80073d02
P3: 22621
P4: 963
P5: Windows.Desktop
P6: V
P7: 
P8: 
P9: 
P10: 

Attached files:
\\?\C:\ProgramData\Microsoft\Windows\WER\Temp\WER.b088e6b7-fce5-43be-a5a1-fe590dd2624f.tmp.WERInternalMetadata.xml

These files may be available here:
\\?\C:\ProgramData\Microsoft\Windows\WER\ReportArchive\NonCritical_Update;ScanForUp_49ece61b3f41da583857223a9be42295b97d9a2b_00000000_490cdea5-ab99-4af2-addd-869ea12fdd94

Analysis symbol: 
Rechecking for solution: 0
Report Id: 490cdea5-ab99-4af2-addd-869ea12fdd94
Report Status: 268435456
Hashed bucket: 7c0b4b9a9e4914a2e8e105f283347f5a
Cab Guid: 0"
Information,1/1/2023 9:23:02 AM,Windows Error Reporting,1001,None,"Fault bucket , type 0
Event Name: StoreAgentInstallFailure1
Response: Not available
Cab Id: 0

Problem signature:
P1: Update;ScanForUpdatesForUser
P2: 80073d02
P3: 22621
P4: 963
P5: Windows.Desktop
P6: V
P7: 
P8: 
P9: 
P10: 

Attached files:

These files may be available here:
\\?\C:\ProgramData\Microsoft\Windows\WER\ReportQueue\NonCritical_Update;ScanForUp_49ece61b3f41da583857223a9be42295b97d9a2b_00000000_490cdea5-ab99-4af2-addd-869ea12fdd94

Analysis symbol: 
Rechecking for solution: 0
Report Id: 490cdea5-ab99-4af2-addd-869ea12fdd94
Report Status: 4
Hashed bucket: 
Cab Guid: 0"
Information,1/1/2023 9:22:56 AM,Microsoft-Windows-Security-SPP,16394,None,Offline downlevel migration succeeded.
Information,1/1/2023 9:18:58 AM,igccservice,0,None,PowerEvent handled successfully by the service.
Information,1/1/2023 9:18:58 AM,DellTechHub,0,None,PowerEvent handled successfully by the service.
Information,1/1/2023 9:18:58 AM,Dell SupportAssist Remediation,0,None,PowerEvent handled successfully by the service.
Information,1/1/2023 9:18:55 AM,igccservice,0,None,PowerEvent handled successfully by the service.
Information,1/1/2023 9:18:55 AM,Dell SupportAssist Remediation,0,None,PowerEvent handled successfully by the service.
Information,1/1/2023 9:18:55 AM,DellTechHub,0,None,PowerEvent handled successfully by the service.
Information,1/1/2023 9:08:54 AM,VSS,8224,None,The VSS service is shutting down due to idle timeout. 
Information,1/1/2023 8:56:42 AM,edgeupdate,0,None,Service stopped.
Information,1/1/2023 8:41:38 AM,Microsoft-Windows-Security-SPP,16384,None,Successfully scheduled Software Protection service for re-start at 2122-12-08T11:41:38Z. Reason: RulesEngine.
Information,1/1/2023 8:40:56 AM,Microsoft-Windows-Security-SPP,16394,None,Offline downlevel migration succeeded.
Information,1/1/2023 8:40:49 AM,igccservice,0,None,PowerEvent handled successfully by the service.
Information,1/1/2023 8:40:49 AM,DellTechHub,0,None,PowerEvent handled successfully by the service.
Information,1/1/2023 8:40:49 AM,Dell SupportAssist Remediation,0,None,PowerEvent handled successfully by the service.
Information,1/1/2023 8:40:49 AM,igccservice,0,None,PowerEvent handled successfully by the service.
Information,1/1/2023 8:40:49 AM,DellTechHub,0,None,PowerEvent handled successfully by the service.
Information,1/1/2023 8:40:49 AM,Dell SupportAssist Remediation,0,None,PowerEvent handled successfully by the service.
Information,1/1/2023 8:40:49 AM,igccservice,0,None,PowerEvent handled successfully by the service.
Information,1/1/2023 8:40:49 AM,DellTechHub,0,None,PowerEvent handled successfully by the service.
Information,1/1/2023 8:40:49 AM,Dell SupportAssist Remediation,0,None,PowerEvent handled successfully by the service.
Information,12/31/2022 8:53:06 PM,igccservice,0,None,PowerEvent handled successfully by the service.
Information,12/31/2022 8:53:06 PM,DellTechHub,0,None,PowerEvent handled successfully by the service.
Information,12/31/2022 8:53:06 PM,Dell SupportAssist Remediation,0,None,PowerEvent handled successfully by the service.
Information,12/31/2022 4:53:04 PM,igccservice,0,None,PowerEvent handled successfully by the service.
Information,12/31/2022 4:53:04 PM,DellTechHub,0,None,PowerEvent handled successfully by the service.
Information,12/31/2022 4:53:04 PM,Dell SupportAssist Remediation,0,None,PowerEvent handled successfully by the service.
Information,12/31/2022 4:33:46 PM,Microsoft-Windows-Security-SPP,16384,None,Successfully scheduled Software Protection service for re-start at 2122-12-07T19:33:46Z. Reason: RulesEngine.
Information,12/31/2022 4:33:16 PM,Microsoft-Windows-Security-SPP,16394,None,Offline downlevel migration succeeded.
Information,12/31/2022 3:51:22 PM,Microsoft-Windows-Security-SPP,16384,None,Successfully scheduled Software Protection service for re-start at 2122-12-07T18:51:22Z. Reason: RulesEngine.
Information,12/31/2022 3:50:51 PM,Microsoft-Windows-Security-SPP,16394,None,Offline downlevel migration succeeded.
Information,12/31/2022 2:51:28 PM,Microsoft-Windows-Security-SPP,16384,None,Successfully scheduled Software Protection service for re-start at 2122-12-07T17:51:28Z. Reason: RulesEngine.
Information,12/31/2022 2:50:58 PM,Microsoft-Windows-Security-SPP,16394,None,Offline downlevel migration succeeded.
Information,12/31/2022 2:18:05 PM,Microsoft-Windows-Security-SPP,16384,None,Successfully scheduled Software Protection service for re-start at 2122-12-07T17:18:05Z. Reason: RulesEngine.
Information,12/31/2022 2:17:35 PM,Microsoft-Windows-Security-SPP,16394,None,Offline downlevel migration succeeded.
Information,12/31/2022 1:56:08 PM,edgeupdate,0,None,Service stopped.
Information,12/31/2022 1:25:29 PM,Microsoft-Windows-Security-SPP,16384,None,Successfully scheduled Software Protection service for re-start at 2122-12-07T16:25:29Z. Reason: RulesEngine.
Information,12/31/2022 1:24:59 PM,Microsoft-Windows-Security-SPP,16394,None,Offline downlevel migration succeeded.
Information,12/31/2022 1:10:48 PM,Microsoft-Windows-Security-SPP,16384,None,Successfully scheduled Software Protection service for re-start at 2122-12-07T16:10:47Z. Reason: RulesEngine.
Information,12/31/2022 1:10:03 PM,Microsoft-Windows-Security-SPP,16394,None,Offline downlevel migration succeeded.
Information,12/31/2022 12:50:13 PM,Microsoft-Windows-Security-SPP,16384,None,Successfully scheduled Software Protection service for re-start at 2122-12-07T15:50:13Z. Reason: RulesEngine.
Information,12/31/2022 12:49:43 PM,Microsoft-Windows-Security-SPP,16394,None,Offline downlevel migration succeeded.
Information,12/31/2022 12:35:04 PM,Microsoft-Windows-Security-SPP,16384,None,Successfully scheduled Software Protection service for re-start at 2122-12-07T15:35:04Z. Reason: RulesEngine.
Information,12/31/2022 12:34:33 PM,Microsoft-Windows-Security-SPP,16394,None,Offline downlevel migration succeeded.
Information,12/31/2022 12:16:48 PM,Microsoft-Windows-Security-SPP,16384,None,Successfully scheduled Software Protection service for re-start at 2122-12-07T15:16:48Z. Reason: RulesEngine.
Information,12/31/2022 12:16:17 PM,Microsoft-Windows-Security-SPP,16394,None,Offline downlevel migration succeeded.
Information,12/31/2022 12:09:19 PM,Microsoft-Windows-Security-SPP,16384,None,Successfully scheduled Software Protection service for re-start at 2122-12-07T15:09:19Z. Reason: RulesEngine.
Information,12/31/2022 12:09:06 PM,Dell SupportAssist Remediation,0,None,PowerEvent handled successfully by the service.
Information,12/31/2022 12:09:06 PM,igccservice,0,None,PowerEvent handled successfully by the service.
Information,12/31/2022 12:09:06 PM,DellTechHub,0,None,PowerEvent handled successfully by the service.
Information,12/31/2022 12:09:06 PM,igccservice,0,None,PowerEvent handled successfully by the service.
Information,12/31/2022 12:09:06 PM,DellTechHub,0,None,PowerEvent handled successfully by the service.
Information,12/31/2022 12:09:06 PM,Dell SupportAssist Remediation,0,None,PowerEvent handled successfully by the service.
Information,12/31/2022 12:05:54 PM,igccservice,0,None,PowerEvent handled successfully by the service.
Information,12/31/2022 12:05:54 PM,DellTechHub,0,None,PowerEvent handled successfully by the service.
Information,12/31/2022 12:05:54 PM,Dell SupportAssist Remediation,0,None,PowerEvent handled successfully by the service.
Information,12/31/2022 12:05:39 PM,Microsoft-Windows-Security-SPP,16394,None,Offline downlevel migration succeeded.
Information,12/31/2022 11:10:05 AM,Microsoft-Windows-Security-SPP,16384,None,Successfully scheduled Software Protection service for re-start at 2122-12-07T14:10:05Z. Reason: RulesEngine.
Information,12/31/2022 11:09:35 AM,Microsoft-Windows-Security-SPP,16394,None,Offline downlevel migration succeeded.
Information,12/31/2022 10:53:30 AM,Microsoft-Windows-Security-SPP,16384,None,Successfully scheduled Software Protection service for re-start at 2122-12-07T13:53:30Z. Reason: RulesEngine.
Information,12/31/2022 10:53:00 AM,Microsoft-Windows-Security-SPP,16394,None,Offline downlevel migration succeeded.
Information,12/31/2022 10:02:07 AM,Microsoft-Windows-Security-SPP,16384,None,Successfully scheduled Software Protection service for re-start at 2122-12-07T13:02:07Z. Reason: RulesEngine.
Information,12/31/2022 10:01:36 AM,Microsoft-Windows-Security-SPP,16394,None,Offline downlevel migration succeeded.
Information,12/31/2022 9:41:42 AM,Microsoft-Windows-Security-SPP,16384,None,Successfully scheduled Software Protection service for re-start at 2122-12-07T12:41:42Z. Reason: RulesEngine.
Information,12/31/2022 9:41:12 AM,Microsoft-Windows-Security-SPP,16394,None,Offline downlevel migration succeeded.
Information,12/31/2022 9:33:51 AM,igccservice,0,None,PowerEvent handled successfully by the service.
Information,12/31/2022 9:33:51 AM,DellTechHub,0,None,PowerEvent handled successfully by the service.
Information,12/31/2022 9:33:51 AM,Dell SupportAssist Remediation,0,None,PowerEvent handled successfully by the service.
Information,12/31/2022 9:06:34 AM,igccservice,0,None,PowerEvent handled successfully by the service.
Information,12/31/2022 9:06:34 AM,DellTechHub,0,None,PowerEvent handled successfully by the service.
Information,12/31/2022 9:06:34 AM,Dell SupportAssist Remediation,0,None,PowerEvent handled successfully by the service.
Information,12/31/2022 9:06:31 AM,igccservice,0,None,PowerEvent handled successfully by the service.
Information,12/31/2022 9:06:31 AM,DellTechHub,0,None,PowerEvent handled successfully by the service.
Information,12/31/2022 9:06:31 AM,Dell SupportAssist Remediation,0,None,PowerEvent handled successfully by the service.
Information,12/31/2022 8:59:27 AM,Microsoft-Windows-Security-SPP,16384,None,Successfully scheduled Software Protection service for re-start at 2122-12-07T11:59:26Z. Reason: RulesEngine.
Information,12/31/2022 8:58:56 AM,Microsoft-Windows-Security-SPP,16394,None,Offline downlevel migration succeeded.
Information,12/31/2022 8:58:42 AM,Microsoft-Windows-Security-SPP,16384,None,Successfully scheduled Software Protection service for re-start at 2122-12-07T11:58:42Z. Reason: RulesEngine.
Information,12/31/2022 8:58:11 AM,Microsoft-Windows-Security-SPP,16394,None,Offline downlevel migration succeeded.
Information,12/31/2022 8:58:02 AM,DellTechHub,0,None,PowerEvent handled successfully by the service.
Information,12/31/2022 8:58:02 AM,DellTechHub,0,None,PowerEvent handled successfully by the service.
Information,12/31/2022 8:58:02 AM,igccservice,0,None,PowerEvent handled successfully by the service.
Information,12/31/2022 8:58:02 AM,Dell SupportAssist Remediation,0,None,PowerEvent handled successfully by the service.
Information,12/31/2022 8:58:02 AM,igccservice,0,None,PowerEvent handled successfully by the service.
Information,12/31/2022 8:58:02 AM,Dell SupportAssist Remediation,0,None,PowerEvent handled successfully by the service.
Information,12/31/2022 8:54:23 AM,Dell SupportAssist Remediation,0,None,PowerEvent handled successfully by the service.
Information,12/31/2022 8:54:22 AM,DellTechHub,0,None,PowerEvent handled successfully by the service.
Information,12/31/2022 8:54:22 AM,igccservice,0,None,PowerEvent handled successfully by the service.
Information,12/31/2022 8:54:22 AM,Dell SupportAssist Remediation,0,None,PowerEvent handled successfully by the service.
Information,12/31/2022 8:54:22 AM,DellTechHub,0,None,PowerEvent handled successfully by the service.
Information,12/31/2022 8:54:22 AM,igccservice,0,None,PowerEvent handled successfully by the service.
Information,12/31/2022 4:54:20 AM,Dell SupportAssist Remediation,0,None,PowerEvent handled successfully by the service.
Information,12/31/2022 4:54:20 AM,igccservice,0,None,PowerEvent handled successfully by the service.
Information,12/31/2022 4:54:20 AM,DellTechHub,0,None,PowerEvent handled successfully by the service.
Information,12/31/2022 4:37:38 AM,VSS,8224,None,The VSS service is shutting down due to idle timeout. 
Information,12/31/2022 4:35:05 AM,Microsoft-Windows-Security-SPP,16384,None,Successfully scheduled Software Protection service for re-start at 2122-12-07T07:35:05Z. Reason: RulesEngine.
Information,12/31/2022 4:34:37 AM,SDSSnapshotProcess,278,(6),"The description for Event ID 278 from source SDSSnapshotProcess cannot be found. Either the component that raises this event is not installed on your local computer or the installation is corrupted. You can install or repair the component on the local computer.

If the event originated on another computer, the display information had to be saved with the event.

The following information was included with the event: 


The system cannot find the file specified
"
Information,12/31/2022 4:34:34 AM,Microsoft-Windows-Security-SPP,16394,None,Offline downlevel migration succeeded.
Information,12/31/2022 4:34:32 AM,SDSSnapshotProcess,276,(4),"The description for Event ID 276 from source SDSSnapshotProcess cannot be found. Either the component that raises this event is not installed on your local computer or the installation is corrupted. You can install or repair the component on the local computer.

If the event originated on another computer, the display information had to be saved with the event.

The following information was included with the event: 


The system cannot find the file specified
"
