Information,12/25/2022 11:04:53 PM,Microsoft-Windows-Security-SPP,1003,None,"The Software Protection service has completed licensing status check.
Application Id=55c92734-d682-4d71-983e-d6ec3f16059f
Licensing Status=
1: 040fa323-92b1-4baf-97a2-5b67feaefddb, 1, 0 [(0 [0xC004F014, 0, 0], [(?)(?)(?)(?)(?)(?)(?)(?)])(1 )(2 )(3 )]
2: 0724cb7d-3437-4cb7-93cb-830375d0079d, 1, 0 [(0 [0xC004F014, 0, 0], [(?)(?)(?)(?)(?)(?)(?)(?)])(1 )(2 )(3 )]
3: 0ad2ac98-7bb9-4201-8d92-312299201369, 1, 0 [(0 [0xC004F014, 0, 0], [(?)(?)(?)(?)(?)(?)(?)(?)])(1 )(2 )(3 )]
4: 1a9a717a-cf13-4ba5-83c3-0fe25fa868d5, 1, 0 [(0 [0xC004F014, 0, 0], [(?)(?)(?)(?)(?)(?)(?)(?)])(1 )(2 )(3 )]
5: 221a02da-e2a1-4b75-864c-0a4410a33fdf, 1, 0 [(0 [0xC004F014, 0, 0], [(?)(?)(?)(?)(?)(?)(?)(?)])(1 )(2 )(3 )]
6: 291ece0e-9c38-40ca-a9e1-32cc7ec19507, 1, 0 [(0 [0xC004F014, 0, 0], [(?)(?)(?)(?)(?)(?)(?)(?)])(1 )(2 )(3 )]
7: 2936d1d2-913a-4542-b54e-ce5a602a2a38, 1, 0 [(0 [0xC004F014, 0, 0], [(?)(?)(?)(?)(?)(?)(?)(?)])(1 )(2 )(3 )]
8: 2c293c26-a45a-4a2a-a350-c69a67097529, 1, 0 [(0 [0xC004F014, 0, 0], [(?)(?)(?)(?)(?)(?)(?)(?)])(1 )(2 )(3 )]
9: 2de67392-b7a7-462a-b1ca-108dd189f588, 1, 0 [(0 [0xC004F014, 0, 0], [(?)(?)(?)(?)(?)(?)(?)(?)])(1 )(2 )(3 )]
10: 2ffd8952-423e-4903-b993-72a1aa44cf82, 1, 0 [(0 [0xC004F014, 0, 0], [(?)(?)(?)(?)(?)(?)(?)(?)])(1 )(2 )(3 )]
11: 30a42c86-b7a0-4a34-8c90-ff177cb2acb7, 1, 0 [(0 [0xC004F014, 0, 0], [(?)(?)(?)(?)(?)(?)(?)(?)])(1 )(2 )(3 )]
12: 345a5db0-d94f-4e3b-a0c0-7c42f7bc3ebf, 1, 0 [(0 [0xC004F014, 0, 0], [(?)(?)(?)(?)(?)(?)(?)(?)])(1 )(2 )(3 )]
13: 3502365a-f88a-4ba4-822a-5769d3073b65, 1, 0 [(0 [0xC004F014, 0, 0], [(?)(?)(?)(?)(?)(?)(?)(?)])(1 )(2 )(3 )]
14: 377333b1-8b5d-48d6-9679-1225c872d37c, 1, 0 [(0 [0xC004F014, 0, 0], [(?)(?)(?)(?)(?)(?)(?)(?)])(1 )(2 )(3 )]
15: 3df374ef-d444-4494-a5a1-4b0d9fd0e203, 1, 0 [(0 [0xC004F014, 0, 0], [(?)(?)(?)(?)(?)(?)(?)(?)])(1 )(2 )(3 )]
16: 3f1afc82-f8ac-4f6c-8005-1d233e606eee, 1, 0 [(0 [0xC004F014, 0, 0], [(?)(?)(?)(?)(?)(?)(?)(?)])(1 )(2 )(3 )]
17: 49cd895b-53b2-4dc4-a5f7-b18aa019ad37, 1, 0 [(0 [0xC004F014, 0, 0], [(?)(?)(?)(?)(?)(?)(?)(?)])(1 )(2 )(3 )]
18: 4de7cb65-cdf1-4de9-8ae8-e3cce27b9f2c, 1, 0 [(0 [0xC004F014, 0, 0], [(?)(?)(?)(?)(?)(?)(?)(?)])(1 )(2 )(3 )]
19: 4f3da0d2-271d-4508-ae81-626b60809a38, 1, 0 [(0 [0xC004F014, 0, 0], [(?)(?)(?)(?)(?)(?)(?)(?)])(1 )(2 )(3 )]
20: 5d78c4e9-aeb3-4b40-8ac2-6a6005e0ad6d, 1, 0 [(0 [0xC004F014, 0, 0], [(?)(?)(?)(?)(?)(?)(?)(?)])(1 )(2 )(3 )]
21: 60b3ec1b-9545-4921-821f-311b129dd6f6, 1, 0 [(0 [0xC004F014, 0, 0], [(?)(?)(?)(?)(?)(?)(?)(?)])(1 )(2 )(3 )]
22: 613d217f-7f13-4268-9907-1662339531cd, 1, 0 [(0 [0xC004F014, 0, 0], [(?)(?)(?)(?)(?)(?)(?)(?)])(1 )(2 )(3 )]
23: 62f0c100-9c53-4e02-b886-a3528ddfe7f6, 1, 0 [(0 [0xC004F014, 0, 0], [(?)(?)(?)(?)(?)(?)(?)(?)])(1 )(2 )(3 )]
24: 6365275e-368d-46ca-a0ef-fc0404119333, 1, 0 [(0 [0xC004F014, 0, 0], [(?)(?)(?)(?)(?)(?)(?)(?)])(1 )(2 )(3 )]
25: 721f9237-9341-4453-a661-09e8baa6cca5, 1, 0 [(0 [0xC004F014, 0, 0], [(?)(?)(?)(?)(?)(?)(?)(?)])(1 )(2 )(3 )]
26: 73111121-5638-40f6-bc11-f1d7b0d64300, 1, 0 [(0 [0xC004F014, 0, 0], [(?)(?)(?)(?)(?)(?)(?)(?)])(1 )(2 )(3 )]
27: 7a802526-4c94-4bd1-ba14-835a1aca2120, 1, 0 [(0 [0xC004F014, 0, 0], [(?)(?)(?)(?)(?)(?)(?)(?)])(1 )(2 )(3 )]
28: 7cb546c0-c7d5-44d8-9a5c-69ecdd782b69, 1, 0 [(0 [0xC004F014, 0, 0], [(?)(?)(?)(?)(?)(?)(?)(?)])(1 )(2 )(3 )]
29: 82bbc092-bc50-4e16-8e18-b74fc486aec3, 1, 0 [(0 [0xC004F014, 0, 0], [(?)(?)(?)(?)(?)(?)(?)(?)])(1 )(2 )(3 )]
30: 8ab9bdd1-1f67-4997-82d9-8878520837d9, 1, 0 [(0 [0xC004F014, 0, 0], [(?)(?)(?)(?)(?)(?)(?)(?)])(1 )(2 )(3 )]
31: 8b351c9c-f398-4515-9900-09df49427262, 1, 0 [(0 [0xC004F014, 0, 0], [(?)(?)(?)(?)(?)(?)(?)(?)])(1 )(2 )(3 )]
32: 90da7373-1c51-430b-bf26-c97e9c5cdc31, 1, 0 [(0 [0xC004F014, 0, 0], [(?)(?)(?)(?)(?)(?)(?)(?)])(1 )(2 )(3 )]
33: 92fb8726-92a8-4ffc-94ce-f82e07444653, 1, 0 [(0 [0xC004F014, 0, 0], [(?)(?)(?)(?)(?)(?)(?)(?)])(1 )(2 )(3 )]
34: 95dca82f-385d-4d39-b85b-5c73fa285d6f, 1, 0 [(0 [0xC004F014, 0, 0], [(?)(?)(?)(?)(?)(?)(?)(?)])(1 )(2 )(3 )]
35: a48938aa-62fa-4966-9d44-9f04da3f72f2, 1, 0 [(0 [0xC004F014, 0, 0], [(?)(?)(?)(?)(?)(?)(?)(?)])(1 )(2 )(3 )]
36: b0773a15-df3a-4312-9ad2-83d69648e356, 1, 0 [(0 [0xC004F014, 0, 0], [(?)(?)(?)(?)(?)(?)(?)(?)])(1 )(2 )(3 )]
37: b4bfe195-541e-4e64-ad23-6177f19e395e, 1, 0 [(0 [0xC004F014, 0, 0], [(?)(?)(?)(?)(?)(?)(?)(?)])(1 )(2 )(3 )]
38: b68e61d2-68ca-4757-be45-0cc2f3e68eee, 1, 0 [(0 [0xC004F014, 0, 0], [(?)(?)(?)(?)(?)(?)(?)(?)])(1 )(2 )(3 )]
39: bd3762d7-270d-4760-8fb3-d829ca45278a, 1, 1 [(0 )(1 )(2 [0x00000000, 1, 0], [(?)( 1 0x00000000)(?)(?)(?)(?)( 10 0x00000000 msft:rm/algorithm/flags/1.0)(?)])(3 )]
40: c86d5194-4840-4dae-9c1c-0301003a5ab0, 1, 0 [(0 [0xC004F014, 0, 0], [(?)(?)(?)(?)(?)(?)(?)(?)])(1 )(2 )(3 )]
41: ca7df2e3-5ea0-47b8-9ac1-b1be4d8edd69, 1, 0 [(0 [0xC004F014, 0, 0], [(?)(?)(?)(?)(?)(?)(?)(?)])(1 )(2 )(3 )]
42: d552befb-48cc-4327-8f39-47d2d94f987c, 1, 0 [(0 [0xC004F014, 0, 0], [(?)(?)(?)(?)(?)(?)(?)(?)])(1 )(2 )(3 )]
43: d6eadb3b-5ca8-4a6b-986e-35b550756111, 1, 0 [(0 [0xC004F014, 0, 0], [(?)(?)(?)(?)(?)(?)(?)(?)])(1 )(2 )(3 )]
44: df96023b-dcd9-4be2-afa0-c6c871159ebe, 1, 0 [(0 [0xC004F014, 0, 0], [(?)(?)(?)(?)(?)(?)(?)(?)])(1 )(2 )(3 )]
45: e0c42288-980c-4788-a014-c080d2e1926e, 1, 0 [(0 [0xC004F014, 0, 0], [(?)(?)(?)(?)(?)(?)(?)(?)])(1 )(2 )(3 )]
46: e4db50ea-bda1-4566-b047-0ca50abc6f07, 1, 0 [(0 [0xC004F014, 0, 0], [(?)(?)(?)(?)(?)(?)(?)(?)])(1 )(2 )(3 )]
47: e558417a-5123-4f6f-91e7-385c1c7ca9d4, 1, 0 [(0 [0xC004F014, 0, 0], [(?)(?)(?)(?)(?)(?)(?)(?)])(1 )(2 )(3 )]
48: e7a950a2-e548-4f10-bf16-02ec848e0643, 1, 0 [(0 [0xC004F014, 0, 0], [(?)(?)(?)(?)(?)(?)(?)(?)])(1 )(2 )(3 )]
49: eb6d346f-1c60-4643-b960-40ec31596c45, 1, 0 [(0 [0xC004F014, 0, 0], [(?)(?)(?)(?)(?)(?)(?)(?)])(1 )(2 )(3 )]
50: ec868e65-fadf-4759-b23e-93fe37f2cc29, 1, 0 [(0 [0xC004F014, 0, 0], [(?)(?)(?)(?)(?)(?)(?)(?)])(1 )(2 )(3 )]
51: ef51e000-2659-4f25-8345-3de70a9cf4c4, 1, 0 [(0 [0xC004F014, 0, 0], [(?)(?)(?)(?)(?)(?)(?)(?)])(1 )(2 )(3 )]
52: f7af7d09-40e4-419c-a49b-eae366689ebd, 1, 0 [(0 [0xC004F014, 0, 0], [(?)(?)(?)(?)(?)(?)(?)(?)])(1 )(2 )(3 )]
53: fa755fe6-6739-40b9-8d84-6d0ea3b6d1ab, 1, 0 [(0 [0xC004F014, 0, 0], [(?)(?)(?)(?)(?)(?)(?)(?)])(1 )(2 )(3 )]
54: fe74f55b-0338-41d6-b267-4a201abe7285, 1, 0 [(0 [0xC004F014, 0, 0], [(?)(?)(?)(?)(?)(?)(?)(?)])(1 )(2 )(3 )]

"
Information,12/25/2022 11:04:53 PM,Microsoft-Windows-Security-SPP,1066,None,"Initialization status for service objects.
C:\WINDOWS\system32\sppwinob.dll, msft:spp/windowsfunctionality/agent/7.0, 0x00000000, 0x00000000
C:\WINDOWS\system32\sppobjs.dll, msft:rm/algorithm/inherited/1.0, 0x00000000, 0x00000000
C:\WINDOWS\system32\sppobjs.dll, msft:rm/algorithm/phone/1.0, 0x00000000, 0x00000000
C:\WINDOWS\system32\sppobjs.dll, msft:rm/algorithm/pkey/detect, 0x00000000, 0x00000000
C:\WINDOWS\system32\sppobjs.dll, msft:spp/ActionScheduler/1.0, 0x00000000, 0x00000000
C:\WINDOWS\system32\sppobjs.dll, msft:spp/TaskScheduler/1.0, 0x00000000, 0x00000000
C:\WINDOWS\system32\sppobjs.dll, msft:spp/statecollector/pkey, 0x00000000, 0x00000000
C:\WINDOWS\system32\sppobjs.dll, msft:spp/volume/services/kms/1.0, 0x00000000, 0x00000000
C:\WINDOWS\system32\sppobjs.dll, msft:spp/volume/services/kms/activationinfo/1.0, 0x00000000, 0x00000000
"
Information,12/25/2022 11:04:53 PM,Microsoft-Windows-Security-SPP,16394,None,Offline downlevel migration succeeded.
Information,12/25/2022 11:04:53 PM,Microsoft-Windows-Security-SPP,900,None,"The Software Protection service is starting.
Parameters:TriggerStarted:6"
Information,12/25/2022 11:04:26 PM,edgeupdate,0,None,Service stopped.
Information,12/25/2022 11:04:19 PM,SecurityCenter,1,None,The Windows Security Center Service has started.
Information,12/25/2022 11:03:59 PM,Microsoft-Windows-Search,1003,Search service,The Windows Search Service started.

Warning,12/25/2022 11:03:57 PM,Microsoft-Windows-WMI,63,None,"A provider, IntelMEProv, has been registered in the Windows Management Instrumentation namespace root\Intel_ME to use the LocalSystem account. This account is privileged and the provider may cause a security violation if it does not correctly impersonate user requests."
Warning,12/25/2022 11:03:57 PM,Microsoft-Windows-WMI,63,None,"A provider, IntelMEProv, has been registered in the Windows Management Instrumentation namespace root\Intel_ME to use the LocalSystem account. This account is privileged and the provider may cause a security violation if it does not correctly impersonate user requests."
Warning,12/25/2022 11:03:57 PM,Microsoft-Windows-WMI,63,None,"A provider, IntelMEProv, has been registered in the Windows Management Instrumentation namespace root\Intel_ME to use the LocalSystem account. This account is privileged and the provider may cause a security violation if it does not correctly impersonate user requests."
Information,12/25/2022 11:03:57 PM,WMIRegistrationService,2,None,Intel(R) WMI Registration Service has successfully finished WMI Registration.
Information,12/25/2022 11:03:56 PM,igccservice,0,None,Service started successfully.
Information,12/25/2022 11:03:55 PM,Microsoft-Windows-WMI,5617,None,Windows Management Instrumentation Service subsystems initialized successfully
Information,12/25/2022 11:03:55 PM,igfxCUIService2.0.0.0,0,None,The operation completed successfully. 
Information,12/25/2022 11:03:55 PM,igfxCUIService2.0.0.0,0,None,The operation completed successfully. 
Information,12/25/2022 11:03:55 PM,igfxCUIService2.0.0.0,0,None,The operation completed successfully. 
Information,12/25/2022 11:03:55 PM,Microsoft-Windows-Winlogon,6000,None,The winlogon notification subscriber <SessionEnv> was unavailable to handle a notification event.
Information,12/25/2022 11:03:54 PM,Microsoft-Windows-WMI,5615,None,Windows Management Instrumentation Service started sucessfully
Information,12/25/2022 11:03:54 PM,Microsoft-Windows-Winlogon,6003,None,The winlogon notification subscriber <SessionEnv> was unavailable to handle a critical notification event.
Information,12/25/2022 11:03:54 PM,WMIRegistrationService,0,None,Intel(R) WMI Registration Service started.
Information,12/25/2022 11:03:54 PM,IntelDalJhi,0,None,Intel(R) Dynamic Application Loader Host Interface Service started.
Information,12/25/2022 11:03:54 PM,RtkAudioUniversalService,0,None,The operation completed successfully. 
Information,12/25/2022 11:03:53 PM,Microsoft-Windows-User Profiles Service,1531,None,"The User Profile Service has started successfully.  

"
Information,12/25/2022 11:03:53 PM,igfxCUIService2.0.0.0,0,None,The operation completed successfully. 
Information,12/25/2022 11:03:53 PM,Microsoft-Windows-EventSystem,4625,None,The EventSystem sub system is suppressing duplicate event log entries for a duration of 86400 seconds.  The suppression timeout can be controlled by a REG_DWORD value named SuppressDuplicateDuration under the following registry key: HKLM\Software\Microsoft\EventSystem\EventLog.
Information,12/25/2022 11:03:36 PM,Microsoft-Windows-User Profiles Service,1532,None,"The User Profile Service has stopped.  

"
Information,12/25/2022 11:03:36 PM,Microsoft-Windows-Winlogon,6000,None,The winlogon notification subscriber <SessionEnv> was unavailable to handle a notification event.
Information,12/25/2022 11:03:36 PM,Microsoft-Windows-Winlogon,6000,None,The winlogon notification subscriber <WSearch> was unavailable to handle a notification event.
Information,12/25/2022 11:03:36 PM,igfxCUIService2.0.0.0,0,None,The operation completed successfully. 
Information,12/25/2022 11:03:36 PM,igfxCUIService2.0.0.0,0,None,The operation completed successfully. 
Information,12/25/2022 11:02:29 PM,Windows Error Reporting,1001,None,"Fault bucket 1765063285058218505, type 5
Event Name: RADAR_PRE_LEAK_64
Response: Not available
Cab Id: 0

Problem signature:
P1: python.exe
P2: 3.8.10150.1013
P3: 10.0.22621.2.0.0
P4: 
P5: 
P6: 
P7: 
P8: 
P9: 
P10: 

Attached files:
\\?\C:\Users\ozeas\AppData\Local\Temp\RDR52FF.tmp\empty.txt
\\?\C:\ProgramData\Microsoft\Windows\WER\Temp\WER.e43e23e0-4272-4a5e-9860-ac51874baa1d.tmp.WERInternalMetadata.xml
\\?\C:\ProgramData\Microsoft\Windows\WER\Temp\WER.82f30d70-370f-4043-8852-ee601aa6abd3.tmp.csv
\\?\C:\ProgramData\Microsoft\Windows\WER\Temp\WER.52d11b4a-6187-4a78-aed4-6ebdc5b53f79.tmp.txt
\\?\C:\ProgramData\Microsoft\Windows\WER\Temp\WER.83fd48ae-99c5-4c12-8757-b5a1648a6ff4.tmp.xml

These files may be available here:
NULL

Analysis symbol: 
Rechecking for solution: 0
Report Id: 22b3cd9b-3051-47e9-9f82-f6ce60c7cf56
Report Status: 268435456
Hashed bucket: c224a618857d49a5487ec3b4bffaaa09
Cab Guid: 0"
Information,12/25/2022 10:57:32 PM,Windows Error Reporting,1001,None,"Fault bucket 1457737426587714475, type 5
Event Name: RADAR_PRE_LEAK_64
Response: Not available
Cab Id: 0

Problem signature:
P1: dwm.exe
P2: 10.0.22621.608
P3: 10.0.22621.2.0.0
P4: 
P5: 
P6: 
P7: 
P8: 
P9: 
P10: 

Attached files:
\\?\C:\Users\ozeas\AppData\Local\Temp\RDRBF2E.tmp\empty.txt
\\?\C:\ProgramData\Microsoft\Windows\WER\Temp\WER.906ca612-92c1-43ff-b126-55d2931e5dce.tmp.WERInternalMetadata.xml
\\?\C:\ProgramData\Microsoft\Windows\WER\Temp\WER.dfe438cd-53fa-49b3-9c63-663b03fb0c0c.tmp.csv
\\?\C:\ProgramData\Microsoft\Windows\WER\Temp\WER.3249cf09-d4e3-49c0-83ca-c4ef20a247f0.tmp.txt
\\?\C:\ProgramData\Microsoft\Windows\WER\Temp\WER.ee0249e5-c29b-40ec-a0a2-8d8f33d7e65c.tmp.xml

These files may be available here:
NULL

Analysis symbol: 
Rechecking for solution: 0
Report Id: 76d5176f-f407-4f0c-a018-ee2ca39a239e
Report Status: 268435456
Hashed bucket: 8b83feaa39890885c43aec774f8d83ab
Cab Guid: 0"
Information,12/25/2022 10:53:30 PM,Microsoft-Windows-Security-SPP,16384,None,Successfully scheduled Software Protection service for re-start at 2122-12-02T01:53:30Z. Reason: RulesEngine.
Information,2/25/2023 10:52:21 PM,Windows Error Reporting,1001,None,"Fault bucket 1457737426587714475, type 5
Event Name: RADAR_PRE_LEAK_64
Response: Not available
Cab Id: 0

Problem signature:
P1: dwm.exe
P2: 10.0.22621.608
P3: 10.0.22621.2.0.0
P4: 
P5: 
P6: 
P7: 
P8: 
P9: 
P10: 

Attached files:
\\?\C:\Users\ozeas\AppData\Local\Temp\RDR2B4D.tmp\empty.txt
\\?\C:\ProgramData\Microsoft\Windows\WER\Temp\WER.29485efb-da3f-4517-877b-a54d76b6bb03.tmp.WERInternalMetadata.xml
\\?\C:\ProgramData\Microsoft\Windows\WER\Temp\WER.6abca02e-6168-4eb9-96f6-210e8d5d43ec.tmp.csv
\\?\C:\ProgramData\Microsoft\Windows\WER\Temp\WER.78c6d4e7-182b-479c-a37f-ad7276b75966.tmp.txt
\\?\C:\ProgramData\Microsoft\Windows\WER\Temp\WER.c46d919b-21a0-4786-888b-220ae80b72b5.tmp.xml

These files may be available here:
NULL

Analysis symbol: 
Rechecking for solution: 0
Report Id: 7d9b9990-dcfb-449b-a57d-9b87a26e69f2
Report Status: 268435456
Hashed bucket: 8b83feaa39890885c43aec774f8d83ab
Cab Guid: 0"
Information,2/25/2023 10:51:57 PM,edgeupdate,0,None,Service stopped.
Information,2/25/2023 10:51:56 PM,Microsoft-Windows-Security-SPP,1033,None,"These policies are being excluded since they are only defined with override-only attribute.
Policy Names=(Security-SPP-Reserved-EnableNotificationMode) 
App Id=55c92734-d682-4d71-983e-d6ec3f16059f
Sku Id=bd3762d7-270d-4760-8fb3-d829ca45278a"
Information,2/25/2023 10:51:56 PM,Microsoft-Windows-Security-SPP,1034,None,Duplicate definition of policy found. Policy name=Security-SPP-WriteWauMarker  Priority=500
Information,2/25/2023 10:51:56 PM,Microsoft-Windows-Security-SPP,1034,None,Duplicate definition of policy found. Policy name=AAD-BlockAADWorkplaceJoin-Default  Priority=100
Information,2/25/2023 10:51:56 PM,Microsoft-Windows-Security-SPP,1034,None,Duplicate definition of policy found. Policy name=AAD-BlockAADWorkplaceJoin-Default  Priority=100
Information,2/25/2023 10:51:56 PM,Microsoft-Windows-Security-SPP,1034,None,Duplicate definition of policy found. Policy name=AAD-BlockAADWorkplaceJoin-Default  Priority=100
Information,2/25/2023 10:51:56 PM,Microsoft-Windows-Security-SPP,1034,None,Duplicate definition of policy found. Policy name=AAD-BlockAADWorkplaceJoin-Default  Priority=100
Information,2/25/2023 10:51:56 PM,Microsoft-Windows-Security-SPP,1034,None,Duplicate definition of policy found. Policy name=AAD-BlockAADWorkplaceJoin-Default  Priority=100
Information,2/25/2023 10:51:56 PM,Microsoft-Windows-Security-SPP,1034,None,Duplicate definition of policy found. Policy name=AAD-BlockAADWorkplaceJoin-Default  Priority=100
Information,2/25/2023 10:51:56 PM,Microsoft-Windows-Security-SPP,1034,None,Duplicate definition of policy found. Policy name=AAD-BlockAADWorkplaceJoin-Default  Priority=100
Information,2/25/2023 10:51:56 PM,Microsoft-Windows-Security-SPP,1034,None,Duplicate definition of policy found. Policy name=AAD-BlockAADWorkplaceJoin-Default  Priority=100
Information,2/25/2023 10:51:56 PM,Microsoft-Windows-Security-SPP,1034,None,Duplicate definition of policy found. Policy name=AAD-BlockAADWorkplaceJoin-Default  Priority=100
Information,2/25/2023 10:51:56 PM,Microsoft-Windows-Security-SPP,1034,None,Duplicate definition of policy found. Policy name=AAD-BlockAADWorkplaceJoin-Default  Priority=100
Information,2/25/2023 10:51:54 PM,Microsoft-Windows-Security-SPP,16394,None,Offline downlevel migration succeeded.
Information,2/25/2023 10:51:48 PM,Microsoft-Windows-RestartManager,10001,None,Ending session 3 started ‎2023‎-‎02‎-‎26T01:51:47.735705900Z.
Information,2/25/2023 10:51:47 PM,Microsoft-Windows-RestartManager,10000,None,Starting session 3 - ‎2023‎-‎02‎-‎26T01:51:47.735705900Z.
Information,12/25/2022 10:50:51 PM,VSS,8224,None,The VSS service is shutting down due to idle timeout. 
Information,12/25/2022 10:50:22 PM,Microsoft-Windows-CAPI2,4097,None,"Successful auto update of third-party root certificate:: Subject: <CN=Starfield Services Root Certificate Authority - G2, O=""Starfield Technologies, Inc."", L=Scottsdale, S=Arizona, C=US> Sha1 thumbprint: <925A8F8D2C6D04E0665F596AFF22D863E8256F3F>."
Information,12/25/2022 10:48:25 PM,Microsoft-Windows-RestartManager,10001,None,Ending session 0 started ‎2022‎-‎12‎-‎26T01:47:55.102909300Z.
Information,12/25/2022 10:48:25 PM,MsiInstaller,1042,None,Ending a Windows Installer transaction: C:\ProgramData\Package Cache\{10A385DC-BC76-40C0-AA57-E9B78A7E7C6B}v19.3.510\tableau-setup-std-tableau-2019-3.19.0821.2225-x64.msi. Client Process Id: 11372.
Information,12/25/2022 10:48:25 PM,MsiInstaller,1033,None,Windows Installer installed the product. Product Name: Tableau 2019.3 (20193.19.0821.2225). Product Version: 19.3.510. Product Language: 1033. Manufacturer: Tableau Software. Installation success or error status: 0.
Information,12/25/2022 10:48:25 PM,MsiInstaller,11707,None,Product: Tableau 2019.3 (20193.19.0821.2225) -- Installation completed successfully.
Information,12/25/2022 10:47:55 PM,Microsoft-Windows-RestartManager,10000,None,Starting session 0 - ‎2022‎-‎12‎-‎26T01:47:55.102909300Z.
Information,12/25/2022 10:47:54 PM,MsiInstaller,1040,None,Beginning a Windows Installer transaction: C:\ProgramData\Package Cache\{10A385DC-BC76-40C0-AA57-E9B78A7E7C6B}v19.3.510\tableau-setup-std-tableau-2019-3.19.0821.2225-x64.msi. Client Process Id: 11372.
Information,12/25/2022 10:47:51 PM,System Restore,8216,None,Skipping creation of restore point (Process = C:\WINDOWS\Temp\{261AEDF8-B29B-49A4-9940-9A82861F20D8}\.be\tableau-setup-std-tableau-2019-3.19.0821.2225-x64.exe -q -burn.elevated BurnPipe.{A218957C-A5A9-4275-B597-7B8DBCC6B65A} {939FACFC-EB26-438A-A94A-C7DBC122B1C0} 15516; Description = Tableau 2019.3 (20193.19.0821.2225)) as there is a restore point avaliable which is recent enough for System Restore.
Information,12/25/2022 10:39:07 PM,Microsoft-Windows-RestartManager,10001,None,Ending session 3 started ‎2022‎-‎12‎-‎26T01:39:06.849055100Z.
Information,12/25/2022 10:39:06 PM,Microsoft-Windows-RestartManager,10000,None,Starting session 3 - ‎2022‎-‎12‎-‎26T01:39:06.849055100Z.
Information,12/25/2022 10:36:17 PM,Windows Error Reporting,1001,None,"Fault bucket 1237502579063266731, type 5
Event Name: BEX64
Response: Not available
Cab Id: 0

Problem signature:
P1: Code.exe
P2: 1.74.0.0
P3: 62d753ca
P4: ntdll.dll
P5: 10.0.22621.900
P6: a97a9ed6
P7: 0000000000125e10
P8: c000000d
P9: 0000000000000000
P10: 

Attached files:
\\?\C:\ProgramData\Microsoft\Windows\WER\Temp\WER.e8e36a81-2154-4ce7-9841-d6d62ac0c33f.tmp.WERInternalMetadata.xml

These files may be available here:
\\?\C:\ProgramData\Microsoft\Windows\WER\ReportArchive\AppCrash_Code.exe_d3b067616eb0f8ac7044b37c83c97b673a7abee_8fb69353_ff686799-9c7d-4537-be2a-f7e8f3e8691f

Analysis symbol: 
Rechecking for solution: 0
Report Id: 94bf0987-46e9-4a54-bfbb-8cf051e39deb
Report Status: 268566528
Hashed bucket: 7f626fd87d4e1362212c7e0a01b21dab
Cab Guid: 0"
Information,12/25/2022 10:36:14 PM,Windows Error Reporting,1001,None,"Fault bucket , type 0
Event Name: BEX64
Response: Not available
Cab Id: 0

Problem signature:
P1: Code.exe
P2: 1.74.0.0
P3: 62d753ca
P4: ntdll.dll
P5: 10.0.22621.900
P6: a97a9ed6
P7: 0000000000125e10
P8: c000000d
P9: 0000000000000000
P10: 

Attached files:

These files may be available here:
\\?\C:\ProgramData\Microsoft\Windows\WER\ReportQueue\AppCrash_Code.exe_d3b067616eb0f8ac7044b37c83c97b673a7abee_8fb69353_ff686799-9c7d-4537-be2a-f7e8f3e8691f

Analysis symbol: 
Rechecking for solution: 0
Report Id: 94bf0987-46e9-4a54-bfbb-8cf051e39deb
Report Status: 131076
Hashed bucket: 
Cab Guid: 0"
Error,12/25/2022 10:36:12 PM,Application Error,1000,Application Crashing Events,"Faulting application name: Code.exe, version: 1.74.0.0, time stamp: 0x62d753ca
Faulting module name: ntdll.dll, version: 10.0.22621.900, time stamp: 0xa97a9ed6
Exception code: 0xc000000d
Fault offset: 0x0000000000125e10
Faulting process id: 0x0x212C
Faulting application start time: 0x0x1D918BE07621C40
Faulting application path: C:\Users\ozeas\AppData\Local\Programs\Microsoft VS Code\Code.exe
Faulting module path: C:\WINDOWS\SYSTEM32\ntdll.dll
Report Id: 94bf0987-46e9-4a54-bfbb-8cf051e39deb
Faulting package full name: 
Faulting package-relative application ID: "
Information,12/25/2022 10:35:24 PM,Microsoft-Windows-RestartManager,10001,None,Ending session 3 started ‎2022‎-‎12‎-‎26T01:35:24.089825400Z.
Information,12/25/2022 10:35:24 PM,Microsoft-Windows-RestartManager,10000,None,Starting session 3 - ‎2022‎-‎12‎-‎26T01:35:24.089825400Z.
Information,12/25/2022 10:35:23 PM,Microsoft-Windows-RestartManager,10001,None,Ending session 3 started ‎2022‎-‎12‎-‎26T01:35:23.749735100Z.
Information,12/25/2022 10:35:23 PM,Microsoft-Windows-RestartManager,10000,None,Starting session 3 - ‎2022‎-‎12‎-‎26T01:35:23.749735100Z.
Information,12/25/2022 10:35:23 PM,Microsoft-Windows-RestartManager,10001,None,Ending session 3 started ‎2022‎-‎12‎-‎26T01:35:23.263035800Z.
Information,12/25/2022 10:35:23 PM,Microsoft-Windows-RestartManager,10000,None,Starting session 3 - ‎2022‎-‎12‎-‎26T01:35:23.263035800Z.
Information,12/25/2022 10:35:10 PM,Microsoft-Windows-RestartManager,10001,None,Ending session 3 started ‎2022‎-‎12‎-‎26T01:35:10.053529300Z.
Information,12/25/2022 10:35:10 PM,Microsoft-Windows-RestartManager,10000,None,Starting session 3 - ‎2022‎-‎12‎-‎26T01:35:10.053529300Z.
Information,12/25/2022 10:33:47 PM,Microsoft-Windows-RestartManager,10001,None,Ending session 3 started ‎2022‎-‎12‎-‎26T01:33:47.123562200Z.
Information,12/25/2022 10:33:47 PM,Microsoft-Windows-RestartManager,10000,None,Starting session 3 - ‎2022‎-‎12‎-‎26T01:33:47.123562200Z.
Information,12/25/2022 10:28:26 PM,VSS,8224,None,The VSS service is shutting down due to idle timeout. 
Information,12/25/2022 10:25:47 PM,Microsoft-Windows-RestartManager,10001,None,Ending session 0 started ‎2022‎-‎12‎-‎26T01:25:26.862597800Z.
Information,12/25/2022 10:25:47 PM,MsiInstaller,1042,None,Ending a Windows Installer transaction: {10A385DC-BC76-40C0-AA57-E9B78A7E7C6B}. Client Process Id: 12724.
Information,12/25/2022 10:25:47 PM,MsiInstaller,1034,None,Windows Installer removed the product. Product Name: Tableau 2019.3 (20193.19.0821.2225). Product Version: 19.3.510. Product Language: 1033. Manufacturer: Tableau Software. Removal success or error status: 0.
Information,12/25/2022 10:25:47 PM,MsiInstaller,11724,None,Product: Tableau 2019.3 (20193.19.0821.2225) -- Removal completed successfully.
Information,12/25/2022 10:25:26 PM,Microsoft-Windows-RestartManager,10000,None,Starting session 0 - ‎2022‎-‎12‎-‎26T01:25:26.862597800Z.
Information,12/25/2022 10:25:26 PM,MsiInstaller,1040,None,Beginning a Windows Installer transaction: {10A385DC-BC76-40C0-AA57-E9B78A7E7C6B}. Client Process Id: 12724.
Information,12/25/2022 10:25:26 PM,System Restore,8216,None,"Skipping creation of restore point (Process = C:\ProgramData\Package Cache\{9b387a7d-b660-46a6-8786-a23004d0f04a}\tableau-setup-std-tableau-2019-3.19.0821.2225-x64.exe Cache\{9b387a7d-b660-46a6-8786-a23004d0f04a}\tableau-setup-std-tableau-2019-3.19.0821.2225-x64.exe"" -q -burn.elevated BurnPipe.{18CCCFA6-48D7-44FB-9089-760A063738BB} {B3AA05D3-35DB-4650-B29E-8B98F2577E7A} 9640; Description = Tableau 2019.3 (20193.19.0821.2225)) as there is a restore point avaliable which is recent enough for System Restore."
Information,12/25/2022 10:20:52 PM,edgeupdatem,0,None,Service stopped.
Information,12/25/2022 10:20:52 PM,edgeupdatem,0,None,Service stopped.
Information,12/25/2022 10:14:52 PM,VSS,8224,None,The VSS service is shutting down due to idle timeout. 
Information,12/25/2022 10:12:33 PM,Microsoft-Windows-RestartManager,10001,None,Ending session 0 started ‎2022‎-‎12‎-‎26T01:11:57.252767900Z.
Information,12/25/2022 10:12:33 PM,MsiInstaller,1042,None,Ending a Windows Installer transaction: C:\ProgramData\Package Cache\{10A385DC-BC76-40C0-AA57-E9B78A7E7C6B}v19.3.510\tableau-setup-std-tableau-2019-3.19.0821.2225-x64.msi. Client Process Id: 12308.
Information,12/25/2022 10:12:33 PM,MsiInstaller,1033,None,Windows Installer installed the product. Product Name: Tableau 2019.3 (20193.19.0821.2225). Product Version: 19.3.510. Product Language: 1033. Manufacturer: Tableau Software. Installation success or error status: 0.
Information,12/25/2022 10:12:33 PM,MsiInstaller,11707,None,Product: Tableau 2019.3 (20193.19.0821.2225) -- Installation completed successfully.
Information,12/25/2022 10:11:57 PM,Microsoft-Windows-RestartManager,10000,None,Starting session 0 - ‎2022‎-‎12‎-‎26T01:11:57.252767900Z.
Information,12/25/2022 10:11:56 PM,MsiInstaller,1040,None,Beginning a Windows Installer transaction: C:\ProgramData\Package Cache\{10A385DC-BC76-40C0-AA57-E9B78A7E7C6B}v19.3.510\tableau-setup-std-tableau-2019-3.19.0821.2225-x64.msi. Client Process Id: 12308.
Information,12/25/2022 10:11:52 PM,System Restore,8216,None,Skipping creation of restore point (Process = C:\Users\ozeas\AppData\Local\Temp\{1B84FEC9-205F-4F4B-8230-BAFFEDE608C2}\.be\tableau-setup-std-tableau-2019-3.19.0821.2225-x64.exe -q -burn.elevated BurnPipe.{7A08D4EF-F3A3-48F9-9355-E72CD4C98DFD} {5E59B036-CF27-49E1-86B5-60D47B9467C1} 4264; Description = Tableau 2019.3 (20193.19.0821.2225)) as there is a restore point avaliable which is recent enough for System Restore.
Information,12/25/2022 10:06:47 PM,VSS,8224,None,The VSS service is shutting down due to idle timeout. 
Information,12/25/2022 10:03:47 PM,System Restore,8216,None,Skipping creation of restore point (Process = C:\WINDOWS\winsxs\amd64_microsoft-windows-servicingstack_31bf3856ad364e35_10.0.22621.898_none_6b467c06908d3d29\TiWorker.exe -Embedding; Description = Windows Modules Installer) as there is a restore point avaliable which is recent enough for System Restore.
Information,12/25/2022 10:02:22 PM,VSS,8224,None,The VSS service is shutting down due to idle timeout. 
Information,12/25/2022 10:02:12 PM,Microsoft-Windows-Security-SPP,16384,None,Successfully scheduled Software Protection service for re-start at 2122-12-02T01:02:12Z. Reason: RulesEngine.
Information,12/25/2022 10:01:42 PM,Microsoft-Windows-Security-SPP,16394,None,Offline downlevel migration succeeded.
Information,12/25/2022 9:59:41 PM,Microsoft-Windows-RestartManager,10001,None,Ending session 0 started ‎2022‎-‎12‎-‎26T00:59:22.398525300Z.
Information,12/25/2022 9:59:41 PM,MsiInstaller,1042,None,Ending a Windows Installer transaction: {10A385DC-BC76-40C0-AA57-E9B78A7E7C6B}. Client Process Id: 4556.
Information,12/25/2022 9:59:41 PM,MsiInstaller,1034,None,Windows Installer removed the product. Product Name: Tableau 2019.3 (20193.19.0821.2225). Product Version: 19.3.510. Product Language: 1033. Manufacturer: Tableau Software. Removal success or error status: 0.
Information,12/25/2022 9:59:41 PM,MsiInstaller,11724,None,Product: Tableau 2019.3 (20193.19.0821.2225) -- Removal completed successfully.
Information,12/25/2022 9:59:22 PM,Microsoft-Windows-RestartManager,10000,None,Starting session 0 - ‎2022‎-‎12‎-‎26T00:59:22.398525300Z.
Information,12/25/2022 9:59:22 PM,MsiInstaller,1040,None,Beginning a Windows Installer transaction: {10A385DC-BC76-40C0-AA57-E9B78A7E7C6B}. Client Process Id: 4556.
Information,12/25/2022 9:59:22 PM,System Restore,8216,None,"Skipping creation of restore point (Process = C:\ProgramData\Package Cache\{9b387a7d-b660-46a6-8786-a23004d0f04a}\tableau-setup-std-tableau-2019-3.19.0821.2225-x64.exe Cache\{9b387a7d-b660-46a6-8786-a23004d0f04a}\tableau-setup-std-tableau-2019-3.19.0821.2225-x64.exe"" -q -burn.elevated BurnPipe.{39351FC3-6485-4273-8ABF-9031DDEDCBCF} {6C204787-C954-4838-B7CD-4F609958C3CE} 14400; Description = Tableau 2019.3 (20193.19.0821.2225)) as there is a restore point avaliable which is recent enough for System Restore."
Information,12/25/2022 9:59:03 PM,VSS,8224,None,The VSS service is shutting down due to idle timeout. 
Information,12/25/2022 9:57:10 PM,Microsoft-Windows-RestartManager,10001,None,Ending session 0 started ‎2022‎-‎12‎-‎26T00:56:05.127234600Z.
Information,12/25/2022 9:57:10 PM,MsiInstaller,1042,None,Ending a Windows Installer transaction: C:\ProgramData\Package Cache\{10A385DC-BC76-40C0-AA57-E9B78A7E7C6B}v19.3.510\tableau-setup-std-tableau-2019-3.19.0821.2225-x64.msi. Client Process Id: 13052.
Information,12/25/2022 9:57:10 PM,MsiInstaller,1035,None,Windows Installer reconfigured the product. Product Name: Tableau 2019.3 (20193.19.0821.2225). Product Version: 19.3.510. Product Language: 1033. Manufacturer: Tableau Software. Reconfiguration success or error status: 0.
Information,12/25/2022 9:57:10 PM,MsiInstaller,11728,None,Product: Tableau 2019.3 (20193.19.0821.2225) -- Configuration completed successfully.
Information,12/25/2022 9:56:05 PM,Microsoft-Windows-RestartManager,10000,None,Starting session 0 - ‎2022‎-‎12‎-‎26T00:56:05.127234600Z.
Information,12/25/2022 9:56:05 PM,MsiInstaller,1040,None,Beginning a Windows Installer transaction: C:\ProgramData\Package Cache\{10A385DC-BC76-40C0-AA57-E9B78A7E7C6B}v19.3.510\tableau-setup-std-tableau-2019-3.19.0821.2225-x64.msi. Client Process Id: 13052.
Information,12/25/2022 9:56:03 PM,System Restore,8216,None,"Skipping creation of restore point (Process = C:\ProgramData\Package Cache\{9b387a7d-b660-46a6-8786-a23004d0f04a}\tableau-setup-std-tableau-2019-3.19.0821.2225-x64.exe Cache\{9b387a7d-b660-46a6-8786-a23004d0f04a}\tableau-setup-std-tableau-2019-3.19.0821.2225-x64.exe"" -q -burn.elevated BurnPipe.{80536BFD-F0DC-435F-954E-498F52AB005A} {AA006976-DA66-4FF5-B34D-A0FD17008C97} 400; Description = Tableau 2019.3 (20193.19.0821.2225)) as there is a restore point avaliable which is recent enough for System Restore."
Information,12/25/2022 9:54:46 PM,Windows Error Reporting,1001,None,"Fault bucket INVALID_REQUEST, type 0
Event Name: WinPBRDiag
Response: Not available
Cab Id: 0

Problem signature:
P1: 1
P2: X
P3: 9
P4: 0
P5: X
P6: X
P7: 22621
P8: ni_release
P9: X
P10: X

Attached files:
\\?\C:\Windows\Panther\SetupAct.log
\\?\C:\Windows\Panther\diagerr.xml
\\?\C:\Windows\INF\setupapi.setup.log
\\?\C:\Windows\INF\setupapi.dev.log
\\?\C:\Windows\INF\setupapi.offline.log
\\?\C:\ProgramData\Microsoft\Windows\WER\Temp\WER.f56e8030-e6e9-409b-ad01-1fe9350134f8.tmp.WERInternalMetadata.xml
\\?\C:\ProgramData\Microsoft\Windows\WER\Temp\WER.74e78936-5e19-409a-ba64-be2373cb13ba.tmp.csv
\\?\C:\ProgramData\Microsoft\Windows\WER\Temp\WER.d46bc28f-2355-4c15-a659-1bc04cee99c4.tmp.txt
\\?\C:\ProgramData\Microsoft\Windows\WER\Temp\WER.e8dc491c-1a1e-417a-b92b-80fbd92d8f91.tmp.xml

These files may be available here:
\\?\C:\ProgramData\Microsoft\Windows\WER\ReportArchive\NonCritical_1_9dfa32aef1fc523416b3a6e597d61231c035a9_00000000_ae29d8c5-4db2-4b68-9b9d-df9a429f230b

Analysis symbol: 
Rechecking for solution: 0
Report Id: ae29d8c5-4db2-4b68-9b9d-df9a429f230b
Report Status: 268435462
Hashed bucket: 
Cab Guid: 0"
Information,12/25/2022 9:54:14 PM,Microsoft-Windows-RestartManager,10001,None,Ending session 3 started ‎2022‎-‎12‎-‎26T00:54:14.635914900Z.
Information,12/25/2022 9:54:14 PM,Microsoft-Windows-RestartManager,10000,None,Starting session 3 - ‎2022‎-‎12‎-‎26T00:54:14.635914900Z.
Information,12/25/2022 9:52:46 PM,VSS,8224,None,The VSS service is shutting down due to idle timeout. 
Information,12/25/2022 9:50:22 PM,Microsoft-Windows-RestartManager,10001,None,Ending session 0 started ‎2022‎-‎12‎-‎26T00:49:49.811199800Z.
Information,12/25/2022 9:50:22 PM,MsiInstaller,1042,None,Ending a Windows Installer transaction: C:\ProgramData\Package Cache\{10A385DC-BC76-40C0-AA57-E9B78A7E7C6B}v19.3.510\tableau-setup-std-tableau-2019-3.19.0821.2225-x64.msi. Client Process Id: 2496.
Information,12/25/2022 9:50:22 PM,MsiInstaller,1033,None,Windows Installer installed the product. Product Name: Tableau 2019.3 (20193.19.0821.2225). Product Version: 19.3.510. Product Language: 1033. Manufacturer: Tableau Software. Installation success or error status: 0.
Information,12/25/2022 9:50:22 PM,MsiInstaller,11707,None,Product: Tableau 2019.3 (20193.19.0821.2225) -- Installation completed successfully.
Information,12/25/2022 9:50:12 PM,Microsoft-Windows-Security-SPP,16384,None,Successfully scheduled Software Protection service for re-start at 2122-12-02T00:50:12Z. Reason: RulesEngine.
Information,12/25/2022 9:49:49 PM,Microsoft-Windows-RestartManager,10000,None,Starting session 0 - ‎2022‎-‎12‎-‎26T00:49:49.811199800Z.
Information,12/25/2022 9:49:49 PM,Microsoft-Windows-RestartManager,10001,None,Ending session 0 started ‎2022‎-‎12‎-‎26T00:49:48.404487800Z.
Information,12/25/2022 9:49:49 PM,MsiInstaller,1040,None,Beginning a Windows Installer transaction: C:\ProgramData\Package Cache\{10A385DC-BC76-40C0-AA57-E9B78A7E7C6B}v19.3.510\tableau-setup-std-tableau-2019-3.19.0821.2225-x64.msi. Client Process Id: 2496.
Information,12/25/2022 9:49:49 PM,MsiInstaller,1042,None,Ending a Windows Installer transaction: C:\ProgramData\Package Cache\{788C401A-726B-4CE7-8BC2-89FD7967A6ED}v1.3.7.1000\AmazonRedshiftODBC64-1.3.7.1000.msi. Client Process Id: 2496.
Information,12/25/2022 9:49:49 PM,MsiInstaller,1033,None,Windows Installer installed the product. Product Name: Amazon Redshift ODBC Driver 64-bit. Product Version: 1.3.7.1000. Product Language: 1033. Manufacturer: Amazon Corporate LLC. Installation success or error status: 0.
Information,12/25/2022 9:49:49 PM,MsiInstaller,11707,None,Product: Amazon Redshift ODBC Driver 64-bit -- Installation completed successfully.
Information,12/25/2022 9:49:48 PM,Microsoft-Windows-RestartManager,10000,None,Starting session 0 - ‎2022‎-‎12‎-‎26T00:49:48.404487800Z.
Information,12/25/2022 9:49:48 PM,Microsoft-Windows-RestartManager,10001,None,Ending session 0 started ‎2022‎-‎12‎-‎26T00:49:48.025627500Z.
Information,12/25/2022 9:49:48 PM,Microsoft-Windows-RestartManager,10000,None,Starting session 0 - ‎2022‎-‎12‎-‎26T00:49:48.025627500Z.
Information,12/25/2022 9:49:47 PM,Microsoft-Windows-RestartManager,10001,None,Ending session 0 started ‎2022‎-‎12‎-‎26T00:49:47.383261700Z.
Information,12/25/2022 9:49:48 PM,MsiInstaller,1040,None,Beginning a Windows Installer transaction: C:\ProgramData\Package Cache\{788C401A-726B-4CE7-8BC2-89FD7967A6ED}v1.3.7.1000\AmazonRedshiftODBC64-1.3.7.1000.msi. Client Process Id: 2496.
Information,12/25/2022 9:49:48 PM,MsiInstaller,1042,None,Ending a Windows Installer transaction: C:\ProgramData\Package Cache\{3F8971B0-061B-4163-9D3F-EA94151B2FCF}v09.06.0504\psqlodbc09060504_x64.msi. Client Process Id: 2496.
Information,12/25/2022 9:49:48 PM,MsiInstaller,1033,None,Windows Installer installed the product. Product Name: psqlODBC_x64. Product Version: 09.06.0504. Product Language: 1033. Manufacturer: PostgreSQL Global Development Group. Installation success or error status: 0.
Information,12/25/2022 9:49:48 PM,MsiInstaller,11707,None,Product: psqlODBC_x64 -- Installation completed successfully.
Information,12/25/2022 9:49:47 PM,MsiInstaller,1040,None,Beginning a Windows Installer transaction: C:\ProgramData\Package Cache\{3F8971B0-061B-4163-9D3F-EA94151B2FCF}v09.06.0504\psqlodbc09060504_x64.msi. Client Process Id: 2496.
Information,12/25/2022 9:49:47 PM,MsiInstaller,1042,None,Ending a Windows Installer transaction: C:\ProgramData\Package Cache\{5F9345E2-76B2-4639-AD3B-DB2ABC716930}v17.1.0.1\msodbcsql_17.1.0.1_x64.msi. Client Process Id: 2496.
Information,12/25/2022 9:49:47 PM,MsiInstaller,1033,None,Windows Installer installed the product. Product Name: Microsoft ODBC Driver 17 for SQL Server. Product Version: 17.1.0.1. Product Language: 1033. Manufacturer: Microsoft Corporation. Installation success or error status: 0.
Information,12/25/2022 9:49:47 PM,MsiInstaller,11707,None,Product: Microsoft ODBC Driver 17 for SQL Server -- Installation completed successfully.
Information,12/25/2022 9:49:47 PM,Microsoft-Windows-RestartManager,10000,None,Starting session 0 - ‎2022‎-‎12‎-‎26T00:49:47.383261700Z.
Information,12/25/2022 9:49:47 PM,Microsoft-Windows-RestartManager,10001,None,Ending session 0 started ‎2022‎-‎12‎-‎26T00:49:46.928404800Z.
Information,12/25/2022 9:49:46 PM,Microsoft-Windows-RestartManager,10000,None,Starting session 0 - ‎2022‎-‎12‎-‎26T00:49:46.928404800Z.
Information,12/25/2022 9:49:46 PM,Microsoft-Windows-RestartManager,10001,None,Ending session 0 started ‎2022‎-‎12‎-‎26T00:49:46.604572500Z.
Information,12/25/2022 9:49:46 PM,Microsoft-Windows-RestartManager,10000,None,Starting session 0 - ‎2022‎-‎12‎-‎26T00:49:46.604572500Z.
Information,12/25/2022 9:49:47 PM,MsiInstaller,1040,None,Beginning a Windows Installer transaction: C:\ProgramData\Package Cache\{5F9345E2-76B2-4639-AD3B-DB2ABC716930}v17.1.0.1\msodbcsql_17.1.0.1_x64.msi. Client Process Id: 2496.
Information,12/25/2022 9:49:47 PM,MsiInstaller,1042,None,Ending a Windows Installer transaction: C:\ProgramData\Package Cache\{F106B700-BFF8-3065-B305-14D36AD40539}v14.15.26706\packages\vcRuntimeAdditional_amd64\vc_runtimeAdditional_x64.msi. Client Process Id: 10476.
Information,12/25/2022 9:49:47 PM,MsiInstaller,1033,None,Windows Installer installed the product. Product Name: Microsoft Visual C++ 2017 x64 Additional Runtime - 14.15.26706. Product Version: 14.15.26706. Product Language: 1033. Manufacturer: Microsoft Corporation. Installation success or error status: 0.
Information,12/25/2022 9:49:47 PM,MsiInstaller,11707,None,Product: Microsoft Visual C++ 2017 x64 Additional Runtime - 14.15.26706 -- Installation completed successfully.
Information,12/25/2022 9:49:46 PM,MsiInstaller,1040,None,Beginning a Windows Installer transaction: C:\ProgramData\Package Cache\{F106B700-BFF8-3065-B305-14D36AD40539}v14.15.26706\packages\vcRuntimeAdditional_amd64\vc_runtimeAdditional_x64.msi. Client Process Id: 10476.
Information,12/25/2022 9:49:46 PM,MsiInstaller,1042,None,Ending a Windows Installer transaction: C:\ProgramData\Package Cache\{C77195A4-CEB8-38EE-BDD6-C46CB459EF6E}v14.15.26706\packages\vcRuntimeMinimum_amd64\vc_runtimeMinimum_x64.msi. Client Process Id: 10476.
Information,12/25/2022 9:49:46 PM,MsiInstaller,1033,None,Windows Installer installed the product. Product Name: Microsoft Visual C++ 2017 x64 Minimum Runtime - 14.15.26706. Product Version: 14.15.26706. Product Language: 1033. Manufacturer: Microsoft Corporation. Installation success or error status: 0.
Information,12/25/2022 9:49:46 PM,MsiInstaller,11707,None,Product: Microsoft Visual C++ 2017 x64 Minimum Runtime - 14.15.26706 -- Installation completed successfully.
Information,12/25/2022 9:49:46 PM,MsiInstaller,1040,None,Beginning a Windows Installer transaction: C:\ProgramData\Package Cache\{C77195A4-CEB8-38EE-BDD6-C46CB459EF6E}v14.15.26706\packages\vcRuntimeMinimum_amd64\vc_runtimeMinimum_x64.msi. Client Process Id: 10476.
Information,12/25/2022 9:49:46 PM,System Restore,8216,None,"Skipping creation of restore point (Process = C:\ProgramData\Package Cache\48E3744F33F49113BE971E334754F1E475C5AFAA\vcredist2017_x64.exe Cache\48E3744F33F49113BE971E334754F1E475C5AFAA\vcredist2017_x64.exe"" /install /quiet /norestart; Description = Microsoft Visual C++ 2017 Redistributable (x64) - 14.15.26706) as there is a restore point avaliable which is recent enough for System Restore."
Information,12/25/2022 9:49:45 PM,Microsoft-Windows-RestartManager,10001,None,Ending session 0 started ‎2022‎-‎12‎-‎26T00:49:45.495324800Z.
Information,12/25/2022 9:49:45 PM,Microsoft-Windows-RestartManager,10000,None,Starting session 0 - ‎2022‎-‎12‎-‎26T00:49:45.495324800Z.
Information,12/25/2022 9:49:45 PM,Microsoft-Windows-RestartManager,10001,None,Ending session 0 started ‎2022‎-‎12‎-‎26T00:49:45.173214300Z.
Information,12/25/2022 9:49:45 PM,Microsoft-Windows-RestartManager,10000,None,Starting session 0 - ‎2022‎-‎12‎-‎26T00:49:45.173214300Z.
Information,12/25/2022 9:49:45 PM,MsiInstaller,1042,None,Ending a Windows Installer transaction: C:\ProgramData\Package Cache\{20C1086D-C843-36B1-B678-990089D1BD44}v12.0.40649\packages\vcRuntimeAdditional_amd64\vc_runtimeAdditional_x64.msi. Client Process Id: 12960.
Information,12/25/2022 9:49:45 PM,MsiInstaller,1033,None,Windows Installer installed the product. Product Name: Microsoft Visual C++ 2013 x64 Additional Runtime - 12.0.40649. Product Version: 12.0.40649. Product Language: 1033. Manufacturer: Microsoft Corporation. Installation success or error status: 0.
Information,12/25/2022 9:49:45 PM,MsiInstaller,11707,None,Product: Microsoft Visual C++ 2013 x64 Additional Runtime - 12.0.40649 -- Installation completed successfully.
Information,12/25/2022 9:49:45 PM,MsiInstaller,1040,None,Beginning a Windows Installer transaction: C:\ProgramData\Package Cache\{20C1086D-C843-36B1-B678-990089D1BD44}v12.0.40649\packages\vcRuntimeAdditional_amd64\vc_runtimeAdditional_x64.msi. Client Process Id: 12960.
Information,12/25/2022 9:49:45 PM,MsiInstaller,1042,None,Ending a Windows Installer transaction: C:\ProgramData\Package Cache\{ABB19BB4-838D-3082-BDA4-87C6604181A2}v12.0.40649\packages\vcRuntimeMinimum_amd64\vc_runtimeMinimum_x64.msi. Client Process Id: 12960.
Information,12/25/2022 9:49:45 PM,MsiInstaller,1033,None,Windows Installer installed the product. Product Name: Microsoft Visual C++ 2013 x64 Minimum Runtime - 12.0.40649. Product Version: 12.0.40649. Product Language: 1033. Manufacturer: Microsoft Corporation. Installation success or error status: 0.
Information,12/25/2022 9:49:45 PM,MsiInstaller,11707,None,Product: Microsoft Visual C++ 2013 x64 Minimum Runtime - 12.0.40649 -- Installation completed successfully.
Information,12/25/2022 9:49:44 PM,MsiInstaller,1040,None,Beginning a Windows Installer transaction: C:\ProgramData\Package Cache\{ABB19BB4-838D-3082-BDA4-87C6604181A2}v12.0.40649\packages\vcRuntimeMinimum_amd64\vc_runtimeMinimum_x64.msi. Client Process Id: 12960.
Information,12/25/2022 9:49:42 PM,Microsoft-Windows-Security-SPP,16394,None,Offline downlevel migration succeeded.
Information,12/25/2022 9:49:42 PM,System Restore,8216,None,"Skipping creation of restore point (Process = C:\ProgramData\Package Cache\C990B86C2F8064C53F1DE8C0BFFE2D1C463AAA88\vcredist2013_x64.exe Cache\C990B86C2F8064C53F1DE8C0BFFE2D1C463AAA88\vcredist2013_x64.exe"" /install /quiet /norestart; Description = Microsoft Visual C++ 2013 Redistributable (x64) - 12.0.40649) as there is a restore point avaliable which is recent enough for System Restore."
Information,12/25/2022 9:49:36 PM,System Restore,8216,None,Skipping creation of restore point (Process = C:\Users\ozeas\AppData\Local\Temp\{92A3CE12-5F84-4ED7-9ABA-1073555F421A}\.be\tableau-setup-std-tableau-2019-3.19.0821.2225-x64.exe -q -burn.elevated BurnPipe.{6DAECFA1-3930-4B07-9034-45B498AB1E58} {2AAA6D67-F725-4857-B4A2-93E7D43780DC} 12072; Description = Tableau 2019.3 (20193.19.0821.2225)) as there is a restore point avaliable which is recent enough for System Restore.
Information,12/25/2022 9:49:31 PM,Microsoft-Windows-CAPI2,4097,None,"Successful auto update of third-party root certificate:: Subject: <CN=VeriSign Universal Root Certification Authority, OU=""(c) 2008 VeriSign, Inc. - For authorized use only"", OU=VeriSign Trust Network, O=""VeriSign, Inc."", C=US> Sha1 thumbprint: <3679CA35668772304D30A5FB873B0FA77BB70D54>."
Information,12/25/2022 9:47:16 PM,Microsoft-Windows-CAPI2,4097,None,"Successful auto update of third-party root certificate:: Subject: <CN=Entrust.net Certification Authority (2048), OU=(c) 1999 Entrust.net Limited, OU=www.entrust.net/CPS_2048 incorp. by ref. (limits liab.), O=Entrust.net> Sha1 thumbprint: <503006091D97D4F5AE39F7CBE7927D7D652D3431>."
Information,12/25/2022 9:19:41 PM,Microsoft-Windows-Security-SPP,16384,None,Successfully scheduled Software Protection service for re-start at 2122-12-02T00:19:41Z. Reason: RulesEngine.
Information,12/25/2022 9:19:10 PM,Microsoft-Windows-Security-SPP,16394,None,Offline downlevel migration succeeded.
Information,12/25/2022 9:07:30 PM,SecurityCenter,15,None,Updated Kaspersky Internet Security status successfully to SECURITY_PRODUCT_STATE_ON.
Information,12/25/2022 9:07:21 PM,SecurityCenter,15,None,Updated Windows Defender status successfully to SECURITY_PRODUCT_STATE_OFF.
Information,12/25/2022 9:07:16 PM,SecurityCenter,15,None,Updated Kaspersky Internet Security status successfully to SECURITY_PRODUCT_STATE_OFF.
Information,12/25/2022 9:04:31 PM,Microsoft-Windows-Security-SPP,16384,None,Successfully scheduled Software Protection service for re-start at 2122-12-02T00:04:31Z. Reason: RulesEngine.
Information,12/25/2022 9:04:01 PM,Microsoft-Windows-Security-SPP,16394,None,Offline downlevel migration succeeded.
Information,12/25/2022 9:02:30 PM,Windows Error Reporting,1001,None,"Fault bucket 1457737426587714475, type 5
Event Name: RADAR_PRE_LEAK_64
Response: Not available
Cab Id: 0

Problem signature:
P1: dwm.exe
P2: 10.0.22621.608
P3: 10.0.22621.2.0.0
P4: 
P5: 
P6: 
P7: 
P8: 
P9: 
P10: 

Attached files:
\\?\C:\Users\ozeas\AppData\Local\Temp\RDR709D.tmp\empty.txt
\\?\C:\ProgramData\Microsoft\Windows\WER\Temp\WER.56d45c6e-f7ed-4767-ae72-189637ee9e93.tmp.WERInternalMetadata.xml
\\?\C:\ProgramData\Microsoft\Windows\WER\Temp\WER.703572d5-23db-4393-8508-acd5a182f131.tmp.csv
\\?\C:\ProgramData\Microsoft\Windows\WER\Temp\WER.0eb14122-6493-4d5a-ab31-ae419b310a15.tmp.txt
\\?\C:\ProgramData\Microsoft\Windows\WER\Temp\WER.9101b063-a747-4f12-b58d-739162fdece7.tmp.xml

These files may be available here:
NULL

Analysis symbol: 
Rechecking for solution: 0
Report Id: 2e7e4507-5f4f-4389-a9a9-f30ed6ef5558
Report Status: 268435456
Hashed bucket: 8b83feaa39890885c43aec774f8d83ab
Cab Guid: 0"
Information,12/25/2022 8:50:39 PM,SecurityCenter,15,None,Updated Windows Defender status successfully to SECURITY_PRODUCT_STATE_ON.
Information,12/25/2022 8:50:37 PM,SecurityCenter,15,None,Updated Windows Defender status successfully to SECURITY_PRODUCT_STATE_ON.
Information,12/25/2022 8:46:40 PM,Microsoft-Windows-RestartManager,10001,None,Ending session 0 started ‎2022‎-‎12‎-‎25T23:46:29.565425300Z.
Information,12/25/2022 8:46:40 PM,MsiInstaller,1042,None,Ending a Windows Installer transaction: C:\WINDOWS\TEMP\{BDB14D8C-F889-4004-A621-0EE12A779AE7}\kpmwin10.2.0.341.0.1.0\kpm.msi. Client Process Id: 8500.
Information,12/25/2022 8:46:40 PM,MsiInstaller,1033,None,Windows Installer installed the product. Product Name: Kaspersky Password Manager. Product Version: 10.2.0.341. Product Language: 1046. Manufacturer: Kaspersky Lab. Installation success or error status: 0.
Information,12/25/2022 8:46:40 PM,MsiInstaller,11707,None,Produto: Kaspersky Password Manager -- Operação de instalação concluída com êxito.
Information,12/25/2022 8:46:29 PM,Microsoft-Windows-RestartManager,10000,None,Starting session 0 - ‎2022‎-‎12‎-‎25T23:46:29.565425300Z.
Information,12/25/2022 8:46:27 PM,Microsoft-Windows-RestartManager,10001,None,Ending session 0 started ‎2022‎-‎12‎-‎25T23:46:23.834688200Z.
Information,12/25/2022 8:46:28 PM,MsiInstaller,1040,None,Beginning a Windows Installer transaction: C:\WINDOWS\TEMP\{BDB14D8C-F889-4004-A621-0EE12A779AE7}\kpmwin10.2.0.341.0.1.0\kpm.msi. Client Process Id: 8500.
Information,12/25/2022 8:46:27 PM,MsiInstaller,1042,None,Ending a Windows Installer transaction: C:\ProgramData\Package Cache\{0D02D706-44F2-4957-A448-E7259A0B56B9}v40.68.31219\windowsdesktop-runtime-5.0.17-win-x86.msi. Client Process Id: 11668.
Information,12/25/2022 8:46:27 PM,MsiInstaller,1033,None,Windows Installer installed the product. Product Name: Microsoft Windows Desktop Runtime - 5.0.17 (x86). Product Version: 40.68.31219. Product Language: 1033. Manufacturer: Microsoft Corporation. Installation success or error status: 0.
Information,12/25/2022 8:46:27 PM,MsiInstaller,11707,None,Product: Microsoft Windows Desktop Runtime - 5.0.17 (x86) -- Installation completed successfully.
Information,12/25/2022 8:46:23 PM,Microsoft-Windows-RestartManager,10000,None,Starting session 0 - ‎2022‎-‎12‎-‎25T23:46:23.834688200Z.
Information,12/25/2022 8:46:23 PM,Microsoft-Windows-RestartManager,10001,None,Ending session 0 started ‎2022‎-‎12‎-‎25T23:46:22.878988500Z.
Information,12/25/2022 8:46:22 PM,Microsoft-Windows-RestartManager,10000,None,Starting session 0 - ‎2022‎-‎12‎-‎25T23:46:22.878988500Z.
Information,12/25/2022 8:46:22 PM,Microsoft-Windows-RestartManager,10001,None,Ending session 0 started ‎2022‎-‎12‎-‎25T23:46:22.611592100Z.
Information,12/25/2022 8:46:22 PM,Microsoft-Windows-RestartManager,10000,None,Starting session 0 - ‎2022‎-‎12‎-‎25T23:46:22.611592100Z.
