Information,1/1/2023 6:32:01 PM,Microsoft-Windows-Security-SPP,1066,None,"Initialization status for service objects.
C:\WINDOWS\system32\sppwinob.dll, msft:spp/windowsfunctionality/agent/7.0, 0x00000000, 0x00000000
C:\WINDOWS\system32\sppobjs.dll, msft:rm/algorithm/inherited/1.0, 0x00000000, 0x00000000
C:\WINDOWS\system32\sppobjs.dll, msft:rm/algorithm/phone/1.0, 0x00000000, 0x00000000
C:\WINDOWS\system32\sppobjs.dll, msft:rm/algorithm/pkey/detect, 0x00000000, 0x00000000
C:\WINDOWS\system32\sppobjs.dll, msft:spp/ActionScheduler/1.0, 0x00000000, 0x00000000
C:\WINDOWS\system32\sppobjs.dll, msft:spp/TaskScheduler/1.0, 0x00000000, 0x00000000
C:\WINDOWS\system32\sppobjs.dll, msft:spp/statecollector/pkey, 0x00000000, 0x00000000
C:\WINDOWS\system32\sppobjs.dll, msft:spp/volume/services/kms/1.0, 0x00000000, 0x00000000
C:\WINDOWS\system32\sppobjs.dll, msft:spp/volume/services/kms/activationinfo/1.0, 0x00000000, 0x00000000
"
Information,1/1/2023 6:32:01 PM,Microsoft-Windows-Security-SPP,16394,None,Offline downlevel migration succeeded.
Information,1/1/2023 6:32:00 PM,Microsoft-Windows-Security-SPP,900,None,"The Software Protection service is starting.
Parameters:<explicit>"
Information,1/1/2023 6:31:57 PM,edgeupdate,0,None,Service stopped.
Information,1/1/2023 6:31:57 PM,DellTechHub,0,None,Service started successfully.
Information,1/1/2023 6:31:57 PM,DellClientManagementService,0,None,Service started successfully.
Information,1/1/2023 6:31:46 PM,Dell SupportAssist Remediation,0,None,Service started successfully.
Information,1/1/2023 6:31:45 PM,SecurityCenter,15,None,Updated Kaspersky Internet Security status successfully to SECURITY_PRODUCT_STATE_ON.
Information,1/1/2023 6:31:45 PM,SecurityCenter,15,None,Updated Kaspersky Internet Security status successfully to SECURITY_PRODUCT_STATE_ON.
Information,1/1/2023 6:31:44 PM,SecurityCenter,1,None,The Windows Security Center Service has started.
Warning,1/1/2023 6:29:41 PM,Microsoft-Windows-WMI,63,None,"A provider, IntelMEProv, has been registered in the Windows Management Instrumentation namespace root\Intel_ME to use the LocalSystem account. This account is privileged and the provider may cause a security violation if it does not correctly impersonate user requests."
Warning,1/1/2023 6:29:41 PM,Microsoft-Windows-WMI,63,None,"A provider, IntelMEProv, has been registered in the Windows Management Instrumentation namespace root\Intel_ME to use the LocalSystem account. This account is privileged and the provider may cause a security violation if it does not correctly impersonate user requests."
Warning,1/1/2023 6:29:41 PM,Microsoft-Windows-WMI,63,None,"A provider, IntelMEProv, has been registered in the Windows Management Instrumentation namespace root\Intel_ME to use the LocalSystem account. This account is privileged and the provider may cause a security violation if it does not correctly impersonate user requests."
Information,1/1/2023 6:29:41 PM,WMIRegistrationService,2,None,Intel(R) WMI Registration Service has successfully finished WMI Registration.
Information,1/1/2023 6:29:41 PM,Microsoft-Windows-WMI,5617,None,Windows Management Instrumentation Service subsystems initialized successfully
Information,1/1/2023 6:29:40 PM,igccservice,0,None,Service started successfully.
Error,1/1/2023 6:29:39 PM,ESENT,455,Logging/Recovery,"svchost (4080,R,98) SRUJet: Error -1811 (0xfffff8ed) occurred while opening logfile C:\WINDOWS\system32\SRU\SRU0016C.log."
Information,1/1/2023 6:29:38 PM,Microsoft-Windows-WMI,5615,None,Windows Management Instrumentation Service started sucessfully
Information,1/1/2023 6:29:39 PM,WMIRegistrationService,0,None,Intel(R) WMI Registration Service started.
Information,1/1/2023 6:29:38 PM,RtkAudioUniversalService,0,None,The operation completed successfully. 
Information,1/1/2023 6:29:38 PM,IntelDalJhi,0,None,Intel(R) Dynamic Application Loader Host Interface Service started.
Information,1/1/2023 6:29:37 PM,Microsoft-Windows-User Profiles Service,1531,None,"The User Profile Service has started successfully.  

"
Information,1/1/2023 6:11:17 PM,Microsoft-Windows-User Profiles Service,1532,None,"The User Profile Service has stopped.  

"
Information,1/1/2023 6:11:17 PM,RtkAudioUniversalService,0,None,The operation completed successfully. 
Information,1/1/2023 6:10:56 PM,Microsoft-Windows-Winlogon,6000,None,The winlogon notification subscriber <SessionEnv> was unavailable to handle a notification event.
Information,1/1/2023 6:10:56 PM,Microsoft-Windows-Winlogon,6000,None,The winlogon notification subscriber <WSearch> was unavailable to handle a notification event.
Information,1/1/2023 6:10:56 PM,igfxCUIService2.0.0.0,0,None,The operation completed successfully. 
Information,1/1/2023 6:10:56 PM,igfxCUIService2.0.0.0,0,None,The operation completed successfully. 
Information,1/1/2023 6:10:53 PM,Microsoft-Windows-Backup,754,None,The Block Level Backup Engine service has stopped.
Information,1/1/2023 6:10:53 PM,Microsoft-Windows-System-Restore,8302,None,Scoping successfully completed for shadowcopy \\?\GLOBALROOT\Device\HarddiskVolumeShadowCopy7.
Information,1/1/2023 6:10:53 PM,Microsoft-Windows-System-Restore,8301,None,Scoping completed for shadowcopy \\?\GLOBALROOT\Device\HarddiskVolumeShadowCopy7.
Information,1/1/2023 6:10:53 PM,System Restore,8199,None,Successfully initialized System Restore: (instaling cod now).
Information,1/1/2023 6:10:53 PM,System Restore,8215,None,Successfully created undo restore point: (Description = Restore Operation).
Information,1/1/2023 6:10:38 PM,Microsoft-Windows-System-Restore,8300,None,Scoping started for shadowcopy \\?\GLOBALROOT\Device\HarddiskVolumeShadowCopy7.
Information,1/1/2023 6:09:18 PM,Microsoft-Windows-Backup,753,None,The Block Level Backup Engine service has successfully started.
Information,1/1/2023 6:08:51 PM,Microsoft-Windows-Security-SPP,16384,None,Successfully scheduled Software Protection service for re-start at 2122-12-08T21:08:51Z. Reason: RulesEngine.
Information,1/1/2023 6:08:21 PM,Microsoft-Windows-Security-SPP,16394,None,Offline downlevel migration succeeded.
Information,1/1/2023 6:07:48 PM,SecurityCenter,15,None,Updated Kaspersky Internet Security status successfully to SECURITY_PRODUCT_STATE_ON.
Information,1/1/2023 6:06:19 PM,Windows Error Reporting,1001,None,"Fault bucket 1679983402601103675, type 1
Event Name: APPCRASH
Response: Not available
Cab Id: 0

Problem signature:
P1: iw4mp.dat
P2: 0.0.0.0
P3: 4b68bba4
P4: KERNEL32.DLL
P5: 6.2.22621.963
P6: f5cd78ad
P7: c0000005
P8: 0001db1d
P9: 
P10: 

Attached files:
\\?\C:\ProgramData\Microsoft\Windows\WER\Temp\WER.b3c5c699-3d8b-4b2b-bb0b-e5285123d019.tmp.WERInternalMetadata.xml
\\?\C:\ProgramData\Microsoft\Windows\WER\Temp\WER.5fcaec79-d896-4b87-a241-ba0443049433.tmp.csv
\\?\C:\ProgramData\Microsoft\Windows\WER\Temp\WER.898b250f-7993-4d15-9b9f-cdd295bdf434.tmp.txt
\\?\C:\ProgramData\Microsoft\Windows\WER\Temp\WER.9d90355d-bdea-4e47-95cb-4d237043b48e.tmp.xml

These files may be available here:
\\?\C:\ProgramData\Microsoft\Windows\WER\ReportArchive\AppCrash_iw4mp.dat_b8924a246563965f384d905f2a64e7af9177c_00000000_6612b28a-3749-400d-9b65-cdf3dfe96572

Analysis symbol: 
Rechecking for solution: 0
Report Id: 6612b28a-3749-400d-9b65-cdf3dfe96572
Report Status: 268435456
Hashed bucket: 4021345a24609f3807508000f497413b
Cab Guid: 0"
Error,1/1/2023 6:06:17 PM,Application Error,1000,Application Crashing Events,"Faulting application name: iw4mp.dat, version: 0.0.0.0, time stamp: 0x4b68bba4
Faulting module name: KERNEL32.DLL, version: 6.2.22621.963, time stamp: 0xf5cd78ad
Exception code: 0xc0000005
Fault offset: 0x0001db1d
Faulting process id: 0x%9
Faulting application start time: 0x%10
Faulting application path: %11
Faulting module path: %12
Report Id: %13
Faulting package full name: %14
Faulting package-relative application ID: %15"
Information,1/1/2023 6:06:15 PM,Windows Error Reporting,1001,None,"Fault bucket 1710040717117795321, type 5
Event Name: CLR20r3
Response: Not available
Cab Id: 0

Problem signature:
P1: iwnetserver.exe
P2: 1.0.0.0
P3: 4bffd5ee
P4: mscorlib
P5: 2.0.0.0
P6: 6090caae
P7: 34dd
P8: 1c5
P9: System.IO.IOException
P10: 

Attached files:
\\?\C:\ProgramData\Microsoft\Windows\WER\Temp\WER.f9cd8ed2-a75b-49bf-a831-aea38805f56a.tmp.WERInternalMetadata.xml
\\?\C:\ProgramData\Microsoft\Windows\WER\Temp\WER.cbe0e1be-c994-4445-afaf-fbbb9c338f3b.tmp.csv
\\?\C:\ProgramData\Microsoft\Windows\WER\Temp\WER.106dd03a-c5ec-46f0-b00d-186d270124d6.tmp.txt
\\?\C:\ProgramData\Microsoft\Windows\WER\Temp\WER.c4f01657-7bc5-4d72-acf8-ecbd61297ce5.tmp.xml

These files may be available here:
\\?\C:\ProgramData\Microsoft\Windows\WER\ReportArchive\AppCrash_iwnetserver.exe_cc9536632f34af8efa2e45fe4a9415767d1e4f4_00000000_1782d2b9-0c28-454b-a5cd-51b508c440cd

Analysis symbol: 
Rechecking for solution: 0
Report Id: 1782d2b9-0c28-454b-a5cd-51b508c440cd
Report Status: 268435456
Hashed bucket: ce621c7ed2f8352627bb48f8d742abf9
Cab Guid: 0"
Information,1/1/2023 6:05:38 PM,Windows Error Reporting,1001,None,"Fault bucket 1679983402601103675, type 1
Event Name: APPCRASH
Response: Not available
Cab Id: 0

Problem signature:
P1: iw4mp.dat
P2: 0.0.0.0
P3: 4b68bba4
P4: KERNEL32.DLL
P5: 6.2.22621.963
P6: f5cd78ad
P7: c0000005
P8: 0001db1d
P9: 
P10: 

Attached files:
\\?\C:\ProgramData\Microsoft\Windows\WER\Temp\WER.ce234aba-949a-40b7-9090-fe5129b1f90d.tmp.WERInternalMetadata.xml
\\?\C:\ProgramData\Microsoft\Windows\WER\Temp\WER.c31c5e9a-7767-49e9-98b6-3b6e4eb3a2d9.tmp.csv
\\?\C:\ProgramData\Microsoft\Windows\WER\Temp\WER.63d53166-55b0-4502-ae1d-e6ad897d7fb1.tmp.txt
\\?\C:\ProgramData\Microsoft\Windows\WER\Temp\WER.37d7af15-0ef1-48b7-a98c-a35618c67677.tmp.xml

These files may be available here:
\\?\C:\ProgramData\Microsoft\Windows\WER\ReportArchive\AppCrash_iw4mp.dat_b8924a246563965f384d905f2a64e7af9177c_00000000_08a82a8a-70f5-4905-9bfd-163f441813ff

Analysis symbol: 
Rechecking for solution: 0
Report Id: 08a82a8a-70f5-4905-9bfd-163f441813ff
Report Status: 268435456
Hashed bucket: 4021345a24609f3807508000f497413b
Cab Guid: 0"
Error,1/1/2023 6:05:35 PM,Application Error,1000,Application Crashing Events,"Faulting application name: iw4mp.dat, version: 0.0.0.0, time stamp: 0x4b68bba4
Faulting module name: KERNEL32.DLL, version: 6.2.22621.963, time stamp: 0xf5cd78ad
Exception code: 0xc0000005
Fault offset: 0x0001db1d
Faulting process id: 0x%9
Faulting application start time: 0x%10
Faulting application path: %11
Faulting module path: %12
Report Id: %13
Faulting package full name: %14
Faulting package-relative application ID: %15"
Information,1/1/2023 6:05:31 PM,Windows Error Reporting,1001,None,"Fault bucket 1679983402601103675, type 1
Event Name: APPCRASH
Response: Not available
Cab Id: 0

Problem signature:
P1: iw4mp.dat
P2: 0.0.0.0
P3: 4b68bba4
P4: KERNEL32.DLL
P5: 6.2.22621.963
P6: f5cd78ad
P7: c0000005
P8: 0001db1d
P9: 
P10: 

Attached files:
\\?\C:\ProgramData\Microsoft\Windows\WER\Temp\WER.a11f91f1-7dd9-453f-b80b-3d7eb883d843.tmp.WERInternalMetadata.xml
\\?\C:\ProgramData\Microsoft\Windows\WER\Temp\WER.4c7fcc0e-a6ab-4173-94b9-bfc7c9c9c67d.tmp.csv
\\?\C:\ProgramData\Microsoft\Windows\WER\Temp\WER.3f35e5be-186b-432f-95bd-403bbd7add54.tmp.txt
\\?\C:\ProgramData\Microsoft\Windows\WER\Temp\WER.f2d12cb3-8704-4b68-8ed2-c5432d328850.tmp.xml

These files may be available here:
\\?\C:\ProgramData\Microsoft\Windows\WER\ReportArchive\AppCrash_iw4mp.dat_b8924a246563965f384d905f2a64e7af9177c_00000000_e0470e8a-7b5f-4a6c-b384-79a16c17eede

Analysis symbol: 
Rechecking for solution: 0
Report Id: e0470e8a-7b5f-4a6c-b384-79a16c17eede
Report Status: 268435456
Hashed bucket: 4021345a24609f3807508000f497413b
Cab Guid: 0"
Error,1/1/2023 6:05:29 PM,Application Error,1000,Application Crashing Events,"Faulting application name: iw4mp.dat, version: 0.0.0.0, time stamp: 0x4b68bba4
Faulting module name: KERNEL32.DLL, version: 6.2.22621.963, time stamp: 0xf5cd78ad
Exception code: 0xc0000005
Fault offset: 0x0001db1d
Faulting process id: 0x%9
Faulting application start time: 0x%10
Faulting application path: %11
Faulting module path: %12
Report Id: %13
Faulting package full name: %14
Faulting package-relative application ID: %15"
Information,1/1/2023 6:04:59 PM,Windows Error Reporting,1001,None,"Fault bucket 1679983402601103675, type 1
Event Name: APPCRASH
Response: Not available
Cab Id: 0

Problem signature:
P1: iw4mp.dat
P2: 0.0.0.0
P3: 4b68bba4
P4: KERNEL32.DLL
P5: 6.2.22621.963
P6: f5cd78ad
P7: c0000005
P8: 0001db1d
P9: 
P10: 

Attached files:
\\?\C:\ProgramData\Microsoft\Windows\WER\Temp\WER.b976fdff-3ae4-49e5-a0b8-267aae66c7da.tmp.WERInternalMetadata.xml
\\?\C:\ProgramData\Microsoft\Windows\WER\Temp\WER.92d1eb6c-83bc-4e4a-9eb7-5468187b46c0.tmp.csv
\\?\C:\ProgramData\Microsoft\Windows\WER\Temp\WER.7b1e0eb7-71e3-448f-bae1-150de2fdff53.tmp.txt
\\?\C:\ProgramData\Microsoft\Windows\WER\Temp\WER.f1d366d7-d63c-4536-bb63-69ed26cb465d.tmp.xml

These files may be available here:
\\?\C:\ProgramData\Microsoft\Windows\WER\ReportArchive\AppCrash_iw4mp.dat_b8924a246563965f384d905f2a64e7af9177c_00000000_cc6eac0e-d507-4bbc-883d-d447e0b68068

Analysis symbol: 
Rechecking for solution: 0
Report Id: cc6eac0e-d507-4bbc-883d-d447e0b68068
Report Status: 268435456
Hashed bucket: 4021345a24609f3807508000f497413b
Cab Guid: 0"
Error,1/1/2023 6:04:57 PM,Application Error,1000,Application Crashing Events,"Faulting application name: iw4mp.dat, version: 0.0.0.0, time stamp: 0x4b68bba4
Faulting module name: KERNEL32.DLL, version: 6.2.22621.963, time stamp: 0xf5cd78ad
Exception code: 0xc0000005
Fault offset: 0x0001db1d
Faulting process id: 0x%9
Faulting application start time: 0x%10
Faulting application path: %11
Faulting module path: %12
Report Id: %13
Faulting package full name: %14
Faulting package-relative application ID: %15"
Information,1/1/2023 6:04:55 PM,Windows Error Reporting,1001,None,"Fault bucket 1710040717117795321, type 5
Event Name: CLR20r3
Response: Not available
Cab Id: 0

Problem signature:
P1: iwnetserver.exe
P2: 1.0.0.0
P3: 4bffd5ee
P4: mscorlib
P5: 2.0.0.0
P6: 6090caae
P7: 34dd
P8: 1c5
P9: System.IO.IOException
P10: 

Attached files:
\\?\C:\ProgramData\Microsoft\Windows\WER\Temp\WER.2b3f95fa-5b10-4074-8dba-254ad8418960.tmp.WERInternalMetadata.xml
\\?\C:\ProgramData\Microsoft\Windows\WER\Temp\WER.40182eb7-9266-4597-a5dc-28e5dfa9baaf.tmp.csv
\\?\C:\ProgramData\Microsoft\Windows\WER\Temp\WER.3571ba3a-50cb-4eab-87aa-ed44c4e28ecf.tmp.txt
\\?\C:\ProgramData\Microsoft\Windows\WER\Temp\WER.df001de0-5505-4917-9634-96d768edc3e4.tmp.xml

These files may be available here:
\\?\C:\ProgramData\Microsoft\Windows\WER\ReportArchive\AppCrash_iwnetserver.exe_cc9536632f34af8efa2e45fe4a9415767d1e4f4_00000000_05c56efa-e986-4c83-864b-fa0510c10304

Analysis symbol: 
Rechecking for solution: 0
Report Id: 05c56efa-e986-4c83-864b-fa0510c10304
Report Status: 268435456
Hashed bucket: ce621c7ed2f8352627bb48f8d742abf9
Cab Guid: 0"
Information,1/1/2023 6:04:40 PM,Windows Error Reporting,1001,None,"Fault bucket 1679983402601103675, type 1
Event Name: APPCRASH
Response: Not available
Cab Id: 0

Problem signature:
P1: iw4mp.dat
P2: 0.0.0.0
P3: 4b68bba4
P4: KERNEL32.DLL
P5: 6.2.22621.963
P6: f5cd78ad
P7: c0000005
P8: 0001db1d
P9: 
P10: 

Attached files:
\\?\C:\ProgramData\Microsoft\Windows\WER\Temp\WER.c7f390a6-5803-42bf-baa4-5f9bef0f6cea.tmp.WERInternalMetadata.xml
\\?\C:\ProgramData\Microsoft\Windows\WER\Temp\WER.44f1b542-56bb-44af-8f0e-3147eac58f7d.tmp.csv
\\?\C:\ProgramData\Microsoft\Windows\WER\Temp\WER.3aefad71-03d3-4c45-af57-4449b3158103.tmp.txt
\\?\C:\ProgramData\Microsoft\Windows\WER\Temp\WER.4d7fba64-10bd-4dfd-9f1f-9984845791f1.tmp.xml

These files may be available here:
\\?\C:\ProgramData\Microsoft\Windows\WER\ReportArchive\AppCrash_iw4mp.dat_b8924a246563965f384d905f2a64e7af9177c_00000000_3c26f34b-b94f-49ce-8382-991184e39dbc

Analysis symbol: 
Rechecking for solution: 0
Report Id: 3c26f34b-b94f-49ce-8382-991184e39dbc
Report Status: 268435456
Hashed bucket: 4021345a24609f3807508000f497413b
Cab Guid: 0"
Error,1/1/2023 6:04:38 PM,Application Error,1000,Application Crashing Events,"Faulting application name: iw4mp.dat, version: 0.0.0.0, time stamp: 0x4b68bba4
Faulting module name: KERNEL32.DLL, version: 6.2.22621.963, time stamp: 0xf5cd78ad
Exception code: 0xc0000005
Fault offset: 0x0001db1d
Faulting process id: 0x%9
Faulting application start time: 0x%10
Faulting application path: %11
Faulting module path: %12
Report Id: %13
Faulting package full name: %14
Faulting package-relative application ID: %15"
Information,1/1/2023 6:04:29 PM,Windows Error Reporting,1001,None,"Fault bucket 1679983402601103675, type 1
Event Name: APPCRASH
Response: Not available
Cab Id: 0

Problem signature:
P1: iw4mp.dat
P2: 0.0.0.0
P3: 4b68bba4
P4: KERNEL32.DLL
P5: 6.2.22621.963
P6: f5cd78ad
P7: c0000005
P8: 0001db1d
P9: 
P10: 

Attached files:
\\?\C:\ProgramData\Microsoft\Windows\WER\Temp\WER.2f5e0a36-b782-4361-adc8-5657735913c6.tmp.WERInternalMetadata.xml
\\?\C:\ProgramData\Microsoft\Windows\WER\Temp\WER.34b9cd9d-6820-49bf-83cd-34b264d812db.tmp.csv
\\?\C:\ProgramData\Microsoft\Windows\WER\Temp\WER.7ac9a263-e259-4b6a-9b2c-b5628d5349e7.tmp.txt
\\?\C:\ProgramData\Microsoft\Windows\WER\Temp\WER.07b197d4-6e71-4f47-a70d-c53e2a557571.tmp.xml

These files may be available here:
\\?\C:\ProgramData\Microsoft\Windows\WER\ReportArchive\AppCrash_iw4mp.dat_b8924a246563965f384d905f2a64e7af9177c_00000000_a4885d77-2bdb-4eab-b295-fbc410f3ff66

Analysis symbol: 
Rechecking for solution: 0
Report Id: a4885d77-2bdb-4eab-b295-fbc410f3ff66
Report Status: 268435456
Hashed bucket: 4021345a24609f3807508000f497413b
Cab Guid: 0"
Error,1/1/2023 6:04:25 PM,Application Error,1000,Application Crashing Events,"Faulting application name: iw4mp.dat, version: 0.0.0.0, time stamp: 0x4b68bba4
Faulting module name: KERNEL32.DLL, version: 6.2.22621.963, time stamp: 0xf5cd78ad
Exception code: 0xc0000005
Fault offset: 0x0001db1d
Faulting process id: 0x%9
Faulting application start time: 0x%10
Faulting application path: %11
Faulting module path: %12
Report Id: %13
Faulting package full name: %14
Faulting package-relative application ID: %15"
Information,1/1/2023 6:03:34 PM,Windows Error Reporting,1001,None,"Fault bucket 1679983402601103675, type 1
Event Name: APPCRASH
Response: Not available
Cab Id: 0

Problem signature:
P1: iw4mp.dat
P2: 0.0.0.0
P3: 4b68bba4
P4: KERNEL32.DLL
P5: 6.2.22621.963
P6: f5cd78ad
P7: c0000005
P8: 0001db1d
P9: 
P10: 

Attached files:
\\?\C:\ProgramData\Microsoft\Windows\WER\Temp\WER.25ca8fef-47e2-4f22-89f0-0e2b8227fbb5.tmp.WERInternalMetadata.xml
\\?\C:\ProgramData\Microsoft\Windows\WER\Temp\WER.a3139067-3739-4d28-86e5-99f5389e2797.tmp.csv
\\?\C:\ProgramData\Microsoft\Windows\WER\Temp\WER.7ddbdfa7-2d5b-40fe-9444-792d89dfe125.tmp.txt
\\?\C:\ProgramData\Microsoft\Windows\WER\Temp\WER.549689a5-296d-4914-a8b1-b4be5ab251f6.tmp.xml

These files may be available here:
\\?\C:\ProgramData\Microsoft\Windows\WER\ReportArchive\AppCrash_iw4mp.dat_b8924a246563965f384d905f2a64e7af9177c_00000000_1cae3d1d-4501-47ba-ba9a-60a6067e3582

Analysis symbol: 
Rechecking for solution: 0
Report Id: 1cae3d1d-4501-47ba-ba9a-60a6067e3582
Report Status: 268435456
Hashed bucket: 4021345a24609f3807508000f497413b
Cab Guid: 0"
Information,1/1/2023 6:03:34 PM,DellTechHub,0,None,PowerEvent handled successfully by the service.
Information,1/1/2023 6:03:33 PM,igccservice,0,None,PowerEvent handled successfully by the service.
Information,1/1/2023 6:03:33 PM,Dell SupportAssist Remediation,0,None,PowerEvent handled successfully by the service.
Error,1/1/2023 6:03:33 PM,Application Error,1000,Application Crashing Events,"Faulting application name: iw4mp.dat, version: 0.0.0.0, time stamp: 0x4b68bba4
Faulting module name: KERNEL32.DLL, version: 6.2.22621.963, time stamp: 0xf5cd78ad
Exception code: 0xc0000005
Fault offset: 0x0001db1d
Faulting process id: 0x%9
Faulting application start time: 0x%10
Faulting application path: %11
Faulting module path: %12
Report Id: %13
Faulting package full name: %14
Faulting package-relative application ID: %15"
Information,1/1/2023 6:03:29 PM,Windows Error Reporting,1001,None,"Fault bucket 1679983402601103675, type 1
Event Name: APPCRASH
Response: Not available
Cab Id: 0

Problem signature:
P1: iw4mp.dat
P2: 0.0.0.0
P3: 4b68bba4
P4: KERNEL32.DLL
P5: 6.2.22621.963
P6: f5cd78ad
P7: c0000005
P8: 0001db1d
P9: 
P10: 

Attached files:
\\?\C:\ProgramData\Microsoft\Windows\WER\Temp\WER.398b53db-c1c4-494a-9d18-f43c7d781561.tmp.WERInternalMetadata.xml
\\?\C:\ProgramData\Microsoft\Windows\WER\Temp\WER.2cd3628a-a046-415e-9b9e-c3b74590c2e4.tmp.csv
\\?\C:\ProgramData\Microsoft\Windows\WER\Temp\WER.846f0e15-aa52-488f-b799-24b46f17673f.tmp.txt
\\?\C:\ProgramData\Microsoft\Windows\WER\Temp\WER.3a46e9a0-53e9-47fa-a96c-6e32657c9b34.tmp.xml

These files may be available here:
\\?\C:\ProgramData\Microsoft\Windows\WER\ReportArchive\AppCrash_iw4mp.dat_b8924a246563965f384d905f2a64e7af9177c_00000000_1c395550-f64a-48df-af11-3982ee0ea165

Analysis symbol: 
Rechecking for solution: 0
Report Id: 1c395550-f64a-48df-af11-3982ee0ea165
Report Status: 268435456
Hashed bucket: 4021345a24609f3807508000f497413b
Cab Guid: 0"
Error,1/1/2023 6:03:27 PM,Application Error,1000,Application Crashing Events,"Faulting application name: iw4mp.dat, version: 0.0.0.0, time stamp: 0x4b68bba4
Faulting module name: KERNEL32.DLL, version: 6.2.22621.963, time stamp: 0xf5cd78ad
Exception code: 0xc0000005
Fault offset: 0x0001db1d
Faulting process id: 0x%9
Faulting application start time: 0x%10
Faulting application path: %11
Faulting module path: %12
Report Id: %13
Faulting package full name: %14
Faulting package-relative application ID: %15"
Information,1/1/2023 6:03:16 PM,Windows Error Reporting,1001,None,"Fault bucket 1679983402601103675, type 1
Event Name: APPCRASH
Response: Not available
Cab Id: 0

Problem signature:
P1: iw4mp.dat
P2: 0.0.0.0
P3: 4b68bba4
P4: KERNEL32.DLL
P5: 6.2.22621.963
P6: f5cd78ad
P7: c0000005
P8: 0001db1d
P9: 
P10: 

Attached files:
\\?\C:\ProgramData\Microsoft\Windows\WER\Temp\WER.73343682-fcb4-4b88-bcfd-fdc3bda0ebda.tmp.WERInternalMetadata.xml
\\?\C:\ProgramData\Microsoft\Windows\WER\Temp\WER.f7b4c169-b35b-4663-96ca-5cf997d8ab36.tmp.csv
\\?\C:\ProgramData\Microsoft\Windows\WER\Temp\WER.fffbe65c-5a62-428f-8638-f6103ae979dd.tmp.txt
\\?\C:\ProgramData\Microsoft\Windows\WER\Temp\WER.713c4e7a-d940-4fc2-8c6c-652072794d01.tmp.xml

These files may be available here:
\\?\C:\ProgramData\Microsoft\Windows\WER\ReportArchive\AppCrash_iw4mp.dat_b8924a246563965f384d905f2a64e7af9177c_00000000_e6cf7b56-f392-40a6-9fa7-afc1fe167534

Analysis symbol: 
Rechecking for solution: 0
Report Id: e6cf7b56-f392-40a6-9fa7-afc1fe167534
Report Status: 268435456
Hashed bucket: 4021345a24609f3807508000f497413b
Cab Guid: 0"
Error,1/1/2023 6:03:15 PM,Application Error,1000,Application Crashing Events,"Faulting application name: iw4mp.dat, version: 0.0.0.0, time stamp: 0x4b68bba4
Faulting module name: KERNEL32.DLL, version: 6.2.22621.963, time stamp: 0xf5cd78ad
Exception code: 0xc0000005
Fault offset: 0x0001db1d
Faulting process id: 0x%9
Faulting application start time: 0x%10
Faulting application path: %11
Faulting module path: %12
Report Id: %13
Faulting package full name: %14
Faulting package-relative application ID: %15"
Information,1/1/2023 6:02:08 PM,Windows Error Reporting,1001,None,"Fault bucket 1427672195549526376, type 5
Event Name: CLR20r3
Response: Not available
Cab Id: 0

Problem signature:
P1: iwnetserver.exe
P2: 1.3.37.14
P3: 4c0b2b64
P4: System
P5: 2.0.0.0
P6: 6090d20c
P7: 2d09
P8: 40
P9: System.Net.Sockets.Socket
P10: 

Attached files:
\\?\C:\ProgramData\Microsoft\Windows\WER\Temp\WER.1dee47ea-b932-4a28-830e-abb0c17cc038.tmp.WERInternalMetadata.xml
\\?\C:\ProgramData\Microsoft\Windows\WER\Temp\WER.c01a42ba-8883-45f0-9b81-4126320e3e22.tmp.csv
\\?\C:\ProgramData\Microsoft\Windows\WER\Temp\WER.8504eaba-8a7c-4096-a617-ec8114847cd5.tmp.txt
\\?\C:\ProgramData\Microsoft\Windows\WER\Temp\WER.72bdc1f6-58a7-4204-bea6-d4d8bd3d7094.tmp.xml

These files may be available here:
\\?\C:\ProgramData\Microsoft\Windows\WER\ReportArchive\AppCrash_iwnetserver.exe_373b245646c9e994f99c88f05a54456959180a7_00000000_0a4eeccc-dd3c-4559-8564-d37d0d533581

Analysis symbol: 
Rechecking for solution: 0
Report Id: 0a4eeccc-dd3c-4559-8564-d37d0d533581
Report Status: 268435456
Hashed bucket: 022c8c6301caecb323d01c4c376e7968
Cab Guid: 0"
Information,1/1/2023 5:57:31 PM,Windows Error Reporting,1001,None,"Fault bucket 1679983402601103675, type 1
Event Name: APPCRASH
Response: Not available
Cab Id: 0

Problem signature:
P1: iw4mp.dat
P2: 0.0.0.0
P3: 4b68bba4
P4: KERNEL32.DLL
P5: 6.2.22621.963
P6: f5cd78ad
P7: c0000005
P8: 0001db1d
P9: 
P10: 

Attached files:
\\?\C:\ProgramData\Microsoft\Windows\WER\Temp\WER.e9ccd39c-f5e7-4a0e-97e8-66ed05d18976.tmp.WERInternalMetadata.xml
\\?\C:\ProgramData\Microsoft\Windows\WER\Temp\WER.bad5ebaf-4147-4b00-b9ea-334bd602e0d0.tmp.csv
\\?\C:\ProgramData\Microsoft\Windows\WER\Temp\WER.c93c4e4b-6e15-4cfe-8d56-a076b8ea5170.tmp.txt
\\?\C:\ProgramData\Microsoft\Windows\WER\Temp\WER.a8ef350b-1596-4eff-9612-6d872883544d.tmp.xml

These files may be available here:
\\?\C:\ProgramData\Microsoft\Windows\WER\ReportArchive\AppCrash_iw4mp.dat_b8924a246563965f384d905f2a64e7af9177c_00000000_dcee4ae2-74ab-4e7f-a9b1-fb990afd7d0f

Analysis symbol: 
Rechecking for solution: 0
Report Id: dcee4ae2-74ab-4e7f-a9b1-fb990afd7d0f
Report Status: 268435456
Hashed bucket: 4021345a24609f3807508000f497413b
Cab Guid: 0"
Error,1/1/2023 5:57:20 PM,Application Error,1000,Application Crashing Events,"Faulting application name: iw4mp.dat, version: 0.0.0.0, time stamp: 0x4b68bba4
Faulting module name: KERNEL32.DLL, version: 6.2.22621.963, time stamp: 0xf5cd78ad
Exception code: 0xc0000005
Fault offset: 0x0001db1d
Faulting process id: 0x%9
Faulting application start time: 0x%10
Faulting application path: %11
Faulting module path: %12
Report Id: %13
Faulting package full name: %14
Faulting package-relative application ID: %15"
Information,1/1/2023 5:56:22 PM,Windows Error Reporting,1001,None,"Fault bucket 1679983402601103675, type 1
Event Name: APPCRASH
Response: Not available
Cab Id: 0

Problem signature:
P1: iw4mp.dat
P2: 0.0.0.0
P3: 4b68bba4
P4: KERNEL32.DLL
P5: 6.2.22621.963
P6: f5cd78ad
P7: c0000005
P8: 0001db1d
P9: 
P10: 

Attached files:
\\?\C:\ProgramData\Microsoft\Windows\WER\Temp\WER.69fb6509-c544-4ce3-888d-09116a0f5eaf.tmp.WERInternalMetadata.xml
\\?\C:\ProgramData\Microsoft\Windows\WER\Temp\WER.b764ef9c-e241-4258-962a-5134e9d227e4.tmp.csv
\\?\C:\ProgramData\Microsoft\Windows\WER\Temp\WER.857f081b-a25a-48c1-9d5a-5b09a94fa5db.tmp.txt
\\?\C:\ProgramData\Microsoft\Windows\WER\Temp\WER.c54d7684-5581-4c3b-a030-7d0319390a44.tmp.xml

These files may be available here:
\\?\C:\ProgramData\Microsoft\Windows\WER\ReportArchive\AppCrash_iw4mp.dat_b8924a246563965f384d905f2a64e7af9177c_00000000_ee3c0019-38d0-4cb0-bdc8-e1abf13a63f2

Analysis symbol: 
Rechecking for solution: 0
Report Id: ee3c0019-38d0-4cb0-bdc8-e1abf13a63f2
Report Status: 268435456
Hashed bucket: 4021345a24609f3807508000f497413b
Cab Guid: 0"
Error,1/1/2023 5:56:20 PM,Application Error,1000,Application Crashing Events,"Faulting application name: iw4mp.dat, version: 0.0.0.0, time stamp: 0x4b68bba4
Faulting module name: KERNEL32.DLL, version: 6.2.22621.963, time stamp: 0xf5cd78ad
Exception code: 0xc0000005
Fault offset: 0x0001db1d
Faulting process id: 0x%9
Faulting application start time: 0x%10
Faulting application path: %11
Faulting module path: %12
Report Id: %13
Faulting package full name: %14
Faulting package-relative application ID: %15"
Information,1/1/2023 5:54:22 PM,Windows Error Reporting,1001,None,"Fault bucket 1679983402601103675, type 1
Event Name: APPCRASH
Response: Not available
Cab Id: 0

Problem signature:
P1: iw4mp.dat
P2: 0.0.0.0
P3: 4b68bba4
P4: KERNEL32.DLL
P5: 6.2.22621.963
P6: f5cd78ad
P7: c0000005
P8: 0001db1d
P9: 
P10: 

Attached files:
\\?\C:\ProgramData\Microsoft\Windows\WER\Temp\WER.ec42908d-2d9c-4a19-bca2-ff791392dddd.tmp.WERInternalMetadata.xml
\\?\C:\ProgramData\Microsoft\Windows\WER\Temp\WER.d00866e3-980f-4a9e-94d9-b7f01fe75295.tmp.csv
\\?\C:\ProgramData\Microsoft\Windows\WER\Temp\WER.dee430d7-3691-46a4-91ad-69af0fe70bdf.tmp.txt
\\?\C:\ProgramData\Microsoft\Windows\WER\Temp\WER.9a336892-a98b-4d6b-88ba-058ca1211c2f.tmp.xml

These files may be available here:
\\?\C:\ProgramData\Microsoft\Windows\WER\ReportArchive\AppCrash_iw4mp.dat_b8924a246563965f384d905f2a64e7af9177c_00000000_5c5d5eb2-faea-4e60-9fc1-7a5a78b4b1cd

Analysis symbol: 
Rechecking for solution: 0
Report Id: 5c5d5eb2-faea-4e60-9fc1-7a5a78b4b1cd
Report Status: 268435456
Hashed bucket: 4021345a24609f3807508000f497413b
Cab Guid: 0"
Error,1/1/2023 5:54:16 PM,Application Error,1000,Application Crashing Events,"Faulting application name: iw4mp.dat, version: 0.0.0.0, time stamp: 0x4b68bba4
Faulting module name: KERNEL32.DLL, version: 6.2.22621.963, time stamp: 0xf5cd78ad
Exception code: 0xc0000005
Fault offset: 0x0001db1d
Faulting process id: 0x%9
Faulting application start time: 0x%10
Faulting application path: %11
Faulting module path: %12
Report Id: %13
Faulting package full name: %14
Faulting package-relative application ID: %15"
Information,1/1/2023 5:54:10 PM,Windows Error Reporting,1001,None,"Fault bucket 1710040717117795321, type 5
Event Name: CLR20r3
Response: Not available
Cab Id: 0

Problem signature:
P1: iwnetserver.exe
P2: 1.0.0.0
P3: 4bffd5ee
P4: mscorlib
P5: 2.0.0.0
P6: 6090caae
P7: 34dd
P8: 1c5
P9: System.IO.IOException
P10: 

Attached files:
\\?\C:\ProgramData\Microsoft\Windows\WER\Temp\WER.9c353911-5d56-4b65-acfb-b3a7a182bd15.tmp.WERInternalMetadata.xml
\\?\C:\ProgramData\Microsoft\Windows\WER\Temp\WER.b1c44171-ee69-4831-a8ed-1c09efd2de90.tmp.csv
\\?\C:\ProgramData\Microsoft\Windows\WER\Temp\WER.09694289-81fc-4f30-8ff8-21ac0cfffbed.tmp.txt
\\?\C:\ProgramData\Microsoft\Windows\WER\Temp\WER.6957551c-279d-45eb-951d-3d0fc42188e4.tmp.xml

These files may be available here:
\\?\C:\ProgramData\Microsoft\Windows\WER\ReportArchive\AppCrash_iwnetserver.exe_cc9536632f34af8efa2e45fe4a9415767d1e4f4_00000000_f6d6f4ac-0e0f-4cae-b787-4d40ee5c7397

Analysis symbol: 
Rechecking for solution: 0
Report Id: f6d6f4ac-0e0f-4cae-b787-4d40ee5c7397
Report Status: 268435456
Hashed bucket: ce621c7ed2f8352627bb48f8d742abf9
Cab Guid: 0"
Information,1/1/2023 5:53:55 PM,Windows Error Reporting,1001,None,"Fault bucket 1679983402601103675, type 1
Event Name: APPCRASH
Response: Not available
Cab Id: 0

Problem signature:
P1: iw4mp.dat
P2: 0.0.0.0
P3: 4b68bba4
P4: KERNEL32.DLL
P5: 6.2.22621.963
P6: f5cd78ad
P7: c0000005
P8: 0001db1d
P9: 
P10: 

Attached files:
\\?\C:\ProgramData\Microsoft\Windows\WER\Temp\WER.36c8c4fb-763c-4e41-9222-8b218cf4011f.tmp.WERInternalMetadata.xml
\\?\C:\ProgramData\Microsoft\Windows\WER\Temp\WER.d6e35bad-aca0-4d60-b973-c59cdb8c0728.tmp.csv
\\?\C:\ProgramData\Microsoft\Windows\WER\Temp\WER.f98c7dea-11ef-4f0a-af5c-2e51768fae85.tmp.txt
\\?\C:\ProgramData\Microsoft\Windows\WER\Temp\WER.0a448801-6405-45bf-9ae2-9cb3b3c04f46.tmp.xml

These files may be available here:
\\?\C:\ProgramData\Microsoft\Windows\WER\ReportArchive\AppCrash_iw4mp.dat_b8924a246563965f384d905f2a64e7af9177c_00000000_ca2268c2-d495-4474-8d01-8303534e9a75

Analysis symbol: 
Rechecking for solution: 0
Report Id: ca2268c2-d495-4474-8d01-8303534e9a75
Report Status: 268435456
Hashed bucket: 4021345a24609f3807508000f497413b
Cab Guid: 0"
Error,1/1/2023 5:53:47 PM,Application Error,1000,Application Crashing Events,"Faulting application name: iw4mp.dat, version: 0.0.0.0, time stamp: 0x4b68bba4
Faulting module name: KERNEL32.DLL, version: 6.2.22621.963, time stamp: 0xf5cd78ad
Exception code: 0xc0000005
Fault offset: 0x0001db1d
Faulting process id: 0x%9
Faulting application start time: 0x%10
Faulting application path: %11
Faulting module path: %12
Report Id: %13
Faulting package full name: %14
Faulting package-relative application ID: %15"
Information,1/1/2023 5:51:18 PM,Windows Error Reporting,1001,None,"Fault bucket 1679983402601103675, type 1
Event Name: APPCRASH
Response: Not available
Cab Id: 0

Problem signature:
P1: iw4mp.dat
P2: 0.0.0.0
P3: 4b68bba4
P4: KERNEL32.DLL
P5: 6.2.22621.963
P6: f5cd78ad
P7: c0000005
P8: 0001db1d
P9: 
P10: 

Attached files:
\\?\C:\ProgramData\Microsoft\Windows\WER\Temp\WER.0aa411df-65d6-45e6-9357-e9e5996f4db5.tmp.WERInternalMetadata.xml
\\?\C:\ProgramData\Microsoft\Windows\WER\Temp\WER.876fbffa-5bc1-467e-8663-3afe585998b0.tmp.csv
\\?\C:\ProgramData\Microsoft\Windows\WER\Temp\WER.03b9bce1-35ca-4f67-8540-b8244a7eac84.tmp.txt
\\?\C:\ProgramData\Microsoft\Windows\WER\Temp\WER.c87e084b-e50f-41ac-9024-37496a401d1e.tmp.xml

These files may be available here:
\\?\C:\ProgramData\Microsoft\Windows\WER\ReportArchive\AppCrash_iw4mp.dat_b8924a246563965f384d905f2a64e7af9177c_00000000_f23b9f59-e731-4051-bd5b-f93797bcf6ef

Analysis symbol: 
Rechecking for solution: 0
Report Id: f23b9f59-e731-4051-bd5b-f93797bcf6ef
Report Status: 268435456
Hashed bucket: 4021345a24609f3807508000f497413b
Cab Guid: 0"
Error,1/1/2023 5:51:15 PM,Application Error,1000,Application Crashing Events,"Faulting application name: iw4mp.dat, version: 0.0.0.0, time stamp: 0x4b68bba4
Faulting module name: KERNEL32.DLL, version: 6.2.22621.963, time stamp: 0xf5cd78ad
Exception code: 0xc0000005
Fault offset: 0x0001db1d
Faulting process id: 0x%9
Faulting application start time: 0x%10
Faulting application path: %11
Faulting module path: %12
Report Id: %13
Faulting package full name: %14
Faulting package-relative application ID: %15"
Information,1/1/2023 5:50:47 PM,Windows Error Reporting,1001,None,"Fault bucket 1710040717117795321, type 5
Event Name: CLR20r3
Response: Not available
Cab Id: 0

Problem signature:
P1: iwnetserver.exe
P2: 1.0.0.0
P3: 4bffd5ee
P4: mscorlib
P5: 2.0.0.0
P6: 6090caae
P7: 34dd
P8: 1c5
P9: System.IO.IOException
P10: 

Attached files:
\\?\C:\ProgramData\Microsoft\Windows\WER\Temp\WER.2942b029-6475-4eaa-8468-a9d7c34cf85c.tmp.WERInternalMetadata.xml
\\?\C:\ProgramData\Microsoft\Windows\WER\Temp\WER.f74d99aa-fbdc-4338-b407-514c321cdcf5.tmp.csv
\\?\C:\ProgramData\Microsoft\Windows\WER\Temp\WER.ad80809d-6c9f-4634-8782-b377bd803c52.tmp.txt
\\?\C:\ProgramData\Microsoft\Windows\WER\Temp\WER.27c86ffe-c1f5-48ed-9631-15b9d9bcea2d.tmp.xml

These files may be available here:
\\?\C:\ProgramData\Microsoft\Windows\WER\ReportArchive\AppCrash_iwnetserver.exe_cc9536632f34af8efa2e45fe4a9415767d1e4f4_00000000_be2d8a5f-0591-4663-928f-cfd232dee1c1

Analysis symbol: 
Rechecking for solution: 0
Report Id: be2d8a5f-0591-4663-928f-cfd232dee1c1
Report Status: 268435456
Hashed bucket: ce621c7ed2f8352627bb48f8d742abf9
Cab Guid: 0"
Information,1/1/2023 5:50:12 PM,SecurityCenter,15,None,Updated Kaspersky Internet Security status successfully to SECURITY_PRODUCT_STATE_OFF.
Information,1/1/2023 5:49:28 PM,Windows Error Reporting,1001,None,"Fault bucket 1710040717117795321, type 5
Event Name: CLR20r3
Response: Not available
Cab Id: 0

Problem signature:
P1: iwnetserver.exe
P2: 1.0.0.0
P3: 4bffd5ee
P4: mscorlib
P5: 2.0.0.0
P6: 6090caae
P7: 34dd
P8: 1c5
P9: System.IO.IOException
P10: 

Attached files:
\\?\C:\ProgramData\Microsoft\Windows\WER\Temp\WER.103eed49-1b7a-47e1-a5a8-eec4412602d2.tmp.WERInternalMetadata.xml
\\?\C:\ProgramData\Microsoft\Windows\WER\Temp\WER.6a5ea8bc-c3cc-4e53-860d-8e35f9eef74a.tmp.csv
\\?\C:\ProgramData\Microsoft\Windows\WER\Temp\WER.cd759a8e-4041-4c1d-bfe4-ebcd163b8a86.tmp.txt
\\?\C:\ProgramData\Microsoft\Windows\WER\Temp\WER.cdf10b61-dacb-4fe5-9549-943a0481549b.tmp.xml

These files may be available here:
\\?\C:\ProgramData\Microsoft\Windows\WER\ReportArchive\AppCrash_iwnetserver.exe_cc9536632f34af8efa2e45fe4a9415767d1e4f4_00000000_09858eb4-8831-43c8-8fd8-1fe3ba3bcdcd

Analysis symbol: 
Rechecking for solution: 0
Report Id: 09858eb4-8831-43c8-8fd8-1fe3ba3bcdcd
Report Status: 268435456
Hashed bucket: ce621c7ed2f8352627bb48f8d742abf9
Cab Guid: 0"
Information,1/1/2023 5:49:18 PM,Windows Error Reporting,1001,None,"Fault bucket 1679983402601103675, type 1
Event Name: APPCRASH
Response: Not available
Cab Id: 0

Problem signature:
P1: iw4mp.dat
P2: 0.0.0.0
P3: 4b68bba4
P4: KERNEL32.DLL
P5: 6.2.22621.963
P6: f5cd78ad
P7: c0000005
P8: 0001db1d
P9: 
P10: 

Attached files:
\\?\C:\ProgramData\Microsoft\Windows\WER\Temp\WER.e671a937-2c7a-41ac-899c-0bf350ebf0c7.tmp.WERInternalMetadata.xml
\\?\C:\ProgramData\Microsoft\Windows\WER\Temp\WER.4f5657c5-4ed8-4ccd-bcfa-211301d0f8f9.tmp.csv
\\?\C:\ProgramData\Microsoft\Windows\WER\Temp\WER.2735549f-3744-4e5f-bfc7-783a98ee035f.tmp.txt
\\?\C:\ProgramData\Microsoft\Windows\WER\Temp\WER.04187768-0ff9-47c3-b03d-afeb793c072f.tmp.xml

These files may be available here:
\\?\C:\ProgramData\Microsoft\Windows\WER\ReportArchive\AppCrash_iw4mp.dat_b8924a246563965f384d905f2a64e7af9177c_00000000_fdc641ec-5cdc-4c5e-9b94-47a09d58d1ab

Analysis symbol: 
Rechecking for solution: 0
Report Id: fdc641ec-5cdc-4c5e-9b94-47a09d58d1ab
Report Status: 268435456
Hashed bucket: 4021345a24609f3807508000f497413b
Cab Guid: 0"
Error,1/1/2023 5:49:16 PM,Application Error,1000,Application Crashing Events,"Faulting application name: iw4mp.dat, version: 0.0.0.0, time stamp: 0x4b68bba4
Faulting module name: KERNEL32.DLL, version: 6.2.22621.963, time stamp: 0xf5cd78ad
Exception code: 0xc0000005
Fault offset: 0x0001db1d
Faulting process id: 0x%9
Faulting application start time: 0x%10
Faulting application path: %11
Faulting module path: %12
Report Id: %13
Faulting package full name: %14
Faulting package-relative application ID: %15"
Information,1/1/2023 5:48:37 PM,Windows Error Reporting,1001,None,"Fault bucket 1679983402601103675, type 1
Event Name: APPCRASH
Response: Not available
Cab Id: 0

Problem signature:
P1: iw4mp.dat
P2: 0.0.0.0
P3: 4b68bba4
P4: KERNEL32.DLL
P5: 6.2.22621.963
P6: f5cd78ad
P7: c0000005
P8: 0001db1d
P9: 
P10: 

Attached files:
\\?\C:\ProgramData\Microsoft\Windows\WER\Temp\WER.eaa70589-a29a-4937-980f-925e63f691d7.tmp.WERInternalMetadata.xml
\\?\C:\ProgramData\Microsoft\Windows\WER\Temp\WER.4434a3aa-3dbe-443b-a8ae-cf71a0fcb0eb.tmp.csv
\\?\C:\ProgramData\Microsoft\Windows\WER\Temp\WER.57c08240-6d86-48cb-b39d-b85ad04a9c91.tmp.txt
\\?\C:\ProgramData\Microsoft\Windows\WER\Temp\WER.5d04b3ea-8ab0-4b5f-9f49-33d89b2e3dbe.tmp.xml

These files may be available here:
\\?\C:\ProgramData\Microsoft\Windows\WER\ReportArchive\AppCrash_iw4mp.dat_b8924a246563965f384d905f2a64e7af9177c_00000000_f6c071d4-0108-46ab-9c7b-719ef0c9e3be

Analysis symbol: 
Rechecking for solution: 0
Report Id: f6c071d4-0108-46ab-9c7b-719ef0c9e3be
Report Status: 268435456
Hashed bucket: 4021345a24609f3807508000f497413b
Cab Guid: 0"
Error,1/1/2023 5:48:35 PM,Application Error,1000,Application Crashing Events,"Faulting application name: iw4mp.dat, version: 0.0.0.0, time stamp: 0x4b68bba4
Faulting module name: KERNEL32.DLL, version: 6.2.22621.963, time stamp: 0xf5cd78ad
Exception code: 0xc0000005
Fault offset: 0x0001db1d
Faulting process id: 0x%9
Faulting application start time: 0x%10
Faulting application path: %11
Faulting module path: %12
Report Id: %13
Faulting package full name: %14
Faulting package-relative application ID: %15"
Information,1/1/2023 5:48:31 PM,Windows Error Reporting,1001,None,"Fault bucket 1679983402601103675, type 1
Event Name: APPCRASH
Response: Not available
Cab Id: 0

Problem signature:
P1: iw4mp.dat
P2: 0.0.0.0
P3: 4b68bba4
P4: KERNEL32.DLL
P5: 6.2.22621.963
P6: f5cd78ad
P7: c0000005
P8: 0001db1d
P9: 
P10: 

Attached files:
\\?\C:\ProgramData\Microsoft\Windows\WER\Temp\WER.c9f971d7-ce77-44e2-a438-90f19ecf17cd.tmp.WERInternalMetadata.xml
\\?\C:\ProgramData\Microsoft\Windows\WER\Temp\WER.9b9e11e8-2a06-4fb0-87f7-344b93d8173e.tmp.csv
\\?\C:\ProgramData\Microsoft\Windows\WER\Temp\WER.de5a79ce-a90b-495d-9276-c78295862ab2.tmp.txt
\\?\C:\ProgramData\Microsoft\Windows\WER\Temp\WER.8f50d427-7ccd-4eac-a134-e703b25eb423.tmp.xml

These files may be available here:
\\?\C:\ProgramData\Microsoft\Windows\WER\ReportArchive\AppCrash_iw4mp.dat_b8924a246563965f384d905f2a64e7af9177c_00000000_f5d6e075-0399-4973-aa3e-cb64eda4517a

Analysis symbol: 
Rechecking for solution: 0
Report Id: f5d6e075-0399-4973-aa3e-cb64eda4517a
Report Status: 268435456
Hashed bucket: 4021345a24609f3807508000f497413b
Cab Guid: 0"
Error,1/1/2023 5:48:28 PM,Application Error,1000,Application Crashing Events,"Faulting application name: iw4mp.dat, version: 0.0.0.0, time stamp: 0x4b68bba4
Faulting module name: KERNEL32.DLL, version: 6.2.22621.963, time stamp: 0xf5cd78ad
Exception code: 0xc0000005
Fault offset: 0x0001db1d
Faulting process id: 0x%9
Faulting application start time: 0x%10
Faulting application path: %11
Faulting module path: %12
Report Id: %13
Faulting package full name: %14
Faulting package-relative application ID: %15"
Information,1/1/2023 5:48:11 PM,Windows Error Reporting,1001,None,"Fault bucket 1679983402601103675, type 1
Event Name: APPCRASH
Response: Not available
Cab Id: 0

Problem signature:
P1: iw4mp.dat
P2: 0.0.0.0
P3: 4b68bba4
P4: KERNEL32.DLL
P5: 6.2.22621.963
P6: f5cd78ad
P7: c0000005
P8: 0001db1d
P9: 
P10: 

Attached files:
\\?\C:\ProgramData\Microsoft\Windows\WER\Temp\WER.8af5ca6d-4cee-4c2e-81e0-3b012c579612.tmp.WERInternalMetadata.xml
\\?\C:\ProgramData\Microsoft\Windows\WER\Temp\WER.7fabcd0a-bf83-457d-91f3-e76d90302081.tmp.csv
\\?\C:\ProgramData\Microsoft\Windows\WER\Temp\WER.30071163-0c70-443c-b457-3dbb0643cceb.tmp.txt
\\?\C:\ProgramData\Microsoft\Windows\WER\Temp\WER.744ded6a-0ab7-4ad7-a15e-81368150937c.tmp.xml

These files may be available here:
\\?\C:\ProgramData\Microsoft\Windows\WER\ReportArchive\AppCrash_iw4mp.dat_b8924a246563965f384d905f2a64e7af9177c_00000000_fa714ead-9801-403e-b9f4-f32fac8e643f

Analysis symbol: 
Rechecking for solution: 0
Report Id: fa714ead-9801-403e-b9f4-f32fac8e643f
Report Status: 268435456
Hashed bucket: 4021345a24609f3807508000f497413b
Cab Guid: 0"
Error,1/1/2023 5:48:09 PM,Application Error,1000,Application Crashing Events,"Faulting application name: iw4mp.dat, version: 0.0.0.0, time stamp: 0x4b68bba4
Faulting module name: KERNEL32.DLL, version: 6.2.22621.963, time stamp: 0xf5cd78ad
Exception code: 0xc0000005
Fault offset: 0x0001db1d
Faulting process id: 0x%9
Faulting application start time: 0x%10
Faulting application path: %11
Faulting module path: %12
Report Id: %13
Faulting package full name: %14
Faulting package-relative application ID: %15"
Information,1/1/2023 5:47:41 PM,Windows Error Reporting,1001,None,"Fault bucket 1679983402601103675, type 1
Event Name: APPCRASH
Response: Not available
Cab Id: 0

Problem signature:
P1: iw4mp.dat
P2: 0.0.0.0
P3: 4b68bba4
P4: KERNEL32.DLL
P5: 6.2.22621.963
P6: f5cd78ad
P7: c0000005
P8: 0001db1d
P9: 
P10: 

Attached files:
\\?\C:\ProgramData\Microsoft\Windows\WER\Temp\WER.c8bcbf7b-9a88-467b-b1b5-16b429e3351c.tmp.WERInternalMetadata.xml
\\?\C:\ProgramData\Microsoft\Windows\WER\Temp\WER.1690d7eb-d9d7-47ec-aee5-0497f3e62fe1.tmp.csv
\\?\C:\ProgramData\Microsoft\Windows\WER\Temp\WER.6ee24764-a01f-43b7-9151-fadd429efade.tmp.txt
\\?\C:\ProgramData\Microsoft\Windows\WER\Temp\WER.070752ab-1c71-4197-bc85-d6b0d8c159d1.tmp.xml

These files may be available here:
\\?\C:\ProgramData\Microsoft\Windows\WER\ReportArchive\AppCrash_iw4mp.dat_b8924a246563965f384d905f2a64e7af9177c_00000000_ab7110ba-76be-40cf-9bc5-e9d0f1d125dd

Analysis symbol: 
Rechecking for solution: 0
Report Id: ab7110ba-76be-40cf-9bc5-e9d0f1d125dd
Report Status: 268435456
Hashed bucket: 4021345a24609f3807508000f497413b
Cab Guid: 0"
Error,1/1/2023 5:47:39 PM,Application Error,1000,Application Crashing Events,"Faulting application name: iw4mp.dat, version: 0.0.0.0, time stamp: 0x4b68bba4
Faulting module name: KERNEL32.DLL, version: 6.2.22621.963, time stamp: 0xf5cd78ad
Exception code: 0xc0000005
Fault offset: 0x0001db1d
Faulting process id: 0x%9
Faulting application start time: 0x%10
Faulting application path: %11
Faulting module path: %12
Report Id: %13
Faulting package full name: %14
Faulting package-relative application ID: %15"
Information,1/1/2023 5:47:20 PM,Windows Error Reporting,1001,None,"Fault bucket 1679983402601103675, type 1
Event Name: APPCRASH
Response: Not available
Cab Id: 0

Problem signature:
P1: iw4mp.dat
P2: 0.0.0.0
P3: 4b68bba4
P4: KERNEL32.DLL
P5: 6.2.22621.963
P6: f5cd78ad
P7: c0000005
P8: 0001db1d
P9: 
P10: 

Attached files:
\\?\C:\ProgramData\Microsoft\Windows\WER\Temp\WER.4a192071-9b7b-49a3-9542-ad34610ad1f9.tmp.WERInternalMetadata.xml
\\?\C:\ProgramData\Microsoft\Windows\WER\Temp\WER.79aa9ca0-208f-4aca-b258-83cbe8665995.tmp.csv
\\?\C:\ProgramData\Microsoft\Windows\WER\Temp\WER.26fc9a33-ad8a-49ab-a081-c3f83813df85.tmp.txt
\\?\C:\ProgramData\Microsoft\Windows\WER\Temp\WER.c16a2643-4d2b-4437-9fb1-802674bb5751.tmp.xml

These files may be available here:
\\?\C:\ProgramData\Microsoft\Windows\WER\ReportArchive\AppCrash_iw4mp.dat_b8924a246563965f384d905f2a64e7af9177c_00000000_cd146743-3f9a-4d67-9b70-4eba6bd504f1

Analysis symbol: 
Rechecking for solution: 0
Report Id: cd146743-3f9a-4d67-9b70-4eba6bd504f1
Report Status: 268435456
Hashed bucket: 4021345a24609f3807508000f497413b
Cab Guid: 0"
Error,1/1/2023 5:47:19 PM,Application Error,1000,Application Crashing Events,"Faulting application name: iw4mp.dat, version: 0.0.0.0, time stamp: 0x4b68bba4
Faulting module name: KERNEL32.DLL, version: 6.2.22621.963, time stamp: 0xf5cd78ad
Exception code: 0xc0000005
Fault offset: 0x0001db1d
Faulting process id: 0x%9
Faulting application start time: 0x%10
Faulting application path: %11
Faulting module path: %12
Report Id: %13
Faulting package full name: %14
Faulting package-relative application ID: %15"
Information,1/1/2023 5:46:53 PM,Windows Error Reporting,1001,None,"Fault bucket 1679983402601103675, type 1
Event Name: APPCRASH
Response: Not available
Cab Id: 0

Problem signature:
P1: iw4mp.dat
P2: 0.0.0.0
P3: 4b68bba4
P4: KERNEL32.DLL
P5: 6.2.22621.963
P6: f5cd78ad
P7: c0000005
P8: 0001db1d
P9: 
P10: 

Attached files:
\\?\C:\ProgramData\Microsoft\Windows\WER\Temp\WER.3c5fa7f7-7486-427e-ac01-b7d1098fb493.tmp.WERInternalMetadata.xml
\\?\C:\ProgramData\Microsoft\Windows\WER\Temp\WER.8ac1517d-a6ae-4ff7-9cd8-a055142044fd.tmp.csv
\\?\C:\ProgramData\Microsoft\Windows\WER\Temp\WER.64e26a42-1c85-42b3-927c-a42f0e109384.tmp.txt
\\?\C:\ProgramData\Microsoft\Windows\WER\Temp\WER.16a99950-cfc5-4be2-9c0a-4c3626097a9b.tmp.xml

These files may be available here:
\\?\C:\ProgramData\Microsoft\Windows\WER\ReportArchive\AppCrash_iw4mp.dat_b8924a246563965f384d905f2a64e7af9177c_00000000_bd622003-6177-4eae-82ee-17ad9a8bbfe8

Analysis symbol: 
Rechecking for solution: 0
Report Id: bd622003-6177-4eae-82ee-17ad9a8bbfe8
Report Status: 268435456
Hashed bucket: 4021345a24609f3807508000f497413b
Cab Guid: 0"
Error,1/1/2023 5:46:51 PM,Application Error,1000,Application Crashing Events,"Faulting application name: iw4mp.dat, version: 0.0.0.0, time stamp: 0x4b68bba4
Faulting module name: KERNEL32.DLL, version: 6.2.22621.963, time stamp: 0xf5cd78ad
Exception code: 0xc0000005
Fault offset: 0x0001db1d
Faulting process id: 0x%9
Faulting application start time: 0x%10
Faulting application path: %11
Faulting module path: %12
Report Id: %13
Faulting package full name: %14
Faulting package-relative application ID: %15"
Information,1/1/2023 5:46:03 PM,Windows Error Reporting,1001,None,"Fault bucket 1679983402601103675, type 1
Event Name: APPCRASH
Response: Not available
Cab Id: 0

Problem signature:
P1: iw4mp.dat
P2: 0.0.0.0
P3: 4b68bba4
P4: KERNEL32.DLL
P5: 6.2.22621.963
P6: f5cd78ad
P7: c0000005
P8: 0001db1d
P9: 
P10: 

Attached files:
\\?\C:\ProgramData\Microsoft\Windows\WER\Temp\WER.2b81399c-29a8-4734-8c2a-9ae456f06bcb.tmp.WERInternalMetadata.xml
\\?\C:\ProgramData\Microsoft\Windows\WER\Temp\WER.be1e41cd-ee4b-452a-bb16-d57c6971f421.tmp.csv
\\?\C:\ProgramData\Microsoft\Windows\WER\Temp\WER.e13436fd-97d3-4add-898c-00be43845154.tmp.txt
\\?\C:\ProgramData\Microsoft\Windows\WER\Temp\WER.1e20b18c-0eb3-49fc-8555-f690f8c79a66.tmp.xml

These files may be available here:
\\?\C:\ProgramData\Microsoft\Windows\WER\ReportArchive\AppCrash_iw4mp.dat_b8924a246563965f384d905f2a64e7af9177c_00000000_a81c9f82-13e1-4708-8fd3-a8308ab1c014

Analysis symbol: 
Rechecking for solution: 0
Report Id: a81c9f82-13e1-4708-8fd3-a8308ab1c014
Report Status: 268435456
Hashed bucket: 4021345a24609f3807508000f497413b
Cab Guid: 0"
Error,1/1/2023 5:46:01 PM,Application Error,1000,Application Crashing Events,"Faulting application name: iw4mp.dat, version: 0.0.0.0, time stamp: 0x4b68bba4
Faulting module name: KERNEL32.DLL, version: 6.2.22621.963, time stamp: 0xf5cd78ad
Exception code: 0xc0000005
Fault offset: 0x0001db1d
Faulting process id: 0x%9
Faulting application start time: 0x%10
Faulting application path: %11
Faulting module path: %12
Report Id: %13
Faulting package full name: %14
Faulting package-relative application ID: %15"
Information,1/1/2023 5:45:56 PM,Windows Error Reporting,1001,None,"Fault bucket 1679983402601103675, type 1
Event Name: APPCRASH
Response: Not available
Cab Id: 0

Problem signature:
P1: iw4mp.dat
P2: 0.0.0.0
P3: 4b68bba4
P4: KERNEL32.DLL
P5: 6.2.22621.963
P6: f5cd78ad
P7: c0000005
P8: 0001db1d
P9: 
P10: 

Attached files:
\\?\C:\ProgramData\Microsoft\Windows\WER\Temp\WER.6aa1574c-d040-4aa6-9535-b6cc6451b87a.tmp.WERInternalMetadata.xml
\\?\C:\ProgramData\Microsoft\Windows\WER\Temp\WER.6d77dbf9-7258-499d-9954-64f56eb178b5.tmp.csv
\\?\C:\ProgramData\Microsoft\Windows\WER\Temp\WER.f4d4f18a-3228-448a-bfff-a17f5945f8e5.tmp.txt
\\?\C:\ProgramData\Microsoft\Windows\WER\Temp\WER.d63870ed-2fcc-4aeb-99d4-6551c42763a5.tmp.xml

These files may be available here:
\\?\C:\ProgramData\Microsoft\Windows\WER\ReportArchive\AppCrash_iw4mp.dat_b8924a246563965f384d905f2a64e7af9177c_00000000_8c1dafdf-da6b-4d8f-9f3e-825699da7e2f

Analysis symbol: 
Rechecking for solution: 0
Report Id: 8c1dafdf-da6b-4d8f-9f3e-825699da7e2f
Report Status: 268435456
Hashed bucket: 4021345a24609f3807508000f497413b
Cab Guid: 0"
