Information,12/30/2022 12:44:27 AM,ESENT,105,General,"svchost (528,D,0) DS_Token_DB: The database engine started a new instance (0). (Time=0 seconds) 
 
Additional Data:
 lgposV2[] = 00000001:0001:0000 - 00000001:000E:0F6E - 00000002:0004:0000 - 00000002:0004:0000 (00000000:0000:0000)
cReInits = 1
RBSOn = 0
 
 
Internal Timing Sequence: 
[1] 0.000915 +J(0) +M(C:0K, Fs:151, WS:584K # 584K, PF:3668K # 3668K, P:3668K)
[2] 0.000248 +J(0) +M(C:8K, Fs:197, WS:784K # 784K, PF:340K # 340K, P:340K)
[3] 0.000016 +J(0) +M(C:0K, Fs:9, WS:36K # 36K, PF:64K # 64K, P:64K)
[4] 0.000108 +J(0) +M(C:0K, Fs:71, WS:280K # 280K, PF:188K # 188K, P:188K)
[5] 0.001460 +J(0) +M(C:0K, Fs:10, WS:40K # 40K, PF:24K # 24K, P:24K)
[6] 0.005556 +J(0) +M(C:0K, Fs:68, WS:272K # 272K, PF:56K # 56K, P:56K)
[7] 0.005753 -0.000295 (2) WT +J(0) +M(C:0K, Fs:35, WS:136K # 136K, PF:68K # 68K, P:68K)
[8] 0.066070 -0.030959 (233) CM -0.029687 (247) WT +J(CM:233, PgRf:337, Rd:0/233, Dy:0/0, Lg:56536/757) +M(C:8K, Fs:185, WS:648K # 648K, PF:696K # 696K, P:696K)
[9] 0.006600 -0.001224 (3) CM -0.001663 (5) WT +J(CM:3, PgRf:65, Rd:22/2, Dy:0/0, Lg:12158/137) +M(C:140K, Fs:32, WS:124K # 124K, PF:152K # 152K, P:152K) + 1 lgens
[10] 0.000668 -0.000260 (1) WT +J(0) +M(C:0K, Fs:0, WS:-60K # 0K, PF:-60K # 0K, P:-60K)
[11] 0.000053 +J(CM:0, PgRf:0, Rd:0/0, Dy:0/0, Lg:49/1) +M(C:0K, Fs:2, WS:8K # 0K, PF:0K # 0K, P:0K)
[12] 0.000543 +J(0) +M(C:0K, Fs:1, WS:4K # 0K, PF:0K # 0K, P:0K)
[13] 0.019343 -0.000395 (2) CM -0.005729 (18) WT +J(CM:2, PgRf:2, Rd:0/2, Dy:0/0, Lg:8759/5) +M(C:0K, Fs:42, WS:40K # 56K, PF:28K # 36K, P:28K)
[14] 0.000018 +J(0)
[15] 0.000015 +J(0)
[16] 0.000341 -0.000101 (1) WT +J(0) +M(C:0K, Fs:2, WS:0K # 0K, PF:0K # 0K, P:0K)."
Information,12/30/2022 12:44:27 AM,ESENT,302,Logging/Recovery,"svchost (528,U,98) DS_Token_DB: The database engine has successfully completed recovery steps."
Information,12/30/2022 12:44:27 AM,ESENT,301,Logging/Recovery,"svchost (528,R,98) DS_Token_DB: The database engine has finished replaying logfile C:\WINDOWS\system32\config\systemprofile\AppData\Local\DataSharing\Storage\DSS.log. 
 
Processing Stats: 
[1] 0.003752 -0.001224 (3) CM -0.001109 (3) WT +J(CM:3, PgRf:65, Rd:16/2, Dy:0/0, Lg:12158/137) +M(C:132K, Fs:18, WS:72K # 72K, PF:136K # 136K, P:136K). 
Log record of type 'Insert   ' was seen most frequently (42 times)"
Information,12/30/2022 12:44:27 AM,ESENT,301,Logging/Recovery,"svchost (528,R,98) DS_Token_DB: The database engine has finished replaying logfile C:\WINDOWS\system32\config\systemprofile\AppData\Local\DataSharing\Storage\DSS00001.log. 
 
Processing Stats: 
[1] 0.060364 -0.030959 (233) CM -0.029281 (244) WT +J(CM:233, PgRf:337, Rd:0/233, Dy:0/0, Lg:56536/757) +M(C:8K, Fs:157, WS:544K # 544K, PF:620K # 620K, P:620K). 
Log record of type 'Insert   ' was seen most frequently (291 times)"
Information,12/30/2022 12:44:27 AM,ESENT,300,Logging/Recovery,"svchost (528,R,98) DS_Token_DB: The database engine is initiating recovery steps."
Information,12/30/2022 12:44:27 AM,ESENT,102,General,"svchost (528,P,98) DS_Token_DB: The database engine (10.00.22621.0000) is starting a new instance (0)."
Information,12/30/2022 12:42:15 AM,VSS,8224,None,The VSS service is shutting down due to idle timeout. 
Error,12/30/2022 12:39:15 AM,VSS,8194,None,"Volume Shadow Copy Service error: Unexpected error querying for the IVssWriterCallback interface.  hr = 0x80070005, Access is denied.
. This is often caused by incorrect security settings in either the writer or requestor process. 

Operation:
   Gathering Writer Data

Context:
   Writer Class Id: {e8132975-6f93-4464-a53e-1050253ae220}
   Writer Name: System Writer
   Writer Instance ID: {094401b9-60db-4bca-aa1a-be05ee991374}"
Information,12/30/2022 12:39:15 AM,SDSSnapshotProcess,278,(6),"The description for Event ID 278 from source SDSSnapshotProcess cannot be found. Either the component that raises this event is not installed on your local computer or the installation is corrupted. You can install or repair the component on the local computer.

If the event originated on another computer, the display information had to be saved with the event.

The following information was included with the event: 


The system cannot find the file specified
"
Information,12/30/2022 12:39:09 AM,SDSSnapshotProcess,276,(4),"The description for Event ID 276 from source SDSSnapshotProcess cannot be found. Either the component that raises this event is not installed on your local computer or the installation is corrupted. You can install or repair the component on the local computer.

If the event originated on another computer, the display information had to be saved with the event.

The following information was included with the event: 


The system cannot find the file specified
"
Information,12/30/2022 12:39:06 AM,SDSSnapshotProcess,272,(3),"The description for Event ID 272 from source SDSSnapshotProcess cannot be found. Either the component that raises this event is not installed on your local computer or the installation is corrupted. You can install or repair the component on the local computer.

If the event originated on another computer, the display information had to be saved with the event.

The following information was included with the event: 


The system cannot find the file specified
"
Information,12/30/2022 12:38:31 AM,SDSSnapshotProcess,264,(2),"The description for Event ID 264 from source SDSSnapshotProcess cannot be found. Either the component that raises this event is not installed on your local computer or the installation is corrupted. You can install or repair the component on the local computer.

If the event originated on another computer, the display information had to be saved with the event.

The following information was included with the event: 


The system cannot find the file specified
"
Information,12/30/2022 12:38:27 AM,SDSSnapshotProcess,274,(4),"The description for Event ID 274 from source SDSSnapshotProcess cannot be found. Either the component that raises this event is not installed on your local computer or the installation is corrupted. You can install or repair the component on the local computer.

If the event originated on another computer, the display information had to be saved with the event.

The following information was included with the event: 


The system cannot find the file specified
"
Error,12/30/2022 12:38:25 AM,VSS,8194,None,"Volume Shadow Copy Service error: Unexpected error querying for the IVssWriterCallback interface.  hr = 0x80070005, Access is denied.
. This is often caused by incorrect security settings in either the writer or requestor process. 

Operation:
   Gathering Writer Data

Context:
   Writer Class Id: {e8132975-6f93-4464-a53e-1050253ae220}
   Writer Name: System Writer
   Writer Instance ID: {094401b9-60db-4bca-aa1a-be05ee991374}"
Information,12/30/2022 12:38:25 AM,SDSSnapshotProcess,256,(1),"The description for Event ID 256 from source SDSSnapshotProcess cannot be found. Either the component that raises this event is not installed on your local computer or the installation is corrupted. You can install or repair the component on the local computer.

If the event originated on another computer, the display information had to be saved with the event.

The following information was included with the event: 


The system cannot find the file specified
"
Information,12/30/2022 12:36:32 AM,Microsoft-Windows-Security-SPP,16384,None,Successfully scheduled Software Protection service for re-start at 2122-12-06T03:36:32Z. Reason: RulesEngine.
Information,12/30/2022 12:35:41 AM,Microsoft-Windows-Security-SPP,16394,None,Offline downlevel migration succeeded.
Information,12/30/2022 12:30:18 AM,Microsoft-Windows-Security-SPP,16384,None,Successfully scheduled Software Protection service for re-start at 2122-12-06T03:30:18Z. Reason: RulesEngine.
Information,12/30/2022 12:29:48 AM,Microsoft-Windows-Security-SPP,16394,None,Offline downlevel migration succeeded.
Information,12/30/2022 12:28:56 AM,DellTechHub,0,None,PowerEvent handled successfully by the service.
Information,12/30/2022 12:28:56 AM,igccservice,0,None,PowerEvent handled successfully by the service.
Information,12/30/2022 12:28:56 AM,Dell SupportAssist Remediation,0,None,PowerEvent handled successfully by the service.
Information,12/29/2022 11:58:41 PM,DellTechHub,0,None,PowerEvent handled successfully by the service.
Information,12/29/2022 11:58:41 PM,igccservice,0,None,PowerEvent handled successfully by the service.
Information,12/29/2022 11:58:41 PM,Dell SupportAssist Remediation,0,None,PowerEvent handled successfully by the service.
Information,12/29/2022 11:39:08 PM,Microsoft-Windows-Security-SPP,16384,None,Successfully scheduled Software Protection service for re-start at 2122-12-06T02:39:08Z. Reason: RulesEngine.
Information,12/29/2022 11:38:38 PM,Microsoft-Windows-Security-SPP,16394,None,Offline downlevel migration succeeded.
Information,12/29/2022 10:40:56 PM,Microsoft-Windows-Security-SPP,16384,None,Successfully scheduled Software Protection service for re-start at 2122-12-06T01:40:56Z. Reason: RulesEngine.
Information,12/29/2022 10:40:25 PM,Microsoft-Windows-Security-SPP,16394,None,Offline downlevel migration succeeded.
Information,12/29/2022 9:56:38 PM,Microsoft-Windows-Security-SPP,16384,None,Successfully scheduled Software Protection service for re-start at 2122-12-06T00:56:38Z. Reason: RulesEngine.
Information,12/29/2022 9:56:08 PM,Microsoft-Windows-Security-SPP,16394,None,Offline downlevel migration succeeded.
Information,12/29/2022 9:54:45 PM,MsiInstaller,1035,None,Windows Installer reconfigured the product. Product Name: Kaspersky Password Manager. Product Version: 10.2.0.341. Product Language: 1046. Manufacturer: Kaspersky Lab. Reconfiguration success or error status: 0.
Information,12/29/2022 9:54:45 PM,MsiInstaller,1035,None,Windows Installer reconfigured the product. Product Name: Python Launcher. Product Version: 3.8.7427.0. Product Language: 1033. Manufacturer: Python Software Foundation. Reconfiguration success or error status: 0.
Information,12/29/2022 9:54:45 PM,MsiInstaller,1035,None,Windows Installer reconfigured the product. Product Name: Microsoft .NET Host - 6.0.9 (x64). Product Version: 48.39.47157. Product Language: 1033. Manufacturer: Microsoft Corporation. Reconfiguration success or error status: 0.
Information,12/29/2022 9:54:45 PM,MsiInstaller,1035,None,Windows Installer reconfigured the product. Product Name: Dell SupportAssist. Product Version: 3.13.0.236. Product Language: 1033. Manufacturer: Dell Inc.. Reconfiguration success or error status: 0.
Information,12/29/2022 9:54:45 PM,MsiInstaller,1035,None,Windows Installer reconfigured the product. Product Name: Microsoft .NET Runtime - 6.0.9 (x64). Product Version: 48.39.47157. Product Language: 1033. Manufacturer: Microsoft Corporation. Reconfiguration success or error status: 0.
Information,12/29/2022 9:54:45 PM,MsiInstaller,1035,None,Windows Installer reconfigured the product. Product Name: Microsoft Visual C++ 2013 x86 Additional Runtime - 12.0.40664. Product Version: 12.0.40664. Product Language: 1033. Manufacturer: Microsoft Corporation. Reconfiguration success or error status: 0.
Information,12/29/2022 9:54:45 PM,MsiInstaller,1035,None,Windows Installer reconfigured the product. Product Name: Tableau 2019.3 (20193.19.0821.2225). Product Version: 19.3.510. Product Language: 1033. Manufacturer: Tableau Software. Reconfiguration success or error status: 0.
Information,12/29/2022 9:54:45 PM,MsiInstaller,1035,None,Windows Installer reconfigured the product. Product Name: Microsoft Visual C++ 2019 X86 Minimum Runtime - 14.29.30135. Product Version: 14.29.30135. Product Language: 1033. Manufacturer: Microsoft Corporation. Reconfiguration success or error status: 0.
Information,12/29/2022 9:54:45 PM,MsiInstaller,1035,None,Windows Installer reconfigured the product. Product Name: Intel(R) Icls. Product Version: 1.0.0.0. Product Language: 1033. Manufacturer: Intel Corporation. Reconfiguration success or error status: 0.
Information,12/29/2022 9:54:45 PM,MsiInstaller,1035,None,Windows Installer reconfigured the product. Product Name: Microsoft .NET Host FX Resolver - 5.0.17 (x86). Product Version: 40.68.31213. Product Language: 1033. Manufacturer: Microsoft Corporation. Reconfiguration success or error status: 0.
Information,12/29/2022 9:54:44 PM,MsiInstaller,1035,None,Windows Installer reconfigured the product. Product Name: Microsoft Update Health Tools. Product Version: 5.68.0.0. Product Language: 0. Manufacturer: Microsoft Corporation. Reconfiguration success or error status: 0.
Information,12/29/2022 9:54:44 PM,MsiInstaller,1035,None,Windows Installer reconfigured the product. Product Name: Microsoft Visual C++ 2013 x64 Additional Runtime - 12.0.40664. Product Version: 12.0.40664. Product Language: 1033. Manufacturer: Microsoft Corporation. Reconfiguration success or error status: 0.
Information,12/29/2022 9:54:44 PM,MsiInstaller,1035,None,Windows Installer reconfigured the product. Product Name: Microsoft .NET Runtime - 5.0.17 (x86). Product Version: 40.68.31213. Product Language: 1033. Manufacturer: Microsoft Corporation. Reconfiguration success or error status: 0.
Information,12/29/2022 9:54:44 PM,MsiInstaller,1035,None,Windows Installer reconfigured the product. Product Name: Amazon Redshift ODBC Driver 64-bit. Product Version: 1.3.7.1000. Product Language: 1033. Manufacturer: Amazon Corporate LLC. Reconfiguration success or error status: 0.
Information,12/29/2022 9:54:44 PM,MsiInstaller,1035,None,Windows Installer reconfigured the product. Product Name: Kaspersky Internet Security. Product Version: 21.3.10.391. Product Language: 1046. Manufacturer: Kaspersky. Reconfiguration success or error status: 0.
Information,12/29/2022 9:54:44 PM,MsiInstaller,1035,None,Windows Installer reconfigured the product. Product Name: Microsoft .NET Host - 5.0.17 (x86). Product Version: 40.68.31213. Product Language: 1033. Manufacturer: Microsoft Corporation. Reconfiguration success or error status: 0.
Information,12/29/2022 9:54:44 PM,MsiInstaller,1035,None,Windows Installer reconfigured the product. Product Name: Microsoft Visual C++ 2019 X86 Additional Runtime - 14.29.30135. Product Version: 14.29.30135. Product Language: 1033. Manufacturer: Microsoft Corporation. Reconfiguration success or error status: 0.
Information,12/29/2022 9:54:44 PM,MsiInstaller,1035,None,Windows Installer reconfigured the product. Product Name: Intel(R) LMS. Product Version: 1.0.0.0. Product Language: 1033. Manufacturer: Intel Corporation. Reconfiguration success or error status: 0.
Information,12/29/2022 9:54:44 PM,MsiInstaller,1035,None,Windows Installer reconfigured the product. Product Name: Kaspersky VPN. Product Version: 21.3.10.391. Product Language: 1046. Manufacturer: Kaspersky. Reconfiguration success or error status: 0.
Information,12/29/2022 9:54:44 PM,MsiInstaller,1035,None,Windows Installer reconfigured the product. Product Name: Dell SupportAssist OS Recovery Plugin for Dell Update. Product Version: 5.5.4.16189. Product Language: 1033. Manufacturer: Dell Inc.. Reconfiguration success or error status: 0.
Information,12/29/2022 9:54:44 PM,MsiInstaller,1035,None,Windows Installer reconfigured the product. Product Name: Microsoft Windows Desktop Runtime - 5.0.17 (x86). Product Version: 40.68.31219. Product Language: 1033. Manufacturer: Microsoft Corporation. Reconfiguration success or error status: 0.
Information,12/29/2022 9:54:44 PM,MsiInstaller,1035,None,Windows Installer reconfigured the product. Product Name: Microsoft Visual C++ 2019 X64 Minimum Runtime - 14.28.29325. Product Version: 14.28.29325. Product Language: 1033. Manufacturer: Microsoft Corporation. Reconfiguration success or error status: 0.
Information,12/29/2022 9:54:44 PM,MsiInstaller,1035,None,Windows Installer reconfigured the product. Product Name: Dynamic Application Loader Host Interface Service. Product Version: 1.0.0.0. Product Language: 1033. Manufacturer: Intel Corporation. Reconfiguration success or error status: 0.
Information,12/29/2022 9:54:44 PM,MsiInstaller,1035,None,Windows Installer reconfigured the product. Product Name: Microsoft Visual C++ 2019 X64 Additional Runtime - 14.28.29325. Product Version: 14.28.29325. Product Language: 1033. Manufacturer: Microsoft Corporation. Reconfiguration success or error status: 0.
Information,12/29/2022 9:54:44 PM,MsiInstaller,1035,None,Windows Installer reconfigured the product. Product Name: Intel(R) Management Engine Components. Product Version: 1.0.0.0. Product Language: 1033. Manufacturer: Intel Corporation. Reconfiguration success or error status: 0.
Information,12/29/2022 9:54:44 PM,MsiInstaller,1035,None,Windows Installer reconfigured the product. Product Name: Dell SupportAssist Remediation. Product Version: 5.5.5.16206. Product Language: 1033. Manufacturer: Dell Inc.. Reconfiguration success or error status: 0.
Information,12/29/2022 9:54:44 PM,MsiInstaller,1035,None,Windows Installer reconfigured the product. Product Name: Microsoft Visual C++ 2013 x64 Minimum Runtime - 12.0.40664. Product Version: 12.0.40664. Product Language: 1033. Manufacturer: Microsoft Corporation. Reconfiguration success or error status: 0.
Information,12/29/2022 9:54:44 PM,MsiInstaller,1035,None,Windows Installer reconfigured the product. Product Name: Microsoft .NET Host FX Resolver - 6.0.9 (x64). Product Version: 48.39.47157. Product Language: 1033. Manufacturer: Microsoft Corporation. Reconfiguration success or error status: 0.
Information,12/29/2022 9:54:44 PM,MsiInstaller,1035,None,Windows Installer reconfigured the product. Product Name: Microsoft ODBC Driver 17 for SQL Server. Product Version: 17.1.0.1. Product Language: 1033. Manufacturer: Microsoft Corporation. Reconfiguration success or error status: 0.
Information,12/29/2022 9:54:44 PM,MsiInstaller,1035,None,Windows Installer reconfigured the product. Product Name: Intel(R) Management Engine Driver. Product Version: 1.0.0.0. Product Language: 1033. Manufacturer: Intel Corporation. Reconfiguration success or error status: 0.
Information,12/29/2022 9:54:44 PM,MsiInstaller,1035,None,Windows Installer reconfigured the product. Product Name: Microsoft Visual C++ 2010  x86 Redistributable - 10.0.40219. Product Version: 10.0.40219. Product Language: 0. Manufacturer: Microsoft Corporation. Reconfiguration success or error status: 0.
Information,12/29/2022 9:54:44 PM,MsiInstaller,1035,None,Windows Installer reconfigured the product. Product Name: Microsoft Visual C++ 2013 x86 Minimum Runtime - 12.0.40664. Product Version: 12.0.40664. Product Language: 1033. Manufacturer: Microsoft Corporation. Reconfiguration success or error status: 0.
Information,12/29/2022 9:54:44 PM,MsiInstaller,1035,None,Windows Installer reconfigured the product. Product Name: Microsoft Visual C++ 2010  x64 Redistributable - 10.0.40219. Product Version: 10.0.40219. Product Language: 0. Manufacturer: Microsoft Corporation. Reconfiguration success or error status: 0.
Information,12/29/2022 9:54:44 PM,MsiInstaller,1035,None,Windows Installer reconfigured the product. Product Name: psqlODBC_x64. Product Version: 09.06.0504. Product Language: 1033. Manufacturer: PostgreSQL Global Development Group. Reconfiguration success or error status: 0.
Information,12/29/2022 9:54:43 PM,MsiInstaller,1035,None,Windows Installer reconfigured the product. Product Name: Kaspersky Password Manager. Product Version: 10.2.0.341. Product Language: 1046. Manufacturer: Kaspersky Lab. Reconfiguration success or error status: 0.
Information,12/29/2022 9:54:43 PM,MsiInstaller,1035,None,Windows Installer reconfigured the product. Product Name: Python Launcher. Product Version: 3.8.7427.0. Product Language: 1033. Manufacturer: Python Software Foundation. Reconfiguration success or error status: 0.
Information,12/29/2022 9:54:43 PM,MsiInstaller,1035,None,Windows Installer reconfigured the product. Product Name: Microsoft .NET Host - 6.0.9 (x64). Product Version: 48.39.47157. Product Language: 1033. Manufacturer: Microsoft Corporation. Reconfiguration success or error status: 0.
Information,12/29/2022 9:54:43 PM,MsiInstaller,1035,None,Windows Installer reconfigured the product. Product Name: Dell SupportAssist. Product Version: 3.13.0.236. Product Language: 1033. Manufacturer: Dell Inc.. Reconfiguration success or error status: 0.
Information,12/29/2022 9:54:42 PM,MsiInstaller,1035,None,Windows Installer reconfigured the product. Product Name: Microsoft .NET Runtime - 6.0.9 (x64). Product Version: 48.39.47157. Product Language: 1033. Manufacturer: Microsoft Corporation. Reconfiguration success or error status: 0.
Information,12/29/2022 9:54:42 PM,MsiInstaller,1035,None,Windows Installer reconfigured the product. Product Name: Microsoft Visual C++ 2013 x86 Additional Runtime - 12.0.40664. Product Version: 12.0.40664. Product Language: 1033. Manufacturer: Microsoft Corporation. Reconfiguration success or error status: 0.
Information,12/29/2022 9:54:42 PM,MsiInstaller,1035,None,Windows Installer reconfigured the product. Product Name: Tableau 2019.3 (20193.19.0821.2225). Product Version: 19.3.510. Product Language: 1033. Manufacturer: Tableau Software. Reconfiguration success or error status: 0.
Information,12/29/2022 9:54:42 PM,MsiInstaller,1035,None,Windows Installer reconfigured the product. Product Name: Microsoft Visual C++ 2019 X86 Minimum Runtime - 14.29.30135. Product Version: 14.29.30135. Product Language: 1033. Manufacturer: Microsoft Corporation. Reconfiguration success or error status: 0.
Information,12/29/2022 9:54:42 PM,MsiInstaller,1035,None,Windows Installer reconfigured the product. Product Name: Intel(R) Icls. Product Version: 1.0.0.0. Product Language: 1033. Manufacturer: Intel Corporation. Reconfiguration success or error status: 0.
Information,12/29/2022 9:54:42 PM,MsiInstaller,1035,None,Windows Installer reconfigured the product. Product Name: Microsoft .NET Host FX Resolver - 5.0.17 (x86). Product Version: 40.68.31213. Product Language: 1033. Manufacturer: Microsoft Corporation. Reconfiguration success or error status: 0.
Information,12/29/2022 9:54:42 PM,MsiInstaller,1035,None,Windows Installer reconfigured the product. Product Name: Microsoft Update Health Tools. Product Version: 5.68.0.0. Product Language: 0. Manufacturer: Microsoft Corporation. Reconfiguration success or error status: 0.
Information,12/29/2022 9:54:42 PM,MsiInstaller,1035,None,Windows Installer reconfigured the product. Product Name: Microsoft Visual C++ 2013 x64 Additional Runtime - 12.0.40664. Product Version: 12.0.40664. Product Language: 1033. Manufacturer: Microsoft Corporation. Reconfiguration success or error status: 0.
Information,12/29/2022 9:54:42 PM,MsiInstaller,1035,None,Windows Installer reconfigured the product. Product Name: Microsoft .NET Runtime - 5.0.17 (x86). Product Version: 40.68.31213. Product Language: 1033. Manufacturer: Microsoft Corporation. Reconfiguration success or error status: 0.
Information,12/29/2022 9:54:42 PM,MsiInstaller,1035,None,Windows Installer reconfigured the product. Product Name: Amazon Redshift ODBC Driver 64-bit. Product Version: 1.3.7.1000. Product Language: 1033. Manufacturer: Amazon Corporate LLC. Reconfiguration success or error status: 0.
Information,12/29/2022 9:54:42 PM,MsiInstaller,1035,None,Windows Installer reconfigured the product. Product Name: Kaspersky Internet Security. Product Version: 21.3.10.391. Product Language: 1046. Manufacturer: Kaspersky. Reconfiguration success or error status: 0.
Information,12/29/2022 9:54:42 PM,MsiInstaller,1035,None,Windows Installer reconfigured the product. Product Name: Microsoft .NET Host - 5.0.17 (x86). Product Version: 40.68.31213. Product Language: 1033. Manufacturer: Microsoft Corporation. Reconfiguration success or error status: 0.
Information,12/29/2022 9:54:42 PM,MsiInstaller,1035,None,Windows Installer reconfigured the product. Product Name: Microsoft Visual C++ 2019 X86 Additional Runtime - 14.29.30135. Product Version: 14.29.30135. Product Language: 1033. Manufacturer: Microsoft Corporation. Reconfiguration success or error status: 0.
Information,12/29/2022 9:54:42 PM,MsiInstaller,1035,None,Windows Installer reconfigured the product. Product Name: Intel(R) LMS. Product Version: 1.0.0.0. Product Language: 1033. Manufacturer: Intel Corporation. Reconfiguration success or error status: 0.
Information,12/29/2022 9:54:42 PM,MsiInstaller,1035,None,Windows Installer reconfigured the product. Product Name: Kaspersky VPN. Product Version: 21.3.10.391. Product Language: 1046. Manufacturer: Kaspersky. Reconfiguration success or error status: 0.
Information,12/29/2022 9:54:42 PM,MsiInstaller,1035,None,Windows Installer reconfigured the product. Product Name: Dell SupportAssist OS Recovery Plugin for Dell Update. Product Version: 5.5.4.16189. Product Language: 1033. Manufacturer: Dell Inc.. Reconfiguration success or error status: 0.
Information,12/29/2022 9:54:42 PM,MsiInstaller,1035,None,Windows Installer reconfigured the product. Product Name: Microsoft Windows Desktop Runtime - 5.0.17 (x86). Product Version: 40.68.31219. Product Language: 1033. Manufacturer: Microsoft Corporation. Reconfiguration success or error status: 0.
Information,12/29/2022 9:54:42 PM,MsiInstaller,1035,None,Windows Installer reconfigured the product. Product Name: Microsoft Visual C++ 2019 X64 Minimum Runtime - 14.28.29325. Product Version: 14.28.29325. Product Language: 1033. Manufacturer: Microsoft Corporation. Reconfiguration success or error status: 0.
Information,12/29/2022 9:54:42 PM,MsiInstaller,1035,None,Windows Installer reconfigured the product. Product Name: Dynamic Application Loader Host Interface Service. Product Version: 1.0.0.0. Product Language: 1033. Manufacturer: Intel Corporation. Reconfiguration success or error status: 0.
Information,12/29/2022 9:54:42 PM,MsiInstaller,1035,None,Windows Installer reconfigured the product. Product Name: Microsoft Visual C++ 2019 X64 Additional Runtime - 14.28.29325. Product Version: 14.28.29325. Product Language: 1033. Manufacturer: Microsoft Corporation. Reconfiguration success or error status: 0.
Information,12/29/2022 9:54:42 PM,MsiInstaller,1035,None,Windows Installer reconfigured the product. Product Name: Intel(R) Management Engine Components. Product Version: 1.0.0.0. Product Language: 1033. Manufacturer: Intel Corporation. Reconfiguration success or error status: 0.
Information,12/29/2022 9:54:42 PM,MsiInstaller,1035,None,Windows Installer reconfigured the product. Product Name: Dell SupportAssist Remediation. Product Version: 5.5.5.16206. Product Language: 1033. Manufacturer: Dell Inc.. Reconfiguration success or error status: 0.
Information,12/29/2022 9:54:42 PM,MsiInstaller,1035,None,Windows Installer reconfigured the product. Product Name: Microsoft Visual C++ 2013 x64 Minimum Runtime - 12.0.40664. Product Version: 12.0.40664. Product Language: 1033. Manufacturer: Microsoft Corporation. Reconfiguration success or error status: 0.
Information,12/29/2022 9:54:42 PM,MsiInstaller,1035,None,Windows Installer reconfigured the product. Product Name: Microsoft .NET Host FX Resolver - 6.0.9 (x64). Product Version: 48.39.47157. Product Language: 1033. Manufacturer: Microsoft Corporation. Reconfiguration success or error status: 0.
Information,12/29/2022 9:54:42 PM,MsiInstaller,1035,None,Windows Installer reconfigured the product. Product Name: Microsoft ODBC Driver 17 for SQL Server. Product Version: 17.1.0.1. Product Language: 1033. Manufacturer: Microsoft Corporation. Reconfiguration success or error status: 0.
Information,12/29/2022 9:54:42 PM,MsiInstaller,1035,None,Windows Installer reconfigured the product. Product Name: Intel(R) Management Engine Driver. Product Version: 1.0.0.0. Product Language: 1033. Manufacturer: Intel Corporation. Reconfiguration success or error status: 0.
Information,12/29/2022 9:54:42 PM,MsiInstaller,1035,None,Windows Installer reconfigured the product. Product Name: Microsoft Visual C++ 2010  x86 Redistributable - 10.0.40219. Product Version: 10.0.40219. Product Language: 0. Manufacturer: Microsoft Corporation. Reconfiguration success or error status: 0.
Information,12/29/2022 9:54:42 PM,MsiInstaller,1035,None,Windows Installer reconfigured the product. Product Name: Microsoft Visual C++ 2013 x86 Minimum Runtime - 12.0.40664. Product Version: 12.0.40664. Product Language: 1033. Manufacturer: Microsoft Corporation. Reconfiguration success or error status: 0.
Information,12/29/2022 9:54:42 PM,MsiInstaller,1035,None,Windows Installer reconfigured the product. Product Name: Microsoft Visual C++ 2010  x64 Redistributable - 10.0.40219. Product Version: 10.0.40219. Product Language: 0. Manufacturer: Microsoft Corporation. Reconfiguration success or error status: 0.
Information,12/29/2022 9:54:42 PM,MsiInstaller,1035,None,Windows Installer reconfigured the product. Product Name: psqlODBC_x64. Product Version: 09.06.0504. Product Language: 1033. Manufacturer: PostgreSQL Global Development Group. Reconfiguration success or error status: 0.
Information,12/29/2022 9:24:05 PM,Microsoft-Windows-Backup,754,None,The Block Level Backup Engine service has stopped.
Information,12/29/2022 9:23:43 PM,VSS,8224,None,The VSS service is shutting down due to idle timeout. 
Information,12/29/2022 9:23:32 PM,Microsoft-Windows-Security-SPP,16384,None,Successfully scheduled Software Protection service for re-start at 2122-12-06T00:23:32Z. Reason: RulesEngine.
Information,12/29/2022 9:22:47 PM,edgeupdate,0,None,Service stopped.
Information,12/29/2022 9:22:34 PM,Microsoft-Windows-Security-SPP,16394,None,Offline downlevel migration succeeded.
Information,12/29/2022 9:21:22 PM,Microsoft-Windows-Security-SPP,903,None,"The Software Protection service has stopped.
"
Information,12/29/2022 9:21:22 PM,Microsoft-Windows-Security-SPP,16384,None,Successfully scheduled Software Protection service for re-start at 2122-12-06T00:21:22Z. Reason: RulesEngine.
Information,12/29/2022 9:21:21 PM,Microsoft-Windows-System-Restore,8302,None,Scoping successfully completed for shadowcopy \\?\GLOBALROOT\Device\HarddiskVolumeShadowCopy6.
Information,12/29/2022 9:21:21 PM,Microsoft-Windows-System-Restore,8301,None,Scoping completed for shadowcopy \\?\GLOBALROOT\Device\HarddiskVolumeShadowCopy6.
Information,12/29/2022 9:20:56 PM,DDVCollectorSvcApi,0,None,The operation completed successfully. 
Information,12/29/2022 9:20:54 PM,SecurityCenter,15,None,Updated Kaspersky Internet Security status successfully to SECURITY_PRODUCT_STATE_ON.
Information,12/29/2022 9:20:54 PM,SecurityCenter,15,None,Updated Kaspersky Internet Security status successfully to SECURITY_PRODUCT_STATE_ON.
Information,12/29/2022 9:20:54 PM,SecurityCenter,1,None,The Windows Security Center Service has started.
Information,12/29/2022 9:20:52 PM,Microsoft-Windows-Security-SPP,902,None,"The Software Protection service has started.
10.0.22621.963"
Information,12/29/2022 9:20:50 PM,Microsoft-Windows-Security-SPP,1003,None,"The Software Protection service has completed licensing status check.
Application Id=55c92734-d682-4d71-983e-d6ec3f16059f
Licensing Status=
1: 040fa323-92b1-4baf-97a2-5b67feaefddb, 1, 0 [(0 [0xC004F014, 0, 0], [(?)(?)(?)(?)(?)(?)(?)(?)])(1 )(2 )(3 )]
2: 0724cb7d-3437-4cb7-93cb-830375d0079d, 1, 0 [(0 [0xC004F014, 0, 0], [(?)(?)(?)(?)(?)(?)(?)(?)])(1 )(2 )(3 )]
3: 0ad2ac98-7bb9-4201-8d92-312299201369, 1, 0 [(0 [0xC004F014, 0, 0], [(?)(?)(?)(?)(?)(?)(?)(?)])(1 )(2 )(3 )]
4: 1a9a717a-cf13-4ba5-83c3-0fe25fa868d5, 1, 0 [(0 [0xC004F014, 0, 0], [(?)(?)(?)(?)(?)(?)(?)(?)])(1 )(2 )(3 )]
5: 221a02da-e2a1-4b75-864c-0a4410a33fdf, 1, 0 [(0 [0xC004F014, 0, 0], [(?)(?)(?)(?)(?)(?)(?)(?)])(1 )(2 )(3 )]
6: 291ece0e-9c38-40ca-a9e1-32cc7ec19507, 1, 0 [(0 [0xC004F014, 0, 0], [(?)(?)(?)(?)(?)(?)(?)(?)])(1 )(2 )(3 )]
7: 2936d1d2-913a-4542-b54e-ce5a602a2a38, 1, 0 [(0 [0xC004F014, 0, 0], [(?)(?)(?)(?)(?)(?)(?)(?)])(1 )(2 )(3 )]
8: 2c293c26-a45a-4a2a-a350-c69a67097529, 1, 0 [(0 [0xC004F014, 0, 0], [(?)(?)(?)(?)(?)(?)(?)(?)])(1 )(2 )(3 )]
9: 2de67392-b7a7-462a-b1ca-108dd189f588, 1, 0 [(0 [0xC004F014, 0, 0], [(?)(?)(?)(?)(?)(?)(?)(?)])(1 )(2 )(3 )]
10: 2ffd8952-423e-4903-b993-72a1aa44cf82, 1, 0 [(0 [0xC004F014, 0, 0], [(?)(?)(?)(?)(?)(?)(?)(?)])(1 )(2 )(3 )]
11: 30a42c86-b7a0-4a34-8c90-ff177cb2acb7, 1, 0 [(0 [0xC004F014, 0, 0], [(?)(?)(?)(?)(?)(?)(?)(?)])(1 )(2 )(3 )]
12: 345a5db0-d94f-4e3b-a0c0-7c42f7bc3ebf, 1, 0 [(0 [0xC004F014, 0, 0], [(?)(?)(?)(?)(?)(?)(?)(?)])(1 )(2 )(3 )]
13: 3502365a-f88a-4ba4-822a-5769d3073b65, 1, 0 [(0 [0xC004F014, 0, 0], [(?)(?)(?)(?)(?)(?)(?)(?)])(1 )(2 )(3 )]
14: 377333b1-8b5d-48d6-9679-1225c872d37c, 1, 0 [(0 [0xC004F014, 0, 0], [(?)(?)(?)(?)(?)(?)(?)(?)])(1 )(2 )(3 )]
15: 3df374ef-d444-4494-a5a1-4b0d9fd0e203, 1, 0 [(0 [0xC004F014, 0, 0], [(?)(?)(?)(?)(?)(?)(?)(?)])(1 )(2 )(3 )]
16: 3f1afc82-f8ac-4f6c-8005-1d233e606eee, 1, 0 [(0 [0xC004F014, 0, 0], [(?)(?)(?)(?)(?)(?)(?)(?)])(1 )(2 )(3 )]
17: 49cd895b-53b2-4dc4-a5f7-b18aa019ad37, 1, 0 [(0 [0xC004F014, 0, 0], [(?)(?)(?)(?)(?)(?)(?)(?)])(1 )(2 )(3 )]
18: 4de7cb65-cdf1-4de9-8ae8-e3cce27b9f2c, 1, 0 [(0 [0xC004F014, 0, 0], [(?)(?)(?)(?)(?)(?)(?)(?)])(1 )(2 )(3 )]
19: 4f3da0d2-271d-4508-ae81-626b60809a38, 1, 0 [(0 [0xC004F014, 0, 0], [(?)(?)(?)(?)(?)(?)(?)(?)])(1 )(2 )(3 )]
20: 5d78c4e9-aeb3-4b40-8ac2-6a6005e0ad6d, 1, 0 [(0 [0xC004F014, 0, 0], [(?)(?)(?)(?)(?)(?)(?)(?)])(1 )(2 )(3 )]
21: 60b3ec1b-9545-4921-821f-311b129dd6f6, 1, 0 [(0 [0xC004F014, 0, 0], [(?)(?)(?)(?)(?)(?)(?)(?)])(1 )(2 )(3 )]
22: 613d217f-7f13-4268-9907-1662339531cd, 1, 0 [(0 [0xC004F014, 0, 0], [(?)(?)(?)(?)(?)(?)(?)(?)])(1 )(2 )(3 )]
23: 62f0c100-9c53-4e02-b886-a3528ddfe7f6, 1, 0 [(0 [0xC004F014, 0, 0], [(?)(?)(?)(?)(?)(?)(?)(?)])(1 )(2 )(3 )]
24: 6365275e-368d-46ca-a0ef-fc0404119333, 1, 0 [(0 [0xC004F014, 0, 0], [(?)(?)(?)(?)(?)(?)(?)(?)])(1 )(2 )(3 )]
25: 721f9237-9341-4453-a661-09e8baa6cca5, 1, 0 [(0 [0xC004F014, 0, 0], [(?)(?)(?)(?)(?)(?)(?)(?)])(1 )(2 )(3 )]
26: 73111121-5638-40f6-bc11-f1d7b0d64300, 1, 0 [(0 [0xC004F014, 0, 0], [(?)(?)(?)(?)(?)(?)(?)(?)])(1 )(2 )(3 )]
27: 7a802526-4c94-4bd1-ba14-835a1aca2120, 1, 0 [(0 [0xC004F014, 0, 0], [(?)(?)(?)(?)(?)(?)(?)(?)])(1 )(2 )(3 )]
28: 7cb546c0-c7d5-44d8-9a5c-69ecdd782b69, 1, 0 [(0 [0xC004F014, 0, 0], [(?)(?)(?)(?)(?)(?)(?)(?)])(1 )(2 )(3 )]
29: 82bbc092-bc50-4e16-8e18-b74fc486aec3, 1, 0 [(0 [0xC004F014, 0, 0], [(?)(?)(?)(?)(?)(?)(?)(?)])(1 )(2 )(3 )]
30: 8ab9bdd1-1f67-4997-82d9-8878520837d9, 1, 0 [(0 [0xC004F014, 0, 0], [(?)(?)(?)(?)(?)(?)(?)(?)])(1 )(2 )(3 )]
31: 8b351c9c-f398-4515-9900-09df49427262, 1, 0 [(0 [0xC004F014, 0, 0], [(?)(?)(?)(?)(?)(?)(?)(?)])(1 )(2 )(3 )]
32: 90da7373-1c51-430b-bf26-c97e9c5cdc31, 1, 0 [(0 [0xC004F014, 0, 0], [(?)(?)(?)(?)(?)(?)(?)(?)])(1 )(2 )(3 )]
33: 92fb8726-92a8-4ffc-94ce-f82e07444653, 1, 0 [(0 [0xC004F014, 0, 0], [(?)(?)(?)(?)(?)(?)(?)(?)])(1 )(2 )(3 )]
34: 95dca82f-385d-4d39-b85b-5c73fa285d6f, 1, 0 [(0 [0xC004F014, 0, 0], [(?)(?)(?)(?)(?)(?)(?)(?)])(1 )(2 )(3 )]
35: a48938aa-62fa-4966-9d44-9f04da3f72f2, 1, 0 [(0 [0xC004F014, 0, 0], [(?)(?)(?)(?)(?)(?)(?)(?)])(1 )(2 )(3 )]
36: b0773a15-df3a-4312-9ad2-83d69648e356, 1, 0 [(0 [0xC004F014, 0, 0], [(?)(?)(?)(?)(?)(?)(?)(?)])(1 )(2 )(3 )]
37: b4bfe195-541e-4e64-ad23-6177f19e395e, 1, 0 [(0 [0xC004F014, 0, 0], [(?)(?)(?)(?)(?)(?)(?)(?)])(1 )(2 )(3 )]
38: b68e61d2-68ca-4757-be45-0cc2f3e68eee, 1, 0 [(0 [0xC004F014, 0, 0], [(?)(?)(?)(?)(?)(?)(?)(?)])(1 )(2 )(3 )]
39: bd3762d7-270d-4760-8fb3-d829ca45278a, 1, 1 [(0 )(1 )(2 [0x00000000, 1, 0], [(?)( 1 0x00000000)(?)(?)(?)(?)( 10 0x00000000 msft:rm/algorithm/flags/1.0)(?)])(3 )]
40: c86d5194-4840-4dae-9c1c-0301003a5ab0, 1, 0 [(0 [0xC004F014, 0, 0], [(?)(?)(?)(?)(?)(?)(?)(?)])(1 )(2 )(3 )]
41: ca7df2e3-5ea0-47b8-9ac1-b1be4d8edd69, 1, 0 [(0 [0xC004F014, 0, 0], [(?)(?)(?)(?)(?)(?)(?)(?)])(1 )(2 )(3 )]
42: d552befb-48cc-4327-8f39-47d2d94f987c, 1, 0 [(0 [0xC004F014, 0, 0], [(?)(?)(?)(?)(?)(?)(?)(?)])(1 )(2 )(3 )]
43: d6eadb3b-5ca8-4a6b-986e-35b550756111, 1, 0 [(0 [0xC004F014, 0, 0], [(?)(?)(?)(?)(?)(?)(?)(?)])(1 )(2 )(3 )]
44: df96023b-dcd9-4be2-afa0-c6c871159ebe, 1, 0 [(0 [0xC004F014, 0, 0], [(?)(?)(?)(?)(?)(?)(?)(?)])(1 )(2 )(3 )]
45: e0c42288-980c-4788-a014-c080d2e1926e, 1, 0 [(0 [0xC004F014, 0, 0], [(?)(?)(?)(?)(?)(?)(?)(?)])(1 )(2 )(3 )]
46: e4db50ea-bda1-4566-b047-0ca50abc6f07, 1, 0 [(0 [0xC004F014, 0, 0], [(?)(?)(?)(?)(?)(?)(?)(?)])(1 )(2 )(3 )]
47: e558417a-5123-4f6f-91e7-385c1c7ca9d4, 1, 0 [(0 [0xC004F014, 0, 0], [(?)(?)(?)(?)(?)(?)(?)(?)])(1 )(2 )(3 )]
48: e7a950a2-e548-4f10-bf16-02ec848e0643, 1, 0 [(0 [0xC004F014, 0, 0], [(?)(?)(?)(?)(?)(?)(?)(?)])(1 )(2 )(3 )]
49: eb6d346f-1c60-4643-b960-40ec31596c45, 1, 0 [(0 [0xC004F014, 0, 0], [(?)(?)(?)(?)(?)(?)(?)(?)])(1 )(2 )(3 )]
50: ec868e65-fadf-4759-b23e-93fe37f2cc29, 1, 0 [(0 [0xC004F014, 0, 0], [(?)(?)(?)(?)(?)(?)(?)(?)])(1 )(2 )(3 )]
51: ef51e000-2659-4f25-8345-3de70a9cf4c4, 1, 0 [(0 [0xC004F014, 0, 0], [(?)(?)(?)(?)(?)(?)(?)(?)])(1 )(2 )(3 )]
52: f7af7d09-40e4-419c-a49b-eae366689ebd, 1, 0 [(0 [0xC004F014, 0, 0], [(?)(?)(?)(?)(?)(?)(?)(?)])(1 )(2 )(3 )]
53: fa755fe6-6739-40b9-8d84-6d0ea3b6d1ab, 1, 0 [(0 [0xC004F014, 0, 0], [(?)(?)(?)(?)(?)(?)(?)(?)])(1 )(2 )(3 )]
54: fe74f55b-0338-41d6-b267-4a201abe7285, 1, 0 [(0 [0xC004F014, 0, 0], [(?)(?)(?)(?)(?)(?)(?)(?)])(1 )(2 )(3 )]

"
Information,12/29/2022 9:20:50 PM,Microsoft-Windows-Security-SPP,1066,None,"Initialization status for service objects.
C:\WINDOWS\system32\sppwinob.dll, msft:spp/windowsfunctionality/agent/7.0, 0x00000000, 0x00000000
C:\WINDOWS\system32\sppobjs.dll, msft:rm/algorithm/inherited/1.0, 0x00000000, 0x00000000
C:\WINDOWS\system32\sppobjs.dll, msft:rm/algorithm/phone/1.0, 0x00000000, 0x00000000
C:\WINDOWS\system32\sppobjs.dll, msft:rm/algorithm/pkey/detect, 0x00000000, 0x00000000
C:\WINDOWS\system32\sppobjs.dll, msft:spp/ActionScheduler/1.0, 0x00000000, 0x00000000
C:\WINDOWS\system32\sppobjs.dll, msft:spp/TaskScheduler/1.0, 0x00000000, 0x00000000
C:\WINDOWS\system32\sppobjs.dll, msft:spp/statecollector/pkey, 0x00000000, 0x00000000
C:\WINDOWS\system32\sppobjs.dll, msft:spp/volume/services/kms/1.0, 0x00000000, 0x00000000
C:\WINDOWS\system32\sppobjs.dll, msft:spp/volume/services/kms/activationinfo/1.0, 0x00000000, 0x00000000
"
Information,12/29/2022 9:20:49 PM,Microsoft-Windows-Security-SPP,16394,None,Offline downlevel migration succeeded.
Information,12/29/2022 9:20:49 PM,Microsoft-Windows-Security-SPP,900,None,"The Software Protection service is starting.
Parameters:<explicit>"
Information,12/29/2022 9:20:47 PM,edgeupdate,0,None,Service stopped.
Information,12/29/2022 9:20:46 PM,DellTechHub,0,None,Service started successfully.
Information,12/29/2022 9:20:46 PM,DellClientManagementService,0,None,Service started successfully.
Information,12/29/2022 9:20:36 PM,Dell SupportAssist Remediation,0,None,Service started successfully.
Information,12/29/2022 9:20:29 PM,Microsoft-Windows-System-Restore,8300,None,Scoping started for shadowcopy \\?\GLOBALROOT\Device\HarddiskVolumeShadowCopy6.
Information,12/29/2022 9:20:28 PM,System Restore,8194,None,"Successfully created restore point (Process = ""C:\WINDOWS\system32\systempropertiesprotection.exe"" ; Description = git_2912)."
Information,12/29/2022 9:19:57 PM,Windows Error Reporting,1001,None,"Fault bucket 2067934319096012056, type 5
Event Name: MoAppCrash
Response: Not available
Cab Id: 0

Problem signature:
P1: Microsoft.YourPhone_1.22102.229.0_x64__8wekyb3d8bbwe
P2: praid:App
P3: 1.22102.229.0
P4: 6377dc84
P5: KERNELBASE.dll
P6: 10.0.22621.963
P7: 766ca8ae
P8: e0434352
P9: 00000000000906bc
P10: 

Attached files:
\\?\C:\ProgramData\Microsoft\Windows\WER\Temp\WER.28981cec-a824-4abb-83db-07b7204f9ad6.tmp.dmp
\\?\C:\ProgramData\Microsoft\Windows\WER\Temp\WER.c27b9a5e-589c-457a-bd3d-ba65ad441daa.tmp.WERInternalMetadata.xml
\\?\C:\ProgramData\Microsoft\Windows\WER\Temp\WER.30c9126c-3a61-444b-bfe4-2c76ec340b40.tmp.csv
\\?\C:\ProgramData\Microsoft\Windows\WER\Temp\WER.8349e1da-9d34-4ef1-a578-cf724b112e06.tmp.txt
\\?\C:\ProgramData\Microsoft\Windows\WER\Temp\WER.ade0eec0-9c3d-483c-b9b5-d80bca92e1c2.tmp.xml

These files may be available here:
\\?\C:\ProgramData\Microsoft\Windows\WER\ReportArchive\AppCrash_Microsoft.YourPh_2ab4459754d598686958a68272f57781184e492_6ffc4378_e74dae4d-1186-4976-9aa9-edcd73ebb5fe

Analysis symbol: 
Rechecking for solution: 0
Report Id: f09ceb28-5d70-4c79-8e1b-65d6fea36192
Report Status: 268435456
Hashed bucket: 97ee4f39864619ed7cb2c74e8c8e9d18
Cab Guid: 0"
Error,12/29/2022 9:19:54 PM,Application Error,1000,Application Crashing Events,"Faulting application name: PhoneExperienceHost.exe, version: 1.22102.229.0, time stamp: 0x6377dc84
Faulting module name: KERNELBASE.dll, version: 10.0.22621.963, time stamp: 0x766ca8ae
Exception code: 0xe0434352
Fault offset: 0x00000000000906bc
Faulting process id: 0x0x2B90
Faulting application start time: 0x0x1D91BE4702B86C5
Faulting application path: C:\Program Files\WindowsApps\Microsoft.YourPhone_1.22102.229.0_x64__8wekyb3d8bbwe\PhoneExperienceHost.exe
Faulting module path: C:\WINDOWS\System32\KERNELBASE.dll
Report Id: f09ceb28-5d70-4c79-8e1b-65d6fea36192
Faulting package full name: Microsoft.YourPhone_1.22102.229.0_x64__8wekyb3d8bbwe
Faulting package-relative application ID: App"
