Information,12/28/2022 8:40:28 PM,Desktop Window Manager,9027,None,The Desktop Window Manager has registered the session port.
Information,12/28/2022 8:38:58 PM,Microsoft-Windows-Security-SPP,16384,None,Successfully scheduled Software Protection service for re-start at 2122-12-04T23:38:58Z. Reason: RulesEngine.
Information,12/28/2022 8:38:28 PM,Microsoft-Windows-Security-SPP,16394,None,Offline downlevel migration succeeded.
Information,12/28/2022 7:53:28 PM,Microsoft-Windows-Security-SPP,16384,None,Successfully scheduled Software Protection service for re-start at 2122-12-04T22:53:28Z. Reason: RulesEngine.
Information,12/28/2022 7:52:58 PM,Microsoft-Windows-Security-SPP,16394,None,Offline downlevel migration succeeded.
Information,12/28/2022 7:49:26 PM,VSS,8224,None,The VSS service is shutting down due to idle timeout. 
Information,12/28/2022 7:46:49 PM,Microsoft-Windows-System-Restore,8302,None,Scoping successfully completed for shadowcopy \\?\GLOBALROOT\Device\HarddiskVolumeShadowCopy10.
Information,12/28/2022 7:46:49 PM,Microsoft-Windows-System-Restore,8301,None,Scoping completed for shadowcopy \\?\GLOBALROOT\Device\HarddiskVolumeShadowCopy10.
Information,12/28/2022 7:46:26 PM,Microsoft-Windows-System-Restore,8300,None,Scoping started for shadowcopy \\?\GLOBALROOT\Device\HarddiskVolumeShadowCopy10.
Information,12/28/2022 7:46:14 PM,Microsoft-Windows-System-Restore,8300,None,Scoping started for shadowcopy \\?\GLOBALROOT\Device\HarddiskVolumeShadowCopy10.
Information,12/28/2022 7:46:03 PM,System Restore,8194,None,Successfully created restore point (Process = C:\WINDOWS\system32\lpksetup.exe -Embedding; Description = Language Pack Removal).
Information,12/28/2022 7:37:41 PM,Microsoft-Windows-Security-SPP,16384,None,Successfully scheduled Software Protection service for re-start at 2122-12-04T22:37:41Z. Reason: RulesEngine.
Information,12/28/2022 7:37:10 PM,Microsoft-Windows-Security-SPP,16394,None,Offline downlevel migration succeeded.
Information,12/28/2022 7:14:24 PM,Microsoft-Windows-Security-SPP,16384,None,Successfully scheduled Software Protection service for re-start at 2122-12-04T22:14:24Z. Reason: RulesEngine.
Information,12/28/2022 7:13:54 PM,Microsoft-Windows-Security-SPP,16394,None,Offline downlevel migration succeeded.
Information,12/28/2022 6:56:02 PM,edgeupdate,0,None,Service stopped.
Information,12/28/2022 6:40:09 PM,Microsoft-Windows-Security-SPP,16384,None,Successfully scheduled Software Protection service for re-start at 2122-12-04T21:40:09Z. Reason: RulesEngine.
Information,12/28/2022 6:39:38 PM,Microsoft-Windows-Security-SPP,16394,None,Offline downlevel migration succeeded.
Information,12/28/2022 6:01:44 PM,Microsoft-Windows-Security-SPP,16384,None,Successfully scheduled Software Protection service for re-start at 2122-12-04T21:01:44Z. Reason: RulesEngine.
Information,12/28/2022 6:01:14 PM,Microsoft-Windows-Security-SPP,16394,None,Offline downlevel migration succeeded.
Information,12/28/2022 5:21:51 PM,Microsoft-Windows-Security-SPP,16384,None,Successfully scheduled Software Protection service for re-start at 2122-12-04T20:21:51Z. Reason: RulesEngine.
Information,12/28/2022 5:21:21 PM,Microsoft-Windows-Security-SPP,16394,None,Offline downlevel migration succeeded.
Information,12/28/2022 4:33:27 PM,Microsoft-Windows-Security-SPP,16384,None,Successfully scheduled Software Protection service for re-start at 2122-12-04T19:33:27Z. Reason: RulesEngine.
Information,12/28/2022 4:32:57 PM,Microsoft-Windows-Security-SPP,16394,None,Offline downlevel migration succeeded.
Information,12/28/2022 4:24:58 PM,Microsoft-Windows-Security-SPP,16384,None,Successfully scheduled Software Protection service for re-start at 2122-12-04T19:24:58Z. Reason: RulesEngine.
Information,12/28/2022 4:24:27 PM,Microsoft-Windows-Security-SPP,16394,None,Offline downlevel migration succeeded.
Information,12/28/2022 3:47:52 PM,VSS,8224,None,The VSS service is shutting down due to idle timeout. 
Information,12/28/2022 3:45:04 PM,Microsoft-Windows-System-Restore,8302,None,Scoping successfully completed for shadowcopy \\?\GLOBALROOT\Device\HarddiskVolumeShadowCopy9.
Information,12/28/2022 3:45:04 PM,Microsoft-Windows-System-Restore,8301,None,Scoping completed for shadowcopy \\?\GLOBALROOT\Device\HarddiskVolumeShadowCopy9.
Information,12/28/2022 3:44:49 PM,Microsoft-Windows-System-Restore,8300,None,Scoping started for shadowcopy \\?\GLOBALROOT\Device\HarddiskVolumeShadowCopy9.
Information,12/28/2022 3:44:48 PM,System Restore,8194,None,"Successfully created restore point (Process = ""C:\WINDOWS\system32\systempropertiesprotection.exe"" ; Description = 2812)."
Information,12/28/2022 3:36:33 PM,Microsoft-Windows-Security-SPP,16384,None,Successfully scheduled Software Protection service for re-start at 2122-12-04T18:36:33Z. Reason: RulesEngine.
Information,12/28/2022 3:36:02 PM,Microsoft-Windows-Security-SPP,16394,None,Offline downlevel migration succeeded.
Information,12/28/2022 3:31:15 PM,igccservice,0,None,PowerEvent handled successfully by the service.
Information,12/28/2022 3:31:15 PM,Dell SupportAssist Remediation,0,None,PowerEvent handled successfully by the service.
Information,12/28/2022 3:31:15 PM,DellTechHub,0,None,PowerEvent handled successfully by the service.
Information,12/28/2022 3:29:47 PM,Microsoft-Windows-Security-SPP,16384,None,Successfully scheduled Software Protection service for re-start at 2122-12-04T18:29:47Z. Reason: RulesEngine.
Information,12/28/2022 3:29:17 PM,Microsoft-Windows-Security-SPP,16394,None,Offline downlevel migration succeeded.
Information,12/28/2022 2:56:10 PM,DellTechHub,0,None,PowerEvent handled successfully by the service.
Information,12/28/2022 2:56:10 PM,igccservice,0,None,PowerEvent handled successfully by the service.
Information,12/28/2022 2:56:10 PM,Dell SupportAssist Remediation,0,None,PowerEvent handled successfully by the service.
Information,12/28/2022 2:40:17 PM,Microsoft-Windows-Security-SPP,16384,None,Successfully scheduled Software Protection service for re-start at 2122-12-04T17:40:17Z. Reason: RulesEngine.
Information,12/28/2022 2:39:47 PM,Microsoft-Windows-Security-SPP,16394,None,Offline downlevel migration succeeded.
Information,12/28/2022 2:04:06 PM,Microsoft-Windows-Security-SPP,16384,None,Successfully scheduled Software Protection service for re-start at 2122-12-04T17:04:06Z. Reason: RulesEngine.
Information,12/28/2022 2:03:35 PM,Microsoft-Windows-Security-SPP,16394,None,Offline downlevel migration succeeded.
Information,12/28/2022 1:35:06 PM,Microsoft-Windows-Security-SPP,16384,None,Successfully scheduled Software Protection service for re-start at 2122-12-04T16:35:06Z. Reason: RulesEngine.
Information,12/28/2022 1:34:36 PM,Microsoft-Windows-Security-SPP,16394,None,Offline downlevel migration succeeded.
Information,12/28/2022 1:17:44 PM,Microsoft-Windows-Security-SPP,16384,None,Successfully scheduled Software Protection service for re-start at 2122-12-04T16:17:44Z. Reason: RulesEngine.
Information,12/28/2022 1:17:14 PM,Microsoft-Windows-Security-SPP,16394,None,Offline downlevel migration succeeded.
Information,12/28/2022 12:26:53 PM,Microsoft-Windows-Security-SPP,16384,None,Successfully scheduled Software Protection service for re-start at 2122-12-04T15:26:53Z. Reason: RulesEngine.
Information,12/28/2022 12:26:22 PM,Microsoft-Windows-Security-SPP,16394,None,Offline downlevel migration succeeded.
Information,12/28/2022 12:25:01 PM,VSS,8224,None,The VSS service is shutting down due to idle timeout. 
Information,12/28/2022 12:22:01 PM,SDSSnapshotProcess,278,(6),"The description for Event ID 278 from source SDSSnapshotProcess cannot be found. Either the component that raises this event is not installed on your local computer or the installation is corrupted. You can install or repair the component on the local computer.

If the event originated on another computer, the display information had to be saved with the event.

The following information was included with the event: 


The system cannot find the file specified
"
Information,12/28/2022 12:21:54 PM,SDSSnapshotProcess,276,(4),"The description for Event ID 276 from source SDSSnapshotProcess cannot be found. Either the component that raises this event is not installed on your local computer or the installation is corrupted. You can install or repair the component on the local computer.

If the event originated on another computer, the display information had to be saved with the event.

The following information was included with the event: 


The system cannot find the file specified
"
Information,12/28/2022 12:21:51 PM,SDSSnapshotProcess,272,(3),"The description for Event ID 272 from source SDSSnapshotProcess cannot be found. Either the component that raises this event is not installed on your local computer or the installation is corrupted. You can install or repair the component on the local computer.

If the event originated on another computer, the display information had to be saved with the event.

The following information was included with the event: 


The system cannot find the file specified
"
Information,12/28/2022 12:21:14 PM,SDSSnapshotProcess,264,(2),"The description for Event ID 264 from source SDSSnapshotProcess cannot be found. Either the component that raises this event is not installed on your local computer or the installation is corrupted. You can install or repair the component on the local computer.

If the event originated on another computer, the display information had to be saved with the event.

The following information was included with the event: 


The system cannot find the file specified
"
Information,12/28/2022 12:21:10 PM,SDSSnapshotProcess,274,(4),"The description for Event ID 274 from source SDSSnapshotProcess cannot be found. Either the component that raises this event is not installed on your local computer or the installation is corrupted. You can install or repair the component on the local computer.

If the event originated on another computer, the display information had to be saved with the event.

The following information was included with the event: 


The system cannot find the file specified
"
Information,12/28/2022 12:21:08 PM,SDSSnapshotProcess,256,(1),"The description for Event ID 256 from source SDSSnapshotProcess cannot be found. Either the component that raises this event is not installed on your local computer or the installation is corrupted. You can install or repair the component on the local computer.

If the event originated on another computer, the display information had to be saved with the event.

The following information was included with the event: 


The system cannot find the file specified
"
Information,12/28/2022 11:57:22 AM,Microsoft-Windows-Security-SPP,16384,None,Successfully scheduled Software Protection service for re-start at 2122-12-04T14:57:22Z. Reason: RulesEngine.
Information,12/28/2022 11:56:52 AM,Microsoft-Windows-Security-SPP,16394,None,Offline downlevel migration succeeded.
Information,12/28/2022 11:52:56 AM,Microsoft-Windows-Security-SPP,16384,None,Successfully scheduled Software Protection service for re-start at 2122-12-04T14:52:56Z. Reason: RulesEngine.
Information,12/28/2022 11:52:25 AM,Microsoft-Windows-Security-SPP,16394,None,Offline downlevel migration succeeded.
Information,12/28/2022 11:33:56 AM,Microsoft-Windows-Security-SPP,16384,None,Successfully scheduled Software Protection service for re-start at 2122-12-04T14:33:56Z. Reason: RulesEngine.
Information,12/28/2022 11:33:25 AM,Microsoft-Windows-Security-SPP,16394,None,Offline downlevel migration succeeded.
Information,12/28/2022 10:49:20 AM,Microsoft-Windows-Security-SPP,16384,None,Successfully scheduled Software Protection service for re-start at 2122-12-04T13:49:20Z. Reason: RulesEngine.
Information,12/28/2022 10:48:06 AM,Microsoft-Windows-Security-SPP,16394,None,Offline downlevel migration succeeded.
Information,12/28/2022 10:42:27 AM,VSS,8224,None,The VSS service is shutting down due to idle timeout. 
Information,12/28/2022 10:39:54 AM,Microsoft-Windows-System-Restore,8302,None,Scoping successfully completed for shadowcopy \\?\GLOBALROOT\Device\HarddiskVolumeShadowCopy7.
Information,12/28/2022 10:39:54 AM,Microsoft-Windows-System-Restore,8301,None,Scoping completed for shadowcopy \\?\GLOBALROOT\Device\HarddiskVolumeShadowCopy7.
Information,12/28/2022 10:39:28 AM,Microsoft-Windows-System-Restore,8300,None,Scoping started for shadowcopy \\?\GLOBALROOT\Device\HarddiskVolumeShadowCopy7.
Information,12/28/2022 10:39:21 AM,Microsoft-Windows-RestartManager,10001,None,Ending session 0 started ‎2022‎-‎12‎-‎28T13:39:20.447078300Z.
Information,12/28/2022 10:39:21 AM,Microsoft-Windows-RestartManager,10001,None,Ending session 0 started ‎2022‎-‎12‎-‎28T13:39:19.821167600Z.
Information,12/28/2022 10:39:22 AM,System Restore,8216,None,"Skipping creation of restore point (Process = C:\ProgramData\Package Cache\{95ac1cfa-f4fb-4d1b-8912-7f9d5fbb140d}\VC_redist.x64.exe Cache\{95ac1cfa-f4fb-4d1b-8912-7f9d5fbb140d}\VC_redist.x64.exe"" -uninstall -quiet -burn.related.upgrade -burn.ancestors={33628a12-6787-4b9f-95a1-92449f69fae0} -burn.filehandle.self=1036 -burn.embedded BurnPipe.{26963410-EC3F-448F-A086-A7356B526B98} {90F6209E-E502-400B-A80D-4F6264FEC8CB} 16736; Description = Microsoft Visual C++ 2017 Redistributable (x64) - 14.15.26706) as there is a restore point avaliable which is recent enough for System Restore."
Information,12/28/2022 10:39:21 AM,MsiInstaller,1042,None,Ending a Windows Installer transaction: C:\ProgramData\Package Cache\{26AF0C35-55EC-4025-8D83-349E8FB1419F}v14.28.29325\packages\vcRuntimeAdditional_amd64\vc_runtimeAdditional_x64.msi. Client Process Id: 16736.
Information,12/28/2022 10:39:21 AM,MsiInstaller,1033,None,Windows Installer installed the product. Product Name: Microsoft Visual C++ 2019 X64 Additional Runtime - 14.28.29325. Product Version: 14.28.29325. Product Language: 1033. Manufacturer: Microsoft Corporation. Installation success or error status: 0.
Information,12/28/2022 10:39:21 AM,MsiInstaller,11707,None,Product: Microsoft Visual C++ 2019 X64 Additional Runtime - 14.28.29325 -- Installation completed successfully.
Information,12/28/2022 10:39:20 AM,Microsoft-Windows-RestartManager,10000,None,Starting session 0 - ‎2022‎-‎12‎-‎28T13:39:20.447078300Z.
Information,12/28/2022 10:39:19 AM,Microsoft-Windows-RestartManager,10000,None,Starting session 0 - ‎2022‎-‎12‎-‎28T13:39:19.821167600Z.
Information,12/28/2022 10:39:19 AM,Microsoft-Windows-RestartManager,10001,None,Ending session 3 started ‎2022‎-‎12‎-‎28T13:39:19.014327300Z.
Information,12/28/2022 10:39:19 AM,Microsoft-Windows-RestartManager,10001,None,Ending session 3 started ‎2022‎-‎12‎-‎28T13:39:18.656283100Z.
Information,12/28/2022 10:39:19 AM,Microsoft-Windows-RestartManager,10001,None,Ending session 0 started ‎2022‎-‎12‎-‎28T13:39:18.803911100Z.
Information,12/28/2022 10:39:19 AM,Microsoft-Windows-RestartManager,10001,None,Ending session 0 started ‎2022‎-‎12‎-‎28T13:39:18.085808800Z.
Information,12/28/2022 10:39:19 AM,MsiInstaller,1040,None,Beginning a Windows Installer transaction: C:\ProgramData\Package Cache\{26AF0C35-55EC-4025-8D83-349E8FB1419F}v14.28.29325\packages\vcRuntimeAdditional_amd64\vc_runtimeAdditional_x64.msi. Client Process Id: 16736.
Information,12/28/2022 10:39:19 AM,MsiInstaller,1042,None,Ending a Windows Installer transaction: C:\ProgramData\Package Cache\{7D0362D5-C699-4403-BC09-0C1DAD1D93AB}v14.28.29325\packages\vcRuntimeMinimum_amd64\vc_runtimeMinimum_x64.msi. Client Process Id: 16736.
Information,12/28/2022 10:39:19 AM,MsiInstaller,1033,None,Windows Installer installed the product. Product Name: Microsoft Visual C++ 2019 X64 Minimum Runtime - 14.28.29325. Product Version: 14.28.29325. Product Language: 1033. Manufacturer: Microsoft Corporation. Installation success or error status: 0.
Information,12/28/2022 10:39:19 AM,MsiInstaller,11707,None,Product: Microsoft Visual C++ 2019 X64 Minimum Runtime - 14.28.29325 -- Installation completed successfully.
Information,12/28/2022 10:39:19 AM,Microsoft-Windows-RestartManager,10000,None,Starting session 3 - ‎2022‎-‎12‎-‎28T13:39:19.014327300Z.
Information,12/28/2022 10:39:19 AM,Microsoft-Windows-RestartManager,10005,None,Machine restart is required.
Warning,12/28/2022 10:39:19 AM,Microsoft-Windows-RestartManager,10010,None,Application 'C:\Users\ozeas\AppData\Local\Programs\Microsoft VS Code\Code.exe' (pid 17404) cannot be restarted - Application SID does not match Conductor SID..
Information,12/28/2022 10:39:18 AM,Microsoft-Windows-RestartManager,10000,None,Starting session 0 - ‎2022‎-‎12‎-‎28T13:39:18.803911100Z.
Information,12/28/2022 10:39:18 AM,Microsoft-Windows-RestartManager,10000,None,Starting session 3 - ‎2022‎-‎12‎-‎28T13:39:18.656283100Z.
Information,12/28/2022 10:39:18 AM,Microsoft-Windows-RestartManager,10005,None,Machine restart is required.
Warning,12/28/2022 10:39:18 AM,Microsoft-Windows-RestartManager,10010,None,Application 'C:\Users\ozeas\AppData\Local\Programs\Microsoft VS Code\Code.exe' (pid 17404) cannot be restarted - Application SID does not match Conductor SID..
Information,12/28/2022 10:39:18 AM,Microsoft-Windows-RestartManager,10000,None,Starting session 0 - ‎2022‎-‎12‎-‎28T13:39:18.085808800Z.
Information,12/28/2022 10:39:17 AM,MsiInstaller,1040,None,Beginning a Windows Installer transaction: C:\ProgramData\Package Cache\{7D0362D5-C699-4403-BC09-0C1DAD1D93AB}v14.28.29325\packages\vcRuntimeMinimum_amd64\vc_runtimeMinimum_x64.msi. Client Process Id: 16736.
Information,12/28/2022 10:39:17 AM,System Restore,8194,None,Successfully created restore point (Process = C:\WINDOWS\Temp\{280A2186-4A7D-4B9C-8EF6-CD231F209A12}\.be\VC_redist.x64.exe -q -burn.elevated BurnPipe.{4313BE27-477A-4ACB-B297-E90610DEECD9} {FDA84265-2AC4-44FB-BEE2-544A6788F507} 18976; Description = Microsoft Visual C++ 2015-2019 Redistributable (x64) - 14.28.29325).
Information,12/28/2022 10:38:46 AM,Microsoft-Windows-RestartManager,10001,None,Ending session 3 started ‎2022‎-‎12‎-‎28T13:38:46.323913300Z.
Information,12/28/2022 10:38:46 AM,Microsoft-Windows-RestartManager,10000,None,Starting session 3 - ‎2022‎-‎12‎-‎28T13:38:46.323913300Z.
Information,12/28/2022 10:38:33 AM,Microsoft-Windows-Security-SPP,16384,None,Successfully scheduled Software Protection service for re-start at 2122-12-04T13:38:33Z. Reason: RulesEngine.
Information,12/28/2022 10:38:03 AM,Microsoft-Windows-Security-SPP,16394,None,Offline downlevel migration succeeded.
Information,12/28/2022 8:54:23 AM,Microsoft-Windows-Security-SPP,16384,None,Successfully scheduled Software Protection service for re-start at 2122-12-04T11:54:23Z. Reason: RulesEngine.
Information,12/28/2022 8:53:51 AM,edgeupdate,0,None,Service stopped.
Information,12/28/2022 8:53:25 AM,Dell SupportAssist Remediation,0,None,PowerEvent handled successfully by the service.
Information,12/28/2022 8:53:25 AM,DellTechHub,0,None,PowerEvent handled successfully by the service.
Information,12/28/2022 8:53:25 AM,igccservice,0,None,PowerEvent handled successfully by the service.
Information,12/28/2022 8:53:24 AM,igccservice,0,None,PowerEvent handled successfully by the service.
Information,12/28/2022 8:53:24 AM,DellTechHub,0,None,PowerEvent handled successfully by the service.
Information,12/28/2022 8:53:24 AM,Dell SupportAssist Remediation,0,None,PowerEvent handled successfully by the service.
Information,12/28/2022 5:04:50 AM,Microsoft-Windows-Security-SPP,16394,None,Offline downlevel migration succeeded.
Information,12/28/2022 5:04:46 AM,igccservice,0,None,PowerEvent handled successfully by the service.
Information,12/28/2022 5:04:46 AM,Dell SupportAssist Remediation,0,None,PowerEvent handled successfully by the service.
Information,12/28/2022 5:04:46 AM,DellTechHub,0,None,PowerEvent handled successfully by the service.
Information,12/28/2022 1:04:43 AM,igccservice,0,None,PowerEvent handled successfully by the service.
Information,12/28/2022 1:04:43 AM,Dell SupportAssist Remediation,0,None,PowerEvent handled successfully by the service.
Information,12/28/2022 1:04:43 AM,DellTechHub,0,None,PowerEvent handled successfully by the service.
Information,12/28/2022 12:41:21 AM,Microsoft-Windows-Security-SPP,16384,None,Successfully scheduled Software Protection service for re-start at 2122-12-04T03:41:21Z. Reason: RulesEngine.
Information,12/28/2022 12:40:50 AM,Microsoft-Windows-Security-SPP,16394,None,Offline downlevel migration succeeded.
Information,12/27/2022 11:58:21 PM,Microsoft-Windows-Security-SPP,16384,None,Successfully scheduled Software Protection service for re-start at 2122-12-04T02:58:21Z. Reason: RulesEngine.
Information,12/27/2022 11:57:51 PM,Microsoft-Windows-Security-SPP,16394,None,Offline downlevel migration succeeded.
Information,12/27/2022 11:23:40 PM,Microsoft-Windows-Security-SPP,16384,None,Successfully scheduled Software Protection service for re-start at 2122-12-04T02:23:40Z. Reason: RulesEngine.
Information,12/27/2022 11:23:10 PM,Microsoft-Windows-Security-SPP,16394,None,Offline downlevel migration succeeded.
Information,12/27/2022 11:02:18 PM,Microsoft-Windows-Security-SPP,16384,None,Successfully scheduled Software Protection service for re-start at 2122-12-04T02:02:18Z. Reason: RulesEngine.
Information,12/27/2022 11:01:47 PM,Microsoft-Windows-Security-SPP,16394,None,Offline downlevel migration succeeded.
Information,12/27/2022 10:46:18 PM,Microsoft-Windows-Security-SPP,16384,None,Successfully scheduled Software Protection service for re-start at 2122-12-04T01:46:18Z. Reason: RulesEngine.
Information,12/27/2022 10:45:48 PM,Microsoft-Windows-Security-SPP,16394,None,Offline downlevel migration succeeded.
Information,12/27/2022 10:41:02 PM,Microsoft-Windows-Security-SPP,16384,None,Successfully scheduled Software Protection service for re-start at 2122-12-04T01:41:02Z. Reason: RulesEngine.
Information,12/27/2022 10:40:32 PM,Microsoft-Windows-Security-SPP,16394,None,Offline downlevel migration succeeded.
Information,12/27/2022 10:13:23 PM,Microsoft-Windows-Security-SPP,16384,None,Successfully scheduled Software Protection service for re-start at 2122-12-04T01:13:23Z. Reason: RulesEngine.
Information,12/27/2022 10:12:53 PM,Microsoft-Windows-Security-SPP,16394,None,Offline downlevel migration succeeded.
Information,12/27/2022 10:11:36 PM,Microsoft-Windows-Security-SPP,16384,None,Successfully scheduled Software Protection service for re-start at 2122-12-04T01:10:36Z. Reason: RulesEngine.
Information,12/27/2022 10:11:06 PM,Microsoft-Windows-Security-SPP,16394,None,Offline downlevel migration succeeded.
Information,12/27/2022 10:08:50 PM,Microsoft-Windows-Security-SPP,16384,None,Successfully scheduled Software Protection service for re-start at 2122-12-04T01:08:50Z. Reason: RulesEngine.
Information,12/27/2022 10:08:20 PM,Microsoft-Windows-Security-SPP,16394,None,Offline downlevel migration succeeded.
Information,12/27/2022 9:56:32 PM,edgeupdate,0,None,Service stopped.
Information,12/27/2022 9:44:36 PM,Microsoft-Windows-Security-SPP,16384,None,Successfully scheduled Software Protection service for re-start at 2122-12-04T00:44:36Z. Reason: RulesEngine.
Information,12/27/2022 9:44:06 PM,Microsoft-Windows-Security-SPP,16394,None,Offline downlevel migration succeeded.
Information,12/27/2022 9:20:11 PM,Microsoft-Windows-Security-SPP,16384,None,Successfully scheduled Software Protection service for re-start at 2122-12-04T00:20:11Z. Reason: RulesEngine.
Information,12/27/2022 9:19:41 PM,Microsoft-Windows-Security-SPP,16394,None,Offline downlevel migration succeeded.
Information,12/27/2022 9:11:25 PM,Microsoft-Windows-Security-SPP,16384,None,Successfully scheduled Software Protection service for re-start at 2122-12-04T00:11:24Z. Reason: RulesEngine.
Information,12/27/2022 9:10:54 PM,Microsoft-Windows-Security-SPP,16394,None,Offline downlevel migration succeeded.
Information,12/27/2022 9:07:03 PM,Microsoft-Windows-Security-SPP,16384,None,Successfully scheduled Software Protection service for re-start at 2122-12-04T00:07:03Z. Reason: RulesEngine.
Information,12/27/2022 9:06:33 PM,Microsoft-Windows-Security-SPP,16394,None,Offline downlevel migration succeeded.
Information,12/27/2022 8:36:14 PM,Microsoft-Windows-Security-SPP,16384,None,Successfully scheduled Software Protection service for re-start at 2122-12-03T23:36:14Z. Reason: RulesEngine.
Information,12/27/2022 8:35:44 PM,Microsoft-Windows-Security-SPP,16394,None,Offline downlevel migration succeeded.
Information,12/27/2022 8:32:13 PM,Microsoft-Windows-Security-SPP,16384,None,Successfully scheduled Software Protection service for re-start at 2122-12-03T23:32:13Z. Reason: RulesEngine.
Information,12/27/2022 8:31:42 PM,Microsoft-Windows-Security-SPP,16394,None,Offline downlevel migration succeeded.
Information,12/27/2022 7:56:37 PM,Microsoft-Windows-Security-SPP,16384,None,Successfully scheduled Software Protection service for re-start at 2122-12-03T22:56:37Z. Reason: RulesEngine.
Information,12/27/2022 7:56:07 PM,Microsoft-Windows-Security-SPP,16394,None,Offline downlevel migration succeeded.
Information,12/27/2022 7:45:28 PM,VSS,8224,None,The VSS service is shutting down due to idle timeout. 
Information,12/27/2022 7:16:48 PM,Microsoft-Windows-Security-SPP,16384,None,Successfully scheduled Software Protection service for re-start at 2122-12-03T22:16:48Z. Reason: RulesEngine.
Information,12/27/2022 7:16:17 PM,Microsoft-Windows-Security-SPP,16394,None,Offline downlevel migration succeeded.
Information,12/27/2022 7:09:10 PM,Microsoft-Windows-Security-SPP,16384,None,Successfully scheduled Software Protection service for re-start at 2122-12-03T22:09:10Z. Reason: RulesEngine.
Information,12/27/2022 7:08:40 PM,Microsoft-Windows-Security-SPP,16394,None,Offline downlevel migration succeeded.
Information,12/27/2022 6:15:37 PM,Microsoft-Windows-Security-SPP,16384,None,Successfully scheduled Software Protection service for re-start at 2122-12-03T21:15:37Z. Reason: RulesEngine.
Information,12/27/2022 6:15:07 PM,Microsoft-Windows-Security-SPP,16394,None,Offline downlevel migration succeeded.
Information,12/27/2022 6:06:32 PM,Microsoft-Windows-Security-SPP,16384,None,Successfully scheduled Software Protection service for re-start at 2122-12-03T21:06:32Z. Reason: RulesEngine.
Information,12/27/2022 6:06:02 PM,Microsoft-Windows-Security-SPP,16394,None,Offline downlevel migration succeeded.
Information,12/27/2022 5:52:19 PM,Microsoft-Windows-CAPI2,4097,None,"Successful auto update of third-party root certificate:: Subject: <CN=Starfield Root Certificate Authority - G2, O=""Starfield Technologies, Inc."", L=Scottsdale, S=Arizona, C=US> Sha1 thumbprint: <B51C067CEE2B0C3DF855AB2D92F4FE39D4E70F0E>."
Information,12/27/2022 5:13:22 PM,Microsoft-Windows-CAPI2,4097,None,"Successful auto update of third-party root certificate:: Subject: <OU=Security Communication RootCA1, O=SECOM Trust.net, C=JP> Sha1 thumbprint: <36B12B49F9819ED74C9EBC380FC6568F5DACB2F7>."
Information,12/27/2022 5:12:13 PM,Microsoft-Windows-Security-SPP,16384,None,Successfully scheduled Software Protection service for re-start at 2122-12-03T20:12:13Z. Reason: RulesEngine.
Information,12/27/2022 5:11:42 PM,Microsoft-Windows-Security-SPP,16394,None,Offline downlevel migration succeeded.
Information,12/27/2022 5:07:00 PM,Microsoft-Windows-Security-SPP,16384,None,Successfully scheduled Software Protection service for re-start at 2122-12-03T20:07:00Z. Reason: RulesEngine.
Information,12/27/2022 5:06:30 PM,Microsoft-Windows-Security-SPP,16394,None,Offline downlevel migration succeeded.
Information,12/27/2022 4:57:37 PM,VSS,8224,None,The VSS service is shutting down due to idle timeout. 
Information,12/27/2022 4:54:52 PM,Microsoft-Windows-System-Restore,8302,None,Scoping successfully completed for shadowcopy \\?\GLOBALROOT\Device\HarddiskVolumeShadowCopy6.
Information,12/27/2022 4:54:52 PM,Microsoft-Windows-System-Restore,8301,None,Scoping completed for shadowcopy \\?\GLOBALROOT\Device\HarddiskVolumeShadowCopy6.
Information,12/27/2022 4:54:09 PM,Microsoft-Windows-System-Restore,8300,None,Scoping started for shadowcopy \\?\GLOBALROOT\Device\HarddiskVolumeShadowCopy6.
Information,12/27/2022 4:53:57 PM,System Restore,8194,None,Successfully created restore point (Process = C:\WINDOWS\system32\wbem\wmiprvse.exe; Description = Dell Client Management Service).
Information,12/27/2022 4:41:46 PM,Microsoft-Windows-Security-SPP,16384,None,Successfully scheduled Software Protection service for re-start at 2122-12-03T19:41:46Z. Reason: RulesEngine.
Information,12/27/2022 4:41:00 PM,Microsoft-Windows-Security-SPP,16394,None,Offline downlevel migration succeeded.
Information,12/27/2022 4:37:09 PM,igfxCUIService2.0.0.0,0,None,The operation completed successfully. 
Information,12/27/2022 4:37:09 PM,Microsoft-Windows-Winlogon,6000,None,The winlogon notification subscriber <SessionEnv> was unavailable to handle a notification event.
Information,12/27/2022 4:37:09 PM,igfxCUIService2.0.0.0,0,None,The operation completed successfully. 
Information,12/27/2022 4:37:09 PM,igfxCUIService2.0.0.0,0,None,The operation completed successfully. 
Information,12/27/2022 4:37:09 PM,Microsoft-Windows-Winlogon,6003,None,The winlogon notification subscriber <SessionEnv> was unavailable to handle a critical notification event.
Information,12/27/2022 4:37:08 PM,DellTechHub,0,None,PowerEvent handled successfully by the service.
Information,12/27/2022 4:37:08 PM,DellTechHub,0,None,PowerEvent handled successfully by the service.
Information,12/27/2022 4:37:08 PM,Dell SupportAssist Remediation,0,None,PowerEvent handled successfully by the service.
Information,12/27/2022 4:37:08 PM,Dell SupportAssist Remediation,0,None,PowerEvent handled successfully by the service.
Information,12/27/2022 4:37:08 PM,igccservice,0,None,PowerEvent handled successfully by the service.
Information,12/27/2022 4:37:08 PM,igccservice,0,None,PowerEvent handled successfully by the service.
Information,12/27/2022 2:39:38 PM,DellTechHub,0,None,PowerEvent handled successfully by the service.
Information,12/27/2022 2:39:38 PM,Dell SupportAssist Remediation,0,None,PowerEvent handled successfully by the service.
Information,12/27/2022 2:39:38 PM,igccservice,0,None,PowerEvent handled successfully by the service.
Information,12/27/2022 2:39:36 PM,Microsoft-Windows-Winlogon,6000,None,The winlogon notification subscriber <SessionEnv> was unavailable to handle a notification event.
Information,12/27/2022 2:39:36 PM,Microsoft-Windows-Winlogon,6000,None,The winlogon notification subscriber <WSearch> was unavailable to handle a notification event.
Information,12/27/2022 2:39:36 PM,igfxCUIService2.0.0.0,0,None,The operation completed successfully. 
Information,12/27/2022 2:39:36 PM,igfxCUIService2.0.0.0,0,None,The operation completed successfully. 
Information,12/27/2022 2:39:35 PM,Desktop Window Manager,9027,None,The Desktop Window Manager has registered the session port.
Information,12/27/2022 2:37:00 PM,Microsoft-Windows-Security-SPP,16384,None,Successfully scheduled Software Protection service for re-start at 2122-12-03T17:37:00Z. Reason: RulesEngine.
Information,12/27/2022 2:36:30 PM,Microsoft-Windows-Security-SPP,16394,None,Offline downlevel migration succeeded.
Information,12/27/2022 2:35:18 PM,Microsoft-Windows-Security-SPP,16384,None,Successfully scheduled Software Protection service for re-start at 2122-12-03T17:35:18Z. Reason: RulesEngine.
Information,12/27/2022 2:34:47 PM,Microsoft-Windows-Security-SPP,16394,None,Offline downlevel migration succeeded.
Information,12/27/2022 1:46:12 PM,Microsoft-Windows-Security-SPP,16384,None,Successfully scheduled Software Protection service for re-start at 2122-12-03T16:46:12Z. Reason: RulesEngine.
Information,12/27/2022 1:45:42 PM,Microsoft-Windows-Security-SPP,16394,None,Offline downlevel migration succeeded.
Information,12/27/2022 12:49:07 PM,Microsoft-Windows-Security-SPP,16384,None,Successfully scheduled Software Protection service for re-start at 2122-12-03T15:49:07Z. Reason: RulesEngine.
Information,12/27/2022 12:48:13 PM,Microsoft-Windows-Security-SPP,16394,None,Offline downlevel migration succeeded.
Information,12/27/2022 12:40:32 PM,Microsoft-Windows-Security-SPP,16384,None,Successfully scheduled Software Protection service for re-start at 2122-12-03T15:40:32Z. Reason: RulesEngine.
Information,12/27/2022 12:40:02 PM,Microsoft-Windows-Security-SPP,16394,None,Offline downlevel migration succeeded.
Information,12/27/2022 12:34:42 PM,Microsoft-Windows-Security-SPP,16384,None,Successfully scheduled Software Protection service for re-start at 2122-12-03T15:34:42Z. Reason: RulesEngine.
Information,12/27/2022 12:34:11 PM,Microsoft-Windows-Security-SPP,16394,None,Offline downlevel migration succeeded.
Information,12/27/2022 12:07:42 PM,Microsoft-Windows-Security-SPP,16384,None,Successfully scheduled Software Protection service for re-start at 2122-12-03T15:07:42Z. Reason: RulesEngine.
Information,12/27/2022 12:07:11 PM,Microsoft-Windows-Security-SPP,16394,None,Offline downlevel migration succeeded.
Information,12/27/2022 11:56:03 AM,edgeupdate,0,None,Service stopped.
Information,12/27/2022 11:54:25 AM,Microsoft-Windows-Security-SPP,16384,None,Successfully scheduled Software Protection service for re-start at 2122-12-03T14:54:25Z. Reason: RulesEngine.
Information,12/27/2022 11:53:53 AM,Microsoft-Windows-Security-SPP,16394,None,Offline downlevel migration succeeded.
Information,12/27/2022 11:49:51 AM,Microsoft-Windows-Security-SPP,16384,None,Successfully scheduled Software Protection service for re-start at 2122-12-03T14:49:48Z. Reason: RulesEngine.
Information,12/27/2022 11:49:31 AM,edgeupdate,0,None,Service stopped.
Information,12/27/2022 11:49:18 AM,Microsoft-Windows-Security-SPP,16394,None,Offline downlevel migration succeeded.
Information,12/27/2022 11:47:56 AM,igfxCUIService2.0.0.0,0,None,The operation completed successfully. 
Information,12/27/2022 11:47:55 AM,Microsoft-Windows-Winlogon,6000,None,The winlogon notification subscriber <SessionEnv> was unavailable to handle a notification event.
Information,12/27/2022 11:47:55 AM,igfxCUIService2.0.0.0,0,None,The operation completed successfully. 
Information,12/27/2022 11:47:55 AM,igfxCUIService2.0.0.0,0,None,The operation completed successfully. 
Information,12/27/2022 11:47:55 AM,Microsoft-Windows-Winlogon,6003,None,The winlogon notification subscriber <SessionEnv> was unavailable to handle a critical notification event.
Information,12/27/2022 11:47:54 AM,Dell SupportAssist Remediation,0,None,PowerEvent handled successfully by the service.
Information,12/27/2022 11:47:54 AM,Dell SupportAssist Remediation,0,None,PowerEvent handled successfully by the service.
Information,12/27/2022 11:47:54 AM,DellTechHub,0,None,PowerEvent handled successfully by the service.
Information,12/27/2022 11:47:54 AM,igccservice,0,None,PowerEvent handled successfully by the service.
Information,12/27/2022 11:47:54 AM,Dell SupportAssist Remediation,0,None,PowerEvent handled successfully by the service.
Information,12/27/2022 11:47:53 AM,DellTechHub,0,None,PowerEvent handled successfully by the service.
Information,12/27/2022 11:47:53 AM,igccservice,0,None,PowerEvent handled successfully by the service.
Information,12/27/2022 11:47:53 AM,DellTechHub,0,None,PowerEvent handled successfully by the service.
Information,12/27/2022 11:47:53 AM,igccservice,0,None,PowerEvent handled successfully by the service.
Information,12/27/2022 3:50:54 AM,Dell SupportAssist Remediation,0,None,PowerEvent handled successfully by the service.
Information,12/27/2022 3:50:54 AM,igccservice,0,None,PowerEvent handled successfully by the service.
Information,12/27/2022 3:50:54 AM,DellTechHub,0,None,PowerEvent handled successfully by the service.
Information,12/27/2022 3:50:53 AM,Microsoft-Windows-Winlogon,6000,None,The winlogon notification subscriber <SessionEnv> was unavailable to handle a notification event.
Information,12/27/2022 3:50:53 AM,Microsoft-Windows-Winlogon,6000,None,The winlogon notification subscriber <WSearch> was unavailable to handle a notification event.
Information,12/27/2022 3:50:53 AM,igfxCUIService2.0.0.0,0,None,The operation completed successfully. 
Information,12/27/2022 3:50:53 AM,igfxCUIService2.0.0.0,0,None,The operation completed successfully. 
Information,12/27/2022 3:50:51 AM,Desktop Window Manager,9027,None,The Desktop Window Manager has registered the session port.
Information,12/27/2022 3:07:58 AM,Microsoft-Windows-Security-SPP,16384,None,Successfully scheduled Software Protection service for re-start at 2122-12-03T06:07:58Z. Reason: RulesEngine.
Information,12/27/2022 3:07:27 AM,Microsoft-Windows-Security-SPP,16394,None,Offline downlevel migration succeeded.
Information,12/27/2022 3:05:19 AM,Windows Error Reporting,1001,None,"Fault bucket 2254998422049261185, type 5
Event Name: RADAR_PRE_LEAK_64
Response: Not available
Cab Id: 0

Problem signature:
P1: Code.exe
P2: 1.74.2.0
P3: 10.0.22621.2.0.0
P4: 
P5: 
P6: 
P7: 
P8: 
P9: 
P10: 

Attached files:
\\?\C:\Users\ozeas\AppData\Local\Temp\RDR1A18.tmp\empty.txt
\\?\C:\ProgramData\Microsoft\Windows\WER\Temp\WER.e153e3ad-cfef-4fdd-9ca3-80173f179c77.tmp.WERInternalMetadata.xml
\\?\C:\ProgramData\Microsoft\Windows\WER\Temp\WER.39f30e5b-459a-4b53-abf2-4dfce84d65e9.tmp.csv
\\?\C:\ProgramData\Microsoft\Windows\WER\Temp\WER.0655abf0-fe74-4f3b-9fdf-3d1cef658255.tmp.txt
\\?\C:\ProgramData\Microsoft\Windows\WER\Temp\WER.858ef57d-c4d3-44e0-8e45-d2ea265081b7.tmp.xml

These files may be available here:
NULL

Analysis symbol: 
Rechecking for solution: 0
Report Id: a3c6735e-293e-4c7c-a025-ba9e49a4cc67
Report Status: 268435456
Hashed bucket: ef03ec34d702f0d29f4b5d1e0b500681
Cab Guid: 0"
Information,12/27/2022 2:17:34 AM,Microsoft-Windows-Security-SPP,16384,None,Successfully scheduled Software Protection service for re-start at 2122-12-03T05:17:34Z. Reason: RulesEngine.
Information,12/27/2022 2:17:03 AM,Microsoft-Windows-Security-SPP,16394,None,Offline downlevel migration succeeded.
Information,12/27/2022 1:57:01 AM,Microsoft-Windows-CAPI2,4097,None,"Successful auto update of third-party root certificate:: Subject: <CN=Go Daddy Root Certificate Authority - G2, O=""GoDaddy.com, Inc."", L=Scottsdale, S=Arizona, C=US> Sha1 thumbprint: <47BEABC922EAE80E78783462A79F45C254FDE68B>."
Information,12/27/2022 1:47:30 AM,Microsoft-Windows-CAPI2,4097,None,"Successful auto update of third-party root certificate:: Subject: <CN=Certum Trusted Network CA, OU=Certum Certification Authority, O=Unizeto Technologies S.A., C=PL> Sha1 thumbprint: <07E032E020B72C3F192F0628A2593A19A70F069E>."
Information,12/27/2022 1:34:33 AM,Microsoft-Windows-Security-SPP,16384,None,Successfully scheduled Software Protection service for re-start at 2122-12-03T04:34:33Z. Reason: RulesEngine.
Information,12/27/2022 1:34:03 AM,Microsoft-Windows-Security-SPP,16394,None,Offline downlevel migration succeeded.
Information,12/27/2022 12:44:41 AM,Microsoft-Windows-Security-SPP,16384,None,Successfully scheduled Software Protection service for re-start at 2122-12-03T03:44:41Z. Reason: RulesEngine.
Information,12/27/2022 12:44:11 AM,Microsoft-Windows-Security-SPP,16394,None,Offline downlevel migration succeeded.
Information,12/27/2022 12:25:26 AM,Dell SupportAssist Remediation,0,None,PowerEvent handled successfully by the service.
Information,12/27/2022 12:25:26 AM,Dell SupportAssist Remediation,0,None,PowerEvent handled successfully by the service.
Information,12/27/2022 12:25:26 AM,igccservice,0,None,PowerEvent handled successfully by the service.
Information,12/27/2022 12:25:26 AM,DellTechHub,0,None,PowerEvent handled successfully by the service.
Information,12/27/2022 12:25:26 AM,igccservice,0,None,PowerEvent handled successfully by the service.
Information,12/27/2022 12:25:25 AM,DellTechHub,0,None,PowerEvent handled successfully by the service.
Information,12/27/2022 12:20:01 AM,DellTechHub,0,None,PowerEvent handled successfully by the service.
Information,12/27/2022 12:20:01 AM,igccservice,0,None,PowerEvent handled successfully by the service.
Information,12/27/2022 12:20:01 AM,Dell SupportAssist Remediation,0,None,PowerEvent handled successfully by the service.
Information,12/27/2022 12:01:37 AM,Microsoft-Windows-Security-SPP,16384,None,Successfully scheduled Software Protection service for re-start at 2122-12-03T03:01:37Z. Reason: RulesEngine.
Information,12/27/2022 12:01:07 AM,Microsoft-Windows-Security-SPP,16394,None,Offline downlevel migration succeeded.
Information,12/26/2022 11:56:31 PM,Microsoft-Windows-Security-SPP,16384,None,Successfully scheduled Software Protection service for re-start at 2122-12-03T02:56:31Z. Reason: RulesEngine.
Information,12/26/2022 11:56:01 PM,Microsoft-Windows-Security-SPP,16394,None,Offline downlevel migration succeeded.
Information,12/26/2022 11:53:40 PM,Microsoft-Windows-Security-SPP,16384,None,Successfully scheduled Software Protection service for re-start at 2122-12-03T02:53:40Z. Reason: RulesEngine.
Information,12/26/2022 11:53:07 PM,Microsoft-Windows-Security-SPP,16394,None,Offline downlevel migration succeeded.
Information,12/26/2022 11:53:05 PM,igccservice,0,None,PowerEvent handled successfully by the service.
Information,12/26/2022 11:53:05 PM,DellTechHub,0,None,PowerEvent handled successfully by the service.
Information,12/26/2022 11:53:05 PM,Dell SupportAssist Remediation,0,None,PowerEvent handled successfully by the service.
Information,12/26/2022 11:53:05 PM,igccservice,0,None,PowerEvent handled successfully by the service.
Information,12/26/2022 11:53:05 PM,Dell SupportAssist Remediation,0,None,PowerEvent handled successfully by the service.
Information,12/26/2022 11:53:05 PM,DellTechHub,0,None,PowerEvent handled successfully by the service.
Information,12/26/2022 11:53:03 PM,igccservice,0,None,PowerEvent handled successfully by the service.
Information,12/26/2022 11:53:03 PM,Dell SupportAssist Remediation,0,None,PowerEvent handled successfully by the service.
Information,12/26/2022 11:53:03 PM,DellTechHub,0,None,PowerEvent handled successfully by the service.
Information,12/26/2022 9:42:23 PM,DellTechHub,0,None,PowerEvent handled successfully by the service.
Information,12/26/2022 9:42:23 PM,Dell SupportAssist Remediation,0,None,PowerEvent handled successfully by the service.
Information,12/26/2022 9:42:23 PM,igccservice,0,None,PowerEvent handled successfully by the service.
Information,12/26/2022 9:26:09 PM,Microsoft-Windows-Security-SPP,16384,None,Successfully scheduled Software Protection service for re-start at 2122-12-03T00:26:09Z. Reason: RulesEngine.
Information,12/26/2022 9:25:38 PM,Microsoft-Windows-Security-SPP,16394,None,Offline downlevel migration succeeded.
Information,12/26/2022 9:03:16 PM,Microsoft-Windows-Security-SPP,16384,None,Successfully scheduled Software Protection service for re-start at 2122-12-03T00:03:16Z. Reason: RulesEngine.
Information,12/26/2022 9:02:46 PM,Microsoft-Windows-Security-SPP,16394,None,Offline downlevel migration succeeded.
Information,12/26/2022 8:56:12 PM,edgeupdate,0,None,Service stopped.
Information,12/26/2022 8:39:00 PM,ESENT,325,General,"svchost (7928,D,35) DS_Token_DB: The database engine created a new database (1, C:\WINDOWS\system32\config\systemprofile\AppData\Local\DataSharing\Storage\DSTokenDB2.dat). (Time=0 seconds) 
 
Additional Data: lgposCreate = 00000001:0001:0268,
dbv = 1568.230.500 (9480) 
 
Internal Timing Sequence: 
[1] 0.000104 +J(0) +M(C:0K, Fs:2, WS:8K # 8K, PF:4K # 4K, P:4K)
[2] 0.001489 -0.000557 (1) WT +J(CM:0, PgRf:0, Rd:0/0, Dy:0/0, Lg:3480/2) +M(C:0K, Fs:1, WS:4K # 4K, PF:0K # 0K, P:0K)
[3] 0.010958 -0.000005 (3) WT +J(0) +M(C:0K, Fs:10, WS:36K # 40K, PF:20K # 24K, P:20K)
[4] 0.013170 -0.010281 (1) WT +J(0) +M(C:0K, Fs:59, WS:236K # 232K, PF:92K # 88K, P:92K)
[5] 0.002032 -0.000626 (3) WT +J(CM:0, PgRf:3, Rd:0/0, Dy:3/6, Lg:122/4) +M(C:8K, Fs:50, WS:196K # 196K, PF:172K # 172K, P:172K)
[6] 0.005956 -0.002130 (1) WT +J(CM:0, PgRf:259, Rd:0/0, Dy:16/440, Lg:28550/479) +M(C:56K, Fs:112, WS:448K # 448K, PF:560K # 560K, P:560K)
[7] 0.001668 -0.000780 (3) WT +J(CM:0, PgRf:0, Rd:0/0, Dy:0/0, Lg:4096/3) +M(C:0K, Fs:2, WS:4K # 8K, PF:0K # 4K, P:0K)
[8] 0.000004 +J(0)
[9] 0.001721 -0.000706 (3) WT +J(0) +M(C:0K, Fs:2, WS:4K # 0K, PF:0K # 0K, P:0K)
[10] 0.017141 -0.008906 (33) CM -0.008639 (40) WT +J(CM:33, PgRf:390, Rd:0/33, Dy:10/90, Lg:12509/130) +M(C:-24K, Fs:44, WS:136K # 140K, PF:116K # 116K, P:116K)
[11] 0.000003 +J(0)."
Information,12/26/2022 8:39:00 PM,ESENT,105,General,"svchost (7928,D,0) DS_Token_DB: The database engine started a new instance (0). (Time=0 seconds) 
 
Additional Data:
 RBSOn = 0
 
 
Internal Timing Sequence: 
[1] 0.000947 +J(0) +M(C:0K, Fs:150, WS:580K # 580K, PF:2788K # 2788K, P:2788K)
[2] 0.000310 +J(0) +M(C:8K, Fs:182, WS:720K # 720K, PF:1224K # 1224K, P:1224K)
[3] 0.000016 +J(0) +M(C:0K, Fs:8, WS:32K # 32K, PF:64K # 64K, P:64K)
[4] 0.000121 +J(0) +M(C:0K, Fs:85, WS:336K # 336K, PF:188K # 188K, P:188K)
[5] 0.001502 +J(0) +M(C:0K, Fs:14, WS:56K # 56K, PF:24K # 24K, P:24K)
[6] 0.004108 +J(0) +M(C:0K, Fs:61, WS:244K # 244K, PF:56K # 56K, P:56K)
[7] -
[8] -
[9] -
[10] -
[11] -
[12] -
[13] 0.012815 -0.001847 (4) WT +J(CM:0, PgRf:0, Rd:0/0, Dy:0/0, Lg:616/1) +M(C:0K, Fs:102, WS:344K # 364K, PF:76K # 80K, P:76K)
[14] 0.000027 +J(0) +M(C:0K, Fs:1, WS:4K # 0K, PF:0K # 0K, P:0K)
[15] 0.000061 +J(0) +M(C:0K, Fs:20, WS:80K # 64K, PF:64K # 60K, P:64K)
[16] 0.006769 -0.000517 (3) WT +J(0) +M(C:0K, Fs:6, WS:16K # 20K, PF:0K # 4K, P:0K)."
Information,12/26/2022 8:39:00 PM,ESENT,102,General,"svchost (7928,P,98) DS_Token_DB: The database engine (10.00.22621.0000) is starting a new instance (0)."
Information,12/26/2022 8:11:06 PM,Microsoft-Windows-Security-SPP,16384,None,Successfully scheduled Software Protection service for re-start at 2122-12-02T23:11:06Z. Reason: RulesEngine.
Information,12/26/2022 8:10:35 PM,Microsoft-Windows-Security-SPP,16394,None,Offline downlevel migration succeeded.
Information,12/26/2022 7:26:48 PM,Microsoft-Windows-Security-SPP,16384,None,Successfully scheduled Software Protection service for re-start at 2122-12-02T22:26:48Z. Reason: RulesEngine.
Information,12/26/2022 7:26:18 PM,Microsoft-Windows-Security-SPP,16394,None,Offline downlevel migration succeeded.
Information,12/26/2022 7:22:24 PM,Microsoft-Windows-Security-SPP,16384,None,Successfully scheduled Software Protection service for re-start at 2122-12-02T22:22:24Z. Reason: RulesEngine.
Information,12/26/2022 7:21:54 PM,Microsoft-Windows-Security-SPP,16394,None,Offline downlevel migration succeeded.
Information,12/26/2022 6:33:06 PM,Microsoft-Windows-Security-SPP,16384,None,Successfully scheduled Software Protection service for re-start at 2122-12-02T21:33:06Z. Reason: RulesEngine.
Information,12/26/2022 6:32:36 PM,Microsoft-Windows-Security-SPP,16394,None,Offline downlevel migration succeeded.
Information,12/26/2022 6:27:49 PM,Microsoft-Windows-Security-SPP,16384,None,Successfully scheduled Software Protection service for re-start at 2122-12-02T21:27:49Z. Reason: RulesEngine.
Information,12/26/2022 6:27:19 PM,Microsoft-Windows-Security-SPP,16394,None,Offline downlevel migration succeeded.
Information,12/26/2022 6:14:02 PM,Microsoft-Windows-Security-SPP,16384,None,Successfully scheduled Software Protection service for re-start at 2122-12-02T21:14:02Z. Reason: RulesEngine.
Information,12/26/2022 6:13:31 PM,Microsoft-Windows-Security-SPP,16394,None,Offline downlevel migration succeeded.
Information,12/26/2022 5:25:19 PM,Microsoft-Windows-Security-SPP,16384,None,Successfully scheduled Software Protection service for re-start at 2122-12-02T20:25:19Z. Reason: RulesEngine.
Information,12/26/2022 5:24:49 PM,Microsoft-Windows-Security-SPP,16394,None,Offline downlevel migration succeeded.
Information,12/26/2022 5:04:08 PM,Microsoft-Windows-Security-SPP,16384,None,Successfully scheduled Software Protection service for re-start at 2122-12-02T20:04:08Z. Reason: RulesEngine.
Information,12/26/2022 5:03:38 PM,Microsoft-Windows-Security-SPP,16394,None,Offline downlevel migration succeeded.
Information,12/26/2022 4:19:04 PM,Microsoft-Windows-Security-SPP,16384,None,Successfully scheduled Software Protection service for re-start at 2122-12-02T19:19:04Z. Reason: RulesEngine.
Information,12/26/2022 4:18:33 PM,Microsoft-Windows-Security-SPP,16394,None,Offline downlevel migration succeeded.
Information,12/26/2022 4:12:41 PM,Microsoft-Windows-Security-SPP,16384,None,Successfully scheduled Software Protection service for re-start at 2122-12-02T19:12:41Z. Reason: RulesEngine.
Information,12/26/2022 4:12:11 PM,Microsoft-Windows-Security-SPP,16394,None,Offline downlevel migration succeeded.
Information,12/26/2022 4:11:34 PM,Microsoft-Windows-Security-SPP,16384,None,Successfully scheduled Software Protection service for re-start at 2122-12-02T19:11:34Z. Reason: RulesEngine.
Information,12/26/2022 4:10:35 PM,Microsoft-Windows-Security-SPP,16394,None,Offline downlevel migration succeeded.
Information,12/26/2022 4:09:25 PM,Microsoft-Windows-Security-SPP,16384,None,Successfully scheduled Software Protection service for re-start at 2122-12-02T19:09:25Z. Reason: RulesEngine.
Information,12/26/2022 4:08:54 PM,Microsoft-Windows-Security-SPP,16394,None,Offline downlevel migration succeeded.
Information,12/26/2022 3:15:20 PM,Microsoft-Windows-Security-SPP,16384,None,Successfully scheduled Software Protection service for re-start at 2122-12-02T18:15:20Z. Reason: RulesEngine.
Information,12/26/2022 3:14:50 PM,Microsoft-Windows-Security-SPP,16394,None,Offline downlevel migration succeeded.
Information,12/26/2022 2:28:03 PM,Microsoft-Windows-Security-SPP,16384,None,Successfully scheduled Software Protection service for re-start at 2122-12-02T17:28:03Z. Reason: RulesEngine.
Information,12/26/2022 2:27:33 PM,Microsoft-Windows-Security-SPP,16394,None,Offline downlevel migration succeeded.
Information,12/26/2022 2:13:52 PM,Microsoft-Windows-Security-SPP,16384,None,Successfully scheduled Software Protection service for re-start at 2122-12-02T17:13:52Z. Reason: RulesEngine.
