Error,1/1/2023 5:45:54 PM,Application Error,1000,Application Crashing Events,"Faulting application name: iw4mp.dat, version: 0.0.0.0, time stamp: 0x4b68bba4
Faulting module name: KERNEL32.DLL, version: 6.2.22621.963, time stamp: 0xf5cd78ad
Exception code: 0xc0000005
Fault offset: 0x0001db1d
Faulting process id: 0x%9
Faulting application start time: 0x%10
Faulting application path: %11
Faulting module path: %12
Report Id: %13
Faulting package full name: %14
Faulting package-relative application ID: %15"
Information,1/1/2023 5:45:05 PM,Windows Error Reporting,1001,None,"Fault bucket 1679983402601103675, type 1
Event Name: APPCRASH
Response: Not available
Cab Id: 0

Problem signature:
P1: iw4mp.dat
P2: 0.0.0.0
P3: 4b68bba4
P4: KERNEL32.DLL
P5: 6.2.22621.963
P6: f5cd78ad
P7: c0000005
P8: 0001db1d
P9: 
P10: 

Attached files:
\\?\C:\ProgramData\Microsoft\Windows\WER\Temp\WER.1be559a3-bc83-4f96-93fe-0744df9ae270.tmp.WERInternalMetadata.xml
\\?\C:\ProgramData\Microsoft\Windows\WER\Temp\WER.218d413b-49d0-48c1-bcac-f49ee4be8cf5.tmp.csv
\\?\C:\ProgramData\Microsoft\Windows\WER\Temp\WER.994612f4-c774-4d3c-8bb0-9519f03d1b30.tmp.txt
\\?\C:\ProgramData\Microsoft\Windows\WER\Temp\WER.437ff65e-a1e0-4227-b5d9-1be3c7a51de9.tmp.xml

These files may be available here:
\\?\C:\ProgramData\Microsoft\Windows\WER\ReportArchive\AppCrash_iw4mp.dat_b8924a246563965f384d905f2a64e7af9177c_00000000_fca1748c-6ff5-4e44-845d-98c2617f6735

Analysis symbol: 
Rechecking for solution: 0
Report Id: fca1748c-6ff5-4e44-845d-98c2617f6735
Report Status: 268435456
Hashed bucket: 4021345a24609f3807508000f497413b
Cab Guid: 0"
Error,1/1/2023 5:45:03 PM,Application Error,1000,Application Crashing Events,"Faulting application name: iw4mp.dat, version: 0.0.0.0, time stamp: 0x4b68bba4
Faulting module name: KERNEL32.DLL, version: 6.2.22621.963, time stamp: 0xf5cd78ad
Exception code: 0xc0000005
Fault offset: 0x0001db1d
Faulting process id: 0x%9
Faulting application start time: 0x%10
Faulting application path: %11
Faulting module path: %12
Report Id: %13
Faulting package full name: %14
Faulting package-relative application ID: %15"
Information,1/1/2023 5:44:39 PM,Windows Error Reporting,1001,None,"Fault bucket 1679983402601103675, type 1
Event Name: APPCRASH
Response: Not available
Cab Id: 0

Problem signature:
P1: iw4mp.dat
P2: 0.0.0.0
P3: 4b68bba4
P4: KERNEL32.DLL
P5: 6.2.22621.963
P6: f5cd78ad
P7: c0000005
P8: 0001db1d
P9: 
P10: 

Attached files:
\\?\C:\ProgramData\Microsoft\Windows\WER\Temp\WER.927797f5-13c8-41a0-9315-74d8d3d9156d.tmp.WERInternalMetadata.xml
\\?\C:\ProgramData\Microsoft\Windows\WER\Temp\WER.8da19495-be3b-4b72-9bf9-d6ade0759c09.tmp.csv
\\?\C:\ProgramData\Microsoft\Windows\WER\Temp\WER.9efe731d-0625-415a-be7c-7931d79abe60.tmp.txt
\\?\C:\ProgramData\Microsoft\Windows\WER\Temp\WER.33835442-8579-47e0-b1ce-9c37b317c027.tmp.xml

These files may be available here:
\\?\C:\ProgramData\Microsoft\Windows\WER\ReportArchive\AppCrash_iw4mp.dat_b8924a246563965f384d905f2a64e7af9177c_00000000_52652798-76fd-4c37-93ed-c5367f025ed2

Analysis symbol: 
Rechecking for solution: 0
Report Id: 52652798-76fd-4c37-93ed-c5367f025ed2
Report Status: 268435456
Hashed bucket: 4021345a24609f3807508000f497413b
Cab Guid: 0"
Error,1/1/2023 5:44:36 PM,Application Error,1000,Application Crashing Events,"Faulting application name: iw4mp.dat, version: 0.0.0.0, time stamp: 0x4b68bba4
Faulting module name: KERNEL32.DLL, version: 6.2.22621.963, time stamp: 0xf5cd78ad
Exception code: 0xc0000005
Fault offset: 0x0001db1d
Faulting process id: 0x%9
Faulting application start time: 0x%10
Faulting application path: %11
Faulting module path: %12
Report Id: %13
Faulting package full name: %14
Faulting package-relative application ID: %15"
Information,1/1/2023 5:42:57 PM,Windows Error Reporting,1001,None,"Fault bucket 1679983402601103675, type 1
Event Name: APPCRASH
Response: Not available
Cab Id: 0

Problem signature:
P1: iw4mp.dat
P2: 0.0.0.0
P3: 4b68bba4
P4: KERNEL32.DLL
P5: 6.2.22621.963
P6: f5cd78ad
P7: c0000005
P8: 0001db1d
P9: 
P10: 

Attached files:
\\?\C:\ProgramData\Microsoft\Windows\WER\Temp\WER.cba379c3-a224-41f8-bae1-bc5bbffbfb01.tmp.WERInternalMetadata.xml

These files may be available here:
\\?\C:\ProgramData\Microsoft\Windows\WER\ReportArchive\AppCrash_iw4mp.dat_b8924a246563965f384d905f2a64e7af9177c_00000000_83f35891-561e-434c-b8cc-5a0a2c3c7ce9

Analysis symbol: 
Rechecking for solution: 0
Report Id: 83f35891-561e-434c-b8cc-5a0a2c3c7ce9
Report Status: 268435556
Hashed bucket: 4021345a24609f3807508000f497413b
Cab Guid: 0"
Information,1/1/2023 5:42:55 PM,Windows Error Reporting,1001,None,"Fault bucket 1710040717117795321, type 5
Event Name: CLR20r3
Response: Not available
Cab Id: 0

Problem signature:
P1: iwnetserver.exe
P2: 1.0.0.0
P3: 4bffd5ee
P4: mscorlib
P5: 2.0.0.0
P6: 6090caae
P7: 34dd
P8: 1c5
P9: System.IO.IOException
P10: 

Attached files:
\\?\C:\ProgramData\Microsoft\Windows\WER\Temp\WER.ef8dab50-5d72-4cc4-ac8a-2ec018950c01.tmp.WERInternalMetadata.xml

These files may be available here:
\\?\C:\ProgramData\Microsoft\Windows\WER\ReportArchive\AppCrash_iwnetserver.exe_cc9536632f34af8efa2e45fe4a9415767d1e4f4_00000000_d9ebc2d5-8ac1-4e73-bf17-1d97301f4237

Analysis symbol: 
Rechecking for solution: 0
Report Id: d9ebc2d5-8ac1-4e73-bf17-1d97301f4237
Report Status: 268435556
Hashed bucket: ce621c7ed2f8352627bb48f8d742abf9
Cab Guid: 0"
Information,1/1/2023 5:42:54 PM,Windows Error Reporting,1001,None,"Fault bucket 1679983402601103675, type 1
Event Name: APPCRASH
Response: Not available
Cab Id: 0

Problem signature:
P1: iw4mp.dat
P2: 0.0.0.0
P3: 4b68bba4
P4: KERNEL32.DLL
P5: 6.2.22621.963
P6: f5cd78ad
P7: c0000005
P8: 0001db1d
P9: 
P10: 

Attached files:
\\?\C:\ProgramData\Microsoft\Windows\WER\Temp\WER.515881ab-d9b2-4daf-bf5f-92fe47a0e4a2.tmp.WERInternalMetadata.xml

These files may be available here:
\\?\C:\ProgramData\Microsoft\Windows\WER\ReportArchive\AppCrash_iw4mp.dat_b8924a246563965f384d905f2a64e7af9177c_00000000_d8e2f058-bdcf-40cb-9059-4518d5bd6fdf

Analysis symbol: 
Rechecking for solution: 0
Report Id: d8e2f058-bdcf-40cb-9059-4518d5bd6fdf
Report Status: 268435556
Hashed bucket: 4021345a24609f3807508000f497413b
Cab Guid: 0"
Information,1/1/2023 5:42:52 PM,Windows Error Reporting,1001,None,"Fault bucket 1679983402601103675, type 1
Event Name: APPCRASH
Response: Not available
Cab Id: 0

Problem signature:
P1: iw4mp.dat
P2: 0.0.0.0
P3: 4b68bba4
P4: KERNEL32.DLL
P5: 6.2.22621.963
P6: f5cd78ad
P7: c0000005
P8: 0001db1d
P9: 
P10: 

Attached files:
\\?\C:\ProgramData\Microsoft\Windows\WER\Temp\WER.8ccc60b8-bd16-4bb1-96a3-c75c7568915f.tmp.WERInternalMetadata.xml

These files may be available here:
\\?\C:\ProgramData\Microsoft\Windows\WER\ReportArchive\AppCrash_iw4mp.dat_b8924a246563965f384d905f2a64e7af9177c_00000000_ebe54caf-0663-4db2-85a8-e97a83c3eb7e

Analysis symbol: 
Rechecking for solution: 0
Report Id: ebe54caf-0663-4db2-85a8-e97a83c3eb7e
Report Status: 268435556
Hashed bucket: 4021345a24609f3807508000f497413b
Cab Guid: 0"
Information,1/1/2023 5:41:54 PM,Windows Error Reporting,1001,None,"Fault bucket , type 0
Event Name: APPCRASH
Response: Not available
Cab Id: 0

Problem signature:
P1: iw4mp.dat
P2: 0.0.0.0
P3: 4b68bba4
P4: KERNEL32.DLL
P5: 6.2.22621.963
P6: f5cd78ad
P7: c0000005
P8: 0001db1d
P9: 
P10: 

Attached files:
\\?\C:\ProgramData\Microsoft\Windows\WER\Temp\WER.cba379c3-a224-41f8-bae1-bc5bbffbfb01.tmp.WERInternalMetadata.xml

These files may be available here:
\\?\C:\ProgramData\Microsoft\Windows\WER\ReportQueue\AppCrash_iw4mp.dat_b8924a246563965f384d905f2a64e7af9177c_00000000_83f35891-561e-434c-b8cc-5a0a2c3c7ce9

Analysis symbol: 
Rechecking for solution: 0
Report Id: 83f35891-561e-434c-b8cc-5a0a2c3c7ce9
Report Status: 100
Hashed bucket: 
Cab Guid: 0"
Information,1/1/2023 5:41:54 PM,Windows Error Reporting,1001,None,"Fault bucket , type 0
Event Name: CLR20r3
Response: Not available
Cab Id: 0

Problem signature:
P1: iwnetserver.exe
P2: 1.0.0.0
P3: 4bffd5ee
P4: mscorlib
P5: 2.0.0.0
P6: 6090caae
P7: 34dd
P8: 1c5
P9: System.IO.IOException
P10: 

Attached files:
\\?\C:\ProgramData\Microsoft\Windows\WER\Temp\WER.ef8dab50-5d72-4cc4-ac8a-2ec018950c01.tmp.WERInternalMetadata.xml

These files may be available here:
\\?\C:\ProgramData\Microsoft\Windows\WER\ReportQueue\AppCrash_iwnetserver.exe_cc9536632f34af8efa2e45fe4a9415767d1e4f4_00000000_d9ebc2d5-8ac1-4e73-bf17-1d97301f4237

Analysis symbol: 
Rechecking for solution: 0
Report Id: d9ebc2d5-8ac1-4e73-bf17-1d97301f4237
Report Status: 100
Hashed bucket: 
Cab Guid: 0"
Information,1/1/2023 5:41:54 PM,Windows Error Reporting,1001,None,"Fault bucket , type 0
Event Name: APPCRASH
Response: Not available
Cab Id: 0

Problem signature:
P1: iw4mp.dat
P2: 0.0.0.0
P3: 4b68bba4
P4: KERNEL32.DLL
P5: 6.2.22621.963
P6: f5cd78ad
P7: c0000005
P8: 0001db1d
P9: 
P10: 

Attached files:
\\?\C:\ProgramData\Microsoft\Windows\WER\Temp\WER.515881ab-d9b2-4daf-bf5f-92fe47a0e4a2.tmp.WERInternalMetadata.xml

These files may be available here:
\\?\C:\ProgramData\Microsoft\Windows\WER\ReportQueue\AppCrash_iw4mp.dat_b8924a246563965f384d905f2a64e7af9177c_00000000_d8e2f058-bdcf-40cb-9059-4518d5bd6fdf

Analysis symbol: 
Rechecking for solution: 0
Report Id: d8e2f058-bdcf-40cb-9059-4518d5bd6fdf
Report Status: 100
Hashed bucket: 
Cab Guid: 0"
Information,1/1/2023 5:41:54 PM,Windows Error Reporting,1001,None,"Fault bucket , type 0
Event Name: APPCRASH
Response: Not available
Cab Id: 0

Problem signature:
P1: iw4mp.dat
P2: 0.0.0.0
P3: 4b68bba4
P4: KERNEL32.DLL
P5: 6.2.22621.963
P6: f5cd78ad
P7: c0000005
P8: 0001db1d
P9: 
P10: 

Attached files:
\\?\C:\ProgramData\Microsoft\Windows\WER\Temp\WER.8ccc60b8-bd16-4bb1-96a3-c75c7568915f.tmp.WERInternalMetadata.xml

These files may be available here:
\\?\C:\ProgramData\Microsoft\Windows\WER\ReportQueue\AppCrash_iw4mp.dat_b8924a246563965f384d905f2a64e7af9177c_00000000_ebe54caf-0663-4db2-85a8-e97a83c3eb7e

Analysis symbol: 
Rechecking for solution: 0
Report Id: ebe54caf-0663-4db2-85a8-e97a83c3eb7e
Report Status: 100
Hashed bucket: 
Cab Guid: 0"
Information,1/1/2023 5:41:54 PM,Windows Error Reporting,1001,None,"Fault bucket , type 0
Event Name: APPCRASH
Response: Not available
Cab Id: 0

Problem signature:
P1: iw4mp.dat
P2: 0.0.0.0
P3: 4b68bba4
P4: KERNEL32.DLL
P5: 6.2.22621.963
P6: f5cd78ad
P7: c0000005
P8: 0001db1d
P9: 
P10: 

Attached files:

These files may be available here:
\\?\C:\ProgramData\Microsoft\Windows\WER\ReportQueue\AppCrash_iw4mp.dat_b8924a246563965f384d905f2a64e7af9177c_00000000_83f35891-561e-434c-b8cc-5a0a2c3c7ce9

Analysis symbol: 
Rechecking for solution: 0
Report Id: 83f35891-561e-434c-b8cc-5a0a2c3c7ce9
Report Status: 100
Hashed bucket: 
Cab Guid: 0"
Error,1/1/2023 5:41:53 PM,Application Error,1000,Application Crashing Events,"Faulting application name: iw4mp.dat, version: 0.0.0.0, time stamp: 0x4b68bba4
Faulting module name: KERNEL32.DLL, version: 6.2.22621.963, time stamp: 0xf5cd78ad
Exception code: 0xc0000005
Fault offset: 0x0001db1d
Faulting process id: 0x%9
Faulting application start time: 0x%10
Faulting application path: %11
Faulting module path: %12
Report Id: %13
Faulting package full name: %14
Faulting package-relative application ID: %15"
Information,1/1/2023 5:41:51 PM,Windows Error Reporting,1001,None,"Fault bucket , type 0
Event Name: CLR20r3
Response: Not available
Cab Id: 0

Problem signature:
P1: iwnetserver.exe
P2: 1.0.0.0
P3: 4bffd5ee
P4: mscorlib
P5: 2.0.0.0
P6: 6090caae
P7: 34dd
P8: 1c5
P9: System.IO.IOException
P10: 

Attached files:
\\?\C:\ProgramData\Microsoft\Windows\WER\Temp\WER.ef8dab50-5d72-4cc4-ac8a-2ec018950c01.tmp.WERInternalMetadata.xml

These files may be available here:
\\?\C:\ProgramData\Microsoft\Windows\WER\ReportQueue\AppCrash_iwnetserver.exe_cc9536632f34af8efa2e45fe4a9415767d1e4f4_00000000_d9ebc2d5-8ac1-4e73-bf17-1d97301f4237

Analysis symbol: 
Rechecking for solution: 0
Report Id: d9ebc2d5-8ac1-4e73-bf17-1d97301f4237
Report Status: 100
Hashed bucket: 
Cab Guid: 0"
Information,1/1/2023 5:41:51 PM,Windows Error Reporting,1001,None,"Fault bucket , type 0
Event Name: APPCRASH
Response: Not available
Cab Id: 0

Problem signature:
P1: iw4mp.dat
P2: 0.0.0.0
P3: 4b68bba4
P4: KERNEL32.DLL
P5: 6.2.22621.963
P6: f5cd78ad
P7: c0000005
P8: 0001db1d
P9: 
P10: 

Attached files:
\\?\C:\ProgramData\Microsoft\Windows\WER\Temp\WER.515881ab-d9b2-4daf-bf5f-92fe47a0e4a2.tmp.WERInternalMetadata.xml

These files may be available here:
\\?\C:\ProgramData\Microsoft\Windows\WER\ReportQueue\AppCrash_iw4mp.dat_b8924a246563965f384d905f2a64e7af9177c_00000000_d8e2f058-bdcf-40cb-9059-4518d5bd6fdf

Analysis symbol: 
Rechecking for solution: 0
Report Id: d8e2f058-bdcf-40cb-9059-4518d5bd6fdf
Report Status: 100
Hashed bucket: 
Cab Guid: 0"
Information,1/1/2023 5:41:50 PM,Windows Error Reporting,1001,None,"Fault bucket , type 0
Event Name: APPCRASH
Response: Not available
Cab Id: 0

Problem signature:
P1: iw4mp.dat
P2: 0.0.0.0
P3: 4b68bba4
P4: KERNEL32.DLL
P5: 6.2.22621.963
P6: f5cd78ad
P7: c0000005
P8: 0001db1d
P9: 
P10: 

Attached files:
\\?\C:\ProgramData\Microsoft\Windows\WER\Temp\WER.8ccc60b8-bd16-4bb1-96a3-c75c7568915f.tmp.WERInternalMetadata.xml

These files may be available here:
\\?\C:\ProgramData\Microsoft\Windows\WER\ReportQueue\AppCrash_iw4mp.dat_b8924a246563965f384d905f2a64e7af9177c_00000000_ebe54caf-0663-4db2-85a8-e97a83c3eb7e

Analysis symbol: 
Rechecking for solution: 0
Report Id: ebe54caf-0663-4db2-85a8-e97a83c3eb7e
Report Status: 100
Hashed bucket: 
Cab Guid: 0"
Information,1/1/2023 5:41:50 PM,Windows Error Reporting,1001,None,"Fault bucket , type 0
Event Name: CLR20r3
Response: Not available
Cab Id: 0

Problem signature:
P1: iwnetserver.exe
P2: 1.0.0.0
P3: 4bffd5ee
P4: mscorlib
P5: 2.0.0.0
P6: 6090caae
P7: 34dd
P8: 1c5
P9: System.IO.IOException
P10: 

Attached files:

These files may be available here:
\\?\C:\ProgramData\Microsoft\Windows\WER\ReportQueue\AppCrash_iwnetserver.exe_cc9536632f34af8efa2e45fe4a9415767d1e4f4_00000000_d9ebc2d5-8ac1-4e73-bf17-1d97301f4237

Analysis symbol: 
Rechecking for solution: 0
Report Id: d9ebc2d5-8ac1-4e73-bf17-1d97301f4237
Report Status: 100
Hashed bucket: 
Cab Guid: 0"
Information,1/1/2023 5:39:40 PM,Windows Error Reporting,1001,None,"Fault bucket , type 0
Event Name: APPCRASH
Response: Not available
Cab Id: 0

Problem signature:
P1: iw4mp.dat
P2: 0.0.0.0
P3: 4b68bba4
P4: KERNEL32.DLL
P5: 6.2.22621.963
P6: f5cd78ad
P7: c0000005
P8: 0001db1d
P9: 
P10: 

Attached files:
\\?\C:\ProgramData\Microsoft\Windows\WER\Temp\WER.515881ab-d9b2-4daf-bf5f-92fe47a0e4a2.tmp.WERInternalMetadata.xml

These files may be available here:
\\?\C:\ProgramData\Microsoft\Windows\WER\ReportQueue\AppCrash_iw4mp.dat_b8924a246563965f384d905f2a64e7af9177c_00000000_d8e2f058-bdcf-40cb-9059-4518d5bd6fdf

Analysis symbol: 
Rechecking for solution: 0
Report Id: d8e2f058-bdcf-40cb-9059-4518d5bd6fdf
Report Status: 100
Hashed bucket: 
Cab Guid: 0"
Information,1/1/2023 5:39:40 PM,Windows Error Reporting,1001,None,"Fault bucket , type 0
Event Name: APPCRASH
Response: Not available
Cab Id: 0

Problem signature:
P1: iw4mp.dat
P2: 0.0.0.0
P3: 4b68bba4
P4: KERNEL32.DLL
P5: 6.2.22621.963
P6: f5cd78ad
P7: c0000005
P8: 0001db1d
P9: 
P10: 

Attached files:
\\?\C:\ProgramData\Microsoft\Windows\WER\Temp\WER.8ccc60b8-bd16-4bb1-96a3-c75c7568915f.tmp.WERInternalMetadata.xml

These files may be available here:
\\?\C:\ProgramData\Microsoft\Windows\WER\ReportQueue\AppCrash_iw4mp.dat_b8924a246563965f384d905f2a64e7af9177c_00000000_ebe54caf-0663-4db2-85a8-e97a83c3eb7e

Analysis symbol: 
Rechecking for solution: 0
Report Id: ebe54caf-0663-4db2-85a8-e97a83c3eb7e
Report Status: 100
Hashed bucket: 
Cab Guid: 0"
Information,1/1/2023 5:39:39 PM,Windows Error Reporting,1001,None,"Fault bucket , type 0
Event Name: APPCRASH
Response: Not available
Cab Id: 0

Problem signature:
P1: iw4mp.dat
P2: 0.0.0.0
P3: 4b68bba4
P4: KERNEL32.DLL
P5: 6.2.22621.963
P6: f5cd78ad
P7: c0000005
P8: 0001db1d
P9: 
P10: 

Attached files:

These files may be available here:
\\?\C:\ProgramData\Microsoft\Windows\WER\ReportQueue\AppCrash_iw4mp.dat_b8924a246563965f384d905f2a64e7af9177c_00000000_d8e2f058-bdcf-40cb-9059-4518d5bd6fdf

Analysis symbol: 
Rechecking for solution: 0
Report Id: d8e2f058-bdcf-40cb-9059-4518d5bd6fdf
Report Status: 100
Hashed bucket: 
Cab Guid: 0"
Error,1/1/2023 5:39:39 PM,Application Error,1000,Application Crashing Events,"Faulting application name: iw4mp.dat, version: 0.0.0.0, time stamp: 0x4b68bba4
Faulting module name: KERNEL32.DLL, version: 6.2.22621.963, time stamp: 0xf5cd78ad
Exception code: 0xc0000005
Fault offset: 0x0001db1d
Faulting process id: 0x%9
Faulting application start time: 0x%10
Faulting application path: %11
Faulting module path: %12
Report Id: %13
Faulting package full name: %14
Faulting package-relative application ID: %15"
Information,1/1/2023 5:38:07 PM,Windows Error Reporting,1001,None,"Fault bucket , type 0
Event Name: APPCRASH
Response: Not available
Cab Id: 0

Problem signature:
P1: iw4mp.dat
P2: 0.0.0.0
P3: 4b68bba4
P4: KERNEL32.DLL
P5: 6.2.22621.963
P6: f5cd78ad
P7: c0000005
P8: 0001db1d
P9: 
P10: 

Attached files:
\\?\C:\ProgramData\Microsoft\Windows\WER\Temp\WER.8ccc60b8-bd16-4bb1-96a3-c75c7568915f.tmp.WERInternalMetadata.xml

These files may be available here:
\\?\C:\ProgramData\Microsoft\Windows\WER\ReportQueue\AppCrash_iw4mp.dat_b8924a246563965f384d905f2a64e7af9177c_00000000_ebe54caf-0663-4db2-85a8-e97a83c3eb7e

Analysis symbol: 
Rechecking for solution: 0
Report Id: ebe54caf-0663-4db2-85a8-e97a83c3eb7e
Report Status: 100
Hashed bucket: 
Cab Guid: 0"
Information,1/1/2023 5:38:06 PM,Windows Error Reporting,1001,None,"Fault bucket , type 0
Event Name: APPCRASH
Response: Not available
Cab Id: 0

Problem signature:
P1: iw4mp.dat
P2: 0.0.0.0
P3: 4b68bba4
P4: KERNEL32.DLL
P5: 6.2.22621.963
P6: f5cd78ad
P7: c0000005
P8: 0001db1d
P9: 
P10: 

Attached files:

These files may be available here:
\\?\C:\ProgramData\Microsoft\Windows\WER\ReportQueue\AppCrash_iw4mp.dat_b8924a246563965f384d905f2a64e7af9177c_00000000_ebe54caf-0663-4db2-85a8-e97a83c3eb7e

Analysis symbol: 
Rechecking for solution: 0
Report Id: ebe54caf-0663-4db2-85a8-e97a83c3eb7e
Report Status: 100
Hashed bucket: 
Cab Guid: 0"
Error,1/1/2023 5:38:06 PM,Application Error,1000,Application Crashing Events,"Faulting application name: iw4mp.dat, version: 0.0.0.0, time stamp: 0x4b68bba4
Faulting module name: KERNEL32.DLL, version: 6.2.22621.963, time stamp: 0xf5cd78ad
Exception code: 0xc0000005
Fault offset: 0x0001db1d
Faulting process id: 0x%9
Faulting application start time: 0x%10
Faulting application path: %11
Faulting module path: %12
Report Id: %13
Faulting package full name: %14
Faulting package-relative application ID: %15"
Information,1/1/2023 5:37:43 PM,SecurityCenter,15,None,Updated Kaspersky Internet Security status successfully to SECURITY_PRODUCT_STATE_ON.
Information,1/1/2023 5:37:40 PM,SecurityCenter,15,None,Updated Windows Defender status successfully to SECURITY_PRODUCT_STATE_OFF.
Information,1/1/2023 5:37:38 PM,SecurityCenter,15,None,Updated Kaspersky Internet Security status successfully to SECURITY_PRODUCT_STATE_ON.
Information,1/1/2023 5:37:21 PM,SecurityCenter,15,None,Updated Windows Defender status successfully to SECURITY_PRODUCT_STATE_ON.
Information,1/1/2023 5:37:15 PM,Microsoft-Windows-Security-SPP,16384,None,Successfully scheduled Software Protection service for re-start at 2122-12-08T20:37:15Z. Reason: RulesEngine.
Information,1/1/2023 5:36:44 PM,Microsoft-Windows-Security-SPP,16394,None,Offline downlevel migration succeeded.
Information,1/1/2023 5:36:00 PM,Windows Error Reporting,1001,None,"Fault bucket 1710040717117795321, type 5
Event Name: CLR20r3
Response: Not available
Cab Id: 0

Problem signature:
P1: iwnetserver.exe
P2: 1.0.0.0
P3: 4bffd5ee
P4: mscorlib
P5: 2.0.0.0
P6: 6090caae
P7: 34dd
P8: 1c5
P9: System.IO.IOException
P10: 

Attached files:
\\?\C:\ProgramData\Microsoft\Windows\WER\Temp\WER.3cc0be48-566f-45e4-9066-7e1679e36321.tmp.WERInternalMetadata.xml
\\?\C:\ProgramData\Microsoft\Windows\WER\Temp\WER.f90f68c7-59eb-401d-8ad6-c27e617a97d6.tmp.csv
\\?\C:\ProgramData\Microsoft\Windows\WER\Temp\WER.76092464-1d67-462a-9100-96b93dc83829.tmp.txt
\\?\C:\ProgramData\Microsoft\Windows\WER\Temp\WER.74e47bb1-1bca-4fdc-a52f-0c8832205e58.tmp.xml

These files may be available here:
\\?\C:\ProgramData\Microsoft\Windows\WER\ReportArchive\AppCrash_iwnetserver.exe_cc9536632f34af8efa2e45fe4a9415767d1e4f4_00000000_8b24a159-e08c-432e-a379-09d82b5d5e25

Analysis symbol: 
Rechecking for solution: 0
Report Id: 8b24a159-e08c-432e-a379-09d82b5d5e25
Report Status: 268435456
Hashed bucket: ce621c7ed2f8352627bb48f8d742abf9
Cab Guid: 0"
Information,1/1/2023 5:34:59 PM,SecurityCenter,15,None,Updated Windows Defender status successfully to SECURITY_PRODUCT_STATE_ON.
Information,1/1/2023 5:34:57 PM,SecurityCenter,15,None,Updated Windows Defender status successfully to SECURITY_PRODUCT_STATE_ON.
Information,1/1/2023 5:34:55 PM,SecurityCenter,15,None,Updated Windows Defender status successfully to SECURITY_PRODUCT_STATE_ON.
Information,1/1/2023 5:34:53 PM,SecurityCenter,15,None,Updated Windows Defender status successfully to SECURITY_PRODUCT_STATE_ON.
Information,1/1/2023 5:34:51 PM,SecurityCenter,15,None,Updated Windows Defender status successfully to SECURITY_PRODUCT_STATE_ON.
Information,1/1/2023 5:34:49 PM,SecurityCenter,15,None,Updated Windows Defender status successfully to SECURITY_PRODUCT_STATE_ON.
Information,1/1/2023 5:34:47 PM,SecurityCenter,15,None,Updated Kaspersky Internet Security status successfully to SECURITY_PRODUCT_STATE_OFF.
Information,1/1/2023 5:34:47 PM,SecurityCenter,15,None,Updated Kaspersky Internet Security status successfully to SECURITY_PRODUCT_STATE_OFF.
Information,1/1/2023 5:34:42 PM,SecurityCenter,15,None,Updated Kaspersky Internet Security status successfully to SECURITY_PRODUCT_STATE_SNOOZED.
Information,1/1/2023 5:33:50 PM,Windows Error Reporting,1001,None,"Fault bucket 1679983402601103675, type 1
Event Name: APPCRASH
Response: Not available
Cab Id: 0

Problem signature:
P1: iw4mp.dat
P2: 0.0.0.0
P3: 4b68bba4
P4: KERNEL32.DLL
P5: 6.2.22621.963
P6: f5cd78ad
P7: c0000005
P8: 0001db1d
P9: 
P10: 

Attached files:
\\?\C:\ProgramData\Microsoft\Windows\WER\Temp\WER.9df38dd2-b509-4219-823a-3c3dc1239564.tmp.WERInternalMetadata.xml
\\?\C:\ProgramData\Microsoft\Windows\WER\Temp\WER.65c015f6-46dd-4590-9898-1d842edc1aaa.tmp.csv
\\?\C:\ProgramData\Microsoft\Windows\WER\Temp\WER.c3122dbe-932f-41ff-a0eb-9f8714ea2f69.tmp.txt
\\?\C:\ProgramData\Microsoft\Windows\WER\Temp\WER.0643b510-eade-4470-b91b-38ba82694941.tmp.xml

These files may be available here:
\\?\C:\ProgramData\Microsoft\Windows\WER\ReportArchive\AppCrash_iw4mp.dat_b8924a246563965f384d905f2a64e7af9177c_00000000_d3dfffe7-0bd1-45a5-a06e-5861c3f791e4

Analysis symbol: 
Rechecking for solution: 0
Report Id: d3dfffe7-0bd1-45a5-a06e-5861c3f791e4
Report Status: 268435456
Hashed bucket: 4021345a24609f3807508000f497413b
Cab Guid: 0"
Error,1/1/2023 5:33:48 PM,Application Error,1000,Application Crashing Events,"Faulting application name: iw4mp.dat, version: 0.0.0.0, time stamp: 0x4b68bba4
Faulting module name: KERNEL32.DLL, version: 6.2.22621.963, time stamp: 0xf5cd78ad
Exception code: 0xc0000005
Fault offset: 0x0001db1d
Faulting process id: 0x%9
Faulting application start time: 0x%10
Faulting application path: %11
Faulting module path: %12
Report Id: %13
Faulting package full name: %14
Faulting package-relative application ID: %15"
Information,1/1/2023 5:33:46 PM,Windows Error Reporting,1001,None,"Fault bucket 1710040717117795321, type 5
Event Name: CLR20r3
Response: Not available
Cab Id: 0

Problem signature:
P1: iwnetserver.exe
P2: 1.0.0.0
P3: 4bffd5ee
P4: mscorlib
P5: 2.0.0.0
P6: 6090caae
P7: 34dd
P8: 1c5
P9: System.IO.IOException
P10: 

Attached files:
\\?\C:\ProgramData\Microsoft\Windows\WER\Temp\WER.195f355b-0371-4a9a-82a6-feb08989749d.tmp.WERInternalMetadata.xml
\\?\C:\ProgramData\Microsoft\Windows\WER\Temp\WER.2af32dc0-5394-4408-8cc2-358825305ecd.tmp.csv
\\?\C:\ProgramData\Microsoft\Windows\WER\Temp\WER.706006df-ca1b-4664-8bef-448a3b839cd0.tmp.txt
\\?\C:\ProgramData\Microsoft\Windows\WER\Temp\WER.50bb56cf-ba10-4261-9ec9-d07feaaabd15.tmp.xml

These files may be available here:
\\?\C:\ProgramData\Microsoft\Windows\WER\ReportArchive\AppCrash_iwnetserver.exe_cc9536632f34af8efa2e45fe4a9415767d1e4f4_00000000_bdd18410-d671-4435-b13d-6362e3f94f57

Analysis symbol: 
Rechecking for solution: 0
Report Id: bdd18410-d671-4435-b13d-6362e3f94f57
Report Status: 268435456
Hashed bucket: ce621c7ed2f8352627bb48f8d742abf9
Cab Guid: 0"
Information,1/1/2023 5:33:27 PM,Windows Error Reporting,1001,None,"Fault bucket 1679983402601103675, type 1
Event Name: APPCRASH
Response: Not available
Cab Id: 0

Problem signature:
P1: iw4mp.dat
P2: 0.0.0.0
P3: 4b68bba4
P4: KERNEL32.DLL
P5: 6.2.22621.963
P6: f5cd78ad
P7: c0000005
P8: 0001db1d
P9: 
P10: 

Attached files:
\\?\C:\ProgramData\Microsoft\Windows\WER\Temp\WER.a546d2ad-28df-4a10-870d-a837e90410ec.tmp.WERInternalMetadata.xml
\\?\C:\ProgramData\Microsoft\Windows\WER\Temp\WER.2e9d511d-b0b3-4b4e-b2a4-378b47a67e78.tmp.csv
\\?\C:\ProgramData\Microsoft\Windows\WER\Temp\WER.2ca37392-06b0-48c2-bbbf-2e28f48228b2.tmp.txt
\\?\C:\ProgramData\Microsoft\Windows\WER\Temp\WER.eb1dd27e-988f-47c1-84c6-423950acab36.tmp.xml

These files may be available here:
\\?\C:\ProgramData\Microsoft\Windows\WER\ReportArchive\AppCrash_iw4mp.dat_b8924a246563965f384d905f2a64e7af9177c_00000000_014e867b-9aa0-4a92-bf17-678ca8a2f9ba

Analysis symbol: 
Rechecking for solution: 0
Report Id: 014e867b-9aa0-4a92-bf17-678ca8a2f9ba
Report Status: 268435456
Hashed bucket: 4021345a24609f3807508000f497413b
Cab Guid: 0"
Error,1/1/2023 5:33:25 PM,Application Error,1000,Application Crashing Events,"Faulting application name: iw4mp.dat, version: 0.0.0.0, time stamp: 0x4b68bba4
Faulting module name: KERNEL32.DLL, version: 6.2.22621.963, time stamp: 0xf5cd78ad
Exception code: 0xc0000005
Fault offset: 0x0001db1d
Faulting process id: 0x%9
Faulting application start time: 0x%10
Faulting application path: %11
Faulting module path: %12
Report Id: %13
Faulting package full name: %14
Faulting package-relative application ID: %15"
Information,1/1/2023 5:32:19 PM,Windows Error Reporting,1001,None,"Fault bucket 1679983402601103675, type 1
Event Name: APPCRASH
Response: Not available
Cab Id: 0

Problem signature:
P1: iw4mp.dat
P2: 0.0.0.0
P3: 4b68bba4
P4: KERNEL32.DLL
P5: 6.2.22621.963
P6: f5cd78ad
P7: c0000005
P8: 0001db1d
P9: 
P10: 

Attached files:
\\?\C:\ProgramData\Microsoft\Windows\WER\Temp\WER.5979182b-f904-43a5-98ba-a4aef7d8c97f.tmp.WERInternalMetadata.xml
\\?\C:\ProgramData\Microsoft\Windows\WER\Temp\WER.242aaccb-1b18-4685-b017-9e5dbe614b87.tmp.csv
\\?\C:\ProgramData\Microsoft\Windows\WER\Temp\WER.79a1aa46-5d4e-4d24-b4c4-3b10e401bca6.tmp.txt
\\?\C:\ProgramData\Microsoft\Windows\WER\Temp\WER.8a4b1986-c3e5-4fa8-a063-94881663f589.tmp.xml

These files may be available here:
\\?\C:\ProgramData\Microsoft\Windows\WER\ReportArchive\AppCrash_iw4mp.dat_b8924a246563965f384d905f2a64e7af9177c_00000000_eb66cd5b-0e83-4d7b-bc2d-5d0415d4d8ac

Analysis symbol: 
Rechecking for solution: 0
Report Id: eb66cd5b-0e83-4d7b-bc2d-5d0415d4d8ac
Report Status: 268435456
Hashed bucket: 4021345a24609f3807508000f497413b
Cab Guid: 0"
Error,1/1/2023 5:32:17 PM,Application Error,1000,Application Crashing Events,"Faulting application name: iw4mp.dat, version: 0.0.0.0, time stamp: 0x4b68bba4
Faulting module name: KERNEL32.DLL, version: 6.2.22621.963, time stamp: 0xf5cd78ad
Exception code: 0xc0000005
Fault offset: 0x0001db1d
Faulting process id: 0x%9
Faulting application start time: 0x%10
Faulting application path: %11
Faulting module path: %12
Report Id: %13
Faulting package full name: %14
Faulting package-relative application ID: %15"
Information,1/1/2023 5:31:35 PM,Windows Error Reporting,1001,None,"Fault bucket 1679983402601103675, type 1
Event Name: APPCRASH
Response: Not available
Cab Id: 0

Problem signature:
P1: iw4mp.dat
P2: 0.0.0.0
P3: 4b68bba4
P4: KERNEL32.DLL
P5: 6.2.22621.963
P6: f5cd78ad
P7: c0000005
P8: 0001db1d
P9: 
P10: 

Attached files:
\\?\C:\ProgramData\Microsoft\Windows\WER\Temp\WER.4364225c-417c-4af7-9b09-b6d1c6ed06ad.tmp.WERInternalMetadata.xml
\\?\C:\ProgramData\Microsoft\Windows\WER\Temp\WER.dc579b36-6fba-4c47-b736-08c555b99e12.tmp.csv
\\?\C:\ProgramData\Microsoft\Windows\WER\Temp\WER.ec6edc69-3a78-4f4e-baf4-b1a0777f1ff8.tmp.txt
\\?\C:\ProgramData\Microsoft\Windows\WER\Temp\WER.32f7383a-7c13-45b7-8808-481f01512db2.tmp.xml

These files may be available here:
\\?\C:\ProgramData\Microsoft\Windows\WER\ReportArchive\AppCrash_iw4mp.dat_b8924a246563965f384d905f2a64e7af9177c_00000000_69555a88-ae6b-492a-b94a-2ace793883f6

Analysis symbol: 
Rechecking for solution: 0
Report Id: 69555a88-ae6b-492a-b94a-2ace793883f6
Report Status: 268435456
Hashed bucket: 4021345a24609f3807508000f497413b
Cab Guid: 0"
Error,1/1/2023 5:31:34 PM,Application Error,1000,Application Crashing Events,"Faulting application name: iw4mp.dat, version: 0.0.0.0, time stamp: 0x4b68bba4
Faulting module name: KERNEL32.DLL, version: 6.2.22621.963, time stamp: 0xf5cd78ad
Exception code: 0xc0000005
Fault offset: 0x0001db1d
Faulting process id: 0x%9
Faulting application start time: 0x%10
Faulting application path: %11
Faulting module path: %12
Report Id: %13
Faulting package full name: %14
Faulting package-relative application ID: %15"
Information,1/1/2023 5:30:34 PM,Windows Error Reporting,1001,None,"Fault bucket 1679983402601103675, type 1
Event Name: APPCRASH
Response: Not available
Cab Id: 0

Problem signature:
P1: iw4mp.dat
P2: 0.0.0.0
P3: 4b68bba4
P4: KERNEL32.DLL
P5: 6.2.22621.963
P6: f5cd78ad
P7: c0000005
P8: 0001db1d
P9: 
P10: 

Attached files:
\\?\C:\ProgramData\Microsoft\Windows\WER\Temp\WER.0cf9085b-ef91-4748-add0-ed73bcc0cefd.tmp.WERInternalMetadata.xml
\\?\C:\ProgramData\Microsoft\Windows\WER\Temp\WER.218b79b0-4d02-47b5-b6bb-3cfc1606d235.tmp.csv
\\?\C:\ProgramData\Microsoft\Windows\WER\Temp\WER.60d1619f-fba7-4a4a-b39b-2459788293b1.tmp.txt
\\?\C:\ProgramData\Microsoft\Windows\WER\Temp\WER.211f118a-1393-4fce-a976-9fc68c627632.tmp.xml

These files may be available here:
\\?\C:\ProgramData\Microsoft\Windows\WER\ReportArchive\AppCrash_iw4mp.dat_b8924a246563965f384d905f2a64e7af9177c_00000000_dabeb5df-e31e-4553-beb7-3ffeb96675c4

Analysis symbol: 
Rechecking for solution: 0
Report Id: dabeb5df-e31e-4553-beb7-3ffeb96675c4
Report Status: 268435456
Hashed bucket: 4021345a24609f3807508000f497413b
Cab Guid: 0"
Error,1/1/2023 5:30:31 PM,Application Error,1000,Application Crashing Events,"Faulting application name: iw4mp.dat, version: 0.0.0.0, time stamp: 0x4b68bba4
Faulting module name: KERNEL32.DLL, version: 6.2.22621.963, time stamp: 0xf5cd78ad
Exception code: 0xc0000005
Fault offset: 0x0001db1d
Faulting process id: 0x%9
Faulting application start time: 0x%10
Faulting application path: %11
Faulting module path: %12
Report Id: %13
Faulting package full name: %14
Faulting package-relative application ID: %15"
Information,1/1/2023 5:30:28 PM,Windows Error Reporting,1001,None,"Fault bucket 1679983402601103675, type 1
Event Name: APPCRASH
Response: Not available
Cab Id: 0

Problem signature:
P1: iw4mp.dat
P2: 0.0.0.0
P3: 4b68bba4
P4: KERNEL32.DLL
P5: 6.2.22621.963
P6: f5cd78ad
P7: c0000005
P8: 0001db1d
P9: 
P10: 

Attached files:
\\?\C:\ProgramData\Microsoft\Windows\WER\Temp\WER.a6a90a7d-51ae-4101-b414-444bfbdb9652.tmp.WERInternalMetadata.xml
\\?\C:\ProgramData\Microsoft\Windows\WER\Temp\WER.1aeb5459-93bd-4d5a-957c-7df5a2c43627.tmp.csv
\\?\C:\ProgramData\Microsoft\Windows\WER\Temp\WER.f4ca8f7f-1f0f-4c1b-90e6-12bf2e2f72f7.tmp.txt
\\?\C:\ProgramData\Microsoft\Windows\WER\Temp\WER.d74ccea0-f959-4866-b3d1-eb818b1a668f.tmp.xml

These files may be available here:
\\?\C:\ProgramData\Microsoft\Windows\WER\ReportArchive\AppCrash_iw4mp.dat_b8924a246563965f384d905f2a64e7af9177c_00000000_f6d583d1-8f74-46f0-81b2-ab9b0ac097a8

Analysis symbol: 
Rechecking for solution: 0
Report Id: f6d583d1-8f74-46f0-81b2-ab9b0ac097a8
Report Status: 268435456
Hashed bucket: 4021345a24609f3807508000f497413b
Cab Guid: 0"
Error,1/1/2023 5:30:26 PM,Application Error,1000,Application Crashing Events,"Faulting application name: iw4mp.dat, version: 0.0.0.0, time stamp: 0x4b68bba4
Faulting module name: KERNEL32.DLL, version: 6.2.22621.963, time stamp: 0xf5cd78ad
Exception code: 0xc0000005
Fault offset: 0x0001db1d
Faulting process id: 0x%9
Faulting application start time: 0x%10
Faulting application path: %11
Faulting module path: %12
Report Id: %13
Faulting package full name: %14
Faulting package-relative application ID: %15"
Information,1/1/2023 5:28:56 PM,Windows Error Reporting,1001,None,"Fault bucket 1679983402601103675, type 1
Event Name: APPCRASH
Response: Not available
Cab Id: 0

Problem signature:
P1: iw4mp.dat
P2: 0.0.0.0
P3: 4b68bba4
P4: KERNEL32.DLL
P5: 6.2.22621.963
P6: f5cd78ad
P7: c0000005
P8: 0001db1d
P9: 
P10: 

Attached files:
\\?\C:\ProgramData\Microsoft\Windows\WER\Temp\WER.94972920-a39c-432e-b476-c99bf3e32880.tmp.WERInternalMetadata.xml
\\?\C:\ProgramData\Microsoft\Windows\WER\Temp\WER.73af3394-7f25-41b2-b8ae-df962f1e741f.tmp.csv
\\?\C:\ProgramData\Microsoft\Windows\WER\Temp\WER.2b9fc661-100e-41e0-af95-531d26241da4.tmp.txt
\\?\C:\ProgramData\Microsoft\Windows\WER\Temp\WER.080bd20d-ad8d-4a0a-8710-c1094b23a77b.tmp.xml

These files may be available here:
\\?\C:\ProgramData\Microsoft\Windows\WER\ReportArchive\AppCrash_iw4mp.dat_b8924a246563965f384d905f2a64e7af9177c_00000000_a4c05089-50ba-4eb1-a316-840e7e33648e

Analysis symbol: 
Rechecking for solution: 0
Report Id: a4c05089-50ba-4eb1-a316-840e7e33648e
Report Status: 268435456
Hashed bucket: 4021345a24609f3807508000f497413b
Cab Guid: 0"
Error,1/1/2023 5:28:54 PM,Application Error,1000,Application Crashing Events,"Faulting application name: iw4mp.dat, version: 0.0.0.0, time stamp: 0x4b68bba4
Faulting module name: KERNEL32.DLL, version: 6.2.22621.963, time stamp: 0xf5cd78ad
Exception code: 0xc0000005
Fault offset: 0x0001db1d
Faulting process id: 0x%9
Faulting application start time: 0x%10
Faulting application path: %11
Faulting module path: %12
Report Id: %13
Faulting package full name: %14
Faulting package-relative application ID: %15"
Information,1/1/2023 5:28:04 PM,Windows Error Reporting,1001,None,"Fault bucket 1679983402601103675, type 1
Event Name: APPCRASH
Response: Not available
Cab Id: 0

Problem signature:
P1: iw4mp.dat
P2: 0.0.0.0
P3: 4b68bba4
P4: KERNEL32.DLL
P5: 6.2.22621.963
P6: f5cd78ad
P7: c0000005
P8: 0001db1d
P9: 
P10: 

Attached files:
\\?\C:\ProgramData\Microsoft\Windows\WER\Temp\WER.82d711b5-9324-4dfc-b2fe-53ac83952796.tmp.WERInternalMetadata.xml
\\?\C:\ProgramData\Microsoft\Windows\WER\Temp\WER.175b7cde-2ae0-4b97-a587-6b44b6462abd.tmp.csv
\\?\C:\ProgramData\Microsoft\Windows\WER\Temp\WER.1112c318-a12e-41ec-b8aa-06d61687eac0.tmp.txt
\\?\C:\ProgramData\Microsoft\Windows\WER\Temp\WER.cc03589f-a5bc-4237-ba93-27243d8e9ab7.tmp.xml

These files may be available here:
\\?\C:\ProgramData\Microsoft\Windows\WER\ReportArchive\AppCrash_iw4mp.dat_b8924a246563965f384d905f2a64e7af9177c_00000000_eb082ac2-d57f-49d6-8639-c507ea17e006

Analysis symbol: 
Rechecking for solution: 0
Report Id: eb082ac2-d57f-49d6-8639-c507ea17e006
Report Status: 268435456
Hashed bucket: 4021345a24609f3807508000f497413b
Cab Guid: 0"
Error,1/1/2023 5:28:01 PM,Application Error,1000,Application Crashing Events,"Faulting application name: iw4mp.dat, version: 0.0.0.0, time stamp: 0x4b68bba4
Faulting module name: KERNEL32.DLL, version: 6.2.22621.963, time stamp: 0xf5cd78ad
Exception code: 0xc0000005
Fault offset: 0x0001db1d
Faulting process id: 0x%9
Faulting application start time: 0x%10
Faulting application path: %11
Faulting module path: %12
Report Id: %13
Faulting package full name: %14
Faulting package-relative application ID: %15"
Information,1/1/2023 5:27:41 PM,Windows Error Reporting,1001,None,"Fault bucket 1679983402601103675, type 1
Event Name: APPCRASH
Response: Not available
Cab Id: 0

Problem signature:
P1: iw4mp.dat
P2: 0.0.0.0
P3: 4b68bba4
P4: KERNEL32.DLL
P5: 6.2.22621.963
P6: f5cd78ad
P7: c0000005
P8: 0001db1d
P9: 
P10: 

Attached files:
\\?\C:\ProgramData\Microsoft\Windows\WER\Temp\WER.fa94f86b-32cb-45bd-b1f3-b65b0189330e.tmp.WERInternalMetadata.xml
\\?\C:\ProgramData\Microsoft\Windows\WER\Temp\WER.1fe0da6c-1d41-4a34-8e06-d5a48337c10f.tmp.csv
\\?\C:\ProgramData\Microsoft\Windows\WER\Temp\WER.a3b13e36-f498-4833-b2fe-50cb6af42a0e.tmp.txt
\\?\C:\ProgramData\Microsoft\Windows\WER\Temp\WER.affdd62c-18b9-4e08-b7c8-59aba30fccf1.tmp.xml

These files may be available here:
\\?\C:\ProgramData\Microsoft\Windows\WER\ReportArchive\AppCrash_iw4mp.dat_b8924a246563965f384d905f2a64e7af9177c_00000000_cb53d179-e096-47b7-98da-a3bd6f43338e

Analysis symbol: 
Rechecking for solution: 0
Report Id: cb53d179-e096-47b7-98da-a3bd6f43338e
Report Status: 268435456
Hashed bucket: 4021345a24609f3807508000f497413b
Cab Guid: 0"
Error,1/1/2023 5:27:40 PM,Application Error,1000,Application Crashing Events,"Faulting application name: iw4mp.dat, version: 0.0.0.0, time stamp: 0x4b68bba4
Faulting module name: KERNEL32.DLL, version: 6.2.22621.963, time stamp: 0xf5cd78ad
Exception code: 0xc0000005
Fault offset: 0x0001db1d
Faulting process id: 0x%9
Faulting application start time: 0x%10
Faulting application path: %11
Faulting module path: %12
Report Id: %13
Faulting package full name: %14
Faulting package-relative application ID: %15"
Information,1/1/2023 5:26:30 PM,Windows Error Reporting,1001,None,"Fault bucket 1679983402601103675, type 1
Event Name: APPCRASH
Response: Not available
Cab Id: 0

Problem signature:
P1: iw4mp.dat
P2: 0.0.0.0
P3: 4b68bba4
P4: KERNEL32.DLL
P5: 6.2.22621.963
P6: f5cd78ad
P7: c0000005
P8: 0001db1d
P9: 
P10: 

Attached files:
\\?\C:\ProgramData\Microsoft\Windows\WER\Temp\WER.d0a6aa59-f696-450a-a3d4-7b11ee2d8f15.tmp.WERInternalMetadata.xml
\\?\C:\ProgramData\Microsoft\Windows\WER\Temp\WER.bffc1610-ccf5-4e61-8178-720c588e99d5.tmp.csv
\\?\C:\ProgramData\Microsoft\Windows\WER\Temp\WER.a8431b99-4ca3-4eb2-994c-2037a45e9234.tmp.txt
\\?\C:\ProgramData\Microsoft\Windows\WER\Temp\WER.4b2676c4-a059-41a3-b851-cf9c604f7e98.tmp.xml

These files may be available here:
\\?\C:\ProgramData\Microsoft\Windows\WER\ReportArchive\AppCrash_iw4mp.dat_b8924a246563965f384d905f2a64e7af9177c_00000000_402a3d61-a444-4c2f-89c1-6f56b21d64e3

Analysis symbol: 
Rechecking for solution: 0
Report Id: 402a3d61-a444-4c2f-89c1-6f56b21d64e3
Report Status: 268435456
Hashed bucket: 4021345a24609f3807508000f497413b
Cab Guid: 0"
Error,1/1/2023 5:26:26 PM,Application Error,1000,Application Crashing Events,"Faulting application name: iw4mp.dat, version: 0.0.0.0, time stamp: 0x4b68bba4
Faulting module name: KERNEL32.DLL, version: 6.2.22621.963, time stamp: 0xf5cd78ad
Exception code: 0xc0000005
Fault offset: 0x0001db1d
Faulting process id: 0x%9
Faulting application start time: 0x%10
Faulting application path: %11
Faulting module path: %12
Report Id: %13
Faulting package full name: %14
Faulting package-relative application ID: %15"
Information,1/1/2023 5:25:54 PM,Windows Error Reporting,1001,None,"Fault bucket 1679983402601103675, type 1
Event Name: APPCRASH
Response: Not available
Cab Id: 0

Problem signature:
P1: iw4mp.dat
P2: 0.0.0.0
P3: 4b68bba4
P4: KERNEL32.DLL
P5: 6.2.22621.963
P6: f5cd78ad
P7: c0000005
P8: 0001db1d
P9: 
P10: 

Attached files:
\\?\C:\ProgramData\Microsoft\Windows\WER\Temp\WER.78e41591-83fd-44e9-bae9-a198ead36a3c.tmp.WERInternalMetadata.xml
\\?\C:\ProgramData\Microsoft\Windows\WER\Temp\WER.d61d8bbe-783c-4f43-aac5-bc809fa371c3.tmp.csv
\\?\C:\ProgramData\Microsoft\Windows\WER\Temp\WER.17bac294-ff11-4f36-b616-512fc8e408d2.tmp.txt
\\?\C:\ProgramData\Microsoft\Windows\WER\Temp\WER.169d0061-bc54-4eba-aa56-df4702f170a1.tmp.xml

These files may be available here:
\\?\C:\ProgramData\Microsoft\Windows\WER\ReportArchive\AppCrash_iw4mp.dat_b8924a246563965f384d905f2a64e7af9177c_00000000_0942b235-2dff-4eff-94e3-76762ce05da6

Analysis symbol: 
Rechecking for solution: 0
Report Id: 0942b235-2dff-4eff-94e3-76762ce05da6
Report Status: 268435456
Hashed bucket: 4021345a24609f3807508000f497413b
Cab Guid: 0"
Error,1/1/2023 5:25:52 PM,Application Error,1000,Application Crashing Events,"Faulting application name: iw4mp.dat, version: 0.0.0.0, time stamp: 0x4b68bba4
Faulting module name: KERNEL32.DLL, version: 6.2.22621.963, time stamp: 0xf5cd78ad
Exception code: 0xc0000005
Fault offset: 0x0001db1d
Faulting process id: 0x%9
Faulting application start time: 0x%10
Faulting application path: %11
Faulting module path: %12
Report Id: %13
Faulting package full name: %14
Faulting package-relative application ID: %15"
Information,1/1/2023 5:24:49 PM,Windows Error Reporting,1001,None,"Fault bucket 1679983402601103675, type 1
Event Name: APPCRASH
Response: Not available
Cab Id: 0

Problem signature:
P1: iw4mp.dat
P2: 0.0.0.0
P3: 4b68bba4
P4: KERNEL32.DLL
P5: 6.2.22621.963
P6: f5cd78ad
P7: c0000005
P8: 0001db1d
P9: 
P10: 

Attached files:
\\?\C:\ProgramData\Microsoft\Windows\WER\Temp\WER.078b87f6-e5ad-4f4d-a4df-61d3408020aa.tmp.WERInternalMetadata.xml
\\?\C:\ProgramData\Microsoft\Windows\WER\Temp\WER.78f5ffdd-3901-4f56-9ac4-e695a7a2347e.tmp.csv
\\?\C:\ProgramData\Microsoft\Windows\WER\Temp\WER.584c3860-3b0f-4f8e-b297-1b746a9afb43.tmp.txt
\\?\C:\ProgramData\Microsoft\Windows\WER\Temp\WER.b159823d-b493-4cff-9af5-cf23bad4ae54.tmp.xml

These files may be available here:
\\?\C:\ProgramData\Microsoft\Windows\WER\ReportArchive\AppCrash_iw4mp.dat_b8924a246563965f384d905f2a64e7af9177c_00000000_753a73cb-9035-4d70-be71-641f31a00e51

Analysis symbol: 
Rechecking for solution: 0
Report Id: 753a73cb-9035-4d70-be71-641f31a00e51
Report Status: 268435456
Hashed bucket: 4021345a24609f3807508000f497413b
Cab Guid: 0"
Error,1/1/2023 5:24:47 PM,Application Error,1000,Application Crashing Events,"Faulting application name: iw4mp.dat, version: 0.0.0.0, time stamp: 0x4b68bba4
Faulting module name: KERNEL32.DLL, version: 6.2.22621.963, time stamp: 0xf5cd78ad
Exception code: 0xc0000005
Fault offset: 0x0001db1d
Faulting process id: 0x%9
Faulting application start time: 0x%10
Faulting application path: %11
Faulting module path: %12
Report Id: %13
Faulting package full name: %14
Faulting package-relative application ID: %15"
Information,1/1/2023 5:23:28 PM,Windows Error Reporting,1001,None,"Fault bucket 1679983402601103675, type 1
Event Name: APPCRASH
Response: Not available
Cab Id: 0

Problem signature:
P1: iw4mp.dat
P2: 0.0.0.0
P3: 4b68bba4
P4: KERNEL32.DLL
P5: 6.2.22621.963
P6: f5cd78ad
P7: c0000005
P8: 0001db1d
P9: 
P10: 

Attached files:
\\?\C:\ProgramData\Microsoft\Windows\WER\Temp\WER.c6101f8e-608f-4612-8a35-b4603091adf5.tmp.WERInternalMetadata.xml
\\?\C:\ProgramData\Microsoft\Windows\WER\Temp\WER.5de1d0b3-751f-4d16-b7e0-6fd4970dcea4.tmp.csv
\\?\C:\ProgramData\Microsoft\Windows\WER\Temp\WER.23d47c65-5e08-42ad-8c9d-2078f8429470.tmp.txt
\\?\C:\ProgramData\Microsoft\Windows\WER\Temp\WER.55bb2bba-0001-483c-ad09-175995914a1c.tmp.xml

These files may be available here:
\\?\C:\ProgramData\Microsoft\Windows\WER\ReportArchive\AppCrash_iw4mp.dat_b8924a246563965f384d905f2a64e7af9177c_00000000_a3de144d-0f9b-49ed-90af-b823769ea3ad

Analysis symbol: 
Rechecking for solution: 0
Report Id: a3de144d-0f9b-49ed-90af-b823769ea3ad
Report Status: 268435456
Hashed bucket: 4021345a24609f3807508000f497413b
Cab Guid: 0"
Error,1/1/2023 5:23:16 PM,Application Error,1000,Application Crashing Events,"Faulting application name: iw4mp.dat, version: 0.0.0.0, time stamp: 0x4b68bba4
Faulting module name: KERNEL32.DLL, version: 6.2.22621.963, time stamp: 0xf5cd78ad
Exception code: 0xc0000005
Fault offset: 0x0001db1d
Faulting process id: 0x%9
Faulting application start time: 0x%10
Faulting application path: %11
Faulting module path: %12
Report Id: %13
Faulting package full name: %14
Faulting package-relative application ID: %15"
Information,1/1/2023 5:21:04 PM,Windows Error Reporting,1001,None,"Fault bucket 1679983402601103675, type 1
Event Name: APPCRASH
Response: Not available
Cab Id: 0

Problem signature:
P1: iw4mp.dat
P2: 0.0.0.0
P3: 4b68bba4
P4: KERNEL32.DLL
P5: 6.2.22621.963
P6: f5cd78ad
P7: c0000005
P8: 0001db1d
P9: 
P10: 

Attached files:
\\?\C:\ProgramData\Microsoft\Windows\WER\Temp\WER.41e0d346-b9be-4414-b16c-d9cdee2a9096.tmp.WERInternalMetadata.xml
\\?\C:\ProgramData\Microsoft\Windows\WER\Temp\WER.41a4ceca-4959-4622-9de3-6aed6ef75724.tmp.csv
\\?\C:\ProgramData\Microsoft\Windows\WER\Temp\WER.53112985-dcef-4d94-8ff7-62cc7c6ec0ad.tmp.txt
\\?\C:\ProgramData\Microsoft\Windows\WER\Temp\WER.35778588-a818-4d14-bec7-13b6afdc3f41.tmp.xml

These files may be available here:
\\?\C:\ProgramData\Microsoft\Windows\WER\ReportArchive\AppCrash_iw4mp.dat_b8924a246563965f384d905f2a64e7af9177c_00000000_4a23e829-cc20-4b68-aee3-6fa7060e58df

Analysis symbol: 
Rechecking for solution: 0
Report Id: 4a23e829-cc20-4b68-aee3-6fa7060e58df
Report Status: 268435456
Hashed bucket: 4021345a24609f3807508000f497413b
Cab Guid: 0"
Error,1/1/2023 5:21:02 PM,Application Error,1000,Application Crashing Events,"Faulting application name: iw4mp.dat, version: 0.0.0.0, time stamp: 0x4b68bba4
Faulting module name: KERNEL32.DLL, version: 6.2.22621.963, time stamp: 0xf5cd78ad
Exception code: 0xc0000005
Fault offset: 0x0001db1d
Faulting process id: 0x%9
Faulting application start time: 0x%10
Faulting application path: %11
Faulting module path: %12
Report Id: %13
Faulting package full name: %14
Faulting package-relative application ID: %15"
Information,1/1/2023 5:20:58 PM,Windows Error Reporting,1001,None,"Fault bucket 1679983402601103675, type 1
Event Name: APPCRASH
Response: Not available
Cab Id: 0

Problem signature:
P1: iw4mp.dat
P2: 0.0.0.0
P3: 4b68bba4
P4: KERNEL32.DLL
P5: 6.2.22621.963
P6: f5cd78ad
P7: c0000005
P8: 0001db1d
P9: 
P10: 

Attached files:
\\?\C:\ProgramData\Microsoft\Windows\WER\Temp\WER.f70a97ba-f3cc-4f16-9b8f-d90d68b4f92d.tmp.WERInternalMetadata.xml
\\?\C:\ProgramData\Microsoft\Windows\WER\Temp\WER.50981798-a6e6-4817-9d39-440adc6b305d.tmp.csv
\\?\C:\ProgramData\Microsoft\Windows\WER\Temp\WER.91778d84-1022-456d-9696-8f7ff674e4b2.tmp.txt
\\?\C:\ProgramData\Microsoft\Windows\WER\Temp\WER.2e9a4f00-07f4-4257-a1e4-343230254811.tmp.xml

These files may be available here:
\\?\C:\ProgramData\Microsoft\Windows\WER\ReportArchive\AppCrash_iw4mp.dat_b8924a246563965f384d905f2a64e7af9177c_00000000_ce293e43-dab8-48d2-8284-334511b037de

Analysis symbol: 
Rechecking for solution: 0
Report Id: ce293e43-dab8-48d2-8284-334511b037de
Report Status: 268435456
Hashed bucket: 4021345a24609f3807508000f497413b
Cab Guid: 0"
Error,1/1/2023 5:20:56 PM,Application Error,1000,Application Crashing Events,"Faulting application name: iw4mp.dat, version: 0.0.0.0, time stamp: 0x4b68bba4
Faulting module name: KERNEL32.DLL, version: 6.2.22621.963, time stamp: 0xf5cd78ad
Exception code: 0xc0000005
Fault offset: 0x0001db1d
Faulting process id: 0x%9
Faulting application start time: 0x%10
Faulting application path: %11
Faulting module path: %12
Report Id: %13
Faulting package full name: %14
Faulting package-relative application ID: %15"
Information,1/1/2023 5:20:48 PM,Windows Error Reporting,1001,None,"Fault bucket 1679983402601103675, type 1
Event Name: APPCRASH
Response: Not available
Cab Id: 0

Problem signature:
P1: iw4mp.dat
P2: 0.0.0.0
P3: 4b68bba4
P4: KERNEL32.DLL
P5: 6.2.22621.963
P6: f5cd78ad
P7: c0000005
P8: 0001db1d
P9: 
P10: 

Attached files:
\\?\C:\ProgramData\Microsoft\Windows\WER\Temp\WER.b02fca04-ba58-472a-8252-5947d89e7f8d.tmp.WERInternalMetadata.xml
\\?\C:\ProgramData\Microsoft\Windows\WER\Temp\WER.c3540fd7-ee42-49d2-b6df-af32e4e09a1a.tmp.csv
\\?\C:\ProgramData\Microsoft\Windows\WER\Temp\WER.c32654f1-ee64-4b13-8394-82e9eee33b15.tmp.txt
\\?\C:\ProgramData\Microsoft\Windows\WER\Temp\WER.b4c7a6fb-130d-422d-8fc5-c2ffbdc89d69.tmp.xml

These files may be available here:
\\?\C:\ProgramData\Microsoft\Windows\WER\ReportArchive\AppCrash_iw4mp.dat_b8924a246563965f384d905f2a64e7af9177c_00000000_4dcf4ce5-37b3-4485-9c15-a7cdd68c89c2

Analysis symbol: 
Rechecking for solution: 0
Report Id: 4dcf4ce5-37b3-4485-9c15-a7cdd68c89c2
Report Status: 268435456
Hashed bucket: 4021345a24609f3807508000f497413b
Cab Guid: 0"
Error,1/1/2023 5:20:46 PM,Application Error,1000,Application Crashing Events,"Faulting application name: iw4mp.dat, version: 0.0.0.0, time stamp: 0x4b68bba4
Faulting module name: KERNEL32.DLL, version: 6.2.22621.963, time stamp: 0xf5cd78ad
Exception code: 0xc0000005
Fault offset: 0x0001db1d
Faulting process id: 0x%9
Faulting application start time: 0x%10
Faulting application path: %11
Faulting module path: %12
Report Id: %13
Faulting package full name: %14
Faulting package-relative application ID: %15"
Information,1/1/2023 5:19:24 PM,Windows Error Reporting,1001,None,"Fault bucket 1679983402601103675, type 1
Event Name: APPCRASH
Response: Not available
Cab Id: 0

Problem signature:
P1: iw4mp.dat
P2: 0.0.0.0
P3: 4b68bba4
P4: KERNEL32.DLL
P5: 6.2.22621.963
P6: f5cd78ad
P7: c0000005
P8: 0001db1d
P9: 
P10: 

Attached files:
\\?\C:\ProgramData\Microsoft\Windows\WER\Temp\WER.b865ac03-a580-4b47-b363-1d79007262d0.tmp.WERInternalMetadata.xml
\\?\C:\ProgramData\Microsoft\Windows\WER\Temp\WER.4890b2e4-1ee7-41a8-88e9-30c5886289f4.tmp.csv
\\?\C:\ProgramData\Microsoft\Windows\WER\Temp\WER.75b9eb9d-4ec1-4129-bc81-620f9933c91d.tmp.txt
\\?\C:\ProgramData\Microsoft\Windows\WER\Temp\WER.3244f9de-2b24-4117-ab7d-8966bf522b9a.tmp.xml

These files may be available here:
\\?\C:\ProgramData\Microsoft\Windows\WER\ReportArchive\AppCrash_iw4mp.dat_b8924a246563965f384d905f2a64e7af9177c_00000000_25059d37-66b4-459f-a60c-8eb5615181fb

Analysis symbol: 
Rechecking for solution: 0
Report Id: 25059d37-66b4-459f-a60c-8eb5615181fb
Report Status: 268435456
Hashed bucket: 4021345a24609f3807508000f497413b
Cab Guid: 0"
