Information,12/26/2022 2:13:21 PM,Microsoft-Windows-Security-SPP,16394,None,Offline downlevel migration succeeded.
Information,12/26/2022 1:50:32 PM,Microsoft-Windows-Security-SPP,16384,None,Successfully scheduled Software Protection service for re-start at 2122-12-02T16:50:32Z. Reason: RulesEngine.
Information,12/26/2022 1:50:02 PM,Microsoft-Windows-Security-SPP,16394,None,Offline downlevel migration succeeded.
Information,12/26/2022 1:10:28 PM,Microsoft-Windows-Security-SPP,16384,None,Successfully scheduled Software Protection service for re-start at 2122-12-02T16:10:28Z. Reason: RulesEngine.
Information,12/26/2022 1:09:58 PM,Microsoft-Windows-Security-SPP,16394,None,Offline downlevel migration succeeded.
Information,12/26/2022 12:11:37 PM,Microsoft-Windows-Security-SPP,16384,None,Successfully scheduled Software Protection service for re-start at 2122-12-02T15:11:37Z. Reason: RulesEngine.
Information,12/26/2022 12:11:06 PM,Microsoft-Windows-Security-SPP,16394,None,Offline downlevel migration succeeded.
Information,12/26/2022 11:36:24 AM,edgeupdatem,0,None,Service stopped.
Information,12/26/2022 11:36:23 AM,edgeupdatem,0,None,Service stopped.
Information,12/26/2022 11:35:46 AM,edgeupdatem,0,None,Service stopped.
Information,12/26/2022 11:35:46 AM,edgeupdatem,0,None,Service stopped.
Information,12/26/2022 11:35:44 AM,VSS,8224,None,The VSS service is shutting down due to idle timeout. 
Information,12/26/2022 11:19:15 AM,Microsoft-Windows-Security-SPP,16384,None,Successfully scheduled Software Protection service for re-start at 2122-12-02T14:19:15Z. Reason: RulesEngine.
Information,12/26/2022 11:19:04 AM,Windows Error Reporting,1001,None,"Fault bucket 2193819918678801347, type 5
Event Name: RADAR_PRE_LEAK_64
Response: Not available
Cab Id: 0

Problem signature:
P1: msedge.exe
P2: 108.0.1462.54
P3: 10.0.22621.2.0.0
P4: 
P5: 
P6: 
P7: 
P8: 
P9: 
P10: 

Attached files:
\\?\C:\Users\ozeas\AppData\Local\Temp\RDRD14B.tmp\empty.txt
\\?\C:\ProgramData\Microsoft\Windows\WER\Temp\WER.561ad176-c38c-4aa6-ba2b-357e30a0211e.tmp.WERInternalMetadata.xml
\\?\C:\ProgramData\Microsoft\Windows\WER\Temp\WER.d393d46a-d170-4919-810d-31e818620e95.tmp.csv
\\?\C:\ProgramData\Microsoft\Windows\WER\Temp\WER.dcba6751-72ba-483c-9583-f9fb9918a443.tmp.txt
\\?\C:\ProgramData\Microsoft\Windows\WER\Temp\WER.ec618068-ed0b-407a-abab-ca0a7d0721cd.tmp.xml

These files may be available here:
NULL

Analysis symbol: 
Rechecking for solution: 0
Report Id: 37b1fda5-353b-4dd0-ade0-07f47c400652
Report Status: 268435456
Hashed bucket: 2820dfde911c8a0bde720397ba06bbc3
Cab Guid: 0"
Information,12/26/2022 11:17:54 AM,Microsoft-Windows-Security-SPP,16394,None,Offline downlevel migration succeeded.
Information,12/26/2022 11:16:36 AM,edgeupdatem,0,None,Service stopped.
Information,12/26/2022 11:16:36 AM,edgeupdatem,0,None,Service stopped.
Information,12/26/2022 11:15:16 AM,MsiInstaller,1035,None,Windows Installer reconfigured the product. Product Name: Kaspersky Password Manager. Product Version: 10.2.0.341. Product Language: 1046. Manufacturer: Kaspersky Lab. Reconfiguration success or error status: 0.
Information,12/26/2022 11:15:16 AM,MsiInstaller,1035,None,Windows Installer reconfigured the product. Product Name: Python Launcher. Product Version: 3.8.7427.0. Product Language: 1033. Manufacturer: Python Software Foundation. Reconfiguration success or error status: 0.
Information,12/26/2022 11:15:16 AM,MsiInstaller,1035,None,Windows Installer reconfigured the product. Product Name: Microsoft .NET Host - 6.0.9 (x64). Product Version: 48.39.47157. Product Language: 1033. Manufacturer: Microsoft Corporation. Reconfiguration success or error status: 0.
Information,12/26/2022 11:15:16 AM,MsiInstaller,1035,None,Windows Installer reconfigured the product. Product Name: Dell SupportAssist. Product Version: 3.13.0.236. Product Language: 1033. Manufacturer: Dell Inc.. Reconfiguration success or error status: 0.
Information,12/26/2022 11:15:16 AM,MsiInstaller,1035,None,Windows Installer reconfigured the product. Product Name: Microsoft Visual C++ 2013 x64 Additional Runtime - 12.0.40649. Product Version: 12.0.40649. Product Language: 1033. Manufacturer: Microsoft Corporation. Reconfiguration success or error status: 0.
Information,12/26/2022 11:15:16 AM,MsiInstaller,1035,None,Windows Installer reconfigured the product. Product Name: Microsoft .NET Runtime - 6.0.9 (x64). Product Version: 48.39.47157. Product Language: 1033. Manufacturer: Microsoft Corporation. Reconfiguration success or error status: 0.
Information,12/26/2022 11:15:16 AM,MsiInstaller,1035,None,Windows Installer reconfigured the product. Product Name: Tableau 2019.3 (20193.19.0821.2225). Product Version: 19.3.510. Product Language: 1033. Manufacturer: Tableau Software. Reconfiguration success or error status: 0.
Information,12/26/2022 11:15:16 AM,MsiInstaller,1035,None,Windows Installer reconfigured the product. Product Name: Intel(R) Icls. Product Version: 1.0.0.0. Product Language: 1033. Manufacturer: Intel Corporation. Reconfiguration success or error status: 0.
Information,12/26/2022 11:15:16 AM,MsiInstaller,1035,None,Windows Installer reconfigured the product. Product Name: Microsoft .NET Host FX Resolver - 5.0.17 (x86). Product Version: 40.68.31213. Product Language: 1033. Manufacturer: Microsoft Corporation. Reconfiguration success or error status: 0.
Information,12/26/2022 11:15:16 AM,MsiInstaller,1035,None,Windows Installer reconfigured the product. Product Name: Microsoft Update Health Tools. Product Version: 5.68.0.0. Product Language: 0. Manufacturer: Microsoft Corporation. Reconfiguration success or error status: 0.
Information,12/26/2022 11:15:16 AM,MsiInstaller,1035,None,Windows Installer reconfigured the product. Product Name: Microsoft .NET Runtime - 5.0.17 (x86). Product Version: 40.68.31213. Product Language: 1033. Manufacturer: Microsoft Corporation. Reconfiguration success or error status: 0.
Information,12/26/2022 11:15:16 AM,MsiInstaller,1035,None,Windows Installer reconfigured the product. Product Name: Amazon Redshift ODBC Driver 64-bit. Product Version: 1.3.7.1000. Product Language: 1033. Manufacturer: Amazon Corporate LLC. Reconfiguration success or error status: 0.
Information,12/26/2022 11:15:16 AM,MsiInstaller,1035,None,Windows Installer reconfigured the product. Product Name: Kaspersky Internet Security. Product Version: 21.3.10.391. Product Language: 1046. Manufacturer: Kaspersky. Reconfiguration success or error status: 0.
Information,12/26/2022 11:15:16 AM,MsiInstaller,1035,None,Windows Installer reconfigured the product. Product Name: Microsoft .NET Host - 5.0.17 (x86). Product Version: 40.68.31213. Product Language: 1033. Manufacturer: Microsoft Corporation. Reconfiguration success or error status: 0.
Information,12/26/2022 11:15:16 AM,MsiInstaller,1035,None,Windows Installer reconfigured the product. Product Name: Intel(R) LMS. Product Version: 1.0.0.0. Product Language: 1033. Manufacturer: Intel Corporation. Reconfiguration success or error status: 0.
Information,12/26/2022 11:15:16 AM,MsiInstaller,1035,None,Windows Installer reconfigured the product. Product Name: Kaspersky VPN. Product Version: 21.3.10.391. Product Language: 1046. Manufacturer: Kaspersky. Reconfiguration success or error status: 0.
Information,12/26/2022 11:15:16 AM,MsiInstaller,1035,None,Windows Installer reconfigured the product. Product Name: Dell SupportAssist OS Recovery Plugin for Dell Update. Product Version: 5.5.4.16189. Product Language: 1033. Manufacturer: Dell Inc.. Reconfiguration success or error status: 0.
Information,12/26/2022 11:15:15 AM,MsiInstaller,1035,None,Windows Installer reconfigured the product. Product Name: Microsoft Windows Desktop Runtime - 5.0.17 (x86). Product Version: 40.68.31219. Product Language: 1033. Manufacturer: Microsoft Corporation. Reconfiguration success or error status: 0.
Information,12/26/2022 11:15:15 AM,MsiInstaller,1035,None,Windows Installer reconfigured the product. Product Name: Dynamic Application Loader Host Interface Service. Product Version: 1.0.0.0. Product Language: 1033. Manufacturer: Intel Corporation. Reconfiguration success or error status: 0.
Information,12/26/2022 11:15:15 AM,MsiInstaller,1035,None,Windows Installer reconfigured the product. Product Name: Microsoft Visual C++ 2013 x64 Minimum Runtime - 12.0.40649. Product Version: 12.0.40649. Product Language: 1033. Manufacturer: Microsoft Corporation. Reconfiguration success or error status: 0.
Information,12/26/2022 11:15:15 AM,MsiInstaller,1035,None,Windows Installer reconfigured the product. Product Name: Intel(R) Management Engine Components. Product Version: 1.0.0.0. Product Language: 1033. Manufacturer: Intel Corporation. Reconfiguration success or error status: 0.
Information,12/26/2022 11:15:15 AM,MsiInstaller,1035,None,Windows Installer reconfigured the product. Product Name: Microsoft Visual C++ 2017 x64 Minimum Runtime - 14.15.26706. Product Version: 14.15.26706. Product Language: 1033. Manufacturer: Microsoft Corporation. Reconfiguration success or error status: 0.
Information,12/26/2022 11:15:15 AM,MsiInstaller,1035,None,Windows Installer reconfigured the product. Product Name: Dell SupportAssist Remediation. Product Version: 5.5.5.16206. Product Language: 1033. Manufacturer: Dell Inc.. Reconfiguration success or error status: 0.
Information,12/26/2022 11:15:15 AM,MsiInstaller,1035,None,Windows Installer reconfigured the product. Product Name: Microsoft .NET Host FX Resolver - 6.0.9 (x64). Product Version: 48.39.47157. Product Language: 1033. Manufacturer: Microsoft Corporation. Reconfiguration success or error status: 0.
Information,12/26/2022 11:15:15 AM,MsiInstaller,1035,None,Windows Installer reconfigured the product. Product Name: Microsoft ODBC Driver 17 for SQL Server. Product Version: 17.1.0.1. Product Language: 1033. Manufacturer: Microsoft Corporation. Reconfiguration success or error status: 0.
Information,12/26/2022 11:15:15 AM,MsiInstaller,1035,None,Windows Installer reconfigured the product. Product Name: Intel(R) Management Engine Driver. Product Version: 1.0.0.0. Product Language: 1033. Manufacturer: Intel Corporation. Reconfiguration success or error status: 0.
Information,12/26/2022 11:15:15 AM,MsiInstaller,1035,None,Windows Installer reconfigured the product. Product Name: psqlODBC_x64. Product Version: 09.06.0504. Product Language: 1033. Manufacturer: PostgreSQL Global Development Group. Reconfiguration success or error status: 0.
Information,12/26/2022 11:15:15 AM,MsiInstaller,1035,None,Windows Installer reconfigured the product. Product Name: Microsoft Visual C++ 2017 x64 Additional Runtime - 14.15.26706. Product Version: 14.15.26706. Product Language: 1033. Manufacturer: Microsoft Corporation. Reconfiguration success or error status: 0.
Information,12/26/2022 11:15:14 AM,MsiInstaller,1035,None,Windows Installer reconfigured the product. Product Name: Kaspersky Password Manager. Product Version: 10.2.0.341. Product Language: 1046. Manufacturer: Kaspersky Lab. Reconfiguration success or error status: 0.
Information,12/26/2022 11:15:14 AM,MsiInstaller,1035,None,Windows Installer reconfigured the product. Product Name: Python Launcher. Product Version: 3.8.7427.0. Product Language: 1033. Manufacturer: Python Software Foundation. Reconfiguration success or error status: 0.
Information,12/26/2022 11:15:14 AM,MsiInstaller,1035,None,Windows Installer reconfigured the product. Product Name: Microsoft .NET Host - 6.0.9 (x64). Product Version: 48.39.47157. Product Language: 1033. Manufacturer: Microsoft Corporation. Reconfiguration success or error status: 0.
Information,12/26/2022 11:15:14 AM,MsiInstaller,1035,None,Windows Installer reconfigured the product. Product Name: Dell SupportAssist. Product Version: 3.13.0.236. Product Language: 1033. Manufacturer: Dell Inc.. Reconfiguration success or error status: 0.
Information,12/26/2022 11:15:13 AM,MsiInstaller,1035,None,Windows Installer reconfigured the product. Product Name: Microsoft Visual C++ 2013 x64 Additional Runtime - 12.0.40649. Product Version: 12.0.40649. Product Language: 1033. Manufacturer: Microsoft Corporation. Reconfiguration success or error status: 0.
Information,12/26/2022 11:15:13 AM,MsiInstaller,1035,None,Windows Installer reconfigured the product. Product Name: Microsoft .NET Runtime - 6.0.9 (x64). Product Version: 48.39.47157. Product Language: 1033. Manufacturer: Microsoft Corporation. Reconfiguration success or error status: 0.
Information,12/26/2022 11:15:13 AM,MsiInstaller,1035,None,Windows Installer reconfigured the product. Product Name: Tableau 2019.3 (20193.19.0821.2225). Product Version: 19.3.510. Product Language: 1033. Manufacturer: Tableau Software. Reconfiguration success or error status: 0.
Information,12/26/2022 11:15:13 AM,MsiInstaller,1035,None,Windows Installer reconfigured the product. Product Name: Intel(R) Icls. Product Version: 1.0.0.0. Product Language: 1033. Manufacturer: Intel Corporation. Reconfiguration success or error status: 0.
Information,12/26/2022 11:15:13 AM,MsiInstaller,1035,None,Windows Installer reconfigured the product. Product Name: Microsoft .NET Host FX Resolver - 5.0.17 (x86). Product Version: 40.68.31213. Product Language: 1033. Manufacturer: Microsoft Corporation. Reconfiguration success or error status: 0.
Information,12/26/2022 11:15:13 AM,MsiInstaller,1035,None,Windows Installer reconfigured the product. Product Name: Microsoft Update Health Tools. Product Version: 5.68.0.0. Product Language: 0. Manufacturer: Microsoft Corporation. Reconfiguration success or error status: 0.
Information,12/26/2022 11:15:13 AM,MsiInstaller,1035,None,Windows Installer reconfigured the product. Product Name: Microsoft .NET Runtime - 5.0.17 (x86). Product Version: 40.68.31213. Product Language: 1033. Manufacturer: Microsoft Corporation. Reconfiguration success or error status: 0.
Information,12/26/2022 11:15:13 AM,MsiInstaller,1035,None,Windows Installer reconfigured the product. Product Name: Amazon Redshift ODBC Driver 64-bit. Product Version: 1.3.7.1000. Product Language: 1033. Manufacturer: Amazon Corporate LLC. Reconfiguration success or error status: 0.
Information,12/26/2022 11:15:13 AM,MsiInstaller,1035,None,Windows Installer reconfigured the product. Product Name: Kaspersky Internet Security. Product Version: 21.3.10.391. Product Language: 1046. Manufacturer: Kaspersky. Reconfiguration success or error status: 0.
Information,12/26/2022 11:15:13 AM,MsiInstaller,1035,None,Windows Installer reconfigured the product. Product Name: Microsoft .NET Host - 5.0.17 (x86). Product Version: 40.68.31213. Product Language: 1033. Manufacturer: Microsoft Corporation. Reconfiguration success or error status: 0.
Information,12/26/2022 11:15:13 AM,MsiInstaller,1035,None,Windows Installer reconfigured the product. Product Name: Intel(R) LMS. Product Version: 1.0.0.0. Product Language: 1033. Manufacturer: Intel Corporation. Reconfiguration success or error status: 0.
Information,12/26/2022 11:15:13 AM,MsiInstaller,1035,None,Windows Installer reconfigured the product. Product Name: Kaspersky VPN. Product Version: 21.3.10.391. Product Language: 1046. Manufacturer: Kaspersky. Reconfiguration success or error status: 0.
Information,12/26/2022 11:15:13 AM,MsiInstaller,1035,None,Windows Installer reconfigured the product. Product Name: Dell SupportAssist OS Recovery Plugin for Dell Update. Product Version: 5.5.4.16189. Product Language: 1033. Manufacturer: Dell Inc.. Reconfiguration success or error status: 0.
Information,12/26/2022 11:15:13 AM,MsiInstaller,1035,None,Windows Installer reconfigured the product. Product Name: Microsoft Windows Desktop Runtime - 5.0.17 (x86). Product Version: 40.68.31219. Product Language: 1033. Manufacturer: Microsoft Corporation. Reconfiguration success or error status: 0.
Information,12/26/2022 11:15:13 AM,MsiInstaller,1035,None,Windows Installer reconfigured the product. Product Name: Dynamic Application Loader Host Interface Service. Product Version: 1.0.0.0. Product Language: 1033. Manufacturer: Intel Corporation. Reconfiguration success or error status: 0.
Information,12/26/2022 11:15:13 AM,MsiInstaller,1035,None,Windows Installer reconfigured the product. Product Name: Microsoft Visual C++ 2013 x64 Minimum Runtime - 12.0.40649. Product Version: 12.0.40649. Product Language: 1033. Manufacturer: Microsoft Corporation. Reconfiguration success or error status: 0.
Information,12/26/2022 11:15:13 AM,MsiInstaller,1035,None,Windows Installer reconfigured the product. Product Name: Intel(R) Management Engine Components. Product Version: 1.0.0.0. Product Language: 1033. Manufacturer: Intel Corporation. Reconfiguration success or error status: 0.
Information,12/26/2022 11:15:13 AM,MsiInstaller,1035,None,Windows Installer reconfigured the product. Product Name: Microsoft Visual C++ 2017 x64 Minimum Runtime - 14.15.26706. Product Version: 14.15.26706. Product Language: 1033. Manufacturer: Microsoft Corporation. Reconfiguration success or error status: 0.
Information,12/26/2022 11:15:13 AM,MsiInstaller,1035,None,Windows Installer reconfigured the product. Product Name: Dell SupportAssist Remediation. Product Version: 5.5.5.16206. Product Language: 1033. Manufacturer: Dell Inc.. Reconfiguration success or error status: 0.
Information,12/26/2022 11:15:13 AM,MsiInstaller,1035,None,Windows Installer reconfigured the product. Product Name: Microsoft .NET Host FX Resolver - 6.0.9 (x64). Product Version: 48.39.47157. Product Language: 1033. Manufacturer: Microsoft Corporation. Reconfiguration success or error status: 0.
Information,12/26/2022 11:15:13 AM,MsiInstaller,1035,None,Windows Installer reconfigured the product. Product Name: Microsoft ODBC Driver 17 for SQL Server. Product Version: 17.1.0.1. Product Language: 1033. Manufacturer: Microsoft Corporation. Reconfiguration success or error status: 0.
Information,12/26/2022 11:15:13 AM,MsiInstaller,1035,None,Windows Installer reconfigured the product. Product Name: Intel(R) Management Engine Driver. Product Version: 1.0.0.0. Product Language: 1033. Manufacturer: Intel Corporation. Reconfiguration success or error status: 0.
Information,12/26/2022 11:15:13 AM,MsiInstaller,1035,None,Windows Installer reconfigured the product. Product Name: psqlODBC_x64. Product Version: 09.06.0504. Product Language: 1033. Manufacturer: PostgreSQL Global Development Group. Reconfiguration success or error status: 0.
Information,12/26/2022 11:15:12 AM,MsiInstaller,1035,None,Windows Installer reconfigured the product. Product Name: Microsoft Visual C++ 2017 x64 Additional Runtime - 14.15.26706. Product Version: 14.15.26706. Product Language: 1033. Manufacturer: Microsoft Corporation. Reconfiguration success or error status: 0.
Information,12/26/2022 11:08:24 AM,VSS,8224,None,The VSS service is shutting down due to idle timeout. 
Information,12/26/2022 11:05:38 AM,Microsoft-Windows-System-Restore,8302,None,Scoping successfully completed for shadowcopy \\?\GLOBALROOT\Device\HarddiskVolumeShadowCopy5.
Information,12/26/2022 11:05:38 AM,Microsoft-Windows-System-Restore,8301,None,Scoping completed for shadowcopy \\?\GLOBALROOT\Device\HarddiskVolumeShadowCopy5.
Information,12/26/2022 11:05:22 AM,Microsoft-Windows-System-Restore,8300,None,Scoping started for shadowcopy \\?\GLOBALROOT\Device\HarddiskVolumeShadowCopy5.
Information,12/26/2022 11:05:22 AM,System Restore,8194,None,"Successfully created restore point (Process = ""C:\WINDOWS\system32\systempropertiesprotection.exe"" ; Description = Pronto!!!!)."
Information,12/26/2022 10:49:16 AM,Microsoft-Windows-Security-SPP,16384,None,Successfully scheduled Software Protection service for re-start at 2122-12-02T13:49:16Z. Reason: RulesEngine.
Information,12/26/2022 10:48:46 AM,Microsoft-Windows-Security-SPP,16394,None,Offline downlevel migration succeeded.
Information,12/26/2022 10:42:18 AM,igfxCUIService2.0.0.0,0,None,The operation completed successfully. 
Information,12/26/2022 10:42:18 AM,igfxCUIService2.0.0.0,0,None,The operation completed successfully. 
Information,12/26/2022 10:42:18 AM,igfxCUIService2.0.0.0,0,None,The operation completed successfully. 
Information,12/26/2022 10:42:18 AM,Microsoft-Windows-Winlogon,6000,None,The winlogon notification subscriber <SessionEnv> was unavailable to handle a notification event.
Information,12/26/2022 10:42:17 AM,Microsoft-Windows-Winlogon,6003,None,The winlogon notification subscriber <SessionEnv> was unavailable to handle a critical notification event.
Information,12/26/2022 10:41:53 AM,Microsoft-Windows-Security-SPP,903,None,"The Software Protection service has stopped.
"
Information,12/26/2022 10:41:53 AM,Microsoft-Windows-Security-SPP,16384,None,Successfully scheduled Software Protection service for re-start at 2122-12-02T13:41:53Z. Reason: RulesEngine.
Information,12/26/2022 10:41:24 AM,DDVCollectorSvcApi,0,None,The operation completed successfully. 
Information,12/26/2022 10:41:23 AM,Microsoft-Windows-Security-SPP,902,None,"The Software Protection service has started.
10.0.22621.963"
Information,12/26/2022 10:41:23 AM,Microsoft-Windows-Search,1003,Search service,The Windows Search Service started.

Information,12/26/2022 10:41:23 AM,Microsoft-Windows-Security-SPP,1003,None,"The Software Protection service has completed licensing status check.
Application Id=55c92734-d682-4d71-983e-d6ec3f16059f
Licensing Status=
1: 040fa323-92b1-4baf-97a2-5b67feaefddb, 1, 0 [(0 [0xC004F014, 0, 0], [(?)(?)(?)(?)(?)(?)(?)(?)])(1 )(2 )(3 )]
2: 0724cb7d-3437-4cb7-93cb-830375d0079d, 1, 0 [(0 [0xC004F014, 0, 0], [(?)(?)(?)(?)(?)(?)(?)(?)])(1 )(2 )(3 )]
3: 0ad2ac98-7bb9-4201-8d92-312299201369, 1, 0 [(0 [0xC004F014, 0, 0], [(?)(?)(?)(?)(?)(?)(?)(?)])(1 )(2 )(3 )]
4: 1a9a717a-cf13-4ba5-83c3-0fe25fa868d5, 1, 0 [(0 [0xC004F014, 0, 0], [(?)(?)(?)(?)(?)(?)(?)(?)])(1 )(2 )(3 )]
5: 221a02da-e2a1-4b75-864c-0a4410a33fdf, 1, 0 [(0 [0xC004F014, 0, 0], [(?)(?)(?)(?)(?)(?)(?)(?)])(1 )(2 )(3 )]
6: 291ece0e-9c38-40ca-a9e1-32cc7ec19507, 1, 0 [(0 [0xC004F014, 0, 0], [(?)(?)(?)(?)(?)(?)(?)(?)])(1 )(2 )(3 )]
7: 2936d1d2-913a-4542-b54e-ce5a602a2a38, 1, 0 [(0 [0xC004F014, 0, 0], [(?)(?)(?)(?)(?)(?)(?)(?)])(1 )(2 )(3 )]
8: 2c293c26-a45a-4a2a-a350-c69a67097529, 1, 0 [(0 [0xC004F014, 0, 0], [(?)(?)(?)(?)(?)(?)(?)(?)])(1 )(2 )(3 )]
9: 2de67392-b7a7-462a-b1ca-108dd189f588, 1, 0 [(0 [0xC004F014, 0, 0], [(?)(?)(?)(?)(?)(?)(?)(?)])(1 )(2 )(3 )]
10: 2ffd8952-423e-4903-b993-72a1aa44cf82, 1, 0 [(0 [0xC004F014, 0, 0], [(?)(?)(?)(?)(?)(?)(?)(?)])(1 )(2 )(3 )]
11: 30a42c86-b7a0-4a34-8c90-ff177cb2acb7, 1, 0 [(0 [0xC004F014, 0, 0], [(?)(?)(?)(?)(?)(?)(?)(?)])(1 )(2 )(3 )]
12: 345a5db0-d94f-4e3b-a0c0-7c42f7bc3ebf, 1, 0 [(0 [0xC004F014, 0, 0], [(?)(?)(?)(?)(?)(?)(?)(?)])(1 )(2 )(3 )]
13: 3502365a-f88a-4ba4-822a-5769d3073b65, 1, 0 [(0 [0xC004F014, 0, 0], [(?)(?)(?)(?)(?)(?)(?)(?)])(1 )(2 )(3 )]
14: 377333b1-8b5d-48d6-9679-1225c872d37c, 1, 0 [(0 [0xC004F014, 0, 0], [(?)(?)(?)(?)(?)(?)(?)(?)])(1 )(2 )(3 )]
15: 3df374ef-d444-4494-a5a1-4b0d9fd0e203, 1, 0 [(0 [0xC004F014, 0, 0], [(?)(?)(?)(?)(?)(?)(?)(?)])(1 )(2 )(3 )]
16: 3f1afc82-f8ac-4f6c-8005-1d233e606eee, 1, 0 [(0 [0xC004F014, 0, 0], [(?)(?)(?)(?)(?)(?)(?)(?)])(1 )(2 )(3 )]
17: 49cd895b-53b2-4dc4-a5f7-b18aa019ad37, 1, 0 [(0 [0xC004F014, 0, 0], [(?)(?)(?)(?)(?)(?)(?)(?)])(1 )(2 )(3 )]
18: 4de7cb65-cdf1-4de9-8ae8-e3cce27b9f2c, 1, 0 [(0 [0xC004F014, 0, 0], [(?)(?)(?)(?)(?)(?)(?)(?)])(1 )(2 )(3 )]
19: 4f3da0d2-271d-4508-ae81-626b60809a38, 1, 0 [(0 [0xC004F014, 0, 0], [(?)(?)(?)(?)(?)(?)(?)(?)])(1 )(2 )(3 )]
20: 5d78c4e9-aeb3-4b40-8ac2-6a6005e0ad6d, 1, 0 [(0 [0xC004F014, 0, 0], [(?)(?)(?)(?)(?)(?)(?)(?)])(1 )(2 )(3 )]
21: 60b3ec1b-9545-4921-821f-311b129dd6f6, 1, 0 [(0 [0xC004F014, 0, 0], [(?)(?)(?)(?)(?)(?)(?)(?)])(1 )(2 )(3 )]
22: 613d217f-7f13-4268-9907-1662339531cd, 1, 0 [(0 [0xC004F014, 0, 0], [(?)(?)(?)(?)(?)(?)(?)(?)])(1 )(2 )(3 )]
23: 62f0c100-9c53-4e02-b886-a3528ddfe7f6, 1, 0 [(0 [0xC004F014, 0, 0], [(?)(?)(?)(?)(?)(?)(?)(?)])(1 )(2 )(3 )]
24: 6365275e-368d-46ca-a0ef-fc0404119333, 1, 0 [(0 [0xC004F014, 0, 0], [(?)(?)(?)(?)(?)(?)(?)(?)])(1 )(2 )(3 )]
25: 721f9237-9341-4453-a661-09e8baa6cca5, 1, 0 [(0 [0xC004F014, 0, 0], [(?)(?)(?)(?)(?)(?)(?)(?)])(1 )(2 )(3 )]
26: 73111121-5638-40f6-bc11-f1d7b0d64300, 1, 0 [(0 [0xC004F014, 0, 0], [(?)(?)(?)(?)(?)(?)(?)(?)])(1 )(2 )(3 )]
27: 7a802526-4c94-4bd1-ba14-835a1aca2120, 1, 0 [(0 [0xC004F014, 0, 0], [(?)(?)(?)(?)(?)(?)(?)(?)])(1 )(2 )(3 )]
28: 7cb546c0-c7d5-44d8-9a5c-69ecdd782b69, 1, 0 [(0 [0xC004F014, 0, 0], [(?)(?)(?)(?)(?)(?)(?)(?)])(1 )(2 )(3 )]
29: 82bbc092-bc50-4e16-8e18-b74fc486aec3, 1, 0 [(0 [0xC004F014, 0, 0], [(?)(?)(?)(?)(?)(?)(?)(?)])(1 )(2 )(3 )]
30: 8ab9bdd1-1f67-4997-82d9-8878520837d9, 1, 0 [(0 [0xC004F014, 0, 0], [(?)(?)(?)(?)(?)(?)(?)(?)])(1 )(2 )(3 )]
31: 8b351c9c-f398-4515-9900-09df49427262, 1, 0 [(0 [0xC004F014, 0, 0], [(?)(?)(?)(?)(?)(?)(?)(?)])(1 )(2 )(3 )]
32: 90da7373-1c51-430b-bf26-c97e9c5cdc31, 1, 0 [(0 [0xC004F014, 0, 0], [(?)(?)(?)(?)(?)(?)(?)(?)])(1 )(2 )(3 )]
33: 92fb8726-92a8-4ffc-94ce-f82e07444653, 1, 0 [(0 [0xC004F014, 0, 0], [(?)(?)(?)(?)(?)(?)(?)(?)])(1 )(2 )(3 )]
34: 95dca82f-385d-4d39-b85b-5c73fa285d6f, 1, 0 [(0 [0xC004F014, 0, 0], [(?)(?)(?)(?)(?)(?)(?)(?)])(1 )(2 )(3 )]
35: a48938aa-62fa-4966-9d44-9f04da3f72f2, 1, 0 [(0 [0xC004F014, 0, 0], [(?)(?)(?)(?)(?)(?)(?)(?)])(1 )(2 )(3 )]
36: b0773a15-df3a-4312-9ad2-83d69648e356, 1, 0 [(0 [0xC004F014, 0, 0], [(?)(?)(?)(?)(?)(?)(?)(?)])(1 )(2 )(3 )]
37: b4bfe195-541e-4e64-ad23-6177f19e395e, 1, 0 [(0 [0xC004F014, 0, 0], [(?)(?)(?)(?)(?)(?)(?)(?)])(1 )(2 )(3 )]
38: b68e61d2-68ca-4757-be45-0cc2f3e68eee, 1, 0 [(0 [0xC004F014, 0, 0], [(?)(?)(?)(?)(?)(?)(?)(?)])(1 )(2 )(3 )]
39: bd3762d7-270d-4760-8fb3-d829ca45278a, 1, 1 [(0 )(1 )(2 [0x00000000, 1, 0], [(?)( 1 0x00000000)(?)(?)(?)(?)( 10 0x00000000 msft:rm/algorithm/flags/1.0)(?)])(3 )]
40: c86d5194-4840-4dae-9c1c-0301003a5ab0, 1, 0 [(0 [0xC004F014, 0, 0], [(?)(?)(?)(?)(?)(?)(?)(?)])(1 )(2 )(3 )]
41: ca7df2e3-5ea0-47b8-9ac1-b1be4d8edd69, 1, 0 [(0 [0xC004F014, 0, 0], [(?)(?)(?)(?)(?)(?)(?)(?)])(1 )(2 )(3 )]
42: d552befb-48cc-4327-8f39-47d2d94f987c, 1, 0 [(0 [0xC004F014, 0, 0], [(?)(?)(?)(?)(?)(?)(?)(?)])(1 )(2 )(3 )]
43: d6eadb3b-5ca8-4a6b-986e-35b550756111, 1, 0 [(0 [0xC004F014, 0, 0], [(?)(?)(?)(?)(?)(?)(?)(?)])(1 )(2 )(3 )]
44: df96023b-dcd9-4be2-afa0-c6c871159ebe, 1, 0 [(0 [0xC004F014, 0, 0], [(?)(?)(?)(?)(?)(?)(?)(?)])(1 )(2 )(3 )]
45: e0c42288-980c-4788-a014-c080d2e1926e, 1, 0 [(0 [0xC004F014, 0, 0], [(?)(?)(?)(?)(?)(?)(?)(?)])(1 )(2 )(3 )]
46: e4db50ea-bda1-4566-b047-0ca50abc6f07, 1, 0 [(0 [0xC004F014, 0, 0], [(?)(?)(?)(?)(?)(?)(?)(?)])(1 )(2 )(3 )]
47: e558417a-5123-4f6f-91e7-385c1c7ca9d4, 1, 0 [(0 [0xC004F014, 0, 0], [(?)(?)(?)(?)(?)(?)(?)(?)])(1 )(2 )(3 )]
48: e7a950a2-e548-4f10-bf16-02ec848e0643, 1, 0 [(0 [0xC004F014, 0, 0], [(?)(?)(?)(?)(?)(?)(?)(?)])(1 )(2 )(3 )]
49: eb6d346f-1c60-4643-b960-40ec31596c45, 1, 0 [(0 [0xC004F014, 0, 0], [(?)(?)(?)(?)(?)(?)(?)(?)])(1 )(2 )(3 )]
50: ec868e65-fadf-4759-b23e-93fe37f2cc29, 1, 0 [(0 [0xC004F014, 0, 0], [(?)(?)(?)(?)(?)(?)(?)(?)])(1 )(2 )(3 )]
51: ef51e000-2659-4f25-8345-3de70a9cf4c4, 1, 0 [(0 [0xC004F014, 0, 0], [(?)(?)(?)(?)(?)(?)(?)(?)])(1 )(2 )(3 )]
52: f7af7d09-40e4-419c-a49b-eae366689ebd, 1, 0 [(0 [0xC004F014, 0, 0], [(?)(?)(?)(?)(?)(?)(?)(?)])(1 )(2 )(3 )]
53: fa755fe6-6739-40b9-8d84-6d0ea3b6d1ab, 1, 0 [(0 [0xC004F014, 0, 0], [(?)(?)(?)(?)(?)(?)(?)(?)])(1 )(2 )(3 )]
54: fe74f55b-0338-41d6-b267-4a201abe7285, 1, 0 [(0 [0xC004F014, 0, 0], [(?)(?)(?)(?)(?)(?)(?)(?)])(1 )(2 )(3 )]

"
Information,12/26/2022 10:41:23 AM,Microsoft-Windows-Security-SPP,1066,None,"Initialization status for service objects.
C:\WINDOWS\system32\sppwinob.dll, msft:spp/windowsfunctionality/agent/7.0, 0x00000000, 0x00000000
C:\WINDOWS\system32\sppobjs.dll, msft:rm/algorithm/inherited/1.0, 0x00000000, 0x00000000
C:\WINDOWS\system32\sppobjs.dll, msft:rm/algorithm/phone/1.0, 0x00000000, 0x00000000
C:\WINDOWS\system32\sppobjs.dll, msft:rm/algorithm/pkey/detect, 0x00000000, 0x00000000
C:\WINDOWS\system32\sppobjs.dll, msft:spp/ActionScheduler/1.0, 0x00000000, 0x00000000
C:\WINDOWS\system32\sppobjs.dll, msft:spp/TaskScheduler/1.0, 0x00000000, 0x00000000
C:\WINDOWS\system32\sppobjs.dll, msft:spp/statecollector/pkey, 0x00000000, 0x00000000
C:\WINDOWS\system32\sppobjs.dll, msft:spp/volume/services/kms/1.0, 0x00000000, 0x00000000
C:\WINDOWS\system32\sppobjs.dll, msft:spp/volume/services/kms/activationinfo/1.0, 0x00000000, 0x00000000
"
Information,12/26/2022 10:41:22 AM,Microsoft-Windows-Security-SPP,16394,None,Offline downlevel migration succeeded.
Information,12/26/2022 10:41:21 AM,Microsoft-Windows-Security-SPP,900,None,"The Software Protection service is starting.
Parameters:<explicit>"
Information,12/26/2022 10:41:19 AM,edgeupdate,0,None,Service stopped.
Information,12/26/2022 10:41:19 AM,DellTechHub,0,None,Service started successfully.
Information,12/26/2022 10:41:18 AM,DellClientManagementService,0,None,Service started successfully.
Information,12/26/2022 10:41:07 AM,SecurityCenter,15,None,Updated Kaspersky Internet Security status successfully to SECURITY_PRODUCT_STATE_ON.
Information,12/26/2022 10:41:07 AM,SecurityCenter,15,None,Updated Kaspersky Internet Security status successfully to SECURITY_PRODUCT_STATE_ON.
Information,12/26/2022 10:41:07 AM,Dell SupportAssist Remediation,0,None,Service started successfully.
Information,12/26/2022 10:41:06 AM,SecurityCenter,1,None,The Windows Security Center Service has started.
Warning,12/26/2022 10:39:02 AM,Microsoft-Windows-WMI,63,None,"A provider, IntelMEProv, has been registered in the Windows Management Instrumentation namespace root\Intel_ME to use the LocalSystem account. This account is privileged and the provider may cause a security violation if it does not correctly impersonate user requests."
Warning,12/26/2022 10:39:02 AM,Microsoft-Windows-WMI,63,None,"A provider, IntelMEProv, has been registered in the Windows Management Instrumentation namespace root\Intel_ME to use the LocalSystem account. This account is privileged and the provider may cause a security violation if it does not correctly impersonate user requests."
Warning,12/26/2022 10:39:02 AM,Microsoft-Windows-WMI,63,None,"A provider, IntelMEProv, has been registered in the Windows Management Instrumentation namespace root\Intel_ME to use the LocalSystem account. This account is privileged and the provider may cause a security violation if it does not correctly impersonate user requests."
Information,12/26/2022 10:39:02 AM,WMIRegistrationService,2,None,Intel(R) WMI Registration Service has successfully finished WMI Registration.
Information,12/26/2022 10:39:02 AM,igccservice,0,None,Service started successfully.
Information,12/26/2022 10:39:01 AM,Microsoft-Windows-WMI,5617,None,Windows Management Instrumentation Service subsystems initialized successfully
Information,12/26/2022 10:39:00 AM,Microsoft-Windows-WMI,5615,None,Windows Management Instrumentation Service started sucessfully
Information,12/26/2022 10:39:00 AM,WMIRegistrationService,0,None,Intel(R) WMI Registration Service started.
Information,12/26/2022 10:39:00 AM,IntelDalJhi,0,None,Intel(R) Dynamic Application Loader Host Interface Service started.
Information,12/26/2022 10:39:00 AM,RtkAudioUniversalService,0,None,The operation completed successfully. 
Information,12/26/2022 10:38:59 AM,Microsoft-Windows-User Profiles Service,1531,None,"The User Profile Service has started successfully.  

"
Information,12/26/2022 10:38:35 AM,Microsoft-Windows-User Profiles Service,1532,None,"The User Profile Service has stopped.  

"
Error,12/26/2022 10:38:35 AM,VSS,8193,None,"Volume Shadow Copy Service error: Unexpected error calling routine CoCreateInstance.  hr = 0x8007045b, A system shutdown is in progress.
. "
Error,12/26/2022 10:38:35 AM,VSS,13,None,"Volume Shadow Copy Service information: The COM Server with CLSID {4e14fba2-2e22-11d1-9964-00c04fbbb345} and name CEventSystem cannot be started. [0x8007045b, A system shutdown is in progress.
] "
Information,12/26/2022 10:38:35 AM,RtkAudioUniversalService,0,None,The operation completed successfully. 
Information,12/26/2022 10:38:35 AM,igccservice,0,None,Service has been successfully shut down.
Information,12/26/2022 10:38:30 AM,Microsoft-Windows-Winlogon,6000,None,The winlogon notification subscriber <SessionEnv> was unavailable to handle a notification event.
Information,12/26/2022 10:38:30 AM,Microsoft-Windows-Winlogon,6000,None,The winlogon notification subscriber <WSearch> was unavailable to handle a notification event.
Information,12/26/2022 10:38:30 AM,igfxCUIService2.0.0.0,0,None,The operation completed successfully. 
Information,12/26/2022 10:38:30 AM,igfxCUIService2.0.0.0,0,None,The operation completed successfully. 
Information,12/26/2022 10:38:29 AM,Microsoft-Windows-Winsrv,10002,None,The following application was terminated because it was hung: Intel-HD-Graphics-Driver_JPJ92_WIN_27.20.100.9664_A05.EXE.
Information,12/26/2022 10:38:17 AM,igfxCUIService2.0.0.0,0,None,The operation completed successfully. 
Information,12/26/2022 10:38:15 AM,igfxCUIService2.0.0.0,0,None,The operation completed successfully. 
Information,12/26/2022 10:38:14 AM,igfxCUIService2.0.0.0,0,None,The operation completed successfully. 
Information,12/26/2022 10:35:00 AM,VSS,8224,None,The VSS service is shutting down due to idle timeout. 
Error,12/26/2022 10:32:00 AM,VSS,8194,None,"Volume Shadow Copy Service error: Unexpected error querying for the IVssWriterCallback interface.  hr = 0x80070005, Access is denied.
. This is often caused by incorrect security settings in either the writer or requestor process. 

Operation:
   Gathering Writer Data

Context:
   Writer Class Id: {e8132975-6f93-4464-a53e-1050253ae220}
   Writer Name: System Writer
   Writer Instance ID: {3c62aed3-276f-4ca0-9e28-d24c1f46985c}"
Information,12/26/2022 10:32:00 AM,SDSSnapshotProcess,278,(6),"The description for Event ID 278 from source SDSSnapshotProcess cannot be found. Either the component that raises this event is not installed on your local computer or the installation is corrupted. You can install or repair the component on the local computer.

If the event originated on another computer, the display information had to be saved with the event.

The following information was included with the event: 


The system cannot find the file specified
"
Information,12/26/2022 10:22:59 AM,SDSSnapshotProcess,276,(4),"The description for Event ID 276 from source SDSSnapshotProcess cannot be found. Either the component that raises this event is not installed on your local computer or the installation is corrupted. You can install or repair the component on the local computer.

If the event originated on another computer, the display information had to be saved with the event.

The following information was included with the event: 


The system cannot find the file specified
"
Information,12/26/2022 10:22:57 AM,SDSSnapshotProcess,272,(3),"The description for Event ID 272 from source SDSSnapshotProcess cannot be found. Either the component that raises this event is not installed on your local computer or the installation is corrupted. You can install or repair the component on the local computer.

If the event originated on another computer, the display information had to be saved with the event.

The following information was included with the event: 


The system cannot find the file specified
"
Information,12/26/2022 10:22:20 AM,SDSSnapshotProcess,264,(2),"The description for Event ID 264 from source SDSSnapshotProcess cannot be found. Either the component that raises this event is not installed on your local computer or the installation is corrupted. You can install or repair the component on the local computer.

If the event originated on another computer, the display information had to be saved with the event.

The following information was included with the event: 


The system cannot find the file specified
"
Information,12/26/2022 10:22:16 AM,SDSSnapshotProcess,274,(4),"The description for Event ID 274 from source SDSSnapshotProcess cannot be found. Either the component that raises this event is not installed on your local computer or the installation is corrupted. You can install or repair the component on the local computer.

If the event originated on another computer, the display information had to be saved with the event.

The following information was included with the event: 


The system cannot find the file specified
"
Error,12/26/2022 10:22:14 AM,VSS,8194,None,"Volume Shadow Copy Service error: Unexpected error querying for the IVssWriterCallback interface.  hr = 0x80070005, Access is denied.
. This is often caused by incorrect security settings in either the writer or requestor process. 

Operation:
   Gathering Writer Data

Context:
   Writer Class Id: {e8132975-6f93-4464-a53e-1050253ae220}
   Writer Name: System Writer
   Writer Instance ID: {3c62aed3-276f-4ca0-9e28-d24c1f46985c}"
Information,12/26/2022 10:22:14 AM,SDSSnapshotProcess,256,(1),"The description for Event ID 256 from source SDSSnapshotProcess cannot be found. Either the component that raises this event is not installed on your local computer or the installation is corrupted. You can install or repair the component on the local computer.

If the event originated on another computer, the display information had to be saved with the event.

The following information was included with the event: 


The system cannot find the file specified
"
Information,12/26/2022 10:13:17 AM,Microsoft-Windows-Security-SPP,16384,None,Successfully scheduled Software Protection service for re-start at 2122-12-02T13:13:17Z. Reason: RulesEngine.
Information,12/26/2022 10:12:45 AM,Microsoft-Windows-Security-SPP,16394,None,Offline downlevel migration succeeded.
Information,12/26/2022 10:09:37 AM,VSS,8224,None,The VSS service is shutting down due to idle timeout. 
Information,12/26/2022 10:07:38 AM,Windows Error Reporting,1001,None,"Fault bucket 1453482546453235725, type 5
Event Name: RADAR_PRE_LEAK_64
Response: Not available
Cab Id: 0

Problem signature:
P1: SupportAssistAgent.exe
P2: 3.13.0.236
P3: 10.0.22621.2.0.0
P4: 
P5: 
P6: 
P7: 
P8: 
P9: 
P10: 

Attached files:
\\?\C:\Users\ozeas\AppData\Local\Temp\RDR529B.tmp\empty.txt
\\?\C:\ProgramData\Microsoft\Windows\WER\Temp\WER.8129d12f-41fe-40fe-87f7-43325e644d03.tmp.WERInternalMetadata.xml
\\?\C:\ProgramData\Microsoft\Windows\WER\Temp\WER.dcd7ce39-c4bc-42b8-8c74-373bf554bfba.tmp.csv
\\?\C:\ProgramData\Microsoft\Windows\WER\Temp\WER.dafe0c14-b2b8-4c75-b438-51760abee783.tmp.txt
\\?\C:\ProgramData\Microsoft\Windows\WER\Temp\WER.7f8ea3fb-094d-4525-ac1e-4c03588b4c3b.tmp.xml

These files may be available here:
NULL

Analysis symbol: 
Rechecking for solution: 0
Report Id: d0710bd1-d0a0-48b3-978e-ebc1c2ae5ccc
Report Status: 268435456
Hashed bucket: 506c8c692c225a72a42bceacd493480d
Cab Guid: 0"
Information,12/26/2022 10:07:14 AM,edgeupdate,0,None,Service stopped.
Information,12/26/2022 10:07:08 AM,Windows Error Reporting,1001,None,"Fault bucket 1949010346616488947, type 5
Event Name: MoAppCrash
Response: Not available
Cab Id: 0

Problem signature:
P1: DellInc.DellSupportAssistforPCs_3.13.5.0_x64__htrsf667h5kn2
P2: praid:App
P3: 10.0.22621.1
P4: 004687c2
P5: combase.dll
P6: 10.0.22621.900
P7: 622991f2
P8: 80070020
P9: 00000000000918bb
P10: 

Attached files:
\\?\C:\ProgramData\Microsoft\Windows\WER\Temp\WER.97cb4bc3-8f92-43b1-8015-258e3ea95459.tmp.WERInternalMetadata.xml

These files may be available here:
\\?\C:\ProgramData\Microsoft\Windows\WER\ReportArchive\AppCrash_DellInc.DellSupp_4ccf2dbc55ed95d84da36f83bfc6af6ada85160_1ebf6a06_17c1895e-855a-4f1b-99b2-ac89a42543b1

Analysis symbol: 
Rechecking for solution: 0
Report Id: 4dc0a536-fda0-463e-bee2-858320a876aa
Report Status: 268435456
Hashed bucket: 5d32bdfa90b58f9c1b0c46957da303f3
Cab Guid: 0"
Information,12/26/2022 10:07:04 AM,Windows Error Reporting,1001,None,"Fault bucket , type 0
Event Name: MoAppCrash
Response: Not available
Cab Id: 0

Problem signature:
P1: DellInc.DellSupportAssistforPCs_3.13.5.0_x64__htrsf667h5kn2
P2: praid:App
P3: 10.0.22621.1
P4: 004687c2
P5: combase.dll
P6: 10.0.22621.900
P7: 622991f2
P8: 80070020
P9: 00000000000918bb
P10: 

Attached files:

These files may be available here:
\\?\C:\ProgramData\Microsoft\Windows\WER\ReportQueue\AppCrash_DellInc.DellSupp_4ccf2dbc55ed95d84da36f83bfc6af6ada85160_1ebf6a06_17c1895e-855a-4f1b-99b2-ac89a42543b1

Analysis symbol: 
Rechecking for solution: 0
Report Id: 4dc0a536-fda0-463e-bee2-858320a876aa
Report Status: 4
Hashed bucket: 
Cab Guid: 0"
Error,12/26/2022 10:07:02 AM,Application Error,1000,Application Crashing Events,"Faulting application name: backgroundTaskHost.exe, version: 10.0.22621.1, time stamp: 0x004687c2
Faulting module name: twinapi.appcore.dll, version: 10.0.22621.755, time stamp: 0x29c0c66b
Exception code: 0xc000027b
Fault offset: 0x000000000010c85e
Faulting process id: 0x0x35AC
Faulting application start time: 0x0x1D9192AEE5BA803
Faulting application path: C:\WINDOWS\system32\backgroundTaskHost.exe
Faulting module path: C:\Windows\System32\twinapi.appcore.dll
Report Id: 4dc0a536-fda0-463e-bee2-858320a876aa
Faulting package full name: DellInc.DellSupportAssistforPCs_3.13.5.0_x64__htrsf667h5kn2
Faulting package-relative application ID: App"
Information,12/26/2022 10:06:48 AM,igfxCUIService2.0.0.0,0,None,The operation completed successfully. 
Information,12/26/2022 10:06:47 AM,Microsoft-Windows-Winlogon,6000,None,The winlogon notification subscriber <SessionEnv> was unavailable to handle a notification event.
Information,12/26/2022 10:06:47 AM,igfxCUIService2.0.0.0,0,None,The operation completed successfully. 
Information,12/26/2022 10:06:47 AM,igfxCUIService2.0.0.0,0,None,The operation completed successfully. 
Information,12/26/2022 10:06:47 AM,Microsoft-Windows-Winlogon,6003,None,The winlogon notification subscriber <SessionEnv> was unavailable to handle a critical notification event.
Information,12/26/2022 10:06:47 AM,DellTechHub,0,None,PowerEvent handled successfully by the service.
Information,12/26/2022 10:06:47 AM,igccservice,0,None,PowerEvent handled successfully by the service.
Information,12/26/2022 10:06:47 AM,Dell SupportAssist Remediation,0,None,PowerEvent handled successfully by the service.
Information,12/26/2022 10:06:46 AM,DellTechHub,0,None,PowerEvent handled successfully by the service.
Information,12/26/2022 10:06:46 AM,igccservice,0,None,PowerEvent handled successfully by the service.
Information,12/26/2022 10:06:46 AM,Dell SupportAssist Remediation,0,None,PowerEvent handled successfully by the service.
Information,12/26/2022 1:07:52 AM,DellTechHub,0,None,PowerEvent handled successfully by the service.
Information,12/26/2022 1:07:52 AM,igccservice,0,None,PowerEvent handled successfully by the service.
Information,12/26/2022 1:07:52 AM,Dell SupportAssist Remediation,0,None,PowerEvent handled successfully by the service.
Information,12/26/2022 1:07:51 AM,Microsoft-Windows-Winlogon,6000,None,The winlogon notification subscriber <SessionEnv> was unavailable to handle a notification event.
Information,12/26/2022 1:07:51 AM,Microsoft-Windows-Winlogon,6000,None,The winlogon notification subscriber <WSearch> was unavailable to handle a notification event.
Information,12/26/2022 1:07:51 AM,igfxCUIService2.0.0.0,0,None,The operation completed successfully. 
Information,12/26/2022 1:07:51 AM,igfxCUIService2.0.0.0,0,None,The operation completed successfully. 
Information,12/26/2022 1:07:50 AM,Desktop Window Manager,9027,None,The Desktop Window Manager has registered the session port.
Information,12/26/2022 1:07:42 AM,Microsoft-Windows-System-Restore,8300,None,Scoping started for shadowcopy \\?\GLOBALROOT\Device\HarddiskVolumeShadowCopy4.
Information,12/26/2022 1:07:42 AM,System Restore,8194,None,"Successfully created restore point (Process = ""C:\WINDOWS\system32\systempropertiesprotection.exe"" ; Description = PRONTO)."
Information,12/26/2022 12:55:13 AM,Microsoft-Windows-Security-SPP,16384,None,Successfully scheduled Software Protection service for re-start at 2122-12-02T03:55:13Z. Reason: RulesEngine.
Information,12/26/2022 12:54:43 AM,Microsoft-Windows-Security-SPP,16394,None,Offline downlevel migration succeeded.
Information,12/26/2022 12:53:10 AM,MsiInstaller,1035,None,Windows Installer reconfigured the product. Product Name: Kaspersky Password Manager. Product Version: 10.2.0.341. Product Language: 1046. Manufacturer: Kaspersky Lab. Reconfiguration success or error status: 0.
Information,12/26/2022 12:53:10 AM,MsiInstaller,1035,None,Windows Installer reconfigured the product. Product Name: Python Launcher. Product Version: 3.8.7427.0. Product Language: 1033. Manufacturer: Python Software Foundation. Reconfiguration success or error status: 0.
Information,12/26/2022 12:53:10 AM,MsiInstaller,1035,None,Windows Installer reconfigured the product. Product Name: Microsoft .NET Host - 6.0.9 (x64). Product Version: 48.39.47157. Product Language: 1033. Manufacturer: Microsoft Corporation. Reconfiguration success or error status: 0.
Information,12/26/2022 12:53:10 AM,MsiInstaller,1035,None,Windows Installer reconfigured the product. Product Name: Dell SupportAssist. Product Version: 3.13.0.236. Product Language: 1033. Manufacturer: Dell Inc.. Reconfiguration success or error status: 0.
Information,12/26/2022 12:53:10 AM,MsiInstaller,1035,None,Windows Installer reconfigured the product. Product Name: Microsoft Visual C++ 2013 x64 Additional Runtime - 12.0.40649. Product Version: 12.0.40649. Product Language: 1033. Manufacturer: Microsoft Corporation. Reconfiguration success or error status: 0.
Information,12/26/2022 12:53:10 AM,MsiInstaller,1035,None,Windows Installer reconfigured the product. Product Name: Microsoft .NET Runtime - 6.0.9 (x64). Product Version: 48.39.47157. Product Language: 1033. Manufacturer: Microsoft Corporation. Reconfiguration success or error status: 0.
Information,12/26/2022 12:53:10 AM,MsiInstaller,1035,None,Windows Installer reconfigured the product. Product Name: Tableau 2019.3 (20193.19.0821.2225). Product Version: 19.3.510. Product Language: 1033. Manufacturer: Tableau Software. Reconfiguration success or error status: 0.
Information,12/26/2022 12:53:10 AM,MsiInstaller,1035,None,Windows Installer reconfigured the product. Product Name: Intel(R) Icls. Product Version: 1.0.0.0. Product Language: 1033. Manufacturer: Intel Corporation. Reconfiguration success or error status: 0.
Information,12/26/2022 12:53:10 AM,MsiInstaller,1035,None,Windows Installer reconfigured the product. Product Name: Microsoft .NET Host FX Resolver - 5.0.17 (x86). Product Version: 40.68.31213. Product Language: 1033. Manufacturer: Microsoft Corporation. Reconfiguration success or error status: 0.
Information,12/26/2022 12:53:10 AM,MsiInstaller,1035,None,Windows Installer reconfigured the product. Product Name: Microsoft Update Health Tools. Product Version: 5.68.0.0. Product Language: 0. Manufacturer: Microsoft Corporation. Reconfiguration success or error status: 0.
Information,12/26/2022 12:53:10 AM,MsiInstaller,1035,None,Windows Installer reconfigured the product. Product Name: Microsoft .NET Runtime - 5.0.17 (x86). Product Version: 40.68.31213. Product Language: 1033. Manufacturer: Microsoft Corporation. Reconfiguration success or error status: 0.
Information,12/26/2022 12:53:10 AM,MsiInstaller,1035,None,Windows Installer reconfigured the product. Product Name: Amazon Redshift ODBC Driver 64-bit. Product Version: 1.3.7.1000. Product Language: 1033. Manufacturer: Amazon Corporate LLC. Reconfiguration success or error status: 0.
Information,12/26/2022 12:53:10 AM,MsiInstaller,1035,None,Windows Installer reconfigured the product. Product Name: Kaspersky Internet Security. Product Version: 21.3.10.391. Product Language: 1046. Manufacturer: Kaspersky. Reconfiguration success or error status: 0.
Information,12/26/2022 12:53:10 AM,MsiInstaller,1035,None,Windows Installer reconfigured the product. Product Name: Microsoft .NET Host - 5.0.17 (x86). Product Version: 40.68.31213. Product Language: 1033. Manufacturer: Microsoft Corporation. Reconfiguration success or error status: 0.
Information,12/26/2022 12:53:10 AM,MsiInstaller,1035,None,Windows Installer reconfigured the product. Product Name: Intel(R) LMS. Product Version: 1.0.0.0. Product Language: 1033. Manufacturer: Intel Corporation. Reconfiguration success or error status: 0.
Information,12/26/2022 12:53:10 AM,MsiInstaller,1035,None,Windows Installer reconfigured the product. Product Name: Kaspersky VPN. Product Version: 21.3.10.391. Product Language: 1046. Manufacturer: Kaspersky. Reconfiguration success or error status: 0.
Information,12/26/2022 12:53:10 AM,MsiInstaller,1035,None,Windows Installer reconfigured the product. Product Name: Dell SupportAssist OS Recovery Plugin for Dell Update. Product Version: 5.5.4.16189. Product Language: 1033. Manufacturer: Dell Inc.. Reconfiguration success or error status: 0.
Information,12/26/2022 12:53:10 AM,MsiInstaller,1035,None,Windows Installer reconfigured the product. Product Name: Microsoft Windows Desktop Runtime - 5.0.17 (x86). Product Version: 40.68.31219. Product Language: 1033. Manufacturer: Microsoft Corporation. Reconfiguration success or error status: 0.
Information,12/26/2022 12:53:10 AM,MsiInstaller,1035,None,Windows Installer reconfigured the product. Product Name: Dynamic Application Loader Host Interface Service. Product Version: 1.0.0.0. Product Language: 1033. Manufacturer: Intel Corporation. Reconfiguration success or error status: 0.
Information,12/26/2022 12:53:10 AM,MsiInstaller,1035,None,Windows Installer reconfigured the product. Product Name: Microsoft Visual C++ 2013 x64 Minimum Runtime - 12.0.40649. Product Version: 12.0.40649. Product Language: 1033. Manufacturer: Microsoft Corporation. Reconfiguration success or error status: 0.
