Information,12/25/2022 8:46:22 PM,Microsoft-Windows-RestartManager,10001,None,Ending session 0 started ‎2022‎-‎12‎-‎25T23:46:20.949108200Z.
Information,12/25/2022 8:46:23 PM,MsiInstaller,1040,None,Beginning a Windows Installer transaction: C:\ProgramData\Package Cache\{0D02D706-44F2-4957-A448-E7259A0B56B9}v40.68.31219\windowsdesktop-runtime-5.0.17-win-x86.msi. Client Process Id: 11668.
Information,12/25/2022 8:46:23 PM,MsiInstaller,1042,None,Ending a Windows Installer transaction: C:\ProgramData\Package Cache\{54DE7EA9-E391-4BD2-A373-3A72A18EBDB5}v40.68.31213\dotnet-host-5.0.17-win-x86.msi. Client Process Id: 11668.
Information,12/25/2022 8:46:23 PM,MsiInstaller,1033,None,Windows Installer installed the product. Product Name: Microsoft .NET Host - 5.0.17 (x86). Product Version: 40.68.31213. Product Language: 1033. Manufacturer: Microsoft Corporation. Installation success or error status: 0.
Information,12/25/2022 8:46:23 PM,MsiInstaller,11707,None,Product: Microsoft .NET Host - 5.0.17 (x86) -- Installation completed successfully.
Information,12/25/2022 8:46:22 PM,MsiInstaller,1040,None,Beginning a Windows Installer transaction: C:\ProgramData\Package Cache\{54DE7EA9-E391-4BD2-A373-3A72A18EBDB5}v40.68.31213\dotnet-host-5.0.17-win-x86.msi. Client Process Id: 11668.
Information,12/25/2022 8:46:22 PM,MsiInstaller,1042,None,Ending a Windows Installer transaction: C:\ProgramData\Package Cache\{AF01038B-6523-4EA7-9D9E-4F1E2927D88B}v40.68.31213\dotnet-hostfxr-5.0.17-win-x86.msi. Client Process Id: 11668.
Information,12/25/2022 8:46:22 PM,MsiInstaller,1033,None,Windows Installer installed the product. Product Name: Microsoft .NET Host FX Resolver - 5.0.17 (x86). Product Version: 40.68.31213. Product Language: 1033. Manufacturer: Microsoft Corporation. Installation success or error status: 0.
Information,12/25/2022 8:46:22 PM,MsiInstaller,11707,None,Product: Microsoft .NET Host FX Resolver - 5.0.17 (x86) -- Installation completed successfully.
Information,12/25/2022 8:46:22 PM,MsiInstaller,1040,None,Beginning a Windows Installer transaction: C:\ProgramData\Package Cache\{AF01038B-6523-4EA7-9D9E-4F1E2927D88B}v40.68.31213\dotnet-hostfxr-5.0.17-win-x86.msi. Client Process Id: 11668.
Information,12/25/2022 8:46:22 PM,MsiInstaller,1042,None,Ending a Windows Installer transaction: C:\ProgramData\Package Cache\{59650A2A-3839-46EC-9D9C-6B3B1C743C55}v40.68.31213\dotnet-runtime-5.0.17-win-x86.msi. Client Process Id: 11668.
Information,12/25/2022 8:46:22 PM,MsiInstaller,1033,None,Windows Installer installed the product. Product Name: Microsoft .NET Runtime - 5.0.17 (x86). Product Version: 40.68.31213. Product Language: 1033. Manufacturer: Microsoft Corporation. Installation success or error status: 0.
Information,12/25/2022 8:46:22 PM,MsiInstaller,11707,None,Product: Microsoft .NET Runtime - 5.0.17 (x86) -- Installation completed successfully.
Information,12/25/2022 8:46:20 PM,Microsoft-Windows-RestartManager,10000,None,Starting session 0 - ‎2022‎-‎12‎-‎25T23:46:20.949108200Z.
Information,12/25/2022 8:46:20 PM,MsiInstaller,1040,None,Beginning a Windows Installer transaction: C:\ProgramData\Package Cache\{59650A2A-3839-46EC-9D9C-6B3B1C743C55}v40.68.31213\dotnet-runtime-5.0.17-win-x86.msi. Client Process Id: 11668.
Information,12/25/2022 8:40:45 PM,MsiInstaller,1042,None,Ending a Windows Installer transaction: {4FC79BE9-AD63-46C0-9626-E4F6BCE6A976}. Client Process Id: 2336.
Information,12/25/2022 8:40:45 PM,MsiInstaller,1029,None,Product: Kaspersky Internet Security. Restart required. The installation or update for the product required a restart for all changes to take effect.  The restart was deferred to a later time.
Information,12/25/2022 8:40:45 PM,MsiInstaller,1038,None,Windows Installer requires a system restart. Product Name: Kaspersky Internet Security. Product Version: 21.3.10.391. Product Language: 1046. Manufacturer: Kaspersky. Type of System Restart: 2. Reason for Restart: 1.
Information,12/25/2022 8:40:45 PM,MsiInstaller,1035,None,Windows Installer reconfigured the product. Product Name: Kaspersky Internet Security. Product Version: 21.3.10.391. Product Language: 1046. Manufacturer: Kaspersky. Reconfiguration success or error status: 0.
Information,12/25/2022 8:40:45 PM,MsiInstaller,11728,None,Aplicativo: Kaspersky Internet Security -- Configuração concluída com êxito.<<31728>>
Information,12/25/2022 8:40:45 PM,MsiInstaller,1036,None,Windows Installer installed an update. Product Name: Kaspersky Internet Security. Product Version: 21.3.10.391. Product Language: 1046. Manufacturer: Kaspersky. Update Name: drivers patch. Installation success or error status: 0.
Information,12/25/2022 8:40:45 PM,MsiInstaller,1022,None,Product: Kaspersky Internet Security - Update 'drivers patch' installed successfully.
Information,12/25/2022 8:40:44 PM,MsiInstaller,1025,None,"Product: Kaspersky Internet Security. The file C:\Program Files (x86)\Common Files\Kaspersky Lab\klhk\klhk_x64\klhkum.dll is being used by the following process: Name: msiexec , Id 6080."
Information,12/25/2022 8:40:44 PM,MsiInstaller,1025,None,"Product: Kaspersky Internet Security. The file C:\Program Files (x86)\Common Files\Kaspersky Lab\klhk\klhk_x64\klhkum.dll is being used by the following process: Name: ksdeui , Id 1036."
Information,12/25/2022 8:40:44 PM,MsiInstaller,1025,None,"Product: Kaspersky Internet Security. The file C:\Program Files (x86)\Common Files\Kaspersky Lab\klhk\klhk_x64\klhkum.dll is being used by the following process: Name: ksde , Id 14492."
Information,12/25/2022 8:40:44 PM,MsiInstaller,1025,None,"Product: Kaspersky Internet Security. The file C:\Program Files (x86)\Common Files\Kaspersky Lab\klhk\klhk_x64\klhkum.dll is being used by the following process: Name: dwm , Id 968."
Information,12/25/2022 8:40:44 PM,MsiInstaller,1025,None,"Product: Kaspersky Internet Security. The file C:\Program Files (x86)\Common Files\Kaspersky Lab\klhk\klhk_x64\klhkum.dll is being used by the following process: Name: {2F22C845-B5C6-411E-8FD9-725689A3D874} , Id 8500."
Information,12/25/2022 8:40:44 PM,MsiInstaller,1025,None,"Product: Kaspersky Internet Security. The file C:\Program Files (x86)\Common Files\Kaspersky Lab\klhk\klhk_x64\klhkum.dll is being used by the following process: Name: kpm , Id 7728."
Information,12/25/2022 8:40:36 PM,MsiInstaller,1040,None,Beginning a Windows Installer transaction: {4FC79BE9-AD63-46C0-9626-E4F6BCE6A976}. Client Process Id: 2336.
Information,12/25/2022 8:40:35 PM,SecurityCenter,15,None,Updated Kaspersky Internet Security status successfully to SECURITY_PRODUCT_STATE_OFF.
Information,12/25/2022 8:40:35 PM,SecurityCenter,15,None,Updated Kaspersky Internet Security status successfully to SECURITY_PRODUCT_STATE_OFF.
Information,12/25/2022 8:40:35 PM,SecurityCenter,15,None,Updated Kaspersky Internet Security status successfully to SECURITY_PRODUCT_STATE_EXPIRED.
Information,12/25/2022 8:40:32 PM,Microsoft-Windows-CAPI2,4097,None,"Successful auto update of third-party root certificate:: Subject: <CN=GTE CyberTrust Global Root, OU=""GTE CyberTrust Solutions, Inc."", O=GTE Corporation, C=US> Sha1 thumbprint: <97817950D81C9670CC34D809CF794431367EF474>."
Information,12/25/2022 8:24:01 PM,igfxCUIService2.0.0.0,0,None,The operation completed successfully. 
Information,12/25/2022 8:24:01 PM,Microsoft-Windows-Winlogon,6000,None,The winlogon notification subscriber <SessionEnv> was unavailable to handle a notification event.
Information,12/25/2022 8:24:01 PM,igfxCUIService2.0.0.0,0,None,The operation completed successfully. 
Information,12/25/2022 8:24:01 PM,igfxCUIService2.0.0.0,0,None,The operation completed successfully. 
Information,12/25/2022 8:24:01 PM,Microsoft-Windows-Winlogon,6003,None,The winlogon notification subscriber <SessionEnv> was unavailable to handle a critical notification event.
Information,12/25/2022 8:23:51 PM,Desktop Window Manager,9027,None,The Desktop Window Manager has registered the session port.
Information,12/25/2022 8:23:51 PM,Microsoft-Windows-Winlogon,6000,None,The winlogon notification subscriber <SessionEnv> was unavailable to handle a notification event.
Information,12/25/2022 8:23:51 PM,Microsoft-Windows-Winlogon,6000,None,The winlogon notification subscriber <WSearch> was unavailable to handle a notification event.
Information,12/25/2022 8:23:51 PM,igfxCUIService2.0.0.0,0,None,The operation completed successfully. 
Information,12/25/2022 8:23:51 PM,igfxCUIService2.0.0.0,0,None,The operation completed successfully. 
Information,12/25/2022 8:21:15 PM,SecurityCenter,15,None,Updated Kaspersky Internet Security status successfully to SECURITY_PRODUCT_STATE_ON.
Information,12/25/2022 8:21:10 PM,MsiInstaller,1042,None,Ending a Windows Installer transaction: C:\ProgramData\Kaspersky Lab Setup Files\KIS21.3.10.391.0.2103.0\ksde.msi. Client Process Id: 3360.
Information,12/25/2022 8:21:10 PM,MsiInstaller,1033,None,Windows Installer installed the product. Product Name: Kaspersky VPN. Product Version: 21.3.10.391. Product Language: 1046. Manufacturer: Kaspersky. Installation success or error status: 0.
Information,12/25/2022 8:21:10 PM,MsiInstaller,11707,None,Aplicativo: Kaspersky VPN -- Instalação concluída com êxito.<<31707>>
Information,12/25/2022 8:21:05 PM,SecurityCenter,15,None,Updated Windows Defender status successfully to SECURITY_PRODUCT_STATE_OFF.
Information,12/25/2022 8:21:04 PM,SecurityCenter,15,None,Updated Kaspersky Internet Security status successfully to SECURITY_PRODUCT_STATE_ON.
Information,12/25/2022 8:21:04 PM,SecurityCenter,15,None,Updated Kaspersky Internet Security status successfully to SECURITY_PRODUCT_STATE_SNOOZED.
Information,12/25/2022 8:21:00 PM,MsiInstaller,1040,None,Beginning a Windows Installer transaction: C:\ProgramData\Kaspersky Lab Setup Files\KIS21.3.10.391.0.2103.0\ksde.msi. Client Process Id: 3360.
Information,12/25/2022 8:21:00 PM,MsiInstaller,1042,None,Ending a Windows Installer transaction: C:\ProgramData\Kaspersky Lab Setup Files\KIS21.3.10.391.0.2103.0\product.msi. Client Process Id: 3360.
Information,12/25/2022 8:21:00 PM,MsiInstaller,1033,None,Windows Installer installed the product. Product Name: Kaspersky Internet Security. Product Version: 21.3.10.391. Product Language: 1046. Manufacturer: Kaspersky. Installation success or error status: 0.
Information,12/25/2022 8:21:00 PM,MsiInstaller,11707,None,Aplicativo: Kaspersky Internet Security -- Instalação concluída com êxito.<<31707>>
Information,12/25/2022 8:20:37 PM,MsiInstaller,1040,None,Beginning a Windows Installer transaction: C:\ProgramData\Kaspersky Lab Setup Files\KIS21.3.10.391.0.2103.0\product.msi. Client Process Id: 3360.
Information,12/25/2022 8:19:02 PM,Microsoft-Windows-Security-SPP,16384,None,Successfully scheduled Software Protection service for re-start at 2122-12-01T23:19:02Z. Reason: RulesEngine.
Information,12/25/2022 8:18:35 PM,edgeupdate,0,None,Service stopped.
Information,12/25/2022 8:18:32 PM,Microsoft-Windows-Security-SPP,16394,None,Offline downlevel migration succeeded.
Information,12/25/2022 8:13:22 PM,Microsoft-Windows-RestartManager,10001,None,Ending session 0 started ‎2022‎-‎12‎-‎25T23:13:22.347109500Z.
Information,12/25/2022 8:13:22 PM,MsiInstaller,1042,None,Ending a Windows Installer transaction: C:\WINDOWS\TEMP\7FBD6BC4-88A4-4BA6-9D66-AF895508DC42\UpdHealthTools.msi. Client Process Id: 11196.
Information,12/25/2022 8:13:22 PM,MsiInstaller,1033,None,Windows Installer installed the product. Product Name: Microsoft Update Health Tools. Product Version: 5.68.0.0. Product Language: 0. Manufacturer: Microsoft Corporation. Installation success or error status: 0.
Information,12/25/2022 8:13:22 PM,MsiInstaller,11707,None,Product: Microsoft Update Health Tools -- Installation completed successfully.
Information,12/25/2022 8:13:22 PM,Microsoft-Windows-RestartManager,10000,None,Starting session 0 - ‎2022‎-‎12‎-‎25T23:13:22.347109500Z.
Information,12/25/2022 8:13:22 PM,MsiInstaller,1040,None,Beginning a Windows Installer transaction: C:\WINDOWS\TEMP\7FBD6BC4-88A4-4BA6-9D66-AF895508DC42\UpdHealthTools.msi. Client Process Id: 11196.
Information,12/25/2022 8:10:09 PM,Microsoft-Windows-Security-SPP,16384,None,Successfully scheduled Software Protection service for re-start at 2122-12-01T23:10:09Z. Reason: RulesEngine.
Information,12/25/2022 8:09:39 PM,Microsoft-Windows-Security-SPP,16394,None,Offline downlevel migration succeeded.
Information,12/25/2022 8:08:15 PM,SecurityCenter,15,None,Updated Windows Defender status successfully to SECURITY_PRODUCT_STATE_ON.
Information,12/25/2022 8:01:26 PM,Windows Error Reporting,1001,None,"Fault bucket , type 0
Event Name: AppHangTransient
Response: Not available
Cab Id: 0

Problem signature:
P1: UserAccountBroker.exe
P2: 10.0.22621.1
P3: 553b2d05
P4: unknown
P5: unknown
P6: unknown
P7: unknown
P8: 
P9: 
P10: 

Attached files:
\\?\C:\ProgramData\Microsoft\Windows\WER\Temp\WER.ef557c32-2b76-486c-b83b-7b4d8b8aaf8e.tmp.WERInternalMetadata.xml
\\?\C:\ProgramData\Microsoft\Windows\WER\Temp\WER.feb88867-4ce5-4ba1-bb1b-c667fb414583.tmp.csv
\\?\C:\ProgramData\Microsoft\Windows\WER\Temp\WER.f829bc5f-01c8-4844-a7ff-e78379ebe1ed.tmp.txt

These files may be available here:
NULL

Analysis symbol: 
Rechecking for solution: 0
Report Id: 698f51f7-e96b-4509-bd79-80f212283cd9
Report Status: 2049
Hashed bucket: 
Cab Guid: 0"
Information,12/25/2022 7:59:32 PM,Microsoft-Windows-Security-SPP,16384,None,Successfully scheduled Software Protection service for re-start at 2122-12-01T22:59:32Z. Reason: RulesEngine.
Information,12/25/2022 7:58:24 PM,Microsoft-Windows-Security-SPP,16394,None,Offline downlevel migration succeeded.
Information,12/25/2022 7:47:06 PM,VSS,8224,None,The VSS service is shutting down due to idle timeout. 
Information,12/25/2022 7:44:16 PM,Microsoft-Windows-RestartManager,10001,None,Ending session 0 started ‎2022‎-‎12‎-‎25T22:44:11.274531800Z.
Information,12/25/2022 7:44:16 PM,Microsoft-Windows-System-Restore,8302,None,Scoping successfully completed for shadowcopy \\?\GLOBALROOT\Device\HarddiskVolumeShadowCopy1.
Information,12/25/2022 7:44:16 PM,Microsoft-Windows-System-Restore,8301,None,Scoping completed for shadowcopy \\?\GLOBALROOT\Device\HarddiskVolumeShadowCopy1.
Information,12/25/2022 7:44:16 PM,MsiInstaller,1042,None,Ending a Windows Installer transaction: C:\Users\ozeas\AppData\Local\Package Cache\{E542AFFC-389C-4330-A0F5-D0B162297729}v3.8.10150.0\pip.msi. Client Process Id: 8416.
Information,12/25/2022 7:44:16 PM,MsiInstaller,1033,None,Windows Installer installed the product. Product Name: Python 3.8.10 pip Bootstrap (64-bit). Product Version: 3.8.10150.0. Product Language: 1033. Manufacturer: Python Software Foundation. Installation success or error status: 0.
Information,12/25/2022 7:44:16 PM,MsiInstaller,11707,None,Product: Python 3.8.10 pip Bootstrap (64-bit) -- Installation completed successfully.
Information,12/25/2022 7:44:11 PM,Microsoft-Windows-RestartManager,10000,None,Starting session 0 - ‎2022‎-‎12‎-‎25T22:44:11.274531800Z.
Information,12/25/2022 7:44:11 PM,Microsoft-Windows-RestartManager,10001,None,Ending session 0 started ‎2022‎-‎12‎-‎25T22:44:10.977004400Z.
Information,12/25/2022 7:44:10 PM,Microsoft-Windows-RestartManager,10000,None,Starting session 0 - ‎2022‎-‎12‎-‎25T22:44:10.977004400Z.
Information,12/25/2022 7:44:10 PM,Microsoft-Windows-RestartManager,10001,None,Ending session 0 started ‎2022‎-‎12‎-‎25T22:44:06.735066800Z.
Information,12/25/2022 7:44:11 PM,MsiInstaller,1040,None,Beginning a Windows Installer transaction: C:\Users\ozeas\AppData\Local\Package Cache\{E542AFFC-389C-4330-A0F5-D0B162297729}v3.8.10150.0\pip.msi. Client Process Id: 8416.
Information,12/25/2022 7:44:11 PM,MsiInstaller,1042,None,Ending a Windows Installer transaction: C:\ProgramData\Package Cache\{81CDF5BF-4777-4CF8-B6CC-0902061F7314}v3.8.7427.0\launcher.msi. Client Process Id: 5284.
Information,12/25/2022 7:44:11 PM,MsiInstaller,1033,None,Windows Installer installed the product. Product Name: Python Launcher. Product Version: 3.8.7427.0. Product Language: 1033. Manufacturer: Python Software Foundation. Installation success or error status: 0.
Information,12/25/2022 7:44:11 PM,MsiInstaller,11707,None,Product: Python Launcher -- Installation completed successfully.
Information,12/25/2022 7:44:10 PM,MsiInstaller,1040,None,Beginning a Windows Installer transaction: C:\ProgramData\Package Cache\{81CDF5BF-4777-4CF8-B6CC-0902061F7314}v3.8.7427.0\launcher.msi. Client Process Id: 5284.
Information,12/25/2022 7:44:10 PM,MsiInstaller,1042,None,Ending a Windows Installer transaction: C:\Users\ozeas\AppData\Local\Package Cache\{92B27283-38B6-4C6B-B23B-3DE902F4FEA7}v3.8.10150.0\tcltk.msi. Client Process Id: 8416.
Information,12/25/2022 7:44:10 PM,MsiInstaller,1033,None,Windows Installer installed the product. Product Name: Python 3.8.10 Tcl/Tk Support (64-bit). Product Version: 3.8.10150.0. Product Language: 1033. Manufacturer: Python Software Foundation. Installation success or error status: 0.
Information,12/25/2022 7:44:10 PM,MsiInstaller,11707,None,Product: Python 3.8.10 Tcl/Tk Support (64-bit) -- Installation completed successfully.
Information,12/25/2022 7:44:07 PM,Microsoft-Windows-System-Restore,8300,None,Scoping started for shadowcopy \\?\GLOBALROOT\Device\HarddiskVolumeShadowCopy1.
Information,12/25/2022 7:44:06 PM,Microsoft-Windows-RestartManager,10000,None,Starting session 0 - ‎2022‎-‎12‎-‎25T22:44:06.735066800Z.
Information,12/25/2022 7:44:06 PM,Microsoft-Windows-RestartManager,10001,None,Ending session 0 started ‎2022‎-‎12‎-‎25T22:44:06.146993600Z.
Information,12/25/2022 7:44:06 PM,MsiInstaller,1040,None,Beginning a Windows Installer transaction: C:\Users\ozeas\AppData\Local\Package Cache\{92B27283-38B6-4C6B-B23B-3DE902F4FEA7}v3.8.10150.0\tcltk.msi. Client Process Id: 8416.
Information,12/25/2022 7:44:06 PM,MsiInstaller,1042,None,Ending a Windows Installer transaction: C:\Users\ozeas\AppData\Local\Package Cache\{CD36D248-F36C-4535-97A9-9CB7B4E0C186}v3.8.10150.0\tools.msi. Client Process Id: 8416.
Information,12/25/2022 7:44:06 PM,MsiInstaller,1033,None,Windows Installer installed the product. Product Name: Python 3.8.10 Utility Scripts (64-bit). Product Version: 3.8.10150.0. Product Language: 1033. Manufacturer: Python Software Foundation. Installation success or error status: 0.
Information,12/25/2022 7:44:06 PM,MsiInstaller,11707,None,Product: Python 3.8.10 Utility Scripts (64-bit) -- Installation completed successfully.
Information,12/25/2022 7:44:06 PM,Microsoft-Windows-RestartManager,10000,None,Starting session 0 - ‎2022‎-‎12‎-‎25T22:44:06.146993600Z.
Information,12/25/2022 7:44:06 PM,Microsoft-Windows-RestartManager,10001,None,Ending session 0 started ‎2022‎-‎12‎-‎25T22:44:05.739074300Z.
Information,12/25/2022 7:44:05 PM,Microsoft-Windows-RestartManager,10000,None,Starting session 0 - ‎2022‎-‎12‎-‎25T22:44:05.739074300Z.
Information,12/25/2022 7:44:05 PM,Microsoft-Windows-RestartManager,10001,None,Ending session 0 started ‎2022‎-‎12‎-‎25T22:44:01.740137900Z.
Information,12/25/2022 7:44:06 PM,MsiInstaller,1040,None,Beginning a Windows Installer transaction: C:\Users\ozeas\AppData\Local\Package Cache\{CD36D248-F36C-4535-97A9-9CB7B4E0C186}v3.8.10150.0\tools.msi. Client Process Id: 8416.
Information,12/25/2022 7:44:06 PM,MsiInstaller,1042,None,Ending a Windows Installer transaction: C:\Users\ozeas\AppData\Local\Package Cache\{47769D6A-1947-4B6F-9B2F-E881F204CA5A}v3.8.10150.0\doc.msi. Client Process Id: 8416.
Information,12/25/2022 7:44:06 PM,MsiInstaller,1033,None,Windows Installer installed the product. Product Name: Python 3.8.10 Documentation (64-bit). Product Version: 3.8.10150.0. Product Language: 1033. Manufacturer: Python Software Foundation. Installation success or error status: 0.
Information,12/25/2022 7:44:06 PM,MsiInstaller,11707,None,Product: Python 3.8.10 Documentation (64-bit) -- Installation completed successfully.
Information,12/25/2022 7:44:05 PM,MsiInstaller,1040,None,Beginning a Windows Installer transaction: C:\Users\ozeas\AppData\Local\Package Cache\{47769D6A-1947-4B6F-9B2F-E881F204CA5A}v3.8.10150.0\doc.msi. Client Process Id: 8416.
Information,12/25/2022 7:44:05 PM,MsiInstaller,1042,None,Ending a Windows Installer transaction: C:\Users\ozeas\AppData\Local\Package Cache\{B91DB0E4-637F-469E-8309-0D69FD18A1E5}v3.8.10150.0\test.msi. Client Process Id: 8416.
Information,12/25/2022 7:44:05 PM,MsiInstaller,1033,None,Windows Installer installed the product. Product Name: Python 3.8.10 Test Suite (64-bit). Product Version: 3.8.10150.0. Product Language: 1033. Manufacturer: Python Software Foundation. Installation success or error status: 0.
Information,12/25/2022 7:44:05 PM,MsiInstaller,11707,None,Product: Python 3.8.10 Test Suite (64-bit) -- Installation completed successfully.
Information,12/25/2022 7:44:01 PM,Microsoft-Windows-RestartManager,10000,None,Starting session 0 - ‎2022‎-‎12‎-‎25T22:44:01.740137900Z.
Information,12/25/2022 7:44:01 PM,Microsoft-Windows-RestartManager,10001,None,Ending session 0 started ‎2022‎-‎12‎-‎25T22:43:58.776303300Z.
Information,12/25/2022 7:44:01 PM,MsiInstaller,1040,None,Beginning a Windows Installer transaction: C:\Users\ozeas\AppData\Local\Package Cache\{B91DB0E4-637F-469E-8309-0D69FD18A1E5}v3.8.10150.0\test.msi. Client Process Id: 8416.
Information,12/25/2022 7:44:01 PM,MsiInstaller,1042,None,Ending a Windows Installer transaction: C:\Users\ozeas\AppData\Local\Package Cache\{080E0048-853C-49FB-96ED-30DEF7AB6E34}v3.8.10150.0\lib.msi. Client Process Id: 8416.
Information,12/25/2022 7:44:01 PM,MsiInstaller,1033,None,Windows Installer installed the product. Product Name: Python 3.8.10 Standard Library (64-bit). Product Version: 3.8.10150.0. Product Language: 1033. Manufacturer: Python Software Foundation. Installation success or error status: 0.
Information,12/25/2022 7:44:01 PM,MsiInstaller,11707,None,Product: Python 3.8.10 Standard Library (64-bit) -- Installation completed successfully.
Information,12/25/2022 7:43:58 PM,Microsoft-Windows-RestartManager,10000,None,Starting session 0 - ‎2022‎-‎12‎-‎25T22:43:58.776303300Z.
Information,12/25/2022 7:43:58 PM,Microsoft-Windows-RestartManager,10001,None,Ending session 0 started ‎2022‎-‎12‎-‎25T22:43:58.101636500Z.
Information,12/25/2022 7:43:58 PM,MsiInstaller,1040,None,Beginning a Windows Installer transaction: C:\Users\ozeas\AppData\Local\Package Cache\{080E0048-853C-49FB-96ED-30DEF7AB6E34}v3.8.10150.0\lib.msi. Client Process Id: 8416.
Information,12/25/2022 7:43:58 PM,MsiInstaller,1042,None,Ending a Windows Installer transaction: C:\Users\ozeas\AppData\Local\Package Cache\{A0FBEF5B-B925-4F86-9B50-A7315736C481}v3.8.10150.0\exe.msi. Client Process Id: 8416.
Information,12/25/2022 7:43:58 PM,MsiInstaller,1033,None,Windows Installer installed the product. Product Name: Python 3.8.10 Executables (64-bit). Product Version: 3.8.10150.0. Product Language: 1033. Manufacturer: Python Software Foundation. Installation success or error status: 0.
Information,12/25/2022 7:43:58 PM,MsiInstaller,11707,None,Product: Python 3.8.10 Executables (64-bit) -- Installation completed successfully.
Information,12/25/2022 7:43:58 PM,Microsoft-Windows-RestartManager,10000,None,Starting session 0 - ‎2022‎-‎12‎-‎25T22:43:58.101636500Z.
Information,12/25/2022 7:43:58 PM,Microsoft-Windows-RestartManager,10001,None,Ending session 0 started ‎2022‎-‎12‎-‎25T22:43:57.584099300Z.
Information,12/25/2022 7:43:57 PM,Microsoft-Windows-RestartManager,10000,None,Starting session 0 - ‎2022‎-‎12‎-‎25T22:43:57.584099300Z.
Information,12/25/2022 7:43:57 PM,Microsoft-Windows-RestartManager,10001,None,Ending session 0 started ‎2022‎-‎12‎-‎25T22:43:57.224061000Z.
Information,12/25/2022 7:43:57 PM,Microsoft-Windows-RestartManager,10000,None,Starting session 0 - ‎2022‎-‎12‎-‎25T22:43:57.224061000Z.
Information,12/25/2022 7:43:58 PM,MsiInstaller,1040,None,Beginning a Windows Installer transaction: C:\Users\ozeas\AppData\Local\Package Cache\{A0FBEF5B-B925-4F86-9B50-A7315736C481}v3.8.10150.0\exe.msi. Client Process Id: 8416.
Information,12/25/2022 7:43:58 PM,MsiInstaller,1042,None,Ending a Windows Installer transaction: C:\Users\ozeas\AppData\Local\Package Cache\{75320A88-439F-497A-B856-FF397ED71203}v3.8.10150.0\dev.msi. Client Process Id: 8416.
Information,12/25/2022 7:43:58 PM,MsiInstaller,1033,None,Windows Installer installed the product. Product Name: Python 3.8.10 Development Libraries (64-bit). Product Version: 3.8.10150.0. Product Language: 1033. Manufacturer: Python Software Foundation. Installation success or error status: 0.
Information,12/25/2022 7:43:58 PM,MsiInstaller,11707,None,Product: Python 3.8.10 Development Libraries (64-bit) -- Installation completed successfully.
Information,12/25/2022 7:43:57 PM,MsiInstaller,1040,None,Beginning a Windows Installer transaction: C:\Users\ozeas\AppData\Local\Package Cache\{75320A88-439F-497A-B856-FF397ED71203}v3.8.10150.0\dev.msi. Client Process Id: 8416.
Information,12/25/2022 7:43:57 PM,MsiInstaller,1042,None,Ending a Windows Installer transaction: C:\Users\ozeas\AppData\Local\Package Cache\{D971F398-7F11-4956-AB73-1FB70E59A11F}v3.8.10150.0\core.msi. Client Process Id: 8416.
Information,12/25/2022 7:43:57 PM,MsiInstaller,1033,None,Windows Installer installed the product. Product Name: Python 3.8.10 Core Interpreter (64-bit). Product Version: 3.8.10150.0. Product Language: 1033. Manufacturer: Python Software Foundation. Installation success or error status: 0.
Information,12/25/2022 7:43:57 PM,MsiInstaller,11707,None,Product: Python 3.8.10 Core Interpreter (64-bit) -- Installation completed successfully.
Information,12/25/2022 7:43:57 PM,MsiInstaller,1040,None,Beginning a Windows Installer transaction: C:\Users\ozeas\AppData\Local\Package Cache\{D971F398-7F11-4956-AB73-1FB70E59A11F}v3.8.10150.0\core.msi. Client Process Id: 8416.
Information,12/25/2022 7:43:56 PM,System Restore,8194,None,Successfully created restore point (Process = C:\Users\ozeas\AppData\Local\Temp\{C9E4C5FB-6E06-4A07-ADBC-C19F6916BF21}\.be\python-3.8.10-amd64.exe -q -burn.elevated BurnPipe.{E483FFFB-A47B-48D8-81FE-C3CAC0BA4136} {48C7FBC6-34A1-44EE-ADB5-8CC8CCEEF115} 8416; Description = Python 3.8.10 (64-bit)).
Information,12/25/2022 7:43:50 PM,System Restore,8196,None,System Restore has been enabled (Process = C:\Users\ozeas\AppData\Local\Temp\{C9E4C5FB-6E06-4A07-ADBC-C19F6916BF21}\.be\python-3.8.10-amd64.exe -q -burn.elevated BurnPipe.{E483FFFB-A47B-48D8-81FE-C3CAC0BA4136} {48C7FBC6-34A1-44EE-ADB5-8CC8CCEEF115} 8416; Volume = ).
Information,12/25/2022 7:43:49 PM,System Restore,8195,None,System Restore has been disabled (Process = C:\Users\ozeas\AppData\Local\Temp\{C9E4C5FB-6E06-4A07-ADBC-C19F6916BF21}\.be\python-3.8.10-amd64.exe -q -burn.elevated BurnPipe.{E483FFFB-A47B-48D8-81FE-C3CAC0BA4136} {48C7FBC6-34A1-44EE-ADB5-8CC8CCEEF115} 8416; Volume = ).
Information,12/25/2022 7:43:22 PM,Microsoft-Windows-RestartManager,10001,None,Ending session 2 started ‎2022‎-‎12‎-‎25T22:43:15.463564200Z.
Information,12/25/2022 7:43:15 PM,Microsoft-Windows-RestartManager,10000,None,Starting session 2 - ‎2022‎-‎12‎-‎25T22:43:15.463564200Z.
Information,12/25/2022 7:43:09 PM,Microsoft-Windows-RestartManager,10001,None,Ending session 2 started ‎2022‎-‎12‎-‎25T22:42:38.471649800Z.
Information,12/25/2022 7:42:38 PM,Microsoft-Windows-RestartManager,10000,None,Starting session 2 - ‎2022‎-‎12‎-‎25T22:42:38.471649800Z.
Information,12/25/2022 7:42:21 PM,Microsoft-Windows-RestartManager,10001,None,Ending session 2 started ‎2022‎-‎12‎-‎25T22:42:13.833511800Z.
Information,12/25/2022 7:42:13 PM,Microsoft-Windows-RestartManager,10000,None,Starting session 2 - ‎2022‎-‎12‎-‎25T22:42:13.833511800Z.
Information,12/25/2022 7:38:41 PM,Microsoft-Windows-Security-SPP,16384,None,Successfully scheduled Software Protection service for re-start at 2122-12-01T22:38:41Z. Reason: RulesEngine.
Information,12/25/2022 7:38:03 PM,Microsoft-Windows-Security-SPP,16394,None,Offline downlevel migration succeeded.
Information,12/25/2022 7:37:58 PM,Microsoft-Windows-CAPI2,4097,None,"Successful auto update of third-party root certificate:: Subject: <CN=DigiCert Trusted Root G4, OU=www.digicert.com, O=DigiCert Inc, C=US> Sha1 thumbprint: <DDFB16CD4931C973A2037D3FC83A4D7D775D05E4>."
Information,12/25/2022 7:35:12 PM,edgeupdatem,0,None,Service stopped.
Information,12/25/2022 7:35:11 PM,edgeupdatem,0,None,Service stopped.
Information,12/25/2022 7:34:17 PM,edgeupdatem,0,None,Service stopped.
Information,12/25/2022 7:34:16 PM,edgeupdatem,0,None,Service stopped.
Information,12/25/2022 7:33:55 PM,Microsoft-Windows-CAPI2,4097,None,"Successful auto update of third-party root certificate:: Subject: <CN=Entrust Root Certification Authority, OU=""(c) 2006 Entrust, Inc."", OU=www.entrust.net/CPS is incorporated by reference, O=""Entrust, Inc."", C=US> Sha1 thumbprint: <B31EB1B740E36C8402DADC37D44DF5D4674952F9>."
Information,12/25/2022 7:33:55 PM,Microsoft-Windows-CAPI2,4097,None,"Successful auto update of third-party root certificate:: Subject: <CN=Entrust Root Certification Authority, OU=""(c) 2006 Entrust, Inc."", OU=www.entrust.net/CPS is incorporated by reference, O=""Entrust, Inc."", C=US> Sha1 thumbprint: <B31EB1B740E36C8402DADC37D44DF5D4674952F9>."
Information,12/25/2022 7:33:51 PM,Microsoft-Windows-CAPI2,4097,None,"Successful auto update of third-party root certificate:: Subject: <CN=GlobalSign, O=GlobalSign, OU=GlobalSign Root CA - R3> Sha1 thumbprint: <D69B561148F01C77C54578C10926DF5B856976AD>."
Information,12/25/2022 7:33:44 PM,Microsoft-Windows-CAPI2,4097,None,"Successful auto update of third-party root certificate:: Subject: <CN=AAA Certificate Services, O=Comodo CA Limited, L=Salford, S=Greater Manchester, C=GB> Sha1 thumbprint: <D1EB23A46D17D68FD92564C2F1F1601764D8E349>."
Information,12/25/2022 7:33:44 PM,Microsoft-Windows-CAPI2,4097,None,"Successful auto update of third-party root certificate:: Subject: <CN=AAA Certificate Services, O=Comodo CA Limited, L=Salford, S=Greater Manchester, C=GB> Sha1 thumbprint: <D1EB23A46D17D68FD92564C2F1F1601764D8E349>."
Information,12/25/2022 7:33:44 PM,Microsoft-Windows-CAPI2,4097,None,"Successful auto update of third-party root certificate:: Subject: <CN=ISRG Root X1, O=Internet Security Research Group, C=US> Sha1 thumbprint: <CABD2A79A1076A31F21D253635CB039D4329A5E8>."
Information,12/25/2022 7:33:44 PM,Microsoft-Windows-CAPI2,4097,None,"Successful auto update of third-party root certificate:: Subject: <CN=DST Root CA X3, O=Digital Signature Trust Co.> Sha1 thumbprint: <DAC9024F54D8F6DF94935FB1732638CA6AD77C13>."
Information,12/25/2022 7:33:43 PM,Microsoft-Windows-CAPI2,4097,None,"Successful auto update of third-party root certificate:: Subject: <CN=Entrust Root Certification Authority - G2, OU=""(c) 2009 Entrust, Inc. - for authorized use only"", OU=See www.entrust.net/legal-terms, O=""Entrust, Inc."", C=US> Sha1 thumbprint: <8CF427FD790C3AD166068DE81E57EFBB932272D4>."
Information,12/25/2022 7:33:43 PM,Microsoft-Windows-CAPI2,4097,None,"Successful auto update of third-party root certificate:: Subject: <CN=Entrust Root Certification Authority - G2, OU=""(c) 2009 Entrust, Inc. - for authorized use only"", OU=See www.entrust.net/legal-terms, O=""Entrust, Inc."", C=US> Sha1 thumbprint: <8CF427FD790C3AD166068DE81E57EFBB932272D4>."
Information,12/25/2022 7:33:42 PM,Microsoft-Windows-CAPI2,4097,None,"Successful auto update of third-party root certificate:: Subject: <CN=GlobalSign Root CA, OU=Root CA, O=GlobalSign nv-sa, C=BE> Sha1 thumbprint: <B1BC968BD4F49D622AA89A81F2150152A41D829C>."
Information,12/25/2022 7:33:41 PM,Microsoft-Windows-CAPI2,4097,None,"Successful auto update of third-party root certificate:: Subject: <CN=VeriSign Class 3 Public Primary Certification Authority - G5, OU=""(c) 2006 VeriSign, Inc. - For authorized use only"", OU=VeriSign Trust Network, O=""VeriSign, Inc."", C=US> Sha1 thumbprint: <4EB6D578499B1CCF5F581EAD56BE3D9B6744A5E5>."
Information,12/25/2022 7:33:35 PM,Microsoft-Windows-CAPI2,4097,None,"Successful auto update of third-party root certificate:: Subject: <OU=Starfield Class 2 Certification Authority, O=""Starfield Technologies, Inc."", C=US> Sha1 thumbprint: <AD7E1C28B064EF8F6003402014C3D0E3370EB58A>."
Information,12/25/2022 7:33:24 PM,Microsoft-Windows-Search-ProfileNotify,1,None,"Windows Search Service indexed data for user 'S-1-5-21-2173426690-2103480400-3118651004-1000' successfully removed in response to user profile deletion.
"
Information,12/25/2022 7:33:24 PM,Microsoft-Windows-Search-ProfileNotify,1,None,"Windows Search Service indexed data for user 'S-1-5-21-2173426690-2103480400-3118651004-1000' successfully removed in response to user profile deletion.
"
Information,12/25/2022 7:32:26 PM,Windows Error Reporting,1001,None,"Fault bucket 1823391438143825847, type 5
Event Name: RADAR_PRE_LEAK_64
Response: Not available
Cab Id: 0

Problem signature:
P1: dllhost.exe
P2: 10.0.22621.1
P3: 10.0.22621.2.0.0
P4: 
P5: 
P6: 
P7: 
P8: 
P9: 
P10: 

Attached files:
\\?\C:\Users\ozeas\AppData\Local\Temp\RDR2FE.tmp\empty.txt
\\?\C:\ProgramData\Microsoft\Windows\WER\Temp\WER.17c47e14-1a0a-4c92-955e-f456f0b76923.tmp.WERInternalMetadata.xml
\\?\C:\ProgramData\Microsoft\Windows\WER\Temp\WER.2e118986-e029-4d14-a03a-72012c4216eb.tmp.csv
\\?\C:\ProgramData\Microsoft\Windows\WER\Temp\WER.e4a25de0-4dcf-4d50-8f8a-6b1e4d41dd8d.tmp.txt
\\?\C:\ProgramData\Microsoft\Windows\WER\Temp\WER.bc27a7b3-48cd-4150-ab95-1102765ee442.tmp.xml

These files may be available here:
NULL

Analysis symbol: 
Rechecking for solution: 0
Report Id: 87084d56-836a-4cdb-be3c-0ffbf27f0ac3
Report Status: 268435456
Hashed bucket: 95de51090e375509e94dfcda2d0d27b7
Cab Guid: 0"
Information,12/25/2022 7:31:52 PM,Microsoft-Windows-Security-SPP,16384,None,Successfully scheduled Software Protection service for re-start at 2122-12-01T22:31:52Z. Reason: RulesEngine.
Information,12/25/2022 7:31:11 PM,Microsoft-Windows-Security-SPP,16394,None,Offline downlevel migration succeeded.
Information,12/25/2022 7:30:29 PM,VSS,8224,None,The VSS service is shutting down due to idle timeout. 
Information,12/25/2022 7:27:45 PM,SecurityCenter,15,None,Updated Windows Defender status successfully to SECURITY_PRODUCT_STATE_ON.
Information,12/25/2022 7:27:43 PM,SecurityCenter,15,None,Updated Windows Defender status successfully to SECURITY_PRODUCT_STATE_ON.
Information,12/25/2022 7:27:41 PM,SecurityCenter,15,None,Updated Windows Defender status successfully to SECURITY_PRODUCT_STATE_ON.
Information,12/25/2022 7:27:29 PM,Windows Error Reporting,1001,None,"Fault bucket 1685016349818196968, type 5
Event Name: RADAR_PRE_LEAK_64
Response: Not available
Cab Id: 0

Problem signature:
P1: explorer.exe
P2: 10.0.22621.963
P3: 10.0.22621.2.0.0
P4: 
P5: 
P6: 
P7: 
P8: 
P9: 
P10: 

Attached files:
\\?\C:\Users\ozeas\AppData\Local\Temp\RDR72E6.tmp\empty.txt
\\?\C:\ProgramData\Microsoft\Windows\WER\Temp\WER.15322e48-f893-42d2-9c5d-05856f14ebb8.tmp.WERInternalMetadata.xml
\\?\C:\ProgramData\Microsoft\Windows\WER\Temp\WER.63bca78d-de3a-4cf1-a552-ed8b355ef582.tmp.csv
\\?\C:\ProgramData\Microsoft\Windows\WER\Temp\WER.8a2bcc0a-e848-45e7-86ba-daf4bb215d06.tmp.txt
\\?\C:\ProgramData\Microsoft\Windows\WER\Temp\WER.ebb150f8-d54b-4b19-a31c-8bc2f4f5dd60.tmp.xml

These files may be available here:
NULL

Analysis symbol: 
Rechecking for solution: 0
Report Id: 9d836a02-f646-428d-b9b1-7bcb501e1420
Report Status: 268435456
Hashed bucket: d212aaa8f67b9687e76261714ba393e8
Cab Guid: 0"
Information,12/25/2022 7:19:39 PM,Microsoft-Windows-CAPI2,4097,None,"Successful auto update of third-party root certificate:: Subject: <CN=DigiCert Global Root G3, OU=www.digicert.com, O=DigiCert Inc, C=US> Sha1 thumbprint: <7E04DE896A3E666D00E687D33FFAD93BE83D349E>."
Information,12/25/2022 7:17:43 PM,SecurityCenter,15,None,Updated Windows Defender status successfully to SECURITY_PRODUCT_STATE_ON.
Information,12/25/2022 7:17:41 PM,SecurityCenter,15,None,Updated Windows Defender status successfully to SECURITY_PRODUCT_STATE_ON.
Information,12/25/2022 7:17:31 PM,edgeupdate,0,None,Service stopped.
Information,12/25/2022 7:16:48 PM,Microsoft-Windows-Security-SPP,16384,None,Successfully scheduled Software Protection service for re-start at 2122-12-01T22:16:48Z. Reason: RulesEngine.
Information,12/25/2022 7:16:28 PM,edgeupdate,0,None,Service stopped.
Information,12/25/2022 7:16:08 PM,igfxCUIService2.0.0.0,0,None,The operation completed successfully. 
Information,12/25/2022 7:16:08 PM,Microsoft-Windows-Winlogon,6000,None,The winlogon notification subscriber <SessionEnv> was unavailable to handle a notification event.
Information,12/25/2022 7:16:08 PM,igfxCUIService2.0.0.0,0,None,The operation completed successfully. 
Information,12/25/2022 7:16:08 PM,igfxCUIService2.0.0.0,0,None,The operation completed successfully. 
Information,12/25/2022 7:16:07 PM,Microsoft-Windows-Winlogon,6003,None,The winlogon notification subscriber <SessionEnv> was unavailable to handle a critical notification event.
Information,12/25/2022 7:16:06 PM,Desktop Window Manager,9027,None,The Desktop Window Manager has registered the session port.
Information,12/25/2022 7:16:05 PM,Microsoft-Windows-Winlogon,6000,None,The winlogon notification subscriber <SessionEnv> was unavailable to handle a notification event.
Information,12/25/2022 7:16:05 PM,Microsoft-Windows-Winlogon,6000,None,The winlogon notification subscriber <WSearch> was unavailable to handle a notification event.
Information,12/25/2022 7:16:05 PM,igfxCUIService2.0.0.0,0,None,The operation completed successfully. 
Information,12/25/2022 7:16:05 PM,igfxCUIService2.0.0.0,0,None,The operation completed successfully. 
Information,12/25/2022 7:15:58 PM,Microsoft-Windows-Security-SPP,16394,None,Offline downlevel migration succeeded.
Information,12/25/2022 7:15:33 PM,edgeupdate,0,None,Service stopped.
Information,12/25/2022 7:14:30 PM,edgeupdate,0,None,Service stopped.
Information,12/25/2022 7:13:28 PM,edgeupdate,0,None,Service stopped.
Information,12/25/2022 7:12:35 PM,Microsoft-Windows-CAPI2,4097,None,"Successful auto update of third-party root certificate:: Subject: <CN=Baltimore CyberTrust Root, OU=CyberTrust, O=Baltimore, C=IE> Sha1 thumbprint: <D4DE20D05E66FC53FE1A50882C78DB2852CAE474>."
Information,12/25/2022 7:12:35 PM,Microsoft-Windows-CAPI2,4097,None,"Successful auto update of third-party root certificate:: Subject: <CN=Baltimore CyberTrust Root, OU=CyberTrust, O=Baltimore, C=IE> Sha1 thumbprint: <D4DE20D05E66FC53FE1A50882C78DB2852CAE474>."
Information,12/25/2022 7:12:28 PM,edgeupdate,0,None,Service stopped.
Information,12/25/2022 7:11:28 PM,edgeupdate,0,None,Service stopped.
Information,12/25/2022 7:10:51 PM,Microsoft-Windows-Security-SPP,16384,None,Successfully scheduled Software Protection service for re-start at 2122-12-01T22:10:51Z. Reason: RulesEngine.
Information,12/25/2022 7:10:32 PM,edgeupdate,0,None,Service stopped.
Information,12/25/2022 7:10:23 PM,Microsoft-Windows-Search-ProfileNotify,5,None,"Windows Search Service has created default configuration for new user 'Saezo\ozeas' .
"
Information,12/25/2022 7:10:22 PM,Windows Error Reporting,1001,None,"Fault bucket , type 0
Event Name: WinPBRDiag
Response: Not available
Cab Id: 0

Problem signature:
P1: 1
P2: X
P3: 9
P4: 0
P5: X
P6: X
P7: 22621
P8: ni_release
P9: X
P10: X

Attached files:
\\?\C:\Windows\Panther\SetupAct.log
\\?\C:\Windows\Panther\diagerr.xml
\\?\C:\Windows\INF\setupapi.setup.log
\\?\C:\Windows\INF\setupapi.dev.log
\\?\C:\Windows\INF\setupapi.offline.log
\\?\C:\ProgramData\Microsoft\Windows\WER\Temp\WER.f56e8030-e6e9-409b-ad01-1fe9350134f8.tmp.WERInternalMetadata.xml
\\?\C:\ProgramData\Microsoft\Windows\WER\Temp\WER.74e78936-5e19-409a-ba64-be2373cb13ba.tmp.csv
\\?\C:\ProgramData\Microsoft\Windows\WER\Temp\WER.d46bc28f-2355-4c15-a659-1bc04cee99c4.tmp.txt
\\?\C:\ProgramData\Microsoft\Windows\WER\Temp\WER.e8dc491c-1a1e-417a-b92b-80fbd92d8f91.tmp.xml

These files may be available here:
\\?\C:\ProgramData\Microsoft\Windows\WER\ReportQueue\NonCritical_1_9dfa32aef1fc523416b3a6e597d61231c035a9_00000000_cab_ae29d8c5-4db2-4b68-9b9d-df9a429f230b

Analysis symbol: 
Rechecking for solution: 0
Report Id: ae29d8c5-4db2-4b68-9b9d-df9a429f230b
Report Status: 6
Hashed bucket: 
Cab Guid: 0"
Information,12/25/2022 7:10:21 PM,Microsoft-Windows-Security-SPP,16394,None,Offline downlevel migration succeeded.
Information,12/25/2022 7:10:09 PM,Microsoft-Windows-Security-SPP,16384,None,Successfully scheduled Software Protection service for re-start at 2122-12-01T22:10:09Z. Reason: RulesEngine.
Information,12/25/2022 7:09:33 PM,SecurityCenter,15,None,Updated Windows Defender status successfully to SECURITY_PRODUCT_STATE_ON.
Information,12/25/2022 7:09:31 PM,SecurityCenter,1,None,The Windows Security Center Service has started.
Information,12/25/2022 7:09:31 PM,edgeupdate,0,None,Service stopped.
Information,12/25/2022 7:09:29 PM,edgeupdate,0,None,Service stopped.
Information,12/25/2022 7:09:04 PM,Microsoft-Windows-Security-SPP,16394,None,Offline downlevel migration succeeded.
Information,12/25/2022 7:08:31 PM,edgeupdate,0,None,Service stopped.
Information,12/25/2022 7:08:05 PM,Microsoft-Windows-Security-SPP,903,None,"The Software Protection service has stopped.
"
Information,12/25/2022 7:08:05 PM,Microsoft-Windows-Security-SPP,16384,None,Successfully scheduled Software Protection service for re-start at 2122-12-01T22:08:05Z. Reason: RulesEngine.
Information,12/25/2022 7:07:38 PM,edgeupdate,0,None,Service stopped.
Information,12/25/2022 7:07:35 PM,Microsoft-Windows-Security-SPP,902,None,"The Software Protection service has started.
10.0.22621.963"
Information,12/25/2022 7:07:34 PM,Microsoft-Windows-Security-SPP,1003,None,"The Software Protection service has completed licensing status check.
Application Id=55c92734-d682-4d71-983e-d6ec3f16059f
Licensing Status=
1: 040fa323-92b1-4baf-97a2-5b67feaefddb, 1, 0 [(0 [0xC004F014, 0, 0], [(?)(?)(?)(?)(?)(?)(?)(?)])(1 )(2 )(3 )]
2: 0724cb7d-3437-4cb7-93cb-830375d0079d, 1, 0 [(0 [0xC004F014, 0, 0], [(?)(?)(?)(?)(?)(?)(?)(?)])(1 )(2 )(3 )]
3: 0ad2ac98-7bb9-4201-8d92-312299201369, 1, 0 [(0 [0xC004F014, 0, 0], [(?)(?)(?)(?)(?)(?)(?)(?)])(1 )(2 )(3 )]
4: 1a9a717a-cf13-4ba5-83c3-0fe25fa868d5, 1, 0 [(0 [0xC004F014, 0, 0], [(?)(?)(?)(?)(?)(?)(?)(?)])(1 )(2 )(3 )]
5: 221a02da-e2a1-4b75-864c-0a4410a33fdf, 1, 0 [(0 [0xC004F014, 0, 0], [(?)(?)(?)(?)(?)(?)(?)(?)])(1 )(2 )(3 )]
6: 291ece0e-9c38-40ca-a9e1-32cc7ec19507, 1, 0 [(0 [0xC004F014, 0, 0], [(?)(?)(?)(?)(?)(?)(?)(?)])(1 )(2 )(3 )]
7: 2936d1d2-913a-4542-b54e-ce5a602a2a38, 1, 0 [(0 [0xC004F014, 0, 0], [(?)(?)(?)(?)(?)(?)(?)(?)])(1 )(2 )(3 )]
8: 2c293c26-a45a-4a2a-a350-c69a67097529, 1, 0 [(0 [0xC004F014, 0, 0], [(?)(?)(?)(?)(?)(?)(?)(?)])(1 )(2 )(3 )]
9: 2de67392-b7a7-462a-b1ca-108dd189f588, 1, 0 [(0 [0xC004F014, 0, 0], [(?)(?)(?)(?)(?)(?)(?)(?)])(1 )(2 )(3 )]
10: 2ffd8952-423e-4903-b993-72a1aa44cf82, 1, 0 [(0 [0xC004F014, 0, 0], [(?)(?)(?)(?)(?)(?)(?)(?)])(1 )(2 )(3 )]
11: 30a42c86-b7a0-4a34-8c90-ff177cb2acb7, 1, 0 [(0 [0xC004F014, 0, 0], [(?)(?)(?)(?)(?)(?)(?)(?)])(1 )(2 )(3 )]
12: 345a5db0-d94f-4e3b-a0c0-7c42f7bc3ebf, 1, 0 [(0 [0xC004F014, 0, 0], [(?)(?)(?)(?)(?)(?)(?)(?)])(1 )(2 )(3 )]
13: 3502365a-f88a-4ba4-822a-5769d3073b65, 1, 0 [(0 [0xC004F014, 0, 0], [(?)(?)(?)(?)(?)(?)(?)(?)])(1 )(2 )(3 )]
14: 377333b1-8b5d-48d6-9679-1225c872d37c, 1, 0 [(0 [0xC004F014, 0, 0], [(?)(?)(?)(?)(?)(?)(?)(?)])(1 )(2 )(3 )]
15: 3df374ef-d444-4494-a5a1-4b0d9fd0e203, 1, 0 [(0 [0xC004F014, 0, 0], [(?)(?)(?)(?)(?)(?)(?)(?)])(1 )(2 )(3 )]
16: 3f1afc82-f8ac-4f6c-8005-1d233e606eee, 1, 0 [(0 [0xC004F014, 0, 0], [(?)(?)(?)(?)(?)(?)(?)(?)])(1 )(2 )(3 )]
17: 49cd895b-53b2-4dc4-a5f7-b18aa019ad37, 1, 0 [(0 [0xC004F014, 0, 0], [(?)(?)(?)(?)(?)(?)(?)(?)])(1 )(2 )(3 )]
18: 4de7cb65-cdf1-4de9-8ae8-e3cce27b9f2c, 1, 0 [(0 [0xC004F014, 0, 0], [(?)(?)(?)(?)(?)(?)(?)(?)])(1 )(2 )(3 )]
19: 4f3da0d2-271d-4508-ae81-626b60809a38, 1, 0 [(0 [0xC004F014, 0, 0], [(?)(?)(?)(?)(?)(?)(?)(?)])(1 )(2 )(3 )]
20: 5d78c4e9-aeb3-4b40-8ac2-6a6005e0ad6d, 1, 0 [(0 [0xC004F014, 0, 0], [(?)(?)(?)(?)(?)(?)(?)(?)])(1 )(2 )(3 )]
21: 60b3ec1b-9545-4921-821f-311b129dd6f6, 1, 0 [(0 [0xC004F014, 0, 0], [(?)(?)(?)(?)(?)(?)(?)(?)])(1 )(2 )(3 )]
22: 613d217f-7f13-4268-9907-1662339531cd, 1, 0 [(0 [0xC004F014, 0, 0], [(?)(?)(?)(?)(?)(?)(?)(?)])(1 )(2 )(3 )]
23: 62f0c100-9c53-4e02-b886-a3528ddfe7f6, 1, 0 [(0 [0xC004F014, 0, 0], [(?)(?)(?)(?)(?)(?)(?)(?)])(1 )(2 )(3 )]
24: 6365275e-368d-46ca-a0ef-fc0404119333, 1, 0 [(0 [0xC004F014, 0, 0], [(?)(?)(?)(?)(?)(?)(?)(?)])(1 )(2 )(3 )]
25: 721f9237-9341-4453-a661-09e8baa6cca5, 1, 0 [(0 [0xC004F014, 0, 0], [(?)(?)(?)(?)(?)(?)(?)(?)])(1 )(2 )(3 )]
26: 73111121-5638-40f6-bc11-f1d7b0d64300, 1, 0 [(0 [0xC004F014, 0, 0], [(?)(?)(?)(?)(?)(?)(?)(?)])(1 )(2 )(3 )]
27: 7a802526-4c94-4bd1-ba14-835a1aca2120, 1, 0 [(0 [0xC004F014, 0, 0], [(?)(?)(?)(?)(?)(?)(?)(?)])(1 )(2 )(3 )]
28: 7cb546c0-c7d5-44d8-9a5c-69ecdd782b69, 1, 0 [(0 [0xC004F014, 0, 0], [(?)(?)(?)(?)(?)(?)(?)(?)])(1 )(2 )(3 )]
29: 82bbc092-bc50-4e16-8e18-b74fc486aec3, 1, 0 [(0 [0xC004F014, 0, 0], [(?)(?)(?)(?)(?)(?)(?)(?)])(1 )(2 )(3 )]
30: 8ab9bdd1-1f67-4997-82d9-8878520837d9, 1, 0 [(0 [0xC004F014, 0, 0], [(?)(?)(?)(?)(?)(?)(?)(?)])(1 )(2 )(3 )]
31: 8b351c9c-f398-4515-9900-09df49427262, 1, 0 [(0 [0xC004F014, 0, 0], [(?)(?)(?)(?)(?)(?)(?)(?)])(1 )(2 )(3 )]
32: 90da7373-1c51-430b-bf26-c97e9c5cdc31, 1, 0 [(0 [0xC004F014, 0, 0], [(?)(?)(?)(?)(?)(?)(?)(?)])(1 )(2 )(3 )]
33: 92fb8726-92a8-4ffc-94ce-f82e07444653, 1, 0 [(0 [0xC004F014, 0, 0], [(?)(?)(?)(?)(?)(?)(?)(?)])(1 )(2 )(3 )]
34: 95dca82f-385d-4d39-b85b-5c73fa285d6f, 1, 0 [(0 [0xC004F014, 0, 0], [(?)(?)(?)(?)(?)(?)(?)(?)])(1 )(2 )(3 )]
35: a48938aa-62fa-4966-9d44-9f04da3f72f2, 1, 0 [(0 [0xC004F014, 0, 0], [(?)(?)(?)(?)(?)(?)(?)(?)])(1 )(2 )(3 )]
36: b0773a15-df3a-4312-9ad2-83d69648e356, 1, 0 [(0 [0xC004F014, 0, 0], [(?)(?)(?)(?)(?)(?)(?)(?)])(1 )(2 )(3 )]
37: b4bfe195-541e-4e64-ad23-6177f19e395e, 1, 0 [(0 [0xC004F014, 0, 0], [(?)(?)(?)(?)(?)(?)(?)(?)])(1 )(2 )(3 )]
38: b68e61d2-68ca-4757-be45-0cc2f3e68eee, 1, 0 [(0 [0xC004F014, 0, 0], [(?)(?)(?)(?)(?)(?)(?)(?)])(1 )(2 )(3 )]
39: bd3762d7-270d-4760-8fb3-d829ca45278a, 1, 1 [(0 )(1 )(2 [0x00000000, 1, 0], [(?)( 1 0x00000000)(?)(?)(?)(?)( 10 0x00000000 msft:rm/algorithm/flags/1.0)(?)])(3 )]
40: c86d5194-4840-4dae-9c1c-0301003a5ab0, 1, 0 [(0 [0xC004F014, 0, 0], [(?)(?)(?)(?)(?)(?)(?)(?)])(1 )(2 )(3 )]
41: ca7df2e3-5ea0-47b8-9ac1-b1be4d8edd69, 1, 0 [(0 [0xC004F014, 0, 0], [(?)(?)(?)(?)(?)(?)(?)(?)])(1 )(2 )(3 )]
42: d552befb-48cc-4327-8f39-47d2d94f987c, 1, 0 [(0 [0xC004F014, 0, 0], [(?)(?)(?)(?)(?)(?)(?)(?)])(1 )(2 )(3 )]
43: d6eadb3b-5ca8-4a6b-986e-35b550756111, 1, 0 [(0 [0xC004F014, 0, 0], [(?)(?)(?)(?)(?)(?)(?)(?)])(1 )(2 )(3 )]
44: df96023b-dcd9-4be2-afa0-c6c871159ebe, 1, 0 [(0 [0xC004F014, 0, 0], [(?)(?)(?)(?)(?)(?)(?)(?)])(1 )(2 )(3 )]
45: e0c42288-980c-4788-a014-c080d2e1926e, 1, 0 [(0 [0xC004F014, 0, 0], [(?)(?)(?)(?)(?)(?)(?)(?)])(1 )(2 )(3 )]
46: e4db50ea-bda1-4566-b047-0ca50abc6f07, 1, 0 [(0 [0xC004F014, 0, 0], [(?)(?)(?)(?)(?)(?)(?)(?)])(1 )(2 )(3 )]
47: e558417a-5123-4f6f-91e7-385c1c7ca9d4, 1, 0 [(0 [0xC004F014, 0, 0], [(?)(?)(?)(?)(?)(?)(?)(?)])(1 )(2 )(3 )]
48: e7a950a2-e548-4f10-bf16-02ec848e0643, 1, 0 [(0 [0xC004F014, 0, 0], [(?)(?)(?)(?)(?)(?)(?)(?)])(1 )(2 )(3 )]
49: eb6d346f-1c60-4643-b960-40ec31596c45, 1, 0 [(0 [0xC004F014, 0, 0], [(?)(?)(?)(?)(?)(?)(?)(?)])(1 )(2 )(3 )]
50: ec868e65-fadf-4759-b23e-93fe37f2cc29, 1, 0 [(0 [0xC004F014, 0, 0], [(?)(?)(?)(?)(?)(?)(?)(?)])(1 )(2 )(3 )]
51: ef51e000-2659-4f25-8345-3de70a9cf4c4, 1, 0 [(0 [0xC004F014, 0, 0], [(?)(?)(?)(?)(?)(?)(?)(?)])(1 )(2 )(3 )]
52: f7af7d09-40e4-419c-a49b-eae366689ebd, 1, 0 [(0 [0xC004F014, 0, 0], [(?)(?)(?)(?)(?)(?)(?)(?)])(1 )(2 )(3 )]
53: fa755fe6-6739-40b9-8d84-6d0ea3b6d1ab, 1, 0 [(0 [0xC004F014, 0, 0], [(?)(?)(?)(?)(?)(?)(?)(?)])(1 )(2 )(3 )]
54: fe74f55b-0338-41d6-b267-4a201abe7285, 1, 0 [(0 [0xC004F014, 0, 0], [(?)(?)(?)(?)(?)(?)(?)(?)])(1 )(2 )(3 )]

"
Information,12/25/2022 7:07:34 PM,Microsoft-Windows-Security-SPP,1066,None,"Initialization status for service objects.
C:\WINDOWS\system32\sppwinob.dll, msft:spp/windowsfunctionality/agent/7.0, 0x00000000, 0x00000000
C:\WINDOWS\system32\sppobjs.dll, msft:rm/algorithm/inherited/1.0, 0x00000000, 0x00000000
C:\WINDOWS\system32\sppobjs.dll, msft:rm/algorithm/phone/1.0, 0x00000000, 0x00000000
C:\WINDOWS\system32\sppobjs.dll, msft:rm/algorithm/pkey/detect, 0x00000000, 0x00000000
C:\WINDOWS\system32\sppobjs.dll, msft:spp/ActionScheduler/1.0, 0x00000000, 0x00000000
C:\WINDOWS\system32\sppobjs.dll, msft:spp/TaskScheduler/1.0, 0x00000000, 0x00000000
C:\WINDOWS\system32\sppobjs.dll, msft:spp/statecollector/pkey, 0x00000000, 0x00000000
C:\WINDOWS\system32\sppobjs.dll, msft:spp/volume/services/kms/1.0, 0x00000000, 0x00000000
C:\WINDOWS\system32\sppobjs.dll, msft:spp/volume/services/kms/activationinfo/1.0, 0x00000000, 0x00000000
"
Information,12/25/2022 7:07:34 PM,Microsoft-Windows-Security-SPP,16394,None,Offline downlevel migration succeeded.
Information,12/25/2022 7:07:34 PM,Microsoft-Windows-Security-SPP,900,None,"The Software Protection service is starting.
Parameters:TriggerStarted:6"
