Error,1/1/2023 5:19:22 PM,Application Error,1000,Application Crashing Events,"Faulting application name: iw4mp.dat, version: 0.0.0.0, time stamp: 0x4b68bba4
Faulting module name: KERNEL32.DLL, version: 6.2.22621.963, time stamp: 0xf5cd78ad
Exception code: 0xc0000005
Fault offset: 0x0001db1d
Faulting process id: 0x%9
Faulting application start time: 0x%10
Faulting application path: %11
Faulting module path: %12
Report Id: %13
Faulting package full name: %14
Faulting package-relative application ID: %15"
Information,1/1/2023 5:12:40 PM,Windows Error Reporting,1001,None,"Fault bucket 1679983402601103675, type 1
Event Name: APPCRASH
Response: Not available
Cab Id: 0

Problem signature:
P1: iw4mp.dat
P2: 0.0.0.0
P3: 4b68bba4
P4: KERNEL32.DLL
P5: 6.2.22621.963
P6: f5cd78ad
P7: c0000005
P8: 0001db1d
P9: 
P10: 

Attached files:
\\?\C:\ProgramData\Microsoft\Windows\WER\Temp\WER.2cc977c1-a0a0-49fc-9d6a-bd3aa952a8d9.tmp.WERInternalMetadata.xml
\\?\C:\ProgramData\Microsoft\Windows\WER\Temp\WER.3044f23a-ac24-44d9-8806-de53d6181080.tmp.csv
\\?\C:\ProgramData\Microsoft\Windows\WER\Temp\WER.157628ab-5ff2-4f9a-978e-6ea7bcfcf6e8.tmp.txt
\\?\C:\ProgramData\Microsoft\Windows\WER\Temp\WER.c087f4f9-0935-4bb4-9c49-4b125e45f106.tmp.xml

These files may be available here:
\\?\C:\ProgramData\Microsoft\Windows\WER\ReportArchive\AppCrash_iw4mp.dat_b8924a246563965f384d905f2a64e7af9177c_00000000_90b2a695-3593-47ad-9ef5-bee7ee6b736d

Analysis symbol: 
Rechecking for solution: 0
Report Id: 90b2a695-3593-47ad-9ef5-bee7ee6b736d
Report Status: 268435456
Hashed bucket: 4021345a24609f3807508000f497413b
Cab Guid: 0"
Error,1/1/2023 5:12:39 PM,Application Error,1000,Application Crashing Events,"Faulting application name: iw4mp.dat, version: 0.0.0.0, time stamp: 0x4b68bba4
Faulting module name: KERNEL32.DLL, version: 6.2.22621.963, time stamp: 0xf5cd78ad
Exception code: 0xc0000005
Fault offset: 0x0001db1d
Faulting process id: 0x%9
Faulting application start time: 0x%10
Faulting application path: %11
Faulting module path: %12
Report Id: %13
Faulting package full name: %14
Faulting package-relative application ID: %15"
Information,1/1/2023 5:12:17 PM,Windows Error Reporting,1001,None,"Fault bucket 1679983402601103675, type 1
Event Name: APPCRASH
Response: Not available
Cab Id: 0

Problem signature:
P1: iw4mp.dat
P2: 0.0.0.0
P3: 4b68bba4
P4: KERNEL32.DLL
P5: 6.2.22621.963
P6: f5cd78ad
P7: c0000005
P8: 0001db1d
P9: 
P10: 

Attached files:
\\?\C:\ProgramData\Microsoft\Windows\WER\Temp\WER.b57981ca-c766-4232-bd99-20272c3b2d0c.tmp.WERInternalMetadata.xml
\\?\C:\ProgramData\Microsoft\Windows\WER\Temp\WER.a8577d27-6a23-4228-b481-2a4cee5618ac.tmp.csv
\\?\C:\ProgramData\Microsoft\Windows\WER\Temp\WER.2e85e966-5054-421f-8594-956525716609.tmp.txt
\\?\C:\ProgramData\Microsoft\Windows\WER\Temp\WER.3657d52f-1f83-4238-98fc-6c9d8b5270cd.tmp.xml

These files may be available here:
\\?\C:\ProgramData\Microsoft\Windows\WER\ReportArchive\AppCrash_iw4mp.dat_b8924a246563965f384d905f2a64e7af9177c_00000000_1f3abc04-4545-4e34-ba12-c6729a6210a9

Analysis symbol: 
Rechecking for solution: 0
Report Id: 1f3abc04-4545-4e34-ba12-c6729a6210a9
Report Status: 268435456
Hashed bucket: 4021345a24609f3807508000f497413b
Cab Guid: 0"
Error,1/1/2023 5:12:15 PM,Application Error,1000,Application Crashing Events,"Faulting application name: iw4mp.dat, version: 0.0.0.0, time stamp: 0x4b68bba4
Faulting module name: KERNEL32.DLL, version: 6.2.22621.963, time stamp: 0xf5cd78ad
Exception code: 0xc0000005
Fault offset: 0x0001db1d
Faulting process id: 0x%9
Faulting application start time: 0x%10
Faulting application path: %11
Faulting module path: %12
Report Id: %13
Faulting package full name: %14
Faulting package-relative application ID: %15"
Information,1/1/2023 4:43:35 PM,VSS,8224,None,The VSS service is shutting down due to idle timeout. 
Information,1/1/2023 4:41:50 PM,Microsoft-Windows-Security-SPP,16384,None,Successfully scheduled Software Protection service for re-start at 2122-12-08T19:41:50Z. Reason: RulesEngine.
Information,1/1/2023 4:41:20 PM,Microsoft-Windows-Security-SPP,16394,None,Offline downlevel migration succeeded.
Information,1/1/2023 4:41:14 PM,Microsoft-Windows-RestartManager,10001,None,Ending session 1 started ‎2023‎-‎01‎-‎01T19:00:48.283853800Z.
Information,1/1/2023 4:40:35 PM,System Restore,8216,None,Skipping creation of restore point (Process = C:\Users\ozeas\AppData\Local\Temp\IXP000.TMP\dxwsetup.exe; Description = Installed DirectX) as there is a restore point avaliable which is recent enough for System Restore.
Information,1/1/2023 4:29:04 PM,Windows Error Reporting,1001,None,"Fault bucket 1990465500311970991, type 5
Event Name: RADAR_PRE_LEAK_WOW64
Response: Not available
Cab Id: 0

Problem signature:
P1: nz.exe
P2: 0.0.0.0
P3: 10.0.22621.2.0.0
P4: 
P5: 
P6: 
P7: 
P8: 
P9: 
P10: 

Attached files:
\\?\C:\Users\ozeas\AppData\Local\Temp\RDRAB06.tmp\empty.txt
\\?\C:\ProgramData\Microsoft\Windows\WER\Temp\WER.0d6078e9-14bc-420a-9164-791e89e043a5.tmp.WERInternalMetadata.xml
\\?\C:\ProgramData\Microsoft\Windows\WER\Temp\WER.a409041d-26e1-473a-9512-1f52ce4936b3.tmp.csv
\\?\C:\ProgramData\Microsoft\Windows\WER\Temp\WER.b53b807c-b736-4c70-a0f4-166c4d82d241.tmp.txt
\\?\C:\ProgramData\Microsoft\Windows\WER\Temp\WER.9662493a-2b2d-4cd9-93a0-66a1a21de98d.tmp.xml

These files may be available here:
NULL

Analysis symbol: 
Rechecking for solution: 0
Report Id: cf21b573-1f68-4e23-8fef-ce5b231806ac
Report Status: 268435456
Hashed bucket: cf7ebced42af38189b9f8dd39bc3e4af
Cab Guid: 0"
Information,1/1/2023 4:00:48 PM,Microsoft-Windows-RestartManager,10000,None,Starting session 1 - ‎2023‎-‎01‎-‎01T19:00:48.283853800Z.
Information,1/1/2023 4:00:43 PM,Microsoft-Windows-RestartManager,10001,None,Ending session 1 started ‎2023‎-‎01‎-‎01T18:58:51.816968800Z.
Information,1/1/2023 4:00:13 PM,MsiInstaller,1035,None,Windows Installer reconfigured the product. Product Name: Kaspersky Password Manager. Product Version: 10.2.0.341. Product Language: 1046. Manufacturer: Kaspersky Lab. Reconfiguration success or error status: 0.
Information,1/1/2023 4:00:13 PM,MsiInstaller,1035,None,Windows Installer reconfigured the product. Product Name: Python Launcher. Product Version: 3.8.7427.0. Product Language: 1033. Manufacturer: Python Software Foundation. Reconfiguration success or error status: 0.
Information,1/1/2023 4:00:13 PM,MsiInstaller,1035,None,Windows Installer reconfigured the product. Product Name: Microsoft .NET Host - 6.0.12 (x64). Product Version: 48.51.51943. Product Language: 1033. Manufacturer: Microsoft Corporation. Reconfiguration success or error status: 0.
Information,1/1/2023 4:00:13 PM,MsiInstaller,1035,None,Windows Installer reconfigured the product. Product Name: Dell SupportAssist. Product Version: 3.13.0.236. Product Language: 1033. Manufacturer: Dell Inc.. Reconfiguration success or error status: 0.
Information,1/1/2023 4:00:13 PM,MsiInstaller,1035,None,Windows Installer reconfigured the product. Product Name: Microsoft .NET Runtime - 6.0.9 (x64). Product Version: 48.39.47157. Product Language: 1033. Manufacturer: Microsoft Corporation. Reconfiguration success or error status: 0.
Information,1/1/2023 4:00:13 PM,MsiInstaller,1035,None,Windows Installer reconfigured the product. Product Name: Microsoft Visual C++ 2013 x86 Additional Runtime - 12.0.40664. Product Version: 12.0.40664. Product Language: 1033. Manufacturer: Microsoft Corporation. Reconfiguration success or error status: 0.
Information,1/1/2023 4:00:13 PM,MsiInstaller,1035,None,Windows Installer reconfigured the product. Product Name: Tableau 2019.3 (20193.19.0821.2225). Product Version: 19.3.510. Product Language: 1033. Manufacturer: Tableau Software. Reconfiguration success or error status: 0.
Information,1/1/2023 4:00:13 PM,MsiInstaller,1035,None,Windows Installer reconfigured the product. Product Name: Microsoft .NET Host FX Resolver - 6.0.12 (x64). Product Version: 48.51.51943. Product Language: 1033. Manufacturer: Microsoft Corporation. Reconfiguration success or error status: 0.
Information,1/1/2023 4:00:13 PM,MsiInstaller,1035,None,Windows Installer reconfigured the product. Product Name: Microsoft Visual C++ 2019 X86 Minimum Runtime - 14.29.30135. Product Version: 14.29.30135. Product Language: 1033. Manufacturer: Microsoft Corporation. Reconfiguration success or error status: 0.
Information,1/1/2023 4:00:13 PM,MsiInstaller,1035,None,Windows Installer reconfigured the product. Product Name: Intel(R) Icls. Product Version: 1.0.0.0. Product Language: 1033. Manufacturer: Intel Corporation. Reconfiguration success or error status: 0.
Information,1/1/2023 4:00:13 PM,MsiInstaller,1035,None,Windows Installer reconfigured the product. Product Name: Microsoft .NET Host FX Resolver - 5.0.17 (x86). Product Version: 40.68.31213. Product Language: 1033. Manufacturer: Microsoft Corporation. Reconfiguration success or error status: 0.
Information,1/1/2023 4:00:13 PM,MsiInstaller,1035,None,Windows Installer reconfigured the product. Product Name: Microsoft Visual C++ 2005 Redistributable. Product Version: 8.0.56336. Product Language: 0. Manufacturer: Microsoft Corporation. Reconfiguration success or error status: 0.
Information,1/1/2023 4:00:13 PM,MsiInstaller,1035,None,Windows Installer reconfigured the product. Product Name: Microsoft Update Health Tools. Product Version: 5.68.0.0. Product Language: 0. Manufacturer: Microsoft Corporation. Reconfiguration success or error status: 0.
Information,1/1/2023 4:00:13 PM,MsiInstaller,1035,None,Windows Installer reconfigured the product. Product Name: Microsoft Visual C++ 2013 x64 Additional Runtime - 12.0.40664. Product Version: 12.0.40664. Product Language: 1033. Manufacturer: Microsoft Corporation. Reconfiguration success or error status: 0.
Information,1/1/2023 4:00:13 PM,MsiInstaller,1035,None,Windows Installer reconfigured the product. Product Name: Microsoft .NET Runtime - 5.0.17 (x86). Product Version: 40.68.31213. Product Language: 1033. Manufacturer: Microsoft Corporation. Reconfiguration success or error status: 0.
Information,1/1/2023 4:00:13 PM,MsiInstaller,1035,None,Windows Installer reconfigured the product. Product Name: Amazon Redshift ODBC Driver 64-bit. Product Version: 1.3.7.1000. Product Language: 1033. Manufacturer: Amazon Corporate LLC. Reconfiguration success or error status: 0.
Information,1/1/2023 4:00:13 PM,MsiInstaller,1035,None,Windows Installer reconfigured the product. Product Name: Kaspersky Internet Security. Product Version: 21.3.10.391. Product Language: 1046. Manufacturer: Kaspersky. Reconfiguration success or error status: 0.
Information,1/1/2023 4:00:13 PM,MsiInstaller,1035,None,Windows Installer reconfigured the product. Product Name: Microsoft .NET Host - 5.0.17 (x86). Product Version: 40.68.31213. Product Language: 1033. Manufacturer: Microsoft Corporation. Reconfiguration success or error status: 0.
Information,1/1/2023 4:00:13 PM,MsiInstaller,1035,None,Windows Installer reconfigured the product. Product Name: Microsoft Visual C++ 2019 X86 Additional Runtime - 14.29.30135. Product Version: 14.29.30135. Product Language: 1033. Manufacturer: Microsoft Corporation. Reconfiguration success or error status: 0.
Information,1/1/2023 4:00:12 PM,MsiInstaller,1035,None,Windows Installer reconfigured the product. Product Name: NVIDIA PhysX. Product Version: 9.09.0025. Product Language: 1033. Manufacturer: NVIDIA Corporation. Reconfiguration success or error status: 0.
Information,1/1/2023 4:00:12 PM,MsiInstaller,1035,None,Windows Installer reconfigured the product. Product Name: Intel(R) LMS. Product Version: 1.0.0.0. Product Language: 1033. Manufacturer: Intel Corporation. Reconfiguration success or error status: 0.
Information,1/1/2023 4:00:12 PM,MsiInstaller,1035,None,Windows Installer reconfigured the product. Product Name: Kaspersky VPN. Product Version: 21.3.10.391. Product Language: 1046. Manufacturer: Kaspersky. Reconfiguration success or error status: 0.
Information,1/1/2023 4:00:12 PM,MsiInstaller,1035,None,"Windows Installer reconfigured the product. Product Name: LogMeIn Hamachi. Product Version: 2.2.0.633. Product Language: 1033. Manufacturer: LogMeIn, Inc.. Reconfiguration success or error status: 0."
Information,1/1/2023 4:00:12 PM,MsiInstaller,1035,None,Windows Installer reconfigured the product. Product Name: Dell SupportAssist OS Recovery Plugin for Dell Update. Product Version: 5.5.4.16189. Product Language: 1033. Manufacturer: Dell Inc.. Reconfiguration success or error status: 0.
Information,1/1/2023 4:00:12 PM,MsiInstaller,1035,None,Windows Installer reconfigured the product. Product Name: Microsoft Windows Desktop Runtime - 6.0.12 (x64). Product Version: 48.51.52100. Product Language: 1033. Manufacturer: Microsoft Corporation. Reconfiguration success or error status: 0.
Information,1/1/2023 4:00:12 PM,MsiInstaller,1035,None,Windows Installer reconfigured the product. Product Name: Microsoft Windows Desktop Runtime - 5.0.17 (x86). Product Version: 40.68.31219. Product Language: 1033. Manufacturer: Microsoft Corporation. Reconfiguration success or error status: 0.
Information,1/1/2023 4:00:12 PM,MsiInstaller,1035,None,Windows Installer reconfigured the product. Product Name: Microsoft Visual C++ 2019 X64 Minimum Runtime - 14.28.29325. Product Version: 14.28.29325. Product Language: 1033. Manufacturer: Microsoft Corporation. Reconfiguration success or error status: 0.
Information,1/1/2023 4:00:12 PM,MsiInstaller,1035,None,Windows Installer reconfigured the product. Product Name: Dynamic Application Loader Host Interface Service. Product Version: 1.0.0.0. Product Language: 1033. Manufacturer: Intel Corporation. Reconfiguration success or error status: 0.
Information,1/1/2023 4:00:12 PM,MsiInstaller,1035,None,Windows Installer reconfigured the product. Product Name: Microsoft Visual C++ 2019 X64 Additional Runtime - 14.28.29325. Product Version: 14.28.29325. Product Language: 1033. Manufacturer: Microsoft Corporation. Reconfiguration success or error status: 0.
Information,1/1/2023 4:00:12 PM,MsiInstaller,1035,None,Windows Installer reconfigured the product. Product Name: Intel(R) Management Engine Components. Product Version: 1.0.0.0. Product Language: 1033. Manufacturer: Intel Corporation. Reconfiguration success or error status: 0.
Information,1/1/2023 4:00:12 PM,MsiInstaller,1035,None,Windows Installer reconfigured the product. Product Name: Dell SupportAssist Remediation. Product Version: 5.5.5.16206. Product Language: 1033. Manufacturer: Dell Inc.. Reconfiguration success or error status: 0.
Information,1/1/2023 4:00:12 PM,MsiInstaller,1035,None,Windows Installer reconfigured the product. Product Name: Microsoft Visual C++ 2013 x64 Minimum Runtime - 12.0.40664. Product Version: 12.0.40664. Product Language: 1033. Manufacturer: Microsoft Corporation. Reconfiguration success or error status: 0.
Information,1/1/2023 4:00:12 PM,MsiInstaller,1035,None,Windows Installer reconfigured the product. Product Name: Microsoft .NET Host FX Resolver - 6.0.9 (x64). Product Version: 48.39.47157. Product Language: 1033. Manufacturer: Microsoft Corporation. Reconfiguration success or error status: 0.
Information,1/1/2023 4:00:12 PM,MsiInstaller,1035,None,Windows Installer reconfigured the product. Product Name: Microsoft ODBC Driver 17 for SQL Server. Product Version: 17.1.0.1. Product Language: 1033. Manufacturer: Microsoft Corporation. Reconfiguration success or error status: 0.
Information,1/1/2023 4:00:12 PM,MsiInstaller,1035,None,Windows Installer reconfigured the product. Product Name: Intel(R) Management Engine Driver. Product Version: 1.0.0.0. Product Language: 1033. Manufacturer: Intel Corporation. Reconfiguration success or error status: 0.
Information,1/1/2023 4:00:12 PM,MsiInstaller,1035,None,Windows Installer reconfigured the product. Product Name: Microsoft Visual C++ 2010  x86 Redistributable - 10.0.40219. Product Version: 10.0.40219. Product Language: 0. Manufacturer: Microsoft Corporation. Reconfiguration success or error status: 0.
Information,1/1/2023 4:00:12 PM,MsiInstaller,1035,None,Windows Installer reconfigured the product. Product Name: Microsoft .NET Runtime - 6.0.12 (x64). Product Version: 48.51.51943. Product Language: 1033. Manufacturer: Microsoft Corporation. Reconfiguration success or error status: 0.
Information,1/1/2023 4:00:12 PM,MsiInstaller,1035,None,Windows Installer reconfigured the product. Product Name: Microsoft Visual C++ 2013 x86 Minimum Runtime - 12.0.40664. Product Version: 12.0.40664. Product Language: 1033. Manufacturer: Microsoft Corporation. Reconfiguration success or error status: 0.
Information,1/1/2023 4:00:12 PM,MsiInstaller,1035,None,Windows Installer reconfigured the product. Product Name: Microsoft Visual C++ 2010  x64 Redistributable - 10.0.40219. Product Version: 10.0.40219. Product Language: 0. Manufacturer: Microsoft Corporation. Reconfiguration success or error status: 0.
Information,1/1/2023 4:00:12 PM,MsiInstaller,1035,None,Windows Installer reconfigured the product. Product Name: psqlODBC_x64. Product Version: 09.06.0504. Product Language: 1033. Manufacturer: PostgreSQL Global Development Group. Reconfiguration success or error status: 0.
Information,1/1/2023 4:00:12 PM,MsiInstaller,1035,None,Windows Installer reconfigured the product. Product Name: Nefarius Virtual Gamepad Emulation Bus Driver. Product Version: 1.17.333.0. Product Language: 1033. Manufacturer: Nefarius Software Solutions e.U.. Reconfiguration success or error status: 0.
Information,1/1/2023 4:00:11 PM,MsiInstaller,1035,None,Windows Installer reconfigured the product. Product Name: Kaspersky Password Manager. Product Version: 10.2.0.341. Product Language: 1046. Manufacturer: Kaspersky Lab. Reconfiguration success or error status: 0.
Information,1/1/2023 4:00:11 PM,MsiInstaller,1035,None,Windows Installer reconfigured the product. Product Name: Python Launcher. Product Version: 3.8.7427.0. Product Language: 1033. Manufacturer: Python Software Foundation. Reconfiguration success or error status: 0.
Information,1/1/2023 4:00:11 PM,MsiInstaller,1035,None,Windows Installer reconfigured the product. Product Name: Microsoft .NET Host - 6.0.12 (x64). Product Version: 48.51.51943. Product Language: 1033. Manufacturer: Microsoft Corporation. Reconfiguration success or error status: 0.
Information,1/1/2023 4:00:11 PM,MsiInstaller,1035,None,Windows Installer reconfigured the product. Product Name: Dell SupportAssist. Product Version: 3.13.0.236. Product Language: 1033. Manufacturer: Dell Inc.. Reconfiguration success or error status: 0.
Information,1/1/2023 4:00:10 PM,MsiInstaller,1035,None,Windows Installer reconfigured the product. Product Name: Microsoft .NET Runtime - 6.0.9 (x64). Product Version: 48.39.47157. Product Language: 1033. Manufacturer: Microsoft Corporation. Reconfiguration success or error status: 0.
Information,1/1/2023 4:00:10 PM,MsiInstaller,1035,None,Windows Installer reconfigured the product. Product Name: Microsoft Visual C++ 2013 x86 Additional Runtime - 12.0.40664. Product Version: 12.0.40664. Product Language: 1033. Manufacturer: Microsoft Corporation. Reconfiguration success or error status: 0.
Information,1/1/2023 4:00:10 PM,MsiInstaller,1035,None,Windows Installer reconfigured the product. Product Name: Tableau 2019.3 (20193.19.0821.2225). Product Version: 19.3.510. Product Language: 1033. Manufacturer: Tableau Software. Reconfiguration success or error status: 0.
Information,1/1/2023 4:00:10 PM,MsiInstaller,1035,None,Windows Installer reconfigured the product. Product Name: Microsoft .NET Host FX Resolver - 6.0.12 (x64). Product Version: 48.51.51943. Product Language: 1033. Manufacturer: Microsoft Corporation. Reconfiguration success or error status: 0.
Information,1/1/2023 4:00:10 PM,MsiInstaller,1035,None,Windows Installer reconfigured the product. Product Name: Microsoft Visual C++ 2019 X86 Minimum Runtime - 14.29.30135. Product Version: 14.29.30135. Product Language: 1033. Manufacturer: Microsoft Corporation. Reconfiguration success or error status: 0.
Information,1/1/2023 4:00:10 PM,MsiInstaller,1035,None,Windows Installer reconfigured the product. Product Name: Intel(R) Icls. Product Version: 1.0.0.0. Product Language: 1033. Manufacturer: Intel Corporation. Reconfiguration success or error status: 0.
Information,1/1/2023 4:00:10 PM,MsiInstaller,1035,None,Windows Installer reconfigured the product. Product Name: Microsoft .NET Host FX Resolver - 5.0.17 (x86). Product Version: 40.68.31213. Product Language: 1033. Manufacturer: Microsoft Corporation. Reconfiguration success or error status: 0.
Information,1/1/2023 4:00:10 PM,MsiInstaller,1035,None,Windows Installer reconfigured the product. Product Name: Microsoft Visual C++ 2005 Redistributable. Product Version: 8.0.56336. Product Language: 0. Manufacturer: Microsoft Corporation. Reconfiguration success or error status: 0.
Information,1/1/2023 4:00:10 PM,MsiInstaller,1035,None,Windows Installer reconfigured the product. Product Name: Microsoft Update Health Tools. Product Version: 5.68.0.0. Product Language: 0. Manufacturer: Microsoft Corporation. Reconfiguration success or error status: 0.
Information,1/1/2023 4:00:10 PM,MsiInstaller,1035,None,Windows Installer reconfigured the product. Product Name: Microsoft Visual C++ 2013 x64 Additional Runtime - 12.0.40664. Product Version: 12.0.40664. Product Language: 1033. Manufacturer: Microsoft Corporation. Reconfiguration success or error status: 0.
Information,1/1/2023 4:00:10 PM,MsiInstaller,1035,None,Windows Installer reconfigured the product. Product Name: Microsoft .NET Runtime - 5.0.17 (x86). Product Version: 40.68.31213. Product Language: 1033. Manufacturer: Microsoft Corporation. Reconfiguration success or error status: 0.
Information,1/1/2023 4:00:10 PM,MsiInstaller,1035,None,Windows Installer reconfigured the product. Product Name: Amazon Redshift ODBC Driver 64-bit. Product Version: 1.3.7.1000. Product Language: 1033. Manufacturer: Amazon Corporate LLC. Reconfiguration success or error status: 0.
Information,1/1/2023 4:00:10 PM,MsiInstaller,1035,None,Windows Installer reconfigured the product. Product Name: Kaspersky Internet Security. Product Version: 21.3.10.391. Product Language: 1046. Manufacturer: Kaspersky. Reconfiguration success or error status: 0.
Information,1/1/2023 4:00:10 PM,MsiInstaller,1035,None,Windows Installer reconfigured the product. Product Name: Microsoft .NET Host - 5.0.17 (x86). Product Version: 40.68.31213. Product Language: 1033. Manufacturer: Microsoft Corporation. Reconfiguration success or error status: 0.
Information,1/1/2023 4:00:10 PM,MsiInstaller,1035,None,Windows Installer reconfigured the product. Product Name: Microsoft Visual C++ 2019 X86 Additional Runtime - 14.29.30135. Product Version: 14.29.30135. Product Language: 1033. Manufacturer: Microsoft Corporation. Reconfiguration success or error status: 0.
Information,1/1/2023 4:00:10 PM,MsiInstaller,1035,None,Windows Installer reconfigured the product. Product Name: NVIDIA PhysX. Product Version: 9.09.0025. Product Language: 1033. Manufacturer: NVIDIA Corporation. Reconfiguration success or error status: 0.
Information,1/1/2023 4:00:09 PM,MsiInstaller,1035,None,Windows Installer reconfigured the product. Product Name: Intel(R) LMS. Product Version: 1.0.0.0. Product Language: 1033. Manufacturer: Intel Corporation. Reconfiguration success or error status: 0.
Information,1/1/2023 4:00:09 PM,MsiInstaller,1035,None,Windows Installer reconfigured the product. Product Name: Kaspersky VPN. Product Version: 21.3.10.391. Product Language: 1046. Manufacturer: Kaspersky. Reconfiguration success or error status: 0.
Information,1/1/2023 4:00:09 PM,MsiInstaller,1035,None,"Windows Installer reconfigured the product. Product Name: LogMeIn Hamachi. Product Version: 2.2.0.633. Product Language: 1033. Manufacturer: LogMeIn, Inc.. Reconfiguration success or error status: 0."
Information,1/1/2023 4:00:09 PM,MsiInstaller,1035,None,Windows Installer reconfigured the product. Product Name: Dell SupportAssist OS Recovery Plugin for Dell Update. Product Version: 5.5.4.16189. Product Language: 1033. Manufacturer: Dell Inc.. Reconfiguration success or error status: 0.
Information,1/1/2023 4:00:09 PM,MsiInstaller,1035,None,Windows Installer reconfigured the product. Product Name: Microsoft Windows Desktop Runtime - 6.0.12 (x64). Product Version: 48.51.52100. Product Language: 1033. Manufacturer: Microsoft Corporation. Reconfiguration success or error status: 0.
Information,1/1/2023 4:00:09 PM,MsiInstaller,1035,None,Windows Installer reconfigured the product. Product Name: Microsoft Windows Desktop Runtime - 5.0.17 (x86). Product Version: 40.68.31219. Product Language: 1033. Manufacturer: Microsoft Corporation. Reconfiguration success or error status: 0.
Information,1/1/2023 4:00:09 PM,MsiInstaller,1035,None,Windows Installer reconfigured the product. Product Name: Microsoft Visual C++ 2019 X64 Minimum Runtime - 14.28.29325. Product Version: 14.28.29325. Product Language: 1033. Manufacturer: Microsoft Corporation. Reconfiguration success or error status: 0.
Information,1/1/2023 4:00:09 PM,MsiInstaller,1035,None,Windows Installer reconfigured the product. Product Name: Dynamic Application Loader Host Interface Service. Product Version: 1.0.0.0. Product Language: 1033. Manufacturer: Intel Corporation. Reconfiguration success or error status: 0.
Information,1/1/2023 4:00:09 PM,MsiInstaller,1035,None,Windows Installer reconfigured the product. Product Name: Microsoft Visual C++ 2019 X64 Additional Runtime - 14.28.29325. Product Version: 14.28.29325. Product Language: 1033. Manufacturer: Microsoft Corporation. Reconfiguration success or error status: 0.
Information,1/1/2023 4:00:09 PM,MsiInstaller,1035,None,Windows Installer reconfigured the product. Product Name: Intel(R) Management Engine Components. Product Version: 1.0.0.0. Product Language: 1033. Manufacturer: Intel Corporation. Reconfiguration success or error status: 0.
Information,1/1/2023 4:00:09 PM,MsiInstaller,1035,None,Windows Installer reconfigured the product. Product Name: Dell SupportAssist Remediation. Product Version: 5.5.5.16206. Product Language: 1033. Manufacturer: Dell Inc.. Reconfiguration success or error status: 0.
Information,1/1/2023 4:00:09 PM,MsiInstaller,1035,None,Windows Installer reconfigured the product. Product Name: Microsoft Visual C++ 2013 x64 Minimum Runtime - 12.0.40664. Product Version: 12.0.40664. Product Language: 1033. Manufacturer: Microsoft Corporation. Reconfiguration success or error status: 0.
Information,1/1/2023 4:00:09 PM,MsiInstaller,1035,None,Windows Installer reconfigured the product. Product Name: Microsoft .NET Host FX Resolver - 6.0.9 (x64). Product Version: 48.39.47157. Product Language: 1033. Manufacturer: Microsoft Corporation. Reconfiguration success or error status: 0.
Information,1/1/2023 4:00:09 PM,MsiInstaller,1035,None,Windows Installer reconfigured the product. Product Name: Microsoft ODBC Driver 17 for SQL Server. Product Version: 17.1.0.1. Product Language: 1033. Manufacturer: Microsoft Corporation. Reconfiguration success or error status: 0.
Information,1/1/2023 4:00:09 PM,MsiInstaller,1035,None,Windows Installer reconfigured the product. Product Name: Intel(R) Management Engine Driver. Product Version: 1.0.0.0. Product Language: 1033. Manufacturer: Intel Corporation. Reconfiguration success or error status: 0.
Information,1/1/2023 4:00:09 PM,MsiInstaller,1035,None,Windows Installer reconfigured the product. Product Name: Microsoft Visual C++ 2010  x86 Redistributable - 10.0.40219. Product Version: 10.0.40219. Product Language: 0. Manufacturer: Microsoft Corporation. Reconfiguration success or error status: 0.
Information,1/1/2023 4:00:09 PM,MsiInstaller,1035,None,Windows Installer reconfigured the product. Product Name: Microsoft .NET Runtime - 6.0.12 (x64). Product Version: 48.51.51943. Product Language: 1033. Manufacturer: Microsoft Corporation. Reconfiguration success or error status: 0.
Information,1/1/2023 4:00:09 PM,MsiInstaller,1035,None,Windows Installer reconfigured the product. Product Name: Microsoft Visual C++ 2013 x86 Minimum Runtime - 12.0.40664. Product Version: 12.0.40664. Product Language: 1033. Manufacturer: Microsoft Corporation. Reconfiguration success or error status: 0.
Information,1/1/2023 4:00:09 PM,MsiInstaller,1035,None,Windows Installer reconfigured the product. Product Name: Microsoft Visual C++ 2010  x64 Redistributable - 10.0.40219. Product Version: 10.0.40219. Product Language: 0. Manufacturer: Microsoft Corporation. Reconfiguration success or error status: 0.
Information,1/1/2023 4:00:09 PM,MsiInstaller,1035,None,Windows Installer reconfigured the product. Product Name: psqlODBC_x64. Product Version: 09.06.0504. Product Language: 1033. Manufacturer: PostgreSQL Global Development Group. Reconfiguration success or error status: 0.
Information,1/1/2023 4:00:08 PM,MsiInstaller,1035,None,Windows Installer reconfigured the product. Product Name: Nefarius Virtual Gamepad Emulation Bus Driver. Product Version: 1.17.333.0. Product Language: 1033. Manufacturer: Nefarius Software Solutions e.U.. Reconfiguration success or error status: 0.
Information,1/1/2023 3:58:51 PM,Microsoft-Windows-RestartManager,10000,None,Starting session 1 - ‎2023‎-‎01‎-‎01T18:58:51.816968800Z.
Information,1/1/2023 3:55:30 PM,Windows Error Reporting,1001,None,"Fault bucket 1679983402601103675, type 1
Event Name: APPCRASH
Response: Not available
Cab Id: 0

Problem signature:
P1: iw4mp.dat
P2: 0.0.0.0
P3: 4b68bba4
P4: KERNEL32.DLL
P5: 6.2.22621.963
P6: f5cd78ad
P7: c0000005
P8: 0001db1d
P9: 
P10: 

Attached files:
\\?\C:\ProgramData\Microsoft\Windows\WER\Temp\WER.e52e4bde-fb32-4652-8cc2-eab632037807.tmp.WERInternalMetadata.xml
\\?\C:\ProgramData\Microsoft\Windows\WER\Temp\WER.eb07d467-ce1e-4379-8c09-243a69cea1c7.tmp.csv
\\?\C:\ProgramData\Microsoft\Windows\WER\Temp\WER.e2ddc838-8a1c-46c5-8670-ce13cd93470c.tmp.txt
\\?\C:\ProgramData\Microsoft\Windows\WER\Temp\WER.d9ed299a-b693-4d17-84d1-51a52d736c33.tmp.xml

These files may be available here:
\\?\C:\ProgramData\Microsoft\Windows\WER\ReportArchive\AppCrash_iw4mp.dat_b8924a246563965f384d905f2a64e7af9177c_00000000_0498bf4a-4df5-43f8-a6ca-be441a38d08f

Analysis symbol: 
Rechecking for solution: 0
Report Id: 0498bf4a-4df5-43f8-a6ca-be441a38d08f
Report Status: 268435456
Hashed bucket: 4021345a24609f3807508000f497413b
Cab Guid: 0"
Error,1/1/2023 3:55:29 PM,Application Error,1000,Application Crashing Events,"Faulting application name: iw4mp.dat, version: 0.0.0.0, time stamp: 0x4b68bba4
Faulting module name: KERNEL32.DLL, version: 6.2.22621.963, time stamp: 0xf5cd78ad
Exception code: 0xc0000005
Fault offset: 0x0001db1d
Faulting process id: 0x%9
Faulting application start time: 0x%10
Faulting application path: %11
Faulting module path: %12
Report Id: %13
Faulting package full name: %14
Faulting package-relative application ID: %15"
Information,1/1/2023 3:49:34 PM,SecurityCenter,15,None,Updated Kaspersky Internet Security status successfully to SECURITY_PRODUCT_STATE_ON.
Information,1/1/2023 3:49:31 PM,SecurityCenter,15,None,Updated Windows Defender status successfully to SECURITY_PRODUCT_STATE_OFF.
Information,1/1/2023 3:49:26 PM,SecurityCenter,15,None,Updated Kaspersky Internet Security status successfully to SECURITY_PRODUCT_STATE_ON.
Information,1/1/2023 3:48:43 PM,Windows Error Reporting,1001,None,"Fault bucket 1679983402601103675, type 1
Event Name: APPCRASH
Response: Not available
Cab Id: 0

Problem signature:
P1: iw4mp.dat
P2: 0.0.0.0
P3: 4b68bba4
P4: KERNEL32.DLL
P5: 6.2.22621.963
P6: f5cd78ad
P7: c0000005
P8: 0001db1d
P9: 
P10: 

Attached files:
\\?\C:\ProgramData\Microsoft\Windows\WER\Temp\WER.2dd710f2-dc51-4884-bb46-91a094d43bac.tmp.WERInternalMetadata.xml
\\?\C:\ProgramData\Microsoft\Windows\WER\Temp\WER.00f92179-d01f-4b5d-919c-12cb8501e729.tmp.csv
\\?\C:\ProgramData\Microsoft\Windows\WER\Temp\WER.889998f0-f3d9-4e88-b305-fe8f85c8d457.tmp.txt
\\?\C:\ProgramData\Microsoft\Windows\WER\Temp\WER.342889da-0661-4a4e-b605-8861e072324b.tmp.xml

These files may be available here:
\\?\C:\ProgramData\Microsoft\Windows\WER\ReportArchive\AppCrash_iw4mp.dat_b8924a246563965f384d905f2a64e7af9177c_00000000_a213d634-a6c8-40df-ad4d-ada51e33977a

Analysis symbol: 
Rechecking for solution: 0
Report Id: a213d634-a6c8-40df-ad4d-ada51e33977a
Report Status: 268435456
Hashed bucket: 4021345a24609f3807508000f497413b
Cab Guid: 0"
Error,1/1/2023 3:48:41 PM,Application Error,1000,Application Crashing Events,"Faulting application name: iw4mp.dat, version: 0.0.0.0, time stamp: 0x4b68bba4
Faulting module name: KERNEL32.DLL, version: 6.2.22621.963, time stamp: 0xf5cd78ad
Exception code: 0xc0000005
Fault offset: 0x0001db1d
Faulting process id: 0x%9
Faulting application start time: 0x%10
Faulting application path: %11
Faulting module path: %12
Report Id: %13
Faulting package full name: %14
Faulting package-relative application ID: %15"
Information,1/1/2023 3:47:06 PM,Windows Error Reporting,1001,None,"Fault bucket 1679983402601103675, type 1
Event Name: APPCRASH
Response: Not available
Cab Id: 0

Problem signature:
P1: iw4mp.dat
P2: 0.0.0.0
P3: 4b68bba4
P4: KERNEL32.DLL
P5: 6.2.22621.963
P6: f5cd78ad
P7: c0000005
P8: 0001db1d
P9: 
P10: 

Attached files:
\\?\C:\ProgramData\Microsoft\Windows\WER\Temp\WER.ce0240b6-bd50-419b-9d20-198a6384a787.tmp.WERInternalMetadata.xml
\\?\C:\ProgramData\Microsoft\Windows\WER\Temp\WER.a14acd78-fc94-4584-86ef-631b8ec425af.tmp.csv
\\?\C:\ProgramData\Microsoft\Windows\WER\Temp\WER.66e1abe3-4c51-4dcb-bf7f-89adc3a9b836.tmp.txt
\\?\C:\ProgramData\Microsoft\Windows\WER\Temp\WER.bb244569-6dbd-42d4-9434-c1379c768195.tmp.xml

These files may be available here:
\\?\C:\ProgramData\Microsoft\Windows\WER\ReportArchive\AppCrash_iw4mp.dat_b8924a246563965f384d905f2a64e7af9177c_00000000_38000a04-dc92-48a7-baad-239aac22fb2d

Analysis symbol: 
Rechecking for solution: 0
Report Id: 38000a04-dc92-48a7-baad-239aac22fb2d
Report Status: 268435456
Hashed bucket: 4021345a24609f3807508000f497413b
Cab Guid: 0"
Error,1/1/2023 3:47:04 PM,Application Error,1000,Application Crashing Events,"Faulting application name: iw4mp.dat, version: 0.0.0.0, time stamp: 0x4b68bba4
Faulting module name: KERNEL32.DLL, version: 6.2.22621.963, time stamp: 0xf5cd78ad
Exception code: 0xc0000005
Fault offset: 0x0001db1d
Faulting process id: 0x%9
Faulting application start time: 0x%10
Faulting application path: %11
Faulting module path: %12
Report Id: %13
Faulting package full name: %14
Faulting package-relative application ID: %15"
Information,1/1/2023 3:46:53 PM,Windows Error Reporting,1001,None,"Fault bucket 1679983402601103675, type 1
Event Name: APPCRASH
Response: Not available
Cab Id: 0

Problem signature:
P1: iw4mp.dat
P2: 0.0.0.0
P3: 4b68bba4
P4: KERNEL32.DLL
P5: 6.2.22621.963
P6: f5cd78ad
P7: c0000005
P8: 0001db1d
P9: 
P10: 

Attached files:
\\?\C:\ProgramData\Microsoft\Windows\WER\Temp\WER.31f62e5a-ea4e-4e83-8d85-24cf6daa294b.tmp.WERInternalMetadata.xml
\\?\C:\ProgramData\Microsoft\Windows\WER\Temp\WER.37e19d3f-b745-4457-bb66-d998550d195c.tmp.csv
\\?\C:\ProgramData\Microsoft\Windows\WER\Temp\WER.1a5a4783-2334-4b35-b84b-00401071a298.tmp.txt
\\?\C:\ProgramData\Microsoft\Windows\WER\Temp\WER.f41d0369-6f40-4589-8bf3-034af18e0795.tmp.xml

These files may be available here:
\\?\C:\ProgramData\Microsoft\Windows\WER\ReportArchive\AppCrash_iw4mp.dat_b8924a246563965f384d905f2a64e7af9177c_00000000_aedcd40b-0e65-4fb6-9ef5-df2cc7561360

Analysis symbol: 
Rechecking for solution: 0
Report Id: aedcd40b-0e65-4fb6-9ef5-df2cc7561360
Report Status: 268435456
Hashed bucket: 4021345a24609f3807508000f497413b
Cab Guid: 0"
Error,1/1/2023 3:46:51 PM,Application Error,1000,Application Crashing Events,"Faulting application name: iw4mp.dat, version: 0.0.0.0, time stamp: 0x4b68bba4
Faulting module name: KERNEL32.DLL, version: 6.2.22621.963, time stamp: 0xf5cd78ad
Exception code: 0xc0000005
Fault offset: 0x0001db1d
Faulting process id: 0x%9
Faulting application start time: 0x%10
Faulting application path: %11
Faulting module path: %12
Report Id: %13
Faulting package full name: %14
Faulting package-relative application ID: %15"
Information,1/1/2023 3:46:36 PM,Windows Error Reporting,1001,None,"Fault bucket 1679983402601103675, type 1
Event Name: APPCRASH
Response: Not available
Cab Id: 0

Problem signature:
P1: iw4mp.dat
P2: 0.0.0.0
P3: 4b68bba4
P4: KERNEL32.DLL
P5: 6.2.22621.963
P6: f5cd78ad
P7: c0000005
P8: 0001db1d
P9: 
P10: 

Attached files:
\\?\C:\ProgramData\Microsoft\Windows\WER\Temp\WER.3f5eeef6-f6b6-4f84-b949-3bfba0ba077d.tmp.WERInternalMetadata.xml
\\?\C:\ProgramData\Microsoft\Windows\WER\Temp\WER.752d4491-ff8f-4c6e-b7c0-91dc2a6e32b9.tmp.csv
\\?\C:\ProgramData\Microsoft\Windows\WER\Temp\WER.be7edb60-716d-48bf-a86d-2bbb7dc5276c.tmp.txt
\\?\C:\ProgramData\Microsoft\Windows\WER\Temp\WER.0767a842-b912-4ef9-92c8-117190d49601.tmp.xml

These files may be available here:
\\?\C:\ProgramData\Microsoft\Windows\WER\ReportArchive\AppCrash_iw4mp.dat_b8924a246563965f384d905f2a64e7af9177c_00000000_f896d003-5400-48b7-98e5-b8e29b853b4b

Analysis symbol: 
Rechecking for solution: 0
Report Id: f896d003-5400-48b7-98e5-b8e29b853b4b
Report Status: 268435456
Hashed bucket: 4021345a24609f3807508000f497413b
Cab Guid: 0"
Error,1/1/2023 3:46:33 PM,Application Error,1000,Application Crashing Events,"Faulting application name: iw4mp.dat, version: 0.0.0.0, time stamp: 0x4b68bba4
Faulting module name: KERNEL32.DLL, version: 6.2.22621.963, time stamp: 0xf5cd78ad
Exception code: 0xc0000005
Fault offset: 0x0001db1d
Faulting process id: 0x%9
Faulting application start time: 0x%10
Faulting application path: %11
Faulting module path: %12
Report Id: %13
Faulting package full name: %14
Faulting package-relative application ID: %15"
Information,1/1/2023 3:46:30 PM,Windows Error Reporting,1001,None,"Fault bucket 1679983402601103675, type 1
Event Name: APPCRASH
Response: Not available
Cab Id: 0

Problem signature:
P1: iw4mp.dat
P2: 0.0.0.0
P3: 4b68bba4
P4: KERNEL32.DLL
P5: 6.2.22621.963
P6: f5cd78ad
P7: c0000005
P8: 0001db1d
P9: 
P10: 

Attached files:
\\?\C:\ProgramData\Microsoft\Windows\WER\Temp\WER.dea9f9cb-cfa5-4fe7-b7cb-5924f8595e29.tmp.WERInternalMetadata.xml
\\?\C:\ProgramData\Microsoft\Windows\WER\Temp\WER.2e608a1d-41c8-496a-bc0a-87ef9da0f1c3.tmp.csv
\\?\C:\ProgramData\Microsoft\Windows\WER\Temp\WER.3c1d7d5c-b089-4067-a961-1b1a861fee62.tmp.txt
\\?\C:\ProgramData\Microsoft\Windows\WER\Temp\WER.4ce1ff95-7764-4483-9f67-64b3f99aeccd.tmp.xml

These files may be available here:
\\?\C:\ProgramData\Microsoft\Windows\WER\ReportArchive\AppCrash_iw4mp.dat_b8924a246563965f384d905f2a64e7af9177c_00000000_fb4a5900-50c4-4fa6-bf09-c40facb2493c

Analysis symbol: 
Rechecking for solution: 0
Report Id: fb4a5900-50c4-4fa6-bf09-c40facb2493c
Report Status: 268435456
Hashed bucket: 4021345a24609f3807508000f497413b
Cab Guid: 0"
Error,1/1/2023 3:46:28 PM,Application Error,1000,Application Crashing Events,"Faulting application name: iw4mp.dat, version: 0.0.0.0, time stamp: 0x4b68bba4
Faulting module name: KERNEL32.DLL, version: 6.2.22621.963, time stamp: 0xf5cd78ad
Exception code: 0xc0000005
Fault offset: 0x0001db1d
Faulting process id: 0x%9
Faulting application start time: 0x%10
Faulting application path: %11
Faulting module path: %12
Report Id: %13
Faulting package full name: %14
Faulting package-relative application ID: %15"
Information,1/1/2023 3:45:55 PM,Microsoft-Windows-Security-SPP,16384,None,Successfully scheduled Software Protection service for re-start at 2122-12-08T18:45:55Z. Reason: RulesEngine.
Information,1/1/2023 3:45:25 PM,Microsoft-Windows-Security-SPP,16394,None,Offline downlevel migration succeeded.
Information,1/1/2023 3:43:42 PM,SecurityCenter,15,None,Updated Windows Defender status successfully to SECURITY_PRODUCT_STATE_ON.
Information,1/1/2023 3:43:20 PM,Windows Error Reporting,1001,None,"Fault bucket 1679983402601103675, type 1
Event Name: APPCRASH
Response: Not available
Cab Id: 0

Problem signature:
P1: iw4mp.dat
P2: 0.0.0.0
P3: 4b68bba4
P4: KERNEL32.DLL
P5: 6.2.22621.963
P6: f5cd78ad
P7: c0000005
P8: 0001db1d
P9: 
P10: 

Attached files:
\\?\C:\ProgramData\Microsoft\Windows\WER\Temp\WER.275592a7-b662-4880-910b-983034d4d9eb.tmp.WERInternalMetadata.xml
\\?\C:\ProgramData\Microsoft\Windows\WER\Temp\WER.4ba9cda5-918d-4d05-b590-75b5629f239f.tmp.csv
\\?\C:\ProgramData\Microsoft\Windows\WER\Temp\WER.f9edd593-e5c3-4381-ae28-e8757000cbb4.tmp.txt
\\?\C:\ProgramData\Microsoft\Windows\WER\Temp\WER.25971c22-e376-4d20-bb8c-32e47968a5a8.tmp.xml

These files may be available here:
\\?\C:\ProgramData\Microsoft\Windows\WER\ReportArchive\AppCrash_iw4mp.dat_b8924a246563965f384d905f2a64e7af9177c_00000000_a599e62c-5f61-4493-92c2-21b05e1a520a

Analysis symbol: 
Rechecking for solution: 0
Report Id: a599e62c-5f61-4493-92c2-21b05e1a520a
Report Status: 268435456
Hashed bucket: 4021345a24609f3807508000f497413b
Cab Guid: 0"
Error,1/1/2023 3:43:15 PM,Application Error,1000,Application Crashing Events,"Faulting application name: iw4mp.dat, version: 0.0.0.0, time stamp: 0x4b68bba4
Faulting module name: KERNEL32.DLL, version: 6.2.22621.963, time stamp: 0xf5cd78ad
Exception code: 0xc0000005
Fault offset: 0x0001db1d
Faulting process id: 0x%9
Faulting application start time: 0x%10
Faulting application path: %11
Faulting module path: %12
Report Id: %13
Faulting package full name: %14
Faulting package-relative application ID: %15"
Information,1/1/2023 3:43:07 PM,SecurityCenter,15,None,Updated Windows Defender status successfully to SECURITY_PRODUCT_STATE_ON.
Information,1/1/2023 3:43:05 PM,SecurityCenter,15,None,Updated Windows Defender status successfully to SECURITY_PRODUCT_STATE_ON.
Information,1/1/2023 3:43:03 PM,SecurityCenter,15,None,Updated Windows Defender status successfully to SECURITY_PRODUCT_STATE_ON.
Information,1/1/2023 3:43:01 PM,SecurityCenter,15,None,Updated Windows Defender status successfully to SECURITY_PRODUCT_STATE_ON.
Information,1/1/2023 3:42:59 PM,SecurityCenter,15,None,Updated Windows Defender status successfully to SECURITY_PRODUCT_STATE_ON.
Information,1/1/2023 3:42:37 PM,Windows Error Reporting,1001,None,"Fault bucket 1679983402601103675, type 1
Event Name: APPCRASH
Response: Not available
Cab Id: 0

Problem signature:
P1: iw4mp.dat
P2: 0.0.0.0
P3: 4b68bba4
P4: KERNEL32.DLL
P5: 6.2.22621.963
P6: f5cd78ad
P7: c0000005
P8: 0001db1d
P9: 
P10: 

Attached files:
\\?\C:\ProgramData\Microsoft\Windows\WER\Temp\WER.679bcd99-1313-4f44-9421-a92a6a876d05.tmp.WERInternalMetadata.xml
\\?\C:\ProgramData\Microsoft\Windows\WER\Temp\WER.183a5ca2-570a-4808-8f14-758eff83b001.tmp.csv
\\?\C:\ProgramData\Microsoft\Windows\WER\Temp\WER.6bf82f5a-e273-454a-97ca-399c3284866e.tmp.txt
\\?\C:\ProgramData\Microsoft\Windows\WER\Temp\WER.0637f690-ce7d-43f0-8104-1a655a5695da.tmp.xml

These files may be available here:
\\?\C:\ProgramData\Microsoft\Windows\WER\ReportArchive\AppCrash_iw4mp.dat_b8924a246563965f384d905f2a64e7af9177c_00000000_677908e4-9c0b-4b57-a342-57f33d4df16a

Analysis symbol: 
Rechecking for solution: 0
Report Id: 677908e4-9c0b-4b57-a342-57f33d4df16a
Report Status: 268435456
Hashed bucket: 4021345a24609f3807508000f497413b
Cab Guid: 0"
Error,1/1/2023 3:42:35 PM,Application Error,1000,Application Crashing Events,"Faulting application name: iw4mp.dat, version: 0.0.0.0, time stamp: 0x4b68bba4
Faulting module name: KERNEL32.DLL, version: 6.2.22621.963, time stamp: 0xf5cd78ad
Exception code: 0xc0000005
Fault offset: 0x0001db1d
Faulting process id: 0x%9
Faulting application start time: 0x%10
Faulting application path: %11
Faulting module path: %12
Report Id: %13
Faulting package full name: %14
Faulting package-relative application ID: %15"
Information,1/1/2023 3:41:36 PM,Microsoft-Windows-Security-SPP,16384,None,Successfully scheduled Software Protection service for re-start at 2122-12-08T18:41:36Z. Reason: RulesEngine.
Information,1/1/2023 3:41:35 PM,Windows Error Reporting,1001,None,"Fault bucket 1679983402601103675, type 1
Event Name: APPCRASH
Response: Not available
Cab Id: 0

Problem signature:
P1: iw4mp.dat
P2: 0.0.0.0
P3: 4b68bba4
P4: KERNEL32.DLL
P5: 6.2.22621.963
P6: f5cd78ad
P7: c0000005
P8: 0001db1d
P9: 
P10: 

Attached files:
\\?\C:\ProgramData\Microsoft\Windows\WER\Temp\WER.08e62ce0-6aad-4fc5-9eda-cf1a8a415e90.tmp.WERInternalMetadata.xml
\\?\C:\ProgramData\Microsoft\Windows\WER\Temp\WER.30a26d62-f9f4-4ae3-b2d4-66688d1d208c.tmp.csv
\\?\C:\ProgramData\Microsoft\Windows\WER\Temp\WER.d02ee00a-509d-475b-be59-1b471ba475b6.tmp.txt
\\?\C:\ProgramData\Microsoft\Windows\WER\Temp\WER.7c289db4-3b27-496a-8e4b-0b5de17f8b2d.tmp.xml

These files may be available here:
\\?\C:\ProgramData\Microsoft\Windows\WER\ReportArchive\AppCrash_iw4mp.dat_b8924a246563965f384d905f2a64e7af9177c_00000000_04a7c152-3ed1-4309-91c8-850dfb8918a8

Analysis symbol: 
Rechecking for solution: 0
Report Id: 04a7c152-3ed1-4309-91c8-850dfb8918a8
Report Status: 268435456
Hashed bucket: 4021345a24609f3807508000f497413b
Cab Guid: 0"
Error,1/1/2023 3:41:33 PM,Application Error,1000,Application Crashing Events,"Faulting application name: iw4mp.dat, version: 0.0.0.0, time stamp: 0x4b68bba4
Faulting module name: KERNEL32.DLL, version: 6.2.22621.963, time stamp: 0xf5cd78ad
Exception code: 0xc0000005
Fault offset: 0x0001db1d
Faulting process id: 0x%9
Faulting application start time: 0x%10
Faulting application path: %11
Faulting module path: %12
Report Id: %13
Faulting package full name: %14
Faulting package-relative application ID: %15"
Information,1/1/2023 3:41:06 PM,Microsoft-Windows-Security-SPP,16394,None,Offline downlevel migration succeeded.
Information,1/1/2023 3:41:00 PM,Windows Error Reporting,1001,None,"Fault bucket 1679983402601103675, type 1
Event Name: APPCRASH
Response: Not available
Cab Id: 0

Problem signature:
P1: iw4mp.dat
P2: 0.0.0.0
P3: 4b68bba4
P4: KERNEL32.DLL
P5: 6.2.22621.963
P6: f5cd78ad
P7: c0000005
P8: 0001db1d
P9: 
P10: 

Attached files:
\\?\C:\ProgramData\Microsoft\Windows\WER\Temp\WER.5c1d8cdb-a1e9-40a2-a27f-d081a2da6542.tmp.WERInternalMetadata.xml
\\?\C:\ProgramData\Microsoft\Windows\WER\Temp\WER.c7fc073b-7e0b-4ba9-93c1-10c8949557c7.tmp.csv
\\?\C:\ProgramData\Microsoft\Windows\WER\Temp\WER.e4df35ba-5946-499a-bb5c-15c3a25deffb.tmp.txt
\\?\C:\ProgramData\Microsoft\Windows\WER\Temp\WER.5a3f0de2-9378-4a97-97c5-3b16e12f9dd1.tmp.xml

These files may be available here:
\\?\C:\ProgramData\Microsoft\Windows\WER\ReportArchive\AppCrash_iw4mp.dat_b8924a246563965f384d905f2a64e7af9177c_00000000_8d3ad6d8-b95f-4255-bf82-7ab0831acbeb

Analysis symbol: 
Rechecking for solution: 0
Report Id: 8d3ad6d8-b95f-4255-bf82-7ab0831acbeb
Report Status: 268435456
Hashed bucket: 4021345a24609f3807508000f497413b
Cab Guid: 0"
Error,1/1/2023 3:40:58 PM,Application Error,1000,Application Crashing Events,"Faulting application name: iw4mp.dat, version: 0.0.0.0, time stamp: 0x4b68bba4
Faulting module name: KERNEL32.DLL, version: 6.2.22621.963, time stamp: 0xf5cd78ad
Exception code: 0xc0000005
Fault offset: 0x0001db1d
Faulting process id: 0x%9
Faulting application start time: 0x%10
Faulting application path: %11
Faulting module path: %12
Report Id: %13
Faulting package full name: %14
Faulting package-relative application ID: %15"
Information,1/1/2023 3:40:50 PM,SecurityCenter,15,None,Updated Windows Defender status successfully to SECURITY_PRODUCT_STATE_ON.
Information,1/1/2023 3:40:48 PM,SecurityCenter,15,None,Updated Windows Defender status successfully to SECURITY_PRODUCT_STATE_ON.
Information,1/1/2023 3:40:46 PM,SecurityCenter,15,None,Updated Windows Defender status successfully to SECURITY_PRODUCT_STATE_ON.
Information,1/1/2023 3:40:44 PM,SecurityCenter,15,None,Updated Windows Defender status successfully to SECURITY_PRODUCT_STATE_ON.
Information,1/1/2023 3:40:42 PM,SecurityCenter,15,None,Updated Windows Defender status successfully to SECURITY_PRODUCT_STATE_ON.
Information,1/1/2023 3:40:40 PM,SecurityCenter,15,None,Updated Windows Defender status successfully to SECURITY_PRODUCT_STATE_ON.
Information,1/1/2023 3:40:38 PM,SecurityCenter,15,None,Updated Windows Defender status successfully to SECURITY_PRODUCT_STATE_ON.
Information,1/1/2023 3:40:36 PM,SecurityCenter,15,None,Updated Kaspersky Internet Security status successfully to SECURITY_PRODUCT_STATE_OFF.
Information,1/1/2023 3:40:36 PM,SecurityCenter,15,None,Updated Kaspersky Internet Security status successfully to SECURITY_PRODUCT_STATE_OFF.
Information,1/1/2023 3:39:52 PM,Windows Error Reporting,1001,None,"Fault bucket 1679983402601103675, type 1
Event Name: APPCRASH
Response: Not available
Cab Id: 0

Problem signature:
P1: iw4mp.dat
P2: 0.0.0.0
P3: 4b68bba4
P4: KERNEL32.DLL
P5: 6.2.22621.963
P6: f5cd78ad
P7: c0000005
P8: 0001db1d
P9: 
P10: 

Attached files:
\\?\C:\ProgramData\Microsoft\Windows\WER\Temp\WER.aa069d04-85b4-4d9b-903a-47ba531c093f.tmp.WERInternalMetadata.xml
\\?\C:\ProgramData\Microsoft\Windows\WER\Temp\WER.9f1f18e1-b97d-4b77-84ed-e00246ebb7d5.tmp.csv
\\?\C:\ProgramData\Microsoft\Windows\WER\Temp\WER.9bd04555-e4bf-4f52-85eb-592e19640776.tmp.txt
\\?\C:\ProgramData\Microsoft\Windows\WER\Temp\WER.70bd51de-b469-4f66-abc6-37c5e99b4aea.tmp.xml

These files may be available here:
\\?\C:\ProgramData\Microsoft\Windows\WER\ReportArchive\AppCrash_iw4mp.dat_b8924a246563965f384d905f2a64e7af9177c_00000000_e6372a64-6277-4910-b42a-0a13c780fd15

Analysis symbol: 
Rechecking for solution: 0
Report Id: e6372a64-6277-4910-b42a-0a13c780fd15
Report Status: 268435456
Hashed bucket: 4021345a24609f3807508000f497413b
Cab Guid: 0"
Error,1/1/2023 3:39:50 PM,Application Error,1000,Application Crashing Events,"Faulting application name: iw4mp.dat, version: 0.0.0.0, time stamp: 0x4b68bba4
Faulting module name: KERNEL32.DLL, version: 6.2.22621.963, time stamp: 0xf5cd78ad
Exception code: 0xc0000005
Fault offset: 0x0001db1d
Faulting process id: 0x%9
Faulting application start time: 0x%10
Faulting application path: %11
Faulting module path: %12
Report Id: %13
Faulting package full name: %14
Faulting package-relative application ID: %15"
