Level,Date and Time,Source,Event ID,Task,Category
Information,1/2/2023 10:44:47 AM,Microsoft-Windows-Security-SPP,16384,None,Successfully scheduled Software Protection service for re-start at 2122-12-09T13:44:47Z. Reason: RulesEngine.
Information,1/2/2023 10:44:17 AM,Microsoft-Windows-Security-SPP,16394,None,Offline downlevel migration succeeded.
Information,1/2/2023 10:33:55 AM,MsiInstaller,1035,None,Windows Installer reconfigured the product. Product Name: Kaspersky Password Manager. Product Version: 10.2.0.341. Product Language: 1046. Manufacturer: Kaspersky Lab. Reconfiguration success or error status: 0.
Information,1/2/2023 10:33:55 AM,MsiInstaller,1035,None,Windows Installer reconfigured the product. Product Name: Python Launcher. Product Version: 3.8.7427.0. Product Language: 1033. Manufacturer: Python Software Foundation. Reconfiguration success or error status: 0.
Information,1/2/2023 10:33:55 AM,MsiInstaller,1035,None,Windows Installer reconfigured the product. Product Name: Microsoft .NET Host - 6.0.12 (x64). Product Version: 48.51.51943. Product Language: 1033. Manufacturer: Microsoft Corporation. Reconfiguration success or error status: 0.
Information,1/2/2023 10:33:55 AM,MsiInstaller,1035,None,Windows Installer reconfigured the product. Product Name: Dell SupportAssist. Product Version: 3.13.0.236. Product Language: 1033. Manufacturer: Dell Inc.. Reconfiguration success or error status: 0.
Information,1/2/2023 10:33:55 AM,MsiInstaller,1035,None,Windows Installer reconfigured the product. Product Name: Microsoft .NET Runtime - 6.0.9 (x64). Product Version: 48.39.47157. Product Language: 1033. Manufacturer: Microsoft Corporation. Reconfiguration success or error status: 0.
Information,1/2/2023 10:33:55 AM,MsiInstaller,1035,None,Windows Installer reconfigured the product. Product Name: Microsoft Visual C++ 2013 x86 Additional Runtime - 12.0.40664. Product Version: 12.0.40664. Product Language: 1033. Manufacturer: Microsoft Corporation. Reconfiguration success or error status: 0.
Information,1/2/2023 10:33:55 AM,MsiInstaller,1035,None,Windows Installer reconfigured the product. Product Name: Tableau 2019.3 (20193.19.0821.2225). Product Version: 19.3.510. Product Language: 1033. Manufacturer: Tableau Software. Reconfiguration success or error status: 0.
Information,1/2/2023 10:33:55 AM,MsiInstaller,1035,None,Windows Installer reconfigured the product. Product Name: Microsoft .NET Host FX Resolver - 6.0.12 (x64). Product Version: 48.51.51943. Product Language: 1033. Manufacturer: Microsoft Corporation. Reconfiguration success or error status: 0.
Information,1/2/2023 10:33:55 AM,MsiInstaller,1035,None,Windows Installer reconfigured the product. Product Name: Microsoft Visual C++ 2019 X86 Minimum Runtime - 14.29.30135. Product Version: 14.29.30135. Product Language: 1033. Manufacturer: Microsoft Corporation. Reconfiguration success or error status: 0.
Information,1/2/2023 10:33:55 AM,MsiInstaller,1035,None,Windows Installer reconfigured the product. Product Name: Intel(R) Icls. Product Version: 1.0.0.0. Product Language: 1033. Manufacturer: Intel Corporation. Reconfiguration success or error status: 0.
Information,1/2/2023 10:33:55 AM,MsiInstaller,1035,None,Windows Installer reconfigured the product. Product Name: Microsoft .NET Host FX Resolver - 5.0.17 (x86). Product Version: 40.68.31213. Product Language: 1033. Manufacturer: Microsoft Corporation. Reconfiguration success or error status: 0.
Information,1/2/2023 10:33:55 AM,MsiInstaller,1035,None,Windows Installer reconfigured the product. Product Name: Microsoft Visual C++ 2005 Redistributable. Product Version: 8.0.56336. Product Language: 0. Manufacturer: Microsoft Corporation. Reconfiguration success or error status: 0.
Information,1/2/2023 10:33:55 AM,MsiInstaller,1035,None,Windows Installer reconfigured the product. Product Name: Microsoft Update Health Tools. Product Version: 5.68.0.0. Product Language: 0. Manufacturer: Microsoft Corporation. Reconfiguration success or error status: 0.
Information,1/2/2023 10:33:55 AM,MsiInstaller,1035,None,Windows Installer reconfigured the product. Product Name: Microsoft Visual C++ 2013 x64 Additional Runtime - 12.0.40664. Product Version: 12.0.40664. Product Language: 1033. Manufacturer: Microsoft Corporation. Reconfiguration success or error status: 0.
Information,1/2/2023 10:33:55 AM,MsiInstaller,1035,None,Windows Installer reconfigured the product. Product Name: Microsoft .NET Runtime - 5.0.17 (x86). Product Version: 40.68.31213. Product Language: 1033. Manufacturer: Microsoft Corporation. Reconfiguration success or error status: 0.
Information,1/2/2023 10:33:55 AM,MsiInstaller,1035,None,Windows Installer reconfigured the product. Product Name: Amazon Redshift ODBC Driver 64-bit. Product Version: 1.3.7.1000. Product Language: 1033. Manufacturer: Amazon Corporate LLC. Reconfiguration success or error status: 0.
Information,1/2/2023 10:33:55 AM,MsiInstaller,1035,None,Windows Installer reconfigured the product. Product Name: Kaspersky Internet Security. Product Version: 21.3.10.391. Product Language: 1046. Manufacturer: Kaspersky. Reconfiguration success or error status: 0.
Information,1/2/2023 10:33:55 AM,MsiInstaller,1035,None,Windows Installer reconfigured the product. Product Name: Microsoft .NET Host - 5.0.17 (x86). Product Version: 40.68.31213. Product Language: 1033. Manufacturer: Microsoft Corporation. Reconfiguration success or error status: 0.
Information,1/2/2023 10:33:55 AM,MsiInstaller,1035,None,Windows Installer reconfigured the product. Product Name: Microsoft Visual C++ 2019 X86 Additional Runtime - 14.29.30135. Product Version: 14.29.30135. Product Language: 1033. Manufacturer: Microsoft Corporation. Reconfiguration success or error status: 0.
Information,1/2/2023 10:33:55 AM,MsiInstaller,1035,None,Windows Installer reconfigured the product. Product Name: NVIDIA PhysX. Product Version: 9.09.0025. Product Language: 1033. Manufacturer: NVIDIA Corporation. Reconfiguration success or error status: 0.
Information,1/2/2023 10:33:55 AM,MsiInstaller,1035,None,Windows Installer reconfigured the product. Product Name: Intel(R) LMS. Product Version: 1.0.0.0. Product Language: 1033. Manufacturer: Intel Corporation. Reconfiguration success or error status: 0.
Information,1/2/2023 10:33:55 AM,MsiInstaller,1035,None,Windows Installer reconfigured the product. Product Name: Kaspersky VPN. Product Version: 21.3.10.391. Product Language: 1046. Manufacturer: Kaspersky. Reconfiguration success or error status: 0.
Information,1/2/2023 10:33:55 AM,MsiInstaller,1035,None,Windows Installer reconfigured the product. Product Name: Dell SupportAssist OS Recovery Plugin for Dell Update. Product Version: 5.5.4.16189. Product Language: 1033. Manufacturer: Dell Inc.. Reconfiguration success or error status: 0.
Information,1/2/2023 10:33:55 AM,MsiInstaller,1035,None,Windows Installer reconfigured the product. Product Name: Microsoft Windows Desktop Runtime - 6.0.12 (x64). Product Version: 48.51.52100. Product Language: 1033. Manufacturer: Microsoft Corporation. Reconfiguration success or error status: 0.
Information,1/2/2023 10:33:55 AM,MsiInstaller,1035,None,Windows Installer reconfigured the product. Product Name: Microsoft Windows Desktop Runtime - 5.0.17 (x86). Product Version: 40.68.31219. Product Language: 1033. Manufacturer: Microsoft Corporation. Reconfiguration success or error status: 0.
Information,1/2/2023 10:33:55 AM,MsiInstaller,1035,None,Windows Installer reconfigured the product. Product Name: Microsoft Visual C++ 2019 X64 Minimum Runtime - 14.28.29325. Product Version: 14.28.29325. Product Language: 1033. Manufacturer: Microsoft Corporation. Reconfiguration success or error status: 0.
Information,1/2/2023 10:33:55 AM,MsiInstaller,1035,None,Windows Installer reconfigured the product. Product Name: Dynamic Application Loader Host Interface Service. Product Version: 1.0.0.0. Product Language: 1033. Manufacturer: Intel Corporation. Reconfiguration success or error status: 0.
Information,1/2/2023 10:33:55 AM,MsiInstaller,1035,None,Windows Installer reconfigured the product. Product Name: Microsoft Visual C++ 2019 X64 Additional Runtime - 14.28.29325. Product Version: 14.28.29325. Product Language: 1033. Manufacturer: Microsoft Corporation. Reconfiguration success or error status: 0.
Information,1/2/2023 10:33:55 AM,MsiInstaller,1035,None,Windows Installer reconfigured the product. Product Name: Intel(R) Management Engine Components. Product Version: 1.0.0.0. Product Language: 1033. Manufacturer: Intel Corporation. Reconfiguration success or error status: 0.
Information,1/2/2023 10:33:55 AM,MsiInstaller,1035,None,Windows Installer reconfigured the product. Product Name: Dell SupportAssist Remediation. Product Version: 5.5.5.16206. Product Language: 1033. Manufacturer: Dell Inc.. Reconfiguration success or error status: 0.
Information,1/2/2023 10:33:55 AM,MsiInstaller,1035,None,Windows Installer reconfigured the product. Product Name: Microsoft Visual C++ 2013 x64 Minimum Runtime - 12.0.40664. Product Version: 12.0.40664. Product Language: 1033. Manufacturer: Microsoft Corporation. Reconfiguration success or error status: 0.
Information,1/2/2023 10:33:55 AM,MsiInstaller,1035,None,Windows Installer reconfigured the product. Product Name: Microsoft .NET Host FX Resolver - 6.0.9 (x64). Product Version: 48.39.47157. Product Language: 1033. Manufacturer: Microsoft Corporation. Reconfiguration success or error status: 0.
Information,1/2/2023 10:33:54 AM,MsiInstaller,1035,None,Windows Installer reconfigured the product. Product Name: Microsoft ODBC Driver 17 for SQL Server. Product Version: 17.1.0.1. Product Language: 1033. Manufacturer: Microsoft Corporation. Reconfiguration success or error status: 0.
Information,1/2/2023 10:33:54 AM,MsiInstaller,1035,None,Windows Installer reconfigured the product. Product Name: Intel(R) Management Engine Driver. Product Version: 1.0.0.0. Product Language: 1033. Manufacturer: Intel Corporation. Reconfiguration success or error status: 0.
Information,1/2/2023 10:33:54 AM,MsiInstaller,1035,None,Windows Installer reconfigured the product. Product Name: Microsoft Visual C++ 2010  x86 Redistributable - 10.0.40219. Product Version: 10.0.40219. Product Language: 0. Manufacturer: Microsoft Corporation. Reconfiguration success or error status: 0.
Information,1/2/2023 10:33:54 AM,MsiInstaller,1035,None,Windows Installer reconfigured the product. Product Name: Microsoft .NET Runtime - 6.0.12 (x64). Product Version: 48.51.51943. Product Language: 1033. Manufacturer: Microsoft Corporation. Reconfiguration success or error status: 0.
Information,1/2/2023 10:33:54 AM,MsiInstaller,1035,None,Windows Installer reconfigured the product. Product Name: Microsoft Visual C++ 2013 x86 Minimum Runtime - 12.0.40664. Product Version: 12.0.40664. Product Language: 1033. Manufacturer: Microsoft Corporation. Reconfiguration success or error status: 0.
Information,1/2/2023 10:33:54 AM,MsiInstaller,1035,None,Windows Installer reconfigured the product. Product Name: Microsoft Visual C++ 2010  x64 Redistributable - 10.0.40219. Product Version: 10.0.40219. Product Language: 0. Manufacturer: Microsoft Corporation. Reconfiguration success or error status: 0.
Information,1/2/2023 10:33:54 AM,MsiInstaller,1035,None,Windows Installer reconfigured the product. Product Name: psqlODBC_x64. Product Version: 09.06.0504. Product Language: 1033. Manufacturer: PostgreSQL Global Development Group. Reconfiguration success or error status: 0.
Information,1/2/2023 10:33:54 AM,MsiInstaller,1035,None,Windows Installer reconfigured the product. Product Name: Nefarius Virtual Gamepad Emulation Bus Driver. Product Version: 1.17.333.0. Product Language: 1033. Manufacturer: Nefarius Software Solutions e.U.. Reconfiguration success or error status: 0.
Information,1/2/2023 10:33:53 AM,MsiInstaller,1035,None,Windows Installer reconfigured the product. Product Name: Kaspersky Password Manager. Product Version: 10.2.0.341. Product Language: 1046. Manufacturer: Kaspersky Lab. Reconfiguration success or error status: 0.
Information,1/2/2023 10:33:53 AM,MsiInstaller,1035,None,Windows Installer reconfigured the product. Product Name: Python Launcher. Product Version: 3.8.7427.0. Product Language: 1033. Manufacturer: Python Software Foundation. Reconfiguration success or error status: 0.
Information,1/2/2023 10:33:53 AM,MsiInstaller,1035,None,Windows Installer reconfigured the product. Product Name: Microsoft .NET Host - 6.0.12 (x64). Product Version: 48.51.51943. Product Language: 1033. Manufacturer: Microsoft Corporation. Reconfiguration success or error status: 0.
Information,1/2/2023 10:33:53 AM,MsiInstaller,1035,None,Windows Installer reconfigured the product. Product Name: Dell SupportAssist. Product Version: 3.13.0.236. Product Language: 1033. Manufacturer: Dell Inc.. Reconfiguration success or error status: 0.
Information,1/2/2023 10:33:53 AM,MsiInstaller,1035,None,Windows Installer reconfigured the product. Product Name: Microsoft .NET Runtime - 6.0.9 (x64). Product Version: 48.39.47157. Product Language: 1033. Manufacturer: Microsoft Corporation. Reconfiguration success or error status: 0.
Information,1/2/2023 10:33:53 AM,MsiInstaller,1035,None,Windows Installer reconfigured the product. Product Name: Microsoft Visual C++ 2013 x86 Additional Runtime - 12.0.40664. Product Version: 12.0.40664. Product Language: 1033. Manufacturer: Microsoft Corporation. Reconfiguration success or error status: 0.
Information,1/2/2023 10:33:53 AM,MsiInstaller,1035,None,Windows Installer reconfigured the product. Product Name: Tableau 2019.3 (20193.19.0821.2225). Product Version: 19.3.510. Product Language: 1033. Manufacturer: Tableau Software. Reconfiguration success or error status: 0.
Information,1/2/2023 10:33:53 AM,MsiInstaller,1035,None,Windows Installer reconfigured the product. Product Name: Microsoft .NET Host FX Resolver - 6.0.12 (x64). Product Version: 48.51.51943. Product Language: 1033. Manufacturer: Microsoft Corporation. Reconfiguration success or error status: 0.
Information,1/2/2023 10:33:53 AM,MsiInstaller,1035,None,Windows Installer reconfigured the product. Product Name: Microsoft Visual C++ 2019 X86 Minimum Runtime - 14.29.30135. Product Version: 14.29.30135. Product Language: 1033. Manufacturer: Microsoft Corporation. Reconfiguration success or error status: 0.
Information,1/2/2023 10:33:53 AM,MsiInstaller,1035,None,Windows Installer reconfigured the product. Product Name: Intel(R) Icls. Product Version: 1.0.0.0. Product Language: 1033. Manufacturer: Intel Corporation. Reconfiguration success or error status: 0.
Information,1/2/2023 10:33:52 AM,MsiInstaller,1035,None,Windows Installer reconfigured the product. Product Name: Microsoft .NET Host FX Resolver - 5.0.17 (x86). Product Version: 40.68.31213. Product Language: 1033. Manufacturer: Microsoft Corporation. Reconfiguration success or error status: 0.
Information,1/2/2023 10:33:52 AM,MsiInstaller,1035,None,Windows Installer reconfigured the product. Product Name: Microsoft Visual C++ 2005 Redistributable. Product Version: 8.0.56336. Product Language: 0. Manufacturer: Microsoft Corporation. Reconfiguration success or error status: 0.
Information,1/2/2023 10:33:52 AM,MsiInstaller,1035,None,Windows Installer reconfigured the product. Product Name: Microsoft Update Health Tools. Product Version: 5.68.0.0. Product Language: 0. Manufacturer: Microsoft Corporation. Reconfiguration success or error status: 0.
Information,1/2/2023 10:33:52 AM,MsiInstaller,1035,None,Windows Installer reconfigured the product. Product Name: Microsoft Visual C++ 2013 x64 Additional Runtime - 12.0.40664. Product Version: 12.0.40664. Product Language: 1033. Manufacturer: Microsoft Corporation. Reconfiguration success or error status: 0.
Information,1/2/2023 10:33:52 AM,MsiInstaller,1035,None,Windows Installer reconfigured the product. Product Name: Microsoft .NET Runtime - 5.0.17 (x86). Product Version: 40.68.31213. Product Language: 1033. Manufacturer: Microsoft Corporation. Reconfiguration success or error status: 0.
Information,1/2/2023 10:33:52 AM,MsiInstaller,1035,None,Windows Installer reconfigured the product. Product Name: Amazon Redshift ODBC Driver 64-bit. Product Version: 1.3.7.1000. Product Language: 1033. Manufacturer: Amazon Corporate LLC. Reconfiguration success or error status: 0.
Information,1/2/2023 10:33:52 AM,MsiInstaller,1035,None,Windows Installer reconfigured the product. Product Name: Kaspersky Internet Security. Product Version: 21.3.10.391. Product Language: 1046. Manufacturer: Kaspersky. Reconfiguration success or error status: 0.
Information,1/2/2023 10:33:52 AM,MsiInstaller,1035,None,Windows Installer reconfigured the product. Product Name: Microsoft .NET Host - 5.0.17 (x86). Product Version: 40.68.31213. Product Language: 1033. Manufacturer: Microsoft Corporation. Reconfiguration success or error status: 0.
Information,1/2/2023 10:33:52 AM,MsiInstaller,1035,None,Windows Installer reconfigured the product. Product Name: Microsoft Visual C++ 2019 X86 Additional Runtime - 14.29.30135. Product Version: 14.29.30135. Product Language: 1033. Manufacturer: Microsoft Corporation. Reconfiguration success or error status: 0.
Information,1/2/2023 10:33:52 AM,MsiInstaller,1035,None,Windows Installer reconfigured the product. Product Name: NVIDIA PhysX. Product Version: 9.09.0025. Product Language: 1033. Manufacturer: NVIDIA Corporation. Reconfiguration success or error status: 0.
Information,1/2/2023 10:33:52 AM,MsiInstaller,1035,None,Windows Installer reconfigured the product. Product Name: Intel(R) LMS. Product Version: 1.0.0.0. Product Language: 1033. Manufacturer: Intel Corporation. Reconfiguration success or error status: 0.
Information,1/2/2023 10:33:52 AM,MsiInstaller,1035,None,Windows Installer reconfigured the product. Product Name: Kaspersky VPN. Product Version: 21.3.10.391. Product Language: 1046. Manufacturer: Kaspersky. Reconfiguration success or error status: 0.
Information,1/2/2023 10:33:52 AM,MsiInstaller,1035,None,Windows Installer reconfigured the product. Product Name: Dell SupportAssist OS Recovery Plugin for Dell Update. Product Version: 5.5.4.16189. Product Language: 1033. Manufacturer: Dell Inc.. Reconfiguration success or error status: 0.
Information,1/2/2023 10:33:52 AM,MsiInstaller,1035,None,Windows Installer reconfigured the product. Product Name: Microsoft Windows Desktop Runtime - 6.0.12 (x64). Product Version: 48.51.52100. Product Language: 1033. Manufacturer: Microsoft Corporation. Reconfiguration success or error status: 0.
Information,1/2/2023 10:33:52 AM,MsiInstaller,1035,None,Windows Installer reconfigured the product. Product Name: Microsoft Windows Desktop Runtime - 5.0.17 (x86). Product Version: 40.68.31219. Product Language: 1033. Manufacturer: Microsoft Corporation. Reconfiguration success or error status: 0.
Information,1/2/2023 10:33:52 AM,MsiInstaller,1035,None,Windows Installer reconfigured the product. Product Name: Microsoft Visual C++ 2019 X64 Minimum Runtime - 14.28.29325. Product Version: 14.28.29325. Product Language: 1033. Manufacturer: Microsoft Corporation. Reconfiguration success or error status: 0.
Information,1/2/2023 10:33:52 AM,MsiInstaller,1035,None,Windows Installer reconfigured the product. Product Name: Dynamic Application Loader Host Interface Service. Product Version: 1.0.0.0. Product Language: 1033. Manufacturer: Intel Corporation. Reconfiguration success or error status: 0.
Information,1/2/2023 10:33:52 AM,MsiInstaller,1035,None,Windows Installer reconfigured the product. Product Name: Microsoft Visual C++ 2019 X64 Additional Runtime - 14.28.29325. Product Version: 14.28.29325. Product Language: 1033. Manufacturer: Microsoft Corporation. Reconfiguration success or error status: 0.
Information,1/2/2023 10:33:52 AM,MsiInstaller,1035,None,Windows Installer reconfigured the product. Product Name: Intel(R) Management Engine Components. Product Version: 1.0.0.0. Product Language: 1033. Manufacturer: Intel Corporation. Reconfiguration success or error status: 0.
Information,1/2/2023 10:33:52 AM,MsiInstaller,1035,None,Windows Installer reconfigured the product. Product Name: Dell SupportAssist Remediation. Product Version: 5.5.5.16206. Product Language: 1033. Manufacturer: Dell Inc.. Reconfiguration success or error status: 0.
Information,1/2/2023 10:33:52 AM,MsiInstaller,1035,None,Windows Installer reconfigured the product. Product Name: Microsoft Visual C++ 2013 x64 Minimum Runtime - 12.0.40664. Product Version: 12.0.40664. Product Language: 1033. Manufacturer: Microsoft Corporation. Reconfiguration success or error status: 0.
Information,1/2/2023 10:33:52 AM,MsiInstaller,1035,None,Windows Installer reconfigured the product. Product Name: Microsoft .NET Host FX Resolver - 6.0.9 (x64). Product Version: 48.39.47157. Product Language: 1033. Manufacturer: Microsoft Corporation. Reconfiguration success or error status: 0.
Information,1/2/2023 10:33:52 AM,MsiInstaller,1035,None,Windows Installer reconfigured the product. Product Name: Microsoft ODBC Driver 17 for SQL Server. Product Version: 17.1.0.1. Product Language: 1033. Manufacturer: Microsoft Corporation. Reconfiguration success or error status: 0.
Information,1/2/2023 10:33:52 AM,MsiInstaller,1035,None,Windows Installer reconfigured the product. Product Name: Intel(R) Management Engine Driver. Product Version: 1.0.0.0. Product Language: 1033. Manufacturer: Intel Corporation. Reconfiguration success or error status: 0.
Information,1/2/2023 10:33:52 AM,MsiInstaller,1035,None,Windows Installer reconfigured the product. Product Name: Microsoft Visual C++ 2010  x86 Redistributable - 10.0.40219. Product Version: 10.0.40219. Product Language: 0. Manufacturer: Microsoft Corporation. Reconfiguration success or error status: 0.
Information,1/2/2023 10:33:52 AM,MsiInstaller,1035,None,Windows Installer reconfigured the product. Product Name: Microsoft .NET Runtime - 6.0.12 (x64). Product Version: 48.51.51943. Product Language: 1033. Manufacturer: Microsoft Corporation. Reconfiguration success or error status: 0.
Information,1/2/2023 10:33:52 AM,MsiInstaller,1035,None,Windows Installer reconfigured the product. Product Name: Microsoft Visual C++ 2013 x86 Minimum Runtime - 12.0.40664. Product Version: 12.0.40664. Product Language: 1033. Manufacturer: Microsoft Corporation. Reconfiguration success or error status: 0.
Information,1/2/2023 10:33:52 AM,MsiInstaller,1035,None,Windows Installer reconfigured the product. Product Name: Microsoft Visual C++ 2010  x64 Redistributable - 10.0.40219. Product Version: 10.0.40219. Product Language: 0. Manufacturer: Microsoft Corporation. Reconfiguration success or error status: 0.
Information,1/2/2023 10:33:52 AM,MsiInstaller,1035,None,Windows Installer reconfigured the product. Product Name: psqlODBC_x64. Product Version: 09.06.0504. Product Language: 1033. Manufacturer: PostgreSQL Global Development Group. Reconfiguration success or error status: 0.
Information,1/2/2023 10:33:52 AM,MsiInstaller,1035,None,Windows Installer reconfigured the product. Product Name: Nefarius Virtual Gamepad Emulation Bus Driver. Product Version: 1.17.333.0. Product Language: 1033. Manufacturer: Nefarius Software Solutions e.U.. Reconfiguration success or error status: 0.
Information,1/2/2023 10:26:05 AM,Microsoft-Windows-RestartManager,10001,None,Ending session 1 started ‎2023‎-‎01‎-‎02T13:26:05.655410800Z.
Information,1/2/2023 10:26:05 AM,Microsoft-Windows-RestartManager,10000,None,Starting session 1 - ‎2023‎-‎01‎-‎02T13:26:05.655410800Z.
Information,1/2/2023 10:21:12 AM,Microsoft-Windows-RestartManager,10001,None,Ending session 1 started ‎2023‎-‎01‎-‎02T13:21:11.849841700Z.
Information,1/2/2023 10:21:11 AM,Microsoft-Windows-RestartManager,10000,None,Starting session 1 - ‎2023‎-‎01‎-‎02T13:21:11.849841700Z.
Information,1/2/2023 10:15:52 AM,Microsoft-Windows-Backup,754,None,The Block Level Backup Engine service has stopped.
Information,1/2/2023 10:08:59 AM,VSS,8224,None,The VSS service is shutting down due to idle timeout. 
Information,1/2/2023 10:05:52 AM,Microsoft-Windows-Backup,753,None,The Block Level Backup Engine service has successfully started.
Information,1/2/2023 10:03:25 AM,Microsoft-Windows-Security-SPP,16384,None,Successfully scheduled Software Protection service for re-start at 2122-12-09T13:03:25Z. Reason: RulesEngine.
Information,1/2/2023 10:02:55 AM,Microsoft-Windows-Security-SPP,16394,None,Offline downlevel migration succeeded.
Information,1/2/2023 10:00:59 AM,Microsoft-Windows-Security-SPP,903,None,"The Software Protection service has stopped.
"
Information,1/2/2023 10:00:59 AM,Microsoft-Windows-Security-SPP,16384,None,Successfully scheduled Software Protection service for re-start at 2122-12-09T13:00:59Z. Reason: RulesEngine.
Information,1/2/2023 10:00:09 AM,DDVCollectorSvcApi,0,None,The operation completed successfully. 
Information,1/2/2023 10:00:04 AM,SecurityCenter,15,None,Updated Kaspersky Internet Security status successfully to SECURITY_PRODUCT_STATE_ON.
Information,1/2/2023 10:00:04 AM,SecurityCenter,15,None,Updated Kaspersky Internet Security status successfully to SECURITY_PRODUCT_STATE_ON.
Information,1/2/2023 10:00:04 AM,SecurityCenter,1,None,The Windows Security Center Service has started.
Information,1/2/2023 10:00:03 AM,Microsoft-Windows-Security-SPP,902,None,"The Software Protection service has started.
10.0.22621.963"
Information,1/2/2023 10:00:03 AM,Microsoft-Windows-Security-SPP,1003,None,"The Software Protection service has completed licensing status check.
Application Id=55c92734-d682-4d71-983e-d6ec3f16059f
Licensing Status=
1: 040fa323-92b1-4baf-97a2-5b67feaefddb, 1, 0 [(0 [0xC004F014, 0, 0], [(?)(?)(?)(?)(?)(?)(?)(?)])(1 )(2 )(3 )]
2: 0724cb7d-3437-4cb7-93cb-830375d0079d, 1, 0 [(0 [0xC004F014, 0, 0], [(?)(?)(?)(?)(?)(?)(?)(?)])(1 )(2 )(3 )]
3: 0ad2ac98-7bb9-4201-8d92-312299201369, 1, 0 [(0 [0xC004F014, 0, 0], [(?)(?)(?)(?)(?)(?)(?)(?)])(1 )(2 )(3 )]
4: 1a9a717a-cf13-4ba5-83c3-0fe25fa868d5, 1, 0 [(0 [0xC004F014, 0, 0], [(?)(?)(?)(?)(?)(?)(?)(?)])(1 )(2 )(3 )]
5: 221a02da-e2a1-4b75-864c-0a4410a33fdf, 1, 0 [(0 [0xC004F014, 0, 0], [(?)(?)(?)(?)(?)(?)(?)(?)])(1 )(2 )(3 )]
6: 291ece0e-9c38-40ca-a9e1-32cc7ec19507, 1, 0 [(0 [0xC004F014, 0, 0], [(?)(?)(?)(?)(?)(?)(?)(?)])(1 )(2 )(3 )]
7: 2936d1d2-913a-4542-b54e-ce5a602a2a38, 1, 0 [(0 [0xC004F014, 0, 0], [(?)(?)(?)(?)(?)(?)(?)(?)])(1 )(2 )(3 )]
8: 2c293c26-a45a-4a2a-a350-c69a67097529, 1, 0 [(0 [0xC004F014, 0, 0], [(?)(?)(?)(?)(?)(?)(?)(?)])(1 )(2 )(3 )]
9: 2de67392-b7a7-462a-b1ca-108dd189f588, 1, 0 [(0 [0xC004F014, 0, 0], [(?)(?)(?)(?)(?)(?)(?)(?)])(1 )(2 )(3 )]
10: 2ffd8952-423e-4903-b993-72a1aa44cf82, 1, 0 [(0 [0xC004F014, 0, 0], [(?)(?)(?)(?)(?)(?)(?)(?)])(1 )(2 )(3 )]
11: 30a42c86-b7a0-4a34-8c90-ff177cb2acb7, 1, 0 [(0 [0xC004F014, 0, 0], [(?)(?)(?)(?)(?)(?)(?)(?)])(1 )(2 )(3 )]
12: 345a5db0-d94f-4e3b-a0c0-7c42f7bc3ebf, 1, 0 [(0 [0xC004F014, 0, 0], [(?)(?)(?)(?)(?)(?)(?)(?)])(1 )(2 )(3 )]
13: 3502365a-f88a-4ba4-822a-5769d3073b65, 1, 0 [(0 [0xC004F014, 0, 0], [(?)(?)(?)(?)(?)(?)(?)(?)])(1 )(2 )(3 )]
14: 377333b1-8b5d-48d6-9679-1225c872d37c, 1, 0 [(0 [0xC004F014, 0, 0], [(?)(?)(?)(?)(?)(?)(?)(?)])(1 )(2 )(3 )]
15: 3df374ef-d444-4494-a5a1-4b0d9fd0e203, 1, 0 [(0 [0xC004F014, 0, 0], [(?)(?)(?)(?)(?)(?)(?)(?)])(1 )(2 )(3 )]
16: 3f1afc82-f8ac-4f6c-8005-1d233e606eee, 1, 0 [(0 [0xC004F014, 0, 0], [(?)(?)(?)(?)(?)(?)(?)(?)])(1 )(2 )(3 )]
17: 49cd895b-53b2-4dc4-a5f7-b18aa019ad37, 1, 0 [(0 [0xC004F014, 0, 0], [(?)(?)(?)(?)(?)(?)(?)(?)])(1 )(2 )(3 )]
18: 4de7cb65-cdf1-4de9-8ae8-e3cce27b9f2c, 1, 0 [(0 [0xC004F014, 0, 0], [(?)(?)(?)(?)(?)(?)(?)(?)])(1 )(2 )(3 )]
19: 4f3da0d2-271d-4508-ae81-626b60809a38, 1, 0 [(0 [0xC004F014, 0, 0], [(?)(?)(?)(?)(?)(?)(?)(?)])(1 )(2 )(3 )]
20: 5d78c4e9-aeb3-4b40-8ac2-6a6005e0ad6d, 1, 0 [(0 [0xC004F014, 0, 0], [(?)(?)(?)(?)(?)(?)(?)(?)])(1 )(2 )(3 )]
21: 60b3ec1b-9545-4921-821f-311b129dd6f6, 1, 0 [(0 [0xC004F014, 0, 0], [(?)(?)(?)(?)(?)(?)(?)(?)])(1 )(2 )(3 )]
22: 613d217f-7f13-4268-9907-1662339531cd, 1, 0 [(0 [0xC004F014, 0, 0], [(?)(?)(?)(?)(?)(?)(?)(?)])(1 )(2 )(3 )]
23: 62f0c100-9c53-4e02-b886-a3528ddfe7f6, 1, 0 [(0 [0xC004F014, 0, 0], [(?)(?)(?)(?)(?)(?)(?)(?)])(1 )(2 )(3 )]
24: 6365275e-368d-46ca-a0ef-fc0404119333, 1, 0 [(0 [0xC004F014, 0, 0], [(?)(?)(?)(?)(?)(?)(?)(?)])(1 )(2 )(3 )]
25: 721f9237-9341-4453-a661-09e8baa6cca5, 1, 0 [(0 [0xC004F014, 0, 0], [(?)(?)(?)(?)(?)(?)(?)(?)])(1 )(2 )(3 )]
26: 73111121-5638-40f6-bc11-f1d7b0d64300, 1, 0 [(0 [0xC004F014, 0, 0], [(?)(?)(?)(?)(?)(?)(?)(?)])(1 )(2 )(3 )]
27: 7a802526-4c94-4bd1-ba14-835a1aca2120, 1, 0 [(0 [0xC004F014, 0, 0], [(?)(?)(?)(?)(?)(?)(?)(?)])(1 )(2 )(3 )]
28: 7cb546c0-c7d5-44d8-9a5c-69ecdd782b69, 1, 0 [(0 [0xC004F014, 0, 0], [(?)(?)(?)(?)(?)(?)(?)(?)])(1 )(2 )(3 )]
29: 82bbc092-bc50-4e16-8e18-b74fc486aec3, 1, 0 [(0 [0xC004F014, 0, 0], [(?)(?)(?)(?)(?)(?)(?)(?)])(1 )(2 )(3 )]
30: 8ab9bdd1-1f67-4997-82d9-8878520837d9, 1, 0 [(0 [0xC004F014, 0, 0], [(?)(?)(?)(?)(?)(?)(?)(?)])(1 )(2 )(3 )]
31: 8b351c9c-f398-4515-9900-09df49427262, 1, 0 [(0 [0xC004F014, 0, 0], [(?)(?)(?)(?)(?)(?)(?)(?)])(1 )(2 )(3 )]
32: 90da7373-1c51-430b-bf26-c97e9c5cdc31, 1, 0 [(0 [0xC004F014, 0, 0], [(?)(?)(?)(?)(?)(?)(?)(?)])(1 )(2 )(3 )]
33: 92fb8726-92a8-4ffc-94ce-f82e07444653, 1, 0 [(0 [0xC004F014, 0, 0], [(?)(?)(?)(?)(?)(?)(?)(?)])(1 )(2 )(3 )]
34: 95dca82f-385d-4d39-b85b-5c73fa285d6f, 1, 0 [(0 [0xC004F014, 0, 0], [(?)(?)(?)(?)(?)(?)(?)(?)])(1 )(2 )(3 )]
35: a48938aa-62fa-4966-9d44-9f04da3f72f2, 1, 0 [(0 [0xC004F014, 0, 0], [(?)(?)(?)(?)(?)(?)(?)(?)])(1 )(2 )(3 )]
36: b0773a15-df3a-4312-9ad2-83d69648e356, 1, 0 [(0 [0xC004F014, 0, 0], [(?)(?)(?)(?)(?)(?)(?)(?)])(1 )(2 )(3 )]
37: b4bfe195-541e-4e64-ad23-6177f19e395e, 1, 0 [(0 [0xC004F014, 0, 0], [(?)(?)(?)(?)(?)(?)(?)(?)])(1 )(2 )(3 )]
38: b68e61d2-68ca-4757-be45-0cc2f3e68eee, 1, 0 [(0 [0xC004F014, 0, 0], [(?)(?)(?)(?)(?)(?)(?)(?)])(1 )(2 )(3 )]
39: bd3762d7-270d-4760-8fb3-d829ca45278a, 1, 1 [(0 )(1 )(2 [0x00000000, 1, 0], [(?)( 1 0x00000000)(?)(?)(?)(?)( 10 0x00000000 msft:rm/algorithm/flags/1.0)(?)])(3 )]
40: c86d5194-4840-4dae-9c1c-0301003a5ab0, 1, 0 [(0 [0xC004F014, 0, 0], [(?)(?)(?)(?)(?)(?)(?)(?)])(1 )(2 )(3 )]
41: ca7df2e3-5ea0-47b8-9ac1-b1be4d8edd69, 1, 0 [(0 [0xC004F014, 0, 0], [(?)(?)(?)(?)(?)(?)(?)(?)])(1 )(2 )(3 )]
42: d552befb-48cc-4327-8f39-47d2d94f987c, 1, 0 [(0 [0xC004F014, 0, 0], [(?)(?)(?)(?)(?)(?)(?)(?)])(1 )(2 )(3 )]
43: d6eadb3b-5ca8-4a6b-986e-35b550756111, 1, 0 [(0 [0xC004F014, 0, 0], [(?)(?)(?)(?)(?)(?)(?)(?)])(1 )(2 )(3 )]
44: df96023b-dcd9-4be2-afa0-c6c871159ebe, 1, 0 [(0 [0xC004F014, 0, 0], [(?)(?)(?)(?)(?)(?)(?)(?)])(1 )(2 )(3 )]
45: e0c42288-980c-4788-a014-c080d2e1926e, 1, 0 [(0 [0xC004F014, 0, 0], [(?)(?)(?)(?)(?)(?)(?)(?)])(1 )(2 )(3 )]
46: e4db50ea-bda1-4566-b047-0ca50abc6f07, 1, 0 [(0 [0xC004F014, 0, 0], [(?)(?)(?)(?)(?)(?)(?)(?)])(1 )(2 )(3 )]
47: e558417a-5123-4f6f-91e7-385c1c7ca9d4, 1, 0 [(0 [0xC004F014, 0, 0], [(?)(?)(?)(?)(?)(?)(?)(?)])(1 )(2 )(3 )]
48: e7a950a2-e548-4f10-bf16-02ec848e0643, 1, 0 [(0 [0xC004F014, 0, 0], [(?)(?)(?)(?)(?)(?)(?)(?)])(1 )(2 )(3 )]
49: eb6d346f-1c60-4643-b960-40ec31596c45, 1, 0 [(0 [0xC004F014, 0, 0], [(?)(?)(?)(?)(?)(?)(?)(?)])(1 )(2 )(3 )]
50: ec868e65-fadf-4759-b23e-93fe37f2cc29, 1, 0 [(0 [0xC004F014, 0, 0], [(?)(?)(?)(?)(?)(?)(?)(?)])(1 )(2 )(3 )]
51: ef51e000-2659-4f25-8345-3de70a9cf4c4, 1, 0 [(0 [0xC004F014, 0, 0], [(?)(?)(?)(?)(?)(?)(?)(?)])(1 )(2 )(3 )]
52: f7af7d09-40e4-419c-a49b-eae366689ebd, 1, 0 [(0 [0xC004F014, 0, 0], [(?)(?)(?)(?)(?)(?)(?)(?)])(1 )(2 )(3 )]
53: fa755fe6-6739-40b9-8d84-6d0ea3b6d1ab, 1, 0 [(0 [0xC004F014, 0, 0], [(?)(?)(?)(?)(?)(?)(?)(?)])(1 )(2 )(3 )]
54: fe74f55b-0338-41d6-b267-4a201abe7285, 1, 0 [(0 [0xC004F014, 0, 0], [(?)(?)(?)(?)(?)(?)(?)(?)])(1 )(2 )(3 )]

"
Information,1/2/2023 10:00:02 AM,Microsoft-Windows-Security-SPP,1066,None,"Initialization status for service objects.
C:\WINDOWS\system32\sppwinob.dll, msft:spp/windowsfunctionality/agent/7.0, 0x00000000, 0x00000000
C:\WINDOWS\system32\sppobjs.dll, msft:rm/algorithm/inherited/1.0, 0x00000000, 0x00000000
C:\WINDOWS\system32\sppobjs.dll, msft:rm/algorithm/phone/1.0, 0x00000000, 0x00000000
C:\WINDOWS\system32\sppobjs.dll, msft:rm/algorithm/pkey/detect, 0x00000000, 0x00000000
C:\WINDOWS\system32\sppobjs.dll, msft:spp/ActionScheduler/1.0, 0x00000000, 0x00000000
C:\WINDOWS\system32\sppobjs.dll, msft:spp/TaskScheduler/1.0, 0x00000000, 0x00000000
C:\WINDOWS\system32\sppobjs.dll, msft:spp/statecollector/pkey, 0x00000000, 0x00000000
C:\WINDOWS\system32\sppobjs.dll, msft:spp/volume/services/kms/1.0, 0x00000000, 0x00000000
C:\WINDOWS\system32\sppobjs.dll, msft:spp/volume/services/kms/activationinfo/1.0, 0x00000000, 0x00000000
"
Information,1/2/2023 10:00:02 AM,Microsoft-Windows-Security-SPP,16394,None,Offline downlevel migration succeeded.
Information,1/2/2023 10:00:02 AM,Microsoft-Windows-Security-SPP,900,None,"The Software Protection service is starting.
Parameters:<explicit>"
Information,1/2/2023 9:59:58 AM,edgeupdate,0,None,Service stopped.
Information,1/2/2023 9:59:57 AM,DellTechHub,0,None,Service started successfully.
Information,1/2/2023 9:59:56 AM,DellClientManagementService,0,None,Service started successfully.
Information,1/2/2023 9:59:46 AM,Dell SupportAssist Remediation,0,None,Service started successfully.
Information,1/2/2023 9:58:18 AM,Microsoft-Windows-Search,1003,Search service,The Windows Search Service started.

Information,1/2/2023 9:58:13 AM,igfxCUIService2.0.0.0,0,None,The operation completed successfully. 
Information,1/2/2023 9:58:13 AM,Microsoft-Windows-Winlogon,6000,None,The winlogon notification subscriber <SessionEnv> was unavailable to handle a notification event.
Information,1/2/2023 9:58:13 AM,igfxCUIService2.0.0.0,0,None,The operation completed successfully. 
Information,1/2/2023 9:58:13 AM,igfxCUIService2.0.0.0,0,None,The operation completed successfully. 
Information,1/2/2023 9:58:13 AM,Microsoft-Windows-Winlogon,6003,None,The winlogon notification subscriber <SessionEnv> was unavailable to handle a critical notification event.
Information,1/2/2023 9:57:44 AM,igccservice,0,None,Service started successfully.
Warning,1/2/2023 9:57:43 AM,Microsoft-Windows-WMI,63,None,"A provider, IntelMEProv, has been registered in the Windows Management Instrumentation namespace root\Intel_ME to use the LocalSystem account. This account is privileged and the provider may cause a security violation if it does not correctly impersonate user requests."
Warning,1/2/2023 9:57:43 AM,Microsoft-Windows-WMI,63,None,"A provider, IntelMEProv, has been registered in the Windows Management Instrumentation namespace root\Intel_ME to use the LocalSystem account. This account is privileged and the provider may cause a security violation if it does not correctly impersonate user requests."
Warning,1/2/2023 9:57:42 AM,Microsoft-Windows-WMI,63,None,"A provider, IntelMEProv, has been registered in the Windows Management Instrumentation namespace root\Intel_ME to use the LocalSystem account. This account is privileged and the provider may cause a security violation if it does not correctly impersonate user requests."
Information,1/2/2023 9:57:43 AM,WMIRegistrationService,2,None,Intel(R) WMI Registration Service has successfully finished WMI Registration.
Information,1/2/2023 9:57:39 AM,Microsoft-Windows-WMI,5617,None,Windows Management Instrumentation Service subsystems initialized successfully
Information,1/2/2023 9:57:36 AM,WMIRegistrationService,0,None,Intel(R) WMI Registration Service started.
Information,1/2/2023 9:57:34 AM,Microsoft-Windows-WMI,5615,None,Windows Management Instrumentation Service started sucessfully
Information,1/2/2023 9:57:35 AM,RtkAudioUniversalService,0,None,The operation completed successfully. 
Information,1/2/2023 9:57:34 AM,IntelDalJhi,0,None,Intel(R) Dynamic Application Loader Host Interface Service started.
Information,1/2/2023 9:57:31 AM,Microsoft-Windows-User Profiles Service,1531,None,"The User Profile Service has started successfully.  

"
Information,1/2/2023 9:57:31 AM,Desktop Window Manager,9027,None,The Desktop Window Manager has registered the session port.
Information,1/2/2023 1:34:46 AM,Microsoft-Windows-User Profiles Service,1532,None,"The User Profile Service has stopped.  

"
Information,1/2/2023 1:34:46 AM,RtkAudioUniversalService,0,None,The operation completed successfully. 
Information,1/2/2023 1:34:46 AM,igccservice,0,None,Service has been successfully shut down.
Information,1/2/2023 1:34:40 AM,Microsoft-Windows-Winlogon,6000,None,The winlogon notification subscriber <SessionEnv> was unavailable to handle a notification event.
Information,1/2/2023 1:34:40 AM,Microsoft-Windows-Winlogon,6000,None,The winlogon notification subscriber <WSearch> was unavailable to handle a notification event.
Information,1/2/2023 1:34:40 AM,igfxCUIService2.0.0.0,0,None,The operation completed successfully. 
Information,1/2/2023 1:34:40 AM,igfxCUIService2.0.0.0,0,None,The operation completed successfully. 
Information,1/2/2023 1:19:00 AM,ESENT,326,General,"svchost (4820,D,50) DS_Token_DB: The database engine attached a database (1, C:\WINDOWS\system32\config\systemprofile\AppData\Local\DataSharing\Storage\DSTokenDB2.dat). (Time=0 seconds) 
 
Saved Cache: 1 0 
Additional Data: lgposAttach = 00000002:000A:0268,
dbv = 1568.230.500 (9480) 
 
Internal Timing Sequence: 
[1] 0.000005 +J(0)
[2] 0.000771 -0.000186 (1) WT +J(0) +M(C:0K, Fs:17, WS:4K # 16K, PF:4K # 8K, P:4K)
[3] 0.007006 -0.001805 (6) WT +J(CM:0, PgRf:0, Rd:0/0, Dy:0/0, Lg:3480/2) +M(C:0K, Fs:6, WS:20K # 0K, PF:20K # 0K, P:20K)
[4] 0.000529 +J(0)
[5] -
[6] 0.000515 -0.000407 (2) CM -0.000311 (2) WT +J(CM:2, PgRf:2, Rd:0/2, Dy:0/0, Lg:0/0)
[7] 0.000002 +J(0)
[8] 0.000551 -0.000230 (1) CM -0.000157 (1) WT +J(CM:1, PgRf:1, Rd:4/1, Dy:0/0, Lg:0/0) +M(C:16K, Fs:16, WS:64K # 20K, PF:208K # 168K, P:208K)
[9] -
[10] -
[11] -
[12] 0.000021 +J(CM:0, PgRf:0, Rd:0/0, Dy:0/0, Lg:54/1) +M(C:0K, Fs:1, WS:4K # 4K, PF:20K # 16K, P:20K)
[13] 0.000672 -0.000385 (2) CM -0.000276 (2) WT +J(CM:2, PgRf:23, Rd:0/2, Dy:0/0, Lg:0/0) +M(C:-8K, Fs:22, WS:80K # 84K, PF:-4K # 4K, P:-4K)
[14] 0.000579 -0.000379 (2) CM -0.000287 (2) WT +J(CM:2, PgRf:40, Rd:0/2, Dy:0/0, Lg:0/0) +M(C:0K, Fs:2, WS:8K # 4K, PF:64K # 56K, P:64K)
[15] 0.000013 +J(CM:0, PgRf:1, Rd:0/0, Dy:0/0, Lg:0/0)
[16] 0.000012 +J(CM:0, PgRf:1, Rd:0/0, Dy:0/0, Lg:0/0)
[17] 0.000069 +J(CM:0, PgRf:42, Rd:0/0, Dy:0/0, Lg:0/0) +M(C:0K, Fs:4, WS:16K # 16K, PF:0K # 0K, P:0K)
[18] 0.000001 +J(0)
[19] 0.0 +J(0)
[20] 0.000009 +J(CM:0, PgRf:1, Rd:0/0, Dy:0/0, Lg:0/0)."
Information,1/2/2023 1:19:00 AM,ESENT,105,General,"svchost (4820,D,0) DS_Token_DB: The database engine started a new instance (0). (Time=0 seconds) 
 
Additional Data:
 lgposV2[] = 00000002:0001:0000 - 00000002:0007:0039 - 00000002:0008:0000 - 00000002:0008:0000 (00000000:0000:0000)
cReInits = 1
RBSOn = 0
 
 
Internal Timing Sequence: 
[1] 0.001940 +J(0) +M(C:0K, Fs:142, WS:552K # 552K, PF:2776K # 2776K, P:2776K)
[2] 0.000397 +J(0) +M(C:8K, Fs:168, WS:664K # 664K, PF:1224K # 1224K, P:1224K)
[3] 0.000028 +J(0) +M(C:0K, Fs:12, WS:48K # 48K, PF:64K # 64K, P:64K)
[4] 0.000212 +J(0) +M(C:0K, Fs:83, WS:328K # 328K, PF:188K # 188K, P:188K)
[5] 0.002988 +J(0) +M(C:0K, Fs:30, WS:120K # 120K, PF:24K # 24K, P:24K)
[6] 0.007319 +J(0) +M(C:0K, Fs:68, WS:268K # 268K, PF:56K # 56K, P:56K)
[7] 0.003813 -0.001221 (2) WT +J(0) +M(C:0K, Fs:35, WS:140K # 140K, PF:68K # 68K, P:68K)
[8] 0.019850 -0.005436 (11) WT +J(CM:0, PgRf:0, Rd:0/0, Dy:0/0, Lg:28382/148) +M(C:0K, Fs:120, WS:328K # 332K, PF:224K # 228K, P:224K)
[9] 0.000868 +J(0) +M(C:0K, Fs:9, WS:36K # 32K, PF:12K # 8K, P:12K)
[10] 0.001116 -0.000598 (1) WT +J(0) +M(C:0K, Fs:0, WS:-60K # 0K, PF:-60K # 0K, P:-60K)
[11] 0.000036 +J(CM:0, PgRf:0, Rd:0/0, Dy:0/0, Lg:49/1) +M(C:0K, Fs:2, WS:8K # 0K, PF:0K # 0K, P:0K)
[12] 0.000153 +J(0)
[13] 0.018083 -0.000462 (2) CM -0.003979 (17) WT +J(CM:2, PgRf:2, Rd:0/2, Dy:0/0, Lg:8759/5) +M(C:0K, Fs:71, WS:168K # 180K, PF:228K # 236K, P:228K)
[14] 0.000030 +J(0)
[15] 0.000018 +J(0)
[16] 0.000665 -0.000302 (1) WT +J(0) +M(C:0K, Fs:2, WS:0K # 0K, PF:0K # 0K, P:0K)."
Information,1/2/2023 1:19:00 AM,ESENT,302,Logging/Recovery,"svchost (4820,U,98) DS_Token_DB: The database engine has successfully completed recovery steps."
Information,1/2/2023 1:19:00 AM,ESENT,301,Logging/Recovery,"svchost (4820,R,98) DS_Token_DB: The database engine has finished replaying logfile C:\WINDOWS\system32\config\systemprofile\AppData\Local\DataSharing\Storage\DSS.log. 
 
Processing Stats: 
[1] 0.012725 -0.004487 (7) WT +J(CM:0, PgRf:0, Rd:0/0, Dy:0/0, Lg:28382/148) +M(C:0K, Fs:65, WS:184K # 128K, PF:132K # 72K, P:132K). 
Log record of type 'Insert   ' was seen most frequently (42 times)"
Information,1/2/2023 1:19:00 AM,ESENT,300,Logging/Recovery,"svchost (4820,R,98) DS_Token_DB: The database engine is initiating recovery steps."
Information,1/2/2023 1:19:00 AM,ESENT,102,General,"svchost (4820,P,98) DS_Token_DB: The database engine (10.00.22621.0000) is starting a new instance (0)."
Information,1/2/2023 1:17:37 AM,Microsoft-Windows-Security-SPP,16384,None,Successfully scheduled Software Protection service for re-start at 2122-12-09T04:17:37Z. Reason: RulesEngine.
Information,1/2/2023 1:17:06 AM,Microsoft-Windows-Security-SPP,16394,None,Offline downlevel migration succeeded.
Information,1/2/2023 1:09:23 AM,Microsoft-Windows-Security-SPP,16384,None,Successfully scheduled Software Protection service for re-start at 2122-12-09T04:09:23Z. Reason: RulesEngine.
Information,1/2/2023 1:08:53 AM,Microsoft-Windows-Security-SPP,16394,None,Offline downlevel migration succeeded.
Information,1/2/2023 1:02:50 AM,Microsoft-Windows-Security-SPP,903,None,"The Software Protection service has stopped.
"
Information,1/2/2023 1:02:50 AM,Microsoft-Windows-Security-SPP,16384,None,Successfully scheduled Software Protection service for re-start at 2122-12-09T04:02:50Z. Reason: RulesEngine.
Information,1/2/2023 1:02:20 AM,Microsoft-Windows-Security-SPP,902,None,"The Software Protection service has started.
10.0.22621.963"
Information,1/2/2023 1:02:20 AM,Microsoft-Windows-Security-SPP,1003,None,"The Software Protection service has completed licensing status check.
Application Id=55c92734-d682-4d71-983e-d6ec3f16059f
Licensing Status=
1: 040fa323-92b1-4baf-97a2-5b67feaefddb, 1, 0 [(0 [0xC004F014, 0, 0], [(?)(?)(?)(?)(?)(?)(?)(?)])(1 )(2 )(3 )]
2: 0724cb7d-3437-4cb7-93cb-830375d0079d, 1, 0 [(0 [0xC004F014, 0, 0], [(?)(?)(?)(?)(?)(?)(?)(?)])(1 )(2 )(3 )]
3: 0ad2ac98-7bb9-4201-8d92-312299201369, 1, 0 [(0 [0xC004F014, 0, 0], [(?)(?)(?)(?)(?)(?)(?)(?)])(1 )(2 )(3 )]
4: 1a9a717a-cf13-4ba5-83c3-0fe25fa868d5, 1, 0 [(0 [0xC004F014, 0, 0], [(?)(?)(?)(?)(?)(?)(?)(?)])(1 )(2 )(3 )]
5: 221a02da-e2a1-4b75-864c-0a4410a33fdf, 1, 0 [(0 [0xC004F014, 0, 0], [(?)(?)(?)(?)(?)(?)(?)(?)])(1 )(2 )(3 )]
6: 291ece0e-9c38-40ca-a9e1-32cc7ec19507, 1, 0 [(0 [0xC004F014, 0, 0], [(?)(?)(?)(?)(?)(?)(?)(?)])(1 )(2 )(3 )]
7: 2936d1d2-913a-4542-b54e-ce5a602a2a38, 1, 0 [(0 [0xC004F014, 0, 0], [(?)(?)(?)(?)(?)(?)(?)(?)])(1 )(2 )(3 )]
8: 2c293c26-a45a-4a2a-a350-c69a67097529, 1, 0 [(0 [0xC004F014, 0, 0], [(?)(?)(?)(?)(?)(?)(?)(?)])(1 )(2 )(3 )]
9: 2de67392-b7a7-462a-b1ca-108dd189f588, 1, 0 [(0 [0xC004F014, 0, 0], [(?)(?)(?)(?)(?)(?)(?)(?)])(1 )(2 )(3 )]
10: 2ffd8952-423e-4903-b993-72a1aa44cf82, 1, 0 [(0 [0xC004F014, 0, 0], [(?)(?)(?)(?)(?)(?)(?)(?)])(1 )(2 )(3 )]
11: 30a42c86-b7a0-4a34-8c90-ff177cb2acb7, 1, 0 [(0 [0xC004F014, 0, 0], [(?)(?)(?)(?)(?)(?)(?)(?)])(1 )(2 )(3 )]
12: 345a5db0-d94f-4e3b-a0c0-7c42f7bc3ebf, 1, 0 [(0 [0xC004F014, 0, 0], [(?)(?)(?)(?)(?)(?)(?)(?)])(1 )(2 )(3 )]
13: 3502365a-f88a-4ba4-822a-5769d3073b65, 1, 0 [(0 [0xC004F014, 0, 0], [(?)(?)(?)(?)(?)(?)(?)(?)])(1 )(2 )(3 )]
14: 377333b1-8b5d-48d6-9679-1225c872d37c, 1, 0 [(0 [0xC004F014, 0, 0], [(?)(?)(?)(?)(?)(?)(?)(?)])(1 )(2 )(3 )]
15: 3df374ef-d444-4494-a5a1-4b0d9fd0e203, 1, 0 [(0 [0xC004F014, 0, 0], [(?)(?)(?)(?)(?)(?)(?)(?)])(1 )(2 )(3 )]
16: 3f1afc82-f8ac-4f6c-8005-1d233e606eee, 1, 0 [(0 [0xC004F014, 0, 0], [(?)(?)(?)(?)(?)(?)(?)(?)])(1 )(2 )(3 )]
17: 49cd895b-53b2-4dc4-a5f7-b18aa019ad37, 1, 0 [(0 [0xC004F014, 0, 0], [(?)(?)(?)(?)(?)(?)(?)(?)])(1 )(2 )(3 )]
18: 4de7cb65-cdf1-4de9-8ae8-e3cce27b9f2c, 1, 0 [(0 [0xC004F014, 0, 0], [(?)(?)(?)(?)(?)(?)(?)(?)])(1 )(2 )(3 )]
19: 4f3da0d2-271d-4508-ae81-626b60809a38, 1, 0 [(0 [0xC004F014, 0, 0], [(?)(?)(?)(?)(?)(?)(?)(?)])(1 )(2 )(3 )]
20: 5d78c4e9-aeb3-4b40-8ac2-6a6005e0ad6d, 1, 0 [(0 [0xC004F014, 0, 0], [(?)(?)(?)(?)(?)(?)(?)(?)])(1 )(2 )(3 )]
21: 60b3ec1b-9545-4921-821f-311b129dd6f6, 1, 0 [(0 [0xC004F014, 0, 0], [(?)(?)(?)(?)(?)(?)(?)(?)])(1 )(2 )(3 )]
22: 613d217f-7f13-4268-9907-1662339531cd, 1, 0 [(0 [0xC004F014, 0, 0], [(?)(?)(?)(?)(?)(?)(?)(?)])(1 )(2 )(3 )]
23: 62f0c100-9c53-4e02-b886-a3528ddfe7f6, 1, 0 [(0 [0xC004F014, 0, 0], [(?)(?)(?)(?)(?)(?)(?)(?)])(1 )(2 )(3 )]
24: 6365275e-368d-46ca-a0ef-fc0404119333, 1, 0 [(0 [0xC004F014, 0, 0], [(?)(?)(?)(?)(?)(?)(?)(?)])(1 )(2 )(3 )]
25: 721f9237-9341-4453-a661-09e8baa6cca5, 1, 0 [(0 [0xC004F014, 0, 0], [(?)(?)(?)(?)(?)(?)(?)(?)])(1 )(2 )(3 )]
26: 73111121-5638-40f6-bc11-f1d7b0d64300, 1, 0 [(0 [0xC004F014, 0, 0], [(?)(?)(?)(?)(?)(?)(?)(?)])(1 )(2 )(3 )]
27: 7a802526-4c94-4bd1-ba14-835a1aca2120, 1, 0 [(0 [0xC004F014, 0, 0], [(?)(?)(?)(?)(?)(?)(?)(?)])(1 )(2 )(3 )]
28: 7cb546c0-c7d5-44d8-9a5c-69ecdd782b69, 1, 0 [(0 [0xC004F014, 0, 0], [(?)(?)(?)(?)(?)(?)(?)(?)])(1 )(2 )(3 )]
29: 82bbc092-bc50-4e16-8e18-b74fc486aec3, 1, 0 [(0 [0xC004F014, 0, 0], [(?)(?)(?)(?)(?)(?)(?)(?)])(1 )(2 )(3 )]
30: 8ab9bdd1-1f67-4997-82d9-8878520837d9, 1, 0 [(0 [0xC004F014, 0, 0], [(?)(?)(?)(?)(?)(?)(?)(?)])(1 )(2 )(3 )]
31: 8b351c9c-f398-4515-9900-09df49427262, 1, 0 [(0 [0xC004F014, 0, 0], [(?)(?)(?)(?)(?)(?)(?)(?)])(1 )(2 )(3 )]
32: 90da7373-1c51-430b-bf26-c97e9c5cdc31, 1, 0 [(0 [0xC004F014, 0, 0], [(?)(?)(?)(?)(?)(?)(?)(?)])(1 )(2 )(3 )]
33: 92fb8726-92a8-4ffc-94ce-f82e07444653, 1, 0 [(0 [0xC004F014, 0, 0], [(?)(?)(?)(?)(?)(?)(?)(?)])(1 )(2 )(3 )]
34: 95dca82f-385d-4d39-b85b-5c73fa285d6f, 1, 0 [(0 [0xC004F014, 0, 0], [(?)(?)(?)(?)(?)(?)(?)(?)])(1 )(2 )(3 )]
35: a48938aa-62fa-4966-9d44-9f04da3f72f2, 1, 0 [(0 [0xC004F014, 0, 0], [(?)(?)(?)(?)(?)(?)(?)(?)])(1 )(2 )(3 )]
36: b0773a15-df3a-4312-9ad2-83d69648e356, 1, 0 [(0 [0xC004F014, 0, 0], [(?)(?)(?)(?)(?)(?)(?)(?)])(1 )(2 )(3 )]
37: b4bfe195-541e-4e64-ad23-6177f19e395e, 1, 0 [(0 [0xC004F014, 0, 0], [(?)(?)(?)(?)(?)(?)(?)(?)])(1 )(2 )(3 )]
38: b68e61d2-68ca-4757-be45-0cc2f3e68eee, 1, 0 [(0 [0xC004F014, 0, 0], [(?)(?)(?)(?)(?)(?)(?)(?)])(1 )(2 )(3 )]
39: bd3762d7-270d-4760-8fb3-d829ca45278a, 1, 0 [(0 )(1 )(2 [0x00000000, 1, 0], [(?)( 1 0x00000000)(?)(?)(?)(?)( 10 0x00000000 msft:rm/algorithm/flags/1.0)(?)])(3 )]
40: c86d5194-4840-4dae-9c1c-0301003a5ab0, 1, 0 [(0 [0xC004F014, 0, 0], [(?)(?)(?)(?)(?)(?)(?)(?)])(1 )(2 )(3 )]
41: ca7df2e3-5ea0-47b8-9ac1-b1be4d8edd69, 1, 0 [(0 [0xC004F014, 0, 0], [(?)(?)(?)(?)(?)(?)(?)(?)])(1 )(2 )(3 )]
42: d552befb-48cc-4327-8f39-47d2d94f987c, 1, 0 [(0 [0xC004F014, 0, 0], [(?)(?)(?)(?)(?)(?)(?)(?)])(1 )(2 )(3 )]
43: d6eadb3b-5ca8-4a6b-986e-35b550756111, 1, 0 [(0 [0xC004F014, 0, 0], [(?)(?)(?)(?)(?)(?)(?)(?)])(1 )(2 )(3 )]
44: df96023b-dcd9-4be2-afa0-c6c871159ebe, 1, 0 [(0 [0xC004F014, 0, 0], [(?)(?)(?)(?)(?)(?)(?)(?)])(1 )(2 )(3 )]
45: e0c42288-980c-4788-a014-c080d2e1926e, 1, 0 [(0 [0xC004F014, 0, 0], [(?)(?)(?)(?)(?)(?)(?)(?)])(1 )(2 )(3 )]
46: e4db50ea-bda1-4566-b047-0ca50abc6f07, 1, 0 [(0 [0xC004F014, 0, 0], [(?)(?)(?)(?)(?)(?)(?)(?)])(1 )(2 )(3 )]
47: e558417a-5123-4f6f-91e7-385c1c7ca9d4, 1, 0 [(0 [0xC004F014, 0, 0], [(?)(?)(?)(?)(?)(?)(?)(?)])(1 )(2 )(3 )]
48: e7a950a2-e548-4f10-bf16-02ec848e0643, 1, 0 [(0 [0xC004F014, 0, 0], [(?)(?)(?)(?)(?)(?)(?)(?)])(1 )(2 )(3 )]
49: eb6d346f-1c60-4643-b960-40ec31596c45, 1, 0 [(0 [0xC004F014, 0, 0], [(?)(?)(?)(?)(?)(?)(?)(?)])(1 )(2 )(3 )]
50: ec868e65-fadf-4759-b23e-93fe37f2cc29, 1, 0 [(0 [0xC004F014, 0, 0], [(?)(?)(?)(?)(?)(?)(?)(?)])(1 )(2 )(3 )]
51: ef51e000-2659-4f25-8345-3de70a9cf4c4, 1, 0 [(0 [0xC004F014, 0, 0], [(?)(?)(?)(?)(?)(?)(?)(?)])(1 )(2 )(3 )]
52: f7af7d09-40e4-419c-a49b-eae366689ebd, 1, 0 [(0 [0xC004F014, 0, 0], [(?)(?)(?)(?)(?)(?)(?)(?)])(1 )(2 )(3 )]
53: fa755fe6-6739-40b9-8d84-6d0ea3b6d1ab, 1, 0 [(0 [0xC004F014, 0, 0], [(?)(?)(?)(?)(?)(?)(?)(?)])(1 )(2 )(3 )]
54: fe74f55b-0338-41d6-b267-4a201abe7285, 1, 0 [(0 [0xC004F014, 0, 0], [(?)(?)(?)(?)(?)(?)(?)(?)])(1 )(2 )(3 )]

"
Information,1/2/2023 1:02:20 AM,Microsoft-Windows-Security-SPP,1033,None,"These policies are being excluded since they are only defined with override-only attribute.
Policy Names=(Security-SPP-Reserved-EnableNotificationMode) 
App Id=55c92734-d682-4d71-983e-d6ec3f16059f
Sku Id=bd3762d7-270d-4760-8fb3-d829ca45278a"
Information,1/2/2023 1:02:20 AM,Microsoft-Windows-Security-SPP,1034,None,Duplicate definition of policy found. Policy name=Security-SPP-WriteWauMarker  Priority=500
Information,1/2/2023 1:02:20 AM,Microsoft-Windows-Security-SPP,1034,None,Duplicate definition of policy found. Policy name=AAD-BlockAADWorkplaceJoin-Default  Priority=100
Information,1/2/2023 1:02:20 AM,Microsoft-Windows-Security-SPP,1034,None,Duplicate definition of policy found. Policy name=AAD-BlockAADWorkplaceJoin-Default  Priority=100
Information,1/2/2023 1:02:20 AM,Microsoft-Windows-Security-SPP,1034,None,Duplicate definition of policy found. Policy name=AAD-BlockAADWorkplaceJoin-Default  Priority=100
Information,1/2/2023 1:02:20 AM,Microsoft-Windows-Security-SPP,1034,None,Duplicate definition of policy found. Policy name=AAD-BlockAADWorkplaceJoin-Default  Priority=100
Information,1/2/2023 1:02:20 AM,Microsoft-Windows-Security-SPP,1034,None,Duplicate definition of policy found. Policy name=AAD-BlockAADWorkplaceJoin-Default  Priority=100
Information,1/2/2023 1:02:20 AM,Microsoft-Windows-Security-SPP,1034,None,Duplicate definition of policy found. Policy name=AAD-BlockAADWorkplaceJoin-Default  Priority=100
