Information,12/31/2022 4:34:29 AM,SDSSnapshotProcess,272,(3),"The description for Event ID 272 from source SDSSnapshotProcess cannot be found. Either the component that raises this event is not installed on your local computer or the installation is corrupted. You can install or repair the component on the local computer.

If the event originated on another computer, the display information had to be saved with the event.

The following information was included with the event: 


The system cannot find the file specified
"
Information,12/31/2022 4:33:48 AM,SDSSnapshotProcess,264,(2),"The description for Event ID 264 from source SDSSnapshotProcess cannot be found. Either the component that raises this event is not installed on your local computer or the installation is corrupted. You can install or repair the component on the local computer.

If the event originated on another computer, the display information had to be saved with the event.

The following information was included with the event: 


The system cannot find the file specified
"
Information,12/31/2022 4:33:44 AM,SDSSnapshotProcess,274,(4),"The description for Event ID 274 from source SDSSnapshotProcess cannot be found. Either the component that raises this event is not installed on your local computer or the installation is corrupted. You can install or repair the component on the local computer.

If the event originated on another computer, the display information had to be saved with the event.

The following information was included with the event: 


The system cannot find the file specified
"
Information,12/31/2022 4:33:42 AM,SDSSnapshotProcess,256,(1),"The description for Event ID 256 from source SDSSnapshotProcess cannot be found. Either the component that raises this event is not installed on your local computer or the installation is corrupted. You can install or repair the component on the local computer.

If the event originated on another computer, the display information had to be saved with the event.

The following information was included with the event: 


The system cannot find the file specified
"
Information,12/31/2022 4:22:15 AM,Microsoft-Windows-Security-SPP,16384,None,Successfully scheduled Software Protection service for re-start at 2122-12-07T07:22:15Z. Reason: RulesEngine.
Information,12/31/2022 4:21:45 AM,Microsoft-Windows-Security-SPP,16394,None,Offline downlevel migration succeeded.
Information,12/31/2022 3:56:45 AM,edgeupdate,0,None,Service stopped.
Information,12/31/2022 3:54:24 AM,Microsoft-Windows-Security-SPP,16384,None,Successfully scheduled Software Protection service for re-start at 2122-12-07T06:54:24Z. Reason: RulesEngine.
Information,12/31/2022 3:53:54 AM,Microsoft-Windows-Security-SPP,16394,None,Offline downlevel migration succeeded.
Information,12/31/2022 3:41:04 AM,Microsoft-Windows-Security-SPP,16384,None,Successfully scheduled Software Protection service for re-start at 2122-12-07T06:41:04Z. Reason: RulesEngine.
Information,12/31/2022 3:40:34 AM,Microsoft-Windows-Security-SPP,16394,None,Offline downlevel migration succeeded.
Information,12/31/2022 3:40:28 AM,Microsoft-Windows-Security-SPP,16384,None,Successfully scheduled Software Protection service for re-start at 2122-12-07T06:40:28Z. Reason: RulesEngine.
Information,12/31/2022 3:39:45 AM,Microsoft-Windows-Security-SPP,16394,None,Offline downlevel migration succeeded.
Information,12/31/2022 3:22:45 AM,Microsoft-Windows-Security-SPP,16384,None,Successfully scheduled Software Protection service for re-start at 2122-12-07T06:22:45Z. Reason: RulesEngine.
Information,12/31/2022 3:22:15 AM,Microsoft-Windows-Security-SPP,16394,None,Offline downlevel migration succeeded.
Information,12/31/2022 3:07:16 AM,Microsoft-Windows-Security-SPP,16384,None,Successfully scheduled Software Protection service for re-start at 2122-12-07T06:07:16Z. Reason: RulesEngine.
Information,12/31/2022 3:06:45 AM,Microsoft-Windows-Security-SPP,16394,None,Offline downlevel migration succeeded.
Information,12/31/2022 2:48:09 AM,Microsoft-Windows-Security-SPP,16384,None,Successfully scheduled Software Protection service for re-start at 2122-12-07T05:48:09Z. Reason: RulesEngine.
Information,12/31/2022 2:47:39 AM,Microsoft-Windows-Security-SPP,16394,None,Offline downlevel migration succeeded.
Information,12/31/2022 2:08:01 AM,Windows Error Reporting,1001,None,"Fault bucket 1792720665811648346, type 5
Event Name: StoreAgentInstallFailure1
Response: Not available
Cab Id: 0

Problem signature:
P1: Update;ScanForUpdatesForUser
P2: 80073d02
P3: 22621
P4: 963
P5: Windows.Desktop
P6: V
P7: 
P8: 
P9: 
P10: 

Attached files:
\\?\C:\ProgramData\Microsoft\Windows\WER\Temp\WER.85eace57-e4ca-4e3f-b3ce-fb87309d2fc2.tmp.WERInternalMetadata.xml

These files may be available here:
\\?\C:\ProgramData\Microsoft\Windows\WER\ReportArchive\NonCritical_Update;ScanForUp_49ece61b3f41da583857223a9be42295b97d9a2b_00000000_56684f43-52a5-484b-9c91-e3400a1d99bc

Analysis symbol: 
Rechecking for solution: 0
Report Id: 56684f43-52a5-484b-9c91-e3400a1d99bc
Report Status: 268435456
Hashed bucket: 7c0b4b9a9e4914a2e8e105f283347f5a
Cab Guid: 0"
Information,12/31/2022 2:07:58 AM,Windows Error Reporting,1001,None,"Fault bucket , type 0
Event Name: StoreAgentInstallFailure1
Response: Not available
Cab Id: 0

Problem signature:
P1: Update;ScanForUpdatesForUser
P2: 80073d02
P3: 22621
P4: 963
P5: Windows.Desktop
P6: V
P7: 
P8: 
P9: 
P10: 

Attached files:

These files may be available here:
\\?\C:\ProgramData\Microsoft\Windows\WER\ReportQueue\NonCritical_Update;ScanForUp_49ece61b3f41da583857223a9be42295b97d9a2b_00000000_56684f43-52a5-484b-9c91-e3400a1d99bc

Analysis symbol: 
Rechecking for solution: 0
Report Id: 56684f43-52a5-484b-9c91-e3400a1d99bc
Report Status: 4
Hashed bucket: 
Cab Guid: 0"
Information,12/31/2022 1:58:57 AM,Microsoft-Windows-Security-SPP,16384,None,Successfully scheduled Software Protection service for re-start at 2122-12-07T04:58:57Z. Reason: RulesEngine.
Information,12/31/2022 1:58:27 AM,Microsoft-Windows-Security-SPP,16394,None,Offline downlevel migration succeeded.
Information,12/31/2022 1:56:03 AM,Microsoft-Windows-Security-SPP,16384,None,Successfully scheduled Software Protection service for re-start at 2122-12-07T04:56:03Z. Reason: RulesEngine.
Information,12/31/2022 1:55:33 AM,Microsoft-Windows-Security-SPP,16394,None,Offline downlevel migration succeeded.
Information,12/31/2022 1:46:37 AM,Microsoft-Windows-Security-SPP,16384,None,Successfully scheduled Software Protection service for re-start at 2122-12-07T04:46:37Z. Reason: RulesEngine.
Information,12/31/2022 1:46:07 AM,Microsoft-Windows-Security-SPP,16394,None,Offline downlevel migration succeeded.
Information,12/31/2022 1:43:08 AM,Microsoft-Windows-Security-SPP,16384,None,Successfully scheduled Software Protection service for re-start at 2122-12-07T04:43:08Z. Reason: RulesEngine.
Information,12/31/2022 1:42:37 AM,Microsoft-Windows-Security-SPP,16394,None,Offline downlevel migration succeeded.
Information,12/31/2022 1:11:33 AM,igccservice,0,None,PowerEvent handled successfully by the service.
Information,12/31/2022 1:11:33 AM,DellTechHub,0,None,PowerEvent handled successfully by the service.
Information,12/31/2022 1:11:33 AM,Dell SupportAssist Remediation,0,None,PowerEvent handled successfully by the service.
Information,12/31/2022 1:00:58 AM,Microsoft-Windows-Security-SPP,16384,None,Successfully scheduled Software Protection service for re-start at 2122-12-07T04:00:58Z. Reason: RulesEngine.
Information,12/31/2022 1:00:18 AM,Microsoft-Windows-Security-SPP,16394,None,Offline downlevel migration succeeded.
Information,12/31/2022 12:44:34 AM,Microsoft-Windows-Security-SPP,16384,None,Successfully scheduled Software Protection service for re-start at 2122-12-07T03:44:34Z. Reason: RulesEngine.
Information,12/31/2022 12:44:04 AM,Microsoft-Windows-Security-SPP,16394,None,Offline downlevel migration succeeded.
Information,12/31/2022 12:40:57 AM,DellTechHub,0,None,PowerEvent handled successfully by the service.
Information,12/31/2022 12:40:57 AM,igccservice,0,None,PowerEvent handled successfully by the service.
Information,12/31/2022 12:40:57 AM,Dell SupportAssist Remediation,0,None,PowerEvent handled successfully by the service.
Information,12/31/2022 12:30:04 AM,Microsoft-Windows-Security-SPP,16384,None,Successfully scheduled Software Protection service for re-start at 2122-12-07T03:30:04Z. Reason: RulesEngine.
Information,12/31/2022 12:29:33 AM,Microsoft-Windows-Security-SPP,16394,None,Offline downlevel migration succeeded.
Information,12/31/2022 12:26:50 AM,Microsoft-Windows-Security-SPP,16384,None,Successfully scheduled Software Protection service for re-start at 2122-12-07T03:26:50Z. Reason: RulesEngine.
Information,12/31/2022 12:26:20 AM,Microsoft-Windows-Security-SPP,16394,None,Offline downlevel migration succeeded.
Information,12/31/2022 12:16:09 AM,Microsoft-Windows-Security-SPP,16384,None,Successfully scheduled Software Protection service for re-start at 2122-12-07T03:16:09Z. Reason: RulesEngine.
Information,12/31/2022 12:15:39 AM,Microsoft-Windows-Security-SPP,16394,None,Offline downlevel migration succeeded.
Information,12/30/2022 11:44:45 PM,Microsoft-Windows-Security-SPP,16384,None,Successfully scheduled Software Protection service for re-start at 2122-12-07T02:44:45Z. Reason: RulesEngine.
Information,12/30/2022 11:44:15 PM,Microsoft-Windows-Security-SPP,16394,None,Offline downlevel migration succeeded.
Information,12/30/2022 11:40:49 PM,Microsoft-Windows-Security-SPP,16384,None,Successfully scheduled Software Protection service for re-start at 2122-12-07T02:40:49Z. Reason: RulesEngine.
Information,12/30/2022 11:40:19 PM,Microsoft-Windows-Security-SPP,16394,None,Offline downlevel migration succeeded.
Information,12/30/2022 11:27:29 PM,Microsoft-Windows-Security-SPP,16384,None,Successfully scheduled Software Protection service for re-start at 2122-12-07T02:27:29Z. Reason: RulesEngine.
Information,12/30/2022 11:26:59 PM,Microsoft-Windows-Security-SPP,16394,None,Offline downlevel migration succeeded.
Information,12/30/2022 11:14:00 PM,Windows Error Reporting,1001,None,"Fault bucket 1730979768607940171, type 5
Event Name: RADAR_PRE_LEAK_WOW64
Response: Not available
Cab Id: 0

Problem signature:
P1: Wolverine.exe
P2: 1.0.0.1
P3: 10.0.22621.2.0.0
P4: 
P5: 
P6: 
P7: 
P8: 
P9: 
P10: 

Attached files:
\\?\C:\Users\ozeas\AppData\Local\Temp\RDR5EBD.tmp\empty.txt
\\?\C:\ProgramData\Microsoft\Windows\WER\Temp\WER.5c4783cd-3d23-4f0d-80e0-55853c063585.tmp.WERInternalMetadata.xml
\\?\C:\ProgramData\Microsoft\Windows\WER\Temp\WER.ac5d1084-71b5-4cbb-959c-b69a2ada54fe.tmp.csv
\\?\C:\ProgramData\Microsoft\Windows\WER\Temp\WER.8793af29-ab31-48c1-9fcd-4167317eb059.tmp.txt
\\?\C:\ProgramData\Microsoft\Windows\WER\Temp\WER.092ff935-0eda-495d-81ec-4ac5dbd5ae77.tmp.xml

These files may be available here:
NULL

Analysis symbol: 
Rechecking for solution: 0
Report Id: 5b6f7c78-d829-470f-ad09-8b16f39f788e
Report Status: 268435456
Hashed bucket: 407a7ba5d3131f003805acedad439e4b
Cab Guid: 0"
Information,12/30/2022 11:13:02 PM,VSS,8224,None,The VSS service is shutting down due to idle timeout. 
Information,12/30/2022 11:11:34 PM,Microsoft-Windows-Security-SPP,16384,None,Successfully scheduled Software Protection service for re-start at 2122-12-07T02:11:34Z. Reason: RulesEngine.
Information,12/30/2022 11:11:04 PM,Microsoft-Windows-Security-SPP,16394,None,Offline downlevel migration succeeded.
Information,12/30/2022 11:10:17 PM,Microsoft-Windows-System-Restore,8302,None,Scoping successfully completed for shadowcopy \\?\GLOBALROOT\Device\HarddiskVolumeShadowCopy12.
Information,12/30/2022 11:10:17 PM,Microsoft-Windows-System-Restore,8301,None,Scoping completed for shadowcopy \\?\GLOBALROOT\Device\HarddiskVolumeShadowCopy12.
Information,12/30/2022 11:10:02 PM,Microsoft-Windows-System-Restore,8300,None,Scoping started for shadowcopy \\?\GLOBALROOT\Device\HarddiskVolumeShadowCopy12.
Information,12/30/2022 11:10:00 PM,Microsoft-Windows-RestartManager,10001,None,Ending session 0 started ‎2022‎-‎12‎-‎31T02:09:56.021938500Z.
Information,12/30/2022 11:10:00 PM,MsiInstaller,1042,None,Ending a Windows Installer transaction: C:\Program Files (x86)\Common Files\Wise Installation Wizard\WIS64F6748976BB4CDDA236F954BE774B35_9_09_0025.MSI. Client Process Id: 17628.
Information,12/30/2022 11:10:00 PM,MsiInstaller,1033,None,Windows Installer installed the product. Product Name: NVIDIA PhysX. Product Version: 9.09.0025. Product Language: 1033. Manufacturer: NVIDIA Corporation. Installation success or error status: 0.
Information,12/30/2022 11:10:00 PM,MsiInstaller,11707,None,Product: NVIDIA PhysX -- Installation operation completed successfully.
Information,12/30/2022 11:09:56 PM,Microsoft-Windows-RestartManager,10000,None,Starting session 0 - ‎2022‎-‎12‎-‎31T02:09:56.021938500Z.
Information,12/30/2022 11:09:55 PM,MsiInstaller,1040,None,Beginning a Windows Installer transaction: C:\Program Files (x86)\Common Files\Wise Installation Wizard\WIS64F6748976BB4CDDA236F954BE774B35_9_09_0025.MSI. Client Process Id: 17628.
Information,12/30/2022 11:09:54 PM,Microsoft-Windows-RestartManager,10001,None,Ending session 0 started ‎2022‎-‎12‎-‎31T02:09:52.430591400Z.
Information,12/30/2022 11:09:54 PM,MsiInstaller,1033,None,Windows Installer installed the product. Product Name: Microsoft Visual C++ 2005 Redistributable. Product Version: 8.0.56336. Product Language: 0. Manufacturer: Microsoft Corporation. Installation success or error status: 0.
Information,12/30/2022 11:09:54 PM,MsiInstaller,11707,None,Product: Microsoft Visual C++ 2005 Redistributable -- Installation completed successfully.
Information,12/30/2022 11:09:54 PM,MsiInstaller,1042,None,Ending a Windows Installer transaction: C:\Users\ozeas\AppData\Local\Temp\IXP001.TMP\vcredist.msi. Client Process Id: 15180.
Information,12/30/2022 11:09:52 PM,Microsoft-Windows-RestartManager,10000,None,Starting session 0 - ‎2022‎-‎12‎-‎31T02:09:52.430591400Z.
Information,12/30/2022 11:09:52 PM,System Restore,8194,None,Successfully created restore point (Process = C:\WINDOWS\system32\msiexec.exe /V; Description = Installed Microsoft Visual C++ 2005 Redistributable).
Information,12/30/2022 11:09:41 PM,MsiInstaller,1040,None,Beginning a Windows Installer transaction: C:\Users\ozeas\AppData\Local\Temp\IXP001.TMP\vcredist.msi. Client Process Id: 15180.
Information,12/30/2022 11:09:37 PM,System Restore,8216,None,Skipping creation of restore point (Process = D:\Redist\DirectX\DXSETUP.exe /silent; Description = Installed DirectX) as there is a restore point avaliable which is recent enough for System Restore.
Information,12/30/2022 10:59:02 PM,Windows Error Reporting,1001,None,"Fault bucket 1666129924250963730, type 5
Event Name: RADAR_PRE_LEAK_WOW64
Response: Not available
Cab Id: 0

Problem signature:
P1: ac.dll
P2: 0.0.0.0
P3: 10.0.22621.2.0.0
P4: 
P5: 
P6: 
P7: 
P8: 
P9: 
P10: 

Attached files:
\\?\C:\Users\ozeas\AppData\Local\Temp\RDRA280.tmp\empty.txt
\\?\C:\ProgramData\Microsoft\Windows\WER\Temp\WER.65f62bf6-6edd-49fc-8ef1-4492205fe107.tmp.WERInternalMetadata.xml
\\?\C:\ProgramData\Microsoft\Windows\WER\Temp\WER.0ddd074b-ad9c-40ad-98f1-66e81349e0dd.tmp.csv
\\?\C:\ProgramData\Microsoft\Windows\WER\Temp\WER.7f420b4f-50df-4e69-b888-6876c57086e7.tmp.txt
\\?\C:\ProgramData\Microsoft\Windows\WER\Temp\WER.937d3bae-a863-4dc8-aefd-2fbd68ff57f2.tmp.xml

These files may be available here:
NULL

Analysis symbol: 
Rechecking for solution: 0
Report Id: 0fac6cd3-f92a-45c0-86bd-0ee294355c8b
Report Status: 268435456
Hashed bucket: 7d12ce344a72f831e71f4856aca08f12
Cab Guid: 0"
Information,12/30/2022 10:31:58 PM,Microsoft-Windows-Security-SPP,16384,None,Successfully scheduled Software Protection service for re-start at 2122-12-07T01:31:58Z. Reason: RulesEngine.
Information,12/30/2022 10:31:28 PM,Microsoft-Windows-Security-SPP,16394,None,Offline downlevel migration succeeded.
Information,12/30/2022 10:23:01 PM,Microsoft-Windows-Security-SPP,16384,None,Successfully scheduled Software Protection service for re-start at 2122-12-07T01:23:01Z. Reason: RulesEngine.
Information,12/30/2022 10:22:31 PM,Microsoft-Windows-Security-SPP,16394,None,Offline downlevel migration succeeded.
Information,12/30/2022 10:15:49 PM,Microsoft-Windows-Security-SPP,16384,None,Successfully scheduled Software Protection service for re-start at 2122-12-07T01:15:49Z. Reason: RulesEngine.
Information,12/30/2022 10:15:18 PM,Microsoft-Windows-Security-SPP,16394,None,Offline downlevel migration succeeded.
Information,12/30/2022 9:17:25 PM,Microsoft-Windows-Security-SPP,16384,None,Successfully scheduled Software Protection service for re-start at 2122-12-07T00:17:25Z. Reason: RulesEngine.
Information,12/30/2022 9:16:55 PM,Microsoft-Windows-Security-SPP,16394,None,Offline downlevel migration succeeded.
Information,12/30/2022 8:35:03 PM,Microsoft-Windows-Security-SPP,16384,None,Successfully scheduled Software Protection service for re-start at 2122-12-06T23:35:03Z. Reason: RulesEngine.
Information,12/30/2022 8:34:33 PM,Microsoft-Windows-Security-SPP,16394,None,Offline downlevel migration succeeded.
Information,12/30/2022 8:13:01 PM,Microsoft-Windows-Security-SPP,16384,None,Successfully scheduled Software Protection service for re-start at 2122-12-06T23:13:01Z. Reason: RulesEngine.
Information,12/30/2022 8:12:30 PM,Microsoft-Windows-Security-SPP,16394,None,Offline downlevel migration succeeded.
Information,12/30/2022 7:47:47 PM,DellTechHub,0,None,PowerEvent handled successfully by the service.
Information,12/30/2022 7:47:47 PM,igccservice,0,None,PowerEvent handled successfully by the service.
Information,12/30/2022 7:47:47 PM,Dell SupportAssist Remediation,0,None,PowerEvent handled successfully by the service.
Information,12/30/2022 7:46:59 PM,igccservice,0,None,PowerEvent handled successfully by the service.
Information,12/30/2022 7:46:59 PM,DellTechHub,0,None,PowerEvent handled successfully by the service.
Information,12/30/2022 7:46:59 PM,Dell SupportAssist Remediation,0,None,PowerEvent handled successfully by the service.
Information,12/30/2022 7:45:20 PM,Microsoft-Windows-Security-SPP,16384,None,Successfully scheduled Software Protection service for re-start at 2122-12-06T22:45:20Z. Reason: RulesEngine.
Information,12/30/2022 7:44:50 PM,Microsoft-Windows-Security-SPP,16394,None,Offline downlevel migration succeeded.
Information,12/30/2022 7:44:09 PM,DellTechHub,0,None,PowerEvent handled successfully by the service.
Information,12/30/2022 7:44:09 PM,igccservice,0,None,PowerEvent handled successfully by the service.
Information,12/30/2022 7:44:09 PM,Dell SupportAssist Remediation,0,None,PowerEvent handled successfully by the service.
Information,12/30/2022 7:43:30 PM,DellTechHub,0,None,PowerEvent handled successfully by the service.
Information,12/30/2022 7:43:30 PM,igccservice,0,None,PowerEvent handled successfully by the service.
Information,12/30/2022 7:43:30 PM,Dell SupportAssist Remediation,0,None,PowerEvent handled successfully by the service.
Information,12/30/2022 7:19:47 PM,Microsoft-Windows-Security-SPP,16384,None,Successfully scheduled Software Protection service for re-start at 2122-12-06T22:19:47Z. Reason: RulesEngine.
Information,12/30/2022 7:19:17 PM,Microsoft-Windows-Security-SPP,16394,None,Offline downlevel migration succeeded.
Information,12/30/2022 6:49:30 PM,Microsoft-Windows-Security-SPP,16384,None,Successfully scheduled Software Protection service for re-start at 2122-12-06T21:49:30Z. Reason: RulesEngine.
Information,12/30/2022 6:49:00 PM,Microsoft-Windows-Security-SPP,16394,None,Offline downlevel migration succeeded.
Information,12/30/2022 6:43:59 PM,Microsoft-Windows-Security-SPP,16384,None,Successfully scheduled Software Protection service for re-start at 2122-12-06T21:43:59Z. Reason: RulesEngine.
Information,12/30/2022 6:43:29 PM,Microsoft-Windows-Security-SPP,16394,None,Offline downlevel migration succeeded.
Information,12/30/2022 6:08:34 PM,Microsoft-Windows-Security-SPP,16384,None,Successfully scheduled Software Protection service for re-start at 2122-12-06T21:08:34Z. Reason: RulesEngine.
Information,12/30/2022 6:08:03 PM,Microsoft-Windows-Security-SPP,16394,None,Offline downlevel migration succeeded.
Information,12/30/2022 5:56:52 PM,edgeupdate,0,None,Service stopped.
Information,12/30/2022 5:52:40 PM,Microsoft-Windows-Security-SPP,16384,None,Successfully scheduled Software Protection service for re-start at 2122-12-06T20:52:40Z. Reason: RulesEngine.
Information,12/30/2022 5:52:09 PM,Microsoft-Windows-Security-SPP,16394,None,Offline downlevel migration succeeded.
Information,12/30/2022 5:23:09 PM,Microsoft-Windows-Security-SPP,16384,None,Successfully scheduled Software Protection service for re-start at 2122-12-06T20:23:09Z. Reason: RulesEngine.
Information,12/30/2022 5:22:38 PM,Microsoft-Windows-Security-SPP,16394,None,Offline downlevel migration succeeded.
Information,12/30/2022 4:35:49 PM,VSS,8224,None,The VSS service is shutting down due to idle timeout. 
Information,12/30/2022 4:32:49 PM,SDSSnapshotProcess,278,(6),"The description for Event ID 278 from source SDSSnapshotProcess cannot be found. Either the component that raises this event is not installed on your local computer or the installation is corrupted. You can install or repair the component on the local computer.

If the event originated on another computer, the display information had to be saved with the event.

The following information was included with the event: 


The system cannot find the file specified
"
Information,12/30/2022 4:32:42 PM,SDSSnapshotProcess,276,(4),"The description for Event ID 276 from source SDSSnapshotProcess cannot be found. Either the component that raises this event is not installed on your local computer or the installation is corrupted. You can install or repair the component on the local computer.

If the event originated on another computer, the display information had to be saved with the event.

The following information was included with the event: 


The system cannot find the file specified
"
Information,12/30/2022 4:32:39 PM,SDSSnapshotProcess,272,(3),"The description for Event ID 272 from source SDSSnapshotProcess cannot be found. Either the component that raises this event is not installed on your local computer or the installation is corrupted. You can install or repair the component on the local computer.

If the event originated on another computer, the display information had to be saved with the event.

The following information was included with the event: 


The system cannot find the file specified
"
Information,12/30/2022 4:32:04 PM,SDSSnapshotProcess,264,(2),"The description for Event ID 264 from source SDSSnapshotProcess cannot be found. Either the component that raises this event is not installed on your local computer or the installation is corrupted. You can install or repair the component on the local computer.

If the event originated on another computer, the display information had to be saved with the event.

The following information was included with the event: 


The system cannot find the file specified
"
Information,12/30/2022 4:32:00 PM,SDSSnapshotProcess,274,(4),"The description for Event ID 274 from source SDSSnapshotProcess cannot be found. Either the component that raises this event is not installed on your local computer or the installation is corrupted. You can install or repair the component on the local computer.

If the event originated on another computer, the display information had to be saved with the event.

The following information was included with the event: 


The system cannot find the file specified
"
Information,12/30/2022 4:31:57 PM,SDSSnapshotProcess,256,(1),"The description for Event ID 256 from source SDSSnapshotProcess cannot be found. Either the component that raises this event is not installed on your local computer or the installation is corrupted. You can install or repair the component on the local computer.

If the event originated on another computer, the display information had to be saved with the event.

The following information was included with the event: 


The system cannot find the file specified
"
Information,12/30/2022 4:29:40 PM,Microsoft-Windows-Security-SPP,16384,None,Successfully scheduled Software Protection service for re-start at 2122-12-06T19:29:40Z. Reason: RulesEngine.
Information,12/30/2022 4:29:10 PM,Microsoft-Windows-Security-SPP,16394,None,Offline downlevel migration succeeded.
Information,12/30/2022 4:15:20 PM,Microsoft-Windows-RestartManager,10001,None,Ending session 1 started ‎2022‎-‎12‎-‎30T19:15:09.079947500Z.
Information,12/30/2022 4:15:09 PM,Microsoft-Windows-RestartManager,10000,None,Starting session 1 - ‎2022‎-‎12‎-‎30T19:15:09.079947500Z.
Information,12/30/2022 4:01:39 PM,DellTechHub,0,None,PowerEvent handled successfully by the service.
Information,12/30/2022 4:01:39 PM,igccservice,0,None,PowerEvent handled successfully by the service.
Information,12/30/2022 4:01:39 PM,Dell SupportAssist Remediation,0,None,PowerEvent handled successfully by the service.
Information,12/30/2022 3:58:20 PM,DellTechHub,0,None,PowerEvent handled successfully by the service.
Information,12/30/2022 3:58:20 PM,igccservice,0,None,PowerEvent handled successfully by the service.
Information,12/30/2022 3:58:20 PM,Dell SupportAssist Remediation,0,None,PowerEvent handled successfully by the service.
Information,12/30/2022 3:55:04 PM,Microsoft-Windows-Security-SPP,16384,None,Successfully scheduled Software Protection service for re-start at 2122-12-06T18:55:04Z. Reason: RulesEngine.
Information,12/30/2022 3:53:55 PM,Microsoft-Windows-Security-SPP,16394,None,Offline downlevel migration succeeded.
Information,12/30/2022 3:34:49 PM,VSS,8224,None,The VSS service is shutting down due to idle timeout. 
Information,12/30/2022 3:34:13 PM,Microsoft-Windows-Security-SPP,16384,None,Successfully scheduled Software Protection service for re-start at 2122-12-06T18:34:13Z. Reason: RulesEngine.
Information,12/30/2022 3:33:09 PM,Microsoft-Windows-Security-SPP,16394,None,Offline downlevel migration succeeded.
Information,12/30/2022 3:32:04 PM,Microsoft-Windows-System-Restore,8302,None,Scoping successfully completed for shadowcopy \\?\GLOBALROOT\Device\HarddiskVolumeShadowCopy10.
Information,12/30/2022 3:32:04 PM,Microsoft-Windows-System-Restore,8301,None,Scoping completed for shadowcopy \\?\GLOBALROOT\Device\HarddiskVolumeShadowCopy10.
Information,12/30/2022 3:31:50 PM,Microsoft-Windows-System-Restore,8300,None,Scoping started for shadowcopy \\?\GLOBALROOT\Device\HarddiskVolumeShadowCopy10.
Information,12/30/2022 3:31:43 PM,MsiInstaller,1033,None,Windows Installer installed the product. Product Name: Nefarius Virtual Gamepad Emulation Bus Driver. Product Version: 1.17.333.0. Product Language: 1033. Manufacturer: Nefarius Software Solutions e.U.. Installation success or error status: 0.
Information,12/30/2022 3:31:43 PM,MsiInstaller,11707,None,Product: Nefarius Virtual Gamepad Emulation Bus Driver -- Installation completed successfully.
Information,12/30/2022 3:31:40 PM,Microsoft-Windows-RestartManager,10001,None,Ending session 0 started ‎2022‎-‎12‎-‎30T18:31:39.373723200Z.
Information,12/30/2022 3:31:40 PM,MsiInstaller,1042,None,Ending a Windows Installer transaction: C:\Users\ozeas\AppData\Local\Temp\ViGEmBusSetup_x64.msi. Client Process Id: 6744.
Information,12/30/2022 3:31:39 PM,Microsoft-Windows-RestartManager,10000,None,Starting session 0 - ‎2022‎-‎12‎-‎30T18:31:39.373723200Z.
Information,12/30/2022 3:31:39 PM,System Restore,8194,None,Successfully created restore point (Process = C:\WINDOWS\system32\msiexec.exe /V; Description = Installed Nefarius Virtual Gamepad Emulation Bus Driver).
Information,12/30/2022 3:31:30 PM,MsiInstaller,1040,None,Beginning a Windows Installer transaction: C:\Users\ozeas\AppData\Local\Temp\ViGEmBusSetup_x64.msi. Client Process Id: 6744.
Information,12/30/2022 3:30:57 PM,Microsoft-Windows-System-Restore,8302,None,Scoping successfully completed for shadowcopy \\?\GLOBALROOT\Device\HarddiskVolumeShadowCopy9.
Information,12/30/2022 3:30:57 PM,Microsoft-Windows-System-Restore,8301,None,Scoping completed for shadowcopy \\?\GLOBALROOT\Device\HarddiskVolumeShadowCopy9.
Information,12/30/2022 3:30:56 PM,Microsoft-Windows-RestartManager,10001,None,Ending session 0 started ‎2022‎-‎12‎-‎30T18:30:54.180282700Z.
Information,12/30/2022 3:30:56 PM,MsiInstaller,1042,None,Ending a Windows Installer transaction: C:\ProgramData\Package Cache\{3E726676-B5F4-48DA-B9F9-78A15B7F8A70}v48.51.52100\windowsdesktop-runtime-6.0.12-win-x64.msi. Client Process Id: 18104.
Information,12/30/2022 3:30:56 PM,MsiInstaller,1033,None,Windows Installer installed the product. Product Name: Microsoft Windows Desktop Runtime - 6.0.12 (x64). Product Version: 48.51.52100. Product Language: 1033. Manufacturer: Microsoft Corporation. Installation success or error status: 0.
Information,12/30/2022 3:30:56 PM,MsiInstaller,11707,None,Product: Microsoft Windows Desktop Runtime - 6.0.12 (x64) -- Installation completed successfully.
Information,12/30/2022 3:30:54 PM,Microsoft-Windows-RestartManager,10000,None,Starting session 0 - ‎2022‎-‎12‎-‎30T18:30:54.180282700Z.
Information,12/30/2022 3:30:54 PM,Microsoft-Windows-RestartManager,10001,None,Ending session 0 started ‎2022‎-‎12‎-‎30T18:30:53.642545200Z.
Information,12/30/2022 3:30:54 PM,Microsoft-Windows-RestartManager,10001,None,Ending session 0 started ‎2022‎-‎12‎-‎30T18:30:52.124131100Z.
Information,12/30/2022 3:30:53 PM,Microsoft-Windows-RestartManager,10000,None,Starting session 0 - ‎2022‎-‎12‎-‎30T18:30:53.642545200Z.
Information,12/30/2022 3:30:54 PM,MsiInstaller,1040,None,Beginning a Windows Installer transaction: C:\ProgramData\Package Cache\{3E726676-B5F4-48DA-B9F9-78A15B7F8A70}v48.51.52100\windowsdesktop-runtime-6.0.12-win-x64.msi. Client Process Id: 18104.
Information,12/30/2022 3:30:54 PM,MsiInstaller,1042,None,Ending a Windows Installer transaction: C:\ProgramData\Package Cache\{E215AA9E-5DF2-44BC-9D6F-E1A1B0C348FB}v48.51.51943\dotnet-host-6.0.12-win-x64.msi. Client Process Id: 18104.
Information,12/30/2022 3:30:54 PM,MsiInstaller,1033,None,Windows Installer installed the product. Product Name: Microsoft .NET Host - 6.0.12 (x64). Product Version: 48.51.51943. Product Language: 1033. Manufacturer: Microsoft Corporation. Installation success or error status: 0.
Information,12/30/2022 3:30:54 PM,MsiInstaller,11707,None,Product: Microsoft .NET Host - 6.0.12 (x64) -- Installation completed successfully.
Information,12/30/2022 3:30:52 PM,Microsoft-Windows-RestartManager,10000,None,Starting session 0 - ‎2022‎-‎12‎-‎30T18:30:52.124131100Z.
Information,12/30/2022 3:30:52 PM,Microsoft-Windows-RestartManager,10001,None,Ending session 0 started ‎2022‎-‎12‎-‎30T18:30:51.559334600Z.
Information,12/30/2022 3:30:51 PM,Microsoft-Windows-RestartManager,10000,None,Starting session 0 - ‎2022‎-‎12‎-‎30T18:30:51.559334600Z.
Information,12/30/2022 3:30:51 PM,Microsoft-Windows-RestartManager,10001,None,Ending session 0 started ‎2022‎-‎12‎-‎30T18:30:48.994968800Z.
Information,12/30/2022 3:30:52 PM,MsiInstaller,1040,None,Beginning a Windows Installer transaction: C:\ProgramData\Package Cache\{E215AA9E-5DF2-44BC-9D6F-E1A1B0C348FB}v48.51.51943\dotnet-host-6.0.12-win-x64.msi. Client Process Id: 18104.
Information,12/30/2022 3:30:52 PM,MsiInstaller,1042,None,Ending a Windows Installer transaction: C:\ProgramData\Package Cache\{0712F23C-FBAC-436C-9DDB-125F32D15033}v48.51.51943\dotnet-hostfxr-6.0.12-win-x64.msi. Client Process Id: 18104.
Information,12/30/2022 3:30:52 PM,MsiInstaller,1033,None,Windows Installer installed the product. Product Name: Microsoft .NET Host FX Resolver - 6.0.12 (x64). Product Version: 48.51.51943. Product Language: 1033. Manufacturer: Microsoft Corporation. Installation success or error status: 0.
Information,12/30/2022 3:30:52 PM,MsiInstaller,11707,None,Product: Microsoft .NET Host FX Resolver - 6.0.12 (x64) -- Installation completed successfully.
Information,12/30/2022 3:30:51 PM,MsiInstaller,1040,None,Beginning a Windows Installer transaction: C:\ProgramData\Package Cache\{0712F23C-FBAC-436C-9DDB-125F32D15033}v48.51.51943\dotnet-hostfxr-6.0.12-win-x64.msi. Client Process Id: 18104.
Information,12/30/2022 3:30:51 PM,MsiInstaller,1042,None,Ending a Windows Installer transaction: C:\ProgramData\Package Cache\{1BF67DC1-8BB5-4AF5-BE20-3B53D9532D01}v48.51.51943\dotnet-runtime-6.0.12-win-x64.msi. Client Process Id: 18104.
Information,12/30/2022 3:30:51 PM,MsiInstaller,1033,None,Windows Installer installed the product. Product Name: Microsoft .NET Runtime - 6.0.12 (x64). Product Version: 48.51.51943. Product Language: 1033. Manufacturer: Microsoft Corporation. Installation success or error status: 0.
Information,12/30/2022 3:30:51 PM,MsiInstaller,11707,None,Product: Microsoft .NET Runtime - 6.0.12 (x64) -- Installation completed successfully.
Information,12/30/2022 3:30:48 PM,Microsoft-Windows-RestartManager,10000,None,Starting session 0 - ‎2022‎-‎12‎-‎30T18:30:48.994968800Z.
Information,12/30/2022 3:30:48 PM,MsiInstaller,1040,None,Beginning a Windows Installer transaction: C:\ProgramData\Package Cache\{1BF67DC1-8BB5-4AF5-BE20-3B53D9532D01}v48.51.51943\dotnet-runtime-6.0.12-win-x64.msi. Client Process Id: 18104.
Information,12/30/2022 3:30:35 PM,Microsoft-Windows-System-Restore,8300,None,Scoping started for shadowcopy \\?\GLOBALROOT\Device\HarddiskVolumeShadowCopy9.
Information,12/30/2022 3:30:34 PM,System Restore,8194,None,"Successfully created restore point (Process = ""C:\WINDOWS\system32\systempropertiesprotection.exe"" ; Description = DOT NET)."
Information,12/30/2022 3:23:29 PM,Microsoft-Windows-Security-SPP,16384,None,Successfully scheduled Software Protection service for re-start at 2122-12-06T18:23:29Z. Reason: RulesEngine.
Information,12/30/2022 3:22:32 PM,Microsoft-Windows-Security-SPP,16394,None,Offline downlevel migration succeeded.
Error,12/30/2022 3:22:27 PM,.NET Runtime,1023,None,"Description: A .NET application failed.
Application: DS4Windows.exe
Path: C:\Users\ozeas\OneDrive\Área de Trabalho\DS4Windows\DS4Windows.exe
Message: You must install or update .NET to run this application.

App: C:\Users\ozeas\OneDrive\Área de Trabalho\DS4Windows\DS4Windows.exe
Architecture: x64
Framework: 'Microsoft.WindowsDesktop.App', version '6.0.0' (x64)
.NET location: C:\Program Files\dotnet\

No frameworks were found.

Learn about framework resolution:
https://aka.ms/dotnet/app-launch-failed

To install missing framework, download:
https://aka.ms/dotnet-core-applaunch?framework=Microsoft.WindowsDesktop.App&framework_version=6.0.0&arch=x64&rid=win10-x64

"
Information,12/30/2022 2:57:07 PM,Microsoft-Windows-Security-SPP,16384,None,Successfully scheduled Software Protection service for re-start at 2122-12-06T17:57:07Z. Reason: RulesEngine.
Information,12/30/2022 2:56:37 PM,Microsoft-Windows-Security-SPP,16394,None,Offline downlevel migration succeeded.
Information,12/30/2022 2:49:45 PM,igccservice,0,None,PowerEvent handled successfully by the service.
Information,12/30/2022 2:49:45 PM,DellTechHub,0,None,PowerEvent handled successfully by the service.
Information,12/30/2022 2:49:45 PM,Dell SupportAssist Remediation,0,None,PowerEvent handled successfully by the service.
Information,12/30/2022 2:22:04 PM,DellTechHub,0,None,PowerEvent handled successfully by the service.
Information,12/30/2022 2:22:04 PM,igccservice,0,None,PowerEvent handled successfully by the service.
Information,12/30/2022 2:22:04 PM,Dell SupportAssist Remediation,0,None,PowerEvent handled successfully by the service.
Information,12/30/2022 2:16:08 PM,Microsoft-Windows-Security-SPP,16384,None,Successfully scheduled Software Protection service for re-start at 2122-12-06T17:16:08Z. Reason: RulesEngine.
Information,12/30/2022 2:15:38 PM,Microsoft-Windows-Security-SPP,16394,None,Offline downlevel migration succeeded.
Information,12/30/2022 1:49:14 PM,Microsoft-Windows-Security-SPP,16384,None,Successfully scheduled Software Protection service for re-start at 2122-12-06T16:49:14Z. Reason: RulesEngine.
Information,12/30/2022 1:48:44 PM,Microsoft-Windows-Security-SPP,16394,None,Offline downlevel migration succeeded.
Information,12/30/2022 1:04:50 PM,Microsoft-Windows-Security-SPP,16384,None,Successfully scheduled Software Protection service for re-start at 2122-12-06T16:04:50Z. Reason: RulesEngine.
Information,12/30/2022 1:04:19 PM,Microsoft-Windows-Security-SPP,16394,None,Offline downlevel migration succeeded.
Information,12/30/2022 12:56:22 PM,Microsoft-Windows-Security-SPP,16384,None,Successfully scheduled Software Protection service for re-start at 2122-12-06T15:56:22Z. Reason: RulesEngine.
Information,12/30/2022 12:55:39 PM,Microsoft-Windows-Security-SPP,16394,None,Offline downlevel migration succeeded.
Information,12/30/2022 12:26:29 PM,Microsoft-Windows-Security-SPP,16384,None,Successfully scheduled Software Protection service for re-start at 2122-12-06T15:26:29Z. Reason: RulesEngine.
Information,12/30/2022 12:25:59 PM,Microsoft-Windows-Security-SPP,16394,None,Offline downlevel migration succeeded.
Information,12/30/2022 12:07:46 PM,igccservice,0,None,PowerEvent handled successfully by the service.
Information,12/30/2022 12:07:46 PM,DellTechHub,0,None,PowerEvent handled successfully by the service.
Information,12/30/2022 12:07:46 PM,Dell SupportAssist Remediation,0,None,PowerEvent handled successfully by the service.
Information,12/30/2022 12:07:39 PM,DellTechHub,0,None,PowerEvent handled successfully by the service.
Information,12/30/2022 12:07:39 PM,igccservice,0,None,PowerEvent handled successfully by the service.
Information,12/30/2022 12:07:39 PM,Dell SupportAssist Remediation,0,None,PowerEvent handled successfully by the service.
Information,12/30/2022 11:55:21 AM,Microsoft-Windows-Security-SPP,16384,None,Successfully scheduled Software Protection service for re-start at 2122-12-06T14:55:21Z. Reason: RulesEngine.
Information,12/30/2022 11:54:28 AM,Microsoft-Windows-Security-SPP,16394,None,Offline downlevel migration succeeded.
Information,12/30/2022 11:18:56 AM,Microsoft-Windows-Security-SPP,16384,None,Successfully scheduled Software Protection service for re-start at 2122-12-06T14:18:56Z. Reason: RulesEngine.
Information,12/30/2022 11:18:25 AM,Microsoft-Windows-Security-SPP,16394,None,Offline downlevel migration succeeded.
Information,12/30/2022 10:34:04 AM,VSS,8224,None,The VSS service is shutting down due to idle timeout. 
Error,12/30/2022 10:31:04 AM,VSS,8194,None,"Volume Shadow Copy Service error: Unexpected error querying for the IVssWriterCallback interface.  hr = 0x80070005, Access is denied.
. This is often caused by incorrect security settings in either the writer or requestor process. 

Operation:
   Gathering Writer Data

Context:
   Writer Class Id: {e8132975-6f93-4464-a53e-1050253ae220}
   Writer Name: System Writer
   Writer Instance ID: {094401b9-60db-4bca-aa1a-be05ee991374}"
Information,12/30/2022 10:31:03 AM,SDSSnapshotProcess,278,(6),"The description for Event ID 278 from source SDSSnapshotProcess cannot be found. Either the component that raises this event is not installed on your local computer or the installation is corrupted. You can install or repair the component on the local computer.

If the event originated on another computer, the display information had to be saved with the event.

The following information was included with the event: 


The system cannot find the file specified
"
Information,12/30/2022 10:30:58 AM,SDSSnapshotProcess,276,(4),"The description for Event ID 276 from source SDSSnapshotProcess cannot be found. Either the component that raises this event is not installed on your local computer or the installation is corrupted. You can install or repair the component on the local computer.

If the event originated on another computer, the display information had to be saved with the event.

The following information was included with the event: 


The system cannot find the file specified
"
Information,12/30/2022 10:30:55 AM,SDSSnapshotProcess,272,(3),"The description for Event ID 272 from source SDSSnapshotProcess cannot be found. Either the component that raises this event is not installed on your local computer or the installation is corrupted. You can install or repair the component on the local computer.

If the event originated on another computer, the display information had to be saved with the event.

The following information was included with the event: 


The system cannot find the file specified
"
Information,12/30/2022 10:29:51 AM,SDSSnapshotProcess,264,(2),"The description for Event ID 264 from source SDSSnapshotProcess cannot be found. Either the component that raises this event is not installed on your local computer or the installation is corrupted. You can install or repair the component on the local computer.

If the event originated on another computer, the display information had to be saved with the event.

The following information was included with the event: 


The system cannot find the file specified
"
Information,12/30/2022 10:29:47 AM,SDSSnapshotProcess,274,(4),"The description for Event ID 274 from source SDSSnapshotProcess cannot be found. Either the component that raises this event is not installed on your local computer or the installation is corrupted. You can install or repair the component on the local computer.

If the event originated on another computer, the display information had to be saved with the event.

The following information was included with the event: 


The system cannot find the file specified
"
Error,12/30/2022 10:29:44 AM,VSS,8194,None,"Volume Shadow Copy Service error: Unexpected error querying for the IVssWriterCallback interface.  hr = 0x80070005, Access is denied.
. This is often caused by incorrect security settings in either the writer or requestor process. 

Operation:
   Gathering Writer Data

Context:
   Writer Class Id: {e8132975-6f93-4464-a53e-1050253ae220}
   Writer Name: System Writer
   Writer Instance ID: {094401b9-60db-4bca-aa1a-be05ee991374}"
Information,12/30/2022 10:29:44 AM,SDSSnapshotProcess,256,(1),"The description for Event ID 256 from source SDSSnapshotProcess cannot be found. Either the component that raises this event is not installed on your local computer or the installation is corrupted. You can install or repair the component on the local computer.

If the event originated on another computer, the display information had to be saved with the event.

The following information was included with the event: 


The system cannot find the file specified
"
Information,12/30/2022 10:23:49 AM,Microsoft-Windows-Security-SPP,16384,None,Successfully scheduled Software Protection service for re-start at 2122-12-06T13:23:49Z. Reason: RulesEngine.
Information,12/30/2022 10:23:19 AM,Microsoft-Windows-Security-SPP,16394,None,Offline downlevel migration succeeded.
Information,12/30/2022 9:38:13 AM,Microsoft-Windows-Security-SPP,16384,None,Successfully scheduled Software Protection service for re-start at 2122-12-06T12:38:13Z. Reason: RulesEngine.
Information,12/30/2022 9:37:43 AM,Microsoft-Windows-Security-SPP,16394,None,Offline downlevel migration succeeded.
Information,12/30/2022 9:31:30 AM,Microsoft-Windows-Security-SPP,16384,None,Successfully scheduled Software Protection service for re-start at 2122-12-06T12:31:30Z. Reason: RulesEngine.
Information,12/30/2022 9:31:00 AM,Microsoft-Windows-Security-SPP,16394,None,Offline downlevel migration succeeded.
Information,12/30/2022 8:42:37 AM,Microsoft-Windows-Security-SPP,16384,None,Successfully scheduled Software Protection service for re-start at 2122-12-06T11:42:37Z. Reason: RulesEngine.
Information,12/30/2022 8:42:06 AM,Microsoft-Windows-Security-SPP,16394,None,Offline downlevel migration succeeded.
Information,12/30/2022 8:12:51 AM,Microsoft-Windows-Security-SPP,16384,None,Successfully scheduled Software Protection service for re-start at 2122-12-06T11:12:51Z. Reason: RulesEngine.
Information,12/30/2022 8:12:20 AM,Microsoft-Windows-Security-SPP,16394,None,Offline downlevel migration succeeded.
Information,12/30/2022 8:08:44 AM,Windows Error Reporting,1001,None,"Fault bucket 1353769130998404582, type 5
Event Name: RADAR_PRE_LEAK_64
Response: Not available
Cab Id: 0

Problem signature:
P1: git.exe
P2: 2.39.0.2
P3: 10.0.22621.2.0.0
P4: 
P5: 
P6: 
P7: 
P8: 
P9: 
P10: 

Attached files:
\\?\C:\Users\ozeas\AppData\Local\Temp\RDR9869.tmp\empty.txt
\\?\C:\ProgramData\Microsoft\Windows\WER\Temp\WER.e60eb646-37b9-40d1-a449-90a0d29ed5b0.tmp.WERInternalMetadata.xml
\\?\C:\ProgramData\Microsoft\Windows\WER\Temp\WER.f4239cd3-68e4-4af4-9ccd-0140db669d0b.tmp.csv
\\?\C:\ProgramData\Microsoft\Windows\WER\Temp\WER.ca4a4c7c-6e61-46e0-9f84-91d9c00d8bcc.tmp.txt
\\?\C:\ProgramData\Microsoft\Windows\WER\Temp\WER.acec5947-fc44-430c-b484-2f6e19675f88.tmp.xml

These files may be available here:
NULL

Analysis symbol: 
Rechecking for solution: 0
Report Id: e9cf7bb6-4885-4018-b64d-3eb128156600
Report Status: 268435456
Hashed bucket: 6faa90ddcc4999dbc2c98dda210c95e6
Cab Guid: 0"
Information,12/30/2022 7:35:54 AM,Microsoft-Windows-Security-SPP,16384,None,Successfully scheduled Software Protection service for re-start at 2122-12-06T10:35:54Z. Reason: RulesEngine.
Information,12/30/2022 7:35:20 AM,Microsoft-Windows-Security-SPP,16394,None,Offline downlevel migration succeeded.
Information,12/30/2022 7:29:54 AM,edgeupdate,0,None,Service stopped.
Information,12/30/2022 7:29:23 AM,igccservice,0,None,PowerEvent handled successfully by the service.
Information,12/30/2022 7:29:22 AM,Dell SupportAssist Remediation,0,None,PowerEvent handled successfully by the service.
Information,12/30/2022 7:29:22 AM,DellTechHub,0,None,PowerEvent handled successfully by the service.
Information,12/30/2022 7:29:21 AM,igccservice,0,None,PowerEvent handled successfully by the service.
Information,12/30/2022 7:29:21 AM,Dell SupportAssist Remediation,0,None,PowerEvent handled successfully by the service.
Information,12/30/2022 7:29:21 AM,DellTechHub,0,None,PowerEvent handled successfully by the service.
Information,12/30/2022 3:39:13 AM,igccservice,0,None,PowerEvent handled successfully by the service.
Information,12/30/2022 3:39:13 AM,Dell SupportAssist Remediation,0,None,PowerEvent handled successfully by the service.
Information,12/30/2022 3:39:13 AM,DellTechHub,0,None,PowerEvent handled successfully by the service.
Information,12/30/2022 3:32:20 AM,Microsoft-Windows-Security-SPP,16384,None,Successfully scheduled Software Protection service for re-start at 2122-12-06T06:32:20Z. Reason: RulesEngine.
Information,12/30/2022 3:31:50 AM,Microsoft-Windows-Security-SPP,16394,None,Offline downlevel migration succeeded.
Information,12/30/2022 3:31:28 AM,Microsoft-Windows-Security-SPP,16384,None,Successfully scheduled Software Protection service for re-start at 2122-12-06T06:31:28Z. Reason: RulesEngine.
Information,12/30/2022 3:30:58 AM,Microsoft-Windows-Security-SPP,16394,None,Offline downlevel migration succeeded.
Information,12/30/2022 3:15:43 AM,Microsoft-Windows-Security-SPP,16384,None,Successfully scheduled Software Protection service for re-start at 2122-12-06T06:15:43Z. Reason: RulesEngine.
Information,12/30/2022 3:15:13 AM,Microsoft-Windows-Security-SPP,16394,None,Offline downlevel migration succeeded.
Information,12/30/2022 2:17:44 AM,Microsoft-Windows-Security-SPP,16384,None,Successfully scheduled Software Protection service for re-start at 2122-12-06T05:17:44Z. Reason: RulesEngine.
Information,12/30/2022 2:17:14 AM,Microsoft-Windows-Security-SPP,16394,None,Offline downlevel migration succeeded.
Information,12/30/2022 1:21:22 AM,Microsoft-Windows-Security-SPP,16384,None,Successfully scheduled Software Protection service for re-start at 2122-12-06T04:21:22Z. Reason: RulesEngine.
Information,12/30/2022 1:20:52 AM,Microsoft-Windows-Security-SPP,16394,None,Offline downlevel migration succeeded.
Information,12/30/2022 12:44:27 AM,ESENT,326,General,"svchost (528,D,50) DS_Token_DB: The database engine attached a database (1, C:\WINDOWS\system32\config\systemprofile\AppData\Local\DataSharing\Storage\DSTokenDB2.dat). (Time=0 seconds) 
 
Saved Cache: 1 0 
Additional Data: lgposAttach = 00000002:0006:0268,
dbv = 1568.230.500 (9480) 
 
Internal Timing Sequence: 
[1] 0.000003 +J(0)
[2] 0.000758 -0.000448 (1) WT +J(0) +M(C:0K, Fs:17, WS:4K # 12K, PF:4K # 4K, P:4K)
[3] 0.005871 -0.001042 (6) WT +J(CM:0, PgRf:0, Rd:0/0, Dy:0/0, Lg:3480/2) +M(C:0K, Fs:6, WS:20K # 0K, PF:20K # 0K, P:20K)
[4] 0.000491 +J(0)
[5] -
[6] 0.000030 +J(CM:0, PgRf:2, Rd:0/0, Dy:0/0, Lg:0/0)
[7] 0.0 +J(0)
[8] 0.000120 +J(CM:0, PgRf:1, Rd:7/0, Dy:0/0, Lg:0/0) +M(C:0K, Fs:18, WS:72K # 28K, PF:192K # 148K, P:192K)
[9] -
[10] -
[11] -
[12] 0.000009 +J(CM:0, PgRf:0, Rd:0/0, Dy:0/0, Lg:54/1) +M(C:0K, Fs:1, WS:4K # 4K, PF:20K # 20K, P:20K)
[13] 0.000266 -0.000151 (1) CM -0.000139 (1) WT +J(CM:1, PgRf:23, Rd:0/0, Dy:0/0, Lg:0/0) +M(C:0K, Fs:21, WS:84K # 84K, PF:4K # 4K, P:4K)
[14] 0.000069 +J(CM:0, PgRf:40, Rd:0/0, Dy:0/0, Lg:0/0) +M(C:0K, Fs:3, WS:12K # 12K, PF:0K # 0K, P:0K)
[15] 0.000005 +J(CM:0, PgRf:1, Rd:0/0, Dy:0/0, Lg:0/0)
[16] 0.000007 +J(CM:0, PgRf:1, Rd:0/0, Dy:0/0, Lg:0/0)
[17] 0.000050 +J(CM:0, PgRf:42, Rd:0/0, Dy:0/0, Lg:0/0) +M(C:0K, Fs:4, WS:16K # 16K, PF:0K # 0K, P:0K)
[18] 0.0 +J(0)
[19] 0.0 +J(0)
[20] 0.000006 +J(CM:0, PgRf:1, Rd:0/0, Dy:0/0, Lg:0/0)."
