Information,1/2/2023 1:02:20 AM,Microsoft-Windows-Security-SPP,1034,None,Duplicate definition of policy found. Policy name=AAD-BlockAADWorkplaceJoin-Default  Priority=100
Information,1/2/2023 1:02:20 AM,Microsoft-Windows-Security-SPP,1034,None,Duplicate definition of policy found. Policy name=AAD-BlockAADWorkplaceJoin-Default  Priority=100
Information,1/2/2023 1:02:20 AM,Microsoft-Windows-Security-SPP,1034,None,Duplicate definition of policy found. Policy name=AAD-BlockAADWorkplaceJoin-Default  Priority=100
Information,1/2/2023 1:02:20 AM,Microsoft-Windows-Security-SPP,1034,None,Duplicate definition of policy found. Policy name=AAD-BlockAADWorkplaceJoin-Default  Priority=100
Information,1/2/2023 1:02:20 AM,SecurityCenter,15,None,Updated Kaspersky Internet Security status successfully to SECURITY_PRODUCT_STATE_ON.
Information,1/2/2023 1:02:20 AM,SecurityCenter,15,None,Updated Kaspersky Internet Security status successfully to SECURITY_PRODUCT_STATE_ON.
Information,1/2/2023 1:02:19 AM,DDVCollectorSvcApi,0,None,The operation completed successfully. 
Information,1/2/2023 1:02:19 AM,SecurityCenter,1,None,The Windows Security Center Service has started.
Information,1/2/2023 1:02:18 AM,Microsoft-Windows-Security-SPP,1066,None,"Initialization status for service objects.
C:\WINDOWS\system32\sppwinob.dll, msft:spp/windowsfunctionality/agent/7.0, 0x00000000, 0x00000000
C:\WINDOWS\system32\sppobjs.dll, msft:rm/algorithm/inherited/1.0, 0x00000000, 0x00000000
C:\WINDOWS\system32\sppobjs.dll, msft:rm/algorithm/phone/1.0, 0x00000000, 0x00000000
C:\WINDOWS\system32\sppobjs.dll, msft:rm/algorithm/pkey/detect, 0x00000000, 0x00000000
C:\WINDOWS\system32\sppobjs.dll, msft:spp/ActionScheduler/1.0, 0x00000000, 0x00000000
C:\WINDOWS\system32\sppobjs.dll, msft:spp/TaskScheduler/1.0, 0x00000000, 0x00000000
C:\WINDOWS\system32\sppobjs.dll, msft:spp/statecollector/pkey, 0x00000000, 0x00000000
C:\WINDOWS\system32\sppobjs.dll, msft:spp/volume/services/kms/1.0, 0x00000000, 0x00000000
C:\WINDOWS\system32\sppobjs.dll, msft:spp/volume/services/kms/activationinfo/1.0, 0x00000000, 0x00000000
"
Information,1/2/2023 1:02:18 AM,Microsoft-Windows-Security-SPP,16394,None,Offline downlevel migration succeeded.
Information,1/2/2023 1:02:18 AM,Microsoft-Windows-Security-SPP,900,None,"The Software Protection service is starting.
Parameters:<explicit>"
Information,1/2/2023 1:02:15 AM,edgeupdate,0,None,Service stopped.
Information,1/2/2023 1:02:15 AM,DellTechHub,0,None,Service started successfully.
Information,1/2/2023 1:02:14 AM,DellClientManagementService,0,None,Service started successfully.
Information,1/2/2023 1:02:05 AM,Dell SupportAssist Remediation,0,None,Service started successfully.
Information,1/2/2023 1:00:15 AM,Microsoft-Windows-Search,1003,Search service,The Windows Search Service started.

Information,1/2/2023 1:00:09 AM,igfxCUIService2.0.0.0,0,None,The operation completed successfully. 
Information,1/2/2023 1:00:09 AM,Microsoft-Windows-Winlogon,6000,None,The winlogon notification subscriber <SessionEnv> was unavailable to handle a notification event.
Information,1/2/2023 1:00:09 AM,igfxCUIService2.0.0.0,0,None,The operation completed successfully. 
Information,1/2/2023 1:00:09 AM,igfxCUIService2.0.0.0,0,None,The operation completed successfully. 
Information,1/2/2023 1:00:09 AM,Microsoft-Windows-Winlogon,6003,None,The winlogon notification subscriber <SessionEnv> was unavailable to handle a critical notification event.
Warning,1/2/2023 1:00:02 AM,Microsoft-Windows-WMI,63,None,"A provider, IntelMEProv, has been registered in the Windows Management Instrumentation namespace root\Intel_ME to use the LocalSystem account. This account is privileged and the provider may cause a security violation if it does not correctly impersonate user requests."
Warning,1/2/2023 1:00:02 AM,Microsoft-Windows-WMI,63,None,"A provider, IntelMEProv, has been registered in the Windows Management Instrumentation namespace root\Intel_ME to use the LocalSystem account. This account is privileged and the provider may cause a security violation if it does not correctly impersonate user requests."
Warning,1/2/2023 1:00:02 AM,Microsoft-Windows-WMI,63,None,"A provider, IntelMEProv, has been registered in the Windows Management Instrumentation namespace root\Intel_ME to use the LocalSystem account. This account is privileged and the provider may cause a security violation if it does not correctly impersonate user requests."
Information,1/2/2023 1:00:02 AM,WMIRegistrationService,2,None,Intel(R) WMI Registration Service has successfully finished WMI Registration.
Information,1/2/2023 1:00:01 AM,igccservice,0,None,Service started successfully.
Information,1/2/2023 1:00:00 AM,Microsoft-Windows-WMI,5617,None,Windows Management Instrumentation Service subsystems initialized successfully
Information,1/2/2023 1:00:00 AM,Microsoft-Windows-WMI,5615,None,Windows Management Instrumentation Service started sucessfully
Information,1/2/2023 1:00:00 AM,WMIRegistrationService,0,None,Intel(R) WMI Registration Service started.
Information,1/2/2023 1:00:00 AM,IntelDalJhi,0,None,Intel(R) Dynamic Application Loader Host Interface Service started.
Information,1/2/2023 1:00:00 AM,RtkAudioUniversalService,0,None,The operation completed successfully. 
Information,1/2/2023 12:59:59 AM,Microsoft-Windows-User Profiles Service,1531,None,"The User Profile Service has started successfully.  

"
Information,1/2/2023 12:59:39 AM,Microsoft-Windows-User Profiles Service,1532,None,"The User Profile Service has stopped.  

"
Information,1/2/2023 12:59:39 AM,igccservice,0,None,Service has been successfully shut down.
Information,1/2/2023 12:59:39 AM,RtkAudioUniversalService,0,None,The operation completed successfully. 
Information,1/2/2023 12:59:28 AM,Microsoft-Windows-Winlogon,6000,None,The winlogon notification subscriber <SessionEnv> was unavailable to handle a notification event.
Information,1/2/2023 12:59:28 AM,Microsoft-Windows-Winlogon,6000,None,The winlogon notification subscriber <WSearch> was unavailable to handle a notification event.
Information,1/2/2023 12:59:28 AM,igfxCUIService2.0.0.0,0,None,The operation completed successfully. 
Information,1/2/2023 12:59:28 AM,igfxCUIService2.0.0.0,0,None,The operation completed successfully. 
Information,1/2/2023 12:46:40 AM,Windows Error Reporting,1001,None,"Fault bucket 1373882863672077980, type 5
Event Name: RADAR_PRE_LEAK_WOW64
Response: Not available
Cab Id: 0

Problem signature:
P1: avpui.exe
P2: 21.3.12.434
P3: 10.0.22621.2.0.0
P4: 
P5: 
P6: 
P7: 
P8: 
P9: 
P10: 

Attached files:
\\?\C:\Users\ozeas\AppData\Local\Temp\RDRDE45.tmp\empty.txt
\\?\C:\ProgramData\Microsoft\Windows\WER\Temp\WER.fc294dca-0326-410c-a894-958b041d7ece.tmp.WERInternalMetadata.xml
\\?\C:\ProgramData\Microsoft\Windows\WER\Temp\WER.15f0445c-0e40-4b16-b969-6351f98df9ca.tmp.csv
\\?\C:\ProgramData\Microsoft\Windows\WER\Temp\WER.c81f3c6d-69e8-49ed-abe3-dcd665213854.tmp.txt
\\?\C:\ProgramData\Microsoft\Windows\WER\Temp\WER.8f4cbac3-7947-4ca7-8b96-ba29e4041c63.tmp.xml

These files may be available here:
NULL

Analysis symbol: 
Rechecking for solution: 0
Report Id: cccc431c-6333-442d-b420-37491e66e576
Report Status: 268435456
Hashed bucket: 1a78a960d33845355311032f742bae9c
Cab Guid: 0"
Information,1/2/2023 12:34:34 AM,Microsoft-Windows-Security-SPP,16384,None,Successfully scheduled Software Protection service for re-start at 2122-12-09T03:34:34Z. Reason: RulesEngine.
Information,1/2/2023 12:34:04 AM,Microsoft-Windows-Security-SPP,16394,None,Offline downlevel migration succeeded.
Information,1/2/2023 12:32:23 AM,Microsoft-Windows-Security-SPP,16384,None,Successfully scheduled Software Protection service for re-start at 2122-12-09T03:32:23Z. Reason: RulesEngine.
Information,1/2/2023 12:31:53 AM,Microsoft-Windows-Security-SPP,16394,None,Offline downlevel migration succeeded.
Information,1/1/2023 11:44:28 PM,Microsoft-Windows-Security-SPP,16384,None,Successfully scheduled Software Protection service for re-start at 2122-12-09T02:44:28Z. Reason: RulesEngine.
Information,1/1/2023 11:43:58 PM,Microsoft-Windows-Security-SPP,16394,None,Offline downlevel migration succeeded.
Information,1/1/2023 11:04:16 PM,Microsoft-Windows-Security-SPP,16384,None,Successfully scheduled Software Protection service for re-start at 2122-12-09T02:04:16Z. Reason: RulesEngine.
Information,1/1/2023 11:03:45 PM,Microsoft-Windows-Security-SPP,16394,None,Offline downlevel migration succeeded.
Information,1/1/2023 10:52:43 PM,Microsoft-Windows-Backup,754,None,The Block Level Backup Engine service has stopped.
Information,1/1/2023 10:45:44 PM,VSS,8224,None,The VSS service is shutting down due to idle timeout. 
Information,1/1/2023 10:42:43 PM,Microsoft-Windows-Backup,753,None,The Block Level Backup Engine service has successfully started.
Information,1/1/2023 10:20:47 PM,DellTechHub,0,None,PowerEvent handled successfully by the service.
Information,1/1/2023 10:20:47 PM,igccservice,0,None,PowerEvent handled successfully by the service.
Information,1/1/2023 10:20:47 PM,Dell SupportAssist Remediation,0,None,PowerEvent handled successfully by the service.
Information,1/1/2023 10:20:24 PM,Windows Error Reporting,1001,None,"Fault bucket 2067934319096012056, type 5
Event Name: MoAppCrash
Response: Not available
Cab Id: 0

Problem signature:
P1: Microsoft.YourPhone_1.22102.229.0_x64__8wekyb3d8bbwe
P2: praid:App
P3: 1.22102.229.0
P4: 6377dc84
P5: KERNELBASE.dll
P6: 10.0.22621.963
P7: 766ca8ae
P8: e0434352
P9: 00000000000906bc
P10: 

Attached files:
\\?\C:\ProgramData\Microsoft\Windows\WER\Temp\WER.32823e67-04fc-4b2d-a01a-4fc3e0fb5f14.tmp.WERInternalMetadata.xml

These files may be available here:
\\?\C:\ProgramData\Microsoft\Windows\WER\ReportArchive\AppCrash_Microsoft.YourPh_2ab4459754d598686958a68272f57781184e492_6ffc4378_e1dfe205-0c86-45ad-981c-a6d41acbc49f

Analysis symbol: 
Rechecking for solution: 0
Report Id: 15e9d52f-509c-463e-ad71-b957ddf7294a
Report Status: 268435556
Hashed bucket: 97ee4f39864619ed7cb2c74e8c8e9d18
Cab Guid: 0"
Information,1/1/2023 10:20:06 PM,DellTechHub,0,None,PowerEvent handled successfully by the service.
Information,1/1/2023 10:20:06 PM,igccservice,0,None,PowerEvent handled successfully by the service.
Information,1/1/2023 10:20:06 PM,Dell SupportAssist Remediation,0,None,PowerEvent handled successfully by the service.
Information,1/1/2023 10:17:20 PM,DellTechHub,0,None,PowerEvent handled successfully by the service.
Information,1/1/2023 10:17:20 PM,igccservice,0,None,PowerEvent handled successfully by the service.
Information,1/1/2023 10:17:20 PM,Dell SupportAssist Remediation,0,None,PowerEvent handled successfully by the service.
Information,1/1/2023 10:16:41 PM,DellTechHub,0,None,PowerEvent handled successfully by the service.
Information,1/1/2023 10:16:41 PM,igccservice,0,None,PowerEvent handled successfully by the service.
Information,1/1/2023 10:16:41 PM,Dell SupportAssist Remediation,0,None,PowerEvent handled successfully by the service.
Information,1/1/2023 10:10:57 PM,Microsoft-Windows-Backup,754,None,The Block Level Backup Engine service has stopped.
Information,1/1/2023 10:08:57 PM,VSS,8224,None,The VSS service is shutting down due to idle timeout. 
Information,1/1/2023 10:06:37 PM,Microsoft-Windows-Security-SPP,16384,None,Successfully scheduled Software Protection service for re-start at 2122-12-09T01:06:37Z. Reason: RulesEngine.
Information,1/1/2023 10:06:07 PM,Microsoft-Windows-Security-SPP,16394,None,Offline downlevel migration succeeded.
Information,1/1/2023 10:06:04 PM,Windows Error Reporting,1001,None,"Fault bucket , type 0
Event Name: MoAppCrash
Response: Not available
Cab Id: 0

Problem signature:
P1: Microsoft.YourPhone_1.22102.229.0_x64__8wekyb3d8bbwe
P2: praid:App
P3: 1.22102.229.0
P4: 6377dc84
P5: KERNELBASE.dll
P6: 10.0.22621.963
P7: 766ca8ae
P8: e0434352
P9: 00000000000906bc
P10: 

Attached files:
\\?\C:\ProgramData\Microsoft\Windows\WER\Temp\WER.32823e67-04fc-4b2d-a01a-4fc3e0fb5f14.tmp.WERInternalMetadata.xml

These files may be available here:
\\?\C:\ProgramData\Microsoft\Windows\WER\ReportQueue\AppCrash_Microsoft.YourPh_2ab4459754d598686958a68272f57781184e492_6ffc4378_e1dfe205-0c86-45ad-981c-a6d41acbc49f

Analysis symbol: 
Rechecking for solution: 0
Report Id: 15e9d52f-509c-463e-ad71-b957ddf7294a
Report Status: 100
Hashed bucket: 
Cab Guid: 0"
Information,1/1/2023 10:06:04 PM,Windows Error Reporting,1001,None,"Fault bucket , type 0
Event Name: MoAppCrash
Response: Not available
Cab Id: 0

Problem signature:
P1: Microsoft.YourPhone_1.22102.229.0_x64__8wekyb3d8bbwe
P2: praid:App
P3: 1.22102.229.0
P4: 6377dc84
P5: KERNELBASE.dll
P6: 10.0.22621.963
P7: 766ca8ae
P8: e0434352
P9: 00000000000906bc
P10: 

Attached files:

These files may be available here:
\\?\C:\ProgramData\Microsoft\Windows\WER\ReportQueue\AppCrash_Microsoft.YourPh_2ab4459754d598686958a68272f57781184e492_6ffc4378_e1dfe205-0c86-45ad-981c-a6d41acbc49f

Analysis symbol: 
Rechecking for solution: 0
Report Id: 15e9d52f-509c-463e-ad71-b957ddf7294a
Report Status: 100
Hashed bucket: 
Cab Guid: 0"
Error,1/1/2023 10:06:03 PM,Application Error,1000,Application Crashing Events,"Faulting application name: PhoneExperienceHost.exe, version: 1.22102.229.0, time stamp: 0x6377dc84
Faulting module name: KERNELBASE.dll, version: 10.0.22621.963, time stamp: 0x766ca8ae
Exception code: 0xe0434352
Fault offset: 0x00000000000906bc
Faulting process id: 0x0x3058
Faulting application start time: 0x0x1D91E46615A1373
Faulting application path: C:\Program Files\WindowsApps\Microsoft.YourPhone_1.22102.229.0_x64__8wekyb3d8bbwe\PhoneExperienceHost.exe
Faulting module path: C:\WINDOWS\System32\KERNELBASE.dll
Report Id: 15e9d52f-509c-463e-ad71-b957ddf7294a
Faulting package full name: Microsoft.YourPhone_1.22102.229.0_x64__8wekyb3d8bbwe
Faulting package-relative application ID: App"
Error,1/1/2023 10:06:02 PM,.NET Runtime,1026,None,"Application: PhoneExperienceHost.exe
CoreCLR Version: 6.0.1222.56807
.NET Version: 6.0.12
Description: The process was terminated due to an unhandled exception.
Exception Info: System.IO.FileLoadException: Could not load file or assembly 'libnanoapimanaged, Version=0.0.0.0, Culture=neutral, PublicKeyToken=null'. Access is denied.
File name: 'libnanoapimanaged, Version=0.0.0.0, Culture=neutral, PublicKeyToken=null'
   at YourPhone.AppProxyConnection.IoC..ctor(Func`1 yppPlatform, Func`1 appProxyShoulderTap)
   at YourPhone.AppProxyConnection.COM.Host..ctor(Func`1 yppPlatform, Func`1 appProxyShoulderTap)
   at YourPhone.ScreenMirroring.Managed.RemotingModule.<>c.<RegisterRemoting>b__0_0(IServiceProvider sp)
   at Microsoft.Extensions.DependencyInjection.ServiceLookup.CallSiteRuntimeResolver.VisitFactory(FactoryCallSite factoryCallSite, RuntimeResolverContext context)
   at Microsoft.Extensions.DependencyInjection.ServiceLookup.CallSiteVisitor`2.VisitCallSiteMain(ServiceCallSite callSite, TArgument argument)
   at Microsoft.Extensions.DependencyInjection.ServiceLookup.CallSiteRuntimeResolver.VisitRootCache(ServiceCallSite callSite, RuntimeResolverContext context)
   at Microsoft.Extensions.DependencyInjection.ServiceLookup.CallSiteVisitor`2.VisitCallSite(ServiceCallSite callSite, TArgument argument)
   at Microsoft.Extensions.DependencyInjection.ServiceLookup.CallSiteRuntimeResolver.Resolve(ServiceCallSite callSite, ServiceProviderEngineScope scope)
   at Microsoft.Extensions.DependencyInjection.ServiceProvider.CreateServiceAccessor(Type serviceType)
   at System.Collections.Concurrent.ConcurrentDictionary`2.GetOrAdd(TKey key, Func`2 valueFactory)
   at Microsoft.Extensions.DependencyInjection.ServiceProvider.GetService(Type serviceType, ServiceProviderEngineScope serviceProviderEngineScope)
   at Microsoft.Extensions.DependencyInjection.ServiceLookup.ServiceProviderEngineScope.GetService(Type serviceType)
   at Microsoft.Extensions.DependencyInjection.ServiceProviderServiceExtensions.GetService[T](IServiceProvider provider)
   at YourPhone.ScreenMirroring.Managed.RemotingModule.<>c.<RegisterRemoting>b__0_35(IServiceProvider sp)
   at Microsoft.Extensions.DependencyInjection.ServiceLookup.CallSiteRuntimeResolver.VisitFactory(FactoryCallSite factoryCallSite, RuntimeResolverContext context)
   at Microsoft.Extensions.DependencyInjection.ServiceLookup.CallSiteVisitor`2.VisitCallSiteMain(ServiceCallSite callSite, TArgument argument)
   at Microsoft.Extensions.DependencyInjection.ServiceLookup.CallSiteRuntimeResolver.VisitRootCache(ServiceCallSite callSite, RuntimeResolverContext context)
   at Microsoft.Extensions.DependencyInjection.ServiceLookup.CallSiteVisitor`2.VisitCallSite(ServiceCallSite callSite, TArgument argument)
   at Microsoft.Extensions.DependencyInjection.ServiceLookup.CallSiteRuntimeResolver.Resolve(ServiceCallSite callSite, ServiceProviderEngineScope scope)
   at Microsoft.Extensions.DependencyInjection.ServiceProvider.CreateServiceAccessor(Type serviceType)
   at System.Collections.Concurrent.ConcurrentDictionary`2.GetOrAdd(TKey key, Func`2 valueFactory)
   at Microsoft.Extensions.DependencyInjection.ServiceProvider.GetService(Type serviceType, ServiceProviderEngineScope serviceProviderEngineScope)
   at Microsoft.Extensions.DependencyInjection.ServiceLookup.ServiceProviderEngineScope.GetService(Type serviceType)
   at Microsoft.Extensions.DependencyInjection.ServiceProviderServiceExtensions.GetRequiredService(IServiceProvider provider, Type serviceType)
   at Microsoft.Extensions.DependencyInjection.ServiceProviderServiceExtensions.GetRequiredService[T](IServiceProvider provider)
   at YourPhone.ScreenMirroring.Managed.RemotingModule.<>c.<RegisterRemoting>b__0_36(IServiceProvider sp)
   at Microsoft.Extensions.DependencyInjection.ServiceLookup.CallSiteRuntimeResolver.VisitFactory(FactoryCallSite factoryCallSite, RuntimeResolverContext context)
   at Microsoft.Extensions.DependencyInjection.ServiceLookup.CallSiteVisitor`2.VisitCallSiteMain(ServiceCallSite callSite, TArgument argument)
   at Microsoft.Extensions.DependencyInjection.ServiceLookup.CallSiteRuntimeResolver.VisitRootCache(ServiceCallSite callSite, RuntimeResolverContext context)
   at Microsoft.Extensions.DependencyInjection.ServiceLookup.CallSiteVisitor`2.VisitCallSite(ServiceCallSite callSite, TArgument argument)
   at Microsoft.Extensions.DependencyInjection.ServiceLookup.CallSiteRuntimeResolver.Resolve(ServiceCallSite callSite, ServiceProviderEngineScope scope)
   at Microsoft.Extensions.DependencyInjection.ServiceProvider.CreateServiceAccessor(Type serviceType)
   at System.Collections.Concurrent.ConcurrentDictionary`2.GetOrAdd(TKey key, Func`2 valueFactory)
   at Microsoft.Extensions.DependencyInjection.ServiceProvider.GetService(Type serviceType, ServiceProviderEngineScope serviceProviderEngineScope)
   at Microsoft.Extensions.DependencyInjection.ServiceLookup.ServiceProviderEngineScope.GetService(Type serviceType)
   at Microsoft.Extensions.DependencyInjection.ServiceProviderServiceExtensions.GetService[T](IServiceProvider provider)
   at YourPhone.Notifications.Managed.NotificationsModule.<>c.<RegisterNotifications>b__0_24(IServiceProvider sp)
   at Microsoft.Extensions.DependencyInjection.ServiceLookup.CallSiteRuntimeResolver.VisitFactory(FactoryCallSite factoryCallSite, RuntimeResolverContext context)
   at Microsoft.Extensions.DependencyInjection.ServiceLookup.CallSiteVisitor`2.VisitCallSiteMain(ServiceCallSite callSite, TArgument argument)
   at Microsoft.Extensions.DependencyInjection.ServiceLookup.CallSiteRuntimeResolver.VisitRootCache(ServiceCallSite callSite, RuntimeResolverContext context)
   at Microsoft.Extensions.DependencyInjection.ServiceLookup.CallSiteVisitor`2.VisitCallSite(ServiceCallSite callSite, TArgument argument)
   at Microsoft.Extensions.DependencyInjection.ServiceLookup.CallSiteRuntimeResolver.VisitIEnumerable(IEnumerableCallSite enumerableCallSite, RuntimeResolverContext context)
   at Microsoft.Extensions.DependencyInjection.ServiceLookup.CallSiteVisitor`2.VisitCallSiteMain(ServiceCallSite callSite, TArgument argument)
   at Microsoft.Extensions.DependencyInjection.ServiceLookup.CallSiteVisitor`2.VisitNoCache(ServiceCallSite callSite, TArgument argument)
   at Microsoft.Extensions.DependencyInjection.ServiceLookup.CallSiteVisitor`2.VisitCallSite(ServiceCallSite callSite, TArgument argument)
   at Microsoft.Extensions.DependencyInjection.ServiceLookup.CallSiteRuntimeResolver.Resolve(ServiceCallSite callSite, ServiceProviderEngineScope scope)
   at Microsoft.Extensions.DependencyInjection.ServiceLookup.DynamicServiceProviderEngine.<>c__DisplayClass2_0.<RealizeService>b__0(ServiceProviderEngineScope scope)
   at Microsoft.Extensions.DependencyInjection.ServiceProvider.GetService(Type serviceType, ServiceProviderEngineScope serviceProviderEngineScope)
   at Microsoft.Extensions.DependencyInjection.ServiceLookup.ServiceProviderEngineScope.GetService(Type serviceType)
   at Microsoft.Extensions.DependencyInjection.ServiceProviderServiceExtensions.GetRequiredService(IServiceProvider provider, Type serviceType)
   at Microsoft.Extensions.DependencyInjection.ServiceProviderServiceExtensions.GetRequiredService[T](IServiceProvider provider)
   at Microsoft.Extensions.DependencyInjection.ServiceProviderServiceExtensions.GetServices[T](IServiceProvider provider)
   at YourPhone.Bootstrapper.<>c.<RegisterApp>b__4_21(IServiceProvider sp)
   at Microsoft.Extensions.DependencyInjection.ServiceLookup.CallSiteRuntimeResolver.VisitFactory(FactoryCallSite factoryCallSite, RuntimeResolverContext context)
   at Microsoft.Extensions.DependencyInjection.ServiceLookup.CallSiteVisitor`2.VisitCallSiteMain(ServiceCallSite callSite, TArgument argument)
   at Microsoft.Extensions.DependencyInjection.ServiceLookup.CallSiteRuntimeResolver.VisitRootCache(ServiceCallSite callSite, RuntimeResolverContext context)
   at Microsoft.Extensions.DependencyInjection.ServiceLookup.CallSiteVisitor`2.VisitCallSite(ServiceCallSite callSite, TArgument argument)
   at Microsoft.Extensions.DependencyInjection.ServiceLookup.CallSiteRuntimeResolver.Resolve(ServiceCallSite callSite, ServiceProviderEngineScope scope)
   at Microsoft.Extensions.DependencyInjection.ServiceProvider.CreateServiceAccessor(Type serviceType)
   at System.Collections.Concurrent.ConcurrentDictionary`2.GetOrAdd(TKey key, Func`2 valueFactory)
   at Microsoft.Extensions.DependencyInjection.ServiceProvider.GetService(Type serviceType, ServiceProviderEngineScope serviceProviderEngineScope)
   at Microsoft.Extensions.DependencyInjection.ServiceProvider.GetService(Type serviceType)
   at Microsoft.Extensions.DependencyInjection.ServiceProviderServiceExtensions.GetRequiredService(IServiceProvider provider, Type serviceType)
   at Microsoft.Extensions.DependencyInjection.ServiceProviderServiceExtensions.GetRequiredService[T](IServiceProvider provider)
   at YourPhone.App.OnLaunchedAsync(LaunchActivatedEventArgs args)
   at YourPhone.Utilities.TaskExtensions.<>c.<ThrowAsync>b__6_1(Object state)
   at System.Threading.QueueUserWorkItemCallbackDefaultContext.Execute()
   at System.Threading.ThreadPoolWorkQueue.Dispatch()
   at System.Threading.PortableThreadPool.WorkerThread.WorkerThreadStart()
   at System.Threading.Thread.StartCallback()
"
Information,1/1/2023 10:05:57 PM,Microsoft-Windows-Backup,753,None,The Block Level Backup Engine service has successfully started.
Error,1/1/2023 10:05:57 PM,System Restore,8210,None,An unspecified error occurred during System Restore: (Installed LogMeIn Hamachi). Additional information: 0xc0000034.
Information,1/1/2023 10:05:55 PM,igfxCUIService2.0.0.0,0,None,The operation completed successfully. 
Information,1/1/2023 10:05:55 PM,Microsoft-Windows-Winlogon,6000,None,The winlogon notification subscriber <SessionEnv> was unavailable to handle a notification event.
Information,1/1/2023 10:05:55 PM,igfxCUIService2.0.0.0,0,None,The operation completed successfully. 
Information,1/1/2023 10:05:55 PM,igfxCUIService2.0.0.0,0,None,The operation completed successfully. 
Information,1/1/2023 10:05:55 PM,Microsoft-Windows-Winlogon,6003,None,The winlogon notification subscriber <SessionEnv> was unavailable to handle a critical notification event.
Information,1/1/2023 9:41:07 PM,Microsoft-Windows-Security-SPP,16384,None,Successfully scheduled Software Protection service for re-start at 2122-12-09T00:41:07Z. Reason: RulesEngine.
Information,1/1/2023 9:40:37 PM,Microsoft-Windows-Security-SPP,16394,None,Offline downlevel migration succeeded.
Information,1/1/2023 9:01:08 PM,Microsoft-Windows-Security-SPP,16384,None,Successfully scheduled Software Protection service for re-start at 2122-12-09T00:01:08Z. Reason: RulesEngine.
Information,1/1/2023 9:00:33 PM,Microsoft-Windows-Security-SPP,16394,None,Offline downlevel migration succeeded.
Information,1/1/2023 8:42:23 PM,Microsoft-Windows-Security-SPP,16384,None,Successfully scheduled Software Protection service for re-start at 2122-12-08T23:42:23Z. Reason: RulesEngine.
Information,1/1/2023 8:41:53 PM,Microsoft-Windows-Security-SPP,16394,None,Offline downlevel migration succeeded.
Information,1/1/2023 8:16:41 PM,igccservice,0,None,PowerEvent handled successfully by the service.
Information,1/1/2023 8:16:41 PM,DellTechHub,0,None,PowerEvent handled successfully by the service.
Information,1/1/2023 8:16:41 PM,Dell SupportAssist Remediation,0,None,PowerEvent handled successfully by the service.
Information,1/1/2023 8:16:40 PM,igccservice,0,None,PowerEvent handled successfully by the service.
Information,1/1/2023 8:16:40 PM,Dell SupportAssist Remediation,0,None,PowerEvent handled successfully by the service.
Information,1/1/2023 8:16:40 PM,DellTechHub,0,None,PowerEvent handled successfully by the service.
Information,1/1/2023 8:16:33 PM,igccservice,0,None,PowerEvent handled successfully by the service.
Information,1/1/2023 8:16:33 PM,Dell SupportAssist Remediation,0,None,PowerEvent handled successfully by the service.
Information,1/1/2023 8:16:33 PM,DellTechHub,0,None,PowerEvent handled successfully by the service.
Information,1/1/2023 8:08:08 PM,Microsoft-Windows-Defrag,258,None,The storage optimizer successfully completed defragmentation on (C:)
Information,1/1/2023 8:08:08 PM,Microsoft-Windows-Defrag,258,None,The storage optimizer successfully completed retrim on (C:)
Information,1/1/2023 8:03:22 PM,Microsoft-Windows-Security-SPP,16384,None,Successfully scheduled Software Protection service for re-start at 2122-12-08T23:03:22Z. Reason: RulesEngine.
Information,1/1/2023 8:02:52 PM,Microsoft-Windows-Security-SPP,16394,None,Offline downlevel migration succeeded.
Information,1/1/2023 7:32:45 PM,MsiInstaller,1035,None,Windows Installer reconfigured the product. Product Name: Kaspersky Password Manager. Product Version: 10.2.0.341. Product Language: 1046. Manufacturer: Kaspersky Lab. Reconfiguration success or error status: 0.
Information,1/1/2023 7:32:45 PM,MsiInstaller,1035,None,Windows Installer reconfigured the product. Product Name: Python Launcher. Product Version: 3.8.7427.0. Product Language: 1033. Manufacturer: Python Software Foundation. Reconfiguration success or error status: 0.
Information,1/1/2023 7:32:45 PM,MsiInstaller,1035,None,Windows Installer reconfigured the product. Product Name: Microsoft .NET Host - 6.0.12 (x64). Product Version: 48.51.51943. Product Language: 1033. Manufacturer: Microsoft Corporation. Reconfiguration success or error status: 0.
Information,1/1/2023 7:32:45 PM,MsiInstaller,1035,None,Windows Installer reconfigured the product. Product Name: Dell SupportAssist. Product Version: 3.13.0.236. Product Language: 1033. Manufacturer: Dell Inc.. Reconfiguration success or error status: 0.
Information,1/1/2023 7:32:45 PM,MsiInstaller,1035,None,Windows Installer reconfigured the product. Product Name: Microsoft .NET Runtime - 6.0.9 (x64). Product Version: 48.39.47157. Product Language: 1033. Manufacturer: Microsoft Corporation. Reconfiguration success or error status: 0.
Information,1/1/2023 7:32:45 PM,MsiInstaller,1035,None,Windows Installer reconfigured the product. Product Name: Microsoft Visual C++ 2013 x86 Additional Runtime - 12.0.40664. Product Version: 12.0.40664. Product Language: 1033. Manufacturer: Microsoft Corporation. Reconfiguration success or error status: 0.
Information,1/1/2023 7:32:45 PM,MsiInstaller,1035,None,Windows Installer reconfigured the product. Product Name: Tableau 2019.3 (20193.19.0821.2225). Product Version: 19.3.510. Product Language: 1033. Manufacturer: Tableau Software. Reconfiguration success or error status: 0.
Information,1/1/2023 7:32:45 PM,MsiInstaller,1035,None,Windows Installer reconfigured the product. Product Name: Microsoft .NET Host FX Resolver - 6.0.12 (x64). Product Version: 48.51.51943. Product Language: 1033. Manufacturer: Microsoft Corporation. Reconfiguration success or error status: 0.
Information,1/1/2023 7:32:45 PM,MsiInstaller,1035,None,Windows Installer reconfigured the product. Product Name: Microsoft Visual C++ 2019 X86 Minimum Runtime - 14.29.30135. Product Version: 14.29.30135. Product Language: 1033. Manufacturer: Microsoft Corporation. Reconfiguration success or error status: 0.
Information,1/1/2023 7:32:45 PM,MsiInstaller,1035,None,Windows Installer reconfigured the product. Product Name: Intel(R) Icls. Product Version: 1.0.0.0. Product Language: 1033. Manufacturer: Intel Corporation. Reconfiguration success or error status: 0.
Information,1/1/2023 7:32:45 PM,MsiInstaller,1035,None,Windows Installer reconfigured the product. Product Name: Microsoft .NET Host FX Resolver - 5.0.17 (x86). Product Version: 40.68.31213. Product Language: 1033. Manufacturer: Microsoft Corporation. Reconfiguration success or error status: 0.
Information,1/1/2023 7:32:45 PM,MsiInstaller,1035,None,Windows Installer reconfigured the product. Product Name: Microsoft Visual C++ 2005 Redistributable. Product Version: 8.0.56336. Product Language: 0. Manufacturer: Microsoft Corporation. Reconfiguration success or error status: 0.
Information,1/1/2023 7:32:45 PM,MsiInstaller,1035,None,Windows Installer reconfigured the product. Product Name: Microsoft Update Health Tools. Product Version: 5.68.0.0. Product Language: 0. Manufacturer: Microsoft Corporation. Reconfiguration success or error status: 0.
Information,1/1/2023 7:32:45 PM,MsiInstaller,1035,None,Windows Installer reconfigured the product. Product Name: Microsoft Visual C++ 2013 x64 Additional Runtime - 12.0.40664. Product Version: 12.0.40664. Product Language: 1033. Manufacturer: Microsoft Corporation. Reconfiguration success or error status: 0.
Information,1/1/2023 7:32:45 PM,MsiInstaller,1035,None,Windows Installer reconfigured the product. Product Name: Microsoft .NET Runtime - 5.0.17 (x86). Product Version: 40.68.31213. Product Language: 1033. Manufacturer: Microsoft Corporation. Reconfiguration success or error status: 0.
Information,1/1/2023 7:32:45 PM,MsiInstaller,1035,None,Windows Installer reconfigured the product. Product Name: Amazon Redshift ODBC Driver 64-bit. Product Version: 1.3.7.1000. Product Language: 1033. Manufacturer: Amazon Corporate LLC. Reconfiguration success or error status: 0.
Information,1/1/2023 7:32:45 PM,MsiInstaller,1035,None,Windows Installer reconfigured the product. Product Name: Kaspersky Internet Security. Product Version: 21.3.10.391. Product Language: 1046. Manufacturer: Kaspersky. Reconfiguration success or error status: 0.
Information,1/1/2023 7:32:45 PM,MsiInstaller,1035,None,Windows Installer reconfigured the product. Product Name: Microsoft .NET Host - 5.0.17 (x86). Product Version: 40.68.31213. Product Language: 1033. Manufacturer: Microsoft Corporation. Reconfiguration success or error status: 0.
Information,1/1/2023 7:32:45 PM,MsiInstaller,1035,None,Windows Installer reconfigured the product. Product Name: Microsoft Visual C++ 2019 X86 Additional Runtime - 14.29.30135. Product Version: 14.29.30135. Product Language: 1033. Manufacturer: Microsoft Corporation. Reconfiguration success or error status: 0.
Information,1/1/2023 7:32:44 PM,MsiInstaller,1035,None,Windows Installer reconfigured the product. Product Name: NVIDIA PhysX. Product Version: 9.09.0025. Product Language: 1033. Manufacturer: NVIDIA Corporation. Reconfiguration success or error status: 0.
Information,1/1/2023 7:32:44 PM,MsiInstaller,1035,None,Windows Installer reconfigured the product. Product Name: Intel(R) LMS. Product Version: 1.0.0.0. Product Language: 1033. Manufacturer: Intel Corporation. Reconfiguration success or error status: 0.
Information,1/1/2023 7:32:44 PM,MsiInstaller,1035,None,Windows Installer reconfigured the product. Product Name: Kaspersky VPN. Product Version: 21.3.10.391. Product Language: 1046. Manufacturer: Kaspersky. Reconfiguration success or error status: 0.
Information,1/1/2023 7:32:44 PM,MsiInstaller,1035,None,Windows Installer reconfigured the product. Product Name: Dell SupportAssist OS Recovery Plugin for Dell Update. Product Version: 5.5.4.16189. Product Language: 1033. Manufacturer: Dell Inc.. Reconfiguration success or error status: 0.
Information,1/1/2023 7:32:44 PM,MsiInstaller,1035,None,Windows Installer reconfigured the product. Product Name: Microsoft Windows Desktop Runtime - 6.0.12 (x64). Product Version: 48.51.52100. Product Language: 1033. Manufacturer: Microsoft Corporation. Reconfiguration success or error status: 0.
Information,1/1/2023 7:32:44 PM,MsiInstaller,1035,None,Windows Installer reconfigured the product. Product Name: Microsoft Windows Desktop Runtime - 5.0.17 (x86). Product Version: 40.68.31219. Product Language: 1033. Manufacturer: Microsoft Corporation. Reconfiguration success or error status: 0.
Information,1/1/2023 7:32:44 PM,MsiInstaller,1035,None,Windows Installer reconfigured the product. Product Name: Microsoft Visual C++ 2019 X64 Minimum Runtime - 14.28.29325. Product Version: 14.28.29325. Product Language: 1033. Manufacturer: Microsoft Corporation. Reconfiguration success or error status: 0.
Information,1/1/2023 7:32:44 PM,MsiInstaller,1035,None,Windows Installer reconfigured the product. Product Name: Dynamic Application Loader Host Interface Service. Product Version: 1.0.0.0. Product Language: 1033. Manufacturer: Intel Corporation. Reconfiguration success or error status: 0.
Information,1/1/2023 7:32:44 PM,MsiInstaller,1035,None,Windows Installer reconfigured the product. Product Name: Microsoft Visual C++ 2019 X64 Additional Runtime - 14.28.29325. Product Version: 14.28.29325. Product Language: 1033. Manufacturer: Microsoft Corporation. Reconfiguration success or error status: 0.
Information,1/1/2023 7:32:44 PM,MsiInstaller,1035,None,Windows Installer reconfigured the product. Product Name: Intel(R) Management Engine Components. Product Version: 1.0.0.0. Product Language: 1033. Manufacturer: Intel Corporation. Reconfiguration success or error status: 0.
Information,1/1/2023 7:32:44 PM,MsiInstaller,1035,None,Windows Installer reconfigured the product. Product Name: Dell SupportAssist Remediation. Product Version: 5.5.5.16206. Product Language: 1033. Manufacturer: Dell Inc.. Reconfiguration success or error status: 0.
Information,1/1/2023 7:32:44 PM,MsiInstaller,1035,None,Windows Installer reconfigured the product. Product Name: Microsoft Visual C++ 2013 x64 Minimum Runtime - 12.0.40664. Product Version: 12.0.40664. Product Language: 1033. Manufacturer: Microsoft Corporation. Reconfiguration success or error status: 0.
Information,1/1/2023 7:32:44 PM,MsiInstaller,1035,None,Windows Installer reconfigured the product. Product Name: Microsoft .NET Host FX Resolver - 6.0.9 (x64). Product Version: 48.39.47157. Product Language: 1033. Manufacturer: Microsoft Corporation. Reconfiguration success or error status: 0.
Information,1/1/2023 7:32:44 PM,MsiInstaller,1035,None,Windows Installer reconfigured the product. Product Name: Microsoft ODBC Driver 17 for SQL Server. Product Version: 17.1.0.1. Product Language: 1033. Manufacturer: Microsoft Corporation. Reconfiguration success or error status: 0.
Information,1/1/2023 7:32:44 PM,MsiInstaller,1035,None,Windows Installer reconfigured the product. Product Name: Intel(R) Management Engine Driver. Product Version: 1.0.0.0. Product Language: 1033. Manufacturer: Intel Corporation. Reconfiguration success or error status: 0.
Information,1/1/2023 7:32:44 PM,MsiInstaller,1035,None,Windows Installer reconfigured the product. Product Name: Microsoft Visual C++ 2010  x86 Redistributable - 10.0.40219. Product Version: 10.0.40219. Product Language: 0. Manufacturer: Microsoft Corporation. Reconfiguration success or error status: 0.
Information,1/1/2023 7:32:44 PM,MsiInstaller,1035,None,Windows Installer reconfigured the product. Product Name: Microsoft .NET Runtime - 6.0.12 (x64). Product Version: 48.51.51943. Product Language: 1033. Manufacturer: Microsoft Corporation. Reconfiguration success or error status: 0.
Information,1/1/2023 7:32:44 PM,MsiInstaller,1035,None,Windows Installer reconfigured the product. Product Name: Microsoft Visual C++ 2013 x86 Minimum Runtime - 12.0.40664. Product Version: 12.0.40664. Product Language: 1033. Manufacturer: Microsoft Corporation. Reconfiguration success or error status: 0.
Information,1/1/2023 7:32:44 PM,MsiInstaller,1035,None,Windows Installer reconfigured the product. Product Name: Microsoft Visual C++ 2010  x64 Redistributable - 10.0.40219. Product Version: 10.0.40219. Product Language: 0. Manufacturer: Microsoft Corporation. Reconfiguration success or error status: 0.
Information,1/1/2023 7:32:44 PM,MsiInstaller,1035,None,Windows Installer reconfigured the product. Product Name: psqlODBC_x64. Product Version: 09.06.0504. Product Language: 1033. Manufacturer: PostgreSQL Global Development Group. Reconfiguration success or error status: 0.
Information,1/1/2023 7:32:44 PM,MsiInstaller,1035,None,Windows Installer reconfigured the product. Product Name: Nefarius Virtual Gamepad Emulation Bus Driver. Product Version: 1.17.333.0. Product Language: 1033. Manufacturer: Nefarius Software Solutions e.U.. Reconfiguration success or error status: 0.
Information,1/1/2023 7:32:43 PM,MsiInstaller,1035,None,Windows Installer reconfigured the product. Product Name: Kaspersky Password Manager. Product Version: 10.2.0.341. Product Language: 1046. Manufacturer: Kaspersky Lab. Reconfiguration success or error status: 0.
Information,1/1/2023 7:32:43 PM,MsiInstaller,1035,None,Windows Installer reconfigured the product. Product Name: Python Launcher. Product Version: 3.8.7427.0. Product Language: 1033. Manufacturer: Python Software Foundation. Reconfiguration success or error status: 0.
Information,1/1/2023 7:32:43 PM,MsiInstaller,1035,None,Windows Installer reconfigured the product. Product Name: Microsoft .NET Host - 6.0.12 (x64). Product Version: 48.51.51943. Product Language: 1033. Manufacturer: Microsoft Corporation. Reconfiguration success or error status: 0.
Information,1/1/2023 7:32:43 PM,MsiInstaller,1035,None,Windows Installer reconfigured the product. Product Name: Dell SupportAssist. Product Version: 3.13.0.236. Product Language: 1033. Manufacturer: Dell Inc.. Reconfiguration success or error status: 0.
Information,1/1/2023 7:32:42 PM,MsiInstaller,1035,None,Windows Installer reconfigured the product. Product Name: Microsoft .NET Runtime - 6.0.9 (x64). Product Version: 48.39.47157. Product Language: 1033. Manufacturer: Microsoft Corporation. Reconfiguration success or error status: 0.
Information,1/1/2023 7:32:42 PM,MsiInstaller,1035,None,Windows Installer reconfigured the product. Product Name: Microsoft Visual C++ 2013 x86 Additional Runtime - 12.0.40664. Product Version: 12.0.40664. Product Language: 1033. Manufacturer: Microsoft Corporation. Reconfiguration success or error status: 0.
Information,1/1/2023 7:32:42 PM,MsiInstaller,1035,None,Windows Installer reconfigured the product. Product Name: Tableau 2019.3 (20193.19.0821.2225). Product Version: 19.3.510. Product Language: 1033. Manufacturer: Tableau Software. Reconfiguration success or error status: 0.
Information,1/1/2023 7:32:42 PM,MsiInstaller,1035,None,Windows Installer reconfigured the product. Product Name: Microsoft .NET Host FX Resolver - 6.0.12 (x64). Product Version: 48.51.51943. Product Language: 1033. Manufacturer: Microsoft Corporation. Reconfiguration success or error status: 0.
Information,1/1/2023 7:32:42 PM,MsiInstaller,1035,None,Windows Installer reconfigured the product. Product Name: Microsoft Visual C++ 2019 X86 Minimum Runtime - 14.29.30135. Product Version: 14.29.30135. Product Language: 1033. Manufacturer: Microsoft Corporation. Reconfiguration success or error status: 0.
Information,1/1/2023 7:32:42 PM,MsiInstaller,1035,None,Windows Installer reconfigured the product. Product Name: Intel(R) Icls. Product Version: 1.0.0.0. Product Language: 1033. Manufacturer: Intel Corporation. Reconfiguration success or error status: 0.
Information,1/1/2023 7:32:42 PM,MsiInstaller,1035,None,Windows Installer reconfigured the product. Product Name: Microsoft .NET Host FX Resolver - 5.0.17 (x86). Product Version: 40.68.31213. Product Language: 1033. Manufacturer: Microsoft Corporation. Reconfiguration success or error status: 0.
Information,1/1/2023 7:32:42 PM,MsiInstaller,1035,None,Windows Installer reconfigured the product. Product Name: Microsoft Visual C++ 2005 Redistributable. Product Version: 8.0.56336. Product Language: 0. Manufacturer: Microsoft Corporation. Reconfiguration success or error status: 0.
Information,1/1/2023 7:32:42 PM,MsiInstaller,1035,None,Windows Installer reconfigured the product. Product Name: Microsoft Update Health Tools. Product Version: 5.68.0.0. Product Language: 0. Manufacturer: Microsoft Corporation. Reconfiguration success or error status: 0.
Information,1/1/2023 7:32:42 PM,MsiInstaller,1035,None,Windows Installer reconfigured the product. Product Name: Microsoft Visual C++ 2013 x64 Additional Runtime - 12.0.40664. Product Version: 12.0.40664. Product Language: 1033. Manufacturer: Microsoft Corporation. Reconfiguration success or error status: 0.
Information,1/1/2023 7:32:42 PM,MsiInstaller,1035,None,Windows Installer reconfigured the product. Product Name: Microsoft .NET Runtime - 5.0.17 (x86). Product Version: 40.68.31213. Product Language: 1033. Manufacturer: Microsoft Corporation. Reconfiguration success or error status: 0.
Information,1/1/2023 7:32:42 PM,MsiInstaller,1035,None,Windows Installer reconfigured the product. Product Name: Amazon Redshift ODBC Driver 64-bit. Product Version: 1.3.7.1000. Product Language: 1033. Manufacturer: Amazon Corporate LLC. Reconfiguration success or error status: 0.
Information,1/1/2023 7:32:42 PM,MsiInstaller,1035,None,Windows Installer reconfigured the product. Product Name: Kaspersky Internet Security. Product Version: 21.3.10.391. Product Language: 1046. Manufacturer: Kaspersky. Reconfiguration success or error status: 0.
Information,1/1/2023 7:32:42 PM,MsiInstaller,1035,None,Windows Installer reconfigured the product. Product Name: Microsoft .NET Host - 5.0.17 (x86). Product Version: 40.68.31213. Product Language: 1033. Manufacturer: Microsoft Corporation. Reconfiguration success or error status: 0.
Information,1/1/2023 7:32:42 PM,MsiInstaller,1035,None,Windows Installer reconfigured the product. Product Name: Microsoft Visual C++ 2019 X86 Additional Runtime - 14.29.30135. Product Version: 14.29.30135. Product Language: 1033. Manufacturer: Microsoft Corporation. Reconfiguration success or error status: 0.
Information,1/1/2023 7:32:42 PM,MsiInstaller,1035,None,Windows Installer reconfigured the product. Product Name: NVIDIA PhysX. Product Version: 9.09.0025. Product Language: 1033. Manufacturer: NVIDIA Corporation. Reconfiguration success or error status: 0.
Information,1/1/2023 7:32:42 PM,MsiInstaller,1035,None,Windows Installer reconfigured the product. Product Name: Intel(R) LMS. Product Version: 1.0.0.0. Product Language: 1033. Manufacturer: Intel Corporation. Reconfiguration success or error status: 0.
Information,1/1/2023 7:32:42 PM,MsiInstaller,1035,None,Windows Installer reconfigured the product. Product Name: Kaspersky VPN. Product Version: 21.3.10.391. Product Language: 1046. Manufacturer: Kaspersky. Reconfiguration success or error status: 0.
Information,1/1/2023 7:32:42 PM,MsiInstaller,1035,None,Windows Installer reconfigured the product. Product Name: Dell SupportAssist OS Recovery Plugin for Dell Update. Product Version: 5.5.4.16189. Product Language: 1033. Manufacturer: Dell Inc.. Reconfiguration success or error status: 0.
Information,1/1/2023 7:32:42 PM,MsiInstaller,1035,None,Windows Installer reconfigured the product. Product Name: Microsoft Windows Desktop Runtime - 6.0.12 (x64). Product Version: 48.51.52100. Product Language: 1033. Manufacturer: Microsoft Corporation. Reconfiguration success or error status: 0.
Information,1/1/2023 7:32:42 PM,MsiInstaller,1035,None,Windows Installer reconfigured the product. Product Name: Microsoft Windows Desktop Runtime - 5.0.17 (x86). Product Version: 40.68.31219. Product Language: 1033. Manufacturer: Microsoft Corporation. Reconfiguration success or error status: 0.
Information,1/1/2023 7:32:42 PM,MsiInstaller,1035,None,Windows Installer reconfigured the product. Product Name: Microsoft Visual C++ 2019 X64 Minimum Runtime - 14.28.29325. Product Version: 14.28.29325. Product Language: 1033. Manufacturer: Microsoft Corporation. Reconfiguration success or error status: 0.
Information,1/1/2023 7:32:42 PM,MsiInstaller,1035,None,Windows Installer reconfigured the product. Product Name: Dynamic Application Loader Host Interface Service. Product Version: 1.0.0.0. Product Language: 1033. Manufacturer: Intel Corporation. Reconfiguration success or error status: 0.
Information,1/1/2023 7:32:42 PM,MsiInstaller,1035,None,Windows Installer reconfigured the product. Product Name: Microsoft Visual C++ 2019 X64 Additional Runtime - 14.28.29325. Product Version: 14.28.29325. Product Language: 1033. Manufacturer: Microsoft Corporation. Reconfiguration success or error status: 0.
Information,1/1/2023 7:32:42 PM,MsiInstaller,1035,None,Windows Installer reconfigured the product. Product Name: Intel(R) Management Engine Components. Product Version: 1.0.0.0. Product Language: 1033. Manufacturer: Intel Corporation. Reconfiguration success or error status: 0.
Information,1/1/2023 7:32:42 PM,MsiInstaller,1035,None,Windows Installer reconfigured the product. Product Name: Dell SupportAssist Remediation. Product Version: 5.5.5.16206. Product Language: 1033. Manufacturer: Dell Inc.. Reconfiguration success or error status: 0.
Information,1/1/2023 7:32:42 PM,MsiInstaller,1035,None,Windows Installer reconfigured the product. Product Name: Microsoft Visual C++ 2013 x64 Minimum Runtime - 12.0.40664. Product Version: 12.0.40664. Product Language: 1033. Manufacturer: Microsoft Corporation. Reconfiguration success or error status: 0.
Information,1/1/2023 7:32:42 PM,MsiInstaller,1035,None,Windows Installer reconfigured the product. Product Name: Microsoft .NET Host FX Resolver - 6.0.9 (x64). Product Version: 48.39.47157. Product Language: 1033. Manufacturer: Microsoft Corporation. Reconfiguration success or error status: 0.
Information,1/1/2023 7:32:42 PM,MsiInstaller,1035,None,Windows Installer reconfigured the product. Product Name: Microsoft ODBC Driver 17 for SQL Server. Product Version: 17.1.0.1. Product Language: 1033. Manufacturer: Microsoft Corporation. Reconfiguration success or error status: 0.
Information,1/1/2023 7:32:42 PM,MsiInstaller,1035,None,Windows Installer reconfigured the product. Product Name: Intel(R) Management Engine Driver. Product Version: 1.0.0.0. Product Language: 1033. Manufacturer: Intel Corporation. Reconfiguration success or error status: 0.
Information,1/1/2023 7:32:42 PM,MsiInstaller,1035,None,Windows Installer reconfigured the product. Product Name: Microsoft Visual C++ 2010  x86 Redistributable - 10.0.40219. Product Version: 10.0.40219. Product Language: 0. Manufacturer: Microsoft Corporation. Reconfiguration success or error status: 0.
Information,1/1/2023 7:32:41 PM,MsiInstaller,1035,None,Windows Installer reconfigured the product. Product Name: Microsoft .NET Runtime - 6.0.12 (x64). Product Version: 48.51.51943. Product Language: 1033. Manufacturer: Microsoft Corporation. Reconfiguration success or error status: 0.
Information,1/1/2023 7:32:41 PM,MsiInstaller,1035,None,Windows Installer reconfigured the product. Product Name: Microsoft Visual C++ 2013 x86 Minimum Runtime - 12.0.40664. Product Version: 12.0.40664. Product Language: 1033. Manufacturer: Microsoft Corporation. Reconfiguration success or error status: 0.
Information,1/1/2023 7:32:41 PM,MsiInstaller,1035,None,Windows Installer reconfigured the product. Product Name: Microsoft Visual C++ 2010  x64 Redistributable - 10.0.40219. Product Version: 10.0.40219. Product Language: 0. Manufacturer: Microsoft Corporation. Reconfiguration success or error status: 0.
Information,1/1/2023 7:32:41 PM,MsiInstaller,1035,None,Windows Installer reconfigured the product. Product Name: psqlODBC_x64. Product Version: 09.06.0504. Product Language: 1033. Manufacturer: PostgreSQL Global Development Group. Reconfiguration success or error status: 0.
Information,1/1/2023 7:32:41 PM,MsiInstaller,1035,None,Windows Installer reconfigured the product. Product Name: Nefarius Virtual Gamepad Emulation Bus Driver. Product Version: 1.17.333.0. Product Language: 1033. Manufacturer: Nefarius Software Solutions e.U.. Reconfiguration success or error status: 0.
Information,1/1/2023 7:15:38 PM,DellTechHub,0,None,PowerEvent handled successfully by the service.
Information,1/1/2023 7:15:38 PM,igccservice,0,None,PowerEvent handled successfully by the service.
Information,1/1/2023 7:15:38 PM,Dell SupportAssist Remediation,0,None,PowerEvent handled successfully by the service.
Information,1/1/2023 7:06:12 PM,Microsoft-Windows-Security-SPP,16384,None,Successfully scheduled Software Protection service for re-start at 2122-12-08T22:06:12Z. Reason: RulesEngine.
