Information,12/29/2022 4:49:30 PM,MsiInstaller,1035,None,Windows Installer reconfigured the product. Product Name: Microsoft Visual C++ 2019 X64 Additional Runtime - 14.28.29325. Product Version: 14.28.29325. Product Language: 1033. Manufacturer: Microsoft Corporation. Reconfiguration success or error status: 0.
Information,12/29/2022 4:49:30 PM,MsiInstaller,1035,None,Windows Installer reconfigured the product. Product Name: Intel(R) Management Engine Components. Product Version: 1.0.0.0. Product Language: 1033. Manufacturer: Intel Corporation. Reconfiguration success or error status: 0.
Information,12/29/2022 4:49:30 PM,MsiInstaller,1035,None,Windows Installer reconfigured the product. Product Name: Dell SupportAssist Remediation. Product Version: 5.5.5.16206. Product Language: 1033. Manufacturer: Dell Inc.. Reconfiguration success or error status: 0.
Information,12/29/2022 4:49:30 PM,MsiInstaller,1035,None,Windows Installer reconfigured the product. Product Name: Microsoft Visual C++ 2013 x64 Minimum Runtime - 12.0.40664. Product Version: 12.0.40664. Product Language: 1033. Manufacturer: Microsoft Corporation. Reconfiguration success or error status: 0.
Information,12/29/2022 4:49:30 PM,MsiInstaller,1035,None,Windows Installer reconfigured the product. Product Name: Microsoft .NET Host FX Resolver - 6.0.9 (x64). Product Version: 48.39.47157. Product Language: 1033. Manufacturer: Microsoft Corporation. Reconfiguration success or error status: 0.
Information,12/29/2022 4:49:29 PM,MsiInstaller,1035,None,Windows Installer reconfigured the product. Product Name: Microsoft ODBC Driver 17 for SQL Server. Product Version: 17.1.0.1. Product Language: 1033. Manufacturer: Microsoft Corporation. Reconfiguration success or error status: 0.
Information,12/29/2022 4:49:29 PM,MsiInstaller,1035,None,Windows Installer reconfigured the product. Product Name: Intel(R) Management Engine Driver. Product Version: 1.0.0.0. Product Language: 1033. Manufacturer: Intel Corporation. Reconfiguration success or error status: 0.
Information,12/29/2022 4:49:29 PM,MsiInstaller,1035,None,Windows Installer reconfigured the product. Product Name: Microsoft Visual C++ 2010  x86 Redistributable - 10.0.40219. Product Version: 10.0.40219. Product Language: 0. Manufacturer: Microsoft Corporation. Reconfiguration success or error status: 0.
Information,12/29/2022 4:49:29 PM,MsiInstaller,1035,None,Windows Installer reconfigured the product. Product Name: Microsoft Visual C++ 2013 x86 Minimum Runtime - 12.0.40664. Product Version: 12.0.40664. Product Language: 1033. Manufacturer: Microsoft Corporation. Reconfiguration success or error status: 0.
Information,12/29/2022 4:49:29 PM,MsiInstaller,1035,None,Windows Installer reconfigured the product. Product Name: Microsoft Visual C++ 2010  x64 Redistributable - 10.0.40219. Product Version: 10.0.40219. Product Language: 0. Manufacturer: Microsoft Corporation. Reconfiguration success or error status: 0.
Information,12/29/2022 4:49:29 PM,MsiInstaller,1035,None,Windows Installer reconfigured the product. Product Name: psqlODBC_x64. Product Version: 09.06.0504. Product Language: 1033. Manufacturer: PostgreSQL Global Development Group. Reconfiguration success or error status: 0.
Information,12/29/2022 4:48:53 PM,Microsoft-Windows-Security-SPP,16384,None,Successfully scheduled Software Protection service for re-start at 2122-12-05T19:48:53Z. Reason: RulesEngine.
Information,12/29/2022 4:48:23 PM,Microsoft-Windows-Security-SPP,16394,None,Offline downlevel migration succeeded.
Information,12/29/2022 4:28:35 PM,Windows Error Reporting,1001,None,"Fault bucket 1353769130998404582, type 5
Event Name: RADAR_PRE_LEAK_64
Response: Not available
Cab Id: 0

Problem signature:
P1: git.exe
P2: 2.39.0.2
P3: 10.0.22621.2.0.0
P4: 
P5: 
P6: 
P7: 
P8: 
P9: 
P10: 

Attached files:
\\?\C:\Users\ozeas\AppData\Local\Temp\RDRE3D8.tmp\empty.txt
\\?\C:\ProgramData\Microsoft\Windows\WER\Temp\WER.f5ad4886-f186-42c0-bcd5-b2e290aaf1bd.tmp.WERInternalMetadata.xml
\\?\C:\ProgramData\Microsoft\Windows\WER\Temp\WER.285c496e-667c-4345-9609-8077566c912c.tmp.csv
\\?\C:\ProgramData\Microsoft\Windows\WER\Temp\WER.427b5ebe-d914-4afd-8fd8-678d439a2f37.tmp.txt
\\?\C:\ProgramData\Microsoft\Windows\WER\Temp\WER.9b489ccf-96a3-4dbb-8f62-998b43fe9195.tmp.xml

These files may be available here:
NULL

Analysis symbol: 
Rechecking for solution: 0
Report Id: 785f0bdf-b388-440c-8ecb-c63f8c2f65f7
Report Status: 268435456
Hashed bucket: 6faa90ddcc4999dbc2c98dda210c95e6
Cab Guid: 0"
Information,12/29/2022 4:20:55 PM,Microsoft-Windows-Security-SPP,16384,None,Successfully scheduled Software Protection service for re-start at 2122-12-05T19:20:55Z. Reason: RulesEngine.
Information,12/29/2022 4:20:25 PM,Microsoft-Windows-Security-SPP,16394,None,Offline downlevel migration succeeded.
Information,12/29/2022 4:18:25 PM,Microsoft-Windows-RestartManager,10001,None,Ending session 1 started ‎2022‎-‎12‎-‎29T19:18:25.586457200Z.
Information,12/29/2022 4:18:25 PM,Microsoft-Windows-RestartManager,10000,None,Starting session 1 - ‎2022‎-‎12‎-‎29T19:18:25.586457200Z.
Information,12/29/2022 4:18:23 PM,Microsoft-Windows-RestartManager,10001,None,Ending session 1 started ‎2022‎-‎12‎-‎29T19:18:23.910938500Z.
Information,12/29/2022 4:18:23 PM,Microsoft-Windows-RestartManager,10000,None,Starting session 1 - ‎2022‎-‎12‎-‎29T19:18:23.910938500Z.
Information,12/29/2022 4:16:06 PM,Microsoft-Windows-Security-SPP,903,None,"The Software Protection service has stopped.
"
Information,12/29/2022 4:16:06 PM,Microsoft-Windows-Security-SPP,16384,None,Successfully scheduled Software Protection service for re-start at 2122-12-05T19:16:06Z. Reason: RulesEngine.
Information,12/29/2022 4:15:38 PM,DDVCollectorSvcApi,0,None,The operation completed successfully. 
Information,12/29/2022 4:15:38 PM,SecurityCenter,15,None,Updated Kaspersky Internet Security status successfully to SECURITY_PRODUCT_STATE_ON.
Information,12/29/2022 4:15:38 PM,SecurityCenter,15,None,Updated Kaspersky Internet Security status successfully to SECURITY_PRODUCT_STATE_ON.
Information,12/29/2022 4:15:37 PM,SecurityCenter,1,None,The Windows Security Center Service has started.
Information,12/29/2022 4:15:36 PM,Microsoft-Windows-Security-SPP,902,None,"The Software Protection service has started.
10.0.22621.963"
Information,12/29/2022 4:15:36 PM,Microsoft-Windows-Security-SPP,1003,None,"The Software Protection service has completed licensing status check.
Application Id=55c92734-d682-4d71-983e-d6ec3f16059f
Licensing Status=
1: 040fa323-92b1-4baf-97a2-5b67feaefddb, 1, 0 [(0 [0xC004F014, 0, 0], [(?)(?)(?)(?)(?)(?)(?)(?)])(1 )(2 )(3 )]
2: 0724cb7d-3437-4cb7-93cb-830375d0079d, 1, 0 [(0 [0xC004F014, 0, 0], [(?)(?)(?)(?)(?)(?)(?)(?)])(1 )(2 )(3 )]
3: 0ad2ac98-7bb9-4201-8d92-312299201369, 1, 0 [(0 [0xC004F014, 0, 0], [(?)(?)(?)(?)(?)(?)(?)(?)])(1 )(2 )(3 )]
4: 1a9a717a-cf13-4ba5-83c3-0fe25fa868d5, 1, 0 [(0 [0xC004F014, 0, 0], [(?)(?)(?)(?)(?)(?)(?)(?)])(1 )(2 )(3 )]
5: 221a02da-e2a1-4b75-864c-0a4410a33fdf, 1, 0 [(0 [0xC004F014, 0, 0], [(?)(?)(?)(?)(?)(?)(?)(?)])(1 )(2 )(3 )]
6: 291ece0e-9c38-40ca-a9e1-32cc7ec19507, 1, 0 [(0 [0xC004F014, 0, 0], [(?)(?)(?)(?)(?)(?)(?)(?)])(1 )(2 )(3 )]
7: 2936d1d2-913a-4542-b54e-ce5a602a2a38, 1, 0 [(0 [0xC004F014, 0, 0], [(?)(?)(?)(?)(?)(?)(?)(?)])(1 )(2 )(3 )]
8: 2c293c26-a45a-4a2a-a350-c69a67097529, 1, 0 [(0 [0xC004F014, 0, 0], [(?)(?)(?)(?)(?)(?)(?)(?)])(1 )(2 )(3 )]
9: 2de67392-b7a7-462a-b1ca-108dd189f588, 1, 0 [(0 [0xC004F014, 0, 0], [(?)(?)(?)(?)(?)(?)(?)(?)])(1 )(2 )(3 )]
10: 2ffd8952-423e-4903-b993-72a1aa44cf82, 1, 0 [(0 [0xC004F014, 0, 0], [(?)(?)(?)(?)(?)(?)(?)(?)])(1 )(2 )(3 )]
11: 30a42c86-b7a0-4a34-8c90-ff177cb2acb7, 1, 0 [(0 [0xC004F014, 0, 0], [(?)(?)(?)(?)(?)(?)(?)(?)])(1 )(2 )(3 )]
12: 345a5db0-d94f-4e3b-a0c0-7c42f7bc3ebf, 1, 0 [(0 [0xC004F014, 0, 0], [(?)(?)(?)(?)(?)(?)(?)(?)])(1 )(2 )(3 )]
13: 3502365a-f88a-4ba4-822a-5769d3073b65, 1, 0 [(0 [0xC004F014, 0, 0], [(?)(?)(?)(?)(?)(?)(?)(?)])(1 )(2 )(3 )]
14: 377333b1-8b5d-48d6-9679-1225c872d37c, 1, 0 [(0 [0xC004F014, 0, 0], [(?)(?)(?)(?)(?)(?)(?)(?)])(1 )(2 )(3 )]
15: 3df374ef-d444-4494-a5a1-4b0d9fd0e203, 1, 0 [(0 [0xC004F014, 0, 0], [(?)(?)(?)(?)(?)(?)(?)(?)])(1 )(2 )(3 )]
16: 3f1afc82-f8ac-4f6c-8005-1d233e606eee, 1, 0 [(0 [0xC004F014, 0, 0], [(?)(?)(?)(?)(?)(?)(?)(?)])(1 )(2 )(3 )]
17: 49cd895b-53b2-4dc4-a5f7-b18aa019ad37, 1, 0 [(0 [0xC004F014, 0, 0], [(?)(?)(?)(?)(?)(?)(?)(?)])(1 )(2 )(3 )]
18: 4de7cb65-cdf1-4de9-8ae8-e3cce27b9f2c, 1, 0 [(0 [0xC004F014, 0, 0], [(?)(?)(?)(?)(?)(?)(?)(?)])(1 )(2 )(3 )]
19: 4f3da0d2-271d-4508-ae81-626b60809a38, 1, 0 [(0 [0xC004F014, 0, 0], [(?)(?)(?)(?)(?)(?)(?)(?)])(1 )(2 )(3 )]
20: 5d78c4e9-aeb3-4b40-8ac2-6a6005e0ad6d, 1, 0 [(0 [0xC004F014, 0, 0], [(?)(?)(?)(?)(?)(?)(?)(?)])(1 )(2 )(3 )]
21: 60b3ec1b-9545-4921-821f-311b129dd6f6, 1, 0 [(0 [0xC004F014, 0, 0], [(?)(?)(?)(?)(?)(?)(?)(?)])(1 )(2 )(3 )]
22: 613d217f-7f13-4268-9907-1662339531cd, 1, 0 [(0 [0xC004F014, 0, 0], [(?)(?)(?)(?)(?)(?)(?)(?)])(1 )(2 )(3 )]
23: 62f0c100-9c53-4e02-b886-a3528ddfe7f6, 1, 0 [(0 [0xC004F014, 0, 0], [(?)(?)(?)(?)(?)(?)(?)(?)])(1 )(2 )(3 )]
24: 6365275e-368d-46ca-a0ef-fc0404119333, 1, 0 [(0 [0xC004F014, 0, 0], [(?)(?)(?)(?)(?)(?)(?)(?)])(1 )(2 )(3 )]
25: 721f9237-9341-4453-a661-09e8baa6cca5, 1, 0 [(0 [0xC004F014, 0, 0], [(?)(?)(?)(?)(?)(?)(?)(?)])(1 )(2 )(3 )]
26: 73111121-5638-40f6-bc11-f1d7b0d64300, 1, 0 [(0 [0xC004F014, 0, 0], [(?)(?)(?)(?)(?)(?)(?)(?)])(1 )(2 )(3 )]
27: 7a802526-4c94-4bd1-ba14-835a1aca2120, 1, 0 [(0 [0xC004F014, 0, 0], [(?)(?)(?)(?)(?)(?)(?)(?)])(1 )(2 )(3 )]
28: 7cb546c0-c7d5-44d8-9a5c-69ecdd782b69, 1, 0 [(0 [0xC004F014, 0, 0], [(?)(?)(?)(?)(?)(?)(?)(?)])(1 )(2 )(3 )]
29: 82bbc092-bc50-4e16-8e18-b74fc486aec3, 1, 0 [(0 [0xC004F014, 0, 0], [(?)(?)(?)(?)(?)(?)(?)(?)])(1 )(2 )(3 )]
30: 8ab9bdd1-1f67-4997-82d9-8878520837d9, 1, 0 [(0 [0xC004F014, 0, 0], [(?)(?)(?)(?)(?)(?)(?)(?)])(1 )(2 )(3 )]
31: 8b351c9c-f398-4515-9900-09df49427262, 1, 0 [(0 [0xC004F014, 0, 0], [(?)(?)(?)(?)(?)(?)(?)(?)])(1 )(2 )(3 )]
32: 90da7373-1c51-430b-bf26-c97e9c5cdc31, 1, 0 [(0 [0xC004F014, 0, 0], [(?)(?)(?)(?)(?)(?)(?)(?)])(1 )(2 )(3 )]
33: 92fb8726-92a8-4ffc-94ce-f82e07444653, 1, 0 [(0 [0xC004F014, 0, 0], [(?)(?)(?)(?)(?)(?)(?)(?)])(1 )(2 )(3 )]
34: 95dca82f-385d-4d39-b85b-5c73fa285d6f, 1, 0 [(0 [0xC004F014, 0, 0], [(?)(?)(?)(?)(?)(?)(?)(?)])(1 )(2 )(3 )]
35: a48938aa-62fa-4966-9d44-9f04da3f72f2, 1, 0 [(0 [0xC004F014, 0, 0], [(?)(?)(?)(?)(?)(?)(?)(?)])(1 )(2 )(3 )]
36: b0773a15-df3a-4312-9ad2-83d69648e356, 1, 0 [(0 [0xC004F014, 0, 0], [(?)(?)(?)(?)(?)(?)(?)(?)])(1 )(2 )(3 )]
37: b4bfe195-541e-4e64-ad23-6177f19e395e, 1, 0 [(0 [0xC004F014, 0, 0], [(?)(?)(?)(?)(?)(?)(?)(?)])(1 )(2 )(3 )]
38: b68e61d2-68ca-4757-be45-0cc2f3e68eee, 1, 0 [(0 [0xC004F014, 0, 0], [(?)(?)(?)(?)(?)(?)(?)(?)])(1 )(2 )(3 )]
39: bd3762d7-270d-4760-8fb3-d829ca45278a, 1, 1 [(0 )(1 )(2 [0x00000000, 1, 0], [(?)( 1 0x00000000)(?)(?)(?)(?)( 10 0x00000000 msft:rm/algorithm/flags/1.0)(?)])(3 )]
40: c86d5194-4840-4dae-9c1c-0301003a5ab0, 1, 0 [(0 [0xC004F014, 0, 0], [(?)(?)(?)(?)(?)(?)(?)(?)])(1 )(2 )(3 )]
41: ca7df2e3-5ea0-47b8-9ac1-b1be4d8edd69, 1, 0 [(0 [0xC004F014, 0, 0], [(?)(?)(?)(?)(?)(?)(?)(?)])(1 )(2 )(3 )]
42: d552befb-48cc-4327-8f39-47d2d94f987c, 1, 0 [(0 [0xC004F014, 0, 0], [(?)(?)(?)(?)(?)(?)(?)(?)])(1 )(2 )(3 )]
43: d6eadb3b-5ca8-4a6b-986e-35b550756111, 1, 0 [(0 [0xC004F014, 0, 0], [(?)(?)(?)(?)(?)(?)(?)(?)])(1 )(2 )(3 )]
44: df96023b-dcd9-4be2-afa0-c6c871159ebe, 1, 0 [(0 [0xC004F014, 0, 0], [(?)(?)(?)(?)(?)(?)(?)(?)])(1 )(2 )(3 )]
45: e0c42288-980c-4788-a014-c080d2e1926e, 1, 0 [(0 [0xC004F014, 0, 0], [(?)(?)(?)(?)(?)(?)(?)(?)])(1 )(2 )(3 )]
46: e4db50ea-bda1-4566-b047-0ca50abc6f07, 1, 0 [(0 [0xC004F014, 0, 0], [(?)(?)(?)(?)(?)(?)(?)(?)])(1 )(2 )(3 )]
47: e558417a-5123-4f6f-91e7-385c1c7ca9d4, 1, 0 [(0 [0xC004F014, 0, 0], [(?)(?)(?)(?)(?)(?)(?)(?)])(1 )(2 )(3 )]
48: e7a950a2-e548-4f10-bf16-02ec848e0643, 1, 0 [(0 [0xC004F014, 0, 0], [(?)(?)(?)(?)(?)(?)(?)(?)])(1 )(2 )(3 )]
49: eb6d346f-1c60-4643-b960-40ec31596c45, 1, 0 [(0 [0xC004F014, 0, 0], [(?)(?)(?)(?)(?)(?)(?)(?)])(1 )(2 )(3 )]
50: ec868e65-fadf-4759-b23e-93fe37f2cc29, 1, 0 [(0 [0xC004F014, 0, 0], [(?)(?)(?)(?)(?)(?)(?)(?)])(1 )(2 )(3 )]
51: ef51e000-2659-4f25-8345-3de70a9cf4c4, 1, 0 [(0 [0xC004F014, 0, 0], [(?)(?)(?)(?)(?)(?)(?)(?)])(1 )(2 )(3 )]
52: f7af7d09-40e4-419c-a49b-eae366689ebd, 1, 0 [(0 [0xC004F014, 0, 0], [(?)(?)(?)(?)(?)(?)(?)(?)])(1 )(2 )(3 )]
53: fa755fe6-6739-40b9-8d84-6d0ea3b6d1ab, 1, 0 [(0 [0xC004F014, 0, 0], [(?)(?)(?)(?)(?)(?)(?)(?)])(1 )(2 )(3 )]
54: fe74f55b-0338-41d6-b267-4a201abe7285, 1, 0 [(0 [0xC004F014, 0, 0], [(?)(?)(?)(?)(?)(?)(?)(?)])(1 )(2 )(3 )]

"
Information,12/29/2022 4:15:36 PM,Microsoft-Windows-Security-SPP,1066,None,"Initialization status for service objects.
C:\WINDOWS\system32\sppwinob.dll, msft:spp/windowsfunctionality/agent/7.0, 0x00000000, 0x00000000
C:\WINDOWS\system32\sppobjs.dll, msft:rm/algorithm/inherited/1.0, 0x00000000, 0x00000000
C:\WINDOWS\system32\sppobjs.dll, msft:rm/algorithm/phone/1.0, 0x00000000, 0x00000000
C:\WINDOWS\system32\sppobjs.dll, msft:rm/algorithm/pkey/detect, 0x00000000, 0x00000000
C:\WINDOWS\system32\sppobjs.dll, msft:spp/ActionScheduler/1.0, 0x00000000, 0x00000000
C:\WINDOWS\system32\sppobjs.dll, msft:spp/TaskScheduler/1.0, 0x00000000, 0x00000000
C:\WINDOWS\system32\sppobjs.dll, msft:spp/statecollector/pkey, 0x00000000, 0x00000000
C:\WINDOWS\system32\sppobjs.dll, msft:spp/volume/services/kms/1.0, 0x00000000, 0x00000000
C:\WINDOWS\system32\sppobjs.dll, msft:spp/volume/services/kms/activationinfo/1.0, 0x00000000, 0x00000000
"
Information,12/29/2022 4:15:36 PM,Microsoft-Windows-Security-SPP,16394,None,Offline downlevel migration succeeded.
Information,12/29/2022 4:15:35 PM,Microsoft-Windows-Security-SPP,900,None,"The Software Protection service is starting.
Parameters:<explicit>"
Information,12/29/2022 4:15:34 PM,edgeupdate,0,None,Service stopped.
Information,12/29/2022 4:15:34 PM,DellTechHub,0,None,Service started successfully.
Information,12/29/2022 4:15:33 PM,DellClientManagementService,0,None,Service started successfully.
Information,12/29/2022 4:15:23 PM,Dell SupportAssist Remediation,0,None,Service started successfully.
Information,12/29/2022 4:13:28 PM,Microsoft-Windows-Search,1003,Search service,The Windows Search Service started.

Warning,12/29/2022 4:13:20 PM,Microsoft-Windows-WMI,63,None,"A provider, IntelMEProv, has been registered in the Windows Management Instrumentation namespace root\Intel_ME to use the LocalSystem account. This account is privileged and the provider may cause a security violation if it does not correctly impersonate user requests."
Warning,12/29/2022 4:13:20 PM,Microsoft-Windows-WMI,63,None,"A provider, IntelMEProv, has been registered in the Windows Management Instrumentation namespace root\Intel_ME to use the LocalSystem account. This account is privileged and the provider may cause a security violation if it does not correctly impersonate user requests."
Warning,12/29/2022 4:13:20 PM,Microsoft-Windows-WMI,63,None,"A provider, IntelMEProv, has been registered in the Windows Management Instrumentation namespace root\Intel_ME to use the LocalSystem account. This account is privileged and the provider may cause a security violation if it does not correctly impersonate user requests."
Information,12/29/2022 4:13:21 PM,igfxCUIService2.0.0.0,0,None,The operation completed successfully. 
Information,12/29/2022 4:13:20 PM,Microsoft-Windows-Winlogon,6000,None,The winlogon notification subscriber <SessionEnv> was unavailable to handle a notification event.
Information,12/29/2022 4:13:20 PM,igfxCUIService2.0.0.0,0,None,The operation completed successfully. 
Information,12/29/2022 4:13:20 PM,igfxCUIService2.0.0.0,0,None,The operation completed successfully. 
Information,12/29/2022 4:13:20 PM,Microsoft-Windows-Winlogon,6003,None,The winlogon notification subscriber <SessionEnv> was unavailable to handle a critical notification event.
Information,12/29/2022 4:13:20 PM,WMIRegistrationService,2,None,Intel(R) WMI Registration Service has successfully finished WMI Registration.
Information,12/29/2022 4:13:19 PM,igccservice,0,None,Service started successfully.
Information,12/29/2022 4:13:18 PM,Microsoft-Windows-WMI,5617,None,Windows Management Instrumentation Service subsystems initialized successfully
Information,12/29/2022 4:13:18 PM,Desktop Window Manager,9027,None,The Desktop Window Manager has registered the session port.
Information,12/29/2022 4:13:17 PM,Microsoft-Windows-WMI,5615,None,Windows Management Instrumentation Service started sucessfully
Information,12/29/2022 4:13:17 PM,WMIRegistrationService,0,None,Intel(R) WMI Registration Service started.
Information,12/29/2022 4:13:17 PM,RtkAudioUniversalService,0,None,The operation completed successfully. 
Information,12/29/2022 4:13:17 PM,IntelDalJhi,0,None,Intel(R) Dynamic Application Loader Host Interface Service started.
Information,12/29/2022 4:13:16 PM,Microsoft-Windows-User Profiles Service,1531,None,"The User Profile Service has started successfully.  

"
Information,12/29/2022 4:12:51 PM,Microsoft-Windows-User Profiles Service,1532,None,"The User Profile Service has stopped.  

"
Information,12/29/2022 4:12:51 PM,RtkAudioUniversalService,0,None,The operation completed successfully. 
Information,12/29/2022 4:12:45 PM,Microsoft-Windows-Winlogon,6000,None,The winlogon notification subscriber <SessionEnv> was unavailable to handle a notification event.
Information,12/29/2022 4:12:45 PM,Microsoft-Windows-Winlogon,6000,None,The winlogon notification subscriber <WSearch> was unavailable to handle a notification event.
Information,12/29/2022 4:12:45 PM,igfxCUIService2.0.0.0,0,None,The operation completed successfully. 
Information,12/29/2022 4:12:45 PM,igfxCUIService2.0.0.0,0,None,The operation completed successfully. 
Information,12/29/2022 4:12:43 PM,Microsoft-Windows-Winsrv,10001,None,The following application attempted to veto the shutdown: DPM.exe.
Information,12/29/2022 4:12:35 PM,igfxCUIService2.0.0.0,0,None,The operation completed successfully. 
Information,12/29/2022 4:12:35 PM,Microsoft-Windows-Winlogon,6000,None,The winlogon notification subscriber <SessionEnv> was unavailable to handle a notification event.
Information,12/29/2022 4:12:34 PM,igfxCUIService2.0.0.0,0,None,The operation completed successfully. 
Information,12/29/2022 4:12:34 PM,igfxCUIService2.0.0.0,0,None,The operation completed successfully. 
Information,12/29/2022 4:12:34 PM,Microsoft-Windows-Winlogon,6003,None,The winlogon notification subscriber <SessionEnv> was unavailable to handle a critical notification event.
Information,12/29/2022 4:12:27 PM,Desktop Window Manager,9027,None,The Desktop Window Manager has registered the session port.
Information,12/29/2022 4:12:25 PM,Microsoft-Windows-Winlogon,6000,None,The winlogon notification subscriber <SessionEnv> was unavailable to handle a notification event.
Information,12/29/2022 4:12:25 PM,Microsoft-Windows-Winlogon,6000,None,The winlogon notification subscriber <WSearch> was unavailable to handle a notification event.
Information,12/29/2022 4:12:25 PM,igfxCUIService2.0.0.0,0,None,The operation completed successfully. 
Information,12/29/2022 4:12:25 PM,igfxCUIService2.0.0.0,0,None,The operation completed successfully. 
Information,12/29/2022 4:01:08 PM,Microsoft-Windows-Security-SPP,16384,None,Successfully scheduled Software Protection service for re-start at 2122-12-05T19:01:08Z. Reason: RulesEngine.
Information,12/29/2022 4:00:38 PM,Microsoft-Windows-Security-SPP,16394,None,Offline downlevel migration succeeded.
Information,12/29/2022 3:36:44 PM,Microsoft-Windows-Security-SPP,16384,None,Successfully scheduled Software Protection service for re-start at 2122-12-05T18:36:44Z. Reason: RulesEngine.
Information,12/29/2022 3:36:14 PM,Microsoft-Windows-Security-SPP,16394,None,Offline downlevel migration succeeded.
Information,12/29/2022 2:56:21 PM,edgeupdate,0,None,Service stopped.
Information,12/29/2022 2:41:06 PM,Microsoft-Windows-Security-SPP,16384,None,Successfully scheduled Software Protection service for re-start at 2122-12-05T17:41:06Z. Reason: RulesEngine.
Information,12/29/2022 2:40:36 PM,Microsoft-Windows-Security-SPP,16394,None,Offline downlevel migration succeeded.
Information,12/29/2022 2:32:38 PM,VSS,8224,None,The VSS service is shutting down due to idle timeout. 
Information,12/29/2022 2:26:51 PM,VSS,8224,None,The VSS service is shutting down due to idle timeout. 
Information,12/29/2022 2:24:12 PM,Microsoft-Windows-System-Restore,8302,None,Scoping successfully completed for shadowcopy \\?\GLOBALROOT\Device\HarddiskVolumeShadowCopy12.
Information,12/29/2022 2:24:12 PM,Microsoft-Windows-System-Restore,8301,None,Scoping completed for shadowcopy \\?\GLOBALROOT\Device\HarddiskVolumeShadowCopy12.
Information,12/29/2022 2:23:51 PM,Microsoft-Windows-System-Restore,8300,None,Scoping started for shadowcopy \\?\GLOBALROOT\Device\HarddiskVolumeShadowCopy12.
Information,12/29/2022 2:23:50 PM,System Restore,8194,None,"Successfully created restore point (Process = ""C:\WINDOWS\system32\systempropertiesprotection.exe"" ; Description = git)."
Information,12/29/2022 1:55:40 PM,Microsoft-Windows-Security-SPP,16384,None,Successfully scheduled Software Protection service for re-start at 2122-12-05T16:55:40Z. Reason: RulesEngine.
Information,12/29/2022 1:55:10 PM,Microsoft-Windows-Security-SPP,16394,None,Offline downlevel migration succeeded.
Information,12/29/2022 1:11:20 PM,Microsoft-Windows-Security-SPP,16384,None,Successfully scheduled Software Protection service for re-start at 2122-12-05T16:11:20Z. Reason: RulesEngine.
Information,12/29/2022 1:10:50 PM,Microsoft-Windows-Security-SPP,16394,None,Offline downlevel migration succeeded.
Information,12/29/2022 12:42:47 PM,VSS,8224,None,The VSS service is shutting down due to idle timeout. 
Information,12/29/2022 12:39:47 PM,SDSSnapshotProcess,278,(6),"The description for Event ID 278 from source SDSSnapshotProcess cannot be found. Either the component that raises this event is not installed on your local computer or the installation is corrupted. You can install or repair the component on the local computer.

If the event originated on another computer, the display information had to be saved with the event.

The following information was included with the event: 


The system cannot find the file specified
"
Information,12/29/2022 12:39:32 PM,SDSSnapshotProcess,276,(4),"The description for Event ID 276 from source SDSSnapshotProcess cannot be found. Either the component that raises this event is not installed on your local computer or the installation is corrupted. You can install or repair the component on the local computer.

If the event originated on another computer, the display information had to be saved with the event.

The following information was included with the event: 


The system cannot find the file specified
"
Information,12/29/2022 12:39:29 PM,SDSSnapshotProcess,272,(3),"The description for Event ID 272 from source SDSSnapshotProcess cannot be found. Either the component that raises this event is not installed on your local computer or the installation is corrupted. You can install or repair the component on the local computer.

If the event originated on another computer, the display information had to be saved with the event.

The following information was included with the event: 


The system cannot find the file specified
"
Information,12/29/2022 12:38:30 PM,SDSSnapshotProcess,264,(2),"The description for Event ID 264 from source SDSSnapshotProcess cannot be found. Either the component that raises this event is not installed on your local computer or the installation is corrupted. You can install or repair the component on the local computer.

If the event originated on another computer, the display information had to be saved with the event.

The following information was included with the event: 


The system cannot find the file specified
"
Information,12/29/2022 12:38:25 PM,SDSSnapshotProcess,274,(4),"The description for Event ID 274 from source SDSSnapshotProcess cannot be found. Either the component that raises this event is not installed on your local computer or the installation is corrupted. You can install or repair the component on the local computer.

If the event originated on another computer, the display information had to be saved with the event.

The following information was included with the event: 


The system cannot find the file specified
"
Information,12/29/2022 12:38:22 PM,SDSSnapshotProcess,256,(1),"The description for Event ID 256 from source SDSSnapshotProcess cannot be found. Either the component that raises this event is not installed on your local computer or the installation is corrupted. You can install or repair the component on the local computer.

If the event originated on another computer, the display information had to be saved with the event.

The following information was included with the event: 


The system cannot find the file specified
"
Information,12/29/2022 12:27:25 PM,Microsoft-Windows-Security-SPP,16384,None,Successfully scheduled Software Protection service for re-start at 2122-12-05T15:27:25Z. Reason: RulesEngine.
Information,12/29/2022 12:26:46 PM,Microsoft-Windows-Security-SPP,16394,None,Offline downlevel migration succeeded.
Information,12/29/2022 11:40:45 AM,Microsoft-Windows-Security-SPP,16384,None,Successfully scheduled Software Protection service for re-start at 2122-12-05T14:40:45Z. Reason: RulesEngine.
Information,12/29/2022 11:40:15 AM,Microsoft-Windows-Security-SPP,16394,None,Offline downlevel migration succeeded.
Information,12/29/2022 11:35:44 AM,igccservice,0,None,PowerEvent handled successfully by the service.
Information,12/29/2022 11:35:44 AM,DellTechHub,0,None,PowerEvent handled successfully by the service.
Information,12/29/2022 11:35:44 AM,Dell SupportAssist Remediation,0,None,PowerEvent handled successfully by the service.
Information,12/29/2022 11:13:39 AM,Microsoft-Windows-Security-SPP,16384,None,Successfully scheduled Software Protection service for re-start at 2122-12-05T14:13:39Z. Reason: RulesEngine.
Information,12/29/2022 11:13:09 AM,Microsoft-Windows-Security-SPP,16394,None,Offline downlevel migration succeeded.
Information,12/29/2022 11:06:50 AM,igccservice,0,None,PowerEvent handled successfully by the service.
Information,12/29/2022 11:06:50 AM,DellTechHub,0,None,PowerEvent handled successfully by the service.
Information,12/29/2022 11:06:50 AM,Dell SupportAssist Remediation,0,None,PowerEvent handled successfully by the service.
Information,12/29/2022 10:22:54 AM,Microsoft-Windows-Security-SPP,16384,None,Successfully scheduled Software Protection service for re-start at 2122-12-05T13:22:54Z. Reason: RulesEngine.
Information,12/29/2022 10:22:23 AM,Microsoft-Windows-Security-SPP,16394,None,Offline downlevel migration succeeded.
Information,12/29/2022 10:13:50 AM,Microsoft-Windows-Security-SPP,16384,None,Successfully scheduled Software Protection service for re-start at 2122-12-05T13:13:50Z. Reason: RulesEngine.
Information,12/29/2022 10:13:19 AM,Microsoft-Windows-Security-SPP,16394,None,Offline downlevel migration succeeded.
Information,12/29/2022 9:50:28 AM,VSS,8224,None,The VSS service is shutting down due to idle timeout. 
Information,12/29/2022 9:47:51 AM,MsiInstaller,1042,None,Ending a Windows Installer transaction: C:\Program Files (x86)\Common Files\DivX Shared\vcredist_2008_x86.exe. Client Process Id: 22772.
Information,12/29/2022 9:47:51 AM,MsiInstaller,1040,None,Beginning a Windows Installer transaction: C:\Program Files (x86)\Common Files\DivX Shared\vcredist_2008_x86.exe. Client Process Id: 22772.
Information,12/29/2022 9:47:44 AM,Microsoft-Windows-RestartManager,10001,None,Ending session 0 started ‎2022‎-‎12‎-‎29T12:47:43.296646100Z.
Information,12/29/2022 9:47:44 AM,MsiInstaller,1042,None,Ending a Windows Installer transaction: c:\dd02c8478b7c68d456ff9315be5b\vc_red.msi. Client Process Id: 12484.
Information,12/29/2022 9:47:44 AM,MsiInstaller,1033,None,Windows Installer installed the product. Product Name: Microsoft Visual C++ 2010  x64 Redistributable - 10.0.40219. Product Version: 10.0.40219. Product Language: 0. Manufacturer: Microsoft Corporation. Installation success or error status: 0.
Information,12/29/2022 9:47:44 AM,MsiInstaller,11707,None,Product: Microsoft Visual C++ 2010  x64 Redistributable - 10.0.40219 -- Installation completed successfully.
Information,12/29/2022 9:47:44 AM,MsiInstaller,1036,None,Windows Installer installed an update. Product Name: Microsoft Visual C++ 2010  x64 Redistributable - 10.0.40219. Product Version: 10.0.40219. Product Language: 0. Manufacturer: Microsoft Corporation. Update Name: KB2565063. Installation success or error status: 0.
Information,12/29/2022 9:47:44 AM,MsiInstaller,1022,None,Product: Microsoft Visual C++ 2010  x64 Redistributable - 10.0.40219 - Update 'KB2565063' installed successfully.
Information,12/29/2022 9:47:43 AM,Microsoft-Windows-RestartManager,10000,None,Starting session 0 - ‎2022‎-‎12‎-‎29T12:47:43.296646100Z.
Information,12/29/2022 9:47:43 AM,MsiInstaller,1040,None,Beginning a Windows Installer transaction: c:\dd02c8478b7c68d456ff9315be5b\vc_red.msi. Client Process Id: 12484.
Information,12/29/2022 9:47:36 AM,Microsoft-Windows-RestartManager,10001,None,Ending session 0 started ‎2022‎-‎12‎-‎29T12:47:34.644903800Z.
Information,12/29/2022 9:47:36 AM,MsiInstaller,1042,None,Ending a Windows Installer transaction: c:\f34c5dd21f2a9906bf7085e6\vc_red.msi. Client Process Id: 31640.
Information,12/29/2022 9:47:36 AM,MsiInstaller,1033,None,Windows Installer installed the product. Product Name: Microsoft Visual C++ 2010  x86 Redistributable - 10.0.40219. Product Version: 10.0.40219. Product Language: 0. Manufacturer: Microsoft Corporation. Installation success or error status: 0.
Information,12/29/2022 9:47:36 AM,MsiInstaller,11707,None,Product: Microsoft Visual C++ 2010  x86 Redistributable - 10.0.40219 -- Installation completed successfully.
Information,12/29/2022 9:47:36 AM,MsiInstaller,1036,None,Windows Installer installed an update. Product Name: Microsoft Visual C++ 2010  x86 Redistributable - 10.0.40219. Product Version: 10.0.40219. Product Language: 0. Manufacturer: Microsoft Corporation. Update Name: KB2565063. Installation success or error status: 0.
Information,12/29/2022 9:47:36 AM,MsiInstaller,1022,None,Product: Microsoft Visual C++ 2010  x86 Redistributable - 10.0.40219 - Update 'KB2565063' installed successfully.
Information,12/29/2022 9:47:34 AM,Microsoft-Windows-RestartManager,10000,None,Starting session 0 - ‎2022‎-‎12‎-‎29T12:47:34.644903800Z.
Information,12/29/2022 9:47:34 AM,MsiInstaller,1040,None,Beginning a Windows Installer transaction: c:\f34c5dd21f2a9906bf7085e6\vc_red.msi. Client Process Id: 31640.
Information,12/29/2022 9:47:29 AM,Microsoft-Windows-RestartManager,10001,None,Ending session 0 started ‎2022‎-‎12‎-‎29T12:47:29.070710000Z.
Information,12/29/2022 9:47:29 AM,MsiInstaller,1042,None,Ending a Windows Installer transaction: C:\ProgramData\Package Cache\{77EB1EA9-8E1B-459D-8CDC-1984D0FF15B6}v14.29.30135\packages\vcRuntimeAdditional_x86\vc_runtimeAdditional_x86.msi. Client Process Id: 9492.
Information,12/29/2022 9:47:29 AM,MsiInstaller,1033,None,Windows Installer installed the product. Product Name: Microsoft Visual C++ 2019 X86 Additional Runtime - 14.29.30135. Product Version: 14.29.30135. Product Language: 1033. Manufacturer: Microsoft Corporation. Installation success or error status: 0.
Information,12/29/2022 9:47:29 AM,MsiInstaller,11707,None,Product: Microsoft Visual C++ 2019 X86 Additional Runtime - 14.29.30135 -- Installation completed successfully.
Information,12/29/2022 9:47:29 AM,Microsoft-Windows-RestartManager,10000,None,Starting session 0 - ‎2022‎-‎12‎-‎29T12:47:29.070710000Z.
Information,12/29/2022 9:47:28 AM,Microsoft-Windows-RestartManager,10001,None,Ending session 0 started ‎2022‎-‎12‎-‎29T12:47:28.534817400Z.
Information,12/29/2022 9:47:28 AM,Microsoft-Windows-RestartManager,10000,None,Starting session 0 - ‎2022‎-‎12‎-‎29T12:47:28.534817400Z.
Information,12/29/2022 9:47:29 AM,MsiInstaller,1040,None,Beginning a Windows Installer transaction: C:\ProgramData\Package Cache\{77EB1EA9-8E1B-459D-8CDC-1984D0FF15B6}v14.29.30135\packages\vcRuntimeAdditional_x86\vc_runtimeAdditional_x86.msi. Client Process Id: 9492.
Information,12/29/2022 9:47:28 AM,MsiInstaller,1042,None,Ending a Windows Installer transaction: C:\ProgramData\Package Cache\{36A1E79B-581A-4FE5-843D-84C2D3C9431E}v14.29.30135\packages\vcRuntimeMinimum_x86\vc_runtimeMinimum_x86.msi. Client Process Id: 9492.
Information,12/29/2022 9:47:28 AM,MsiInstaller,1033,None,Windows Installer installed the product. Product Name: Microsoft Visual C++ 2019 X86 Minimum Runtime - 14.29.30135. Product Version: 14.29.30135. Product Language: 1033. Manufacturer: Microsoft Corporation. Installation success or error status: 0.
Information,12/29/2022 9:47:28 AM,MsiInstaller,11707,None,Product: Microsoft Visual C++ 2019 X86 Minimum Runtime - 14.29.30135 -- Installation completed successfully.
Information,12/29/2022 9:47:28 AM,MsiInstaller,1040,None,Beginning a Windows Installer transaction: C:\ProgramData\Package Cache\{36A1E79B-581A-4FE5-843D-84C2D3C9431E}v14.29.30135\packages\vcRuntimeMinimum_x86\vc_runtimeMinimum_x86.msi. Client Process Id: 9492.
Information,12/29/2022 9:47:28 AM,System Restore,8216,None,Skipping creation of restore point (Process = C:\WINDOWS\Temp\{17C1DD7A-BEBC-4BD0-A145-FBC079FDFDD4}\.be\VC_redist.x86.exe -q -burn.elevated BurnPipe.{180DCB8C-15E7-424D-B96C-4ED922A1CD63} {430418B7-6319-48B7-8FDA-0633FF033801} 17708; Description = Microsoft Visual C++ 2015-2019 Redistributable (x86) - 14.29.30135) as there is a restore point avaliable which is recent enough for System Restore.
Information,12/29/2022 9:47:21 AM,System Restore,8216,None,"Skipping creation of restore point (Process = C:\ProgramData\Package Cache\{5d0723d3-cff7-4e07-8d0b-ada737deb5e6}\vcredist_x64.exe Cache\{5d0723d3-cff7-4e07-8d0b-ada737deb5e6}\vcredist_x64.exe"" -uninstall -quiet -burn.related.upgrade -burn.ancestors={042d26ef-3dbe-4c25-95d3-4c1b11b235a7} -burn.embedded BurnPipe.{07D5D721-0AAD-4AFB-B679-1C5D24ACBB25} {648D628E-D3A1-4BCE-A9F3-233189C639F9} 2408; Description = Microsoft Visual C++ 2013 Redistributable (x64) - 12.0.40649) as there is a restore point avaliable which is recent enough for System Restore."
Information,12/29/2022 9:47:20 AM,Microsoft-Windows-RestartManager,10001,None,Ending session 0 started ‎2022‎-‎12‎-‎29T12:47:20.364796700Z.
Information,12/29/2022 9:47:20 AM,Microsoft-Windows-RestartManager,10001,None,Ending session 0 started ‎2022‎-‎12‎-‎29T12:47:19.180086700Z.
Information,12/29/2022 9:47:20 AM,Microsoft-Windows-RestartManager,10000,None,Starting session 0 - ‎2022‎-‎12‎-‎29T12:47:20.364796700Z.
Information,12/29/2022 9:47:20 AM,MsiInstaller,1042,None,Ending a Windows Installer transaction: C:\ProgramData\Package Cache\{010792BA-551A-3AC0-A7EF-0FAB4156C382}v12.0.40664\packages\vcRuntimeAdditional_amd64\vc_runtimeAdditional_x64.msi. Client Process Id: 2408.
Information,12/29/2022 9:47:20 AM,MsiInstaller,1033,None,Windows Installer installed the product. Product Name: Microsoft Visual C++ 2013 x64 Additional Runtime - 12.0.40664. Product Version: 12.0.40664. Product Language: 1033. Manufacturer: Microsoft Corporation. Installation success or error status: 0.
Information,12/29/2022 9:47:20 AM,MsiInstaller,11707,None,Product: Microsoft Visual C++ 2013 x64 Additional Runtime - 12.0.40664 -- Installation completed successfully.
Information,12/29/2022 9:47:19 AM,Microsoft-Windows-RestartManager,10000,None,Starting session 0 - ‎2022‎-‎12‎-‎29T12:47:19.180086700Z.
Information,12/29/2022 9:47:19 AM,Microsoft-Windows-RestartManager,10001,None,Ending session 0 started ‎2022‎-‎12‎-‎29T12:47:18.660339800Z.
Information,12/29/2022 9:47:19 AM,Microsoft-Windows-RestartManager,10001,None,Ending session 0 started ‎2022‎-‎12‎-‎29T12:47:17.988056300Z.
Information,12/29/2022 9:47:19 AM,MsiInstaller,1040,None,Beginning a Windows Installer transaction: C:\ProgramData\Package Cache\{010792BA-551A-3AC0-A7EF-0FAB4156C382}v12.0.40664\packages\vcRuntimeAdditional_amd64\vc_runtimeAdditional_x64.msi. Client Process Id: 2408.
Information,12/29/2022 9:47:19 AM,MsiInstaller,1042,None,Ending a Windows Installer transaction: C:\ProgramData\Package Cache\{53CF6934-A98D-3D84-9146-FC4EDF3D5641}v12.0.40664\packages\vcRuntimeMinimum_amd64\vc_runtimeMinimum_x64.msi. Client Process Id: 2408.
Information,12/29/2022 9:47:19 AM,MsiInstaller,1033,None,Windows Installer installed the product. Product Name: Microsoft Visual C++ 2013 x64 Minimum Runtime - 12.0.40664. Product Version: 12.0.40664. Product Language: 1033. Manufacturer: Microsoft Corporation. Installation success or error status: 0.
Information,12/29/2022 9:47:19 AM,MsiInstaller,11707,None,Product: Microsoft Visual C++ 2013 x64 Minimum Runtime - 12.0.40664 -- Installation completed successfully.
Information,12/29/2022 9:47:18 AM,Microsoft-Windows-RestartManager,10000,None,Starting session 0 - ‎2022‎-‎12‎-‎29T12:47:18.660339800Z.
Information,12/29/2022 9:47:17 AM,Microsoft-Windows-RestartManager,10000,None,Starting session 0 - ‎2022‎-‎12‎-‎29T12:47:17.988056300Z.
Information,12/29/2022 9:47:17 AM,MsiInstaller,1040,None,Beginning a Windows Installer transaction: C:\ProgramData\Package Cache\{53CF6934-A98D-3D84-9146-FC4EDF3D5641}v12.0.40664\packages\vcRuntimeMinimum_amd64\vc_runtimeMinimum_x64.msi. Client Process Id: 2408.
Information,12/29/2022 9:47:16 AM,System Restore,8216,None,"Skipping creation of restore point (Process = C:\Program Files (x86)\Common Files\DivX Shared\vcredist_2013_x64.exe Files (x86)\Common Files\DivX Shared\vcredist_2013_x64.exe"" /q /norestart; Description = Microsoft Visual C++ 2013 Redistributable (x64) - 12.0.40664) as there is a restore point avaliable which is recent enough for System Restore."
Information,12/29/2022 9:47:13 AM,Microsoft-Windows-RestartManager,10001,None,Ending session 0 started ‎2022‎-‎12‎-‎29T12:47:12.674137700Z.
Information,12/29/2022 9:47:13 AM,MsiInstaller,1042,None,Ending a Windows Installer transaction: C:\ProgramData\Package Cache\{D401961D-3A20-3AC7-943B-6139D5BD490A}v12.0.40664\packages\vcRuntimeAdditional_x86\vc_runtimeAdditional_x86.msi. Client Process Id: 22276.
Information,12/29/2022 9:47:13 AM,MsiInstaller,1033,None,Windows Installer installed the product. Product Name: Microsoft Visual C++ 2013 x86 Additional Runtime - 12.0.40664. Product Version: 12.0.40664. Product Language: 1033. Manufacturer: Microsoft Corporation. Installation success or error status: 0.
Information,12/29/2022 9:47:13 AM,MsiInstaller,11707,None,Product: Microsoft Visual C++ 2013 x86 Additional Runtime - 12.0.40664 -- Installation completed successfully.
Information,12/29/2022 9:47:12 AM,Microsoft-Windows-RestartManager,10000,None,Starting session 0 - ‎2022‎-‎12‎-‎29T12:47:12.674137700Z.
Information,12/29/2022 9:47:12 AM,Microsoft-Windows-RestartManager,10001,None,Ending session 0 started ‎2022‎-‎12‎-‎29T12:47:11.833070000Z.
Information,12/29/2022 9:47:11 AM,Microsoft-Windows-RestartManager,10000,None,Starting session 0 - ‎2022‎-‎12‎-‎29T12:47:11.833070000Z.
Information,12/29/2022 9:47:12 AM,MsiInstaller,1040,None,Beginning a Windows Installer transaction: C:\ProgramData\Package Cache\{D401961D-3A20-3AC7-943B-6139D5BD490A}v12.0.40664\packages\vcRuntimeAdditional_x86\vc_runtimeAdditional_x86.msi. Client Process Id: 22276.
Information,12/29/2022 9:47:12 AM,MsiInstaller,1042,None,Ending a Windows Installer transaction: C:\ProgramData\Package Cache\{8122DAB1-ED4D-3676-BB0A-CA368196543E}v12.0.40664\packages\vcRuntimeMinimum_x86\vc_runtimeMinimum_x86.msi. Client Process Id: 22276.
Information,12/29/2022 9:47:12 AM,MsiInstaller,1033,None,Windows Installer installed the product. Product Name: Microsoft Visual C++ 2013 x86 Minimum Runtime - 12.0.40664. Product Version: 12.0.40664. Product Language: 1033. Manufacturer: Microsoft Corporation. Installation success or error status: 0.
Information,12/29/2022 9:47:12 AM,MsiInstaller,11707,None,Product: Microsoft Visual C++ 2013 x86 Minimum Runtime - 12.0.40664 -- Installation completed successfully.
Information,12/29/2022 9:47:11 AM,MsiInstaller,1040,None,Beginning a Windows Installer transaction: C:\ProgramData\Package Cache\{8122DAB1-ED4D-3676-BB0A-CA368196543E}v12.0.40664\packages\vcRuntimeMinimum_x86\vc_runtimeMinimum_x86.msi. Client Process Id: 22276.
Information,12/29/2022 9:47:11 AM,System Restore,8216,None,"Skipping creation of restore point (Process = C:\Program Files (x86)\Common Files\DivX Shared\vcredist_2013_x86.exe Files (x86)\Common Files\DivX Shared\vcredist_2013_x86.exe"" /q /norestart; Description = Microsoft Visual C++ 2013 Redistributable (x86) - 12.0.40664) as there is a restore point avaliable which is recent enough for System Restore."
Information,12/29/2022 9:42:17 AM,Microsoft-Windows-Security-SPP,16384,None,Successfully scheduled Software Protection service for re-start at 2122-12-05T12:42:17Z. Reason: RulesEngine.
Information,12/29/2022 9:41:47 AM,Microsoft-Windows-Security-SPP,16394,None,Offline downlevel migration succeeded.
Information,12/29/2022 9:11:18 AM,Microsoft-Windows-Security-SPP,16384,None,Successfully scheduled Software Protection service for re-start at 2122-12-05T12:11:18Z. Reason: RulesEngine.
Information,12/29/2022 9:10:48 AM,Microsoft-Windows-Security-SPP,16394,None,Offline downlevel migration succeeded.
Information,12/29/2022 9:08:55 AM,Microsoft-Windows-Security-SPP,16384,None,Successfully scheduled Software Protection service for re-start at 2122-12-05T12:08:55Z. Reason: RulesEngine.
Information,12/29/2022 9:08:25 AM,Microsoft-Windows-Security-SPP,16394,None,Offline downlevel migration succeeded.
Information,12/29/2022 8:36:50 AM,Microsoft-Windows-Security-SPP,16384,None,Successfully scheduled Software Protection service for re-start at 2122-12-05T11:36:50Z. Reason: RulesEngine.
Information,12/29/2022 8:36:20 AM,Microsoft-Windows-Security-SPP,16394,None,Offline downlevel migration succeeded.
Information,12/29/2022 8:36:14 AM,igccservice,0,None,PowerEvent handled successfully by the service.
Information,12/29/2022 8:36:14 AM,Dell SupportAssist Remediation,0,None,PowerEvent handled successfully by the service.
Information,12/29/2022 8:36:14 AM,DellTechHub,0,None,PowerEvent handled successfully by the service.
Information,12/29/2022 8:36:13 AM,igccservice,0,None,PowerEvent handled successfully by the service.
Information,12/29/2022 8:36:13 AM,DellTechHub,0,None,PowerEvent handled successfully by the service.
Information,12/29/2022 8:36:13 AM,Dell SupportAssist Remediation,0,None,PowerEvent handled successfully by the service.
Information,12/29/2022 5:25:41 AM,igccservice,0,None,PowerEvent handled successfully by the service.
Information,12/29/2022 5:25:41 AM,DellTechHub,0,None,PowerEvent handled successfully by the service.
Information,12/29/2022 5:25:41 AM,Dell SupportAssist Remediation,0,None,PowerEvent handled successfully by the service.
Information,12/29/2022 5:08:49 AM,Microsoft-Windows-Security-SPP,16384,None,Successfully scheduled Software Protection service for re-start at 2122-12-05T08:08:49Z. Reason: RulesEngine.
Information,12/29/2022 5:08:18 AM,Microsoft-Windows-Security-SPP,16394,None,Offline downlevel migration succeeded.
Information,12/29/2022 4:56:38 AM,edgeupdate,0,None,Service stopped.
Information,12/29/2022 4:49:09 AM,Microsoft-Windows-Security-SPP,16384,None,Successfully scheduled Software Protection service for re-start at 2122-12-05T07:49:09Z. Reason: RulesEngine.
Information,12/29/2022 4:48:39 AM,Microsoft-Windows-Security-SPP,16394,None,Offline downlevel migration succeeded.
Information,12/29/2022 4:08:40 AM,Microsoft-Windows-Security-SPP,16384,None,Successfully scheduled Software Protection service for re-start at 2122-12-05T07:08:40Z. Reason: RulesEngine.
Information,12/29/2022 4:08:10 AM,Microsoft-Windows-Security-SPP,16394,None,Offline downlevel migration succeeded.
Information,12/29/2022 3:52:22 AM,Microsoft-Windows-Security-SPP,16384,None,Successfully scheduled Software Protection service for re-start at 2122-12-05T06:52:22Z. Reason: RulesEngine.
Information,12/29/2022 3:51:52 AM,Microsoft-Windows-Security-SPP,16394,None,Offline downlevel migration succeeded.
Information,12/29/2022 3:28:05 AM,Microsoft-Windows-Security-SPP,16384,None,Successfully scheduled Software Protection service for re-start at 2122-12-05T06:28:05Z. Reason: RulesEngine.
Information,12/29/2022 3:27:34 AM,Microsoft-Windows-Security-SPP,16394,None,Offline downlevel migration succeeded.
Information,12/29/2022 2:34:26 AM,Microsoft-Windows-Security-SPP,16384,None,Successfully scheduled Software Protection service for re-start at 2122-12-05T05:34:26Z. Reason: RulesEngine.
Information,12/29/2022 2:33:56 AM,Microsoft-Windows-Security-SPP,16394,None,Offline downlevel migration succeeded.
Information,12/29/2022 2:33:45 AM,Microsoft-Windows-Security-SPP,16384,None,Successfully scheduled Software Protection service for re-start at 2122-12-05T05:33:45Z. Reason: RulesEngine.
Information,12/29/2022 2:32:59 AM,Microsoft-Windows-Security-SPP,16394,None,Offline downlevel migration succeeded.
Information,12/29/2022 2:32:34 AM,VSS,8224,None,The VSS service is shutting down due to idle timeout. 
Information,12/29/2022 2:25:26 AM,Microsoft-Windows-Security-SPP,16384,None,Successfully scheduled Software Protection service for re-start at 2122-12-05T05:25:26Z. Reason: RulesEngine.
Information,12/29/2022 2:24:56 AM,Microsoft-Windows-Security-SPP,16394,None,Offline downlevel migration succeeded.
Information,12/29/2022 1:34:28 AM,Microsoft-Windows-Security-SPP,16384,None,Successfully scheduled Software Protection service for re-start at 2122-12-05T04:34:28Z. Reason: RulesEngine.
Information,12/29/2022 1:33:57 AM,Microsoft-Windows-Security-SPP,16394,None,Offline downlevel migration succeeded.
Information,12/29/2022 1:25:05 AM,Microsoft-Windows-Security-SPP,16384,None,Successfully scheduled Software Protection service for re-start at 2122-12-05T04:25:05Z. Reason: RulesEngine.
Information,12/29/2022 1:24:35 AM,Microsoft-Windows-Security-SPP,16394,None,Offline downlevel migration succeeded.
Information,12/29/2022 12:47:54 AM,Microsoft-Windows-Security-SPP,16384,None,Successfully scheduled Software Protection service for re-start at 2122-12-05T03:47:54Z. Reason: RulesEngine.
Information,12/29/2022 12:47:24 AM,Microsoft-Windows-Security-SPP,16394,None,Offline downlevel migration succeeded.
Information,12/29/2022 12:19:34 AM,Microsoft-Windows-Security-SPP,16384,None,Successfully scheduled Software Protection service for re-start at 2122-12-05T03:19:34Z. Reason: RulesEngine.
Information,12/29/2022 12:19:03 AM,Microsoft-Windows-Security-SPP,16394,None,Offline downlevel migration succeeded.
Information,12/29/2022 12:11:00 AM,Microsoft-Windows-Security-SPP,16384,None,Successfully scheduled Software Protection service for re-start at 2122-12-05T03:11:00Z. Reason: RulesEngine.
Information,12/29/2022 12:10:30 AM,Microsoft-Windows-Security-SPP,16394,None,Offline downlevel migration succeeded.
Information,12/29/2022 12:01:14 AM,Microsoft-Windows-Security-SPP,16384,None,Successfully scheduled Software Protection service for re-start at 2122-12-05T03:01:14Z. Reason: RulesEngine.
Information,12/29/2022 12:00:44 AM,Microsoft-Windows-Security-SPP,16394,None,Offline downlevel migration succeeded.
Information,12/28/2022 11:46:54 PM,Microsoft-Windows-Security-SPP,16384,None,Successfully scheduled Software Protection service for re-start at 2122-12-05T02:46:54Z. Reason: RulesEngine.
Information,12/28/2022 11:45:48 PM,Microsoft-Windows-Security-SPP,16394,None,Offline downlevel migration succeeded.
Information,12/28/2022 11:45:42 PM,igfxCUIService2.0.0.0,0,None,The operation completed successfully. 
Information,12/28/2022 11:45:42 PM,Microsoft-Windows-Winlogon,6000,None,The winlogon notification subscriber <SessionEnv> was unavailable to handle a notification event.
Information,12/28/2022 11:45:42 PM,igfxCUIService2.0.0.0,0,None,The operation completed successfully. 
Information,12/28/2022 11:45:42 PM,igfxCUIService2.0.0.0,0,None,The operation completed successfully. 
Information,12/28/2022 11:45:41 PM,Microsoft-Windows-Winlogon,6003,None,The winlogon notification subscriber <SessionEnv> was unavailable to handle a critical notification event.
Information,12/28/2022 11:45:40 PM,igccservice,0,None,PowerEvent handled successfully by the service.
Information,12/28/2022 11:45:40 PM,DellTechHub,0,None,PowerEvent handled successfully by the service.
Information,12/28/2022 11:45:40 PM,Dell SupportAssist Remediation,0,None,PowerEvent handled successfully by the service.
Information,12/28/2022 11:45:39 PM,igccservice,0,None,PowerEvent handled successfully by the service.
Information,12/28/2022 11:45:39 PM,Dell SupportAssist Remediation,0,None,PowerEvent handled successfully by the service.
Information,12/28/2022 11:45:39 PM,DellTechHub,0,None,PowerEvent handled successfully by the service.
Information,12/28/2022 8:40:36 PM,igccservice,0,None,PowerEvent handled successfully by the service.
Information,12/28/2022 8:40:36 PM,Dell SupportAssist Remediation,0,None,PowerEvent handled successfully by the service.
Information,12/28/2022 8:40:36 PM,DellTechHub,0,None,PowerEvent handled successfully by the service.
Information,12/28/2022 8:40:34 PM,Microsoft-Windows-Winlogon,6000,None,The winlogon notification subscriber <SessionEnv> was unavailable to handle a notification event.
Information,12/28/2022 8:40:34 PM,Microsoft-Windows-Winlogon,6000,None,The winlogon notification subscriber <WSearch> was unavailable to handle a notification event.
Information,12/28/2022 8:40:34 PM,igfxCUIService2.0.0.0,0,None,The operation completed successfully. 
Information,12/28/2022 8:40:34 PM,igfxCUIService2.0.0.0,0,None,The operation completed successfully. 
