Information,12/28/2022 8:53:24 AM,Microsoft-Windows-Kernel-Boot,32,(58),The bootmgr spent 0 ms waiting for user input.
Information,12/28/2022 8:53:24 AM,Microsoft-Windows-Kernel-Boot,18,(57),There are 0x1 boot options on this system.
Information,12/28/2022 8:53:24 AM,Microsoft-Windows-Kernel-Boot,30,(21),The firmware reported boot metrics.
Information,12/28/2022 8:53:24 AM,Netwtw08,7025,None,7025 - Dump after return from D3 before cmd 
Information,12/28/2022 8:53:23 AM,Microsoft-Windows-Kernel-General,1,(5),"The system time has changed to ‎2022‎-‎12‎-‎28T11:53:23.500000000Z from ‎2022‎-‎12‎-‎28T08:04:54.182170600Z.
Time Delta: 13709317 ms

Change Reason: System time synchronized with the hardware clock.
Process: '' (PID 4).

RTC time: ‎2022‎-‎12‎-‎28T08:53:23.500000000Z
Current time zone bias: 180
RTC time is in UTC: false
System time was based on RTC time: false"
Information,12/28/2022 5:04:54 AM,Microsoft-Windows-Kernel-Power,107,(102),The system has resumed from sleep.
Warning,12/28/2022 5:04:52 AM,Netwtw08,6062,None,6062 - Lso was triggered
Information,12/28/2022 5:04:48 AM,Microsoft-Windows-Kernel-Power,42,(64),"The system is entering sleep.

Sleep Reason: Hibernate from Sleep - Fixed Timeout"
Warning,12/28/2022 5:04:47 AM,rt640x64,1,None,Realtek PCIe GbE Family Controller is disconnected from network.
Information,12/28/2022 5:04:46 AM,Microsoft-Windows-Power-Troubleshooter,1,None,"The system has returned from a low power state.

Sleep Time: ‎2022‎-‎12‎-‎28T08:04:45.470294900Z
Wake Time: ‎2022‎-‎12‎-‎28T08:04:45.466210800Z

Wake Source: S4 Doze to Hibernate"
Information,12/28/2022 5:04:45 AM,Microsoft-Windows-Time-Service,158,None,The time provider 'VMICTimeProvider' has indicated that the current hardware and operating environment is not supported and has stopped. This behavior is expected for VMICTimeProvider on non-HyperV-guest environments. This may be the expected behavior for the current provider in the current operating environment as well.
Information,12/28/2022 5:04:45 AM,BTHUSB,18,None,Windows cannot store Bluetooth authentication codes (link keys) on the local adapter. Bluetooth keyboards might not work in the system BIOS during startup.
Information,12/28/2022 5:04:45 AM,Netwtw08,7021,None,7021 - Connection telemetry fields and analysis usage
Information,12/28/2022 5:04:44 AM,Netwtw08,7026,None,7026 - Dump after return from D3 after cmd
Information,12/28/2022 5:04:44 AM,Netwtw08,7025,None,7025 - Dump after return from D3 before cmd 
Information,12/28/2022 5:04:44 AM,Microsoft-Windows-Kernel-Power,131,(33),"Firmware S3 times. ResumeCount: 1, FullResume: 1271, AverageResume: 1271"
Information,12/28/2022 5:04:44 AM,Microsoft-Windows-Kernel-General,1,(5),"The system time has changed to ‎2022‎-‎12‎-‎28T08:04:44.500000000Z from ‎2022‎-‎12‎-‎28T04:04:44.356475900Z.
Time Delta: 14400143 ms

Change Reason: System time synchronized with the hardware clock.
Process: '' (PID 4).

RTC time: ‎2022‎-‎12‎-‎28T05:04:44.500000000Z
Current time zone bias: 180
RTC time is in UTC: false
System time was based on RTC time: false"
Information,12/28/2022 1:04:44 AM,Microsoft-Windows-Kernel-Power,107,(102),The system has resumed from sleep.
Information,12/28/2022 1:04:43 AM,Microsoft-Windows-Kernel-Power,42,(64),"The system is entering sleep.

Sleep Reason: System Idle"
Information,12/28/2022 1:04:42 AM,Microsoft-Windows-Kernel-Power,566,(268),"The system session has transitioned from 42 to 44.

Reason SxTransition 

BootId: 6"
Information,12/28/2022 12:51:10 AM,Microsoft-Windows-Time-Service,158,None,The time provider 'VMICTimeProvider' has indicated that the current hardware and operating environment is not supported and has stopped. This behavior is expected for VMICTimeProvider on non-HyperV-guest environments. This may be the expected behavior for the current provider in the current operating environment as well.
Information,12/28/2022 12:34:06 AM,Microsoft-Windows-Time-Service,158,None,The time provider 'VMICTimeProvider' has indicated that the current hardware and operating environment is not supported and has stopped. This behavior is expected for VMICTimeProvider on non-HyperV-guest environments. This may be the expected behavior for the current provider in the current operating environment as well.
Information,12/28/2022 12:17:02 AM,Microsoft-Windows-Time-Service,158,None,The time provider 'VMICTimeProvider' has indicated that the current hardware and operating environment is not supported and has stopped. This behavior is expected for VMICTimeProvider on non-HyperV-guest environments. This may be the expected behavior for the current provider in the current operating environment as well.
Information,12/28/2022 12:06:15 AM,Microsoft-Windows-WindowsUpdateClient,19,Windows Update Agent,Installation Successful: Windows successfully installed the following update: 9NBLGGH5R558-Microsoft.Todos
Information,12/28/2022 12:06:15 AM,Microsoft-Windows-Kernel-General,16,None,The access history in hive \??\C:\Users\ozeas\AppData\Local\Packages\Microsoft.Todos_8wekyb3d8bbwe\Settings\settings.dat was cleared updating 3 keys and creating 1 modified pages.
Information,12/28/2022 12:06:15 AM,Microsoft-Windows-WindowsUpdateClient,43,Windows Update Agent,Installation Started: Windows has started installing the following update: 9NBLGGH5R558-Microsoft.Todos
Information,12/28/2022 12:06:14 AM,Microsoft-Windows-WindowsUpdateClient,19,Windows Update Agent,Installation Successful: Windows successfully installed the following update: 9PKDZBMV1H3T-Microsoft.GetHelp
Information,12/28/2022 12:06:14 AM,Microsoft-Windows-Kernel-General,16,None,The access history in hive \??\C:\Users\ozeas\AppData\Local\Packages\Microsoft.GetHelp_8wekyb3d8bbwe\Settings\settings.dat was cleared updating 3 keys and creating 1 modified pages.
Information,12/28/2022 12:06:13 AM,Microsoft-Windows-WindowsUpdateClient,43,Windows Update Agent,Installation Started: Windows has started installing the following update: 9PKDZBMV1H3T-Microsoft.GetHelp
Information,12/28/2022 12:05:50 AM,Microsoft-Windows-WindowsUpdateClient,44,Windows Update Agent,Windows Update started downloading an update.
Error,12/28/2022 12:05:47 AM,Microsoft-Windows-WindowsUpdateClient,20,Windows Update Agent,Installation Failure: Windows failed to install the following update with error 0x80073D02: 9NMPJ99VJBWV-Microsoft.YourPhone.
Information,12/28/2022 12:05:47 AM,Microsoft-Windows-WindowsUpdateClient,43,Windows Update Agent,Installation Started: Windows has started installing the following update: 9NMPJ99VJBWV-Microsoft.YourPhone
Information,12/28/2022 12:05:46 AM,Microsoft-Windows-WindowsUpdateClient,19,Windows Update Agent,Installation Successful: Windows successfully installed the following update: 9PCFS5B6T72H-Microsoft.Paint
Information,12/28/2022 12:05:46 AM,Microsoft-Windows-Kernel-General,16,None,The access history in hive \??\C:\Users\ozeas\AppData\Local\Packages\Microsoft.Paint_8wekyb3d8bbwe\Settings\settings.dat was cleared updating 3 keys and creating 1 modified pages.
Information,12/28/2022 12:05:46 AM,Microsoft-Windows-WindowsUpdateClient,43,Windows Update Agent,Installation Started: Windows has started installing the following update: 9PCFS5B6T72H-Microsoft.Paint
Information,12/28/2022 12:02:14 AM,Microsoft-Windows-WindowsUpdateClient,44,Windows Update Agent,Windows Update started downloading an update.
Information,12/28/2022 12:02:06 AM,Microsoft-Windows-WindowsUpdateClient,19,Windows Update Agent,Installation Successful: Windows successfully installed the following update: 9NZKPSTSNW4P-Microsoft.XboxGamingOverlay
Information,12/28/2022 12:02:06 AM,Microsoft-Windows-Kernel-General,16,None,The access history in hive \??\C:\Users\ozeas\AppData\Local\Packages\Microsoft.XboxGamingOverlay_8wekyb3d8bbwe\Settings\settings.dat was cleared updating 3 keys and creating 1 modified pages.
Information,12/28/2022 12:02:05 AM,Microsoft-Windows-WindowsUpdateClient,43,Windows Update Agent,Installation Started: Windows has started installing the following update: 9NZKPSTSNW4P-Microsoft.XboxGamingOverlay
Information,12/28/2022 12:01:21 AM,Microsoft-Windows-WindowsUpdateClient,44,Windows Update Agent,Windows Update started downloading an update.
Information,12/28/2022 12:01:14 AM,Microsoft-Windows-WindowsUpdateClient,19,Windows Update Agent,Installation Successful: Windows successfully installed the following update: 9WZDNCRDTBVB-MICROSOFT.WINDOWSMAPS
Information,12/28/2022 12:01:14 AM,Microsoft-Windows-Kernel-General,16,None,The access history in hive \??\C:\Users\ozeas\AppData\Local\Packages\Microsoft.WindowsMaps_8wekyb3d8bbwe\Settings\settings.dat was cleared updating 3 keys and creating 1 modified pages.
Information,12/28/2022 12:01:13 AM,Microsoft-Windows-WindowsUpdateClient,43,Windows Update Agent,Installation Started: Windows has started installing the following update: 9WZDNCRDTBVB-MICROSOFT.WINDOWSMAPS
Information,12/28/2022 12:01:12 AM,Microsoft-Windows-WindowsUpdateClient,44,Windows Update Agent,Windows Update started downloading an update.
Information,12/28/2022 12:01:06 AM,Microsoft-Windows-WindowsUpdateClient,19,Windows Update Agent,Installation Successful: Windows successfully installed the following update: 9MZ95KL8MR0L-Microsoft.ScreenSketch
Information,12/28/2022 12:01:06 AM,Microsoft-Windows-Kernel-General,16,None,The access history in hive \??\C:\Users\ozeas\AppData\Local\Packages\Microsoft.ScreenSketch_8wekyb3d8bbwe\Settings\settings.dat was cleared updating 3 keys and creating 1 modified pages.
Information,12/28/2022 12:01:06 AM,Microsoft-Windows-WindowsUpdateClient,43,Windows Update Agent,Installation Started: Windows has started installing the following update: 9MZ95KL8MR0L-Microsoft.ScreenSketch
Information,12/28/2022 12:01:06 AM,Microsoft-Windows-WindowsUpdateClient,44,Windows Update Agent,Windows Update started downloading an update.
Information,12/28/2022 12:01:02 AM,Microsoft-Windows-WindowsUpdateClient,19,Windows Update Agent,Installation Successful: Windows successfully installed the following update: 9WZDNCRFJBBG-MICROSOFT.WINDOWSCAMERA
Information,12/28/2022 12:01:02 AM,Microsoft-Windows-Kernel-General,16,None,The access history in hive \??\C:\Users\ozeas\AppData\Local\Packages\Microsoft.WindowsCamera_8wekyb3d8bbwe\Settings\settings.dat was cleared updating 3 keys and creating 1 modified pages.
Information,12/28/2022 12:01:01 AM,Microsoft-Windows-WindowsUpdateClient,43,Windows Update Agent,Installation Started: Windows has started installing the following update: 9WZDNCRFJBBG-MICROSOFT.WINDOWSCAMERA
Error,12/27/2022 11:59:54 PM,Microsoft-Windows-LanguagePackSetup,1042,Removing language pack,You cannot uninstall language pt-BR because the language is the system installed UI language.
Information,12/27/2022 11:59:43 PM,Microsoft-Windows-Time-Service,37,None,"The time provider NtpClient is currently receiving valid time data from time.windows.com,0x9 (ntp.m|0x9|0.0.0.0:123->40.119.6.228:123)."
Information,12/27/2022 11:59:42 PM,Microsoft-Windows-Time-Service,158,None,The time provider 'VMICTimeProvider' has indicated that the current hardware and operating environment is not supported and has stopped. This behavior is expected for VMICTimeProvider on non-HyperV-guest environments. This may be the expected behavior for the current provider in the current operating environment as well.
Information,12/27/2022 11:58:22 PM,Microsoft-Windows-WindowsUpdateClient,44,Windows Update Agent,Windows Update started downloading an update.
Information,12/27/2022 11:58:15 PM,Microsoft-Windows-WindowsUpdateClient,19,Windows Update Agent,Installation Successful: Windows successfully installed the following update: 9NG1H8B3ZC7M-Microsoft.MixedReality.Portal
Information,12/27/2022 11:58:14 PM,Microsoft-Windows-Kernel-General,16,None,The access history in hive \??\C:\Users\ozeas\AppData\Local\Packages\Microsoft.MixedReality.Portal_8wekyb3d8bbwe\Settings\settings.dat was cleared updating 3 keys and creating 1 modified pages.
Information,12/27/2022 11:58:14 PM,Microsoft-Windows-WindowsUpdateClient,43,Windows Update Agent,Installation Started: Windows has started installing the following update: 9NG1H8B3ZC7M-Microsoft.MixedReality.Portal
Information,12/27/2022 11:57:29 PM,Microsoft-Windows-WindowsUpdateClient,44,Windows Update Agent,Windows Update started downloading an update.
Information,12/27/2022 11:57:19 PM,Microsoft-Windows-WindowsUpdateClient,19,Windows Update Agent,Installation Successful: Windows successfully installed the following update: 9P1J8S7CCWWT-Clipchamp.Clipchamp
Information,12/27/2022 11:57:19 PM,Microsoft-Windows-Kernel-General,16,None,The access history in hive \??\C:\Users\ozeas\AppData\Local\Packages\Clipchamp.Clipchamp_yxz26nhyzhsrt\Settings\settings.dat was cleared updating 3 keys and creating 1 modified pages.
Information,12/27/2022 11:57:19 PM,Microsoft-Windows-WindowsUpdateClient,43,Windows Update Agent,Installation Started: Windows has started installing the following update: 9P1J8S7CCWWT-Clipchamp.Clipchamp
Information,12/27/2022 11:56:51 PM,Microsoft-Windows-WindowsUpdateClient,44,Windows Update Agent,Windows Update started downloading an update.
Information,12/27/2022 11:56:43 PM,Microsoft-Windows-WindowsUpdateClient,19,Windows Update Agent,Installation Successful: Windows successfully installed the following update: 9WZDNCRFJ3PR-MICROSOFT.WINDOWSALARMS
Information,12/27/2022 11:56:42 PM,Microsoft-Windows-WindowsUpdateClient,43,Windows Update Agent,Installation Started: Windows has started installing the following update: 9WZDNCRFJ3PR-MICROSOFT.WINDOWSALARMS
Information,12/27/2022 11:55:56 PM,Microsoft-Windows-WindowsUpdateClient,44,Windows Update Agent,Windows Update started downloading an update.
Information,12/27/2022 11:55:47 PM,Microsoft-Windows-WindowsUpdateClient,19,Windows Update Agent,Installation Successful: Windows successfully installed the following update: 9WZDNCRFJ3PT-MICROSOFT.ZUNEMUSIC
Information,12/27/2022 11:55:46 PM,Microsoft-Windows-Kernel-General,16,None,The access history in hive \??\C:\Users\ozeas\AppData\Local\Packages\Microsoft.ZuneMusic_8wekyb3d8bbwe\Settings\settings.dat was cleared updating 3 keys and creating 1 modified pages.
Information,12/27/2022 11:55:46 PM,Microsoft-Windows-WindowsUpdateClient,43,Windows Update Agent,Installation Started: Windows has started installing the following update: 9WZDNCRFJ3PT-MICROSOFT.ZUNEMUSIC
Information,12/27/2022 11:53:41 PM,Microsoft-Windows-WindowsUpdateClient,44,Windows Update Agent,Windows Update started downloading an update.
Information,12/27/2022 11:53:33 PM,Microsoft-Windows-WindowsUpdateClient,19,Windows Update Agent,Installation Successful: Windows successfully installed the following update: 9WZDNCRFHVN5-MICROSOFT.WINDOWSCALCULATOR
Information,12/27/2022 11:53:33 PM,Microsoft-Windows-Kernel-General,16,None,The access history in hive \??\C:\Users\ozeas\AppData\Local\Packages\Microsoft.WindowsCalculator_8wekyb3d8bbwe\Settings\settings.dat was cleared updating 3 keys and creating 1 modified pages.
Information,12/27/2022 11:53:32 PM,Microsoft-Windows-WindowsUpdateClient,43,Windows Update Agent,Installation Started: Windows has started installing the following update: 9WZDNCRFHVN5-MICROSOFT.WINDOWSCALCULATOR
Information,12/27/2022 11:53:26 PM,Microsoft-Windows-WindowsUpdateClient,44,Windows Update Agent,Windows Update started downloading an update.
Error,12/27/2022 11:53:19 PM,Microsoft-Windows-WindowsUpdateClient,20,Windows Update Agent,Installation Failure: Windows failed to install the following update with error 0x80073D02: 9PLFNLNT3G5G-AppUp.IntelGraphicsExperience.
Information,12/27/2022 11:53:19 PM,Microsoft-Windows-WindowsUpdateClient,43,Windows Update Agent,Installation Started: Windows has started installing the following update: 9PLFNLNT3G5G-AppUp.IntelGraphicsExperience
Information,12/27/2022 11:52:52 PM,Microsoft-Windows-WindowsUpdateClient,44,Windows Update Agent,Windows Update started downloading an update.
Information,12/27/2022 11:52:45 PM,Microsoft-Windows-WindowsUpdateClient,19,Windows Update Agent,Installation Successful: Windows successfully installed the following update: 9MSMLRH6LZF3-Microsoft.WindowsNotepad
Information,12/27/2022 11:52:45 PM,Microsoft-Windows-Kernel-General,16,None,The access history in hive \??\C:\Users\ozeas\AppData\Local\Packages\Microsoft.WindowsNotepad_8wekyb3d8bbwe\Settings\settings.dat was cleared updating 3 keys and creating 1 modified pages.
Information,12/27/2022 11:52:45 PM,Microsoft-Windows-WindowsUpdateClient,43,Windows Update Agent,Installation Started: Windows has started installing the following update: 9MSMLRH6LZF3-Microsoft.WindowsNotepad
Information,12/27/2022 11:51:06 PM,Microsoft-Windows-WindowsUpdateClient,44,Windows Update Agent,Windows Update started downloading an update.
Information,12/27/2022 11:50:57 PM,Microsoft-Windows-WindowsUpdateClient,19,Windows Update Agent,Installation Successful: Windows successfully installed the following update: 9WZDNCRFHWD2-Microsoft.MicrosoftSolitaireCollection
Information,12/27/2022 11:50:57 PM,Microsoft-Windows-Kernel-General,16,None,The access history in hive \??\C:\Users\ozeas\AppData\Local\Packages\Microsoft.MicrosoftSolitaireCollection_8wekyb3d8bbwe\Settings\settings.dat was cleared updating 3 keys and creating 1 modified pages.
Information,12/27/2022 11:50:57 PM,Microsoft-Windows-WindowsUpdateClient,43,Windows Update Agent,Installation Started: Windows has started installing the following update: 9WZDNCRFHWD2-Microsoft.MicrosoftSolitaireCollection
Information,12/27/2022 11:50:18 PM,Microsoft-Windows-WindowsUpdateClient,44,Windows Update Agent,Windows Update started downloading an update.
Information,12/27/2022 11:49:51 PM,Microsoft-Windows-WindowsUpdateClient,19,Windows Update Agent,Installation Successful: Windows successfully installed the following update: 9WZDNCRDTBJJ-MICROSOFT.GETSTARTED
Information,12/27/2022 11:49:51 PM,Microsoft-Windows-Kernel-General,16,None,The access history in hive \??\C:\Users\ozeas\AppData\Local\Packages\Microsoft.Getstarted_8wekyb3d8bbwe\Settings\settings.dat was cleared updating 3 keys and creating 1 modified pages.
Information,12/27/2022 11:49:51 PM,Microsoft-Windows-WindowsUpdateClient,43,Windows Update Agent,Installation Started: Windows has started installing the following update: 9WZDNCRDTBJJ-MICROSOFT.GETSTARTED
Information,12/27/2022 11:47:29 PM,Microsoft-Windows-WindowsUpdateClient,44,Windows Update Agent,Windows Update started downloading an update.
Information,12/27/2022 11:47:21 PM,Microsoft-Windows-WindowsUpdateClient,19,Windows Update Agent,Installation Successful: Windows successfully installed the following update: 9WZDNCRFHWKN-MICROSOFT.WINDOWSSOUNDRECORDER
Information,12/27/2022 11:47:21 PM,Microsoft-Windows-Kernel-General,16,None,The access history in hive \??\C:\Users\ozeas\AppData\Local\Packages\Microsoft.WindowsSoundRecorder_8wekyb3d8bbwe\Settings\settings.dat was cleared updating 3 keys and creating 1 modified pages.
Information,12/27/2022 11:47:21 PM,Microsoft-Windows-WindowsUpdateClient,43,Windows Update Agent,Installation Started: Windows has started installing the following update: 9WZDNCRFHWKN-MICROSOFT.WINDOWSSOUNDRECORDER
Information,12/27/2022 11:46:12 PM,Microsoft-Windows-WindowsUpdateClient,44,Windows Update Agent,Windows Update started downloading an update.
Information,12/27/2022 11:46:03 PM,Microsoft-Windows-WindowsUpdateClient,19,Windows Update Agent,Installation Successful: Windows successfully installed the following update: 9WZDNCRFHVFW-Microsoft.BingNews
Information,12/27/2022 11:46:03 PM,Microsoft-Windows-Kernel-General,16,None,The access history in hive \??\C:\Users\ozeas\AppData\Local\Packages\Microsoft.BingNews_8wekyb3d8bbwe\Settings\settings.dat was cleared updating 3 keys and creating 1 modified pages.
Information,12/27/2022 11:46:02 PM,Microsoft-Windows-WindowsUpdateClient,43,Windows Update Agent,Installation Started: Windows has started installing the following update: 9WZDNCRFHVFW-Microsoft.BingNews
Information,12/27/2022 11:43:28 PM,Microsoft-Windows-WindowsUpdateClient,44,Windows Update Agent,Windows Update started downloading an update.
Information,12/27/2022 11:43:20 PM,Microsoft-Windows-WindowsUpdateClient,19,Windows Update Agent,Installation Successful: Windows successfully installed the following update: 9WZDNCRFJ3Q2-Microsoft.BingWeather
Information,12/27/2022 11:43:19 PM,Microsoft-Windows-WindowsUpdateClient,43,Windows Update Agent,Installation Started: Windows has started installing the following update: 9WZDNCRFJ3Q2-Microsoft.BingWeather
Information,12/27/2022 11:42:55 PM,Microsoft-Windows-WindowsUpdateClient,44,Windows Update Agent,Windows Update started downloading an update.
Information,12/27/2022 11:42:44 PM,Microsoft-Windows-WindowsUpdateClient,19,Windows Update Agent,Installation Successful: Windows successfully installed the following update: 9WZDNCRD1HKW-Microsoft.XboxIdentityProvider
Information,12/27/2022 11:42:43 PM,Microsoft-Windows-Kernel-General,16,None,The access history in hive \??\C:\Users\ozeas\AppData\Local\Packages\Microsoft.XboxIdentityProvider_8wekyb3d8bbwe\Settings\settings.dat was cleared updating 3 keys and creating 1 modified pages.
Information,12/27/2022 11:42:43 PM,Microsoft-Windows-WindowsUpdateClient,43,Windows Update Agent,Installation Started: Windows has started installing the following update: 9WZDNCRD1HKW-Microsoft.XboxIdentityProvider
Information,12/27/2022 11:39:46 PM,Microsoft-Windows-WindowsUpdateClient,44,Windows Update Agent,Windows Update started downloading an update.
Information,12/27/2022 11:39:35 PM,Microsoft-Windows-WindowsUpdateClient,19,Windows Update Agent,Installation Successful: Windows successfully installed the following update: 9WZDNCRFJ3P2-MICROSOFT.ZUNEVIDEO
Information,12/27/2022 11:39:34 PM,Microsoft-Windows-Kernel-General,16,None,The access history in hive \??\C:\Users\ozeas\AppData\Local\Packages\Microsoft.ZuneVideo_8wekyb3d8bbwe\Settings\settings.dat was cleared updating 3 keys and creating 1 modified pages.
Information,12/27/2022 11:39:34 PM,Microsoft-Windows-WindowsUpdateClient,43,Windows Update Agent,Installation Started: Windows has started installing the following update: 9WZDNCRFJ3P2-MICROSOFT.ZUNEVIDEO
Information,12/27/2022 11:36:51 PM,Microsoft-Windows-WindowsUpdateClient,44,Windows Update Agent,Windows Update started downloading an update.
Information,12/27/2022 11:36:43 PM,Microsoft-Windows-WindowsUpdateClient,19,Windows Update Agent,Installation Successful: Windows successfully installed the following update: 9MZNG5HZWZ1T-AppUp.IntelOptaneMemoryandStorageManagement
Information,12/27/2022 11:36:43 PM,Microsoft-Windows-Kernel-General,16,None,The access history in hive \??\C:\Users\ozeas\AppData\Local\Packages\AppUp.IntelOptaneMemoryandStorageManagement_8j3eq9eme6ctt\Settings\settings.dat was cleared updating 3 keys and creating 1 modified pages.
Information,12/27/2022 11:36:43 PM,Microsoft-Windows-WindowsUpdateClient,43,Windows Update Agent,Installation Started: Windows has started installing the following update: 9MZNG5HZWZ1T-AppUp.IntelOptaneMemoryandStorageManagement
Information,12/27/2022 11:36:31 PM,Microsoft-Windows-WindowsUpdateClient,44,Windows Update Agent,Windows Update started downloading an update.
Information,12/27/2022 11:36:24 PM,Microsoft-Windows-WindowsUpdateClient,19,Windows Update Agent,Installation Successful: Windows successfully installed the following update: 9NBLGGH4QGHW-Microsoft.MicrosoftStickyNotes
Information,12/27/2022 11:36:24 PM,Microsoft-Windows-Kernel-General,16,None,The access history in hive \??\C:\Users\ozeas\AppData\Local\Packages\Microsoft.MicrosoftStickyNotes_8wekyb3d8bbwe\Settings\settings.dat was cleared updating 3 keys and creating 1 modified pages.
Information,12/27/2022 11:36:24 PM,Microsoft-Windows-WindowsUpdateClient,43,Windows Update Agent,Installation Started: Windows has started installing the following update: 9NBLGGH4QGHW-Microsoft.MicrosoftStickyNotes
Information,12/27/2022 11:36:22 PM,Microsoft-Windows-WindowsUpdateClient,44,Windows Update Agent,Windows Update started downloading an update.
Information,12/27/2022 11:36:11 PM,Microsoft-Windows-WindowsUpdateClient,19,Windows Update Agent,Installation Successful: Windows successfully installed the following update: 9WZDNCRD29V9-MICROSOFT.MICROSOFTOFFICEHUB
Information,12/27/2022 11:36:11 PM,Microsoft-Windows-WindowsUpdateClient,43,Windows Update Agent,Installation Started: Windows has started installing the following update: 9WZDNCRD29V9-MICROSOFT.MICROSOFTOFFICEHUB
Information,12/27/2022 11:35:34 PM,Microsoft-Windows-WindowsUpdateClient,44,Windows Update Agent,Windows Update started downloading an update.
Information,12/27/2022 11:35:26 PM,Microsoft-Windows-WindowsUpdateClient,19,Windows Update Agent,Installation Successful: Windows successfully installed the following update: 9NBLGGH4NNS1-Microsoft.DesktopAppInstaller
Information,12/27/2022 11:35:25 PM,Microsoft-Windows-WindowsUpdateClient,43,Windows Update Agent,Installation Started: Windows has started installing the following update: 9NBLGGH4NNS1-Microsoft.DesktopAppInstaller
Information,12/27/2022 11:30:56 PM,Microsoft-Windows-WindowsUpdateClient,44,Windows Update Agent,Windows Update started downloading an update.
Information,12/27/2022 11:30:44 PM,Microsoft-Windows-WindowsUpdateClient,19,Windows Update Agent,Installation Successful: Windows successfully installed the following update: 9N5TDP8VCMHS-Microsoft.WebMediaExtensions
Information,12/27/2022 11:30:44 PM,Microsoft-Windows-Kernel-General,16,None,The access history in hive \??\C:\Users\ozeas\AppData\Local\Packages\Microsoft.WebMediaExtensions_8wekyb3d8bbwe\Settings\settings.dat was cleared updating 3 keys and creating 1 modified pages.
Information,12/27/2022 11:30:43 PM,Microsoft-Windows-WindowsUpdateClient,43,Windows Update Agent,Installation Started: Windows has started installing the following update: 9N5TDP8VCMHS-Microsoft.WebMediaExtensions
Information,12/27/2022 11:28:48 PM,Microsoft-Windows-WindowsUpdateClient,44,Windows Update Agent,Windows Update started downloading an update.
Information,12/27/2022 11:28:39 PM,Microsoft-Windows-WindowsUpdateClient,19,Windows Update Agent,Installation Successful: Windows successfully installed the following update: 9NBLGGH4R32N-Microsoft.WindowsFeedbackHub
Information,12/27/2022 11:28:39 PM,Microsoft-Windows-Kernel-General,16,None,The access history in hive \??\C:\Users\ozeas\AppData\Local\Packages\Microsoft.WindowsFeedbackHub_8wekyb3d8bbwe\Settings\settings.dat was cleared updating 3 keys and creating 1 modified pages.
Information,12/27/2022 11:28:39 PM,Microsoft-Windows-WindowsUpdateClient,43,Windows Update Agent,Installation Started: Windows has started installing the following update: 9NBLGGH4R32N-Microsoft.WindowsFeedbackHub
Information,12/27/2022 11:15:53 PM,Microsoft-Windows-WindowsUpdateClient,44,Windows Update Agent,Windows Update started downloading an update.
Information,12/27/2022 11:15:46 PM,Microsoft-Windows-WindowsUpdateClient,19,Windows Update Agent,Installation Successful: Windows successfully installed the following update: 9NBLGGH10PG8-MICROSOFT.PEOPLE
Information,12/27/2022 11:15:46 PM,Microsoft-Windows-Kernel-General,16,None,The access history in hive \??\C:\Users\ozeas\AppData\Local\Packages\Microsoft.People_8wekyb3d8bbwe\Settings\settings.dat was cleared updating 3 keys and creating 1 modified pages.
Information,12/27/2022 11:15:45 PM,Microsoft-Windows-WindowsUpdateClient,43,Windows Update Agent,Installation Started: Windows has started installing the following update: 9NBLGGH10PG8-MICROSOFT.PEOPLE
Information,12/27/2022 11:08:41 PM,Microsoft-Windows-WindowsUpdateClient,44,Windows Update Agent,Windows Update started downloading an update.
Information,12/27/2022 11:08:41 PM,Microsoft-Windows-WindowsUpdateClient,44,Windows Update Agent,Windows Update started downloading an update.
Information,12/27/2022 11:08:41 PM,Microsoft-Windows-WindowsUpdateClient,44,Windows Update Agent,Windows Update started downloading an update.
Warning,12/27/2022 10:50:25 PM,Microsoft-Windows-Kernel-Processor-Power,37,(7),The speed of processor 7 in group 0 is being limited by system firmware. The processor has been in this reduced performance state for 130219 seconds since the last report.
Information,12/27/2022 10:09:20 PM,Microsoft-Windows-Kernel-Power,566,(268),"The system session has transitioned from 41 to 42.

Reason SessionUnlock 

BootId: 6"
Information,12/27/2022 9:39:33 PM,Microsoft-Windows-UserPnp,20003,(7005),Driver Management has concluded the process to add Service WUDFWpdFs for Device Instance ID SWD\WPDBUSENUM\_??_USBSTOR#DISK&VEN_GENERIC&PROD_FLASH_DISK&REV_8.07#23710112&0#{53F56307-B6BF-11D0-94F2-00A0C91EFB8B} with the following status: 0.
Information,12/27/2022 9:39:33 PM,Microsoft-Windows-DriverFrameworks-UserMode,10100,Installation or update of device drivers.,The driver package installation has succeeded.
Information,12/27/2022 9:39:33 PM,Microsoft-Windows-DriverFrameworks-UserMode,10002,Installation or update of device drivers.,The UMDF service WpdFs (CLSID {112de495-ac4c-46f8-b663-6a4266c53313}) was upgraded.  It requires framework version 2.33.0 or higher.
Information,12/27/2022 9:39:33 PM,Microsoft-Windows-DriverFrameworks-UserMode,10000,Installation or update of device drivers.,A driver package which uses user-mode driver framework version 2.33.0 is being installed on device SWD\WPDBUSENUM\_??_USBSTOR#DISK&VEN_GENERIC&PROD_FLASH_DISK&REV_8.07#23710112&0#{53F56307-B6BF-11D0-94F2-00A0C91EFB8B}.
Information,12/27/2022 9:39:34 PM,Microsoft-Windows-WPDClassInstaller,24579,Driver Post-Install Configuration,Autoplay registration was skipped for device %1.
Information,12/27/2022 9:39:34 PM,Microsoft-Windows-WPDClassInstaller,24577,Driver Post-Install Configuration,"Media player and imaging program compatibility layers were successfully registered for device %1. Layer bits %2 were requested, layer bits %3 were registered."
Information,12/27/2022 9:39:33 PM,Microsoft-Windows-WPDClassInstaller,24576,Driver Installation,Drivers were successfully installed for device WPD Device.
Error,12/27/2022 7:42:55 PM,Microsoft-Windows-LanguagePackSetup,1042,Removing language pack,You cannot uninstall language pt-BR because the language is the system installed UI language.
Information,12/27/2022 7:42:41 PM,Microsoft-Windows-Kernel-General,1,(5),"The system time has changed to ‎2022‎-‎12‎-‎27T22:42:41.607345300Z from ‎2022‎-‎12‎-‎27T22:42:41.606890600Z.
Time Delta: 0 ms

Change Reason: An application or system component changed the time.
Process: '\Device\HarddiskVolume3\Windows\System32\svchost.exe' (PID 10600).

RTC time: ‎2022‎-‎12‎-‎27T19:42:41.607345300Z
Current time zone bias: 180
RTC time is in UTC: false
System time was based on RTC time: false"
Information,12/27/2022 7:42:41 PM,Microsoft-Windows-Kernel-General,24,(11),The time zone information was refreshed with exit reason 0. Current time zone bias is 180.
Information,12/27/2022 7:42:41 PM,Microsoft-Windows-Time-Service,35,None,"The time service is now synchronizing the system time with the time source time.windows.com,0x9 (ntp.m|0x9|0.0.0.0:123->40.119.6.228:123) with reference id 3825628968. Current local stratum number is 4."
Information,12/27/2022 7:42:28 PM,Microsoft-Windows-Time-Service,37,None,"The time provider NtpClient is currently receiving valid time data from time.windows.com,0x9 (ntp.m|0x9|0.0.0.0:123->40.119.6.228:123)."
Information,12/27/2022 7:42:25 PM,Microsoft-Windows-Time-Service,158,None,The time provider 'VMICTimeProvider' has indicated that the current hardware and operating environment is not supported and has stopped. This behavior is expected for VMICTimeProvider on non-HyperV-guest environments. This may be the expected behavior for the current provider in the current operating environment as well.
Information,12/27/2022 5:00:04 PM,BTHUSB,18,None,Windows cannot store Bluetooth authentication codes (link keys) on the local adapter. Bluetooth keyboards might not work in the system BIOS during startup.
Warning,12/27/2022 4:59:18 PM,Microsoft-Windows-DistributedCOM,10016,None,"The application-specific permission settings do not grant Local Activation permission for the COM Server application with CLSID 
{2593F8B9-4EAF-457C-B68A-50F6B8EA6B54}
 and APPID 
{15C20B67-12E7-4BB6-92BB-7AFF07997402}
 to the user Saezo\OzeasSantos SID (S-1-5-21-2173426690-2103480400-3118651004-1001) from address LocalHost (Using LRPC) running in the application container Unavailable SID (Unavailable). This security permission can be modified using the Component Services administrative tool."
Warning,12/27/2022 4:59:17 PM,Microsoft-Windows-DistributedCOM,10016,None,"The application-specific permission settings do not grant Local Activation permission for the COM Server application with CLSID 
{2593F8B9-4EAF-457C-B68A-50F6B8EA6B54}
 and APPID 
{15C20B67-12E7-4BB6-92BB-7AFF07997402}
 to the user Saezo\OzeasSantos SID (S-1-5-21-2173426690-2103480400-3118651004-1001) from address LocalHost (Using LRPC) running in the application container Unavailable SID (Unavailable). This security permission can be modified using the Component Services administrative tool."
Information,12/27/2022 4:54:30 PM,Volsnap,33,None,The oldest shadow copy of volume C: was deleted to keep disk space usage for shadow copies of volume C: below the user defined limit.
Information,12/27/2022 4:53:57 PM,Microsoft-Windows-Ntfs,98,None,Volume ?? (\Device\HarddiskVolumeShadowCopy6) is healthy.  No action is needed.
Information,12/27/2022 4:53:12 PM,Service Control Manager,7040,None,The start type of the DBUtilDrv2 Service service was changed from demand start to disabled.
Information,12/27/2022 4:53:12 PM,Service Control Manager,7040,None,The start type of the DBUtilDrv2 Service service was changed from disabled to demand start.
Information,12/27/2022 4:52:10 PM,Service Control Manager,7040,None,The start type of the DBUtilDrv2 Service service was changed from demand start to disabled.
Information,12/27/2022 4:52:10 PM,Service Control Manager,7040,None,The start type of the DBUtilDrv2 Service service was changed from disabled to demand start.
Warning,12/27/2022 4:47:58 PM,Microsoft-Windows-DistributedCOM,10016,None,"The application-specific permission settings do not grant Local Activation permission for the COM Server application with CLSID 
{2593F8B9-4EAF-457C-B68A-50F6B8EA6B54}
 and APPID 
{15C20B67-12E7-4BB6-92BB-7AFF07997402}
 to the user Saezo\OzeasSantos SID (S-1-5-21-2173426690-2103480400-3118651004-1001) from address LocalHost (Using LRPC) running in the application container Unavailable SID (Unavailable). This security permission can be modified using the Component Services administrative tool."
Error,12/27/2022 4:41:25 PM,Microsoft-Windows-DistributedCOM,10010,None,The server {8CFC164F-4BE5-4FDD-94E9-E2AF73ED4A19} did not register with DCOM within the required timeout.
Warning,12/27/2022 4:40:56 PM,Netwtw08,6062,None,6062 - Lso was triggered
Information,12/27/2022 4:40:49 PM,Netwtw08,7021,None,7021 - Connection telemetry fields and analysis usage
Information,12/27/2022 4:40:45 PM,Netwtw08,7011,None,7011 - radio ON
Warning,12/27/2022 4:37:10 PM,Microsoft-Windows-DistributedCOM,10016,None,"The application-specific permission settings do not grant Local Activation permission for the COM Server application with CLSID 
{6B3B8D23-FA8D-40B9-8DBD-B950333E2C52}
 and APPID 
{4839DDB7-58C2-48F5-8283-E1D1807D0D7D}
 to the user NT AUTHORITY\LOCAL SERVICE SID (S-1-5-19) from address LocalHost (Using LRPC) running in the application container Unavailable SID (Unavailable). This security permission can be modified using the Component Services administrative tool."
Warning,12/27/2022 4:37:10 PM,Microsoft-Windows-DistributedCOM,10016,None,"The application-specific permission settings do not grant Local Activation permission for the COM Server application with CLSID 
{6B3B8D23-FA8D-40B9-8DBD-B950333E2C52}
 and APPID 
{4839DDB7-58C2-48F5-8283-E1D1807D0D7D}
 to the user NT AUTHORITY\LOCAL SERVICE SID (S-1-5-19) from address LocalHost (Using LRPC) running in the application container Unavailable SID (Unavailable). This security permission can be modified using the Component Services administrative tool."
Information,12/27/2022 4:37:10 PM,Microsoft-Windows-Ntfs,98,None,Volume \\?\Volume{3fc1266c-7817-49fd-6819-d824fc96eb1a} (\Device\HarddiskVolume5) is healthy.  No action is needed.
Warning,12/27/2022 4:37:09 PM,rt640x64,1,None,Realtek PCIe GbE Family Controller is disconnected from network.
Information,12/27/2022 4:37:09 PM,Microsoft-Windows-Winlogon,7001,(1101),User Logon Notification for Customer Experience Improvement Program
Information,12/27/2022 4:37:08 PM,Microsoft-Windows-Power-Troubleshooter,1,None,"The system has returned from a low power state.

Sleep Time: ‎2022‎-‎12‎-‎27T17:39:38.634799900Z
Wake Time: ‎2022‎-‎12‎-‎27T19:37:07.124492100Z

Wake Source: Unknown"
Information,12/27/2022 4:37:07 PM,Microsoft-Windows-Kernel-Power,566,(268),"The system session has transitioned from 39 to 41.

Reason WinRT 

BootId: 6"
Information,12/27/2022 4:37:07 PM,Microsoft-Windows-Kernel-Power,566,(268),"The system session has transitioned from 38 to 39.

Reason SxTransition 

BootId: 6"
Information,12/27/2022 4:37:07 PM,Microsoft-Windows-Kernel-Boot,32,(58),The bootmgr spent 0 ms waiting for user input.
Information,12/27/2022 4:37:07 PM,Microsoft-Windows-Kernel-Boot,18,(57),There are 0x1 boot options on this system.
Information,12/27/2022 4:37:07 PM,Microsoft-Windows-Kernel-Boot,30,(21),The firmware reported boot metrics.
Information,12/27/2022 4:37:06 PM,Microsoft-Windows-Kernel-General,1,(5),"The system time has changed to ‎2022‎-‎12‎-‎27T19:37:06.500000000Z from ‎2022‎-‎12‎-‎27T17:39:42.090370000Z.
Time Delta: 7044409 ms

Change Reason: System time synchronized with the hardware clock.
Process: '' (PID 4).

RTC time: ‎2022‎-‎12‎-‎27T16:37:06.500000000Z
Current time zone bias: 180
RTC time is in UTC: false
System time was based on RTC time: false"
Information,12/27/2022 2:39:42 PM,Microsoft-Windows-Kernel-Power,107,(102),The system has resumed from sleep.
Information,12/27/2022 2:39:39 PM,Microsoft-Windows-Kernel-Power,42,(64),"The system is entering sleep.

Sleep Reason: Application API"
Information,12/27/2022 2:39:38 PM,Microsoft-Windows-Kernel-Power,566,(268),"The system session has transitioned from 37 to 38.

Reason Unknown 

BootId: 6"
Information,12/27/2022 2:39:38 PM,Microsoft-Windows-Kernel-Power,187,(243),User-mode process attempted to change the system state by calling SetSuspendState or SetSystemPowerState APIs.
Information,12/27/2022 2:39:37 PM,Win32k,267,None,Touch/Touchpad Hardware Quality Assurance verification succeeded.
Information,12/27/2022 2:39:36 PM,Microsoft-Windows-Winlogon,7002,(1102),User Logoff Notification for Customer Experience Improvement Program
Warning,12/27/2022 2:39:24 PM,Microsoft-Windows-DNS-Client,1014,(1014),Name resolution for the name s00.upd.kaspersky.com timed out after none of the configured DNS servers responded. Client PID 3996.
Information,12/27/2022 2:39:14 PM,Netwtw08,7012,None,7012 - radio OFF
Information,12/27/2022 2:39:13 PM,Microsoft-Windows-HttpService,114,HTTP Configuration Property Trace Task,"Removed URL (http://*:2869/upnp/eventing/) from URL group (0xFE00000420000001). Process Id 0x1EEC Executable path \Device\HarddiskVolume3\Windows\System32\svchost.exe, User LOCAL SERVICE"
Warning,12/27/2022 12:04:49 PM,Microsoft-Windows-DNS-Client,1014,(1014),Name resolution for the name fonts.gstatic.com timed out after none of the configured DNS servers responded. Client PID 9444.
Information,12/27/2022 12:00:00 PM,EventLog,6013,None,The system uptime is 91269 seconds.
Warning,12/27/2022 11:51:21 AM,Microsoft-Windows-DistributedCOM,10016,None,"The application-specific permission settings do not grant Local Activation permission for the COM Server application with CLSID 
{2593F8B9-4EAF-457C-B68A-50F6B8EA6B54}
 and APPID 
{15C20B67-12E7-4BB6-92BB-7AFF07997402}
 to the user Saezo\OzeasSantos SID (S-1-5-21-2173426690-2103480400-3118651004-1001) from address LocalHost (Using LRPC) running in the application container Unavailable SID (Unavailable). This security permission can be modified using the Component Services administrative tool."
Information,12/27/2022 11:50:43 AM,Microsoft-Windows-HttpService,113,HTTP Configuration Property Trace Task,"Attempted to add URL (http://*:2869/upnp/eventing/) to URL group (0xFE00000420000001). Status: 0x0. Process Id 0x1EEC Executable path \Device\HarddiskVolume3\Windows\System32\svchost.exe, User LOCAL SERVICE"
Information,12/27/2022 11:50:43 AM,Microsoft-Windows-HttpService,114,HTTP Configuration Property Trace Task,"Removed URL (http://*:2869/upnp/eventing/) from URL group (0xFF00000420000001). Process Id 0x1EEC Executable path \Device\HarddiskVolume3\Windows\System32\svchost.exe, User LOCAL SERVICE"
Information,12/27/2022 11:50:42 AM,Microsoft-Windows-HttpService,113,HTTP Configuration Property Trace Task,"Attempted to add URL (http://*:2869/upnp/eventing/) to URL group (0xFF00000420000001). Status: 0x0. Process Id 0x1EEC Executable path \Device\HarddiskVolume3\Windows\System32\svchost.exe, User LOCAL SERVICE"
Information,12/27/2022 11:50:18 AM,Microsoft-Windows-Kernel-General,1,(5),"The system time has changed to ‎2022‎-‎12‎-‎27T14:50:18.455828100Z from ‎2022‎-‎12‎-‎27T14:50:18.455198400Z.
Time Delta: 0 ms

Change Reason: An application or system component changed the time.
Process: '\Device\HarddiskVolume3\Windows\System32\svchost.exe' (PID 15772).

RTC time: ‎2022‎-‎12‎-‎27T11:50:18.455828100Z
Current time zone bias: 180
RTC time is in UTC: false
System time was based on RTC time: false"
Information,12/27/2022 11:50:18 AM,Microsoft-Windows-Kernel-General,24,(11),The time zone information was refreshed with exit reason 0. Current time zone bias is 180.
Information,12/27/2022 11:50:18 AM,Microsoft-Windows-Time-Service,35,None,"The time service is now synchronizing the system time with the time source time.windows.com,0x9 (ntp.m|0x9|0.0.0.0:123->40.119.6.228:123) with reference id 3825628968. Current local stratum number is 4."
Information,12/27/2022 11:50:03 AM,Microsoft-Windows-Time-Service,37,None,"The time provider NtpClient is currently receiving valid time data from time.windows.com,0x9 (ntp.m|0x9|0.0.0.0:123->40.119.6.228:123)."
Warning,12/27/2022 11:49:58 AM,Microsoft-Windows-DistributedCOM,10016,None,"The application-specific permission settings do not grant Local Activation permission for the COM Server application with CLSID 
{2593F8B9-4EAF-457C-B68A-50F6B8EA6B54}
 and APPID 
{15C20B67-12E7-4BB6-92BB-7AFF07997402}
 to the user Saezo\OzeasSantos SID (S-1-5-21-2173426690-2103480400-3118651004-1001) from address LocalHost (Using LRPC) running in the application container Unavailable SID (Unavailable). This security permission can be modified using the Component Services administrative tool."
Warning,12/27/2022 11:49:51 AM,Microsoft-Windows-DistributedCOM,10016,None,"The application-specific permission settings do not grant Local Activation permission for the COM Server application with CLSID 
{2593F8B9-4EAF-457C-B68A-50F6B8EA6B54}
 and APPID 
{15C20B67-12E7-4BB6-92BB-7AFF07997402}
 to the user Saezo\OzeasSantos SID (S-1-5-21-2173426690-2103480400-3118651004-1001) from address LocalHost (Using LRPC) running in the application container Unavailable SID (Unavailable). This security permission can be modified using the Component Services administrative tool."
Information,12/27/2022 11:49:21 AM,Service Control Manager,7045,None,"A service was installed in the system.

Service Name:  Microsoft Bluetooth Hands-Free Audio driver
Service File Name:  \SystemRoot\System32\drivers\BthHfAud.sys
Service Type:  kernel mode driver
Service Start Type:  demand start
Service Account:  "
Warning,12/27/2022 11:49:21 AM,Netwtw08,6062,None,6062 - Lso was triggered
Information,12/27/2022 11:49:20 AM,BTHUSB,8,None,The remote adapter (5c:c6:e9:1a:a1:7d) successfully paired with the local adapter.
Warning,12/27/2022 11:49:16 AM,Microsoft-Windows-DistributedCOM,10016,None,"The machine-default permission settings do not grant Local Activation permission for the COM Server application with CLSID 
{C2F03A33-21F5-47FA-B4BB-156362A2F239}
 and APPID 
{316CDED5-E4AE-4B15-9113-7055D84DCC97}
 to the user NT AUTHORITY\LOCAL SERVICE SID (S-1-5-19) from address LocalHost (Using LRPC) running in the application container Unavailable SID (Unavailable). This security permission can be modified using the Component Services administrative tool."
Warning,12/27/2022 11:49:16 AM,Microsoft-Windows-DistributedCOM,10016,None,"The application-specific permission settings do not grant Local Activation permission for the COM Server application with CLSID 
{6B3B8D23-FA8D-40B9-8DBD-B950333E2C52}
 and APPID 
{4839DDB7-58C2-48F5-8283-E1D1807D0D7D}
 to the user NT AUTHORITY\LOCAL SERVICE SID (S-1-5-19) from address LocalHost (Using LRPC) running in the application container Unavailable SID (Unavailable). This security permission can be modified using the Component Services administrative tool."
Warning,12/27/2022 11:49:16 AM,Microsoft-Windows-DistributedCOM,10016,None,"The machine-default permission settings do not grant Local Activation permission for the COM Server application with CLSID 
{C2F03A33-21F5-47FA-B4BB-156362A2F239}
 and APPID 
{316CDED5-E4AE-4B15-9113-7055D84DCC97}
 to the user NT AUTHORITY\LOCAL SERVICE SID (S-1-5-19) from address LocalHost (Using LRPC) running in the application container Unavailable SID (Unavailable). This security permission can be modified using the Component Services administrative tool."
Warning,12/27/2022 11:49:16 AM,Microsoft-Windows-DistributedCOM,10016,None,"The application-specific permission settings do not grant Local Activation permission for the COM Server application with CLSID 
{6B3B8D23-FA8D-40B9-8DBD-B950333E2C52}
 and APPID 
{4839DDB7-58C2-48F5-8283-E1D1807D0D7D}
 to the user NT AUTHORITY\LOCAL SERVICE SID (S-1-5-19) from address LocalHost (Using LRPC) running in the application container Unavailable SID (Unavailable). This security permission can be modified using the Component Services administrative tool."
Information,12/27/2022 11:49:16 AM,Netwtw08,7021,None,7021 - Connection telemetry fields and analysis usage
Information,12/27/2022 11:49:16 AM,BTHUSB,18,None,Windows cannot store Bluetooth authentication codes (link keys) on the local adapter. Bluetooth keyboards might not work in the system BIOS during startup.
Information,12/27/2022 11:49:12 AM,Netwtw08,7011,None,7011 - radio ON
Information,12/27/2022 11:47:57 AM,Microsoft-Windows-Ntfs,98,None,Volume \\?\Volume{3fc1266c-7817-49fd-6819-d824fc96eb1a} (\Device\HarddiskVolume5) is healthy.  No action is needed.
Warning,12/27/2022 11:47:56 AM,rt640x64,1,None,Realtek PCIe GbE Family Controller is disconnected from network.
Information,12/27/2022 11:47:55 AM,Microsoft-Windows-Winlogon,7001,(1101),User Logon Notification for Customer Experience Improvement Program
Information,12/27/2022 11:47:54 AM,Microsoft-Windows-Power-Troubleshooter,1,None,"The system has returned from a low power state.

Sleep Time: ‎2022‎-‎12‎-‎27T06:50:54.279008900Z
Wake Time: ‎2022‎-‎12‎-‎27T14:47:53.188157400Z

Wake Source: Unknown"
Information,12/27/2022 11:47:54 AM,Microsoft-Windows-Kernel-General,16,None,The access history in hive \Device\HarddiskVolume1\EFI\Microsoft\Boot\BCD was cleared updating 166 keys and creating 8 modified pages.
Warning,12/27/2022 11:47:53 AM,Microsoft-Windows-Time-Service,134,None,"NtpClient was unable to set a manual peer to use as a time source because of DNS resolution error on 'time.windows.com,0x9'. NtpClient will try again in 15 minutes and double the reattempt interval thereafter. The error was: No such host is known. (0x80072AF9)"
Information,12/27/2022 11:47:53 AM,Microsoft-Windows-Kernel-Power,566,(268),"The system session has transitioned from 35 to 37.

Reason Unknown 

BootId: 6"
Information,12/27/2022 11:47:53 AM,Microsoft-Windows-Kernel-Power,566,(268),"The system session has transitioned from 34 to 35.

Reason SxTransition 

BootId: 6"
Information,12/27/2022 11:47:53 AM,Microsoft-Windows-Kernel-Power,105,(100),Power source change.
Information,12/27/2022 11:47:53 AM,Microsoft-Windows-Kernel-Boot,32,(58),The bootmgr spent 0 ms waiting for user input.
Information,12/27/2022 11:47:53 AM,Microsoft-Windows-Kernel-Boot,18,(57),There are 0x1 boot options on this system.
Information,12/27/2022 11:47:53 AM,Microsoft-Windows-Kernel-Boot,30,(21),The firmware reported boot metrics.
Information,12/27/2022 11:47:52 AM,Microsoft-Windows-Kernel-General,1,(5),"The system time has changed to ‎2022‎-‎12‎-‎27T14:47:52.500000000Z from ‎2022‎-‎12‎-‎27T06:50:57.818648200Z.
Time Delta: 28614681 ms

Change Reason: System time synchronized with the hardware clock.
Process: '' (PID 4).

RTC time: ‎2022‎-‎12‎-‎27T11:47:52.500000000Z
Current time zone bias: 180
RTC time is in UTC: false
System time was based on RTC time: false"
Information,12/27/2022 3:50:57 AM,Microsoft-Windows-Kernel-Power,107,(102),The system has resumed from sleep.
Information,12/27/2022 3:50:55 AM,Microsoft-Windows-Kernel-Power,42,(64),"The system is entering sleep.

Sleep Reason: Application API"
Information,12/27/2022 3:50:54 AM,Microsoft-Windows-Kernel-Power,566,(268),"The system session has transitioned from 33 to 34.

Reason Unknown 

BootId: 6"
Information,12/27/2022 3:50:54 AM,Microsoft-Windows-Kernel-Power,187,(243),User-mode process attempted to change the system state by calling SetSuspendState or SetSystemPowerState APIs.
Information,12/27/2022 3:50:54 AM,Win32k,267,None,Touch/Touchpad Hardware Quality Assurance verification succeeded.
Information,12/27/2022 3:50:53 AM,Microsoft-Windows-Winlogon,7002,(1102),User Logoff Notification for Customer Experience Improvement Program
