Information,12/27/2022 3:50:50 AM,User32,1074,None,"The process C:\Windows\System32\RuntimeBroker.exe (SAEZO) has initiated the power off of computer SAEZO on behalf of user Saezo\OzeasSantos for the following reason: Other (Unplanned)
 Reason Code: 0x0
 Shutdown Type: power off
 Comment: "
Information,12/27/2022 3:28:42 AM,Netwtw08,7012,None,7012 - radio OFF
Warning,12/27/2022 3:13:08 AM,Microsoft-Windows-DistributedCOM,10016,None,"The application-specific permission settings do not grant Local Activation permission for the COM Server application with CLSID 
{2593F8B9-4EAF-457C-B68A-50F6B8EA6B54}
 and APPID 
{15C20B67-12E7-4BB6-92BB-7AFF07997402}
 to the user Saezo\OzeasSantos SID (S-1-5-21-2173426690-2103480400-3118651004-1001) from address LocalHost (Using LRPC) running in the application container Unavailable SID (Unavailable). This security permission can be modified using the Component Services administrative tool."
Warning,12/27/2022 2:18:58 AM,Microsoft-Windows-DistributedCOM,10016,None,"The application-specific permission settings do not grant Local Activation permission for the COM Server application with CLSID 
{2593F8B9-4EAF-457C-B68A-50F6B8EA6B54}
 and APPID 
{15C20B67-12E7-4BB6-92BB-7AFF07997402}
 to the user Saezo\OzeasSantos SID (S-1-5-21-2173426690-2103480400-3118651004-1001) from address LocalHost (Using LRPC) running in the application container Unavailable SID (Unavailable). This security permission can be modified using the Component Services administrative tool."
Warning,12/27/2022 1:41:45 AM,Microsoft-Windows-DistributedCOM,10016,None,"The application-specific permission settings do not grant Local Activation permission for the COM Server application with CLSID 
{2593F8B9-4EAF-457C-B68A-50F6B8EA6B54}
 and APPID 
{15C20B67-12E7-4BB6-92BB-7AFF07997402}
 to the user Saezo\OzeasSantos SID (S-1-5-21-2173426690-2103480400-3118651004-1001) from address LocalHost (Using LRPC) running in the application container Unavailable SID (Unavailable). This security permission can be modified using the Component Services administrative tool."
Information,12/27/2022 1:31:05 AM,Microsoft-Windows-Kernel-Power,566,(268),"The system session has transitioned from 31 to 33.

Reason Unknown 

BootId: 6"
Information,12/27/2022 1:25:24 AM,Microsoft-Windows-Kernel-Power,566,(268),"The system session has transitioned from 30 to 31.

Reason SessionUnlock 

BootId: 6"
Information,12/27/2022 12:58:53 AM,Microsoft-Windows-Kernel-Power,566,(268),"The system session has transitioned from 28 to 30.

Reason InputPoUserPresent 

BootId: 6"
Information,12/27/2022 12:57:00 AM,Microsoft-Windows-Kernel-Power,566,(268),"The system session has transitioned from 27 to 28.

Reason SessionUnlock 

BootId: 6"
Warning,12/27/2022 12:27:15 AM,Netwtw08,6062,None,6062 - Lso was triggered
Warning,12/27/2022 12:25:28 AM,rt640x64,1,None,Realtek PCIe GbE Family Controller is disconnected from network.
Information,12/27/2022 12:25:26 AM,Microsoft-Windows-Power-Troubleshooter,1,None,"The system has returned from a low power state.

Sleep Time: ‎2022‎-‎12‎-‎27T03:20:01.118607200Z
Wake Time: ‎2022‎-‎12‎-‎27T03:25:25.236515700Z

Wake Source: Power Button"
Information,12/27/2022 12:25:26 AM,Microsoft-Windows-Kernel-Power,566,(268),"The system session has transitioned from 25 to 27.

Reason Unknown 

BootId: 6"
Information,12/27/2022 12:25:25 AM,Microsoft-Windows-Kernel-Power,566,(268),"The system session has transitioned from 24 to 25.

Reason SxTransition 

BootId: 6"
Information,12/27/2022 12:25:25 AM,Netwtw08,7021,None,7021 - Connection telemetry fields and analysis usage
Information,12/27/2022 12:25:25 AM,Netwtw08,7026,None,7026 - Dump after return from D3 after cmd
Information,12/27/2022 12:25:25 AM,Netwtw08,7025,None,7025 - Dump after return from D3 before cmd 
Information,12/27/2022 12:25:24 AM,Microsoft-Windows-Kernel-Power,131,(33),"Firmware S3 times. ResumeCount: 2, FullResume: 1271, AverageResume: 1272"
Information,12/27/2022 12:25:24 AM,Microsoft-Windows-Kernel-General,1,(5),"The system time has changed to ‎2022‎-‎12‎-‎27T03:25:24.500000000Z from ‎2022‎-‎12‎-‎27T03:20:02.098841100Z.
Time Delta: 322401 ms

Change Reason: System time synchronized with the hardware clock.
Process: '' (PID 4).

RTC time: ‎2022‎-‎12‎-‎27T00:25:24.500000000Z
Current time zone bias: 180
RTC time is in UTC: false
System time was based on RTC time: false"
Information,12/27/2022 12:20:02 AM,Microsoft-Windows-Kernel-Power,107,(102),The system has resumed from sleep.
Information,12/27/2022 12:20:01 AM,Microsoft-Windows-Kernel-Power,42,(64),"The system is entering sleep.

Sleep Reason: System Idle"
Information,12/27/2022 12:20:01 AM,Microsoft-Windows-Kernel-Power,566,(268),"The system session has transitioned from 22 to 24.

Reason SxTransition 

BootId: 6"
Information,12/27/2022 12:12:59 AM,Microsoft-Windows-Kernel-Power,566,(268),"The system session has transitioned from 21 to 22.

Reason SessionUnlock 

BootId: 6"
Information,12/26/2022 11:53:33 PM,Service Control Manager,7040,None,The start type of the DBUtilDrv2 Service service was changed from demand start to disabled.
Information,12/26/2022 11:53:33 PM,Service Control Manager,7040,None,The start type of the DBUtilDrv2 Service service was changed from disabled to demand start.
Warning,12/26/2022 11:53:12 PM,Netwtw08,6062,None,6062 - Lso was triggered
Warning,12/26/2022 11:53:05 PM,rt640x64,1,None,Realtek PCIe GbE Family Controller is disconnected from network.
Information,12/26/2022 11:53:04 PM,Microsoft-Windows-Power-Troubleshooter,1,None,"The system has returned from a low power state.

Sleep Time: ‎2022‎-‎12‎-‎27T00:42:23.064252300Z
Wake Time: ‎2022‎-‎12‎-‎27T02:53:03.303797400Z

Wake Source: Power Button"
Information,12/26/2022 11:53:03 PM,Microsoft-Windows-Kernel-Power,566,(268),"The system session has transitioned from 19 to 21.

Reason PolicyChange 

BootId: 6"
Information,12/26/2022 11:53:03 PM,Microsoft-Windows-Kernel-Power,566,(268),"The system session has transitioned from 18 to 19.

Reason SxTransition 

BootId: 6"
Information,12/26/2022 11:53:03 PM,Microsoft-Windows-Kernel-Power,105,(100),Power source change.
Information,12/26/2022 11:53:03 PM,Microsoft-Windows-Time-Service,158,None,The time provider 'VMICTimeProvider' has indicated that the current hardware and operating environment is not supported and has stopped. This behavior is expected for VMICTimeProvider on non-HyperV-guest environments. This may be the expected behavior for the current provider in the current operating environment as well.
Information,12/26/2022 11:53:02 PM,Netwtw08,7021,None,7021 - Connection telemetry fields and analysis usage
Information,12/26/2022 11:53:02 PM,Netwtw08,7026,None,7026 - Dump after return from D3 after cmd
Information,12/26/2022 11:53:02 PM,Netwtw08,7025,None,7025 - Dump after return from D3 before cmd 
Information,12/26/2022 11:53:02 PM,Microsoft-Windows-Kernel-Power,131,(33),"Firmware S3 times. ResumeCount: 1, FullResume: 1273, AverageResume: 1273"
Information,12/26/2022 11:53:02 PM,Microsoft-Windows-Kernel-General,1,(5),"The system time has changed to ‎2022‎-‎12‎-‎27T02:53:02.500000000Z from ‎2022‎-‎12‎-‎27T00:42:24.444423800Z.
Time Delta: 7838055 ms

Change Reason: System time synchronized with the hardware clock.
Process: '' (PID 4).

RTC time: ‎2022‎-‎12‎-‎26T23:53:02.500000000Z
Current time zone bias: 180
RTC time is in UTC: false
System time was based on RTC time: false"
Information,12/26/2022 9:42:24 PM,Microsoft-Windows-Kernel-Power,107,(102),The system has resumed from sleep.
Information,12/26/2022 9:42:23 PM,Microsoft-Windows-Kernel-Power,42,(64),"The system is entering sleep.

Sleep Reason: System Idle"
Information,12/26/2022 9:42:23 PM,Microsoft-Windows-Kernel-Power,566,(268),"The system session has transitioned from 16 to 18.

Reason SxTransition 

BootId: 6"
Information,12/26/2022 9:30:29 PM,Microsoft-Windows-Time-Service,158,None,The time provider 'VMICTimeProvider' has indicated that the current hardware and operating environment is not supported and has stopped. This behavior is expected for VMICTimeProvider on non-HyperV-guest environments. This may be the expected behavior for the current provider in the current operating environment as well.
Information,12/26/2022 9:13:25 PM,Microsoft-Windows-Time-Service,158,None,The time provider 'VMICTimeProvider' has indicated that the current hardware and operating environment is not supported and has stopped. This behavior is expected for VMICTimeProvider on non-HyperV-guest environments. This may be the expected behavior for the current provider in the current operating environment as well.
Information,12/26/2022 8:56:21 PM,Microsoft-Windows-Time-Service,158,None,The time provider 'VMICTimeProvider' has indicated that the current hardware and operating environment is not supported and has stopped. This behavior is expected for VMICTimeProvider on non-HyperV-guest environments. This may be the expected behavior for the current provider in the current operating environment as well.
Error,12/26/2022 8:39:17 PM,Microsoft-Windows-LanguagePackSetup,1042,Removing language pack,You cannot uninstall language pt-BR because the language is the system installed UI language.
Information,12/26/2022 8:39:01 PM,Microsoft-Windows-Time-Service,37,None,"The time provider NtpClient is currently receiving valid time data from time.windows.com,0x9 (ntp.m|0x9|0.0.0.0:123->40.119.6.228:123)."
Information,12/26/2022 8:39:01 PM,Microsoft-Windows-Time-Service,158,None,The time provider 'VMICTimeProvider' has indicated that the current hardware and operating environment is not supported and has stopped. This behavior is expected for VMICTimeProvider on non-HyperV-guest environments. This may be the expected behavior for the current provider in the current operating environment as well.
Information,12/26/2022 6:47:14 PM,Microsoft-Windows-Kernel-Power,566,(268),"The system session has transitioned from 15 to 16.

Reason SessionUnlock 

BootId: 6"
Information,12/26/2022 6:42:04 PM,Microsoft-Windows-Kernel-Power,566,(268),"The system session has transitioned from 13 to 15.

Reason InputHid 

BootId: 6"
Warning,12/26/2022 5:16:05 PM,Netwtw08,6062,None,6062 - Lso was triggered
Information,12/26/2022 5:09:34 PM,Netwtw08,7021,None,7021 - Connection telemetry fields and analysis usage
Warning,12/26/2022 5:00:26 PM,Microsoft-Windows-DNS-Client,1014,(1014),Name resolution for the name p16.upd.kaspersky.com timed out after none of the configured DNS servers responded. Client PID 2872.
Information,12/26/2022 5:00:14 PM,Netwtw08,7021,None,7021 - Connection telemetry fields and analysis usage
Information,12/26/2022 4:58:03 PM,Netwtw08,7021,None,7021 - Connection telemetry fields and analysis usage
Information,12/26/2022 4:58:00 PM,Microsoft-Windows-WLAN-AutoConfig,10001,None,"WLAN Extensibility Module has successfully started.

Module Path: C:\WINDOWS\system32\IntelIHVRouter08.dll
"
Warning,12/26/2022 4:58:00 PM,Microsoft-Windows-WLAN-AutoConfig,10002,None,"WLAN Extensibility Module has stopped.

Module Path: C:\WINDOWS\system32\IntelIHVRouter08.dll
"
Information,12/26/2022 4:58:00 PM,Netwtw08,7017,None,7017 - secure boot (SB) configuration
Information,12/26/2022 4:58:00 PM,Netwtw08,7010,None,7010 - driver enabled (miniport init)
Information,12/26/2022 4:57:59 PM,Netwtw08,7002,None,7002 - CTDP power limit value (SPLC)
Information,12/26/2022 4:57:59 PM,Netwtw08,7005,None,7005 - SAR value max TX power (WRDS)
Information,12/26/2022 4:57:59 PM,Netwtw08,7036,None,The \Device\NDMP32 service entered the Intel(R) Wireless-AC 9462 state.
Information,12/26/2022 4:57:59 PM,Netwtw08,8000,None,8000 - Miniport Halt flow (driver disable)
Warning,12/26/2022 4:57:59 PM,Microsoft-Windows-WLAN-AutoConfig,4003,None,"WLAN AutoConfig detected limited connectivity, attempting automatic recovery.

Recovery Type: 4
Error Code: 0x0
Trigger Reason: 1
IP Family: 0
"
Information,12/26/2022 4:57:43 PM,Netwtw08,7021,None,7021 - Connection telemetry fields and analysis usage
Warning,12/26/2022 4:53:53 PM,Netwtw08,6062,None,6062 - Lso was triggered
Information,12/26/2022 4:49:24 PM,Netwtw08,7021,None,7021 - Connection telemetry fields and analysis usage
Warning,12/26/2022 4:47:23 PM,Netwtw08,6062,None,6062 - Lso was triggered
Information,12/26/2022 4:46:06 PM,Netwtw08,7021,None,7021 - Connection telemetry fields and analysis usage
Information,12/26/2022 4:44:50 PM,Microsoft-Windows-Kernel-Power,566,(268),"The system session has transitioned from 12 to 13.

Reason SessionUnlock 

BootId: 6"
Information,12/26/2022 4:43:55 PM,Netwtw08,7021,None,7021 - Connection telemetry fields and analysis usage
Information,12/26/2022 4:43:52 PM,Microsoft-Windows-WLAN-AutoConfig,10001,None,"WLAN Extensibility Module has successfully started.

Module Path: C:\WINDOWS\system32\IntelIHVRouter08.dll
"
Warning,12/26/2022 4:43:52 PM,Microsoft-Windows-WLAN-AutoConfig,10002,None,"WLAN Extensibility Module has stopped.

Module Path: C:\WINDOWS\system32\IntelIHVRouter08.dll
"
Information,12/26/2022 4:43:51 PM,Netwtw08,7017,None,7017 - secure boot (SB) configuration
Information,12/26/2022 4:43:51 PM,Netwtw08,7010,None,7010 - driver enabled (miniport init)
Information,12/26/2022 4:43:51 PM,Netwtw08,7002,None,7002 - CTDP power limit value (SPLC)
Information,12/26/2022 4:43:51 PM,Netwtw08,7005,None,7005 - SAR value max TX power (WRDS)
Information,12/26/2022 4:43:51 PM,Netwtw08,7036,None,The \Device\NDMP29 service entered the Intel(R) Wireless-AC 9462 state.
Information,12/26/2022 4:43:51 PM,Netwtw08,8000,None,8000 - Miniport Halt flow (driver disable)
Warning,12/26/2022 4:43:51 PM,Microsoft-Windows-WLAN-AutoConfig,4003,None,"WLAN AutoConfig detected limited connectivity, attempting automatic recovery.

Recovery Type: 4
Error Code: 0x0
Trigger Reason: 1
IP Family: 0
"
Information,12/26/2022 4:43:36 PM,Netwtw08,7021,None,7021 - Connection telemetry fields and analysis usage
Information,12/26/2022 4:39:49 PM,Microsoft-Windows-Kernel-Power,566,(268),"The system session has transitioned from 10 to 12.

Reason InputAccelerometer 

BootId: 6"
Warning,12/26/2022 4:39:23 PM,Netwtw08,6062,None,6062 - Lso was triggered
Information,12/26/2022 4:32:13 PM,Netwtw08,7021,None,7021 - Connection telemetry fields and analysis usage
Information,12/26/2022 4:30:02 PM,Netwtw08,7021,None,7021 - Connection telemetry fields and analysis usage
Information,12/26/2022 4:29:59 PM,Microsoft-Windows-WLAN-AutoConfig,10001,None,"WLAN Extensibility Module has successfully started.

Module Path: C:\WINDOWS\system32\IntelIHVRouter08.dll
"
Warning,12/26/2022 4:29:59 PM,Microsoft-Windows-WLAN-AutoConfig,10002,None,"WLAN Extensibility Module has stopped.

Module Path: C:\WINDOWS\system32\IntelIHVRouter08.dll
"
Information,12/26/2022 4:29:59 PM,Netwtw08,7017,None,7017 - secure boot (SB) configuration
Information,12/26/2022 4:29:58 PM,Netwtw08,7010,None,7010 - driver enabled (miniport init)
Information,12/26/2022 4:29:58 PM,Netwtw08,7002,None,7002 - CTDP power limit value (SPLC)
Information,12/26/2022 4:29:58 PM,Netwtw08,7005,None,7005 - SAR value max TX power (WRDS)
Information,12/26/2022 4:29:58 PM,Netwtw08,7036,None,The \Device\NDMP26 service entered the Intel(R) Wireless-AC 9462 state.
Information,12/26/2022 4:29:58 PM,Netwtw08,8000,None,8000 - Miniport Halt flow (driver disable)
Warning,12/26/2022 4:29:58 PM,Microsoft-Windows-WLAN-AutoConfig,4003,None,"WLAN AutoConfig detected limited connectivity, attempting automatic recovery.

Recovery Type: 4
Error Code: 0x0
Trigger Reason: 1
IP Family: 0
"
Information,12/26/2022 4:29:42 PM,Netwtw08,7021,None,7021 - Connection telemetry fields and analysis usage
Information,12/26/2022 3:25:47 PM,Microsoft-Windows-Kernel-Power,566,(268),"The system session has transitioned from 9 to 10.

Reason SessionUnlock 

BootId: 6"
Information,12/26/2022 3:20:34 PM,Microsoft-Windows-Kernel-Power,566,(268),"The system session has transitioned from 7 to 9.

Reason InputAccelerometer 

BootId: 6"
Warning,12/26/2022 3:18:34 PM,Microsoft-Windows-DNS-Client,1014,(1014),Name resolution for the name self.events.data.microsoft.com timed out after none of the configured DNS servers responded. Client PID 16636.
Warning,12/26/2022 3:18:21 PM,Microsoft-Windows-DNS-Client,1014,(1014),Name resolution for the name g.live.com timed out after none of the configured DNS servers responded. Client PID 6908.
Information,12/26/2022 3:17:36 PM,Microsoft-Windows-Kernel-Power,566,(268),"The system session has transitioned from 6 to 7.

Reason SessionUnlock 

BootId: 6"
Warning,12/26/2022 3:13:26 PM,Netwtw08,6062,None,6062 - Lso was triggered
Information,12/26/2022 3:13:22 PM,Netwtw08,7021,None,7021 - Connection telemetry fields and analysis usage
Information,12/26/2022 3:13:19 PM,Microsoft-Windows-WLAN-AutoConfig,10001,None,"WLAN Extensibility Module has successfully started.

Module Path: C:\WINDOWS\system32\IntelIHVRouter08.dll
"
Warning,12/26/2022 3:13:19 PM,Microsoft-Windows-WLAN-AutoConfig,10002,None,"WLAN Extensibility Module has stopped.

Module Path: C:\WINDOWS\system32\IntelIHVRouter08.dll
"
Information,12/26/2022 3:13:19 PM,Netwtw08,7017,None,7017 - secure boot (SB) configuration
Information,12/26/2022 3:13:19 PM,Netwtw08,7010,None,7010 - driver enabled (miniport init)
Information,12/26/2022 3:13:19 PM,Netwtw08,7002,None,7002 - CTDP power limit value (SPLC)
Information,12/26/2022 3:13:19 PM,Netwtw08,7005,None,7005 - SAR value max TX power (WRDS)
Information,12/26/2022 3:13:19 PM,Netwtw08,7036,None,The \Device\NDMP23 service entered the Intel(R) Wireless-AC 9462 state.
Information,12/26/2022 3:13:18 PM,Netwtw08,8000,None,8000 - Miniport Halt flow (driver disable)
Warning,12/26/2022 3:13:18 PM,Microsoft-Windows-WLAN-AutoConfig,4003,None,"WLAN AutoConfig detected limited connectivity, attempting automatic recovery.

Recovery Type: 4
Error Code: 0x0
Trigger Reason: 1
IP Family: 0
"
Warning,12/26/2022 3:13:15 PM,Microsoft-Windows-DNS-Client,1014,(1014),Name resolution for the name p10.upd.kaspersky.com timed out after none of the configured DNS servers responded. Client PID 2872.
Information,12/26/2022 3:13:02 PM,Netwtw08,7021,None,7021 - Connection telemetry fields and analysis usage
Information,12/26/2022 3:12:30 PM,Netwtw08,7021,None,7021 - Connection telemetry fields and analysis usage
Information,12/26/2022 3:11:16 PM,Netwtw08,7021,None,7021 - Connection telemetry fields and analysis usage
Information,12/26/2022 3:11:12 PM,Netwtw08,7011,None,7011 - radio ON
Information,12/26/2022 3:11:11 PM,Netwtw08,7012,None,7012 - radio OFF
Information,12/26/2022 3:10:22 PM,Microsoft-Windows-Kernel-Power,566,(268),"The system session has transitioned from 4 to 6.

Reason InputAccelerometer 

BootId: 6"
Information,12/26/2022 3:09:55 PM,Netwtw08,7021,None,7021 - Connection telemetry fields and analysis usage
Information,12/26/2022 3:09:52 PM,Microsoft-Windows-WLAN-AutoConfig,10001,None,"WLAN Extensibility Module has successfully started.

Module Path: C:\WINDOWS\system32\IntelIHVRouter08.dll
"
Warning,12/26/2022 3:09:51 PM,Microsoft-Windows-WLAN-AutoConfig,10002,None,"WLAN Extensibility Module has stopped.

Module Path: C:\WINDOWS\system32\IntelIHVRouter08.dll
"
Information,12/26/2022 3:09:51 PM,Netwtw08,7017,None,7017 - secure boot (SB) configuration
Information,12/26/2022 3:09:51 PM,Netwtw08,7010,None,7010 - driver enabled (miniport init)
Information,12/26/2022 3:09:51 PM,Netwtw08,7002,None,7002 - CTDP power limit value (SPLC)
Information,12/26/2022 3:09:51 PM,Netwtw08,7005,None,7005 - SAR value max TX power (WRDS)
Information,12/26/2022 3:09:51 PM,Netwtw08,7036,None,The \Device\NDMP20 service entered the Intel(R) Wireless-AC 9462 state.
Information,12/26/2022 3:09:51 PM,Netwtw08,8000,None,8000 - Miniport Halt flow (driver disable)
Warning,12/26/2022 3:09:51 PM,Microsoft-Windows-WLAN-AutoConfig,4003,None,"WLAN AutoConfig detected limited connectivity, attempting automatic recovery.

Recovery Type: 4
Error Code: 0x0
Trigger Reason: 1
IP Family: 0
"
Information,12/26/2022 3:09:35 PM,Netwtw08,7021,None,7021 - Connection telemetry fields and analysis usage
Warning,12/26/2022 1:39:26 PM,Netwtw08,6062,None,6062 - Lso was triggered
Information,12/26/2022 1:32:40 PM,Netwtw08,7021,None,7021 - Connection telemetry fields and analysis usage
Information,12/26/2022 1:32:37 PM,Microsoft-Windows-WLAN-AutoConfig,10001,None,"WLAN Extensibility Module has successfully started.

Module Path: C:\WINDOWS\system32\IntelIHVRouter08.dll
"
Warning,12/26/2022 1:32:36 PM,Microsoft-Windows-WLAN-AutoConfig,10002,None,"WLAN Extensibility Module has stopped.

Module Path: C:\WINDOWS\system32\IntelIHVRouter08.dll
"
Information,12/26/2022 1:32:36 PM,Netwtw08,7017,None,7017 - secure boot (SB) configuration
Information,12/26/2022 1:32:36 PM,Netwtw08,7010,None,7010 - driver enabled (miniport init)
Information,12/26/2022 1:32:36 PM,Netwtw08,7002,None,7002 - CTDP power limit value (SPLC)
Information,12/26/2022 1:32:36 PM,Netwtw08,7005,None,7005 - SAR value max TX power (WRDS)
Information,12/26/2022 1:32:36 PM,Netwtw08,7036,None,The \Device\NDMP17 service entered the Intel(R) Wireless-AC 9462 state.
Information,12/26/2022 1:32:36 PM,Netwtw08,8000,None,8000 - Miniport Halt flow (driver disable)
Warning,12/26/2022 1:32:36 PM,Microsoft-Windows-WLAN-AutoConfig,4003,None,"WLAN AutoConfig detected limited connectivity, attempting automatic recovery.

Recovery Type: 4
Error Code: 0x0
Trigger Reason: 1
IP Family: 0
"
Information,12/26/2022 1:32:20 PM,Netwtw08,7021,None,7021 - Connection telemetry fields and analysis usage
Warning,12/26/2022 1:31:49 PM,Microsoft-Windows-DNS-Client,1014,(1014),Name resolution for the name dc1-st.ksn.kaspersky-labs.com timed out after none of the configured DNS servers responded. Client PID 4180.
Information,12/26/2022 1:23:58 PM,Netwtw08,7021,None,7021 - Connection telemetry fields and analysis usage
Information,12/26/2022 1:21:47 PM,Netwtw08,7021,None,7021 - Connection telemetry fields and analysis usage
Information,12/26/2022 1:21:44 PM,Microsoft-Windows-WLAN-AutoConfig,10001,None,"WLAN Extensibility Module has successfully started.

Module Path: C:\WINDOWS\system32\IntelIHVRouter08.dll
"
Warning,12/26/2022 1:21:44 PM,Microsoft-Windows-WLAN-AutoConfig,10002,None,"WLAN Extensibility Module has stopped.

Module Path: C:\WINDOWS\system32\IntelIHVRouter08.dll
"
Information,12/26/2022 1:21:43 PM,Netwtw08,7017,None,7017 - secure boot (SB) configuration
Information,12/26/2022 1:21:43 PM,Netwtw08,7010,None,7010 - driver enabled (miniport init)
Information,12/26/2022 1:21:43 PM,Netwtw08,7002,None,7002 - CTDP power limit value (SPLC)
Information,12/26/2022 1:21:43 PM,Netwtw08,7005,None,7005 - SAR value max TX power (WRDS)
Information,12/26/2022 1:21:43 PM,Netwtw08,7036,None,The \Device\NDMP14 service entered the Intel(R) Wireless-AC 9462 state.
Information,12/26/2022 1:21:43 PM,Netwtw08,8000,None,8000 - Miniport Halt flow (driver disable)
Warning,12/26/2022 1:21:43 PM,Microsoft-Windows-WLAN-AutoConfig,4003,None,"WLAN AutoConfig detected limited connectivity, attempting automatic recovery.

Recovery Type: 4
Error Code: 0x0
Trigger Reason: 1
IP Family: 0
"
Information,12/26/2022 1:21:27 PM,Netwtw08,7021,None,7021 - Connection telemetry fields and analysis usage
Warning,12/26/2022 1:21:07 PM,Microsoft-Windows-DNS-Client,1014,(1014),Name resolution for the name www.google.com timed out after none of the configured DNS servers responded. Client PID 12828.
Information,12/26/2022 1:03:59 PM,Microsoft-Windows-Kernel-Power,566,(268),"The system session has transitioned from 3 to 4.

Reason SessionUnlock 

BootId: 6"
Warning,12/26/2022 12:52:04 PM,Microsoft-Windows-DistributedCOM,10016,None,"The application-specific permission settings do not grant Local Activation permission for the COM Server application with CLSID 
{2593F8B9-4EAF-457C-B68A-50F6B8EA6B54}
 and APPID 
{15C20B67-12E7-4BB6-92BB-7AFF07997402}
 to the user Saezo\OzeasSantos SID (S-1-5-21-2173426690-2103480400-3118651004-1001) from address LocalHost (Using LRPC) running in the application container Unavailable SID (Unavailable). This security permission can be modified using the Component Services administrative tool."
Warning,12/26/2022 12:45:03 PM,Microsoft-Windows-DistributedCOM,10016,None,"The application-specific permission settings do not grant Local Activation permission for the COM Server application with CLSID 
{2593F8B9-4EAF-457C-B68A-50F6B8EA6B54}
 and APPID 
{15C20B67-12E7-4BB6-92BB-7AFF07997402}
 to the user Saezo\OzeasSantos SID (S-1-5-21-2173426690-2103480400-3118651004-1001) from address LocalHost (Using LRPC) running in the application container Unavailable SID (Unavailable). This security permission can be modified using the Component Services administrative tool."
Information,12/26/2022 12:40:34 PM,Microsoft-Windows-Kernel-Power,566,(268),"The system session has transitioned from 1 to 3.

Reason InputAccelerometer 

BootId: 6"
Information,12/26/2022 12:37:17 PM,Microsoft-Windows-Kernel-Power,566,(268),"The system session has transitioned from 0 to 1.

Reason SessionUnlock 

BootId: 6"
Information,12/26/2022 12:00:00 PM,EventLog,6013,None,The system uptime is 4870 seconds.
Warning,12/26/2022 11:45:25 AM,Microsoft-Windows-DistributedCOM,10016,None,"The application-specific permission settings do not grant Local Activation permission for the COM Server application with CLSID 
{2593F8B9-4EAF-457C-B68A-50F6B8EA6B54}
 and APPID 
{15C20B67-12E7-4BB6-92BB-7AFF07997402}
 to the user Saezo\OzeasSantos SID (S-1-5-21-2173426690-2103480400-3118651004-1001) from address LocalHost (Using LRPC) running in the application container Unavailable SID (Unavailable). This security permission can be modified using the Component Services administrative tool."
Information,12/26/2022 11:43:23 AM,Microsoft-Windows-Kernel-General,16,None,The access history in hive \??\C:\ProgramData\Microsoft\Provisioning\Microsoft-Desktop-Provisioning-Sequence.dat was cleared updating 0 keys and creating 0 modified pages.
Warning,12/26/2022 11:39:21 AM,Microsoft-Windows-DistributedCOM,10016,None,"The application-specific permission settings do not grant Local Activation permission for the COM Server application with CLSID 
{2593F8B9-4EAF-457C-B68A-50F6B8EA6B54}
 and APPID 
{15C20B67-12E7-4BB6-92BB-7AFF07997402}
 to the user Saezo\OzeasSantos SID (S-1-5-21-2173426690-2103480400-3118651004-1001) from address LocalHost (Using LRPC) running in the application container Unavailable SID (Unavailable). This security permission can be modified using the Component Services administrative tool."
Error,12/26/2022 11:33:04 AM,Microsoft-Windows-LanguagePackSetup,1042,Removing language pack,You cannot uninstall language pt-BR because the language is the system installed UI language.
Error,12/26/2022 11:32:34 AM,Microsoft-Windows-LanguagePackSetup,1042,Removing language pack,You cannot uninstall language pt-BR because the language is the system installed UI language.
Information,12/26/2022 11:31:25 AM,Microsoft-Windows-Kernel-General,16,None,The access history in hive \??\C:\Windows\System32\config\components was cleared updating 110721 keys and creating 8158 modified pages.
Warning,12/26/2022 11:09:46 AM,Microsoft-Windows-DistributedCOM,10016,None,"The application-specific permission settings do not grant Local Activation permission for the COM Server application with CLSID 
{2593F8B9-4EAF-457C-B68A-50F6B8EA6B54}
 and APPID 
{15C20B67-12E7-4BB6-92BB-7AFF07997402}
 to the user Saezo\OzeasSantos SID (S-1-5-21-2173426690-2103480400-3118651004-1001) from address LocalHost (Using LRPC) running in the application container Unavailable SID (Unavailable). This security permission can be modified using the Component Services administrative tool."
Warning,12/26/2022 11:09:33 AM,Microsoft-Windows-DistributedCOM,10016,None,"The application-specific permission settings do not grant Local Activation permission for the COM Server application with CLSID 
{2593F8B9-4EAF-457C-B68A-50F6B8EA6B54}
 and APPID 
{15C20B67-12E7-4BB6-92BB-7AFF07997402}
 to the user Saezo\OzeasSantos SID (S-1-5-21-2173426690-2103480400-3118651004-1001) from address LocalHost (Using LRPC) running in the application container Unavailable SID (Unavailable). This security permission can be modified using the Component Services administrative tool."
Information,12/26/2022 11:05:21 AM,Microsoft-Windows-Ntfs,98,None,Volume ?? (\Device\HarddiskVolumeShadowCopy5) is healthy.  No action is needed.
Information,12/26/2022 10:57:32 AM,Service Control Manager,7040,None,The start type of the DBUtilDrv2 Service service was changed from demand start to disabled.
Information,12/26/2022 10:57:31 AM,Service Control Manager,7045,None,"A service was installed in the system.

Service Name:  DBUtilDrv2 Service
Service File Name:  \SystemRoot\System32\drivers\DBUtilDrv2.sys
Service Type:  kernel mode driver
Service Start Type:  demand start
Service Account:  "
Information,12/26/2022 10:57:15 AM,Service Control Manager,7040,None,The start type of the Background Intelligent Transfer Service service was changed from demand start to auto start.
Warning,12/26/2022 10:56:57 AM,Microsoft-Windows-DistributedCOM,10016,None,"The application-specific permission settings do not grant Local Activation permission for the COM Server application with CLSID 
{2593F8B9-4EAF-457C-B68A-50F6B8EA6B54}
 and APPID 
{15C20B67-12E7-4BB6-92BB-7AFF07997402}
 to the user Saezo\OzeasSantos SID (S-1-5-21-2173426690-2103480400-3118651004-1001) from address LocalHost (Using LRPC) running in the application container Unavailable SID (Unavailable). This security permission can be modified using the Component Services administrative tool."
Information,12/26/2022 10:51:38 AM,Service Control Manager,7040,None,The start type of the Background Intelligent Transfer Service service was changed from auto start to demand start.
Information,12/26/2022 10:49:33 AM,Service Control Manager,7040,None,The start type of the Background Intelligent Transfer Service service was changed from demand start to auto start.
Information,12/26/2022 10:45:39 AM,Service Control Manager,7040,None,The start type of the Background Intelligent Transfer Service service was changed from auto start to demand start.
Information,12/26/2022 10:42:18 AM,Microsoft-Windows-HttpService,113,HTTP Configuration Property Trace Task,"Attempted to add URL (http://127.0.0.1:8884:127.0.0.1/) to URL group (0xFF00000220000001). Status: 0x0. Process Id 0x31C Executable path \Device\HarddiskVolume3\Program Files\Dell\SupportAssistAgent\bin\SupportAssistAgent.exe, User SYSTEM"
Information,12/26/2022 10:42:18 AM,Microsoft-Windows-HttpService,111,HTTP Configuration Property Trace Task,"Create URL group 0xFF00000220000001. Status 0x0. Process Id 0x31C Executable path \Device\HarddiskVolume3\Program Files\Dell\SupportAssistAgent\bin\SupportAssistAgent.exe, User SYSTEM"
Information,12/26/2022 10:42:18 AM,Microsoft-Windows-HttpService,112,HTTP Setup Trace Task,"Attempted to reserve URL http://127.0.0.1:8884:127.0.0.1/. Status 0x0. Process Id 0x31C Executable path \Device\HarddiskVolume3\Program Files\Dell\SupportAssistAgent\bin\SupportAssistAgent.exe, User SYSTEM"
Information,12/26/2022 10:42:18 AM,Microsoft-Windows-HttpEvent,15007,None,Reservation for namespace identified by URL prefix http://127.0.0.1:8884:127.0.0.1/ was successfully added.
Information,12/26/2022 10:42:18 AM,Microsoft-Windows-HttpEvent,15008,None,Reservation for namespace identified by URL prefix http://127.0.0.1:8884:127.0.0.1/ was successfully deleted.
Information,12/26/2022 10:42:18 AM,Microsoft-Windows-HttpService,112,HTTP Setup Trace Task,"Attempted to reserve URL http://127.0.0.1:8884:127.0.0.1/. Status 0xC0000035. Process Id 0x31C Executable path \Device\HarddiskVolume3\Program Files\Dell\SupportAssistAgent\bin\SupportAssistAgent.exe, User SYSTEM"
Information,12/26/2022 10:42:17 AM,Microsoft-Windows-Winlogon,7001,(1101),User Logon Notification for Customer Experience Improvement Program
Warning,12/26/2022 10:40:05 AM,Microsoft-Windows-Kernel-Processor-Power,37,(7),The speed of processor 7 in group 0 is being limited by system firmware. The processor has been in this reduced performance state for 71 seconds since the last report.
Warning,12/26/2022 10:39:09 AM,Netwtw08,6062,None,6062 - Lso was triggered
Information,12/26/2022 10:39:04 AM,Netwtw08,7021,None,7021 - Connection telemetry fields and analysis usage
Information,12/26/2022 10:39:04 AM,Microsoft-Windows-TPM-WMI,1025,None,The TPM was successfully provisioned and is now ready for use.
Information,12/26/2022 10:39:03 AM,Microsoft-Windows-TPM-WMI,1282,None,The TBS device identifier has been generated.
Information,12/26/2022 10:39:01 AM,TPM,18,None,This event triggers the Trusted Platform Module (TPM) provisioning/status check to run.
Information,12/26/2022 10:39:01 AM,Service Control Manager,7026,None,"The following boot-start or system-start driver(s) did not load: 
dam"
Information,12/26/2022 10:39:00 AM,Microsoft-Windows-UserModePowerService,12,(10),Process C:\Windows\System32\Intel\DPTF\esif_uf.exe (process ID:3980) reset policy scheme from {381b4222-f694-41f0-9685-ff5bb260df2e} to {381b4222-f694-41f0-9685-ff5bb260df2e}
Information,12/26/2022 10:39:00 AM,Microsoft-Windows-UserModePowerService,12,(10),Process C:\Windows\System32\Intel\DPTF\esif_uf.exe (process ID:3980) reset policy scheme from {381b4222-f694-41f0-9685-ff5bb260df2e} to {381b4222-f694-41f0-9685-ff5bb260df2e}
Information,12/26/2022 10:39:00 AM,Service Control Manager,7040,None,The start type of the cphs service was changed from auto start to demand start.
Information,12/26/2022 10:39:00 AM,Microsoft-Windows-UserModePowerService,12,(10),Process C:\Windows\System32\Intel\DPTF\esif_uf.exe (process ID:3980) reset policy scheme from {381b4222-f694-41f0-9685-ff5bb260df2e} to {381b4222-f694-41f0-9685-ff5bb260df2e}
Information,12/26/2022 10:39:00 AM,Microsoft-Windows-WLAN-AutoConfig,10001,None,"WLAN Extensibility Module has successfully started.

Module Path: C:\WINDOWS\system32\IntelIHVRouter08.dll
"
Information,12/26/2022 10:39:00 AM,Microsoft-Windows-WLAN-AutoConfig,4000,None,"WLAN AutoConfig service has successfully started.
"
Information,12/26/2022 10:39:00 AM,Microsoft-Windows-HttpService,112,HTTP Setup Trace Task,"Attempted to reserve URL http://127.0.0.1:8884:127.0.0.1/. Status 0x0. Process Id 0x4 Executable path , User SYSTEM"
Information,12/26/2022 10:39:00 AM,Microsoft-Windows-HttpService,112,HTTP Setup Trace Task,"Attempted to reserve URL http://+:10243/WMPNSSv4/. Status 0x0. Process Id 0x4 Executable path , User SYSTEM"
Information,12/26/2022 10:39:00 AM,Microsoft-Windows-HttpService,112,HTTP Setup Trace Task,"Attempted to reserve URL https://+:10245/WMPNSSv4/. Status 0x0. Process Id 0x4 Executable path , User SYSTEM"
Information,12/26/2022 10:39:00 AM,Microsoft-Windows-HttpService,112,HTTP Setup Trace Task,"Attempted to reserve URL http://+:5985/wsman/. Status 0x0. Process Id 0x4 Executable path , User SYSTEM"
Information,12/26/2022 10:39:00 AM,Microsoft-Windows-HttpService,112,HTTP Setup Trace Task,"Attempted to reserve URL http://+:47001/wsman/. Status 0x0. Process Id 0x4 Executable path , User SYSTEM"
Information,12/26/2022 10:39:00 AM,Microsoft-Windows-HttpService,112,HTTP Setup Trace Task,"Attempted to reserve URL https://+:5986/wsman/. Status 0x0. Process Id 0x4 Executable path , User SYSTEM"
Information,12/26/2022 10:39:00 AM,Microsoft-Windows-HttpService,112,HTTP Setup Trace Task,"Attempted to reserve URL http://+:10246/MDEServer/. Status 0x0. Process Id 0x4 Executable path , User SYSTEM"
Information,12/26/2022 10:39:00 AM,Microsoft-Windows-HttpService,112,HTTP Setup Trace Task,"Attempted to reserve URL http://*:2869/. Status 0x0. Process Id 0x4 Executable path , User SYSTEM"
Information,12/26/2022 10:39:00 AM,Microsoft-Windows-HttpService,112,HTTP Setup Trace Task,"Attempted to reserve URL http://+:10247/apps/. Status 0x0. Process Id 0x4 Executable path , User SYSTEM"
Information,12/26/2022 10:39:00 AM,Microsoft-Windows-HttpService,112,HTTP Setup Trace Task,"Attempted to reserve URL http://+:80/116B50EB-ECE2-41ac-8429-9F9E963361B7/. Status 0x0. Process Id 0x4 Executable path , User SYSTEM"
Information,12/26/2022 10:39:00 AM,Microsoft-Windows-HttpService,112,HTTP Setup Trace Task,"Attempted to reserve URL https://+:443/C574AC30-5794-4AEE-B1BB-6651C5315029/. Status 0x0. Process Id 0x4 Executable path , User SYSTEM"
Information,12/26/2022 10:39:00 AM,Microsoft-Windows-HttpService,112,HTTP Setup Trace Task,"Attempted to reserve URL http://+:80/0131501b-d67f-491b-9a40-c4bf27bcb4d4/. Status 0x0. Process Id 0x4 Executable path , User SYSTEM"
Information,12/26/2022 10:39:00 AM,Microsoft-Windows-HttpService,112,HTTP Setup Trace Task,"Attempted to reserve URL https://+:443/sra_{BA195980-CD49-458b-9E23-C84EE0ADCD75}/. Status 0x0. Process Id 0x4 Executable path , User SYSTEM"
Information,12/26/2022 10:39:00 AM,Microsoft-Windows-HttpService,112,HTTP Setup Trace Task,"Attempted to reserve URL http://+:3387/rdp/. Status 0x0. Process Id 0x4 Executable path , User SYSTEM"
Information,12/26/2022 10:39:00 AM,Microsoft-Windows-HttpService,112,HTTP Setup Trace Task,"Attempted to reserve URL https://+:3392/rdp/. Status 0x0. Process Id 0x4 Executable path , User SYSTEM"
Information,12/26/2022 10:39:00 AM,Microsoft-Windows-HttpService,112,HTTP Setup Trace Task,"Attempted to reserve URL https://*:5358/. Status 0x0. Process Id 0x4 Executable path , User SYSTEM"
Information,12/26/2022 10:39:00 AM,Microsoft-Windows-HttpService,112,HTTP Setup Trace Task,"Attempted to reserve URL http://+:80/Temporary_Listen_Addresses/. Status 0x0. Process Id 0x4 Executable path , User SYSTEM"
Information,12/26/2022 10:39:00 AM,Microsoft-Windows-HttpService,112,HTTP Setup Trace Task,"Attempted to reserve URL http://*:5357/. Status 0x0. Process Id 0x4 Executable path , User SYSTEM"
Information,12/26/2022 10:39:00 AM,RST Middleware,27,None,"Found passthru disk: SCSI Port: 0, SCSI Bus: 3, SCSI Target: 0, PCIe SSD, 256060514304 bytes, IM2P33F3 NVMe ADATA 256GB               "
Information,12/26/2022 10:39:00 AM,Microsoft-Windows-DHCPv6-Client,51046,Service State Event,DHCPv6 client service is started
Information,12/26/2022 10:39:00 AM,Microsoft-Windows-Dhcp-Client,50036,Service State Event,DHCPv4 client service is started
Information,12/26/2022 10:39:00 AM,Microsoft-Windows-Dhcp-Client,50103,Service State Event,DHCPv4 client registered for shutdown notification
Information,12/26/2022 10:39:00 AM,Microsoft-Windows-Dhcp-Client,50036,Service State Event,DHCPv4 client service is started
Information,12/26/2022 10:38:59 AM,Win32k,267,None,Touch/Touchpad Hardware Quality Assurance verification succeeded.
Information,12/26/2022 10:38:59 AM,Microsoft-Windows-FilterManager,6,None,"File System Filter 'bindflt' (10.0, ‎1990‎-‎09‎-‎03T00:15:47.000000000Z) has successfully loaded and registered with Filter Manager."
Information,12/26/2022 10:38:59 AM,Microsoft-Windows-FilterManager,6,None,"File System Filter 'storqosflt' (10.0, ‎2031‎-‎12‎-‎25T20:42:56.000000000Z) has successfully loaded and registered with Filter Manager."
Information,12/26/2022 10:38:59 AM,Microsoft-Windows-FilterManager,6,None,"File System Filter 'CldFlt' (10.0, ‎2089‎-‎08‎-‎24T10:59:14.000000000Z) has successfully loaded and registered with Filter Manager."
Information,12/26/2022 10:38:59 AM,Microsoft-Windows-FilterManager,1,None,"File System Filter 'CldFlt' (Version 10.0, ‎2089‎-‎08‎-‎24T10:59:14.000000000Z) unloaded successfully."
Information,12/26/2022 10:38:59 AM,Microsoft-Windows-FilterManager,6,None,"File System Filter 'CldFlt' (10.0, ‎2089‎-‎08‎-‎24T10:59:14.000000000Z) has successfully loaded and registered with Filter Manager."
Information,12/26/2022 10:38:59 AM,Microsoft-Windows-FilterManager,6,None,"File System Filter 'luafv' (10.0, ‎1976‎-‎09‎-‎16T08:02:14.000000000Z) has successfully loaded and registered with Filter Manager."
Information,12/26/2022 10:38:59 AM,Microsoft-Windows-FilterManager,6,None,"File System Filter 'wcifs' (10.0, ‎2051‎-‎09‎-‎09T04:23:39.000000000Z) has successfully loaded and registered with Filter Manager."
Information,12/26/2022 10:38:59 AM,Microsoft-Windows-FilterManager,6,None,"File System Filter 'bfs' (10.0, ‎2093‎-‎01‎-‎08T11:31:30.000000000Z) has successfully loaded and registered with Filter Manager."
Information,12/26/2022 10:38:58 AM,Microsoft-Windows-Directory-Services-SAM,16983,None,"The security account manager is now logging periodic summary events for remote clients that call legacy password change or set RPC methods.

For more information please see https://go.microsoft.com/fwlink/?linkid=2150956.
"
Information,12/26/2022 10:38:58 AM,Microsoft-Windows-Directory-Services-SAM,16977,None,"The domain is configured with the following minimum password length-related settings.

MinimumPasswordLength: 0

RelaxMinimumPasswordLengthLimits: 0

MinimumPasswordLengthAudit: -1

For more information see https://go.microsoft.com/fwlink/?LinkId=2097191.
"
Information,12/26/2022 10:38:58 AM,Microsoft-Windows-Directory-Services-SAM,16962,None,"Remote calls to the SAM database are being restricted using the default security descriptor: O:SYG:SYD:(A;;RC;;;BA).
For more information please see http://go.microsoft.com/fwlink/?LinkId=787651."
Warning,12/26/2022 10:38:58 AM,LsaSrv,6155,None,"LSA package is not signed as expected. This can cause unexpected behavior with Credential Guard.

PackageName: msv1_0"
Warning,12/26/2022 10:38:58 AM,LsaSrv,6155,None,"LSA package is not signed as expected. This can cause unexpected behavior with Credential Guard.

PackageName: sfapm"
Warning,12/26/2022 10:38:58 AM,LsaSrv,6155,None,"LSA package is not signed as expected. This can cause unexpected behavior with Credential Guard.

PackageName: schannel"
Warning,12/26/2022 10:38:58 AM,LsaSrv,6155,None,"LSA package is not signed as expected. This can cause unexpected behavior with Credential Guard.

PackageName: wdigest"
Warning,12/26/2022 10:38:58 AM,LsaSrv,6155,None,"LSA package is not signed as expected. This can cause unexpected behavior with Credential Guard.

PackageName: cloudap"
Warning,12/26/2022 10:38:58 AM,LsaSrv,6155,None,"LSA package is not signed as expected. This can cause unexpected behavior with Credential Guard.

PackageName: pku2u"
Warning,12/26/2022 10:38:58 AM,LsaSrv,6155,None,"LSA package is not signed as expected. This can cause unexpected behavior with Credential Guard.

PackageName: tspkg"
Warning,12/26/2022 10:38:58 AM,LsaSrv,6155,None,"LSA package is not signed as expected. This can cause unexpected behavior with Credential Guard.

PackageName: msv1_0"
Information,12/26/2022 10:38:58 AM,Win32k,267,None,Touch/Touchpad Hardware Quality Assurance verification succeeded.
Warning,12/26/2022 10:38:58 AM,LsaSrv,6155,None,"LSA package is not signed as expected. This can cause unexpected behavior with Credential Guard.

PackageName: kerberos"
Warning,12/26/2022 10:38:58 AM,LsaSrv,6155,None,"LSA package is not signed as expected. This can cause unexpected behavior with Credential Guard.

PackageName: negoexts"
Information,12/26/2022 10:38:58 AM,LsaSrv,6156,None,"Virtualization Based Security for Credential Guard auto enablement status.

Hardware Requirements:	1
Domain Joined:	0
Azure AD Joined:	0"
Warning,12/26/2022 10:38:58 AM,Microsoft-Windows-Wininit,15,None,Credential Guard and/or VBS Key Isolation are configured but the secure kernel is not running; continuing without them.
Information,12/26/2022 10:38:58 AM,Microsoft-Windows-Wininit,14,None,"Credential Guard configuration:

Registry Configuration: 0x2
Test Configuration: 0
Auto Enablement: 1"
Warning,12/26/2022 10:38:57 AM,rt640x64,1,None,Realtek PCIe GbE Family Controller is disconnected from network.
Warning,12/26/2022 10:38:54 AM,Microsoft-Windows-Kernel-PnP,219,(212),The driver \Driver\WUDFRd failed to load for the device USB\VID_27C6&PID_5301&MI_00\6&23cb0910&0&0000.
Information,12/26/2022 10:38:54 AM,Microsoft-Windows-DriverFrameworks-UserMode,10118,Startup of the UMDF reflector,"UMDF reflector is unable to connect to service control manager (SCM). This is expected during boot, when SCM has not started yet. Will retry when it starts."
Warning,12/26/2022 10:38:54 AM,Microsoft-Windows-Kernel-PnP,219,(212),The driver \Driver\WUDFRd failed to load for the device {DD8E82AE-334B-49A2-AEAE-AEB0FD5C40DD}\DetectionVerification\5&12b5aadc&0&0.
Information,12/26/2022 10:38:54 AM,Microsoft-Windows-DriverFrameworks-UserMode,10118,Startup of the UMDF reflector,"UMDF reflector is unable to connect to service control manager (SCM). This is expected during boot, when SCM has not started yet. Will retry when it starts."
Information,12/26/2022 10:38:54 AM,Netwtw08,7017,None,7017 - secure boot (SB) configuration
Information,12/26/2022 10:38:54 AM,Netwtw08,7010,None,7010 - driver enabled (miniport init)
Information,12/26/2022 10:38:54 AM,Netwtw08,7002,None,7002 - CTDP power limit value (SPLC)
Information,12/26/2022 10:38:54 AM,Netwtw08,7005,None,7005 - SAR value max TX power (WRDS)
Information,12/26/2022 10:38:54 AM,MEIx64,2,None,Intel(R) Management Engine Interface driver has started successfully.
Information,12/26/2022 10:38:54 AM,Netwtw08,7036,None,The \Device\NDMP2 service entered the Intel(R) Wireless-AC 9462 state.
Information,12/26/2022 10:38:54 AM,Microsoft-Windows-Kernel-Power,521,(220),Active battery count change.
Information,12/26/2022 10:38:54 AM,Microsoft-Windows-Kernel-Power,521,(220),Active battery count change.
Information,12/26/2022 10:38:54 AM,Microsoft-Windows-Kernel-Processor-Power,55,(47),"Processor 7 in group 0 exposes the following power management capabilities:

Idle state type: ACPI Idle (C) States (3 state(s))

Performance state type: ACPI Collaborative Processor Performance Control
Nominal Frequency (MHz): 1800
Maximum performance percentage: 216
Minimum performance percentage: 66
Minimum throttle percentage: 5"
Information,12/26/2022 10:38:54 AM,Microsoft-Windows-Kernel-Processor-Power,55,(47),"Processor 5 in group 0 exposes the following power management capabilities:

Idle state type: ACPI Idle (C) States (3 state(s))

Performance state type: ACPI Collaborative Processor Performance Control
Nominal Frequency (MHz): 1800
Maximum performance percentage: 216
Minimum performance percentage: 66
Minimum throttle percentage: 5"
Information,12/26/2022 10:38:54 AM,Microsoft-Windows-Kernel-Processor-Power,55,(47),"Processor 3 in group 0 exposes the following power management capabilities:

Idle state type: ACPI Idle (C) States (3 state(s))

Performance state type: ACPI Collaborative Processor Performance Control
Nominal Frequency (MHz): 1800
Maximum performance percentage: 216
Minimum performance percentage: 66
Minimum throttle percentage: 5"
Information,12/26/2022 10:38:54 AM,Microsoft-Windows-Kernel-Processor-Power,55,(47),"Processor 1 in group 0 exposes the following power management capabilities:

Idle state type: ACPI Idle (C) States (3 state(s))

Performance state type: ACPI Collaborative Processor Performance Control
Nominal Frequency (MHz): 1800
Maximum performance percentage: 216
Minimum performance percentage: 66
Minimum throttle percentage: 5"
Information,12/26/2022 10:38:54 AM,Microsoft-Windows-Kernel-Processor-Power,55,(47),"Processor 6 in group 0 exposes the following power management capabilities:

Idle state type: ACPI Idle (C) States (3 state(s))

Performance state type: ACPI Collaborative Processor Performance Control
Nominal Frequency (MHz): 1800
Maximum performance percentage: 216
Minimum performance percentage: 66
Minimum throttle percentage: 5"
Information,12/26/2022 10:38:54 AM,Microsoft-Windows-Kernel-Processor-Power,55,(47),"Processor 4 in group 0 exposes the following power management capabilities:

Idle state type: ACPI Idle (C) States (3 state(s))

Performance state type: ACPI Collaborative Processor Performance Control
Nominal Frequency (MHz): 1800
Maximum performance percentage: 216
Minimum performance percentage: 66
Minimum throttle percentage: 5"
Information,12/26/2022 10:38:54 AM,Microsoft-Windows-Kernel-Processor-Power,55,(47),"Processor 2 in group 0 exposes the following power management capabilities:

Idle state type: ACPI Idle (C) States (3 state(s))

Performance state type: ACPI Collaborative Processor Performance Control
Nominal Frequency (MHz): 1800
Maximum performance percentage: 216
Minimum performance percentage: 72
Minimum throttle percentage: 5"
Information,12/26/2022 10:38:54 AM,Microsoft-Windows-Kernel-Processor-Power,55,(47),"Processor 0 in group 0 exposes the following power management capabilities:

Idle state type: ACPI Idle (C) States (3 state(s))

Performance state type: ACPI Collaborative Processor Performance Control
Nominal Frequency (MHz): 1800
Maximum performance percentage: 216
Minimum performance percentage: 22
Minimum throttle percentage: 5"
Information,12/26/2022 10:38:53 AM,Microsoft-Windows-Kernel-General,24,(11),The time zone information was refreshed with exit reason 0. Current time zone bias is 180.
Information,12/26/2022 10:38:53 AM,Microsoft-Windows-Ntfs,98,None,Volume \\?\Volume{dcb0a130-2ef2-4533-af70-6eb186e56948} (\Device\HarddiskVolume4) is healthy.  No action is needed.
Warning,12/26/2022 10:38:53 AM,Microsoft-Windows-Kernel-PnP,219,(212),The driver \Driver\WUDFRd failed to load for the device PCI\VEN_8086&DEV_1903&SUBSYS_08C81028&REV_0C\3&11583659&0&20.
Information,12/26/2022 10:38:53 AM,Microsoft-Windows-DriverFrameworks-UserMode,10118,Startup of the UMDF reflector,"UMDF reflector is unable to connect to service control manager (SCM). This is expected during boot, when SCM has not started yet. Will retry when it starts."
Information,12/26/2022 10:38:52 AM,Microsoft-Windows-Kernel-Power,172,(203),"Connectivity state in standby: Disconnected, Reason: NIC compliance"
