Warning,12/25/2022 10:16:39 PM,Microsoft-Windows-DistributedCOM,10016,None,"The application-specific permission settings do not grant Local Activation permission for the COM Server application with CLSID 
{2593F8B9-4EAF-457C-B68A-50F6B8EA6B54}
 and APPID 
{15C20B67-12E7-4BB6-92BB-7AFF07997402}
 to the user Saezo\OzeasSantos SID (S-1-5-21-2173426690-2103480400-3118651004-1001) from address LocalHost (Using LRPC) running in the application container Unavailable SID (Unavailable). This security permission can be modified using the Component Services administrative tool."
Warning,12/25/2022 10:16:08 PM,Netwtw08,6062,None,6062 - Lso was triggered
Information,12/25/2022 10:16:04 PM,Netwtw08,7021,None,7021 - Connection telemetry fields and analysis usage
Information,12/25/2022 10:16:00 PM,Netwtw08,7011,None,7011 - radio ON
Information,12/25/2022 10:12:25 PM,Service Control Manager,7045,None,"A service was installed in the system.

Service Name:  FlexNet Licensing Service 64
Service File Name:  ""C:\Program Files\Common Files\Macrovision Shared\FlexNet Publisher\FNPLicensingService64.exe""
Service Type:  user mode service
Service Start Type:  auto start
Service Account:  LocalSystem"
Information,12/25/2022 10:07:16 PM,Netwtw08,7012,None,7012 - radio OFF
Information,12/25/2022 10:04:52 PM,Microsoft-Windows-WindowsUpdateClient,19,Windows Update Agent,Installation Successful: Windows successfully installed the following update: 2022-12 Cumulative Update for Windows 11 Version 22H2 for x64-based Systems (KB5021255)
Information,12/25/2022 10:04:51 PM,Service Control Manager,7040,None,The start type of the Windows Modules Installer service was changed from auto start to demand start.
Information,12/25/2022 10:03:47 PM,Service Control Manager,7040,None,The start type of the Windows Modules Installer service was changed from demand start to auto start.
Information,12/25/2022 10:03:39 PM,Microsoft-Windows-WindowsUpdateClient,43,Windows Update Agent,Installation Started: Windows has started installing the following update: 2022-12 Cumulative Update for Windows 11 Version 22H2 for x64-based Systems (KB5021255)
Information,12/25/2022 10:01:37 PM,Service Control Manager,7040,None,The start type of the Background Intelligent Transfer Service service was changed from auto start to demand start.
Warning,12/25/2022 9:54:39 PM,Netwtw08,6062,None,6062 - Lso was triggered
Information,12/25/2022 9:54:38 PM,Netwtw08,7021,None,7021 - Connection telemetry fields and analysis usage
Information,12/25/2022 9:54:35 PM,Netwtw08,7011,None,7011 - radio ON
Information,12/25/2022 9:54:31 PM,Netwtw08,7012,None,7012 - radio OFF
Information,12/25/2022 9:54:31 PM,Microsoft-Windows-HttpService,114,HTTP Configuration Property Trace Task,"Removed URL (http://*:2869/upnp/eventing/) from URL group (0xFE00000520000001). Process Id 0x1FD0 Executable path \Device\HarddiskVolume3\Windows\System32\svchost.exe, User LOCAL SERVICE"
Information,12/25/2022 9:51:09 PM,Microsoft-Windows-Kernel-General,11,None,"TxR init phase for hive \SystemRoot\System32\AppLocker\AppCache.dat (TM: {7e2fbd3a-84a0-11ed-bc8c-5ccd5b776bad}, RM: {7e2fbd39-84a0-11ed-bc8c-5ccd5b776bad}) finished with result=0xC0000022 (Internal code=7)."
Information,12/25/2022 9:50:21 PM,Service Control Manager,7045,None,"A service was installed in the system.

Service Name:  FlexNet Licensing Service 64
Service File Name:  ""C:\Program Files\Common Files\Macrovision Shared\FlexNet Publisher\FNPLicensingService64.exe""
Service Type:  user mode service
Service Start Type:  auto start
Service Account:  LocalSystem"
Information,12/25/2022 9:49:18 PM,Service Control Manager,7040,None,The start type of the Microsoft Defender Antivirus Mini-Filter Driver service was changed from boot start to demand start.
Information,12/25/2022 9:49:18 PM,Microsoft-Windows-FilterManager,1,None,"File System Filter 'WdFilter' (Version 10.0, ‎2006‎-‎11‎-‎02T18:54:47.000000000Z) unloaded successfully."
Information,12/25/2022 9:49:18 PM,Service Control Manager,7040,None,The start type of the Microsoft Defender Antivirus Boot Driver service was changed from boot start to demand start.
Information,12/25/2022 9:49:15 PM,Service Control Manager,7040,None,The start type of the Microsoft Defender Antivirus Service service was changed from auto start to demand start.
Information,12/25/2022 9:48:52 PM,Microsoft-Windows-WindowsUpdateClient,19,Windows Update Agent,Installation Successful: Windows successfully installed the following update: Security Intelligence Update for Microsoft Defender Antivirus - KB2267602 (Version 1.381.1080.0)
Information,12/25/2022 9:48:37 PM,Microsoft-Windows-WindowsUpdateClient,43,Windows Update Agent,Installation Started: Windows has started installing the following update: Security Intelligence Update for Microsoft Defender Antivirus - KB2267602 (Version 1.381.1080.0)
Information,12/25/2022 9:46:35 PM,Service Control Manager,7040,None,The start type of the Kaspersky Password Manager 10.2 Service service was changed from demand start to auto start.
Warning,12/25/2022 9:45:06 PM,Microsoft-Windows-DNS-Client,1014,(1014),Name resolution for the name marketplace.visualstudio.com timed out after none of the configured DNS servers responded. Client PID 14536.
Information,12/25/2022 9:37:40 PM,Microsoft-Windows-HttpService,113,HTTP Configuration Property Trace Task,"Attempted to add URL (http://*:2869/upnp/eventing/) to URL group (0xFE00000520000001). Status: 0x0. Process Id 0x1FD0 Executable path \Device\HarddiskVolume3\Windows\System32\svchost.exe, User LOCAL SERVICE"
Information,12/25/2022 9:37:40 PM,Microsoft-Windows-HttpService,114,HTTP Configuration Property Trace Task,"Removed URL (http://*:2869/upnp/eventing/) from URL group (0xFE00000420000008). Process Id 0x1FD0 Executable path \Device\HarddiskVolume3\Windows\System32\svchost.exe, User LOCAL SERVICE"
Information,12/25/2022 9:37:36 PM,Microsoft-Windows-HttpService,113,HTTP Configuration Property Trace Task,"Attempted to add URL (http://*:2869/upnp/eventing/) to URL group (0xFE00000420000008). Status: 0x0. Process Id 0x1FD0 Executable path \Device\HarddiskVolume3\Windows\System32\svchost.exe, User LOCAL SERVICE"
Information,12/25/2022 9:37:31 PM,Service Control Manager,7040,None,The start type of the Background Intelligent Transfer Service service was changed from demand start to auto start.
Information,12/25/2022 9:36:18 PM,Service Control Manager,7040,None,The start type of the Background Intelligent Transfer Service service was changed from auto start to demand start.
Information,12/25/2022 9:32:32 PM,Microsoft-Windows-WindowsUpdateClient,19,Windows Update Agent,Installation Successful: Windows successfully installed the following update: Windows Malicious Software Removal Tool x64 - v5.108 (KB890830)
Information,12/25/2022 9:31:54 PM,Service Control Manager,7040,None,The start type of the Background Intelligent Transfer Service service was changed from demand start to auto start.
Information,12/25/2022 9:29:56 PM,Microsoft-Windows-WindowsUpdateClient,43,Windows Update Agent,Installation Started: Windows has started installing the following update: Windows Malicious Software Removal Tool x64 - v5.108 (KB890830)
Information,12/25/2022 9:19:18 PM,Microsoft-Windows-WindowsUpdateClient,44,Windows Update Agent,Windows Update started downloading an update.
Information,12/25/2022 9:10:04 PM,Microsoft-Windows-Kernel-General,1,(5),"The system time has changed to ‎2022‎-‎12‎-‎26T00:10:04.280778800Z from ‎2022‎-‎12‎-‎26T00:10:04.280778800Z.
Time Delta: 0 ms

Change Reason: System time adjusted to the new time zone.
Process: '\Device\HarddiskVolume3\Windows\ImmersiveControlPanel\SystemSettings.exe' (PID 9356).

RTC time: ‎2022‎-‎12‎-‎25T21:10:04.280778800Z
Current time zone bias: 180
RTC time is in UTC: false
System time was based on RTC time: false"
Information,12/25/2022 9:10:04 PM,Microsoft-Windows-Kernel-General,24,(11),The time zone information was refreshed with exit reason 0. Current time zone bias is 180.
Information,12/25/2022 9:09:59 PM,Microsoft-Windows-Kernel-General,1,(5),"The system time has changed to ‎2022‎-‎12‎-‎26T00:09:59.017655300Z from ‎2022‎-‎12‎-‎26T00:09:59.017655300Z.
Time Delta: 0 ms

Change Reason: System time adjusted to the new time zone.
Process: '\Device\HarddiskVolume3\Windows\ImmersiveControlPanel\SystemSettings.exe' (PID 9356).

RTC time: ‎2022‎-‎12‎-‎25T21:09:59.017655300Z
Current time zone bias: 180
RTC time is in UTC: false
System time was based on RTC time: false"
Information,12/25/2022 9:09:59 PM,Microsoft-Windows-Kernel-General,24,(11),The time zone information was refreshed with exit reason 0. Current time zone bias is 180.
Information,12/25/2022 9:09:59 PM,Microsoft-Windows-Kernel-General,22,(8),The time zone bias has changed to 180 from 480.
Warning,12/25/2022 9:07:31 PM,Microsoft-Windows-DistributedCOM,10016,None,"The application-specific permission settings do not grant Local Activation permission for the COM Server application with CLSID 
{2593F8B9-4EAF-457C-B68A-50F6B8EA6B54}
 and APPID 
{15C20B67-12E7-4BB6-92BB-7AFF07997402}
 to the user Saezo\OzeasSantos SID (S-1-5-21-2173426690-2103480400-3118651004-1001) from address LocalHost (Using LRPC) running in the application container Unavailable SID (Unavailable). This security permission can be modified using the Component Services administrative tool."
Error,12/25/2022 8:52:51 PM,Microsoft-Windows-DistributedCOM,10010,None,The server {8CFC164F-4BE5-4FDD-94E9-E2AF73ED4A19} did not register with DCOM within the required timeout.
Information,12/25/2022 8:48:17 PM,Microsoft-Windows-WindowsUpdateClient,19,Windows Update Agent,Installation Successful: Windows successfully installed the following update: 9PDSCC711RVF-Microsoft.LanguageExperiencePacken-US
Information,12/25/2022 8:48:16 PM,Microsoft-Windows-WindowsUpdateClient,43,Windows Update Agent,Installation Started: Windows has started installing the following update: 9PDSCC711RVF-Microsoft.LanguageExperiencePacken-US
Information,12/25/2022 8:46:40 PM,Service Control Manager,7040,None,The start type of the Kaspersky Password Manager 10.2 Service service was changed from auto start to demand start.
Information,12/25/2022 8:46:36 PM,Service Control Manager,7045,None,"A service was installed in the system.

Service Name:  Kaspersky Password Manager 10.2 Service
Service File Name:  ""C:\Program Files (x86)\Kaspersky Lab\Kaspersky Password Manager 10.2\kpm_service.exe""
Service Type:  user mode service
Service Start Type:  auto start
Service Account:  .\LocalSystem"
Information,12/25/2022 8:45:08 PM,Microsoft-Windows-WindowsUpdateClient,44,Windows Update Agent,Windows Update started downloading an update.
Information,12/25/2022 8:43:57 PM,Service Control Manager,7040,None,The start type of the Background Intelligent Transfer Service service was changed from auto start to demand start.
Information,12/25/2022 8:41:52 PM,Service Control Manager,7040,None,The start type of the Background Intelligent Transfer Service service was changed from demand start to auto start.
Information,12/25/2022 8:41:32 PM,Microsoft-Windows-Kernel-General,16,None,The access history in hive \??\C:\Users\ozeas\AppData\Local\Packages\Microsoft.Windows.ShellExperienceHost_cw5n1h2txyewy\Settings\settings.dat was cleared updating 3 keys and creating 1 modified pages.
Information,12/25/2022 8:34:59 PM,Microsoft-Windows-Kernel-Power,566,(268),"The system session has transitioned from 7 to 9.

Reason InputPoUserPresent 

BootId: 3"
Information,12/25/2022 8:34:52 PM,Microsoft-Windows-Kernel-Power,566,(268),"The system session has transitioned from 6 to 7.

Reason SessionUnlock 

BootId: 3"
Information,12/25/2022 8:33:35 PM,Microsoft-Windows-HttpService,114,HTTP Configuration Property Trace Task,"Removed URL (http://*:2869/upnp/eventing/) from URL group (0xFE00000020000004). Process Id 0x1FD0 Executable path \Device\HarddiskVolume3\Windows\System32\svchost.exe, User LOCAL SERVICE"
Information,12/25/2022 8:33:35 PM,Service Control Manager,7040,None,The start type of the Background Intelligent Transfer Service service was changed from auto start to demand start.
Information,12/25/2022 8:27:58 PM,Microsoft-Windows-HttpService,113,HTTP Configuration Property Trace Task,"Attempted to add URL (http://*:2869/upnp/eventing/) to URL group (0xFE00000020000004). Status: 0x0. Process Id 0x1FD0 Executable path \Device\HarddiskVolume3\Windows\System32\svchost.exe, User LOCAL SERVICE"
Information,12/25/2022 8:27:58 PM,Microsoft-Windows-HttpService,114,HTTP Configuration Property Trace Task,"Removed URL (http://*:2869/upnp/eventing/) from URL group (0xFE00000420000007). Process Id 0x1FD0 Executable path \Device\HarddiskVolume3\Windows\System32\svchost.exe, User LOCAL SERVICE"
Information,12/25/2022 8:27:58 PM,Microsoft-Windows-HttpService,113,HTTP Configuration Property Trace Task,"Attempted to add URL (http://*:2869/upnp/eventing/) to URL group (0xFE00000420000007). Status: 0x0. Process Id 0x1FD0 Executable path \Device\HarddiskVolume3\Windows\System32\svchost.exe, User LOCAL SERVICE"
Information,12/25/2022 8:27:58 PM,Microsoft-Windows-HttpService,114,HTTP Configuration Property Trace Task,"Removed URL (http://*:2869/upnp/eventing/) from URL group (0xFE00000720000008). Process Id 0x1FD0 Executable path \Device\HarddiskVolume3\Windows\System32\svchost.exe, User LOCAL SERVICE"
Information,12/25/2022 8:27:17 PM,Microsoft-Windows-HttpService,113,HTTP Configuration Property Trace Task,"Attempted to add URL (http://*:2869/upnp/eventing/) to URL group (0xFE00000720000008). Status: 0x0. Process Id 0x1FD0 Executable path \Device\HarddiskVolume3\Windows\System32\svchost.exe, User LOCAL SERVICE"
Information,12/25/2022 8:27:17 PM,Microsoft-Windows-HttpService,114,HTTP Configuration Property Trace Task,"Removed URL (http://*:2869/upnp/eventing/) from URL group (0xFE00000020000003). Process Id 0x1FD0 Executable path \Device\HarddiskVolume3\Windows\System32\svchost.exe, User LOCAL SERVICE"
Information,12/25/2022 8:27:17 PM,Microsoft-Windows-HttpService,113,HTTP Configuration Property Trace Task,"Attempted to add URL (http://*:2869/upnp/eventing/) to URL group (0xFE00000020000003). Status: 0x0. Process Id 0x1FD0 Executable path \Device\HarddiskVolume3\Windows\System32\svchost.exe, User LOCAL SERVICE"
Information,12/25/2022 8:27:17 PM,Microsoft-Windows-HttpService,114,HTTP Configuration Property Trace Task,"Removed URL (http://*:2869/upnp/eventing/) from URL group (0xFE00000720000007). Process Id 0x1FD0 Executable path \Device\HarddiskVolume3\Windows\System32\svchost.exe, User LOCAL SERVICE"
Information,12/25/2022 8:26:43 PM,Microsoft-Windows-HttpService,113,HTTP Configuration Property Trace Task,"Attempted to add URL (http://*:2869/upnp/eventing/) to URL group (0xFE00000720000007). Status: 0x0. Process Id 0x1FD0 Executable path \Device\HarddiskVolume3\Windows\System32\svchost.exe, User LOCAL SERVICE"
Information,12/25/2022 8:26:43 PM,Microsoft-Windows-HttpService,114,HTTP Configuration Property Trace Task,"Removed URL (http://*:2869/upnp/eventing/) from URL group (0xFE00000720000006). Process Id 0x1FD0 Executable path \Device\HarddiskVolume3\Windows\System32\svchost.exe, User LOCAL SERVICE"
Information,12/25/2022 8:26:43 PM,Microsoft-Windows-HttpService,113,HTTP Configuration Property Trace Task,"Attempted to add URL (http://*:2869/upnp/eventing/) to URL group (0xFE00000720000006). Status: 0x0. Process Id 0x1FD0 Executable path \Device\HarddiskVolume3\Windows\System32\svchost.exe, User LOCAL SERVICE"
Information,12/25/2022 8:26:43 PM,Microsoft-Windows-HttpService,114,HTTP Configuration Property Trace Task,"Removed URL (http://*:2869/upnp/eventing/) from URL group (0xFE00000020000002). Process Id 0x1FD0 Executable path \Device\HarddiskVolume3\Windows\System32\svchost.exe, User LOCAL SERVICE"
Information,12/25/2022 8:26:21 PM,Microsoft-Windows-HttpService,113,HTTP Configuration Property Trace Task,"Attempted to add URL (http://*:2869/upnp/eventing/) to URL group (0xFE00000020000002). Status: 0x0. Process Id 0x1FD0 Executable path \Device\HarddiskVolume3\Windows\System32\svchost.exe, User LOCAL SERVICE"
Information,12/25/2022 8:26:21 PM,Microsoft-Windows-HttpService,114,HTTP Configuration Property Trace Task,"Removed URL (http://*:2869/upnp/eventing/) from URL group (0xFE00000720000005). Process Id 0x1FD0 Executable path \Device\HarddiskVolume3\Windows\System32\svchost.exe, User LOCAL SERVICE"
Information,12/25/2022 8:26:21 PM,Microsoft-Windows-HttpService,113,HTTP Configuration Property Trace Task,"Attempted to add URL (http://*:2869/upnp/eventing/) to URL group (0xFE00000720000005). Status: 0x0. Process Id 0x1FD0 Executable path \Device\HarddiskVolume3\Windows\System32\svchost.exe, User LOCAL SERVICE"
Information,12/25/2022 8:26:21 PM,Microsoft-Windows-HttpService,114,HTTP Configuration Property Trace Task,"Removed URL (http://*:2869/upnp/eventing/) from URL group (0xFE00000320000002). Process Id 0x1FD0 Executable path \Device\HarddiskVolume3\Windows\System32\svchost.exe, User LOCAL SERVICE"
Information,12/25/2022 8:25:58 PM,Microsoft-Windows-HttpService,113,HTTP Configuration Property Trace Task,"Attempted to add URL (http://*:2869/upnp/eventing/) to URL group (0xFE00000320000002). Status: 0x0. Process Id 0x1FD0 Executable path \Device\HarddiskVolume3\Windows\System32\svchost.exe, User LOCAL SERVICE"
Information,12/25/2022 8:25:58 PM,Microsoft-Windows-HttpService,114,HTTP Configuration Property Trace Task,"Removed URL (http://*:2869/upnp/eventing/) from URL group (0xFE00000020000001). Process Id 0x1FD0 Executable path \Device\HarddiskVolume3\Windows\System32\svchost.exe, User LOCAL SERVICE"
Information,12/25/2022 8:25:58 PM,Microsoft-Windows-HttpService,113,HTTP Configuration Property Trace Task,"Attempted to add URL (http://*:2869/upnp/eventing/) to URL group (0xFE00000020000001). Status: 0x0. Process Id 0x1FD0 Executable path \Device\HarddiskVolume3\Windows\System32\svchost.exe, User LOCAL SERVICE"
Information,12/25/2022 8:25:58 PM,Microsoft-Windows-HttpService,114,HTTP Configuration Property Trace Task,"Removed URL (http://*:2869/upnp/eventing/) from URL group (0xFE00000720000004). Process Id 0x1FD0 Executable path \Device\HarddiskVolume3\Windows\System32\svchost.exe, User LOCAL SERVICE"
Information,12/25/2022 8:25:51 PM,Microsoft-Windows-HttpService,113,HTTP Configuration Property Trace Task,"Attempted to add URL (http://*:2869/upnp/eventing/) to URL group (0xFE00000720000004). Status: 0x0. Process Id 0x1FD0 Executable path \Device\HarddiskVolume3\Windows\System32\svchost.exe, User LOCAL SERVICE"
Information,12/25/2022 8:25:51 PM,Microsoft-Windows-HttpService,114,HTTP Configuration Property Trace Task,"Removed URL (http://*:2869/upnp/eventing/) from URL group (0xFE00000720000003). Process Id 0x1FD0 Executable path \Device\HarddiskVolume3\Windows\System32\svchost.exe, User LOCAL SERVICE"
Information,12/25/2022 8:25:51 PM,Microsoft-Windows-HttpService,113,HTTP Configuration Property Trace Task,"Attempted to add URL (http://*:2869/upnp/eventing/) to URL group (0xFE00000720000003). Status: 0x0. Process Id 0x1FD0 Executable path \Device\HarddiskVolume3\Windows\System32\svchost.exe, User LOCAL SERVICE"
Information,12/25/2022 8:25:51 PM,Microsoft-Windows-HttpService,114,HTTP Configuration Property Trace Task,"Removed URL (http://*:2869/upnp/eventing/) from URL group (0xFE00000420000006). Process Id 0x1FD0 Executable path \Device\HarddiskVolume3\Windows\System32\svchost.exe, User LOCAL SERVICE"
Information,12/25/2022 8:25:22 PM,Microsoft-Windows-HttpService,113,HTTP Configuration Property Trace Task,"Attempted to add URL (http://*:2869/upnp/eventing/) to URL group (0xFE00000420000006). Status: 0x0. Process Id 0x1FD0 Executable path \Device\HarddiskVolume3\Windows\System32\svchost.exe, User LOCAL SERVICE"
Information,12/25/2022 8:25:22 PM,Microsoft-Windows-HttpService,114,HTTP Configuration Property Trace Task,"Removed URL (http://*:2869/upnp/eventing/) from URL group (0xFE00000420000005). Process Id 0x1FD0 Executable path \Device\HarddiskVolume3\Windows\System32\svchost.exe, User LOCAL SERVICE"
Information,12/25/2022 8:25:22 PM,Microsoft-Windows-HttpService,113,HTTP Configuration Property Trace Task,"Attempted to add URL (http://*:2869/upnp/eventing/) to URL group (0xFE00000420000005). Status: 0x0. Process Id 0x1FD0 Executable path \Device\HarddiskVolume3\Windows\System32\svchost.exe, User LOCAL SERVICE"
Information,12/25/2022 8:25:22 PM,Microsoft-Windows-HttpService,114,HTTP Configuration Property Trace Task,"Removed URL (http://*:2869/upnp/eventing/) from URL group (0xFE00000720000002). Process Id 0x1FD0 Executable path \Device\HarddiskVolume3\Windows\System32\svchost.exe, User LOCAL SERVICE"
Information,12/25/2022 8:24:31 PM,Microsoft-Windows-Kernel-General,16,None,The access history in hive \??\C:\Users\ozeas\AppData\Local\Packages\Microsoft.OneDriveSync_8wekyb3d8bbwe\Settings\settings.dat was cleared updating 3 keys and creating 1 modified pages.
Warning,12/25/2022 8:24:01 PM,Microsoft-Windows-DistributedCOM,10016,None,"The application-specific permission settings do not grant Local Activation permission for the COM Server application with CLSID 
{6B3B8D23-FA8D-40B9-8DBD-B950333E2C52}
 and APPID 
{4839DDB7-58C2-48F5-8283-E1D1807D0D7D}
 to the user NT AUTHORITY\LOCAL SERVICE SID (S-1-5-19) from address LocalHost (Using LRPC) running in the application container Unavailable SID (Unavailable). This security permission can be modified using the Component Services administrative tool."
Warning,12/25/2022 8:24:01 PM,Microsoft-Windows-DistributedCOM,10016,None,"The application-specific permission settings do not grant Local Activation permission for the COM Server application with CLSID 
{6B3B8D23-FA8D-40B9-8DBD-B950333E2C52}
 and APPID 
{4839DDB7-58C2-48F5-8283-E1D1807D0D7D}
 to the user NT AUTHORITY\LOCAL SERVICE SID (S-1-5-19) from address LocalHost (Using LRPC) running in the application container Unavailable SID (Unavailable). This security permission can be modified using the Component Services administrative tool."
Information,12/25/2022 8:24:01 PM,Microsoft-Windows-Winlogon,7001,(1101),User Logon Notification for Customer Experience Improvement Program
Information,12/25/2022 8:23:51 PM,Win32k,267,None,Touch/Touchpad Hardware Quality Assurance verification succeeded.
Information,12/25/2022 8:23:51 PM,Win32k,267,None,Touch/Touchpad Hardware Quality Assurance verification succeeded.
Information,12/25/2022 8:23:51 PM,Microsoft-Windows-Winlogon,7002,(1102),User Logoff Notification for Customer Experience Improvement Program
Error,12/25/2022 8:23:50 PM,Microsoft-Windows-DistributedCOM,10010,None,The server Microsoft.AAD.BrokerPlugin_1000.19580.1000.0_neutral_neutral_cw5n1h2txyewy!Windows.Security.Authentication.Web.Core.BackgroundGetTokenTask.ClassId.WebAccountProvider did not register with DCOM within the required timeout.
Information,12/25/2022 8:23:49 PM,Microsoft-Windows-Kernel-General,16,None,The access history in hive \??\C:\WINDOWS\system32\Microsoft\Protect\Recovery\Recovery.dat was cleared updating 0 keys and creating 0 modified pages.
Information,12/25/2022 8:23:48 PM,Microsoft-Windows-HttpService,113,HTTP Configuration Property Trace Task,"Attempted to add URL (http://*:2869/upnp/eventing/) to URL group (0xFE00000720000002). Status: 0x0. Process Id 0x1FD0 Executable path \Device\HarddiskVolume3\Windows\System32\svchost.exe, User LOCAL SERVICE"
Information,12/25/2022 8:23:48 PM,Microsoft-Windows-HttpService,114,HTTP Configuration Property Trace Task,"Removed URL (http://*:2869/upnp/eventing/) from URL group (0xFE00000720000001). Process Id 0x1FD0 Executable path \Device\HarddiskVolume3\Windows\System32\svchost.exe, User LOCAL SERVICE"
Information,12/25/2022 8:23:48 PM,Microsoft-Windows-HttpService,113,HTTP Configuration Property Trace Task,"Attempted to add URL (http://*:2869/upnp/eventing/) to URL group (0xFE00000720000001). Status: 0x0. Process Id 0x1FD0 Executable path \Device\HarddiskVolume3\Windows\System32\svchost.exe, User LOCAL SERVICE"
Information,12/25/2022 8:21:12 PM,Service Control Manager,7040,None,The start type of the IKE and AuthIP IPsec Keying Modules service was changed from demand start to auto start.
Information,12/25/2022 8:21:11 PM,Service Control Manager,7045,None,"A service was installed in the system.

Service Name:  klids
Service File Name:  C:\ProgramData\Kaspersky Lab\AVP21.3\Bases\klids.sys
Service Type:  kernel mode driver
Service Start Type:  demand start
Service Account:  "
Information,12/25/2022 8:21:09 PM,Service Control Manager,7045,None,"A service was installed in the system.

Service Name:  Serviço do Kaspersky VPN Secure Connection 5.3
Service File Name:  ""C:\Program Files (x86)\Kaspersky Lab\Kaspersky VPN 5.3\ksde.exe"" -r
Service Type:  user mode service
Service Start Type:  auto start
Service Account:  LocalSystem"
Information,12/25/2022 8:21:09 PM,Service Control Manager,7045,None,"A service was installed in the system.

Service Name:  Kaspersky Security Data Escort Adapter
Service File Name:  \SystemRoot\System32\drivers\kltap.sys
Service Type:  kernel mode driver
Service Start Type:  demand start
Service Account:  "
Error,12/25/2022 8:21:00 PM,Service Control Manager,7006,None,"The ScRegSetValueExW call failed for Start with the following error: 
Access is denied."
Information,12/25/2022 8:20:57 PM,Service Control Manager,7045,None,"A service was installed in the system.

Service Name:  Kaspersky Volume Shadow Copy Service Bridge 21.3
Service File Name:  ""C:\Program Files (x86)\Kaspersky Lab\Kaspersky Internet Security 21.3\x64\vssbridge64.exe""
Service Type:  user mode service
Service Start Type:  demand start
Service Account:  LocalSystem"
Information,12/25/2022 8:20:57 PM,Service Control Manager,7045,None,"A service was installed in the system.

Service Name:  Serviço do Kaspersky Anti-Virus 21.3
Service File Name:  ""C:\Program Files (x86)\Kaspersky Lab\Kaspersky Internet Security 21.3\avp.exe"" -r
Service Type:  user mode service
Service Start Type:  auto start
Service Account:  LocalSystem"
Information,12/25/2022 8:20:56 PM,Service Control Manager,7045,None,"A service was installed in the system.

Service Name:  Kaspersky Lab KLMOUFLT
Service File Name:  \SystemRoot\system32\DRIVERS\klmouflt.sys
Service Type:  kernel mode driver
Service Start Type:  demand start
Service Account:  "
Information,12/25/2022 8:20:56 PM,Service Control Manager,7045,None,"A service was installed in the system.

Service Name:  Kaspersky Lab KlKbdFlt2
Service File Name:  \SystemRoot\system32\DRIVERS\klkbdflt2.sys
Service Type:  kernel mode driver
Service Start Type:  demand start
Service Account:  "
Information,12/25/2022 8:20:56 PM,Service Control Manager,7045,None,"A service was installed in the system.

Service Name:  Kaspersky Lab KLKBDFLT
Service File Name:  \SystemRoot\system32\DRIVERS\klkbdflt.sys
Service Type:  kernel mode driver
Service Start Type:  demand start
Service Account:  "
Information,12/25/2022 8:20:56 PM,Service Control Manager,7045,None,"A service was installed in the system.

Service Name:  Kaspersky Lab klbackupflt
Service File Name:  system32\DRIVERS\klbackupflt.sys
Service Type:  kernel mode driver
Service Start Type:  system start
Service Account:  "
Information,12/25/2022 8:20:56 PM,Service Control Manager,7045,None,"A service was installed in the system.

Service Name:  klelam
Service File Name:  system32\DRIVERS\klelam.sys
Service Type:  kernel mode driver
Service Start Type:  boot start
Service Account:  "
Information,12/25/2022 8:20:56 PM,Service Control Manager,7045,None,"A service was installed in the system.

Service Name:  Kaspersky Lab klbackupdisk
Service File Name:  \SystemRoot\system32\DRIVERS\klbackupdisk.sys
Service Type:  kernel mode driver
Service Start Type:  system start
Service Account:  "
Information,12/25/2022 8:20:56 PM,Service Control Manager,7045,None,"A service was installed in the system.

Service Name:  kldisk
Service File Name:  \SystemRoot\system32\DRIVERS\kldisk.sys
Service Type:  kernel mode driver
Service Start Type:  system start
Service Account:  "
Information,12/25/2022 8:20:56 PM,Service Control Manager,7045,None,"A service was installed in the system.

Service Name:  Kaspersky Lab format recognizer driver
Service File Name:  system32\DRIVERS\klpd.sys
Service Type:  kernel mode driver
Service Start Type:  system start
Service Account:  "
Information,12/25/2022 8:20:56 PM,Service Control Manager,7045,None,"A service was installed in the system.

Service Name:  Kaspersky Lab klpnpflt
Service File Name:  \SystemRoot\system32\DRIVERS\klpnpflt.sys
Service Type:  kernel mode driver
Service Start Type:  system start
Service Account:  "
Information,12/25/2022 8:20:56 PM,Service Control Manager,7045,None,"A service was installed in the system.

Service Name:  kneps
Service File Name:  \SystemRoot\system32\DRIVERS\kneps.sys
Service Type:  kernel mode driver
Service Start Type:  system start
Service Account:  "
Information,12/25/2022 8:20:55 PM,Service Control Manager,7045,None,"A service was installed in the system.

Service Name:  Kaspersky Anti-Virus NDIS 6 Filter
Service File Name:  \SystemRoot\system32\DRIVERS\klim6.sys
Service Type:  kernel mode driver
Service Start Type:  system start
Service Account:  "
Information,12/25/2022 8:20:55 PM,Service Control Manager,7045,None,"A service was installed in the system.

Service Name:  AO Kaspersky Lab Cryptographic Module x64 (56 bit)
Service File Name:  system32\DRIVERS\cm_km.sys
Service Type:  kernel mode driver
Service Start Type:  boot start
Service Account:  "
Information,12/25/2022 8:20:55 PM,Service Control Manager,7045,None,"A service was installed in the system.

Service Name:  klwfp
Service File Name:  \SystemRoot\system32\DRIVERS\klwfp.sys
Service Type:  kernel mode driver
Service Start Type:  system start
Service Account:  "
Information,12/25/2022 8:20:54 PM,Service Control Manager,7045,None,"A service was installed in the system.

Service Name:  KLwtp - WFP callout traffic inspector
Service File Name:  \SystemRoot\system32\DRIVERS\klwtp.sys
Service Type:  kernel mode driver
Service Start Type:  system start
Service Account:  "
Information,12/25/2022 8:20:54 PM,Service Control Manager,7045,None,"A service was installed in the system.

Service Name:  Kaspersky Lab Security Extender Driver
Service File Name:  system32\DRIVERS\klgse.sys
Service Type:  kernel mode driver
Service Start Type:  system start
Service Account:  "
Information,12/25/2022 8:20:54 PM,Service Control Manager,7045,None,"A service was installed in the system.

Service Name:  Kaspersky Lab service driver
Service File Name:  \SystemRoot\system32\DRIVERS\klhk.sys
Service Type:  kernel mode driver
Service Start Type:  system start
Service Account:  "
Information,12/25/2022 8:20:43 PM,Microsoft-Windows-FilterManager,6,None,"File System Filter 'KLIF' (10.0, ‎2021‎-‎12‎-‎18T08:18:52.000000000Z) has successfully loaded and registered with Filter Manager."
Information,12/25/2022 8:20:43 PM,Service Control Manager,7040,None,The start type of the Kaspersky Lab Driver service was changed from system start to demand start.
Information,12/25/2022 8:20:43 PM,Service Control Manager,7045,None,"A service was installed in the system.

Service Name:  Kaspersky Lab Kernel DLL
Service File Name:  \SystemRoot\system32\DRIVERS\klflt.sys
Service Type:  kernel mode driver
Service Start Type:  system start
Service Account:  "
Information,12/25/2022 8:20:43 PM,Service Control Manager,7045,None,"A service was installed in the system.

Service Name:  Kaspersky Lab Driver
Service File Name:  system32\DRIVERS\klif.sys
Service Type:  kernel mode driver
Service Start Type:  system start
Service Account:  "
Information,12/25/2022 8:17:17 PM,Microsoft-Windows-Kernel-Power,566,(268),"The system session has transitioned from 4 to 6.

Reason InputPoUserPresent 

BootId: 3"
Information,12/25/2022 8:14:17 PM,Microsoft-Windows-Kernel-Power,566,(268),"The system session has transitioned from 3 to 4.

Reason SessionUnlock 

BootId: 3"
Information,12/25/2022 8:13:22 PM,Microsoft-Windows-WindowsUpdateClient,19,Windows Update Agent,Installation Successful: Windows successfully installed the following update: 2022-10 Update for Windows 11 Version 22H2 for x64-based Systems (KB4023057)
Information,12/25/2022 8:13:22 PM,Service Control Manager,7045,None,"A service was installed in the system.

Service Name:  Microsoft Update Health Service
Service File Name:  ""C:\Program Files\Microsoft Update Health Tools\uhssvc.exe""
Service Type:  user mode service
Service Start Type:  disabled
Service Account:  LocalSystem"
Information,12/25/2022 8:13:21 PM,Microsoft-Windows-WindowsUpdateClient,43,Windows Update Agent,Installation Started: Windows has started installing the following update: 2022-10 Update for Windows 11 Version 22H2 for x64-based Systems (KB4023057)
Information,12/25/2022 8:09:17 PM,Microsoft-Windows-Kernel-Power,566,(268),"The system session has transitioned from 1 to 3.

Reason InputPoUserPresent 

BootId: 3"
Information,12/25/2022 8:09:10 PM,Microsoft-Windows-Kernel-Power,566,(268),"The system session has transitioned from 0 to 1.

Reason SessionUnlock 

BootId: 3"
Warning,12/25/2022 8:00:07 PM,Microsoft-Windows-DistributedCOM,10016,None,"The application-specific permission settings do not grant Local Activation permission for the COM Server application with CLSID 
{2593F8B9-4EAF-457C-B68A-50F6B8EA6B54}
 and APPID 
{15C20B67-12E7-4BB6-92BB-7AFF07997402}
 to the user Saezo\ozeas SID (S-1-5-21-2173426690-2103480400-3118651004-1001) from address LocalHost (Using LRPC) running in the application container Unavailable SID (Unavailable). This security permission can be modified using the Component Services administrative tool."
Information,12/25/2022 7:59:39 PM,Service Control Manager,7040,None,The start type of the Windows Modules Installer service was changed from auto start to demand start.
Information,12/25/2022 7:59:22 PM,Service Control Manager,7040,None,The start type of the Windows Modules Installer service was changed from demand start to auto start.
Information,12/25/2022 7:59:17 PM,Microsoft-Windows-WindowsUpdateClient,44,Windows Update Agent,Windows Update started downloading an update.
Information,12/25/2022 7:59:11 PM,Microsoft-Windows-WindowsUpdateClient,44,Windows Update Agent,Windows Update started downloading an update.
Information,12/25/2022 7:59:11 PM,Microsoft-Windows-WindowsUpdateClient,44,Windows Update Agent,Windows Update started downloading an update.
Information,12/25/2022 7:58:59 PM,Microsoft-Windows-WindowsUpdateClient,44,Windows Update Agent,Windows Update started downloading an update.
Warning,12/25/2022 7:55:00 PM,Microsoft-Windows-DistributedCOM,10016,None,"The machine-default permission settings do not grant Local Activation permission for the COM Server application with CLSID 
{C2F03A33-21F5-47FA-B4BB-156362A2F239}
 and APPID 
{316CDED5-E4AE-4B15-9113-7055D84DCC97}
 to the user Saezo\ozeas SID (S-1-5-21-2173426690-2103480400-3118651004-1001) from address LocalHost (Using LRPC) running in the application container microsoft.windowscommunicationsapps_16005.14326.21238.0_x64__8wekyb3d8bbwe SID (S-1-15-2-2551677095-2355568638-4209445997-2436930744-3692183382-387691378-1866284433). This security permission can be modified using the Component Services administrative tool."
Information,12/25/2022 7:54:35 PM,Microsoft-Windows-Kernel-General,16,None,The access history in hive \??\C:\Users\ozeas\AppData\Local\Packages\Microsoft.Windows.CloudExperienceHost_cw5n1h2txyewy\Settings\settings.dat was cleared updating 3 keys and creating 1 modified pages.
Information,12/25/2022 7:47:45 PM,Microsoft-Windows-Kernel-General,16,None,The access history in hive \??\C:\Users\ozeas\AppData\Local\Packages\Microsoft.WindowsAlarms_8wekyb3d8bbwe\Settings\settings.dat was cleared updating 3 keys and creating 1 modified pages.
Information,12/25/2022 7:43:56 PM,Microsoft-Windows-Ntfs,98,None,Volume ?? (\Device\HarddiskVolumeShadowCopy1) is healthy.  No action is needed.
Warning,12/25/2022 7:34:11 PM,Microsoft-Windows-DistributedCOM,10016,None,"The application-specific permission settings do not grant Local Activation permission for the COM Server application with CLSID 
{2593F8B9-4EAF-457C-B68A-50F6B8EA6B54}
 and APPID 
{15C20B67-12E7-4BB6-92BB-7AFF07997402}
 to the user Saezo\ozeas SID (S-1-5-21-2173426690-2103480400-3118651004-1001) from address LocalHost (Using LRPC) running in the application container Unavailable SID (Unavailable). This security permission can be modified using the Component Services administrative tool."
Information,12/25/2022 7:33:14 PM,Microsoft-Windows-Kernel-General,16,None,The access history in hive \??\C:\Users\ozeas\AppData\Local\Packages\Microsoft.BingWeather_8wekyb3d8bbwe\Settings\settings.dat was cleared updating 3 keys and creating 1 modified pages.
Information,12/25/2022 7:33:09 PM,Microsoft-Windows-Kernel-General,16,None,The access history in hive \??\C:\Users\ozeas\AppData\Local\Packages\Microsoft.MicrosoftOfficeHub_8wekyb3d8bbwe\Settings\settings.dat was cleared updating 3 keys and creating 1 modified pages.
Information,12/25/2022 7:32:52 PM,Microsoft-Windows-WindowsUpdateClient,19,Windows Update Agent,Installation Successful: Windows successfully installed the following update: 9WZDNCRFJ3P2-MICROSOFT.ZUNEVIDEO
Information,12/25/2022 7:32:51 PM,Microsoft-Windows-WindowsUpdateClient,43,Windows Update Agent,Installation Started: Windows has started installing the following update: 9WZDNCRFJ3P2-MICROSOFT.ZUNEVIDEO
Information,12/25/2022 7:32:42 PM,Microsoft-Windows-Kernel-General,16,None,The access history in hive \??\C:\Users\ozeas\AppData\Local\Packages\Microsoft.YourPhone_8wekyb3d8bbwe\Settings\settings.dat was cleared updating 3 keys and creating 1 modified pages.
Information,12/25/2022 7:32:38 PM,Microsoft-Windows-Kernel-General,16,None,The access history in hive \??\C:\Users\ozeas\AppData\Local\Packages\microsoft.windowscommunicationsapps_8wekyb3d8bbwe\Settings\settings.dat was cleared updating 3 keys and creating 1 modified pages.
Information,12/25/2022 7:32:18 PM,Microsoft-Windows-WindowsUpdateClient,44,Windows Update Agent,Windows Update started downloading an update.
Information,12/25/2022 7:32:18 PM,Microsoft-Windows-WindowsUpdateClient,44,Windows Update Agent,Windows Update started downloading an update.
Information,12/25/2022 7:32:18 PM,Microsoft-Windows-WindowsUpdateClient,44,Windows Update Agent,Windows Update started downloading an update.
Information,12/25/2022 7:31:54 PM,Microsoft-Windows-WindowsUpdateClient,44,Windows Update Agent,Windows Update started downloading an update.
Information,12/25/2022 7:27:15 PM,Microsoft-Windows-Kernel-General,16,None,The access history in hive \??\C:\ProgramData\Microsoft\Provisioning\Microsoft-Desktop-Provisioning-Sequence.dat was cleared updating 0 keys and creating 0 modified pages.
Information,12/25/2022 7:22:47 PM,Microsoft-Windows-HttpService,114,HTTP Configuration Property Trace Task,"Removed URL (http://*:2869/upnp/eventing/) from URL group (0xFE00000620000003). Process Id 0x1FD0 Executable path \Device\HarddiskVolume3\Windows\System32\svchost.exe, User LOCAL SERVICE"
Information,12/25/2022 7:22:33 PM,Microsoft-Windows-HttpService,113,HTTP Configuration Property Trace Task,"Attempted to add URL (http://*:2869/upnp/eventing/) to URL group (0xFE00000620000003). Status: 0x0. Process Id 0x1FD0 Executable path \Device\HarddiskVolume3\Windows\System32\svchost.exe, User LOCAL SERVICE"
Information,12/25/2022 7:22:33 PM,Microsoft-Windows-HttpService,114,HTTP Configuration Property Trace Task,"Removed URL (http://*:2869/upnp/eventing/) from URL group (0xFE00000420000004). Process Id 0x1FD0 Executable path \Device\HarddiskVolume3\Windows\System32\svchost.exe, User LOCAL SERVICE"
Information,12/25/2022 7:22:33 PM,Microsoft-Windows-HttpService,113,HTTP Configuration Property Trace Task,"Attempted to add URL (http://*:2869/upnp/eventing/) to URL group (0xFE00000420000004). Status: 0x0. Process Id 0x1FD0 Executable path \Device\HarddiskVolume3\Windows\System32\svchost.exe, User LOCAL SERVICE"
Information,12/25/2022 7:22:33 PM,Microsoft-Windows-HttpService,114,HTTP Configuration Property Trace Task,"Removed URL (http://*:2869/upnp/eventing/) from URL group (0xFE00000620000002). Process Id 0x1FD0 Executable path \Device\HarddiskVolume3\Windows\System32\svchost.exe, User LOCAL SERVICE"
Information,12/25/2022 7:21:09 PM,Microsoft-Windows-HttpService,113,HTTP Configuration Property Trace Task,"Attempted to add URL (http://*:2869/upnp/eventing/) to URL group (0xFE00000620000002). Status: 0x0. Process Id 0x1FD0 Executable path \Device\HarddiskVolume3\Windows\System32\svchost.exe, User LOCAL SERVICE"
Information,12/25/2022 7:21:09 PM,Microsoft-Windows-HttpService,114,HTTP Configuration Property Trace Task,"Removed URL (http://*:2869/upnp/eventing/) from URL group (0xFE00000620000001). Process Id 0x1FD0 Executable path \Device\HarddiskVolume3\Windows\System32\svchost.exe, User LOCAL SERVICE"
Information,12/25/2022 7:21:09 PM,Microsoft-Windows-HttpService,113,HTTP Configuration Property Trace Task,"Attempted to add URL (http://*:2869/upnp/eventing/) to URL group (0xFE00000620000001). Status: 0x0. Process Id 0x1FD0 Executable path \Device\HarddiskVolume3\Windows\System32\svchost.exe, User LOCAL SERVICE"
Information,12/25/2022 7:21:09 PM,Microsoft-Windows-HttpService,114,HTTP Configuration Property Trace Task,"Removed URL (http://*:2869/upnp/eventing/) from URL group (0xFE00000420000003). Process Id 0x1FD0 Executable path \Device\HarddiskVolume3\Windows\System32\svchost.exe, User LOCAL SERVICE"
Information,12/25/2022 7:20:10 PM,Microsoft-Windows-UserPnp,20003,(7005),Driver Management has concluded the process to add Service WUDFWpdFs for Device Instance ID SWD\WPDBUSENUM\{7E2FAFE9-84A0-11ED-BC8C-5CCD5B776BAD}#0000000000100000 with the following status: 0.
Information,12/25/2022 7:20:09 PM,Service Control Manager,7045,None,"A service was installed in the system.

Service Name:  WPD File System driver
Service File Name:  \SystemRoot\system32\DRIVERS\WUDFRd.sys
Service Type:  kernel mode driver
Service Start Type:  demand start
Service Account:  "
Information,12/25/2022 7:20:09 PM,Microsoft-Windows-DriverFrameworks-UserMode,10100,Installation or update of device drivers.,The driver package installation has succeeded.
Information,12/25/2022 7:20:09 PM,Microsoft-Windows-DriverFrameworks-UserMode,10001,Installation or update of device drivers.,The UMDF service WpdFs (CLSID {112de495-ac4c-46f8-b663-6a4266c53313}) was installed.  It requires framework version 2.33.0 or higher.
Information,12/25/2022 7:20:09 PM,Microsoft-Windows-DriverFrameworks-UserMode,10000,Installation or update of device drivers.,A driver package which uses user-mode driver framework version 2.33.0 is being installed on device SWD\WPDBUSENUM\{7E2FAFE9-84A0-11ED-BC8C-5CCD5B776BAD}#0000000000100000.
Information,12/25/2022 7:20:10 PM,Microsoft-Windows-WPDClassInstaller,24579,Driver Post-Install Configuration,Autoplay registration was skipped for device %1.
Information,12/25/2022 7:20:10 PM,Microsoft-Windows-WPDClassInstaller,24577,Driver Post-Install Configuration,"Media player and imaging program compatibility layers were successfully registered for device %1. Layer bits %2 were requested, layer bits %3 were registered."
Information,12/25/2022 7:20:10 PM,Microsoft-Windows-WPDClassInstaller,24576,Driver Installation,Drivers were successfully installed for device WPD Device.
Information,12/25/2022 7:19:48 PM,Microsoft-Windows-HttpService,113,HTTP Configuration Property Trace Task,"Attempted to add URL (http://*:2869/upnp/eventing/) to URL group (0xFE00000420000003). Status: 0x0. Process Id 0x1FD0 Executable path \Device\HarddiskVolume3\Windows\System32\svchost.exe, User LOCAL SERVICE"
Information,12/25/2022 7:19:48 PM,Microsoft-Windows-HttpService,114,HTTP Configuration Property Trace Task,"Removed URL (http://*:2869/upnp/eventing/) from URL group (0xFE00000420000002). Process Id 0x1FD0 Executable path \Device\HarddiskVolume3\Windows\System32\svchost.exe, User LOCAL SERVICE"
Information,12/25/2022 7:19:48 PM,Microsoft-Windows-HttpService,113,HTTP Configuration Property Trace Task,"Attempted to add URL (http://*:2869/upnp/eventing/) to URL group (0xFE00000420000002). Status: 0x0. Process Id 0x1FD0 Executable path \Device\HarddiskVolume3\Windows\System32\svchost.exe, User LOCAL SERVICE"
Information,12/25/2022 7:19:48 PM,Microsoft-Windows-HttpService,114,HTTP Configuration Property Trace Task,"Removed URL (http://*:2869/upnp/eventing/) from URL group (0xFE00000420000001). Process Id 0x1FD0 Executable path \Device\HarddiskVolume3\Windows\System32\svchost.exe, User LOCAL SERVICE"
Information,12/25/2022 7:18:36 PM,Microsoft-Windows-HttpService,113,HTTP Configuration Property Trace Task,"Attempted to add URL (http://*:2869/upnp/eventing/) to URL group (0xFE00000420000001). Status: 0x0. Process Id 0x1FD0 Executable path \Device\HarddiskVolume3\Windows\System32\svchost.exe, User LOCAL SERVICE"
Information,12/25/2022 7:18:36 PM,Microsoft-Windows-HttpService,114,HTTP Configuration Property Trace Task,"Removed URL (http://*:2869/upnp/eventing/) from URL group (0xFE00000320000001). Process Id 0x1FD0 Executable path \Device\HarddiskVolume3\Windows\System32\svchost.exe, User LOCAL SERVICE"
Information,12/25/2022 7:18:36 PM,Microsoft-Windows-HttpService,113,HTTP Configuration Property Trace Task,"Attempted to add URL (http://*:2869/upnp/eventing/) to URL group (0xFE00000320000001). Status: 0x0. Process Id 0x1FD0 Executable path \Device\HarddiskVolume3\Windows\System32\svchost.exe, User LOCAL SERVICE"
Information,12/25/2022 7:17:41 PM,Service Control Manager,7040,None,The start type of the Background Intelligent Transfer Service service was changed from demand start to auto start.
Information,12/25/2022 7:17:30 PM,Microsoft-Windows-Kernel-General,16,None,The access history in hive \??\C:\Users\ozeas\AppData\Local\Packages\Microsoft.WindowsStore_8wekyb3d8bbwe\Settings\settings.dat was cleared updating 3 keys and creating 1 modified pages.
Information,12/25/2022 7:17:30 PM,Microsoft-Windows-Kernel-General,16,None,The access history in hive \??\C:\Users\ozeas\AppData\Local\Packages\MicrosoftTeams_8wekyb3d8bbwe\Settings\settings.dat was cleared updating 3 keys and creating 1 modified pages.
Information,12/25/2022 7:16:18 PM,Microsoft-Windows-Kernel-General,16,None,The access history in hive \??\C:\Users\ozeas\AppData\Local\Packages\Microsoft.Windows.StartMenuExperienceHost_cw5n1h2txyewy\Settings\settings.dat was cleared updating 3 keys and creating 1 modified pages.
Information,12/25/2022 7:16:17 PM,Microsoft-Windows-Kernel-General,16,None,The access history in hive \??\C:\Users\ozeas\AppData\Local\Packages\Microsoft.AAD.BrokerPlugin_cw5n1h2txyewy\Settings\settings.dat was cleared updating 3 keys and creating 1 modified pages.
Information,12/25/2022 7:16:15 PM,Microsoft-Windows-Kernel-General,16,None,The access history in hive \??\C:\Users\ozeas\AppData\Local\Packages\MicrosoftWindows.Client.CBS_cw5n1h2txyewy\Settings\settings.dat was cleared updating 3 keys and creating 1 modified pages.
Information,12/25/2022 7:16:14 PM,Microsoft-Windows-Kernel-General,16,None,The access history in hive \??\C:\Users\ozeas\AppData\Local\Packages\Microsoft.Windows.ContentDeliveryManager_cw5n1h2txyewy\Settings\settings.dat was cleared updating 3 keys and creating 1 modified pages.
Warning,12/25/2022 7:16:09 PM,Microsoft-Windows-DistributedCOM,10016,None,"The application-specific permission settings do not grant Local Activation permission for the COM Server application with CLSID 
{6B3B8D23-FA8D-40B9-8DBD-B950333E2C52}
 and APPID 
{4839DDB7-58C2-48F5-8283-E1D1807D0D7D}
 to the user NT AUTHORITY\LOCAL SERVICE SID (S-1-5-19) from address LocalHost (Using LRPC) running in the application container Unavailable SID (Unavailable). This security permission can be modified using the Component Services administrative tool."
Warning,12/25/2022 7:16:09 PM,Microsoft-Windows-DistributedCOM,10016,None,"The application-specific permission settings do not grant Local Activation permission for the COM Server application with CLSID 
{6B3B8D23-FA8D-40B9-8DBD-B950333E2C52}
 and APPID 
{4839DDB7-58C2-48F5-8283-E1D1807D0D7D}
 to the user NT AUTHORITY\LOCAL SERVICE SID (S-1-5-19) from address LocalHost (Using LRPC) running in the application container Unavailable SID (Unavailable). This security permission can be modified using the Component Services administrative tool."
Information,12/25/2022 7:16:08 PM,Microsoft-Windows-GroupPolicy,1501,None,The Group Policy settings for the user were processed successfully. There were no changes detected since the last successful processing of Group Policy.
Information,12/25/2022 7:16:07 PM,Microsoft-Windows-Winlogon,7001,(1101),User Logon Notification for Customer Experience Improvement Program
Information,12/25/2022 7:16:06 PM,Win32k,267,None,Touch/Touchpad Hardware Quality Assurance verification succeeded.
Information,12/25/2022 7:16:06 PM,Win32k,267,None,Touch/Touchpad Hardware Quality Assurance verification succeeded.
Information,12/25/2022 7:16:05 PM,Microsoft-Windows-Winlogon,7002,(1102),User Logoff Notification for Customer Experience Improvement Program
Information,12/25/2022 7:15:37 PM,Microsoft-Windows-Kernel-General,16,None,The access history in hive \??\C:\Users\defaultuser0\AppData\Local\Packages\Microsoft.Windows.ContentDeliveryManager_cw5n1h2txyewy\Settings\settings.dat was cleared updating 7 keys and creating 1 modified pages.
Information,12/25/2022 7:12:55 PM,Service Control Manager,7040,None,The start type of the Background Intelligent Transfer Service service was changed from auto start to demand start.
Information,12/25/2022 7:12:47 PM,Microsoft-Windows-Kernel-General,16,None,The access history in hive \??\C:\WINDOWS\AppCompat\Programs\Amcache.hve was cleared updating 48 keys and creating 8 modified pages.
