Information,12/25/2022 11:51:10 PM,Microsoft-Windows-Kernel-General,16,None,The access history in hive \??\C:\ProgramData\Microsoft\Windows\AppRepository\Packages\Microsoft.BioEnrollment_10.0.19587.1000_neutral__cw5n1h2txyewy\ActivationStore.dat was cleared updating 0 keys and creating 0 modified pages.
Information,12/25/2022 11:51:10 PM,Microsoft-Windows-Kernel-General,16,None,The access history in hive \??\C:\ProgramData\Microsoft\Windows\AppRepository\Packages\Microsoft.AsyncTextService_10.0.22621.1_neutral__8wekyb3d8bbwe\ActivationStore.dat was cleared updating 0 keys and creating 0 modified pages.
Information,12/25/2022 11:51:09 PM,Microsoft-Windows-Kernel-General,16,None,The access history in hive \??\C:\ProgramData\Microsoft\Windows\AppRepository\Packages\Microsoft.AccountsControl_10.0.22621.1_neutral__cw5n1h2txyewy\ActivationStore.dat was cleared updating 0 keys and creating 0 modified pages.
Information,12/25/2022 11:51:09 PM,Microsoft-Windows-Kernel-General,16,None,The access history in hive \??\C:\ProgramData\Microsoft\Windows\AppRepository\Packages\Microsoft.AAD.BrokerPlugin_1000.19580.1000.0_neutral_neutral_cw5n1h2txyewy\ActivationStore.dat was cleared updating 0 keys and creating 0 modified pages.
Information,12/25/2022 11:51:09 PM,Microsoft-Windows-Kernel-General,16,None,The access history in hive \??\C:\ProgramData\Microsoft\Windows\AppRepository\Packages\F46D4000-FD22-4DB4-AC8E-4E1DDDE828FE_10.0.22621.1_neutral_neutral_cw5n1h2txyewy\ActivationStore.dat was cleared updating 0 keys and creating 0 modified pages.
Information,12/25/2022 11:51:09 PM,Microsoft-Windows-Kernel-General,16,None,The access history in hive \??\C:\ProgramData\Microsoft\Windows\AppRepository\Packages\E2A4F912-2574-4A75-9BB0-0D023378592B_10.0.19640.1000_neutral_neutral_cw5n1h2txyewy\ActivationStore.dat was cleared updating 0 keys and creating 0 modified pages.
Information,12/25/2022 11:51:08 PM,Microsoft-Windows-Kernel-General,16,None,The access history in hive \??\C:\ProgramData\Microsoft\Windows\AppRepository\Packages\c5e2524a-ea46-4f67-841f-6a9465d9d515_10.0.22621.1_neutral_neutral_cw5n1h2txyewy\ActivationStore.dat was cleared updating 0 keys and creating 0 modified pages.
Information,12/25/2022 11:51:08 PM,Microsoft-Windows-Kernel-General,16,None,The access history in hive \??\C:\ProgramData\Microsoft\Windows\AppRepository\Packages\1527c705-839a-4832-9118-54d4Bd6a0c89_10.0.19640.1000_neutral_neutral_cw5n1h2txyewy\ActivationStore.dat was cleared updating 0 keys and creating 0 modified pages.
Information,12/25/2022 11:51:06 PM,Service Control Manager,7045,None,"A service was installed in the system.

Service Name:  Bluetooth Device (Personal Area Network)
Service File Name:  \SystemRoot\System32\drivers\bthpan.sys
Service Type:  kernel mode driver
Service Start Type:  demand start
Service Account:  "
Information,12/25/2022 11:51:06 PM,Service Control Manager,7045,None,"A service was installed in the system.

Service Name:  Realtek Audio Universal Service
Service File Name:  ""%SystemRoot%\System32\DriverStore\FileRepository\realtekservice.inf_amd64_fb352e66db7e0ad5\RtkAudUService64.exe""
Service Type:  user mode service
Service Start Type:  auto start
Service Account:  LocalSystem"
Information,12/25/2022 11:51:06 PM,Service Control Manager,7045,None,"A service was installed in the system.

Service Name:  Dell Peripheral Manager Service
Service File Name:  ""C:\Program Files\Dell\Dell Peripheral Manager\DPMService.exe""
Service Type:  user mode service
Service Start Type:  auto start
Service Account:  LocalSystem"
Information,12/25/2022 11:51:06 PM,Service Control Manager,7045,None,"A service was installed in the system.

Service Name:  Waves Audio Services
Service File Name:  %SystemRoot%\System32\DriverStore\FileRepository\wavesapo8de.inf_amd64_cc5d5bc621122d7c\WavesSysSvc64.exe
Service Type:  user mode service
Service Start Type:  auto start
Service Account:  LocalSystem"
Information,12/25/2022 11:51:05 PM,Service Control Manager,7045,None,"A service was installed in the system.

Service Name:  Intel(R) Graphics Command Center Service
Service File Name:  %SystemRoot%\System32\DriverStore\FileRepository\igcc_dch.inf_amd64_9cf4db1a1fd1b22d\OneApp.IGCC.WinService.exe
Service Type:  user mode service
Service Start Type:  auto start
Service Account:  LocalSystem"
Information,12/25/2022 11:51:05 PM,Service Control Manager,7045,None,"A service was installed in the system.

Service Name:  Virtual WiFi Miniport Service
Service File Name:  \SystemRoot\System32\drivers\vwifimp.sys
Service Type:  kernel mode driver
Service Start Type:  demand start
Service Account:  "
Information,12/25/2022 11:51:05 PM,Service Control Manager,7045,None,"A service was installed in the system.

Service Name:  Intel(R) HD Graphics Control Panel Service
Service File Name:  %SystemRoot%\System32\DriverStore\FileRepository\cui_dch.inf_amd64_7208949846a9b9dc\igfxCUIService.exe
Service Type:  user mode service
Service Start Type:  auto start
Service Account:  LocalSystem"
Information,12/25/2022 11:51:05 PM,BTHUSB,18,None,Windows cannot store Bluetooth authentication codes (link keys) on the local adapter. Bluetooth keyboards might not work in the system BIOS during startup.
Information,12/25/2022 11:51:05 PM,Service Control Manager,7045,None,"A service was installed in the system.

Service Name:  Intel(R) Wireless Bluetooth(R)
Service File Name:  \SystemRoot\System32\DriverStore\FileRepository\ibtusb.inf_amd64_87323f86e13523ca\ibtusb.sys
Service Type:  kernel mode driver
Service Start Type:  demand start
Service Account:  "
Information,12/25/2022 11:51:03 PM,Service Control Manager,7045,None,"A service was installed in the system.

Service Name:  Service for Realtek HD Audio (WDM)
Service File Name:  \SystemRoot\system32\drivers\RTKVHD64.sys
Service Type:  kernel mode driver
Service Start Type:  demand start
Service Account:  "
Information,12/25/2022 11:51:03 PM,Service Control Manager,7045,None,"A service was installed in the system.

Service Name:  Realtek NetAdapter Driver
Service File Name:  \SystemRoot\System32\DriverStore\FileRepository\rtcx21x64.inf_amd64_516e5c9b75c49dc2\rtcx21x64.sys
Service Type:  kernel mode driver
Service Start Type:  demand start
Service Account:  "
Error,12/25/2022 11:51:02 PM,Service Control Manager,7001,None,"The Intel(R) Dynamic Application Loader Host Interface Service service depends on the IP Helper service which failed to start because of the following error: 
The operation completed successfully."
Information,12/25/2022 11:51:02 PM,Service Control Manager,7045,None,"A service was installed in the system.

Service Name:  Intel(R) Dynamic Application Loader Host Interface Service
Service File Name:  %SystemRoot%\System32\DriverStore\FileRepository\dal.inf_amd64_b5484efd38adbe8d\jhi_service.exe
Service Type:  user mode service
Service Start Type:  auto start
Service Account:  LocalSystem"
Information,12/25/2022 11:51:02 PM,Service Control Manager,7045,None,"A service was installed in the system.

Service Name:  Intel(R) Management Engine WMI Provider Registration
Service File Name:  %SystemRoot%\System32\DriverStore\FileRepository\mewmiprov.inf_amd64_cad1db73e8c782a6\WMIRegistrationService.exe
Service Type:  user mode service
Service Start Type:  auto start
Service Account:  LocalSystem"
Information,12/25/2022 11:51:02 PM,Microsoft-Windows-WLAN-AutoConfig,10001,None,"WLAN Extensibility Module has successfully started.

Module Path: C:\WINDOWS\system32\IntelIHVRouter08.dll
"
Information,12/25/2022 11:51:02 PM,Netwtw08,7017,None,7017 - secure boot (SB) configuration
Information,12/25/2022 11:51:01 PM,Netwtw08,7010,None,7010 - driver enabled (miniport init)
Information,12/25/2022 11:51:01 PM,Netwtw08,7002,None,7002 - CTDP power limit value (SPLC)
Information,12/25/2022 11:51:01 PM,Netwtw08,7005,None,7005 - SAR value max TX power (WRDS)
Information,12/25/2022 11:51:01 PM,Netwtw08,7036,None,The \Device\NDMP1 service entered the Intel(R) Wireless-AC 9462 state.
Information,12/25/2022 11:51:01 PM,Microsoft-Windows-WLAN-AutoConfig,4000,None,"WLAN AutoConfig service has successfully started.
"
Information,12/25/2022 11:51:01 PM,Service Control Manager,7045,None,"A service was installed in the system.

Service Name:  Intel(R) Content Protection HDCP Service
Service File Name:  %SystemRoot%\System32\DriverStore\FileRepository\iigd_dch.inf_amd64_2687b494da5e552a\IntelCpHDCPSvc.exe
Service Type:  user mode service
Service Start Type:  auto start
Service Account:  LocalSystem"
Information,12/25/2022 11:51:01 PM,Service Control Manager,7045,None,"A service was installed in the system.

Service Name:  Intel(R) Content Protection HECI Service
Service File Name:  %SystemRoot%\System32\DriverStore\FileRepository\iigd_dch.inf_amd64_2687b494da5e552a\IntelCpHeciSvc.exe
Service Type:  user mode service
Service Start Type:  auto start
Service Account:  LocalSystem"
Information,12/25/2022 11:51:01 PM,Service Control Manager,7045,None,"A service was installed in the system.

Service Name:  igfx
Service File Name:  \SystemRoot\System32\DriverStore\FileRepository\iigd_dch.inf_amd64_2687b494da5e552a\igdkmd64.sys
Service Type:  kernel mode driver
Service Start Type:  demand start
Service Account:  "
Information,12/25/2022 11:51:01 PM,Service Control Manager,7040,None,The start type of the WLAN AutoConfig service was changed from demand start to auto start.
Information,12/25/2022 11:51:01 PM,Service Control Manager,7045,None,"A service was installed in the system.

Service Name:  ___ Driver do adaptador Intel(R) Wireless para Windows 10 64 bits
Service File Name:  \SystemRoot\System32\drivers\Netwtw08.sys
Service Type:  kernel mode driver
Service Start Type:  demand start
Service Account:  "
Information,12/25/2022 11:50:54 PM,Service Control Manager,7045,None,"A service was installed in the system.

Service Name:  Intel(R) TPM Provisioning Service
Service File Name:  %SystemRoot%\System32\DriverStore\FileRepository\iclsclient.inf_amd64_183917c66152901d\lib\TPMProvisioningService.exe
Service Type:  user mode service
Service Start Type:  auto start
Service Account:  LocalSystem"
Information,12/25/2022 11:50:54 PM,Service Control Manager,7045,None,"A service was installed in the system.

Service Name:  Intel(R) Capability Licensing Service TCP IP Interface
Service File Name:  %SystemRoot%\System32\DriverStore\FileRepository\iclsclient.inf_amd64_183917c66152901d\lib\SocketHeciServer.exe
Service Type:  user mode service
Service Start Type:  auto start
Service Account:  LocalSystem"
Information,12/25/2022 11:50:51 PM,Service Control Manager,7045,None,"A service was installed in the system.

Service Name:  Áudio Intel(R) para telas
Service File Name:  \SystemRoot\System32\DriverStore\FileRepository\intcdaud.inf_amd64_f883a2d2516832ef\IntcDAud.sys
Service Type:  kernel mode driver
Service Start Type:  demand start
Service Account:  "
Information,12/25/2022 11:50:50 PM,Service Control Manager,7045,None,"A service was installed in the system.

Service Name:  Microsoft Edge Elevation Service (MicrosoftEdgeElevationService)
Service File Name:  ""C:\Program Files (x86)\Microsoft\Edge\Application\108.0.1462.54\elevation_service.exe""
Service Type:  user mode service
Service Start Type:  demand start
Service Account:  LocalSystem"
Information,12/25/2022 11:50:49 PM,Service Control Manager,7045,None,"A service was installed in the system.

Service Name:  USB Video Device (WDM)
Service File Name:  \SystemRoot\System32\Drivers\usbvideo.sys
Service Type:  kernel mode driver
Service Start Type:  demand start
Service Account:  "
Warning,12/25/2022 11:50:49 PM,Microsoft-Windows-Kernel-PnP,225,(223),"The application \Device\HarddiskVolume3\Program Files (x86)\Microsoft\EdgeUpdate\MicrosoftEdgeUpdate.exe with process id 5824 stopped the removal or ejection for the device PCI\VEN_8086&DEV_282A&SUBSYS_08C81028&REV_30\3&11583659&0&B8.
Process command line: ""C:\Program Files (x86)\Microsoft\EdgeUpdate\MicrosoftEdgeUpdate.exe"" /ua /installsource windowsupdate_zdp /critical
List of affected devices:
"
Warning,12/25/2022 11:50:49 PM,Microsoft-Windows-Kernel-PnP,225,(223),"The application \Device\HarddiskVolume3\Program Files (x86)\Microsoft\Edge\Application\108.0.1462.54\Installer\setup.exe with process id 5732 stopped the removal or ejection for the device PCI\VEN_8086&DEV_282A&SUBSYS_08C81028&REV_30\3&11583659&0&B8.
Process command line: ""C:\Program Files (x86)\Microsoft\Edge\Application\108.0.1462.54\Installer\setup.exe"" --on-finish-install --system-level --verbose-logging
List of affected devices:
"
Warning,12/25/2022 11:50:49 PM,Microsoft-Windows-Kernel-PnP,225,(223),"The application \Device\HarddiskVolume3\Windows\System32\drvinst.exe with process id 5692 stopped the removal or ejection for the device PCI\VEN_8086&DEV_282A&SUBSYS_08C81028&REV_30\3&11583659&0&B8.
Process command line: DrvInst.exe ""1"" ""20"" ""SWD\DRIVERENUM\OEM_ICLS_component&4&1c74d04a&0"" """" """" ""4617596a7"" ""0000000000000000"" ""cffd""
List of affected devices:
"
Warning,12/25/2022 11:50:49 PM,Microsoft-Windows-Kernel-PnP,225,(223),"The application \Device\HarddiskVolume3\Windows\System32\drvinst.exe with process id 5556 stopped the removal or ejection for the device PCI\VEN_8086&DEV_282A&SUBSYS_08C81028&REV_30\3&11583659&0&B8.
Process command line: DrvInst.exe ""1"" ""20"" ""PCI\VEN_8086&DEV_3EA0&SUBSYS_08C81028&REV_02\3&11583659&0&10"" """" """" ""4b5495c77"" ""0000000000000000"" ""cffd""
List of affected devices:
"
Warning,12/25/2022 11:50:49 PM,Microsoft-Windows-Kernel-PnP,225,(223),"The application \Device\HarddiskVolume3\Windows\System32\drvinst.exe with process id 5448 stopped the removal or ejection for the device PCI\VEN_8086&DEV_282A&SUBSYS_08C81028&REV_30\3&11583659&0&B8.
Process command line: DrvInst.exe ""1"" ""20"" ""HID\VID_413C&PID_2514&MI_02&Col02\7&182c6f12&0&0001"" """" """" ""489070d9b"" ""0000000000000000"" ""cffd""
List of affected devices:
"
Warning,12/25/2022 11:50:49 PM,Microsoft-Windows-Kernel-PnP,225,(223),"The application \Device\HarddiskVolume3\Windows\System32\drvinst.exe with process id 5440 stopped the removal or ejection for the device PCI\VEN_8086&DEV_282A&SUBSYS_08C81028&REV_30\3&11583659&0&B8.
Process command line: DrvInst.exe ""1"" ""20"" ""USB\VID_27C6&PID_5301&MI_00\6&23cb0910&0&0000"" """" """" ""489fbc913"" ""0000000000000000"" ""cffd""
List of affected devices:
"
Warning,12/25/2022 11:50:49 PM,Microsoft-Windows-Kernel-PnP,225,(223),"The application \Device\HarddiskVolume3\Windows\System32\drvinst.exe with process id 5432 stopped the removal or ejection for the device PCI\VEN_8086&DEV_282A&SUBSYS_08C81028&REV_30\3&11583659&0&B8.
Process command line: DrvInst.exe ""1"" ""20"" ""INTELAUDIO\FUNC_01&VEN_8086&DEV_280B&SUBSYS_80860101&REV_1000\4&6aa56ba&0&0201"" """" """" ""42e14527b"" ""0000000000000000"" ""cffd""
List of affected devices:
"
Warning,12/25/2022 11:50:49 PM,Microsoft-Windows-Kernel-PnP,225,(223),"The application \Device\HarddiskVolume3\Windows\System32\drvinst.exe with process id 5424 stopped the removal or ejection for the device PCI\VEN_8086&DEV_282A&SUBSYS_08C81028&REV_30\3&11583659&0&B8.
Process command line: DrvInst.exe ""1"" ""20"" ""USB\VID_0C45&PID_671E&MI_00\6&2d8062bf&0&0000"" """" """" ""49834ae23"" ""0000000000000000"" ""cffd""
List of affected devices:
"
Warning,12/25/2022 11:50:49 PM,Microsoft-Windows-Kernel-PnP,225,(223),"The application \Device\HarddiskVolume3\Windows\System32\drvinst.exe with process id 5416 stopped the removal or ejection for the device PCI\VEN_8086&DEV_282A&SUBSYS_08C81028&REV_30\3&11583659&0&B8.
Process command line: DrvInst.exe ""1"" ""20"" ""PCI\VEN_8086&DEV_282A&SUBSYS_08C81028&REV_30\3&11583659&0&B8"" """" """" ""422092f17"" ""0000000000000000"" ""cffd""
List of affected devices:
"
Warning,12/25/2022 11:50:49 PM,Microsoft-Windows-Kernel-PnP,225,(223),"The application \Device\HarddiskVolume3\Windows\System32\drvinst.exe with process id 5400 stopped the removal or ejection for the device PCI\VEN_8086&DEV_282A&SUBSYS_08C81028&REV_30\3&11583659&0&B8.
Process command line: DrvInst.exe ""1"" ""20"" ""PCI\VEN_8086&DEV_9DF0&SUBSYS_42A48086&REV_30\3&11583659&0&A3"" """" """" ""413ccf20b"" ""0000000000000000"" ""cffd""
List of affected devices:
"
Warning,12/25/2022 11:50:49 PM,Microsoft-Windows-Kernel-PnP,225,(223),"The application \Device\HarddiskVolume3\Windows\System32\taskhostw.exe with process id 5356 stopped the removal or ejection for the device PCI\VEN_8086&DEV_282A&SUBSYS_08C81028&REV_30\3&11583659&0&B8.
Process command line: taskhostw.exe TpmTasks
List of affected devices:
"
Warning,12/25/2022 11:50:49 PM,Microsoft-Windows-Kernel-PnP,225,(223),"The application \Device\HarddiskVolume3\Program Files (x86)\Microsoft\EdgeUpdate\MicrosoftEdgeUpdate.exe with process id 5200 stopped the removal or ejection for the device PCI\VEN_8086&DEV_282A&SUBSYS_08C81028&REV_30\3&11583659&0&B8.
Process command line: ""C:\Program Files (x86)\Microsoft\EdgeUpdate\MicrosoftEdgeUpdate.exe"" /c
List of affected devices:
"
Warning,12/25/2022 11:50:49 PM,Microsoft-Windows-Kernel-PnP,225,(223),"The application \Device\HarddiskVolume3\Windows\System32\AggregatorHost.exe with process id 5172 stopped the removal or ejection for the device PCI\VEN_8086&DEV_282A&SUBSYS_08C81028&REV_30\3&11583659&0&B8.
Process command line: AggregatorHost.exe
List of affected devices:
"
Warning,12/25/2022 11:50:49 PM,Microsoft-Windows-Kernel-PnP,225,(223),"The application \Device\HarddiskVolume3\Windows\System32\wbem\WmiPrvSE.exe with process id 4988 stopped the removal or ejection for the device PCI\VEN_8086&DEV_282A&SUBSYS_08C81028&REV_30\3&11583659&0&B8.
Process command line: C:\WINDOWS\system32\wbem\wmiprvse.exe
List of affected devices:
"
Warning,12/25/2022 11:50:49 PM,Microsoft-Windows-Kernel-PnP,225,(223),"The application \Device\HarddiskVolume3\Windows\System32\wbem\WmiPrvSE.exe with process id 4876 stopped the removal or ejection for the device PCI\VEN_8086&DEV_282A&SUBSYS_08C81028&REV_30\3&11583659&0&B8.
Process command line: C:\WINDOWS\system32\wbem\wmiprvse.exe
List of affected devices:
"
Warning,12/25/2022 11:50:49 PM,Microsoft-Windows-Kernel-PnP,225,(223),"The application \Device\HarddiskVolume3\Windows\System32\DriverStore\FileRepository\iastorac.inf_amd64_9c788f1d162b1224\RstMwService.exe with process id 3944 stopped the removal or ejection for the device PCI\VEN_8086&DEV_282A&SUBSYS_08C81028&REV_30\3&11583659&0&B8.
Process command line: C:\WINDOWS\System32\DriverStore\FileRepository\iastorac.inf_amd64_9c788f1d162b1224\RstMwService.exe
List of affected devices:
"
Warning,12/25/2022 11:50:49 PM,Microsoft-Windows-Kernel-PnP,225,(223),"The application \Device\HarddiskVolume3\Windows\System32\Intel\DPTF\esif_uf.exe with process id 3864 stopped the removal or ejection for the device PCI\VEN_8086&DEV_282A&SUBSYS_08C81028&REV_30\3&11583659&0&B8.
Process command line: C:\WINDOWS\System32\Intel\DPTF\esif_uf.exe
List of affected devices:
"
Warning,12/25/2022 11:50:49 PM,Microsoft-Windows-Kernel-PnP,225,(223),"The application \Device\HarddiskVolume3\Windows\System32\cAVS\Intel(R) Audio Service\IntelAudioService.exe with process id 3856 stopped the removal or ejection for the device PCI\VEN_8086&DEV_282A&SUBSYS_08C81028&REV_30\3&11583659&0&B8.
Process command line: ""C:\WINDOWS\system32\cAVS\Intel(R) Audio Service\IntelAudioService.exe""
List of affected devices:
"
Warning,12/25/2022 11:50:49 PM,Microsoft-Windows-Kernel-PnP,225,(223),"The application \Device\HarddiskVolume3\Windows\System32\svchost.exe with process id 3548 stopped the removal or ejection for the device PCI\VEN_8086&DEV_282A&SUBSYS_08C81028&REV_30\3&11583659&0&B8.
Process command line: C:\WINDOWS\system32\svchost.exe -k netsvcs -p -s LanmanServer
List of affected devices:
"
Warning,12/25/2022 11:50:49 PM,Microsoft-Windows-Kernel-PnP,225,(223),"The application \Device\HarddiskVolume3\Windows\System32\svchost.exe with process id 3460 stopped the removal or ejection for the device PCI\VEN_8086&DEV_282A&SUBSYS_08C81028&REV_30\3&11583659&0&B8.
Process command line: C:\WINDOWS\system32\svchost.exe -k netsvcs -p -s WpnService
List of affected devices:
"
Warning,12/25/2022 11:50:49 PM,Microsoft-Windows-Kernel-PnP,225,(223),"The application \Device\HarddiskVolume3\Windows\System32\svchost.exe with process id 3452 stopped the removal or ejection for the device PCI\VEN_8086&DEV_282A&SUBSYS_08C81028&REV_30\3&11583659&0&B8.
Process command line: C:\WINDOWS\system32\svchost.exe -k netsvcs -p -s Winmgmt
List of affected devices:
"
Warning,12/25/2022 11:50:49 PM,Microsoft-Windows-Kernel-PnP,225,(223),"The application \Device\HarddiskVolume3\Program Files\Windows Defender\MsMpEng.exe with process id 3424 stopped the removal or ejection for the device PCI\VEN_8086&DEV_282A&SUBSYS_08C81028&REV_30\3&11583659&0&B8.
Process command line: ""C:\Program Files\Windows Defender\MsMpEng.exe""
List of affected devices:
"
Warning,12/25/2022 11:50:49 PM,Microsoft-Windows-Kernel-PnP,225,(223),"The application \Device\HarddiskVolume3\Windows\System32\svchost.exe with process id 3368 stopped the removal or ejection for the device PCI\VEN_8086&DEV_282A&SUBSYS_08C81028&REV_30\3&11583659&0&B8.
Process command line: C:\WINDOWS\system32\svchost.exe -k appmodel -p -s StateRepository
List of affected devices:
"
Warning,12/25/2022 11:50:49 PM,Microsoft-Windows-Kernel-PnP,225,(223),"The application \Device\HarddiskVolume3\Windows\System32\svchost.exe with process id 3352 stopped the removal or ejection for the device PCI\VEN_8086&DEV_282A&SUBSYS_08C81028&REV_30\3&11583659&0&B8.
Process command line: C:\WINDOWS\System32\svchost.exe -k LocalSystemNetworkRestricted -p -s TrkWks
List of affected devices:
"
Warning,12/25/2022 11:50:49 PM,Microsoft-Windows-Kernel-PnP,225,(223),"The application \Device\HarddiskVolume3\Windows\System32\svchost.exe with process id 3340 stopped the removal or ejection for the device PCI\VEN_8086&DEV_282A&SUBSYS_08C81028&REV_30\3&11583659&0&B8.
Process command line: C:\WINDOWS\System32\svchost.exe -k LocalServiceNoNetwork -p -s DPS
List of affected devices:
"
Warning,12/25/2022 11:50:49 PM,Microsoft-Windows-Kernel-PnP,225,(223),"The application \Device\HarddiskVolume3\Windows\System32\svchost.exe with process id 3332 stopped the removal or ejection for the device PCI\VEN_8086&DEV_282A&SUBSYS_08C81028&REV_30\3&11583659&0&B8.
Process command line: C:\WINDOWS\System32\svchost.exe -k utcsvc -p
List of affected devices:
"
Warning,12/25/2022 11:50:49 PM,Microsoft-Windows-Kernel-PnP,225,(223),"The application \Device\HarddiskVolume3\Windows\System32\svchost.exe with process id 3260 stopped the removal or ejection for the device PCI\VEN_8086&DEV_282A&SUBSYS_08C81028&REV_30\3&11583659&0&B8.
Process command line: C:\WINDOWS\system32\svchost.exe -k netsvcs -p -s UserManager
List of affected devices:
"
Warning,12/25/2022 11:50:49 PM,Microsoft-Windows-Kernel-PnP,225,(223),"The application \Device\HarddiskVolume3\Windows\System32\svchost.exe with process id 3204 stopped the removal or ejection for the device PCI\VEN_8086&DEV_282A&SUBSYS_08C81028&REV_30\3&11583659&0&B8.
Process command line: C:\WINDOWS\System32\svchost.exe -k NetworkService -p -s LanmanWorkstation
List of affected devices:
"
Warning,12/25/2022 11:50:49 PM,Microsoft-Windows-Kernel-PnP,225,(223),"The application \Device\HarddiskVolume3\Windows\System32\svchost.exe with process id 3140 stopped the removal or ejection for the device PCI\VEN_8086&DEV_282A&SUBSYS_08C81028&REV_30\3&11583659&0&B8.
Process command line: C:\WINDOWS\system32\svchost.exe -k LocalServiceNoNetworkFirewall -p
List of affected devices:
"
Warning,12/25/2022 11:50:49 PM,Microsoft-Windows-Kernel-PnP,225,(223),"The application \Device\HarddiskVolume3\Windows\System32\spoolsv.exe with process id 3080 stopped the removal or ejection for the device PCI\VEN_8086&DEV_282A&SUBSYS_08C81028&REV_30\3&11583659&0&B8.
Process command line: C:\WINDOWS\System32\spoolsv.exe
List of affected devices:
"
Warning,12/25/2022 11:50:49 PM,Microsoft-Windows-Kernel-PnP,225,(223),"The application \Device\HarddiskVolume3\Windows\System32\svchost.exe with process id 3000 stopped the removal or ejection for the device PCI\VEN_8086&DEV_282A&SUBSYS_08C81028&REV_30\3&11583659&0&B8.
Process command line: C:\WINDOWS\system32\svchost.exe -k LocalServiceNetworkRestricted -p -s Dhcp
List of affected devices:
"
Warning,12/25/2022 11:50:49 PM,Microsoft-Windows-Kernel-PnP,225,(223),"The application \Device\HarddiskVolume3\Windows\System32\svchost.exe with process id 2992 stopped the removal or ejection for the device PCI\VEN_8086&DEV_282A&SUBSYS_08C81028&REV_30\3&11583659&0&B8.
Process command line: C:\WINDOWS\system32\svchost.exe -k NetworkService -p
List of affected devices:
"
Warning,12/25/2022 11:50:49 PM,Microsoft-Windows-Kernel-PnP,225,(223),"The application \Device\HarddiskVolume3\Windows\System32\svchost.exe with process id 2984 stopped the removal or ejection for the device PCI\VEN_8086&DEV_282A&SUBSYS_08C81028&REV_30\3&11583659&0&B8.
Process command line: C:\WINDOWS\System32\svchost.exe -k LocalServiceNetworkRestricted -p
List of affected devices:
"
Warning,12/25/2022 11:50:49 PM,Microsoft-Windows-Kernel-PnP,225,(223),"The application \Device\HarddiskVolume3\Windows\System32\svchost.exe with process id 2976 stopped the removal or ejection for the device PCI\VEN_8086&DEV_282A&SUBSYS_08C81028&REV_30\3&11583659&0&B8.
Process command line: C:\WINDOWS\system32\svchost.exe -k LocalServiceNetworkRestricted -p
List of affected devices:
"
Warning,12/25/2022 11:50:49 PM,Microsoft-Windows-Kernel-PnP,225,(223),"The application \Device\HarddiskVolume3\Windows\System32\svchost.exe with process id 2900 stopped the removal or ejection for the device PCI\VEN_8086&DEV_282A&SUBSYS_08C81028&REV_30\3&11583659&0&B8.
Process command line: C:\WINDOWS\system32\svchost.exe -k LocalServiceNetworkRestricted -p -s TimeBrokerSvc
List of affected devices:
"
Warning,12/25/2022 11:50:49 PM,Microsoft-Windows-Kernel-PnP,225,(223),"The application \Device\HarddiskVolume3\Windows\System32\svchost.exe with process id 2884 stopped the removal or ejection for the device PCI\VEN_8086&DEV_282A&SUBSYS_08C81028&REV_30\3&11583659&0&B8.
Process command line: C:\WINDOWS\System32\svchost.exe -k LocalSystemNetworkRestricted -p -s TextInputManagementService
List of affected devices:
"
Warning,12/25/2022 11:50:49 PM,Microsoft-Windows-Kernel-PnP,225,(223),"The application \Device\HarddiskVolume3\Windows\System32\svchost.exe with process id 2856 stopped the removal or ejection for the device PCI\VEN_8086&DEV_282A&SUBSYS_08C81028&REV_30\3&11583659&0&B8.
Process command line: C:\WINDOWS\System32\svchost.exe -k LocalServiceNetworkRestricted -p
List of affected devices:
"
Warning,12/25/2022 11:50:49 PM,Microsoft-Windows-Kernel-PnP,225,(223),"The application \Device\HarddiskVolume3\Windows\System32\svchost.exe with process id 2800 stopped the removal or ejection for the device PCI\VEN_8086&DEV_282A&SUBSYS_08C81028&REV_30\3&11583659&0&B8.
Process command line: C:\WINDOWS\system32\svchost.exe -k LocalServiceNetworkRestricted -p -s WinHttpAutoProxySvc
List of affected devices:
"
Warning,12/25/2022 11:50:49 PM,Microsoft-Windows-Kernel-PnP,225,(223),"The application \Device\HarddiskVolume3\Windows\System32\svchost.exe with process id 2716 stopped the removal or ejection for the device PCI\VEN_8086&DEV_282A&SUBSYS_08C81028&REV_30\3&11583659&0&B8.
Process command line: C:\WINDOWS\system32\svchost.exe -k LocalService -p -s FontCache
List of affected devices:
"
Warning,12/25/2022 11:50:49 PM,Microsoft-Windows-Kernel-PnP,225,(223),"The application \Device\HarddiskVolume3\Windows\System32\svchost.exe with process id 2708 stopped the removal or ejection for the device PCI\VEN_8086&DEV_282A&SUBSYS_08C81028&REV_30\3&11583659&0&B8.
Process command line: C:\WINDOWS\System32\svchost.exe -k LocalSystemNetworkRestricted -p -s AudioEndpointBuilder
List of affected devices:
"
Warning,12/25/2022 11:50:49 PM,Microsoft-Windows-Kernel-PnP,225,(223),"The application \Device\HarddiskVolume3\Windows\System32\svchost.exe with process id 2692 stopped the removal or ejection for the device PCI\VEN_8086&DEV_282A&SUBSYS_08C81028&REV_30\3&11583659&0&B8.
Process command line: C:\WINDOWS\system32\svchost.exe -k netsvcs -p -s Schedule
List of affected devices:
"
Warning,12/25/2022 11:50:49 PM,Microsoft-Windows-Kernel-PnP,225,(223),"The application \Device\HarddiskVolume3\Windows\System32\svchost.exe with process id 2664 stopped the removal or ejection for the device PCI\VEN_8086&DEV_282A&SUBSYS_08C81028&REV_30\3&11583659&0&B8.
Process command line: C:\WINDOWS\system32\svchost.exe -k netsvcs -p -s SENS
List of affected devices:
"
Warning,12/25/2022 11:50:49 PM,Microsoft-Windows-Kernel-PnP,225,(223),"The application \Device\HarddiskVolume3\Windows\servicing\TrustedInstaller.exe with process id 2512 stopped the removal or ejection for the device PCI\VEN_8086&DEV_282A&SUBSYS_08C81028&REV_30\3&11583659&0&B8.
Process command line: C:\WINDOWS\servicing\TrustedInstaller.exe
List of affected devices:
"
Warning,12/25/2022 11:50:49 PM,Microsoft-Windows-Kernel-PnP,225,(223),"The application \Device\HarddiskVolume3\Windows\System32\svchost.exe with process id 2476 stopped the removal or ejection for the device PCI\VEN_8086&DEV_282A&SUBSYS_08C81028&REV_30\3&11583659&0&B8.
Process command line: C:\WINDOWS\system32\svchost.exe -k LocalService -p -s EventSystem
List of affected devices:
"
Warning,12/25/2022 11:50:49 PM,Microsoft-Windows-Kernel-PnP,225,(223),"The application \Device\HarddiskVolume3\Windows\System32\svchost.exe with process id 2468 stopped the removal or ejection for the device PCI\VEN_8086&DEV_282A&SUBSYS_08C81028&REV_30\3&11583659&0&B8.
Process command line: C:\WINDOWS\System32\svchost.exe -k netsvcs -p -s Themes
List of affected devices:
"
Warning,12/25/2022 11:50:49 PM,Microsoft-Windows-Kernel-PnP,225,(223),"The application \Device\HarddiskVolume3\Windows\System32\svchost.exe with process id 2460 stopped the removal or ejection for the device PCI\VEN_8086&DEV_282A&SUBSYS_08C81028&REV_30\3&11583659&0&B8.
Process command line: C:\WINDOWS\system32\svchost.exe -k LocalSystemNetworkRestricted -p -s SysMain
List of affected devices:
"
Warning,12/25/2022 11:50:49 PM,Microsoft-Windows-Kernel-PnP,225,(223),"The application \Device\HarddiskVolume3\Windows\System32\svchost.exe with process id 2452 stopped the removal or ejection for the device PCI\VEN_8086&DEV_282A&SUBSYS_08C81028&REV_30\3&11583659&0&B8.
Process command line: C:\WINDOWS\system32\svchost.exe -k netsvcs -p -s gpsvc
List of affected devices:
"
Warning,12/25/2022 11:50:49 PM,Microsoft-Windows-Kernel-PnP,225,(223),"The application \Device\HarddiskVolume3\Windows\System32\svchost.exe with process id 2420 stopped the removal or ejection for the device PCI\VEN_8086&DEV_282A&SUBSYS_08C81028&REV_30\3&11583659&0&B8.
Process command line: C:\WINDOWS\System32\svchost.exe -k LocalServiceNetworkRestricted -p -s EventLog
List of affected devices:
"
Warning,12/25/2022 11:50:49 PM,Microsoft-Windows-Kernel-PnP,225,(223),"The application \Device\HarddiskVolume3\Windows\System32\svchost.exe with process id 2268 stopped the removal or ejection for the device PCI\VEN_8086&DEV_282A&SUBSYS_08C81028&REV_30\3&11583659&0&B8.
Process command line: C:\WINDOWS\system32\svchost.exe -k LocalSystemNetworkRestricted -s WPDBusEnum
List of affected devices:
"
Warning,12/25/2022 11:50:49 PM,Microsoft-Windows-Kernel-PnP,225,(223),"The application \Device\HarddiskVolume3\Windows\System32\svchost.exe with process id 2188 stopped the removal or ejection for the device PCI\VEN_8086&DEV_282A&SUBSYS_08C81028&REV_30\3&11583659&0&B8.
Process command line: C:\WINDOWS\system32\svchost.exe -k LocalService -p -s nsi
List of affected devices:
"
Warning,12/25/2022 11:50:49 PM,Microsoft-Windows-Kernel-PnP,225,(223),"The application \Device\HarddiskVolume3\Windows\System32\svchost.exe with process id 2176 stopped the removal or ejection for the device PCI\VEN_8086&DEV_282A&SUBSYS_08C81028&REV_30\3&11583659&0&B8.
Process command line: C:\WINDOWS\system32\svchost.exe -k LocalSystemNetworkRestricted -p -s hidserv
List of affected devices:
"
Warning,12/25/2022 11:50:49 PM,Microsoft-Windows-Kernel-PnP,225,(223),"The application \Device\HarddiskVolume3\Windows\System32\svchost.exe with process id 2100 stopped the removal or ejection for the device PCI\VEN_8086&DEV_282A&SUBSYS_08C81028&REV_30\3&11583659&0&B8.
Process command line: C:\WINDOWS\System32\svchost.exe -k LocalSystemNetworkRestricted -p -s NcbService
List of affected devices:
"
Warning,12/25/2022 11:50:49 PM,Microsoft-Windows-Kernel-PnP,225,(223),"The application \Device\HarddiskVolume3\Windows\System32\svchost.exe with process id 2088 stopped the removal or ejection for the device PCI\VEN_8086&DEV_282A&SUBSYS_08C81028&REV_30\3&11583659&0&B8.
Process command line: C:\WINDOWS\system32\svchost.exe -k LocalServiceNetworkRestricted -p -s AppIDSvc
List of affected devices:
"
Warning,12/25/2022 11:50:49 PM,Microsoft-Windows-Kernel-PnP,225,(223),"The application \Device\HarddiskVolume3\Windows\System32\svchost.exe with process id 2052 stopped the removal or ejection for the device PCI\VEN_8086&DEV_282A&SUBSYS_08C81028&REV_30\3&11583659&0&B8.
Process command line: C:\WINDOWS\System32\svchost.exe -k netsvcs -p -s ShellHWDetection
List of affected devices:
"
Warning,12/25/2022 11:50:49 PM,Microsoft-Windows-Kernel-PnP,225,(223),"The application \Device\HarddiskVolume3\Windows\System32\svchost.exe with process id 1972 stopped the removal or ejection for the device PCI\VEN_8086&DEV_282A&SUBSYS_08C81028&REV_30\3&11583659&0&B8.
Process command line: C:\WINDOWS\system32\svchost.exe -k NetworkService -p
List of affected devices:
"
Warning,12/25/2022 11:50:49 PM,Microsoft-Windows-Kernel-PnP,225,(223),"The application \Device\HarddiskVolume3\Windows\System32\svchost.exe with process id 1968 stopped the removal or ejection for the device PCI\VEN_8086&DEV_282A&SUBSYS_08C81028&REV_30\3&11583659&0&B8.
Process command line: C:\WINDOWS\system32\svchost.exe -k netsvcs -p -s wlidsvc
List of affected devices:
"
Warning,12/25/2022 11:50:49 PM,Microsoft-Windows-Kernel-PnP,225,(223),"The application \Device\HarddiskVolume3\Windows\System32\svchost.exe with process id 1964 stopped the removal or ejection for the device PCI\VEN_8086&DEV_282A&SUBSYS_08C81028&REV_30\3&11583659&0&B8.
Process command line: C:\WINDOWS\system32\svchost.exe -k netsvcs -p -s DsmSvc
List of affected devices:
"
Warning,12/25/2022 11:50:49 PM,Microsoft-Windows-Kernel-PnP,225,(223),"The application \Device\HarddiskVolume3\Windows\System32\oobe\Setup.exe with process id 1856 stopped the removal or ejection for the device PCI\VEN_8086&DEV_282A&SUBSYS_08C81028&REV_30\3&11583659&0&B8.
Process command line: C:\WINDOWS\system32\oobe\setup.exe
List of affected devices:
"
Warning,12/25/2022 11:50:49 PM,Microsoft-Windows-Kernel-PnP,225,(223),"The application \Device\HarddiskVolume3\$Windows.~BT\Sources\setupplatform.exe with process id 1828 stopped the removal or ejection for the device PCI\VEN_8086&DEV_282A&SUBSYS_08C81028&REV_30\3&11583659&0&B8.
Process command line: C:\$WINDOWS.~BT\Sources\SetupPlatform.exe /communication
List of affected devices:
"
Warning,12/25/2022 11:50:49 PM,Microsoft-Windows-Kernel-PnP,225,(223),"The application \Device\HarddiskVolume3\Windows\System32\oobe\windeploy.exe with process id 1760 stopped the removal or ejection for the device PCI\VEN_8086&DEV_282A&SUBSYS_08C81028&REV_30\3&11583659&0&B8.
Process command line: oobe\windeploy.exe
List of affected devices:
"
Warning,12/25/2022 11:50:49 PM,Microsoft-Windows-Kernel-PnP,225,(223),"The application \Device\HarddiskVolume3\Windows\System32\svchost.exe with process id 1664 stopped the removal or ejection for the device PCI\VEN_8086&DEV_282A&SUBSYS_08C81028&REV_30\3&11583659&0&B8.
Process command line: C:\WINDOWS\System32\svchost.exe -k wsappx -p -s ClipSVC
List of affected devices:
"
Warning,12/25/2022 11:50:49 PM,Microsoft-Windows-Kernel-PnP,225,(223),"The application \Device\HarddiskVolume3\Windows\System32\svchost.exe with process id 1548 stopped the removal or ejection for the device PCI\VEN_8086&DEV_282A&SUBSYS_08C81028&REV_30\3&11583659&0&B8.
Process command line: C:\WINDOWS\system32\svchost.exe -k LocalService -p -s DispBrokerDesktopSvc
List of affected devices:
"
Warning,12/25/2022 11:50:49 PM,Microsoft-Windows-Kernel-PnP,225,(223),"The application \Device\HarddiskVolume3\Windows\System32\WUDFHost.exe with process id 1396 stopped the removal or ejection for the device PCI\VEN_8086&DEV_282A&SUBSYS_08C81028&REV_30\3&11583659&0&B8.
Process command line: ""C:\Windows\System32\WUDFHost.exe"" -HostGUID:{193a1820-d9ac-4997-8c55-be817523f6aa} -IoEventPortName:\UMDFCommunicationPorts\WUDF\HostProcess-edeb3f5e-7068-4e03-91e1-f015a55068ab -SystemEventPortName:\UMDFCommunicationPorts\WUDF\HostProcess-9120e888-bbb4-49c8-aeee-d55583f9e1cf -IoCancelEventPortName:\UMDFCommunicationPorts\WUDF\HostProcess-1bd8e16b-44ee-4d49-98eb-89b84d898978 -NonStateChangingEventPortName:\UMDFCommunicationPorts\WUDF\HostProcess-96577985-37b7-442b-8fa8-efe8afb75f8b -LifetimeId:5704570f-f5a6-4375-81cb-9852a390b2ce -DeviceGroupId: -HostArg:0
List of affected devices:
"
Warning,12/25/2022 11:50:49 PM,Microsoft-Windows-Kernel-PnP,225,(223),"The application \Device\HarddiskVolume3\Windows\System32\svchost.exe with process id 1360 stopped the removal or ejection for the device PCI\VEN_8086&DEV_282A&SUBSYS_08C81028&REV_30\3&11583659&0&B8.
Process command line: C:\WINDOWS\system32\svchost.exe -k LocalServiceNoNetwork -p
List of affected devices:
"
Warning,12/25/2022 11:50:49 PM,Microsoft-Windows-Kernel-PnP,225,(223),"The application \Device\HarddiskVolume3\Windows\System32\dwm.exe with process id 1332 stopped the removal or ejection for the device PCI\VEN_8086&DEV_282A&SUBSYS_08C81028&REV_30\3&11583659&0&B8.
Process command line: ""dwm.exe""
List of affected devices:
"
Warning,12/25/2022 11:50:49 PM,Microsoft-Windows-Kernel-PnP,225,(223),"The application \Device\HarddiskVolume3\Windows\System32\svchost.exe with process id 1328 stopped the removal or ejection for the device PCI\VEN_8086&DEV_282A&SUBSYS_08C81028&REV_30\3&11583659&0&B8.
Process command line: C:\WINDOWS\system32\svchost.exe -k netsvcs -p -s Appinfo
List of affected devices:
"
Warning,12/25/2022 11:50:49 PM,Microsoft-Windows-Kernel-PnP,225,(223),"The application \Device\HarddiskVolume3\Windows\System32\svchost.exe with process id 1288 stopped the removal or ejection for the device PCI\VEN_8086&DEV_282A&SUBSYS_08C81028&REV_30\3&11583659&0&B8.
Process command line: C:\WINDOWS\System32\svchost.exe -k netsvcs -p -s NetSetupSvc
List of affected devices:
"
Warning,12/25/2022 11:50:49 PM,Microsoft-Windows-Kernel-PnP,225,(223),"The application \Device\HarddiskVolume3\Windows\System32\svchost.exe with process id 1264 stopped the removal or ejection for the device PCI\VEN_8086&DEV_282A&SUBSYS_08C81028&REV_30\3&11583659&0&B8.
Process command line: C:\WINDOWS\system32\svchost.exe -k UserProfileService -p -s ProfSvc
List of affected devices:
"
Warning,12/25/2022 11:50:49 PM,Microsoft-Windows-Kernel-PnP,225,(223),"The application \Device\HarddiskVolume3\Windows\System32\svchost.exe with process id 1248 stopped the removal or ejection for the device PCI\VEN_8086&DEV_282A&SUBSYS_08C81028&REV_30\3&11583659&0&B8.
Process command line: C:\WINDOWS\system32\svchost.exe -k DcomLaunch -p -s DeviceInstall
List of affected devices:
"
Warning,12/25/2022 11:50:49 PM,Microsoft-Windows-Kernel-PnP,225,(223),"The application \Device\HarddiskVolume3\Windows\System32\sppsvc.exe with process id 1212 stopped the removal or ejection for the device PCI\VEN_8086&DEV_282A&SUBSYS_08C81028&REV_30\3&11583659&0&B8.
Process command line: C:\WINDOWS\system32\sppsvc.exe
List of affected devices:
"
Warning,12/25/2022 11:50:49 PM,Microsoft-Windows-Kernel-PnP,225,(223),"The application \Device\HarddiskVolume3\Windows\System32\svchost.exe with process id 1172 stopped the removal or ejection for the device PCI\VEN_8086&DEV_282A&SUBSYS_08C81028&REV_30\3&11583659&0&B8.
Process command line: C:\WINDOWS\system32\svchost.exe -k DcomLaunch -p -s LSM
List of affected devices:
"
Warning,12/25/2022 11:50:49 PM,Microsoft-Windows-Kernel-PnP,225,(223),"The application \Device\HarddiskVolume3\Windows\System32\svchost.exe with process id 1140 stopped the removal or ejection for the device PCI\VEN_8086&DEV_282A&SUBSYS_08C81028&REV_30\3&11583659&0&B8.
Process command line: C:\WINDOWS\system32\svchost.exe -k RPCSS -p
List of affected devices:
"
Warning,12/25/2022 11:50:49 PM,Microsoft-Windows-Kernel-PnP,225,(223),"The application \Device\HarddiskVolume3\Windows\System32\WUDFHost.exe with process id 1104 stopped the removal or ejection for the device PCI\VEN_8086&DEV_282A&SUBSYS_08C81028&REV_30\3&11583659&0&B8.
Process command line: ""C:\Windows\System32\WUDFHost.exe"" -HostGUID:{193a1820-d9ac-4997-8c55-be817523f6aa} -IoEventPortName:\UMDFCommunicationPorts\WUDF\HostProcess-c0955e8f-a2e5-4eff-8064-194fdcecef91 -SystemEventPortName:\UMDFCommunicationPorts\WUDF\HostProcess-502d45c4-2970-450b-9882-a05c2463831c -IoCancelEventPortName:\UMDFCommunicationPorts\WUDF\HostProcess-210cf4b2-b93a-4ab3-baa1-2c66159ce085 -NonStateChangingEventPortName:\UMDFCommunicationPorts\WUDF\HostProcess-f77f59a0-2de5-4e38-814f-36d2cc015e40 -LifetimeId:73f67057-1380-4cbf-b7a2-2d0c586fcd98 -DeviceGroupId:WudfDefaultDevicePool -HostArg:0
List of affected devices:
"
Warning,12/25/2022 11:50:49 PM,Microsoft-Windows-Kernel-PnP,225,(223),"The application \Device\HarddiskVolume3\Windows\System32\fontdrvhost.exe with process id 1032 stopped the removal or ejection for the device PCI\VEN_8086&DEV_282A&SUBSYS_08C81028&REV_30\3&11583659&0&B8.
Process command line: ""fontdrvhost.exe""
List of affected devices:
"
Warning,12/25/2022 11:50:49 PM,Microsoft-Windows-Kernel-PnP,225,(223),"The application \Device\HarddiskVolume3\Windows\System32\lsass.exe with process id 984 stopped the removal or ejection for the device PCI\VEN_8086&DEV_282A&SUBSYS_08C81028&REV_30\3&11583659&0&B8.
Process command line: C:\WINDOWS\system32\lsass.exe -setup
List of affected devices:
"
Warning,12/25/2022 11:50:49 PM,Microsoft-Windows-Kernel-PnP,225,(223),"The application \Device\HarddiskVolume3\Windows\System32\services.exe with process id 960 stopped the removal or ejection for the device PCI\VEN_8086&DEV_282A&SUBSYS_08C81028&REV_30\3&11583659&0&B8.
Process command line: C:\WINDOWS\system32\services.exe -setup
List of affected devices:
"
Warning,12/25/2022 11:50:49 PM,Microsoft-Windows-Kernel-PnP,225,(223),"The application \Device\HarddiskVolume3\Windows\System32\svchost.exe with process id 956 stopped the removal or ejection for the device PCI\VEN_8086&DEV_282A&SUBSYS_08C81028&REV_30\3&11583659&0&B8.
Process command line: C:\WINDOWS\System32\svchost.exe -k netsvcs -p -s BDESVC
List of affected devices:
"
Warning,12/25/2022 11:50:49 PM,Microsoft-Windows-Kernel-PnP,225,(223),"The application \Device\HarddiskVolume3\Windows\System32\winlogon.exe with process id 884 stopped the removal or ejection for the device PCI\VEN_8086&DEV_282A&SUBSYS_08C81028&REV_30\3&11583659&0&B8.
Process command line: winlogon.exe
List of affected devices:
"
Warning,12/25/2022 11:50:49 PM,Microsoft-Windows-Kernel-PnP,225,(223),"The application \Device\HarddiskVolume3\Windows\System32\csrss.exe with process id 820 stopped the removal or ejection for the device PCI\VEN_8086&DEV_282A&SUBSYS_08C81028&REV_30\3&11583659&0&B8.
Process command line: %SystemRoot%\system32\csrss.exe ObjectDirectory=\Windows SharedSection=1024,20480,768 Windows=On SubSystemType=Windows ServerDll=basesrv,1 ServerDll=winsrv:UserServerDllInitialization,3 ServerDll=sxssrv,4 ProfileControl=Off MaxRequestThreads=16
List of affected devices:
"
Warning,12/25/2022 11:50:49 PM,Microsoft-Windows-Kernel-PnP,225,(223),"The application \Device\HarddiskVolume3\Windows\System32\wininit.exe with process id 812 stopped the removal or ejection for the device PCI\VEN_8086&DEV_282A&SUBSYS_08C81028&REV_30\3&11583659&0&B8.
Process command line: wininit.exe
List of affected devices:
"
Warning,12/25/2022 11:50:49 PM,Microsoft-Windows-Kernel-PnP,225,(223),"The application \Device\HarddiskVolume3\Windows\System32\csrss.exe with process id 740 stopped the removal or ejection for the device PCI\VEN_8086&DEV_282A&SUBSYS_08C81028&REV_30\3&11583659&0&B8.
Process command line: %SystemRoot%\system32\csrss.exe ObjectDirectory=\Windows SharedSection=1024,20480,768 Windows=On SubSystemType=Windows ServerDll=basesrv,1 ServerDll=winsrv:UserServerDllInitialization,3 ServerDll=sxssrv,4 ProfileControl=Off MaxRequestThreads=16
List of affected devices:
"
Warning,12/25/2022 11:50:49 PM,Microsoft-Windows-Kernel-PnP,225,(223),"The application \Device\HarddiskVolume3\Windows\System32\svchost.exe with process id 712 stopped the removal or ejection for the device PCI\VEN_8086&DEV_282A&SUBSYS_08C81028&REV_30\3&11583659&0&B8.
Process command line: C:\WINDOWS\system32\svchost.exe -k DcomLaunch -p
List of affected devices:
"
Warning,12/25/2022 11:50:49 PM,Microsoft-Windows-Kernel-PnP,225,(223),"The application \Device\HarddiskVolume3\Windows\System32\fontdrvhost.exe with process id 668 stopped the removal or ejection for the device PCI\VEN_8086&DEV_282A&SUBSYS_08C81028&REV_30\3&11583659&0&B8.
Process command line: ""fontdrvhost.exe""
List of affected devices:
"
Warning,12/25/2022 11:50:49 PM,Microsoft-Windows-Kernel-PnP,225,(223),"The application \Device\HarddiskVolume3\Windows\System32\smss.exe with process id 592 stopped the removal or ejection for the device PCI\VEN_8086&DEV_282A&SUBSYS_08C81028&REV_30\3&11583659&0&B8.
Process command line: \SystemRoot\System32\smss.exe
List of affected devices:
"
Warning,12/25/2022 11:50:49 PM,Microsoft-Windows-Kernel-PnP,225,(223),"The application System with process id 4 stopped the removal or ejection for the device PCI\VEN_8086&DEV_282A&SUBSYS_08C81028&REV_30\3&11583659&0&B8.
Process command line: 
List of affected devices:
STORAGE\Volume\{11300e6e-84c8-11ed-bc8a-806e6f6e6963}#0000003B59C00000
STORAGE\Volume\{11300e6e-84c8-11ed-bc8a-806e6f6e6963}#0000000000100000
STORAGE\Volume\{11300e6e-84c8-11ed-bc8a-806e6f6e6963}#0000000007500000
STORAGE\Volume\{11300e6e-84c8-11ed-bc8a-806e6f6e6963}#0000003B1D800000
"
Information,12/25/2022 11:50:49 PM,Service Control Manager,7040,None,The start type of the Intel(R) RST HFC Disable Service service was changed from disabled to auto start.
Information,12/25/2022 11:50:49 PM,TPM,18,None,This event triggers the Trusted Platform Module (TPM) provisioning/status check to run.
Information,12/25/2022 11:50:49 PM,Service Control Manager,7026,None,"The following boot-start or system-start driver(s) did not load: 
CSC
dam"
Information,12/25/2022 11:50:48 PM,Microsoft-Windows-FilterManager,1,None,"File System Filter 'iaStorAfs' (Version 10.0, ‎2021‎-‎02‎-‎02T00:39:35.000000000Z) unloaded successfully."
Information,12/25/2022 11:50:48 PM,Service Control Manager,7040,None,The start type of the iaStorAfs service was changed from boot start to demand start.
Information,12/25/2022 11:50:48 PM,Service Control Manager,7040,None,The start type of the iaStorAfsService service was changed from auto start to demand start.
Information,12/25/2022 11:50:48 PM,Microsoft-Windows-UserModePowerService,12,(10),Process C:\Windows\System32\Intel\DPTF\esif_uf.exe (process ID:3864) reset policy scheme from {381b4222-f694-41f0-9685-ff5bb260df2e} to {381b4222-f694-41f0-9685-ff5bb260df2e}
Information,12/25/2022 11:50:48 PM,Microsoft-Windows-UserModePowerService,12,(10),Process C:\Windows\System32\Intel\DPTF\esif_uf.exe (process ID:3864) reset policy scheme from {381b4222-f694-41f0-9685-ff5bb260df2e} to {381b4222-f694-41f0-9685-ff5bb260df2e}
Information,12/25/2022 11:50:48 PM,Microsoft-Windows-UserModePowerService,12,(10),Process C:\Windows\System32\Intel\DPTF\esif_uf.exe (process ID:3864) reset policy scheme from {381b4222-f694-41f0-9685-ff5bb260df2e} to {381b4222-f694-41f0-9685-ff5bb260df2e}
Information,12/25/2022 11:50:48 PM,Service Control Manager,7040,None,The start type of the HfcDisableService service was changed from auto start to disabled.
Information,12/25/2022 11:50:49 PM,Workstation,3261,None,This computer has been successfully joined to workgroup 'WORKGROUP'.
Information,12/25/2022 11:50:48 PM,RST Middleware,27,None,"Found passthru disk: SCSI Port: 0, SCSI Bus: 3, SCSI Target: 0, PCIe SSD, 256060514304 bytes, IM2P33F3 NVMe ADATA 256GB               "
Information,12/25/2022 11:50:46 PM,Microsoft-Windows-HttpService,112,HTTP Setup Trace Task,"Attempted to reserve URL http://+:10243/WMPNSSv4/. Status 0x0. Process Id 0x4 Executable path , User SYSTEM"
Information,12/25/2022 11:50:46 PM,Microsoft-Windows-HttpService,112,HTTP Setup Trace Task,"Attempted to reserve URL https://+:10245/WMPNSSv4/. Status 0x0. Process Id 0x4 Executable path , User SYSTEM"
Information,12/25/2022 11:50:46 PM,Microsoft-Windows-HttpService,112,HTTP Setup Trace Task,"Attempted to reserve URL http://+:5985/wsman/. Status 0x0. Process Id 0x4 Executable path , User SYSTEM"
Information,12/25/2022 11:50:46 PM,Microsoft-Windows-HttpService,112,HTTP Setup Trace Task,"Attempted to reserve URL http://+:47001/wsman/. Status 0x0. Process Id 0x4 Executable path , User SYSTEM"
Information,12/25/2022 11:50:46 PM,Microsoft-Windows-HttpService,112,HTTP Setup Trace Task,"Attempted to reserve URL https://+:5986/wsman/. Status 0x0. Process Id 0x4 Executable path , User SYSTEM"
Information,12/25/2022 11:50:46 PM,Microsoft-Windows-HttpService,112,HTTP Setup Trace Task,"Attempted to reserve URL http://+:10246/MDEServer/. Status 0x0. Process Id 0x4 Executable path , User SYSTEM"
Information,12/25/2022 11:50:46 PM,Microsoft-Windows-HttpService,112,HTTP Setup Trace Task,"Attempted to reserve URL http://*:2869/. Status 0x0. Process Id 0x4 Executable path , User SYSTEM"
