Information,1/1/2023 9:23:04 AM,Microsoft-Windows-Kernel-General,11,None,"TxR init phase for hive \??\GLOBALROOT\Device\HarddiskVolumeShadowCopy10\WINDOWS\System32\config\SYSTEM (TM: {394c5899-886c-11ed-bc90-d09466c309a6}, RM: {394c5898-886c-11ed-bc90-d09466c309a6}) finished with result=0xC00000A2 (Internal code=7)."
Error,1/1/2023 9:23:02 AM,Microsoft-Windows-WindowsUpdateClient,20,Windows Update Agent,Installation Failure: Windows failed to install the following update with error 0x80073D02: 9NMPJ99VJBWV-Microsoft.YourPhone.
Information,1/1/2023 9:23:02 AM,Microsoft-Windows-WindowsUpdateClient,43,Windows Update Agent,Installation Started: Windows has started installing the following update: 9NMPJ99VJBWV-Microsoft.YourPhone
Information,1/1/2023 9:22:59 AM,Microsoft-Windows-WindowsUpdateClient,44,Windows Update Agent,Windows Update started downloading an update.
Information,1/1/2023 9:22:57 AM,Microsoft-Windows-Kernel-General,11,None,"TxR init phase for hive \??\GLOBALROOT\Device\HarddiskVolumeShadowCopy12\WINDOWS\System32\config\DRIVERS (TM: {394c5874-886c-11ed-bc90-d09466c309a6}, RM: {394c5873-886c-11ed-bc90-d09466c309a6}) finished with result=0xC00000A2 (Internal code=7)."
Information,1/1/2023 9:22:57 AM,Microsoft-Windows-Kernel-General,11,None,"TxR init phase for hive \??\GLOBALROOT\Device\HarddiskVolumeShadowCopy12\WINDOWS\System32\config\SYSTEM (TM: {394c5871-886c-11ed-bc90-d09466c309a6}, RM: {394c5870-886c-11ed-bc90-d09466c309a6}) finished with result=0xC00000A2 (Internal code=7)."
Information,1/1/2023 9:22:56 AM,Microsoft-Windows-Kernel-General,1,(5),"The system time has changed to ‎2023‎-‎01‎-‎01T12:22:56.896612500Z from ‎2023‎-‎01‎-‎01T12:22:56.896006400Z.
Time Delta: 0 ms

Change Reason: An application or system component changed the time.
Process: '\Device\HarddiskVolume3\Windows\System32\svchost.exe' (PID 3068).

RTC time: ‎2023‎-‎01‎-‎01T09:22:56.896612500Z
Current time zone bias: 180
RTC time is in UTC: false
System time was based on RTC time: false"
Information,1/1/2023 9:22:56 AM,Microsoft-Windows-Kernel-General,24,(11),The time zone information was refreshed with exit reason 0. Current time zone bias is 180.
Information,1/1/2023 9:22:56 AM,Microsoft-Windows-Time-Service,35,None,"The time service is now synchronizing the system time with the time source time.windows.com,0x9 (ntp.m|0x9|0.0.0.0:123->40.119.6.228:123) with reference id 3825628968. Current local stratum number is 4."
Error,1/1/2023 9:22:54 AM,Microsoft-Windows-LanguagePackSetup,1042,Removing language pack,You cannot uninstall language pt-BR because the language is the system installed UI language.
Information,1/1/2023 9:22:42 AM,Microsoft-Windows-Time-Service,37,None,"The time provider NtpClient is currently receiving valid time data from time.windows.com,0x9 (ntp.m|0x9|0.0.0.0:123->40.119.6.228:123)."
Error,1/1/2023 9:22:42 AM,Microsoft-Windows-LanguagePackSetup,1042,Removing language pack,You cannot uninstall language pt-BR because the language is the system installed UI language.
Information,1/1/2023 9:22:40 AM,Microsoft-Windows-Time-Service,158,None,The time provider 'VMICTimeProvider' has indicated that the current hardware and operating environment is not supported and has stopped. This behavior is expected for VMICTimeProvider on non-HyperV-guest environments. This may be the expected behavior for the current provider in the current operating environment as well.
Information,1/1/2023 9:18:55 AM,Microsoft-Windows-Kernel-Power,105,(100),Power source change.
Warning,1/1/2023 8:45:01 AM,Microsoft-Windows-DistributedCOM,10016,None,"The application-specific permission settings do not grant Local Activation permission for the COM Server application with CLSID 
{2593F8B9-4EAF-457C-B68A-50F6B8EA6B54}
 and APPID 
{15C20B67-12E7-4BB6-92BB-7AFF07997402}
 to the user Saezo\OzeasSantos SID (S-1-5-21-2173426690-2103480400-3118651004-1001) from address LocalHost (Using LRPC) running in the application container Unavailable SID (Unavailable). This security permission can be modified using the Component Services administrative tool."
Warning,1/1/2023 8:43:04 AM,Microsoft-Windows-DistributedCOM,10016,None,"The application-specific permission settings do not grant Local Activation permission for the COM Server application with CLSID 
{2593F8B9-4EAF-457C-B68A-50F6B8EA6B54}
 and APPID 
{15C20B67-12E7-4BB6-92BB-7AFF07997402}
 to the user Saezo\OzeasSantos SID (S-1-5-21-2173426690-2103480400-3118651004-1001) from address LocalHost (Using LRPC) running in the application container Unavailable SID (Unavailable). This security permission can be modified using the Component Services administrative tool."
Warning,1/1/2023 8:40:57 AM,Netwtw08,6062,None,6062 - Lso was triggered
Warning,1/1/2023 8:40:51 AM,rt640x64,1,None,Realtek PCIe GbE Family Controller is disconnected from network.
Information,1/1/2023 8:40:50 AM,Microsoft-Windows-Power-Troubleshooter,1,None,"The system has returned from a low power state.

Sleep Time: ‎2022‎-‎12‎-‎31T23:53:06.212225800Z
Wake Time: ‎2023‎-‎01‎-‎01T11:40:48.927871600Z

Wake Source: Unknown"
Information,1/1/2023 8:40:49 AM,Netwtw08,7021,None,7021 - Connection telemetry fields and analysis usage
Information,1/1/2023 8:40:49 AM,Microsoft-Windows-Kernel-Power,566,(268),"The system session has transitioned from 67 to 69.

Reason Unknown 

BootId: 8"
Information,1/1/2023 8:40:49 AM,Microsoft-Windows-Kernel-Power,566,(268),"The system session has transitioned from 66 to 67.

Reason SxTransition 

BootId: 8"
Information,1/1/2023 8:40:49 AM,Microsoft-Windows-Kernel-General,1,(5),"The system time has changed to ‎2023‎-‎01‎-‎01T11:40:49.051817100Z from ‎2023‎-‎01‎-‎01T11:40:49.051817100Z.
Time Delta: 0 ms

Change Reason: System time adjusted to the new time zone.
Process: '' (PID 4).

RTC time: ‎2023‎-‎01‎-‎01T08:40:49.051817100Z
Current time zone bias: 180
RTC time is in UTC: false
System time was based on RTC time: false"
Information,1/1/2023 8:40:49 AM,Microsoft-Windows-Kernel-General,24,(11),The time zone information was refreshed with exit reason 0. Current time zone bias is 180.
Information,1/1/2023 8:40:49 AM,Microsoft-Windows-Kernel-Power,105,(100),Power source change.
Information,1/1/2023 8:40:48 AM,Microsoft-Windows-Kernel-Boot,32,(58),The bootmgr spent 0 ms waiting for user input.
Information,1/1/2023 8:40:48 AM,Microsoft-Windows-Kernel-Boot,18,(57),There are 0x1 boot options on this system.
Information,1/1/2023 8:40:48 AM,Microsoft-Windows-Kernel-Boot,30,(21),The firmware reported boot metrics.
Information,1/1/2023 8:40:48 AM,Netwtw08,7025,None,7025 - Dump after return from D3 before cmd 
Information,1/1/2023 8:40:48 AM,Microsoft-Windows-Kernel-General,1,(5),"The system time has changed to ‎2023‎-‎01‎-‎01T11:40:48.500000000Z from ‎2022‎-‎12‎-‎31T23:53:09.927664800Z.
Time Delta: 42458572 ms

Change Reason: System time synchronized with the hardware clock.
Process: '' (PID 4).

RTC time: ‎2023‎-‎01‎-‎01T08:40:48.500000000Z
Current time zone bias: 180
RTC time is in UTC: false
System time was based on RTC time: false"
Information,12/31/2022 8:53:09 PM,Microsoft-Windows-Kernel-Power,107,(102),The system has resumed from sleep.
Warning,12/31/2022 8:53:09 PM,rt640x64,1,None,Realtek PCIe GbE Family Controller is disconnected from network.
Information,12/31/2022 8:53:07 PM,Microsoft-Windows-Kernel-Power,42,(64),"The system is entering sleep.

Sleep Reason: Hibernate from Sleep - Fixed Timeout"
Information,12/31/2022 8:53:07 PM,Microsoft-Windows-Power-Troubleshooter,1,None,"The system has returned from a low power state.

Sleep Time: ‎2022‎-‎12‎-‎31T23:53:06.212225800Z
Wake Time: ‎2022‎-‎12‎-‎31T23:53:06.206660500Z

Wake Source: S4 Doze to Hibernate"
Information,12/31/2022 8:53:06 PM,Netwtw08,7021,None,7021 - Connection telemetry fields and analysis usage
Information,12/31/2022 8:53:05 PM,Netwtw08,7026,None,7026 - Dump after return from D3 after cmd
Information,12/31/2022 8:53:05 PM,Netwtw08,7025,None,7025 - Dump after return from D3 before cmd 
Information,12/31/2022 8:53:05 PM,Microsoft-Windows-Kernel-Power,131,(33),"Firmware S3 times. ResumeCount: 2, FullResume: 1281, AverageResume: 1284"
Information,12/31/2022 8:53:05 PM,Microsoft-Windows-Kernel-General,1,(5),"The system time has changed to ‎2022‎-‎12‎-‎31T23:53:05.500000000Z from ‎2022‎-‎12‎-‎31T19:53:05.446793800Z.
Time Delta: 14400053 ms

Change Reason: System time synchronized with the hardware clock.
Process: '' (PID 4).

RTC time: ‎2022‎-‎12‎-‎31T20:53:05.500000000Z
Current time zone bias: 180
RTC time is in UTC: false
System time was based on RTC time: false"
Information,12/31/2022 4:53:05 PM,Microsoft-Windows-Kernel-Power,107,(102),The system has resumed from sleep.
Information,12/31/2022 4:53:04 PM,Microsoft-Windows-Kernel-Power,42,(64),"The system is entering sleep.

Sleep Reason: System Idle"
Information,12/31/2022 4:53:04 PM,Microsoft-Windows-Kernel-Power,566,(268),"The system session has transitioned from 64 to 66.

Reason SxTransition 

BootId: 8"
Warning,12/31/2022 2:09:45 PM,Netwtw08,6062,None,6062 - Lso was triggered
Information,12/31/2022 2:09:45 PM,Netwtw08,7021,None,7021 - Connection telemetry fields and analysis usage
Information,12/31/2022 1:57:38 PM,Microsoft-Windows-Kernel-Power,566,(268),"The system session has transitioned from 63 to 64.

Reason SessionUnlock 

BootId: 8"
Information,12/31/2022 1:52:25 PM,Microsoft-Windows-Kernel-Power,566,(268),"The system session has transitioned from 61 to 63.

Reason InputPoUserPresent 

BootId: 8"
Information,12/31/2022 1:49:59 PM,Microsoft-Windows-Kernel-Power,566,(268),"The system session has transitioned from 60 to 61.

Reason SessionUnlock 

BootId: 8"
Information,12/31/2022 1:39:44 PM,Microsoft-Windows-Kernel-Power,566,(268),"The system session has transitioned from 58 to 60.

Reason InputPoUserPresent 

BootId: 8"
Information,12/31/2022 1:32:45 PM,Microsoft-Windows-Kernel-Power,566,(268),"The system session has transitioned from 57 to 58.

Reason SessionUnlock 

BootId: 8"
Information,12/31/2022 1:27:45 PM,Microsoft-Windows-Kernel-Power,566,(268),"The system session has transitioned from 55 to 57.

Reason InputPoUserPresent 

BootId: 8"
Error,12/31/2022 1:03:19 PM,disk,11,None,The driver detected a controller error on \Device\Harddisk1\DR8.
Information,12/31/2022 12:55:49 PM,Microsoft-Windows-Kernel-Power,566,(268),"The system session has transitioned from 54 to 55.

Reason SessionUnlock 

BootId: 8"
Information,12/31/2022 12:40:27 PM,Microsoft-Windows-Kernel-Power,566,(268),"The system session has transitioned from 52 to 54.

Reason InputPoUserPresent 

BootId: 8"
Information,12/31/2022 12:28:36 PM,Volsnap,33,None,The oldest shadow copy of volume C: was deleted to keep disk space usage for shadow copies of volume C: below the user defined limit.
Information,12/31/2022 12:16:22 PM,Microsoft-Windows-Kernel-Power,566,(268),"The system session has transitioned from 51 to 52.

Reason SessionUnlock 

BootId: 8"
Information,12/31/2022 12:15:21 PM,Microsoft-Windows-Kernel-Power,566,(268),"The system session has transitioned from 49 to 51.

Reason InputHid 

BootId: 8"
Information,12/31/2022 12:12:14 PM,Microsoft-Windows-Kernel-Power,566,(268),"The system session has transitioned from 48 to 49.

Reason SessionUnlock 

BootId: 8"
Information,12/31/2022 12:11:12 PM,Microsoft-Windows-Kernel-Power,566,(268),"The system session has transitioned from 46 to 48.

Reason InputPoUserPresent 

BootId: 8"
Warning,12/31/2022 12:10:12 PM,Netwtw08,6062,None,6062 - Lso was triggered
Information,12/31/2022 12:10:07 PM,Microsoft-Windows-Kernel-Power,566,(268),"The system session has transitioned from 45 to 46.

Reason SessionUnlock 

BootId: 8"
Warning,12/31/2022 12:09:09 PM,rt640x64,1,None,Realtek PCIe GbE Family Controller is disconnected from network.
Information,12/31/2022 12:09:07 PM,Microsoft-Windows-Power-Troubleshooter,1,None,"The system has returned from a low power state.

Sleep Time: ‎2022‎-‎12‎-‎31T15:05:54.503425800Z
Wake Time: ‎2022‎-‎12‎-‎31T15:09:06.220250100Z

Wake Source: Power Button"
Information,12/31/2022 12:09:06 PM,Microsoft-Windows-Kernel-Power,566,(268),"The system session has transitioned from 43 to 45.

Reason Unknown 

BootId: 8"
Information,12/31/2022 12:09:06 PM,Netwtw08,7021,None,7021 - Connection telemetry fields and analysis usage
Information,12/31/2022 12:09:06 PM,Microsoft-Windows-Kernel-Power,566,(268),"The system session has transitioned from 42 to 43.

Reason SxTransition 

BootId: 8"
Information,12/31/2022 12:09:05 PM,Netwtw08,7026,None,7026 - Dump after return from D3 after cmd
Information,12/31/2022 12:09:05 PM,Netwtw08,7025,None,7025 - Dump after return from D3 before cmd 
Information,12/31/2022 12:09:05 PM,Microsoft-Windows-Kernel-Power,131,(33),"Firmware S3 times. ResumeCount: 1, FullResume: 1286, AverageResume: 1286"
Information,12/31/2022 12:09:05 PM,Microsoft-Windows-Kernel-General,1,(5),"The system time has changed to ‎2022‎-‎12‎-‎31T15:09:05.500000000Z from ‎2022‎-‎12‎-‎31T15:05:55.712397500Z.
Time Delta: 189787 ms

Change Reason: System time synchronized with the hardware clock.
Process: '' (PID 4).

RTC time: ‎2022‎-‎12‎-‎31T12:09:05.500000000Z
Current time zone bias: 180
RTC time is in UTC: false
System time was based on RTC time: false"
Information,12/31/2022 12:05:55 PM,Microsoft-Windows-Kernel-Power,107,(102),The system has resumed from sleep.
Information,12/31/2022 12:05:54 PM,Microsoft-Windows-Kernel-Power,42,(64),"The system is entering sleep.

Sleep Reason: System Idle"
Information,12/31/2022 12:05:54 PM,Microsoft-Windows-Kernel-Power,566,(268),"The system session has transitioned from 40 to 42.

Reason SxTransition 

BootId: 8"
Information,12/31/2022 12:00:00 PM,EventLog,6013,None,The system uptime is 139308 seconds.
Information,12/31/2022 11:04:08 AM,Microsoft-Windows-Kernel-General,1,(5),"The system time has changed to ‎2022‎-‎12‎-‎31T14:04:08.102356900Z from ‎2022‎-‎12‎-‎31T14:04:08.101749300Z.
Time Delta: 0 ms

Change Reason: An application or system component changed the time.
Process: '\Device\HarddiskVolume3\Windows\System32\svchost.exe' (PID 16840).

RTC time: ‎2022‎-‎12‎-‎31T11:04:08.102356900Z
Current time zone bias: 180
RTC time is in UTC: false
System time was based on RTC time: false"
Information,12/31/2022 11:04:08 AM,Microsoft-Windows-Kernel-General,24,(11),The time zone information was refreshed with exit reason 0. Current time zone bias is 180.
Information,12/31/2022 11:04:08 AM,Microsoft-Windows-Time-Service,35,None,"The time service is now synchronizing the system time with the time source time.windows.com,0x9 (ntp.m|0x9|0.0.0.0:123->40.119.6.228:123) with reference id 3825628968. Current local stratum number is 4."
Information,12/31/2022 11:04:08 AM,Microsoft-Windows-Time-Service,37,None,"The time provider NtpClient is currently receiving valid time data from time.windows.com,0x9 (ntp.m|0x9|0.0.0.0:123->40.119.6.228:123)."
Information,12/31/2022 9:10:45 AM,Microsoft-Windows-Kernel-Power,566,(268),"The system session has transitioned from 39 to 40.

Reason SessionUnlock 

BootId: 8"
Error,12/31/2022 9:09:52 AM,Microsoft-Windows-WindowsUpdateClient,20,Windows Update Agent,Installation Failure: Windows failed to install the following update with error 0x80073D02: 9NMPJ99VJBWV-Microsoft.YourPhone.
Information,12/31/2022 9:09:51 AM,Microsoft-Windows-WindowsUpdateClient,43,Windows Update Agent,Installation Started: Windows has started installing the following update: 9NMPJ99VJBWV-Microsoft.YourPhone
Information,12/31/2022 9:09:51 AM,Microsoft-Windows-WindowsUpdateClient,44,Windows Update Agent,Windows Update started downloading an update.
Information,12/31/2022 9:06:31 AM,Microsoft-Windows-Kernel-Power,105,(100),Power source change.
Warning,12/31/2022 9:00:55 AM,Microsoft-Windows-DistributedCOM,10016,None,"The application-specific permission settings do not grant Local Activation permission for the COM Server application with CLSID 
{2593F8B9-4EAF-457C-B68A-50F6B8EA6B54}
 and APPID 
{15C20B67-12E7-4BB6-92BB-7AFF07997402}
 to the user Saezo\OzeasSantos SID (S-1-5-21-2173426690-2103480400-3118651004-1001) from address LocalHost (Using LRPC) running in the application container Unavailable SID (Unavailable). This security permission can be modified using the Component Services administrative tool."
Warning,12/31/2022 8:59:22 AM,Microsoft-Windows-DistributedCOM,10016,None,"The application-specific permission settings do not grant Local Activation permission for the COM Server application with CLSID 
{2593F8B9-4EAF-457C-B68A-50F6B8EA6B54}
 and APPID 
{15C20B67-12E7-4BB6-92BB-7AFF07997402}
 to the user Saezo\OzeasSantos SID (S-1-5-21-2173426690-2103480400-3118651004-1001) from address LocalHost (Using LRPC) running in the application container Unavailable SID (Unavailable). This security permission can be modified using the Component Services administrative tool."
Warning,12/31/2022 8:58:50 AM,Netwtw08,6062,None,6062 - Lso was triggered
Information,12/31/2022 8:58:40 AM,Netwtw08,7021,None,7021 - Connection telemetry fields and analysis usage
Warning,12/31/2022 8:58:13 AM,Netwtw08,6062,None,6062 - Lso was triggered
Information,12/31/2022 8:58:10 AM,Microsoft-Windows-Power-Troubleshooter,1,None,"The system has returned from a low power state.

Sleep Time: ‎2022‎-‎12‎-‎31T11:54:22.084220200Z
Wake Time: ‎2022‎-‎12‎-‎31T11:58:02.078717100Z

Wake Source: Unknown"
Warning,12/31/2022 8:58:04 AM,rt640x64,1,None,Realtek PCIe GbE Family Controller is disconnected from network.
Information,12/31/2022 8:58:02 AM,Microsoft-Windows-Kernel-Power,566,(268),"The system session has transitioned from 37 to 39.

Reason Unknown 

BootId: 8"
Information,12/31/2022 8:58:02 AM,Netwtw08,7021,None,7021 - Connection telemetry fields and analysis usage
Information,12/31/2022 8:58:01 AM,Microsoft-Windows-Kernel-Power,566,(268),"The system session has transitioned from 36 to 37.

Reason SxTransition 

BootId: 8"
Information,12/31/2022 8:58:01 AM,Microsoft-Windows-Kernel-Boot,32,(58),The bootmgr spent 0 ms waiting for user input.
Information,12/31/2022 8:58:01 AM,Microsoft-Windows-Kernel-Boot,18,(57),There are 0x1 boot options on this system.
Information,12/31/2022 8:58:01 AM,Microsoft-Windows-Kernel-Boot,30,(21),The firmware reported boot metrics.
Information,12/31/2022 8:58:01 AM,Netwtw08,7025,None,7025 - Dump after return from D3 before cmd 
Information,12/31/2022 8:58:01 AM,Microsoft-Windows-Kernel-General,1,(5),"The system time has changed to ‎2022‎-‎12‎-‎31T11:58:01.500000000Z from ‎2022‎-‎12‎-‎31T11:54:27.125101800Z.
Time Delta: 214374 ms

Change Reason: System time synchronized with the hardware clock.
Process: '' (PID 4).

RTC time: ‎2022‎-‎12‎-‎31T08:58:01.500000000Z
Current time zone bias: 180
RTC time is in UTC: false
System time was based on RTC time: false"
Information,12/31/2022 8:54:27 AM,Microsoft-Windows-Kernel-Power,107,(102),The system has resumed from sleep.
Warning,12/31/2022 8:54:25 AM,rt640x64,1,None,Realtek PCIe GbE Family Controller is disconnected from network.
Information,12/31/2022 8:54:24 AM,Microsoft-Windows-Kernel-Power,42,(64),"The system is entering sleep.

Sleep Reason: Hibernate from Sleep - Fixed Timeout"
Information,12/31/2022 8:54:23 AM,Netwtw08,7021,None,7021 - Connection telemetry fields and analysis usage
Information,12/31/2022 8:54:23 AM,Microsoft-Windows-Power-Troubleshooter,1,None,"The system has returned from a low power state.

Sleep Time: ‎2022‎-‎12‎-‎31T11:54:22.084220200Z
Wake Time: ‎2022‎-‎12‎-‎31T11:54:22.083336700Z

Wake Source: S4 Doze to Hibernate"
Information,12/31/2022 8:54:22 AM,Microsoft-Windows-Kernel-Power,105,(100),Power source change.
Information,12/31/2022 8:54:21 AM,Netwtw08,7026,None,7026 - Dump after return from D3 after cmd
Information,12/31/2022 8:54:21 AM,Netwtw08,7025,None,7025 - Dump after return from D3 before cmd 
Information,12/31/2022 8:54:21 AM,Microsoft-Windows-Kernel-Power,131,(33),"Firmware S3 times. ResumeCount: 2, FullResume: 1299, AverageResume: 1295"
Information,12/31/2022 8:54:21 AM,Microsoft-Windows-Kernel-General,1,(5),"The system time has changed to ‎2022‎-‎12‎-‎31T11:54:21.500000000Z from ‎2022‎-‎12‎-‎31T07:54:21.848748300Z.
Time Delta: 14399651 ms

Change Reason: System time synchronized with the hardware clock.
Process: '' (PID 4).

RTC time: ‎2022‎-‎12‎-‎31T08:54:21.500000000Z
Current time zone bias: 180
RTC time is in UTC: false
System time was based on RTC time: false"
Information,12/31/2022 4:54:21 AM,Microsoft-Windows-Kernel-Power,107,(102),The system has resumed from sleep.
Information,12/31/2022 4:54:21 AM,Microsoft-Windows-Kernel-Power,42,(64),"The system is entering sleep.

Sleep Reason: System Idle"
Information,12/31/2022 4:54:20 AM,Microsoft-Windows-Kernel-Power,566,(268),"The system session has transitioned from 34 to 36.

Reason SxTransition 

BootId: 8"
Information,12/31/2022 4:33:44 AM,Microsoft-Windows-Ntfs,98,None,Volume ?? (\Device\HarddiskVolumeShadowCopy13) is healthy.  No action is needed.
Information,12/31/2022 3:06:31 AM,Microsoft-Windows-Time-Service,158,None,The time provider 'VMICTimeProvider' has indicated that the current hardware and operating environment is not supported and has stopped. This behavior is expected for VMICTimeProvider on non-HyperV-guest environments. This may be the expected behavior for the current provider in the current operating environment as well.
Information,12/31/2022 2:49:27 AM,Microsoft-Windows-Time-Service,158,None,The time provider 'VMICTimeProvider' has indicated that the current hardware and operating environment is not supported and has stopped. This behavior is expected for VMICTimeProvider on non-HyperV-guest environments. This may be the expected behavior for the current provider in the current operating environment as well.
Information,12/31/2022 2:32:23 AM,Microsoft-Windows-Time-Service,158,None,The time provider 'VMICTimeProvider' has indicated that the current hardware and operating environment is not supported and has stopped. This behavior is expected for VMICTimeProvider on non-HyperV-guest environments. This may be the expected behavior for the current provider in the current operating environment as well.
Information,12/31/2022 2:15:19 AM,Microsoft-Windows-Time-Service,158,None,The time provider 'VMICTimeProvider' has indicated that the current hardware and operating environment is not supported and has stopped. This behavior is expected for VMICTimeProvider on non-HyperV-guest environments. This may be the expected behavior for the current provider in the current operating environment as well.
Information,12/31/2022 2:08:46 AM,Microsoft-Windows-WindowsUpdateClient,19,Windows Update Agent,Installation Successful: Windows successfully installed the following update: 9PCFS5B6T72H-Microsoft.Paint
Information,12/31/2022 2:08:45 AM,Microsoft-Windows-WindowsUpdateClient,43,Windows Update Agent,Installation Started: Windows has started installing the following update: 9PCFS5B6T72H-Microsoft.Paint
Information,12/31/2022 2:08:40 AM,Microsoft-Windows-WindowsUpdateClient,19,Windows Update Agent,Installation Successful: Windows successfully installed the following update: 9PKDZBMV1H3T-Microsoft.GetHelp
Information,12/31/2022 2:08:39 AM,Microsoft-Windows-WindowsUpdateClient,43,Windows Update Agent,Installation Started: Windows has started installing the following update: 9PKDZBMV1H3T-Microsoft.GetHelp
Information,12/31/2022 2:08:18 AM,Microsoft-Windows-WindowsUpdateClient,19,Windows Update Agent,Installation Successful: Windows successfully installed the following update: 9NBLGGH5R558-Microsoft.Todos
Information,12/31/2022 2:08:17 AM,Microsoft-Windows-WindowsUpdateClient,43,Windows Update Agent,Installation Started: Windows has started installing the following update: 9NBLGGH5R558-Microsoft.Todos
Information,12/31/2022 2:08:09 AM,Microsoft-Windows-WindowsUpdateClient,44,Windows Update Agent,Windows Update started downloading an update.
Error,12/31/2022 2:07:58 AM,Microsoft-Windows-WindowsUpdateClient,20,Windows Update Agent,Installation Failure: Windows failed to install the following update with error 0x80073D02: 9NMPJ99VJBWV-Microsoft.YourPhone.
Information,12/31/2022 2:07:58 AM,Microsoft-Windows-WindowsUpdateClient,43,Windows Update Agent,Installation Started: Windows has started installing the following update: 9NMPJ99VJBWV-Microsoft.YourPhone
Information,12/31/2022 2:07:56 AM,Microsoft-Windows-WindowsUpdateClient,44,Windows Update Agent,Windows Update started downloading an update.
Information,12/31/2022 2:07:50 AM,Microsoft-Windows-WindowsUpdateClient,19,Windows Update Agent,Installation Successful: Windows successfully installed the following update: 9NZKPSTSNW4P-Microsoft.XboxGamingOverlay
Information,12/31/2022 2:07:49 AM,Microsoft-Windows-WindowsUpdateClient,43,Windows Update Agent,Installation Started: Windows has started installing the following update: 9NZKPSTSNW4P-Microsoft.XboxGamingOverlay
Information,12/31/2022 2:07:47 AM,Microsoft-Windows-WindowsUpdateClient,44,Windows Update Agent,Windows Update started downloading an update.
Information,12/31/2022 2:07:35 AM,Microsoft-Windows-WindowsUpdateClient,19,Windows Update Agent,Installation Successful: Windows successfully installed the following update: 9WZDNCRDTBVB-MICROSOFT.WINDOWSMAPS
Information,12/31/2022 2:07:34 AM,Microsoft-Windows-WindowsUpdateClient,43,Windows Update Agent,Installation Started: Windows has started installing the following update: 9WZDNCRDTBVB-MICROSOFT.WINDOWSMAPS
Information,12/31/2022 2:07:34 AM,Microsoft-Windows-WindowsUpdateClient,44,Windows Update Agent,Windows Update started downloading an update.
Information,12/31/2022 2:07:32 AM,Microsoft-Windows-WindowsUpdateClient,19,Windows Update Agent,Installation Successful: Windows successfully installed the following update: 9MZ95KL8MR0L-Microsoft.ScreenSketch
Information,12/31/2022 2:07:32 AM,Microsoft-Windows-WindowsUpdateClient,43,Windows Update Agent,Installation Started: Windows has started installing the following update: 9MZ95KL8MR0L-Microsoft.ScreenSketch
Information,12/31/2022 2:07:31 AM,Microsoft-Windows-WindowsUpdateClient,44,Windows Update Agent,Windows Update started downloading an update.
Information,12/31/2022 2:07:16 AM,Microsoft-Windows-WindowsUpdateClient,19,Windows Update Agent,Installation Successful: Windows successfully installed the following update: 9WZDNCRFJBBG-MICROSOFT.WINDOWSCAMERA
Information,12/31/2022 2:07:15 AM,Microsoft-Windows-WindowsUpdateClient,43,Windows Update Agent,Installation Started: Windows has started installing the following update: 9WZDNCRFJBBG-MICROSOFT.WINDOWSCAMERA
Information,12/31/2022 2:06:40 AM,Microsoft-Windows-WindowsUpdateClient,44,Windows Update Agent,Windows Update started downloading an update.
Information,12/31/2022 2:06:32 AM,Microsoft-Windows-WindowsUpdateClient,19,Windows Update Agent,Installation Successful: Windows successfully installed the following update: 9NG1H8B3ZC7M-Microsoft.MixedReality.Portal
Information,12/31/2022 2:06:31 AM,Microsoft-Windows-WindowsUpdateClient,43,Windows Update Agent,Installation Started: Windows has started installing the following update: 9NG1H8B3ZC7M-Microsoft.MixedReality.Portal
Information,12/31/2022 2:06:31 AM,Microsoft-Windows-WindowsUpdateClient,44,Windows Update Agent,Windows Update started downloading an update.
Information,12/31/2022 2:06:22 AM,Microsoft-Windows-WindowsUpdateClient,19,Windows Update Agent,Installation Successful: Windows successfully installed the following update: 9P1J8S7CCWWT-Clipchamp.Clipchamp
Information,12/31/2022 2:06:22 AM,Microsoft-Windows-WindowsUpdateClient,43,Windows Update Agent,Installation Started: Windows has started installing the following update: 9P1J8S7CCWWT-Clipchamp.Clipchamp
Information,12/31/2022 2:06:21 AM,Microsoft-Windows-WindowsUpdateClient,44,Windows Update Agent,Windows Update started downloading an update.
Information,12/31/2022 2:06:02 AM,Microsoft-Windows-WindowsUpdateClient,19,Windows Update Agent,Installation Successful: Windows successfully installed the following update: 9WZDNCRFJ3PR-MICROSOFT.WINDOWSALARMS
Information,12/31/2022 2:06:01 AM,Microsoft-Windows-WindowsUpdateClient,43,Windows Update Agent,Installation Started: Windows has started installing the following update: 9WZDNCRFJ3PR-MICROSOFT.WINDOWSALARMS
Information,12/31/2022 2:05:49 AM,Microsoft-Windows-WindowsUpdateClient,44,Windows Update Agent,Windows Update started downloading an update.
Information,12/31/2022 2:05:43 AM,Microsoft-Windows-WindowsUpdateClient,19,Windows Update Agent,Installation Successful: Windows successfully installed the following update: 9WZDNCRFJ3PT-MICROSOFT.ZUNEMUSIC
Information,12/31/2022 2:05:43 AM,Microsoft-Windows-WindowsUpdateClient,43,Windows Update Agent,Installation Started: Windows has started installing the following update: 9WZDNCRFJ3PT-MICROSOFT.ZUNEMUSIC
Information,12/31/2022 2:05:31 AM,Microsoft-Windows-WindowsUpdateClient,44,Windows Update Agent,Windows Update started downloading an update.
Information,12/31/2022 2:05:24 AM,Microsoft-Windows-WindowsUpdateClient,19,Windows Update Agent,Installation Successful: Windows successfully installed the following update: 9WZDNCRFHVN5-MICROSOFT.WINDOWSCALCULATOR
Information,12/31/2022 2:05:23 AM,Microsoft-Windows-WindowsUpdateClient,43,Windows Update Agent,Installation Started: Windows has started installing the following update: 9WZDNCRFHVN5-MICROSOFT.WINDOWSCALCULATOR
Information,12/31/2022 2:05:23 AM,Microsoft-Windows-WindowsUpdateClient,44,Windows Update Agent,Windows Update started downloading an update.
Information,12/31/2022 2:05:16 AM,Microsoft-Windows-WindowsUpdateClient,19,Windows Update Agent,Installation Successful: Windows successfully installed the following update: 9MSMLRH6LZF3-Microsoft.WindowsNotepad
Information,12/31/2022 2:05:16 AM,Microsoft-Windows-WindowsUpdateClient,43,Windows Update Agent,Installation Started: Windows has started installing the following update: 9MSMLRH6LZF3-Microsoft.WindowsNotepad
Information,12/31/2022 2:04:55 AM,Microsoft-Windows-WindowsUpdateClient,44,Windows Update Agent,Windows Update started downloading an update.
Information,12/31/2022 2:04:48 AM,Microsoft-Windows-WindowsUpdateClient,19,Windows Update Agent,Installation Successful: Windows successfully installed the following update: 9PLFNLNT3G5G-AppUp.IntelGraphicsExperience
Information,12/31/2022 2:04:48 AM,Microsoft-Windows-WindowsUpdateClient,43,Windows Update Agent,Installation Started: Windows has started installing the following update: 9PLFNLNT3G5G-AppUp.IntelGraphicsExperience
Information,12/31/2022 2:04:47 AM,Microsoft-Windows-WindowsUpdateClient,44,Windows Update Agent,Windows Update started downloading an update.
Information,12/31/2022 2:04:41 AM,Microsoft-Windows-WindowsUpdateClient,19,Windows Update Agent,Installation Successful: Windows successfully installed the following update: 9WZDNCRDTBJJ-MICROSOFT.GETSTARTED
Information,12/31/2022 2:04:41 AM,Microsoft-Windows-WindowsUpdateClient,43,Windows Update Agent,Installation Started: Windows has started installing the following update: 9WZDNCRDTBJJ-MICROSOFT.GETSTARTED
Information,12/31/2022 2:04:41 AM,Microsoft-Windows-WindowsUpdateClient,44,Windows Update Agent,Windows Update started downloading an update.
Information,12/31/2022 2:04:30 AM,Microsoft-Windows-WindowsUpdateClient,19,Windows Update Agent,Installation Successful: Windows successfully installed the following update: 9WZDNCRFHWKN-MICROSOFT.WINDOWSSOUNDRECORDER
Information,12/31/2022 2:04:29 AM,Microsoft-Windows-WindowsUpdateClient,43,Windows Update Agent,Installation Started: Windows has started installing the following update: 9WZDNCRFHWKN-MICROSOFT.WINDOWSSOUNDRECORDER
Information,12/31/2022 2:04:29 AM,Microsoft-Windows-WindowsUpdateClient,44,Windows Update Agent,Windows Update started downloading an update.
Information,12/31/2022 2:04:27 AM,Microsoft-Windows-WindowsUpdateClient,19,Windows Update Agent,Installation Successful: Windows successfully installed the following update: 9WZDNCRFHWD2-Microsoft.MicrosoftSolitaireCollection
Information,12/31/2022 2:04:26 AM,Microsoft-Windows-WindowsUpdateClient,43,Windows Update Agent,Installation Started: Windows has started installing the following update: 9WZDNCRFHWD2-Microsoft.MicrosoftSolitaireCollection
Information,12/31/2022 2:04:07 AM,Microsoft-Windows-WindowsUpdateClient,44,Windows Update Agent,Windows Update started downloading an update.
Information,12/31/2022 2:03:56 AM,Microsoft-Windows-WindowsUpdateClient,19,Windows Update Agent,Installation Successful: Windows successfully installed the following update: 9WZDNCRFJ3Q2-Microsoft.BingWeather
Information,12/31/2022 2:03:55 AM,Microsoft-Windows-WindowsUpdateClient,43,Windows Update Agent,Installation Started: Windows has started installing the following update: 9WZDNCRFJ3Q2-Microsoft.BingWeather
Information,12/31/2022 2:03:55 AM,Microsoft-Windows-WindowsUpdateClient,44,Windows Update Agent,Windows Update started downloading an update.
Information,12/31/2022 2:03:46 AM,Microsoft-Windows-WindowsUpdateClient,19,Windows Update Agent,Installation Successful: Windows successfully installed the following update: 9WZDNCRFHVFW-Microsoft.BingNews
Information,12/31/2022 2:03:45 AM,Microsoft-Windows-WindowsUpdateClient,43,Windows Update Agent,Installation Started: Windows has started installing the following update: 9WZDNCRFHVFW-Microsoft.BingNews
Information,12/31/2022 2:03:45 AM,Microsoft-Windows-WindowsUpdateClient,44,Windows Update Agent,Windows Update started downloading an update.
Information,12/31/2022 2:03:35 AM,Microsoft-Windows-WindowsUpdateClient,19,Windows Update Agent,Installation Successful: Windows successfully installed the following update: 9WZDNCRD1HKW-Microsoft.XboxIdentityProvider
Information,12/31/2022 2:03:35 AM,Microsoft-Windows-WindowsUpdateClient,43,Windows Update Agent,Installation Started: Windows has started installing the following update: 9WZDNCRD1HKW-Microsoft.XboxIdentityProvider
Information,12/31/2022 2:03:14 AM,Microsoft-Windows-Kernel-Power,566,(268),"The system session has transitioned from 33 to 34.

Reason SessionUnlock 

BootId: 8"
Information,12/31/2022 2:02:51 AM,Microsoft-Windows-WindowsUpdateClient,44,Windows Update Agent,Windows Update started downloading an update.
Information,12/31/2022 2:02:51 AM,Microsoft-Windows-WindowsUpdateClient,44,Windows Update Agent,Windows Update started downloading an update.
Information,12/31/2022 2:02:39 AM,Microsoft-Windows-WindowsUpdateClient,19,Windows Update Agent,Installation Successful: Windows successfully installed the following update: 9WZDNCRFJ3P2-MICROSOFT.ZUNEVIDEO
Information,12/31/2022 2:02:39 AM,Microsoft-Windows-WindowsUpdateClient,19,Windows Update Agent,Installation Successful: Windows successfully installed the following update: 9MZNG5HZWZ1T-AppUp.IntelOptaneMemoryandStorageManagement
Information,12/31/2022 2:02:38 AM,Microsoft-Windows-WindowsUpdateClient,43,Windows Update Agent,Installation Started: Windows has started installing the following update: 9MZNG5HZWZ1T-AppUp.IntelOptaneMemoryandStorageManagement
Information,12/31/2022 2:02:38 AM,Microsoft-Windows-WindowsUpdateClient,43,Windows Update Agent,Installation Started: Windows has started installing the following update: 9WZDNCRFJ3P2-MICROSOFT.ZUNEVIDEO
Information,12/31/2022 2:02:38 AM,Microsoft-Windows-WindowsUpdateClient,44,Windows Update Agent,Windows Update started downloading an update.
Information,12/31/2022 2:02:29 AM,Microsoft-Windows-WindowsUpdateClient,19,Windows Update Agent,Installation Successful: Windows successfully installed the following update: 9WZDNCRD29V9-MICROSOFT.MICROSOFTOFFICEHUB
Information,12/31/2022 2:02:29 AM,Microsoft-Windows-WindowsUpdateClient,43,Windows Update Agent,Installation Started: Windows has started installing the following update: 9WZDNCRD29V9-MICROSOFT.MICROSOFTOFFICEHUB
Information,12/31/2022 2:02:09 AM,Microsoft-Windows-WindowsUpdateClient,44,Windows Update Agent,Windows Update started downloading an update.
Information,12/31/2022 2:02:01 AM,Microsoft-Windows-WindowsUpdateClient,19,Windows Update Agent,Installation Successful: Windows successfully installed the following update: 9NBLGGH4QGHW-Microsoft.MicrosoftStickyNotes
Information,12/31/2022 2:02:01 AM,Microsoft-Windows-WindowsUpdateClient,43,Windows Update Agent,Installation Started: Windows has started installing the following update: 9NBLGGH4QGHW-Microsoft.MicrosoftStickyNotes
Information,12/31/2022 2:00:32 AM,Microsoft-Windows-WindowsUpdateClient,44,Windows Update Agent,Windows Update started downloading an update.
Information,12/31/2022 2:00:32 AM,Microsoft-Windows-WindowsUpdateClient,44,Windows Update Agent,Windows Update started downloading an update.
Information,12/31/2022 2:00:26 AM,Microsoft-Windows-WindowsUpdateClient,19,Windows Update Agent,Installation Successful: Windows successfully installed the following update: 9NBLGGH4R32N-Microsoft.WindowsFeedbackHub
Information,12/31/2022 2:00:25 AM,Microsoft-Windows-WindowsUpdateClient,43,Windows Update Agent,Installation Started: Windows has started installing the following update: 9NBLGGH4R32N-Microsoft.WindowsFeedbackHub
Information,12/31/2022 2:00:25 AM,Microsoft-Windows-WindowsUpdateClient,19,Windows Update Agent,Installation Successful: Windows successfully installed the following update: 9NBLGGH4NNS1-Microsoft.DesktopAppInstaller
Information,12/31/2022 2:00:24 AM,Microsoft-Windows-WindowsUpdateClient,43,Windows Update Agent,Installation Started: Windows has started installing the following update: 9NBLGGH4NNS1-Microsoft.DesktopAppInstaller
Information,12/31/2022 2:00:00 AM,Microsoft-Windows-WindowsUpdateClient,44,Windows Update Agent,Windows Update started downloading an update.
Information,12/31/2022 1:59:54 AM,Microsoft-Windows-WindowsUpdateClient,19,Windows Update Agent,Installation Successful: Windows successfully installed the following update: 9P086NHDNB9W-Microsoft.XboxSpeechtoTextOverlay
Information,12/31/2022 1:59:54 AM,Microsoft-Windows-Kernel-General,16,None,The access history in hive \??\C:\Users\ozeas\AppData\Local\Packages\Microsoft.XboxSpeechToTextOverlay_8wekyb3d8bbwe\Settings\settings.dat was cleared updating 3 keys and creating 1 modified pages.
Information,12/31/2022 1:59:53 AM,Microsoft-Windows-WindowsUpdateClient,43,Windows Update Agent,Installation Started: Windows has started installing the following update: 9P086NHDNB9W-Microsoft.XboxSpeechtoTextOverlay
Information,12/31/2022 1:59:45 AM,Microsoft-Windows-WindowsUpdateClient,44,Windows Update Agent,Windows Update started downloading an update.
Information,12/31/2022 1:59:39 AM,Microsoft-Windows-WindowsUpdateClient,19,Windows Update Agent,Installation Successful: Windows successfully installed the following update: 9N5TDP8VCMHS-Microsoft.WebMediaExtensions
Information,12/31/2022 1:59:38 AM,Microsoft-Windows-WindowsUpdateClient,43,Windows Update Agent,Installation Started: Windows has started installing the following update: 9N5TDP8VCMHS-Microsoft.WebMediaExtensions
Information,12/31/2022 1:59:33 AM,Microsoft-Windows-WindowsUpdateClient,44,Windows Update Agent,Windows Update started downloading an update.
Information,12/31/2022 1:59:26 AM,Microsoft-Windows-WindowsUpdateClient,19,Windows Update Agent,Installation Successful: Windows successfully installed the following update: 9NBLGGH10PG8-MICROSOFT.PEOPLE
Information,12/31/2022 1:59:26 AM,Microsoft-Windows-WindowsUpdateClient,43,Windows Update Agent,Installation Started: Windows has started installing the following update: 9NBLGGH10PG8-MICROSOFT.PEOPLE
Information,12/31/2022 1:59:14 AM,Microsoft-Windows-WindowsUpdateClient,44,Windows Update Agent,Windows Update started downloading an update.
Information,12/31/2022 1:59:07 AM,Microsoft-Windows-WindowsUpdateClient,19,Windows Update Agent,Installation Successful: Windows successfully installed the following update: 9NBLGGH537C2-Microsoft.XboxGameOverlay
Information,12/31/2022 1:59:07 AM,Microsoft-Windows-Kernel-General,16,None,The access history in hive \??\C:\Users\ozeas\AppData\Local\Packages\Microsoft.XboxGameOverlay_8wekyb3d8bbwe\Settings\settings.dat was cleared updating 3 keys and creating 1 modified pages.
Information,12/31/2022 1:59:07 AM,Microsoft-Windows-WindowsUpdateClient,43,Windows Update Agent,Installation Started: Windows has started installing the following update: 9NBLGGH537C2-Microsoft.XboxGameOverlay
Information,12/31/2022 1:58:45 AM,Microsoft-Windows-WindowsUpdateClient,44,Windows Update Agent,Windows Update started downloading an update.
Information,12/31/2022 1:58:45 AM,Microsoft-Windows-WindowsUpdateClient,44,Windows Update Agent,Windows Update started downloading an update.
Information,12/31/2022 1:58:45 AM,Microsoft-Windows-WindowsUpdateClient,44,Windows Update Agent,Windows Update started downloading an update.
Error,12/31/2022 1:58:13 AM,Microsoft-Windows-LanguagePackSetup,1042,Removing language pack,You cannot uninstall language pt-BR because the language is the system installed UI language.
Information,12/31/2022 1:58:00 AM,Microsoft-Windows-Time-Service,37,None,"The time provider NtpClient is currently receiving valid time data from time.windows.com,0x9 (ntp.m|0x9|0.0.0.0:123->40.119.6.228:123)."
Information,12/31/2022 1:57:59 AM,Microsoft-Windows-Time-Service,158,None,The time provider 'VMICTimeProvider' has indicated that the current hardware and operating environment is not supported and has stopped. This behavior is expected for VMICTimeProvider on non-HyperV-guest environments. This may be the expected behavior for the current provider in the current operating environment as well.
Warning,12/31/2022 1:09:32 AM,Microsoft-Windows-Kernel-Processor-Power,37,(7),The speed of processor 7 in group 0 is being limited by system firmware. The processor has been in this reduced performance state for 100207 seconds since the last report.
Warning,12/31/2022 12:54:39 AM,Microsoft-Windows-DistributedCOM,10016,None,"The application-specific permission settings do not grant Local Activation permission for the COM Server application with CLSID 
{2593F8B9-4EAF-457C-B68A-50F6B8EA6B54}
 and APPID 
{15C20B67-12E7-4BB6-92BB-7AFF07997402}
 to the user Saezo\OzeasSantos SID (S-1-5-21-2173426690-2103480400-3118651004-1001) from address LocalHost (Using LRPC) running in the application container Unavailable SID (Unavailable). This security permission can be modified using the Component Services administrative tool."
Warning,12/31/2022 12:36:23 AM,Microsoft-Windows-DNS-Client,1014,(1014),Name resolution for the name gateway.facebook.com timed out after none of the configured DNS servers responded. Client PID 7400.
Warning,12/31/2022 12:18:51 AM,Microsoft-Windows-DistributedCOM,10016,None,"The application-specific permission settings do not grant Local Activation permission for the COM Server application with CLSID 
{2593F8B9-4EAF-457C-B68A-50F6B8EA6B54}
 and APPID 
{15C20B67-12E7-4BB6-92BB-7AFF07997402}
 to the user Saezo\OzeasSantos SID (S-1-5-21-2173426690-2103480400-3118651004-1001) from address LocalHost (Using LRPC) running in the application container Unavailable SID (Unavailable). This security permission can be modified using the Component Services administrative tool."
Warning,12/31/2022 12:15:58 AM,HidBth,2,None,Bluetooth HID device  either went out of range or became unresponsive.
Information,12/30/2022 11:20:24 PM,BTHUSB,10,None,The remote adapter (5c:c6:e9:1a:a1:7d) is no longer a paired device. Its link key has been removed.
Information,12/30/2022 11:09:52 PM,Microsoft-Windows-Ntfs,98,None,Volume ?? (\Device\HarddiskVolumeShadowCopy12) is healthy.  No action is needed.
Information,12/30/2022 10:56:43 PM,Volsnap,33,None,The oldest shadow copy of volume C: was deleted to keep disk space usage for shadow copies of volume C: below the user defined limit.
Information,12/30/2022 10:54:25 PM,Microsoft-Windows-FilterManager,6,None,"File System Filter 'FsDepends' (10.0, ‎2050‎-‎10‎-‎24T09:14:30.000000000Z) has successfully loaded and registered with Filter Manager."
Warning,12/30/2022 7:55:29 PM,Microsoft-Windows-DNS-Client,1014,(1014),Name resolution for the name tracker.publicbt.com timed out after none of the configured DNS servers responded. Client PID 15652.
Warning,12/30/2022 7:51:14 PM,Netwtw08,6062,None,6062 - Lso was triggered
Information,12/30/2022 7:49:07 PM,Netwtw08,7021,None,7021 - Connection telemetry fields and analysis usage
Information,12/30/2022 7:49:03 PM,Microsoft-Windows-WLAN-AutoConfig,10001,None,"WLAN Extensibility Module has successfully started.

Module Path: C:\WINDOWS\system32\IntelIHVRouter08.dll
"
Information,12/30/2022 7:49:03 PM,Netwtw08,7017,None,7017 - secure boot (SB) configuration
Information,12/30/2022 7:49:03 PM,Netwtw08,7010,None,7010 - driver enabled (miniport init)
Information,12/30/2022 7:49:03 PM,Netwtw08,7002,None,7002 - CTDP power limit value (SPLC)
Information,12/30/2022 7:49:03 PM,Netwtw08,7005,None,7005 - SAR value max TX power (WRDS)
Information,12/30/2022 7:49:03 PM,Netwtw08,7036,None,The \Device\NDMP28 service entered the Intel(R) Wireless-AC 9462 state.
Information,12/30/2022 7:49:02 PM,Netwtw08,8000,None,8000 - Miniport Halt flow (driver disable)
Warning,12/30/2022 7:49:02 PM,Microsoft-Windows-WLAN-AutoConfig,4003,None,"WLAN AutoConfig detected limited connectivity, attempting automatic recovery.

Recovery Type: 4
Error Code: 0x0
Trigger Reason: 3
IP Family: 0
"
Warning,12/30/2022 7:48:58 PM,Netwtw08,6062,None,6062 - Lso was triggered
Information,12/30/2022 7:48:47 PM,Netwtw08,7021,None,7021 - Connection telemetry fields and analysis usage
Warning,12/30/2022 7:48:25 PM,Microsoft-Windows-DNS-Client,1014,(1014),Name resolution for the name s03.upd.kaspersky.com timed out after none of the configured DNS servers responded. Client PID 3656.
Information,12/30/2022 7:48:14 PM,Netwtw08,7021,None,7021 - Connection telemetry fields and analysis usage
Information,12/30/2022 7:47:47 PM,Microsoft-Windows-Kernel-Power,105,(100),Power source change.
Information,12/30/2022 7:46:59 PM,Microsoft-Windows-Kernel-Power,105,(100),Power source change.
Warning,12/30/2022 7:45:49 PM,Netwtw08,6062,None,6062 - Lso was triggered
Information,12/30/2022 7:45:44 PM,Netwtw08,7021,None,7021 - Connection telemetry fields and analysis usage
Error,12/30/2022 7:45:40 PM,Microsoft-Windows-WLAN-AutoConfig,10000,None,"WLAN Extensibility Module has failed to start.

Module Path: C:\WINDOWS\system32\IntelIHVRouter08.dll
Error Code: 21
"
Warning,12/30/2022 7:45:20 PM,Microsoft-Windows-WLAN-AutoConfig,10002,None,"WLAN Extensibility Module has stopped.

Module Path: C:\WINDOWS\system32\IntelIHVRouter08.dll
"
Information,12/30/2022 7:45:20 PM,Netwtw08,7017,None,7017 - secure boot (SB) configuration
Information,12/30/2022 7:45:20 PM,Netwtw08,7010,None,7010 - driver enabled (miniport init)
Information,12/30/2022 7:45:20 PM,Netwtw08,7002,None,7002 - CTDP power limit value (SPLC)
Information,12/30/2022 7:45:20 PM,Netwtw08,7005,None,7005 - SAR value max TX power (WRDS)
Information,12/30/2022 7:45:20 PM,Netwtw08,7036,None,The \Device\NDMP25 service entered the Intel(R) Wireless-AC 9462 state.
Information,12/30/2022 7:45:19 PM,Netwtw08,8000,None,8000 - Miniport Halt flow (driver disable)
Warning,12/30/2022 7:45:19 PM,Microsoft-Windows-WLAN-AutoConfig,4003,None,"WLAN AutoConfig detected limited connectivity, attempting automatic recovery.

Recovery Type: 4
Error Code: 0x0
Trigger Reason: 5
IP Family: 0
"
Information,12/30/2022 7:45:03 PM,Netwtw08,7021,None,7021 - Connection telemetry fields and analysis usage
Information,12/30/2022 7:44:47 PM,Netwtw08,7021,None,7021 - Connection telemetry fields and analysis usage
Information,12/30/2022 7:44:09 PM,Microsoft-Windows-Kernel-Power,105,(100),Power source change.
Warning,12/30/2022 7:43:46 PM,Microsoft-Windows-DNS-Client,1014,(1014),Name resolution for the name self.events.data.microsoft.com timed out after none of the configured DNS servers responded. Client PID 12576.
Information,12/30/2022 7:43:30 PM,Microsoft-Windows-Kernel-Power,105,(100),Power source change.
Information,12/30/2022 6:57:02 PM,Microsoft-Windows-WindowsUpdateClient,44,Windows Update Agent,Windows Update started downloading an update.
Information,12/30/2022 5:01:37 PM,Microsoft-Windows-WindowsUpdateClient,44,Windows Update Agent,Windows Update started downloading an update.
Information,12/30/2022 4:31:59 PM,Microsoft-Windows-Ntfs,98,None,Volume ?? (\Device\HarddiskVolumeShadowCopy11) is healthy.  No action is needed.
Information,12/30/2022 4:01:39 PM,Microsoft-Windows-Kernel-Power,105,(100),Power source change.
Information,12/30/2022 3:58:20 PM,Microsoft-Windows-Kernel-Power,105,(100),Power source change.
Warning,12/30/2022 3:58:18 PM,Netwtw08,6062,None,6062 - Lso was triggered
Information,12/30/2022 3:58:03 PM,Netwtw08,7021,None,7021 - Connection telemetry fields and analysis usage
Warning,12/30/2022 3:58:03 PM,rt640x64,1,None,Realtek PCIe GbE Family Controller is disconnected from network.
Information,12/30/2022 3:33:22 PM,Service Control Manager,7045,None,"A service was installed in the system.

Service Name:  Xbox 360 Wireless Receiver Driver Service 22
Service File Name:  \SystemRoot\System32\drivers\xusb22.sys
Service Type:  kernel mode driver
Service Start Type:  demand start
Service Account:  "
Information,12/30/2022 3:32:57 PM,BTHUSB,8,None,The remote adapter (84:30:95:0b:7d:e0) successfully paired with the local adapter.
Information,12/30/2022 3:31:39 PM,Microsoft-Windows-Ntfs,98,None,Volume ?? (\Device\HarddiskVolumeShadowCopy10) is healthy.  No action is needed.
Information,12/30/2022 3:30:34 PM,Microsoft-Windows-Ntfs,98,None,Volume ?? (\Device\HarddiskVolumeShadowCopy9) is healthy.  No action is needed.
Information,12/30/2022 3:30:33 PM,Volsnap,33,None,The oldest shadow copy of volume C: was deleted to keep disk space usage for shadow copies of volume C: below the user defined limit.
Information,12/30/2022 3:19:39 PM,Microsoft-Windows-Ntfs,98,None,Volume D: (\Device\HarddiskVolume34) is healthy.  No action is needed.
