Warning,12/29/2022 4:13:15 PM,LsaSrv,6155,None,"LSA package is not signed as expected. This can cause unexpected behavior with Credential Guard.

PackageName: sfapm"
Warning,12/29/2022 4:13:15 PM,LsaSrv,6155,None,"LSA package is not signed as expected. This can cause unexpected behavior with Credential Guard.

PackageName: schannel"
Warning,12/29/2022 4:13:15 PM,LsaSrv,6155,None,"LSA package is not signed as expected. This can cause unexpected behavior with Credential Guard.

PackageName: wdigest"
Warning,12/29/2022 4:13:15 PM,LsaSrv,6155,None,"LSA package is not signed as expected. This can cause unexpected behavior with Credential Guard.

PackageName: cloudap"
Warning,12/29/2022 4:13:15 PM,LsaSrv,6155,None,"LSA package is not signed as expected. This can cause unexpected behavior with Credential Guard.

PackageName: pku2u"
Warning,12/29/2022 4:13:15 PM,LsaSrv,6155,None,"LSA package is not signed as expected. This can cause unexpected behavior with Credential Guard.

PackageName: tspkg"
Warning,12/29/2022 4:13:15 PM,LsaSrv,6155,None,"LSA package is not signed as expected. This can cause unexpected behavior with Credential Guard.

PackageName: msv1_0"
Information,12/29/2022 4:13:15 PM,Win32k,267,None,Touch/Touchpad Hardware Quality Assurance verification succeeded.
Warning,12/29/2022 4:13:15 PM,LsaSrv,6155,None,"LSA package is not signed as expected. This can cause unexpected behavior with Credential Guard.

PackageName: kerberos"
Warning,12/29/2022 4:13:15 PM,LsaSrv,6155,None,"LSA package is not signed as expected. This can cause unexpected behavior with Credential Guard.

PackageName: negoexts"
Information,12/29/2022 4:13:15 PM,LsaSrv,6156,None,"Virtualization Based Security for Credential Guard auto enablement status.

Hardware Requirements:	1
Domain Joined:	0
Azure AD Joined:	0"
Warning,12/29/2022 4:13:15 PM,Microsoft-Windows-Wininit,15,None,Credential Guard and/or VBS Key Isolation are configured but the secure kernel is not running; continuing without them.
Information,12/29/2022 4:13:15 PM,Microsoft-Windows-Wininit,14,None,"Credential Guard configuration:

Registry Configuration: 0x2
Test Configuration: 0
Auto Enablement: 1"
Warning,12/29/2022 4:13:14 PM,Microsoft-Windows-Kernel-PnP,219,(212),The driver \Driver\WUDFRd failed to load for the device USB\VID_27C6&PID_5301&MI_00\6&23cb0910&0&0000.
Information,12/29/2022 4:13:14 PM,Microsoft-Windows-DriverFrameworks-UserMode,10118,Startup of the UMDF reflector,"UMDF reflector is unable to connect to service control manager (SCM). This is expected during boot, when SCM has not started yet. Will retry when it starts."
Information,12/29/2022 4:13:14 PM,BTHUSB,18,None,Windows cannot store Bluetooth authentication codes (link keys) on the local adapter. Bluetooth keyboards might not work in the system BIOS during startup.
Warning,12/29/2022 4:13:13 PM,Microsoft-Windows-Kernel-PnP,219,(212),The driver \Driver\WUDFRd failed to load for the device {DD8E82AE-334B-49A2-AEAE-AEB0FD5C40DD}\DetectionVerification\5&12b5aadc&0&0.
Information,12/29/2022 4:13:13 PM,Microsoft-Windows-DriverFrameworks-UserMode,10118,Startup of the UMDF reflector,"UMDF reflector is unable to connect to service control manager (SCM). This is expected during boot, when SCM has not started yet. Will retry when it starts."
Information,12/29/2022 4:13:13 PM,Netwtw08,7017,None,7017 - secure boot (SB) configuration
Information,12/29/2022 4:13:13 PM,Netwtw08,7010,None,7010 - driver enabled (miniport init)
Information,12/29/2022 4:13:13 PM,MEIx64,2,None,Intel(R) Management Engine Interface driver has started successfully.
Information,12/29/2022 4:13:13 PM,Netwtw08,7002,None,7002 - CTDP power limit value (SPLC)
Information,12/29/2022 4:13:13 PM,Netwtw08,7005,None,7005 - SAR value max TX power (WRDS)
Information,12/29/2022 4:13:13 PM,Netwtw08,7036,None,The \Device\NDMP2 service entered the Intel(R) Wireless-AC 9462 state.
Information,12/29/2022 4:13:13 PM,Microsoft-Windows-Kernel-Power,521,(220),Active battery count change.
Information,12/29/2022 4:13:13 PM,Microsoft-Windows-Kernel-Power,521,(220),Active battery count change.
Information,12/29/2022 4:13:13 PM,Microsoft-Windows-Kernel-Processor-Power,55,(47),"Processor 7 in group 0 exposes the following power management capabilities:

Idle state type: ACPI Idle (C) States (3 state(s))

Performance state type: ACPI Collaborative Processor Performance Control
Nominal Frequency (MHz): 1800
Maximum performance percentage: 216
Minimum performance percentage: 72
Minimum throttle percentage: 5"
Information,12/29/2022 4:13:13 PM,Microsoft-Windows-Kernel-Processor-Power,55,(47),"Processor 5 in group 0 exposes the following power management capabilities:

Idle state type: ACPI Idle (C) States (3 state(s))

Performance state type: ACPI Collaborative Processor Performance Control
Nominal Frequency (MHz): 1800
Maximum performance percentage: 216
Minimum performance percentage: 72
Minimum throttle percentage: 5"
Information,12/29/2022 4:13:13 PM,Microsoft-Windows-Kernel-Processor-Power,55,(47),"Processor 3 in group 0 exposes the following power management capabilities:

Idle state type: ACPI Idle (C) States (3 state(s))

Performance state type: ACPI Collaborative Processor Performance Control
Nominal Frequency (MHz): 1800
Maximum performance percentage: 216
Minimum performance percentage: 72
Minimum throttle percentage: 5"
Information,12/29/2022 4:13:13 PM,Microsoft-Windows-Kernel-Processor-Power,55,(47),"Processor 1 in group 0 exposes the following power management capabilities:

Idle state type: ACPI Idle (C) States (3 state(s))

Performance state type: ACPI Collaborative Processor Performance Control
Nominal Frequency (MHz): 1800
Maximum performance percentage: 216
Minimum performance percentage: 72
Minimum throttle percentage: 5"
Information,12/29/2022 4:13:13 PM,Microsoft-Windows-Kernel-Processor-Power,55,(47),"Processor 6 in group 0 exposes the following power management capabilities:

Idle state type: ACPI Idle (C) States (3 state(s))

Performance state type: ACPI Collaborative Processor Performance Control
Nominal Frequency (MHz): 1800
Maximum performance percentage: 216
Minimum performance percentage: 77
Minimum throttle percentage: 5"
Information,12/29/2022 4:13:13 PM,Microsoft-Windows-Kernel-Processor-Power,55,(47),"Processor 4 in group 0 exposes the following power management capabilities:

Idle state type: ACPI Idle (C) States (3 state(s))

Performance state type: ACPI Collaborative Processor Performance Control
Nominal Frequency (MHz): 1800
Maximum performance percentage: 216
Minimum performance percentage: 83
Minimum throttle percentage: 5"
Information,12/29/2022 4:13:13 PM,Microsoft-Windows-Kernel-Processor-Power,55,(47),"Processor 2 in group 0 exposes the following power management capabilities:

Idle state type: ACPI Idle (C) States (3 state(s))

Performance state type: ACPI Collaborative Processor Performance Control
Nominal Frequency (MHz): 1800
Maximum performance percentage: 216
Minimum performance percentage: 77
Minimum throttle percentage: 5"
Information,12/29/2022 4:13:13 PM,Microsoft-Windows-Kernel-Processor-Power,55,(47),"Processor 0 in group 0 exposes the following power management capabilities:

Idle state type: ACPI Idle (C) States (3 state(s))

Performance state type: ACPI Collaborative Processor Performance Control
Nominal Frequency (MHz): 1800
Maximum performance percentage: 216
Minimum performance percentage: 22
Minimum throttle percentage: 5"
Information,12/29/2022 4:13:12 PM,Microsoft-Windows-Kernel-General,24,(11),The time zone information was refreshed with exit reason 0. Current time zone bias is 180.
Information,12/29/2022 4:13:12 PM,Microsoft-Windows-Ntfs,98,None,Volume \\?\Volume{dcb0a130-2ef2-4533-af70-6eb186e56948} (\Device\HarddiskVolume4) is healthy.  No action is needed.
Warning,12/29/2022 4:13:12 PM,Microsoft-Windows-Kernel-PnP,219,(212),The driver \Driver\WUDFRd failed to load for the device PCI\VEN_8086&DEV_1903&SUBSYS_08C81028&REV_0C\3&11583659&0&20.
Information,12/29/2022 4:13:12 PM,Microsoft-Windows-DriverFrameworks-UserMode,10118,Startup of the UMDF reflector,"UMDF reflector is unable to connect to service control manager (SCM). This is expected during boot, when SCM has not started yet. Will retry when it starts."
Information,12/29/2022 4:13:11 PM,Microsoft-Windows-Kernel-Power,172,(203),"Connectivity state in standby: Disconnected, Reason: NIC compliance"
Information,12/29/2022 4:13:11 PM,Microsoft-Windows-Kernel-Power,125,(86),"ACPI thermal zone \_TZ.THM has been enumerated.             
_PSV = 0K             
_TC1 = 0             
_TC2 = 0             
_TSP = 0ms             
_AC0 = 0K             
_AC1 = 0K             
_AC2 = 0K             
_AC3 = 0K             
_AC4 = 0K             
_AC5 = 0K             
_AC6 = 0K             
_AC7 = 0K             
_AC8 = 0K             
_AC9 = 0K             
_CRT = 380K             
_HOT = 0K             
minimum throttle = 0             
_CR3 = 0K"
Information,12/29/2022 4:13:11 PM,Microsoft-Windows-FilterManager,6,None,"File System Filter 'npsvctrig' (10.0, ‎1979‎-‎12‎-‎19T13:12:41.000000000Z) has successfully loaded and registered with Filter Manager."
Information,12/29/2022 4:13:11 PM,Microsoft-Windows-FilterManager,6,None,"File System Filter 'KLIF' (10.0, ‎2021‎-‎12‎-‎18T13:18:52.000000000Z) has successfully loaded and registered with Filter Manager."
Information,12/29/2022 4:13:11 PM,Microsoft-Windows-FilterManager,6,None,"File System Filter 'FileCrypt' (10.0, ‎1983‎-‎08‎-‎18T23:58:35.000000000Z) has successfully loaded and registered with Filter Manager."
Information,12/29/2022 4:13:11 PM,Microsoft-Windows-FilterManager,6,None,"File System Filter 'klbackupflt' (10.0, ‎2021‎-‎12‎-‎18T13:18:09.000000000Z) has successfully loaded and registered with Filter Manager."
Information,12/29/2022 4:13:11 PM,Microsoft-Windows-Ntfs,98,None,Volume C: (\Device\HarddiskVolume3) is healthy.  No action is needed.
Information,12/29/2022 4:13:11 PM,Microsoft-Windows-Ntfs,98,None,Volume \\?\Volume{3fc1266c-7817-49fd-6819-d824fc96eb1a} (\Device\HarddiskVolume5) is healthy.  No action is needed.
Information,12/29/2022 4:13:11 PM,Microsoft-Windows-FilterManager,6,None,"File System Filter 'Wof' (10.0, ‎2013‎-‎07‎-‎23T22:08:12.000000000Z) has successfully loaded and registered with Filter Manager."
Information,12/29/2022 4:13:11 PM,Microsoft-Windows-FilterManager,6,None,"File System Filter 'FileInfo' (10.0, ‎2079‎-‎02‎-‎26T19:03:00.000000000Z) has successfully loaded and registered with Filter Manager."
Information,12/29/2022 4:13:10 PM,Microsoft-Windows-HAL,16,None,The iommu fault reporting has been initialized.
Information,12/29/2022 4:13:10 PM,Microsoft-Windows-Kernel-General,20,(6),"The leap second configuration has been updated.
Reason: Leap second data initialized from registry during boot
Leap seconds enabled: true
New leap second count: 0
Old leap second count: 0"
Information,12/29/2022 4:13:10 PM,Microsoft-Windows-Kernel-Boot,30,(21),The firmware reported boot metrics.
Information,12/29/2022 4:13:10 PM,Microsoft-Windows-Kernel-Boot,32,(58),The bootmgr spent 0 ms waiting for user input.
Information,12/29/2022 4:13:10 PM,Microsoft-Windows-Kernel-Boot,18,(57),There are 0x1 boot options on this system.
Information,12/29/2022 4:13:10 PM,Microsoft-Windows-Kernel-Boot,27,(33),The boot type was 0x0.
Information,12/29/2022 4:13:10 PM,Microsoft-Windows-Kernel-Boot,25,(32),The boot menu policy was 0x1.
Information,12/29/2022 4:13:10 PM,Microsoft-Windows-Kernel-Boot,238,(101),EFI time zone bias: 2047. Daylight flags: 0. Firmware time: ‎2022‎-‎12‎-‎29T16:13:08.000000000Z.
Information,12/29/2022 4:13:10 PM,Microsoft-Windows-Kernel-Boot,20,(31),The last shutdown's success status was true. The last boot's success status was true.
Information,12/29/2022 4:13:10 PM,Microsoft-Windows-Kernel-Boot,153,(62),Virtualization-based security (policies: 0) is disabled.
Information,12/29/2022 4:13:10 PM,Microsoft-Windows-Kernel-General,12,(1),The operating system started at system time ‎2022‎-‎12‎-‎29T19:13:09.500000000Z.
Information,12/29/2022 4:12:57 PM,Microsoft-Windows-Kernel-General,13,(2),The operating system is shutting down at system time ‎2022‎-‎12‎-‎29T19:12:57.788014800Z.
Information,12/29/2022 4:12:57 PM,Microsoft-Windows-Kernel-Power,577,(280),The system has prepared for a system initiated reboot from Active.
Information,12/29/2022 4:12:56 PM,Microsoft-Windows-Kernel-Power,109,(103),"The kernel power manager has initiated a shutdown transition.

Action: Power Action Reboot 
Event Code: 0x0 
Reason: Kernel API"
Information,12/29/2022 4:12:52 PM,Microsoft-Windows-WLAN-AutoConfig,4001,None,"WLAN AutoConfig service has successfully stopped.
"
Warning,12/29/2022 4:12:52 PM,Microsoft-Windows-WLAN-AutoConfig,10002,None,"WLAN Extensibility Module has stopped.

Module Path: C:\WINDOWS\system32\IntelIHVRouter08.dll
"
Information,12/29/2022 4:13:16 PM,EventLog,6013,None,The system uptime is 7 seconds.
Information,12/29/2022 4:13:16 PM,EventLog,6005,None,The Event log service was started.
Information,12/29/2022 4:13:16 PM,EventLog,6009,None,Microsoft (R) Windows (R) 10.00. 22621  Multiprocessor Free.
Information,12/29/2022 4:12:51 PM,Microsoft-Windows-Dhcp-Client,50037,Service State Event,DHCPv4 client service is stopped. ShutDown Flag value is 1
Information,12/29/2022 4:12:51 PM,Microsoft-Windows-DHCPv6-Client,51057,Service State Event,DHCPv6 client service stop is almost done.DHCP Context Ref count is 1
Information,12/29/2022 4:12:51 PM,Microsoft-Windows-DHCPv6-Client,51047,Service State Event,DHCPv6 client service is stopped. ShutDown Flag value is 1
Information,12/29/2022 4:12:51 PM,Microsoft-Windows-Dhcp-Client,50106,Service State Event,DHCPv4 is waiting on DHCPv6 service to stop
Information,12/29/2022 4:12:51 PM,Microsoft-Windows-Dhcp-Client,50105,Service State Event,DHCPv4 client ProcessDHCPRequestForever received TERMINATE_EVENT
Information,12/29/2022 4:12:51 PM,Microsoft-Windows-Dhcp-Client,50104,Service State Event,DHCPv4 client received shutdown notification
Information,12/29/2022 4:12:51 PM,EventLog,6006,None,The Event log service was stopped.
Information,12/29/2022 4:12:45 PM,Microsoft-Windows-Winlogon,7002,(1102),User Logoff Notification for Customer Experience Improvement Program
Warning,12/29/2022 4:12:35 PM,Microsoft-Windows-DistributedCOM,10016,None,"The application-specific permission settings do not grant Local Activation permission for the COM Server application with CLSID 
{6B3B8D23-FA8D-40B9-8DBD-B950333E2C52}
 and APPID 
{4839DDB7-58C2-48F5-8283-E1D1807D0D7D}
 to the user NT AUTHORITY\LOCAL SERVICE SID (S-1-5-19) from address LocalHost (Using LRPC) running in the application container Unavailable SID (Unavailable). This security permission can be modified using the Component Services administrative tool."
Warning,12/29/2022 4:12:35 PM,Microsoft-Windows-DistributedCOM,10016,None,"The application-specific permission settings do not grant Local Activation permission for the COM Server application with CLSID 
{6B3B8D23-FA8D-40B9-8DBD-B950333E2C52}
 and APPID 
{4839DDB7-58C2-48F5-8283-E1D1807D0D7D}
 to the user NT AUTHORITY\LOCAL SERVICE SID (S-1-5-19) from address LocalHost (Using LRPC) running in the application container Unavailable SID (Unavailable). This security permission can be modified using the Component Services administrative tool."
Information,12/29/2022 4:12:34 PM,Microsoft-Windows-Winlogon,7001,(1101),User Logon Notification for Customer Experience Improvement Program
Information,12/29/2022 4:12:27 PM,Win32k,267,None,Touch/Touchpad Hardware Quality Assurance verification succeeded.
Information,12/29/2022 4:12:25 PM,Win32k,267,None,Touch/Touchpad Hardware Quality Assurance verification succeeded.
Information,12/29/2022 4:12:25 PM,Microsoft-Windows-Winlogon,7002,(1102),User Logoff Notification for Customer Experience Improvement Program
Information,12/29/2022 3:07:30 PM,Microsoft-Windows-HttpService,117,HTTP Configuration Property Trace Task,"Delete URL group 0xFF00000720000003. Status 0x0. Process Id 0x16E0 Executable path \Device\HarddiskVolume3\Program Files\Git\mingw64\bin\git-credential-manager.exe, User Saezo\OzeasSantos"
Information,12/29/2022 3:07:30 PM,Microsoft-Windows-HttpService,114,HTTP Configuration Property Trace Task,"Removed URL (http://localhost:62845/) from URL group (0xFF00000720000003). Process Id 0x16E0 Executable path \Device\HarddiskVolume3\Program Files\Git\mingw64\bin\git-credential-manager.exe, User Saezo\OzeasSantos"
Information,12/29/2022 3:07:30 PM,Microsoft-Windows-HttpService,113,HTTP Configuration Property Trace Task,"Attempted to add URL (http://localhost:62845/) to URL group (0xFF00000720000003). Status: 0x0. Process Id 0x16E0 Executable path \Device\HarddiskVolume3\Program Files\Git\mingw64\bin\git-credential-manager.exe, User Saezo\OzeasSantos"
Information,12/29/2022 3:07:30 PM,Microsoft-Windows-HttpService,111,HTTP Configuration Property Trace Task,"Create URL group 0xFF00000720000003. Status 0x0. Process Id 0x16E0 Executable path \Device\HarddiskVolume3\Program Files\Git\mingw64\bin\git-credential-manager.exe, User Saezo\OzeasSantos"
Information,12/29/2022 3:02:14 PM,BTHUSB,18,None,Windows cannot store Bluetooth authentication codes (link keys) on the local adapter. Bluetooth keyboards might not work in the system BIOS during startup.
Information,12/29/2022 2:52:08 PM,Microsoft-Windows-Kernel-General,16,None,The access history in hive \??\C:\Users\ozeas\AppData\Local\Packages\Microsoft.Windows.Photos_8wekyb3d8bbwe\Settings\settings.dat was cleared updating 3 keys and creating 1 modified pages.
Warning,12/29/2022 2:51:18 PM,Microsoft-Windows-DistributedCOM,10016,None,"The application-specific permission settings do not grant Local Activation permission for the COM Server application with CLSID 
{2593F8B9-4EAF-457C-B68A-50F6B8EA6B54}
 and APPID 
{15C20B67-12E7-4BB6-92BB-7AFF07997402}
 to the user Saezo\OzeasSantos SID (S-1-5-21-2173426690-2103480400-3118651004-1001) from address LocalHost (Using LRPC) running in the application container Unavailable SID (Unavailable). This security permission can be modified using the Component Services administrative tool."
Warning,12/29/2022 2:50:32 PM,Microsoft-Windows-DistributedCOM,10016,None,"The application-specific permission settings do not grant Local Activation permission for the COM Server application with CLSID 
{2593F8B9-4EAF-457C-B68A-50F6B8EA6B54}
 and APPID 
{15C20B67-12E7-4BB6-92BB-7AFF07997402}
 to the user Saezo\OzeasSantos SID (S-1-5-21-2173426690-2103480400-3118651004-1001) from address LocalHost (Using LRPC) running in the application container Unavailable SID (Unavailable). This security permission can be modified using the Component Services administrative tool."
Warning,12/29/2022 2:49:50 PM,Microsoft-Windows-DistributedCOM,10016,None,"The application-specific permission settings do not grant Local Activation permission for the COM Server application with CLSID 
{2593F8B9-4EAF-457C-B68A-50F6B8EA6B54}
 and APPID 
{15C20B67-12E7-4BB6-92BB-7AFF07997402}
 to the user Saezo\OzeasSantos SID (S-1-5-21-2173426690-2103480400-3118651004-1001) from address LocalHost (Using LRPC) running in the application container Unavailable SID (Unavailable). This security permission can be modified using the Component Services administrative tool."
Information,12/29/2022 2:23:50 PM,Microsoft-Windows-Ntfs,98,None,Volume ?? (\Device\HarddiskVolumeShadowCopy12) is healthy.  No action is needed.
Information,12/29/2022 1:31:33 PM,Microsoft-Windows-Kernel-Power,566,(268),"The system session has transitioned from 76 to 78.

Reason InputAccelerometer 

BootId: 6"
Information,12/29/2022 12:56:16 PM,Microsoft-Windows-Kernel-Power,566,(268),"The system session has transitioned from 75 to 76.

Reason SessionUnlock 

BootId: 6"
Warning,12/29/2022 12:54:24 PM,Microsoft-Windows-Kernel-Processor-Power,37,(7),The speed of processor 7 in group 0 is being limited by system firmware. The processor has been in this reduced performance state for 137038 seconds since the last report.
Information,12/29/2022 12:38:24 PM,Microsoft-Windows-Ntfs,98,None,Volume ?? (\Device\HarddiskVolumeShadowCopy11) is healthy.  No action is needed.
Warning,12/29/2022 12:17:19 PM,Microsoft-Windows-DistributedCOM,10016,None,"The application-specific permission settings do not grant Local Activation permission for the COM Server application with CLSID 
{2593F8B9-4EAF-457C-B68A-50F6B8EA6B54}
 and APPID 
{15C20B67-12E7-4BB6-92BB-7AFF07997402}
 to the user Saezo\OzeasSantos SID (S-1-5-21-2173426690-2103480400-3118651004-1001) from address LocalHost (Using LRPC) running in the application container Unavailable SID (Unavailable). This security permission can be modified using the Component Services administrative tool."
Information,12/29/2022 12:00:00 PM,EventLog,6013,None,The system uptime is 264068 seconds.
Information,12/29/2022 11:35:31 AM,Microsoft-Windows-Kernel-General,1,(5),"The system time has changed to ‎2022‎-‎12‎-‎29T14:35:31.293995800Z from ‎2022‎-‎12‎-‎29T14:35:31.293452100Z.
Time Delta: 0 ms

Change Reason: An application or system component changed the time.
Process: '\Device\HarddiskVolume3\Windows\System32\svchost.exe' (PID 26056).

RTC time: ‎2022‎-‎12‎-‎29T11:35:31.293995800Z
Current time zone bias: 180
RTC time is in UTC: false
System time was based on RTC time: false"
Information,12/29/2022 11:35:31 AM,Microsoft-Windows-Kernel-General,24,(11),The time zone information was refreshed with exit reason 0. Current time zone bias is 180.
Information,12/29/2022 11:35:31 AM,Microsoft-Windows-Kernel-General,1,(5),"The system time has changed to ‎2022‎-‎12‎-‎29T14:35:31.292858000Z from ‎2022‎-‎12‎-‎29T14:35:31.292485000Z.
Time Delta: 0 ms

Change Reason: An application or system component changed the time.
Process: '\Device\HarddiskVolume3\Windows\System32\svchost.exe' (PID 26056).

RTC time: ‎2022‎-‎12‎-‎29T11:35:31.292858000Z
Current time zone bias: 180
RTC time is in UTC: false
System time was based on RTC time: false"
Information,12/29/2022 11:35:31 AM,Microsoft-Windows-Kernel-General,24,(11),The time zone information was refreshed with exit reason 0. Current time zone bias is 180.
Information,12/29/2022 11:35:31 AM,Microsoft-Windows-Time-Service,35,None,"The time service is now synchronizing the system time with the time source time.windows.com,0x9 (ntp.m|0x9|0.0.0.0:123->40.119.6.228:123) with reference id 3825628968. Current local stratum number is 4."
Information,12/29/2022 11:35:31 AM,Microsoft-Windows-Kernel-General,1,(5),"The system time has changed to ‎2022‎-‎12‎-‎29T14:35:31.291442600Z from ‎2022‎-‎12‎-‎29T14:35:30.007140100Z.
Time Delta: 1284 ms

Change Reason: An application or system component changed the time.
Process: '\Device\HarddiskVolume3\Windows\System32\svchost.exe' (PID 26056).

RTC time: ‎2022‎-‎12‎-‎29T11:35:31.291442600Z
Current time zone bias: 180
RTC time is in UTC: false
System time was based on RTC time: false"
Information,12/29/2022 11:35:31 AM,Microsoft-Windows-Kernel-General,24,(11),The time zone information was refreshed with exit reason 0. Current time zone bias is 180.
Information,12/29/2022 11:35:29 AM,Microsoft-Windows-Time-Service,37,None,"The time provider NtpClient is currently receiving valid time data from time.windows.com,0x9 (ntp.m|0x9|0.0.0.0:123->40.119.6.228:123)."
Warning,12/29/2022 11:04:26 AM,Microsoft-Windows-DistributedCOM,10016,None,"The application-specific permission settings do not grant Local Activation permission for the COM Server application with CLSID 
{2593F8B9-4EAF-457C-B68A-50F6B8EA6B54}
 and APPID 
{15C20B67-12E7-4BB6-92BB-7AFF07997402}
 to the user Saezo\OzeasSantos SID (S-1-5-21-2173426690-2103480400-3118651004-1001) from address LocalHost (Using LRPC) running in the application container Unavailable SID (Unavailable). This security permission can be modified using the Component Services administrative tool."
Information,12/29/2022 9:59:56 AM,Microsoft-Windows-Kernel-Power,566,(268),"The system session has transitioned from 73 to 75.

Reason InputAccelerometer 

BootId: 6"
Information,12/29/2022 9:59:43 AM,Microsoft-Windows-Kernel-Power,566,(268),"The system session has transitioned from 72 to 73.

Reason SessionUnlock 

BootId: 6"
Information,12/29/2022 9:28:06 AM,Microsoft-Windows-Kernel-Power,566,(268),"The system session has transitioned from 70 to 72.

Reason InputAccelerometer 

BootId: 6"
Information,12/29/2022 9:28:05 AM,Microsoft-Windows-Kernel-Power,566,(268),"The system session has transitioned from 69 to 70.

Reason SessionUnlock 

BootId: 6"
Warning,12/29/2022 8:36:23 AM,Netwtw08,6062,None,6062 - Lso was triggered
Information,12/29/2022 8:36:16 AM,Microsoft-Windows-Kernel-Power,566,(268),"The system session has transitioned from 67 to 69.

Reason PolicyChange 

BootId: 6"
Warning,12/29/2022 8:36:15 AM,rt640x64,1,None,Realtek PCIe GbE Family Controller is disconnected from network.
Information,12/29/2022 8:36:15 AM,Microsoft-Windows-HttpService,114,HTTP Configuration Property Trace Task,"Removed URL (http://*:2869/upnp/eventing/) from URL group (0xFE00000620000003). Process Id 0x1EEC Executable path \Device\HarddiskVolume3\Windows\System32\svchost.exe, User LOCAL SERVICE"
Information,12/29/2022 8:36:14 AM,Microsoft-Windows-Power-Troubleshooter,1,None,"The system has returned from a low power state.

Sleep Time: ‎2022‎-‎12‎-‎29T08:25:40.394578500Z
Wake Time: ‎2022‎-‎12‎-‎29T11:36:13.211271000Z

Wake Source: Power Button"
Information,12/29/2022 8:36:13 AM,Netwtw08,7021,None,7021 - Connection telemetry fields and analysis usage
Information,12/29/2022 8:36:12 AM,Netwtw08,7026,None,7026 - Dump after return from D3 after cmd
Information,12/29/2022 8:36:12 AM,Microsoft-Windows-Kernel-Power,566,(268),"The system session has transitioned from 66 to 67.

Reason SxTransition 

BootId: 6"
Information,12/29/2022 8:36:12 AM,Netwtw08,7025,None,7025 - Dump after return from D3 before cmd 
Information,12/29/2022 8:36:12 AM,Microsoft-Windows-Kernel-Power,131,(33),"Firmware S3 times. ResumeCount: 1, FullResume: 1275, AverageResume: 1275"
Information,12/29/2022 8:36:12 AM,Microsoft-Windows-Kernel-General,1,(5),"The system time has changed to ‎2022‎-‎12‎-‎29T11:36:12.500000000Z from ‎2022‎-‎12‎-‎29T08:25:42.566281600Z.
Time Delta: 11429933 ms

Change Reason: System time synchronized with the hardware clock.
Process: '' (PID 4).

RTC time: ‎2022‎-‎12‎-‎29T08:36:12.500000000Z
Current time zone bias: 180
RTC time is in UTC: false
System time was based on RTC time: false"
Information,12/29/2022 5:25:42 AM,Microsoft-Windows-Kernel-Power,107,(102),The system has resumed from sleep.
Information,12/29/2022 5:25:41 AM,Microsoft-Windows-Kernel-Power,42,(64),"The system is entering sleep.

Sleep Reason: System Idle"
Information,12/29/2022 5:25:40 AM,Microsoft-Windows-Kernel-Power,566,(268),"The system session has transitioned from 64 to 66.

Reason SxTransition 

BootId: 6"
Information,12/29/2022 3:37:52 AM,Microsoft-Windows-Time-Service,158,None,The time provider 'VMICTimeProvider' has indicated that the current hardware and operating environment is not supported and has stopped. This behavior is expected for VMICTimeProvider on non-HyperV-guest environments. This may be the expected behavior for the current provider in the current operating environment as well.
Information,12/29/2022 3:32:02 AM,Microsoft-Windows-WindowsUpdateClient,19,Windows Update Agent,Installation Successful: Windows successfully installed the following update: 9NBLGGH5R558-Microsoft.Todos
Information,12/29/2022 3:32:01 AM,Microsoft-Windows-WindowsUpdateClient,43,Windows Update Agent,Installation Started: Windows has started installing the following update: 9NBLGGH5R558-Microsoft.Todos
Information,12/29/2022 3:32:00 AM,Microsoft-Windows-Kernel-General,16,None,The access history in hive \??\C:\ProgramData\Microsoft\Windows\AppRepository\Packages\Microsoft.Todos_2.86.53503.0_x64__8wekyb3d8bbwe\ActivationStore.dat was cleared updating 0 keys and creating 0 modified pages.
Error,12/29/2022 3:29:32 AM,Microsoft-Windows-WindowsUpdateClient,20,Windows Update Agent,Installation Failure: Windows failed to install the following update with error 0x80073D02: 9PLFNLNT3G5G-AppUp.IntelGraphicsExperience.
Information,12/29/2022 3:29:31 AM,Microsoft-Windows-WindowsUpdateClient,43,Windows Update Agent,Installation Started: Windows has started installing the following update: 9PLFNLNT3G5G-AppUp.IntelGraphicsExperience
Information,12/29/2022 3:29:31 AM,Microsoft-Windows-WindowsUpdateClient,44,Windows Update Agent,Windows Update started downloading an update.
Information,12/29/2022 3:29:28 AM,Microsoft-Windows-WindowsUpdateClient,44,Windows Update Agent,Windows Update started downloading an update.
Information,12/29/2022 3:29:28 AM,Microsoft-Windows-WindowsUpdateClient,44,Windows Update Agent,Windows Update started downloading an update.
Information,12/29/2022 3:20:48 AM,Microsoft-Windows-Time-Service,158,None,The time provider 'VMICTimeProvider' has indicated that the current hardware and operating environment is not supported and has stopped. This behavior is expected for VMICTimeProvider on non-HyperV-guest environments. This may be the expected behavior for the current provider in the current operating environment as well.
Information,12/29/2022 3:03:44 AM,Microsoft-Windows-Time-Service,158,None,The time provider 'VMICTimeProvider' has indicated that the current hardware and operating environment is not supported and has stopped. This behavior is expected for VMICTimeProvider on non-HyperV-guest environments. This may be the expected behavior for the current provider in the current operating environment as well.
Information,12/29/2022 2:46:40 AM,Microsoft-Windows-Time-Service,158,None,The time provider 'VMICTimeProvider' has indicated that the current hardware and operating environment is not supported and has stopped. This behavior is expected for VMICTimeProvider on non-HyperV-guest environments. This may be the expected behavior for the current provider in the current operating environment as well.
Information,12/29/2022 2:34:32 AM,Microsoft-Windows-Kernel-Power,566,(268),"The system session has transitioned from 63 to 64.

Reason SessionUnlock 

BootId: 6"
Error,12/29/2022 2:29:31 AM,Microsoft-Windows-LanguagePackSetup,1042,Removing language pack,You cannot uninstall language pt-BR because the language is the system installed UI language.
Error,12/29/2022 2:29:21 AM,Microsoft-Windows-LanguagePackSetup,1042,Removing language pack,You cannot uninstall language pt-BR because the language is the system installed UI language.
Information,12/29/2022 2:29:20 AM,Microsoft-Windows-Time-Service,37,None,"The time provider NtpClient is currently receiving valid time data from time.windows.com,0x9 (ntp.m|0x9|0.0.0.0:123->40.119.6.228:123)."
Information,12/29/2022 2:29:20 AM,Microsoft-Windows-Time-Service,158,None,The time provider 'VMICTimeProvider' has indicated that the current hardware and operating environment is not supported and has stopped. This behavior is expected for VMICTimeProvider on non-HyperV-guest environments. This may be the expected behavior for the current provider in the current operating environment as well.
Warning,12/29/2022 12:47:02 AM,Microsoft-Windows-DistributedCOM,10016,None,"The application-specific permission settings do not grant Local Activation permission for the COM Server application with CLSID 
{2593F8B9-4EAF-457C-B68A-50F6B8EA6B54}
 and APPID 
{15C20B67-12E7-4BB6-92BB-7AFF07997402}
 to the user Saezo\OzeasSantos SID (S-1-5-21-2173426690-2103480400-3118651004-1001) from address LocalHost (Using LRPC) running in the application container Unavailable SID (Unavailable). This security permission can be modified using the Component Services administrative tool."
Information,12/29/2022 12:12:56 AM,Microsoft-Windows-HttpService,113,HTTP Configuration Property Trace Task,"Attempted to add URL (http://*:2869/upnp/eventing/) to URL group (0xFE00000620000003). Status: 0x0. Process Id 0x1EEC Executable path \Device\HarddiskVolume3\Windows\System32\svchost.exe, User LOCAL SERVICE"
Information,12/29/2022 12:12:55 AM,Microsoft-Windows-HttpService,114,HTTP Configuration Property Trace Task,"Removed URL (http://*:2869/upnp/eventing/) from URL group (0xFE00000620000002). Process Id 0x1EEC Executable path \Device\HarddiskVolume3\Windows\System32\svchost.exe, User LOCAL SERVICE"
Information,12/29/2022 12:12:55 AM,Microsoft-Windows-HttpService,113,HTTP Configuration Property Trace Task,"Attempted to add URL (http://*:2869/upnp/eventing/) to URL group (0xFE00000620000002). Status: 0x0. Process Id 0x1EEC Executable path \Device\HarddiskVolume3\Windows\System32\svchost.exe, User LOCAL SERVICE"
Information,12/29/2022 12:12:55 AM,Microsoft-Windows-HttpService,114,HTTP Configuration Property Trace Task,"Removed URL (http://*:2869/upnp/eventing/) from URL group (0xFE00000620000001). Process Id 0x1EEC Executable path \Device\HarddiskVolume3\Windows\System32\svchost.exe, User LOCAL SERVICE"
Information,12/28/2022 11:47:49 PM,Microsoft-Windows-HttpService,113,HTTP Configuration Property Trace Task,"Attempted to add URL (http://*:2869/upnp/eventing/) to URL group (0xFE00000620000001). Status: 0x0. Process Id 0x1EEC Executable path \Device\HarddiskVolume3\Windows\System32\svchost.exe, User LOCAL SERVICE"
Information,12/28/2022 11:47:49 PM,Microsoft-Windows-HttpService,114,HTTP Configuration Property Trace Task,"Removed URL (http://*:2869/upnp/eventing/) from URL group (0xFE00000520000001). Process Id 0x1EEC Executable path \Device\HarddiskVolume3\Windows\System32\svchost.exe, User LOCAL SERVICE"
Information,12/28/2022 11:47:49 PM,Microsoft-Windows-HttpService,113,HTTP Configuration Property Trace Task,"Attempted to add URL (http://*:2869/upnp/eventing/) to URL group (0xFE00000520000001). Status: 0x0. Process Id 0x1EEC Executable path \Device\HarddiskVolume3\Windows\System32\svchost.exe, User LOCAL SERVICE"
Warning,12/28/2022 11:47:07 PM,Microsoft-Windows-DistributedCOM,10016,None,"The application-specific permission settings do not grant Local Activation permission for the COM Server application with CLSID 
{2593F8B9-4EAF-457C-B68A-50F6B8EA6B54}
 and APPID 
{15C20B67-12E7-4BB6-92BB-7AFF07997402}
 to the user Saezo\OzeasSantos SID (S-1-5-21-2173426690-2103480400-3118651004-1001) from address LocalHost (Using LRPC) running in the application container Unavailable SID (Unavailable). This security permission can be modified using the Component Services administrative tool."
Warning,12/28/2022 11:46:08 PM,Netwtw08,6062,None,6062 - Lso was triggered
Warning,12/28/2022 11:45:43 PM,Microsoft-Windows-DistributedCOM,10016,None,"The application-specific permission settings do not grant Local Activation permission for the COM Server application with CLSID 
{6B3B8D23-FA8D-40B9-8DBD-B950333E2C52}
 and APPID 
{4839DDB7-58C2-48F5-8283-E1D1807D0D7D}
 to the user NT AUTHORITY\LOCAL SERVICE SID (S-1-5-19) from address LocalHost (Using LRPC) running in the application container Unavailable SID (Unavailable). This security permission can be modified using the Component Services administrative tool."
Warning,12/28/2022 11:45:43 PM,Microsoft-Windows-DistributedCOM,10016,None,"The application-specific permission settings do not grant Local Activation permission for the COM Server application with CLSID 
{6B3B8D23-FA8D-40B9-8DBD-B950333E2C52}
 and APPID 
{4839DDB7-58C2-48F5-8283-E1D1807D0D7D}
 to the user NT AUTHORITY\LOCAL SERVICE SID (S-1-5-19) from address LocalHost (Using LRPC) running in the application container Unavailable SID (Unavailable). This security permission can be modified using the Component Services administrative tool."
Warning,12/28/2022 11:45:41 PM,rt640x64,1,None,Realtek PCIe GbE Family Controller is disconnected from network.
Information,12/28/2022 11:45:41 PM,Microsoft-Windows-Winlogon,7001,(1101),User Logon Notification for Customer Experience Improvement Program
Information,12/28/2022 11:45:41 PM,Microsoft-Windows-Power-Troubleshooter,1,None,"The system has returned from a low power state.

Sleep Time: ‎2022‎-‎12‎-‎28T23:40:36.363511800Z
Wake Time: ‎2022‎-‎12‎-‎29T02:45:39.293510400Z

Wake Source: Unknown"
Information,12/28/2022 11:45:40 PM,Microsoft-Windows-Ntfs,98,None,Volume \\?\Volume{3fc1266c-7817-49fd-6819-d824fc96eb1a} (\Device\HarddiskVolume5) is healthy.  No action is needed.
Information,12/28/2022 11:45:39 PM,Microsoft-Windows-Kernel-Power,566,(268),"The system session has transitioned from 61 to 63.

Reason PolicyChange 

BootId: 6"
Information,12/28/2022 11:45:39 PM,Microsoft-Windows-HttpService,114,HTTP Configuration Property Trace Task,"Removed URL (http://*:2869/upnp/eventing/) from URL group (0xFE00000720000001). Process Id 0x1EEC Executable path \Device\HarddiskVolume3\Windows\System32\svchost.exe, User LOCAL SERVICE"
Information,12/28/2022 11:45:39 PM,Netwtw08,7021,None,7021 - Connection telemetry fields and analysis usage
Information,12/28/2022 11:45:39 PM,BTHUSB,18,None,Windows cannot store Bluetooth authentication codes (link keys) on the local adapter. Bluetooth keyboards might not work in the system BIOS during startup.
Information,12/28/2022 11:45:39 PM,Microsoft-Windows-Kernel-Power,566,(268),"The system session has transitioned from 60 to 61.

Reason SxTransition 

BootId: 6"
Information,12/28/2022 11:45:39 PM,Microsoft-Windows-Kernel-Boot,32,(58),The bootmgr spent 0 ms waiting for user input.
Information,12/28/2022 11:45:39 PM,Microsoft-Windows-Kernel-Boot,18,(57),There are 0x1 boot options on this system.
Information,12/28/2022 11:45:39 PM,Microsoft-Windows-Kernel-Boot,30,(21),The firmware reported boot metrics.
Information,12/28/2022 11:45:38 PM,Netwtw08,7025,None,7025 - Dump after return from D3 before cmd 
Information,12/28/2022 11:45:38 PM,Microsoft-Windows-Kernel-General,1,(5),"The system time has changed to ‎2022‎-‎12‎-‎29T02:45:38.500000000Z from ‎2022‎-‎12‎-‎28T23:40:40.190675500Z.
Time Delta: 11098309 ms

Change Reason: System time synchronized with the hardware clock.
Process: '' (PID 4).

RTC time: ‎2022‎-‎12‎-‎28T23:45:38.500000000Z
Current time zone bias: 180
RTC time is in UTC: false
System time was based on RTC time: false"
Information,12/28/2022 8:40:40 PM,Microsoft-Windows-Kernel-Power,107,(102),The system has resumed from sleep.
Information,12/28/2022 8:40:36 PM,Microsoft-Windows-Kernel-Power,42,(64),"The system is entering sleep.

Sleep Reason: Application API"
Information,12/28/2022 8:40:36 PM,Microsoft-Windows-Kernel-Power,566,(268),"The system session has transitioned from 59 to 60.

Reason InputAccelerometer 

BootId: 6"
Information,12/28/2022 8:40:36 PM,Microsoft-Windows-Kernel-Power,187,(243),User-mode process attempted to change the system state by calling SetSuspendState or SetSystemPowerState APIs.
Information,12/28/2022 8:40:34 PM,Win32k,267,None,Touch/Touchpad Hardware Quality Assurance verification succeeded.
Information,12/28/2022 8:40:34 PM,Microsoft-Windows-Winlogon,7002,(1102),User Logoff Notification for Customer Experience Improvement Program
Information,12/28/2022 7:46:18 PM,Microsoft-Windows-Kernel-General,11,None,"TxR init phase for hive \??\GLOBALROOT\Device\HarddiskVolumeShadowCopy7\WINDOWS\System32\config\DRIVERS (TM: {5d411688-86da-11ed-bc8f-d09466c309a6}, RM: {5d411687-86da-11ed-bc8f-d09466c309a6}) finished with result=0xC00000A2 (Internal code=7)."
Information,12/28/2022 7:46:18 PM,Microsoft-Windows-Kernel-General,11,None,"TxR init phase for hive \??\GLOBALROOT\Device\HarddiskVolumeShadowCopy7\WINDOWS\System32\config\SYSTEM (TM: {5d411685-86da-11ed-bc8f-d09466c309a6}, RM: {5d411684-86da-11ed-bc8f-d09466c309a6}) finished with result=0xC00000A2 (Internal code=7)."
Information,12/28/2022 7:46:11 PM,Microsoft-Windows-Kernel-General,11,None,"TxR init phase for hive \??\GLOBALROOT\Device\HarddiskVolumeShadowCopy9\WINDOWS\System32\config\DRIVERS (TM: {5d411662-86da-11ed-bc8f-d09466c309a6}, RM: {5d411661-86da-11ed-bc8f-d09466c309a6}) finished with result=0xC00000A2 (Internal code=7)."
Information,12/28/2022 7:46:11 PM,Microsoft-Windows-Kernel-General,11,None,"TxR init phase for hive \??\GLOBALROOT\Device\HarddiskVolumeShadowCopy9\WINDOWS\System32\config\SYSTEM (TM: {5d41165f-86da-11ed-bc8f-d09466c309a6}, RM: {5d41165e-86da-11ed-bc8f-d09466c309a6}) finished with result=0xC00000A2 (Internal code=7)."
Information,12/28/2022 7:46:06 PM,Microsoft-Windows-Kernel-General,11,None,"TxR init phase for hive \??\GLOBALROOT\Device\HarddiskVolumeShadowCopy10\WINDOWS\System32\config\DRIVERS (TM: {5d41163c-86da-11ed-bc8f-d09466c309a6}, RM: {5d41163b-86da-11ed-bc8f-d09466c309a6}) finished with result=0xC00000A2 (Internal code=7)."
Information,12/28/2022 7:46:06 PM,Microsoft-Windows-Kernel-General,11,None,"TxR init phase for hive \??\GLOBALROOT\Device\HarddiskVolumeShadowCopy10\WINDOWS\System32\config\SYSTEM (TM: {5d411639-86da-11ed-bc8f-d09466c309a6}, RM: {5d411638-86da-11ed-bc8f-d09466c309a6}) finished with result=0xC00000A2 (Internal code=7)."
Error,12/28/2022 7:46:04 PM,Microsoft-Windows-LanguagePackSetup,1042,Removing language pack,You cannot uninstall language pt-BR because the language is the system installed UI language.
Information,12/28/2022 7:46:04 PM,Microsoft-Windows-Ntfs,98,None,Volume ?? (\Device\HarddiskVolumeShadowCopy10) is healthy.  No action is needed.
Information,12/28/2022 4:15:57 PM,Microsoft-Windows-Kernel-Power,566,(268),"The system session has transitioned from 57 to 59.

Reason InputAccelerometer 

BootId: 6"
Information,12/28/2022 4:15:34 PM,Microsoft-Windows-Kernel-Power,566,(268),"The system session has transitioned from 56 to 57.

Reason SessionUnlock 

BootId: 6"
Information,12/28/2022 4:10:34 PM,Microsoft-Windows-Kernel-Power,566,(268),"The system session has transitioned from 54 to 56.

Reason InputAccelerometer 

BootId: 6"
Information,12/28/2022 4:06:00 PM,Microsoft-Windows-Kernel-Power,566,(268),"The system session has transitioned from 53 to 54.

Reason SessionUnlock 

BootId: 6"
Information,12/28/2022 3:44:47 PM,Microsoft-Windows-Ntfs,98,None,Volume ?? (\Device\HarddiskVolumeShadowCopy9) is healthy.  No action is needed.
Information,12/28/2022 3:40:22 PM,Volsnap,33,None,The oldest shadow copy of volume C: was deleted to keep disk space usage for shadow copies of volume C: below the user defined limit.
Information,12/28/2022 2:56:07 PM,Microsoft-Windows-Kernel-Power,566,(268),"The system session has transitioned from 51 to 53.

Reason InputAccelerometer 

BootId: 6"
Information,12/28/2022 12:39:23 PM,Microsoft-Windows-Kernel-Power,566,(268),"The system session has transitioned from 50 to 51.

Reason SessionUnlock 

BootId: 6"
Information,12/28/2022 12:34:23 PM,Microsoft-Windows-Kernel-Power,566,(268),"The system session has transitioned from 48 to 50.

Reason InputHid 

BootId: 6"
Information,12/28/2022 12:21:09 PM,Microsoft-Windows-Ntfs,98,None,Volume ?? (\Device\HarddiskVolumeShadowCopy8) is healthy.  No action is needed.
Information,12/28/2022 12:00:00 PM,EventLog,6013,None,The system uptime is 177669 seconds.
Information,12/28/2022 10:52:09 AM,Microsoft-Windows-Kernel-Power,566,(268),"The system session has transitioned from 47 to 48.

Reason SessionUnlock 

BootId: 6"
Information,12/28/2022 10:47:51 AM,Microsoft-Windows-UserPnp,20003,(7005),Driver Management has concluded the process to add Service ssudmdm for Device Instance ID USB\VID_04E8&PID_6860&MODEM\6&365EBFED&0&0001 with the following status: 0.
Information,12/28/2022 10:47:51 AM,Service Control Manager,7045,None,"A service was installed in the system.

Service Name:  SAMSUNG  Mobile USB Modem Drivers (DEVGURU Ver.)
Service File Name:  \SystemRoot\system32\DRIVERS\ssudmdm.sys
Service Type:  kernel mode driver
Service Start Type:  demand start
Service Account:  "
Information,12/28/2022 10:47:51 AM,Service Control Manager,7040,None,The start type of the Windows Image Acquisition (WIA) service was changed from demand start to auto start.
Information,12/28/2022 10:47:51 AM,Microsoft-Windows-WPDClassInstaller,24578,Driver Post-Install Configuration,Autoplay was successfully registered for device USB\VID_04E8&PID_6860&REV_0400&MS_COMP_MTP&SAMSUNG_Android.
Information,12/28/2022 10:47:51 AM,Microsoft-Windows-WPDClassInstaller,24577,Driver Post-Install Configuration,"Media player and imaging program compatibility layers were successfully registered for device USB\VID_04E8&PID_6860&REV_0400&MS_COMP_MTP&SAMSUNG_Android. Layer bits 0x00000003 were requested, layer bits 0x00000003 were registered."
Information,12/28/2022 10:47:51 AM,Microsoft-Windows-WPDClassInstaller,24576,Driver Installation,Drivers were successfully installed for device USB\VID_04E8&PID_6860&REV_0400&MS_COMP_MTP&SAMSUNG_Android.
Information,12/28/2022 10:47:49 AM,Microsoft-Windows-UserPnp,20003,(7005),Driver Management has concluded the process to add Service WinUsb for Device Instance ID USB\VID_04E8&PID_6860&MS_COMP_MTP&SAMSUNG_ANDROID\6&365EBFED&0&0000 with the following status: 0.
Information,12/28/2022 10:47:49 AM,Microsoft-Windows-UserPnp,20003,(7005),Driver Management has concluded the process to add Service WUDFWpdMtp for Device Instance ID USB\VID_04E8&PID_6860&MS_COMP_MTP&SAMSUNG_ANDROID\6&365EBFED&0&0000 with the following status: 0.
Information,12/28/2022 10:47:49 AM,Service Control Manager,7045,None,"A service was installed in the system.

Service Name:  WUDFWpdMtp
Service File Name:  \SystemRoot\system32\DRIVERS\WUDFRd.sys
Service Type:  kernel mode driver
Service Start Type:  demand start
Service Account:  "
Information,12/28/2022 10:47:49 AM,Microsoft-Windows-DriverFrameworks-UserMode,10100,Installation or update of device drivers.,The driver package installation has succeeded.
Information,12/28/2022 10:47:49 AM,Microsoft-Windows-DriverFrameworks-UserMode,10001,Installation or update of device drivers.,The UMDF service WpdMtpDriver (CLSID {aaae762b-a6a2-4c45-b5d8-9a83afb6bb70}) was installed.  It requires framework version 2.33.0 or higher.
Information,12/28/2022 10:47:49 AM,Microsoft-Windows-DriverFrameworks-UserMode,10000,Installation or update of device drivers.,A driver package which uses user-mode driver framework version 2.33.0 is being installed on device USB\VID_04E8&PID_6860&MS_COMP_MTP&SAMSUNG_ANDROID\6&365EBFED&0&0000.
Information,12/28/2022 10:47:49 AM,Microsoft-Windows-UserPnp,20003,(7005),Driver Management has concluded the process to add Service dg_ssudbus for Device Instance ID USB\VID_04E8&PID_6860\073FDE04 with the following status: 0.
Information,12/28/2022 10:39:17 AM,Microsoft-Windows-Ntfs,98,None,Volume ?? (\Device\HarddiskVolumeShadowCopy7) is healthy.  No action is needed.
Warning,12/28/2022 10:23:39 AM,Microsoft-Windows-DNS-Client,1014,(1014),Name resolution for the name teams.events.data.microsoft.com timed out after none of the configured DNS servers responded. Client PID 12412.
Information,12/28/2022 9:05:51 AM,Microsoft-Windows-Kernel-General,1,(5),"The system time has changed to ‎2022‎-‎12‎-‎28T12:05:51.322519500Z from ‎2022‎-‎12‎-‎28T12:05:51.322406600Z.
Time Delta: 0 ms

Change Reason: An application or system component changed the time.
Process: '\Device\HarddiskVolume3\Windows\System32\svchost.exe' (PID 17996).

RTC time: ‎2022‎-‎12‎-‎28T09:05:51.322519500Z
Current time zone bias: 180
RTC time is in UTC: false
System time was based on RTC time: false"
Information,12/28/2022 9:05:51 AM,Microsoft-Windows-Kernel-General,24,(11),The time zone information was refreshed with exit reason 0. Current time zone bias is 180.
Information,12/28/2022 9:05:51 AM,Microsoft-Windows-Time-Service,35,None,"The time service is now synchronizing the system time with the time source time.windows.com,0x9 (ntp.m|0x9|0.0.0.0:123->40.119.6.228:123) with reference id 3825628968. Current local stratum number is 4."
Information,12/28/2022 9:05:51 AM,Microsoft-Windows-Time-Service,37,None,"The time provider NtpClient is currently receiving valid time data from time.windows.com,0x9 (ntp.m|0x9|0.0.0.0:123->40.119.6.228:123)."
Information,12/28/2022 8:53:42 AM,Microsoft-Windows-HttpService,113,HTTP Configuration Property Trace Task,"Attempted to add URL (http://*:2869/upnp/eventing/) to URL group (0xFE00000720000001). Status: 0x0. Process Id 0x1EEC Executable path \Device\HarddiskVolume3\Windows\System32\svchost.exe, User LOCAL SERVICE"
Information,12/28/2022 8:53:42 AM,Microsoft-Windows-HttpService,114,HTTP Configuration Property Trace Task,"Removed URL (http://*:2869/upnp/eventing/) from URL group (0xFF00000020000001). Process Id 0x1EEC Executable path \Device\HarddiskVolume3\Windows\System32\svchost.exe, User LOCAL SERVICE"
Information,12/28/2022 8:53:42 AM,Microsoft-Windows-HttpService,113,HTTP Configuration Property Trace Task,"Attempted to add URL (http://*:2869/upnp/eventing/) to URL group (0xFF00000020000001). Status: 0x0. Process Id 0x1EEC Executable path \Device\HarddiskVolume3\Windows\System32\svchost.exe, User LOCAL SERVICE"
Warning,12/28/2022 8:53:33 AM,Netwtw08,6062,None,6062 - Lso was triggered
Warning,12/28/2022 8:53:27 AM,rt640x64,1,None,Realtek PCIe GbE Family Controller is disconnected from network.
Information,12/28/2022 8:53:26 AM,Microsoft-Windows-Power-Troubleshooter,1,None,"The system has returned from a low power state.

Sleep Time: ‎2022‎-‎12‎-‎28T08:04:45.470294900Z
Wake Time: ‎2022‎-‎12‎-‎28T11:53:24.330556100Z

Wake Source: Unknown"
Information,12/28/2022 8:53:24 AM,BTHUSB,18,None,Windows cannot store Bluetooth authentication codes (link keys) on the local adapter. Bluetooth keyboards might not work in the system BIOS during startup.
Information,12/28/2022 8:53:24 AM,Microsoft-Windows-Kernel-Power,566,(268),"The system session has transitioned from 45 to 47.

Reason Unknown 

BootId: 6"
Information,12/28/2022 8:53:24 AM,Netwtw08,7021,None,7021 - Connection telemetry fields and analysis usage
Information,12/28/2022 8:53:24 AM,Microsoft-Windows-Kernel-Power,566,(268),"The system session has transitioned from 44 to 45.

Reason SxTransition 

BootId: 6"
