Warning,12/30/2022 3:16:54 PM,disk,51,None,An error was detected on device \Device\Harddisk1\DR3 during a paging operation.
Warning,12/30/2022 3:16:54 PM,disk,51,None,An error was detected on device \Device\Harddisk1\DR3 during a paging operation.
Warning,12/30/2022 3:16:54 PM,disk,51,None,An error was detected on device \Device\Harddisk1\DR3 during a paging operation.
Warning,12/30/2022 3:16:54 PM,disk,51,None,An error was detected on device \Device\Harddisk1\DR3 during a paging operation.
Warning,12/30/2022 3:16:54 PM,disk,51,None,An error was detected on device \Device\Harddisk1\DR3 during a paging operation.
Warning,12/30/2022 3:16:54 PM,disk,51,None,An error was detected on device \Device\Harddisk1\DR3 during a paging operation.
Warning,12/30/2022 3:16:54 PM,disk,51,None,An error was detected on device \Device\Harddisk1\DR3 during a paging operation.
Warning,12/30/2022 3:16:54 PM,disk,51,None,An error was detected on device \Device\Harddisk1\DR3 during a paging operation.
Warning,12/30/2022 3:16:54 PM,disk,51,None,An error was detected on device \Device\Harddisk1\DR3 during a paging operation.
Warning,12/30/2022 3:16:54 PM,disk,51,None,An error was detected on device \Device\Harddisk1\DR3 during a paging operation.
Warning,12/30/2022 3:16:54 PM,disk,51,None,An error was detected on device \Device\Harddisk1\DR3 during a paging operation.
Warning,12/30/2022 3:16:54 PM,disk,51,None,An error was detected on device \Device\Harddisk1\DR3 during a paging operation.
Warning,12/30/2022 3:16:54 PM,disk,51,None,An error was detected on device \Device\Harddisk1\DR3 during a paging operation.
Warning,12/30/2022 3:16:54 PM,disk,51,None,An error was detected on device \Device\Harddisk1\DR3 during a paging operation.
Warning,12/30/2022 3:16:54 PM,disk,51,None,An error was detected on device \Device\Harddisk1\DR3 during a paging operation.
Warning,12/30/2022 3:16:54 PM,disk,51,None,An error was detected on device \Device\Harddisk1\DR3 during a paging operation.
Warning,12/30/2022 3:16:54 PM,disk,51,None,An error was detected on device \Device\Harddisk1\DR3 during a paging operation.
Warning,12/30/2022 3:16:54 PM,disk,51,None,An error was detected on device \Device\Harddisk1\DR3 during a paging operation.
Warning,12/30/2022 3:16:54 PM,disk,51,None,An error was detected on device \Device\Harddisk1\DR3 during a paging operation.
Warning,12/30/2022 3:16:54 PM,disk,51,None,An error was detected on device \Device\Harddisk1\DR3 during a paging operation.
Warning,12/30/2022 3:16:54 PM,disk,51,None,An error was detected on device \Device\Harddisk1\DR3 during a paging operation.
Warning,12/30/2022 3:16:54 PM,disk,51,None,An error was detected on device \Device\Harddisk1\DR3 during a paging operation.
Warning,12/30/2022 3:16:54 PM,disk,51,None,An error was detected on device \Device\Harddisk1\DR3 during a paging operation.
Warning,12/30/2022 3:16:54 PM,disk,51,None,An error was detected on device \Device\Harddisk1\DR3 during a paging operation.
Warning,12/30/2022 3:16:54 PM,disk,51,None,An error was detected on device \Device\Harddisk1\DR3 during a paging operation.
Warning,12/30/2022 3:16:54 PM,disk,51,None,An error was detected on device \Device\Harddisk1\DR3 during a paging operation.
Warning,12/30/2022 3:16:54 PM,disk,51,None,An error was detected on device \Device\Harddisk1\DR3 during a paging operation.
Warning,12/30/2022 3:16:54 PM,disk,51,None,An error was detected on device \Device\Harddisk1\DR3 during a paging operation.
Warning,12/30/2022 3:16:54 PM,disk,51,None,An error was detected on device \Device\Harddisk1\DR3 during a paging operation.
Warning,12/30/2022 3:16:54 PM,disk,51,None,An error was detected on device \Device\Harddisk1\DR3 during a paging operation.
Warning,12/30/2022 3:16:54 PM,disk,51,None,An error was detected on device \Device\Harddisk1\DR3 during a paging operation.
Warning,12/30/2022 3:16:54 PM,disk,51,None,An error was detected on device \Device\Harddisk1\DR3 during a paging operation.
Warning,12/30/2022 3:16:54 PM,disk,51,None,An error was detected on device \Device\Harddisk1\DR3 during a paging operation.
Warning,12/30/2022 3:16:54 PM,disk,51,None,An error was detected on device \Device\Harddisk1\DR3 during a paging operation.
Warning,12/30/2022 3:16:54 PM,disk,51,None,An error was detected on device \Device\Harddisk1\DR3 during a paging operation.
Warning,12/30/2022 3:16:54 PM,disk,51,None,An error was detected on device \Device\Harddisk1\DR3 during a paging operation.
Warning,12/30/2022 3:16:54 PM,disk,51,None,An error was detected on device \Device\Harddisk1\DR3 during a paging operation.
Warning,12/30/2022 3:16:54 PM,disk,51,None,An error was detected on device \Device\Harddisk1\DR3 during a paging operation.
Warning,12/30/2022 3:16:54 PM,disk,51,None,An error was detected on device \Device\Harddisk1\DR3 during a paging operation.
Warning,12/30/2022 3:16:54 PM,disk,51,None,An error was detected on device \Device\Harddisk1\DR3 during a paging operation.
Warning,12/30/2022 3:16:54 PM,disk,51,None,An error was detected on device \Device\Harddisk1\DR3 during a paging operation.
Warning,12/30/2022 3:16:54 PM,disk,51,None,An error was detected on device \Device\Harddisk1\DR3 during a paging operation.
Warning,12/30/2022 3:16:54 PM,disk,51,None,An error was detected on device \Device\Harddisk1\DR3 during a paging operation.
Warning,12/30/2022 3:16:54 PM,disk,51,None,An error was detected on device \Device\Harddisk1\DR3 during a paging operation.
Warning,12/30/2022 3:16:54 PM,disk,51,None,An error was detected on device \Device\Harddisk1\DR3 during a paging operation.
Warning,12/30/2022 3:16:54 PM,disk,51,None,An error was detected on device \Device\Harddisk1\DR3 during a paging operation.
Warning,12/30/2022 3:16:54 PM,disk,51,None,An error was detected on device \Device\Harddisk1\DR3 during a paging operation.
Warning,12/30/2022 3:16:54 PM,disk,51,None,An error was detected on device \Device\Harddisk1\DR3 during a paging operation.
Warning,12/30/2022 3:16:54 PM,disk,51,None,An error was detected on device \Device\Harddisk1\DR3 during a paging operation.
Warning,12/30/2022 3:16:54 PM,disk,51,None,An error was detected on device \Device\Harddisk1\DR3 during a paging operation.
Warning,12/30/2022 3:16:54 PM,disk,51,None,An error was detected on device \Device\Harddisk1\DR3 during a paging operation.
Warning,12/30/2022 3:16:54 PM,disk,51,None,An error was detected on device \Device\Harddisk1\DR3 during a paging operation.
Warning,12/30/2022 3:16:54 PM,disk,51,None,An error was detected on device \Device\Harddisk1\DR3 during a paging operation.
Warning,12/30/2022 3:16:54 PM,disk,51,None,An error was detected on device \Device\Harddisk1\DR3 during a paging operation.
Warning,12/30/2022 3:16:54 PM,disk,51,None,An error was detected on device \Device\Harddisk1\DR3 during a paging operation.
Warning,12/30/2022 3:16:54 PM,disk,51,None,An error was detected on device \Device\Harddisk1\DR3 during a paging operation.
Warning,12/30/2022 3:16:54 PM,disk,51,None,An error was detected on device \Device\Harddisk1\DR3 during a paging operation.
Warning,12/30/2022 3:16:54 PM,disk,51,None,An error was detected on device \Device\Harddisk1\DR3 during a paging operation.
Warning,12/30/2022 3:16:54 PM,disk,51,None,An error was detected on device \Device\Harddisk1\DR3 during a paging operation.
Warning,12/30/2022 3:16:54 PM,disk,51,None,An error was detected on device \Device\Harddisk1\DR3 during a paging operation.
Warning,12/30/2022 3:16:54 PM,disk,51,None,An error was detected on device \Device\Harddisk1\DR3 during a paging operation.
Warning,12/30/2022 3:16:54 PM,disk,51,None,An error was detected on device \Device\Harddisk1\DR3 during a paging operation.
Warning,12/30/2022 3:16:54 PM,disk,51,None,An error was detected on device \Device\Harddisk1\DR3 during a paging operation.
Warning,12/30/2022 3:16:54 PM,disk,51,None,An error was detected on device \Device\Harddisk1\DR3 during a paging operation.
Warning,12/30/2022 3:16:54 PM,disk,51,None,An error was detected on device \Device\Harddisk1\DR3 during a paging operation.
Warning,12/30/2022 3:16:54 PM,disk,51,None,An error was detected on device \Device\Harddisk1\DR3 during a paging operation.
Warning,12/30/2022 3:16:54 PM,disk,51,None,An error was detected on device \Device\Harddisk1\DR3 during a paging operation.
Warning,12/30/2022 3:16:54 PM,disk,51,None,An error was detected on device \Device\Harddisk1\DR3 during a paging operation.
Warning,12/30/2022 3:16:54 PM,disk,51,None,An error was detected on device \Device\Harddisk1\DR3 during a paging operation.
Warning,12/30/2022 3:16:54 PM,disk,51,None,An error was detected on device \Device\Harddisk1\DR3 during a paging operation.
Warning,12/30/2022 3:16:54 PM,disk,51,None,An error was detected on device \Device\Harddisk1\DR3 during a paging operation.
Warning,12/30/2022 3:16:54 PM,disk,51,None,An error was detected on device \Device\Harddisk1\DR3 during a paging operation.
Warning,12/30/2022 3:16:54 PM,disk,51,None,An error was detected on device \Device\Harddisk1\DR3 during a paging operation.
Warning,12/30/2022 3:16:54 PM,disk,51,None,An error was detected on device \Device\Harddisk1\DR3 during a paging operation.
Warning,12/30/2022 3:16:54 PM,disk,51,None,An error was detected on device \Device\Harddisk1\DR3 during a paging operation.
Warning,12/30/2022 3:16:54 PM,disk,51,None,An error was detected on device \Device\Harddisk1\DR3 during a paging operation.
Warning,12/30/2022 3:16:54 PM,disk,51,None,An error was detected on device \Device\Harddisk1\DR3 during a paging operation.
Warning,12/30/2022 3:16:54 PM,disk,51,None,An error was detected on device \Device\Harddisk1\DR3 during a paging operation.
Warning,12/30/2022 3:16:54 PM,disk,51,None,An error was detected on device \Device\Harddisk1\DR3 during a paging operation.
Warning,12/30/2022 3:16:54 PM,disk,51,None,An error was detected on device \Device\Harddisk1\DR3 during a paging operation.
Warning,12/30/2022 3:16:54 PM,disk,51,None,An error was detected on device \Device\Harddisk1\DR3 during a paging operation.
Warning,12/30/2022 3:16:54 PM,disk,51,None,An error was detected on device \Device\Harddisk1\DR3 during a paging operation.
Warning,12/30/2022 3:16:54 PM,disk,51,None,An error was detected on device \Device\Harddisk1\DR3 during a paging operation.
Warning,12/30/2022 3:16:54 PM,disk,51,None,An error was detected on device \Device\Harddisk1\DR3 during a paging operation.
Warning,12/30/2022 3:16:54 PM,disk,51,None,An error was detected on device \Device\Harddisk1\DR3 during a paging operation.
Warning,12/30/2022 3:16:54 PM,disk,51,None,An error was detected on device \Device\Harddisk1\DR3 during a paging operation.
Warning,12/30/2022 3:16:54 PM,disk,51,None,An error was detected on device \Device\Harddisk1\DR3 during a paging operation.
Warning,12/30/2022 3:16:54 PM,disk,51,None,An error was detected on device \Device\Harddisk1\DR3 during a paging operation.
Warning,12/30/2022 3:16:54 PM,disk,51,None,An error was detected on device \Device\Harddisk1\DR3 during a paging operation.
Warning,12/30/2022 3:16:54 PM,disk,51,None,An error was detected on device \Device\Harddisk1\DR3 during a paging operation.
Warning,12/30/2022 3:16:54 PM,disk,51,None,An error was detected on device \Device\Harddisk1\DR3 during a paging operation.
Warning,12/30/2022 3:16:54 PM,disk,51,None,An error was detected on device \Device\Harddisk1\DR3 during a paging operation.
Warning,12/30/2022 3:16:54 PM,disk,51,None,An error was detected on device \Device\Harddisk1\DR3 during a paging operation.
Warning,12/30/2022 3:16:54 PM,disk,51,None,An error was detected on device \Device\Harddisk1\DR3 during a paging operation.
Warning,12/30/2022 3:16:54 PM,disk,51,None,An error was detected on device \Device\Harddisk1\DR3 during a paging operation.
Warning,12/30/2022 3:16:54 PM,disk,51,None,An error was detected on device \Device\Harddisk1\DR3 during a paging operation.
Warning,12/30/2022 3:16:54 PM,disk,51,None,An error was detected on device \Device\Harddisk1\DR3 during a paging operation.
Warning,12/30/2022 3:16:54 PM,disk,51,None,An error was detected on device \Device\Harddisk1\DR3 during a paging operation.
Warning,12/30/2022 3:16:54 PM,disk,51,None,An error was detected on device \Device\Harddisk1\DR3 during a paging operation.
Warning,12/30/2022 3:16:54 PM,disk,51,None,An error was detected on device \Device\Harddisk1\DR3 during a paging operation.
Warning,12/30/2022 3:16:54 PM,disk,51,None,An error was detected on device \Device\Harddisk1\DR3 during a paging operation.
Warning,12/30/2022 3:16:54 PM,disk,51,None,An error was detected on device \Device\Harddisk1\DR3 during a paging operation.
Warning,12/30/2022 3:16:54 PM,disk,51,None,An error was detected on device \Device\Harddisk1\DR3 during a paging operation.
Warning,12/30/2022 3:16:54 PM,disk,51,None,An error was detected on device \Device\Harddisk1\DR3 during a paging operation.
Warning,12/30/2022 3:16:54 PM,disk,51,None,An error was detected on device \Device\Harddisk1\DR3 during a paging operation.
Warning,12/30/2022 3:16:54 PM,disk,51,None,An error was detected on device \Device\Harddisk1\DR3 during a paging operation.
Warning,12/30/2022 3:16:54 PM,disk,51,None,An error was detected on device \Device\Harddisk1\DR3 during a paging operation.
Warning,12/30/2022 3:16:54 PM,disk,51,None,An error was detected on device \Device\Harddisk1\DR3 during a paging operation.
Warning,12/30/2022 3:16:54 PM,disk,51,None,An error was detected on device \Device\Harddisk1\DR3 during a paging operation.
Warning,12/30/2022 3:16:54 PM,disk,51,None,An error was detected on device \Device\Harddisk1\DR3 during a paging operation.
Warning,12/30/2022 3:16:54 PM,disk,51,None,An error was detected on device \Device\Harddisk1\DR3 during a paging operation.
Warning,12/30/2022 3:16:54 PM,disk,51,None,An error was detected on device \Device\Harddisk1\DR3 during a paging operation.
Warning,12/30/2022 3:16:54 PM,disk,51,None,An error was detected on device \Device\Harddisk1\DR3 during a paging operation.
Warning,12/30/2022 3:16:54 PM,disk,51,None,An error was detected on device \Device\Harddisk1\DR3 during a paging operation.
Warning,12/30/2022 3:16:54 PM,disk,51,None,An error was detected on device \Device\Harddisk1\DR3 during a paging operation.
Warning,12/30/2022 3:16:54 PM,disk,51,None,An error was detected on device \Device\Harddisk1\DR3 during a paging operation.
Warning,12/30/2022 3:16:54 PM,disk,51,None,An error was detected on device \Device\Harddisk1\DR3 during a paging operation.
Warning,12/30/2022 3:16:54 PM,disk,51,None,An error was detected on device \Device\Harddisk1\DR3 during a paging operation.
Warning,12/30/2022 3:16:54 PM,disk,51,None,An error was detected on device \Device\Harddisk1\DR3 during a paging operation.
Information,12/30/2022 3:15:45 PM,Microsoft-Windows-Ntfs,98,None,Volume E: (\Device\HarddiskVolume20) is healthy.  No action is needed.
Warning,12/30/2022 3:14:57 PM,disk,51,None,An error was detected on device \Device\Harddisk1\DR3 during a paging operation.
Information,12/30/2022 3:13:36 PM,Microsoft-Windows-WPDClassInstaller,24579,Driver Post-Install Configuration,Autoplay registration was skipped for device %1.
Information,12/30/2022 3:13:36 PM,Microsoft-Windows-WPDClassInstaller,24577,Driver Post-Install Configuration,"Media player and imaging program compatibility layers were successfully registered for device %1. Layer bits %2 were requested, layer bits %3 were registered."
Information,12/30/2022 3:13:36 PM,Microsoft-Windows-Ntfs,98,None,Volume D: (\Device\HarddiskVolume19) is healthy.  No action is needed.
Information,12/30/2022 3:13:36 PM,Microsoft-Windows-UserPnp,20003,(7005),Driver Management has concluded the process to add Service WUDFWpdFs for Device Instance ID SWD\WPDBUSENUM\{394C41A0-886C-11ED-BC90-D09466C309A6}#0000003A6D400000 with the following status: 0.
Information,12/30/2022 3:13:36 PM,Microsoft-Windows-DriverFrameworks-UserMode,10100,Installation or update of device drivers.,The driver package installation has succeeded.
Information,12/30/2022 3:13:36 PM,Microsoft-Windows-DriverFrameworks-UserMode,10002,Installation or update of device drivers.,The UMDF service WpdFs (CLSID {112de495-ac4c-46f8-b663-6a4266c53313}) was upgraded.  It requires framework version 2.33.0 or higher.
Information,12/30/2022 3:13:36 PM,Microsoft-Windows-DriverFrameworks-UserMode,10000,Installation or update of device drivers.,A driver package which uses user-mode driver framework version 2.33.0 is being installed on device SWD\WPDBUSENUM\{394C41A0-886C-11ED-BC90-D09466C309A6}#0000003A6D400000.
Information,12/30/2022 3:13:36 PM,Microsoft-Windows-Ntfs,98,None,Volume \\?\Volume{b792c852-e647-4572-8791-e2857d51010c} (\Device\HarddiskVolume16) is healthy.  No action is needed.
Information,12/30/2022 3:13:36 PM,Microsoft-Windows-WPDClassInstaller,24576,Driver Installation,Drivers were successfully installed for device WPD Device.
Information,12/30/2022 2:58:03 PM,Microsoft-Windows-Ntfs,98,None,Volume \\?\Volume{762eff52-1f85-4949-962c-d21b16b9d2a7} (\Device\HarddiskVolume14) is healthy.  No action is needed.
Information,12/30/2022 2:58:03 PM,Microsoft-Windows-Ntfs,98,None,Volume E: (\Device\HarddiskVolume15) is healthy.  No action is needed.
Information,12/30/2022 2:58:02 PM,Microsoft-Windows-Ntfs,98,None,Volume D: (\Device\HarddiskVolume13) is healthy.  No action is needed.
Information,12/30/2022 2:57:29 PM,Microsoft-Windows-WPDClassInstaller,24579,Driver Post-Install Configuration,Autoplay registration was skipped for device %1.
Information,12/30/2022 2:57:29 PM,Microsoft-Windows-WPDClassInstaller,24577,Driver Post-Install Configuration,"Media player and imaging program compatibility layers were successfully registered for device %1. Layer bits %2 were requested, layer bits %3 were registered."
Information,12/30/2022 2:57:29 PM,Microsoft-Windows-WPDClassInstaller,24576,Driver Installation,Drivers were successfully installed for device WPD Device.
Information,12/30/2022 2:57:29 PM,Microsoft-Windows-UserPnp,20003,(7005),Driver Management has concluded the process to add Service WUDFWpdFs for Device Instance ID SWD\WPDBUSENUM\{712FF9B2-87D7-11ED-BC90-D09466C309A6}#0000002575A00000 with the following status: 0.
Information,12/30/2022 2:57:28 PM,Microsoft-Windows-DriverFrameworks-UserMode,10100,Installation or update of device drivers.,The driver package installation has succeeded.
Information,12/30/2022 2:57:28 PM,Microsoft-Windows-DriverFrameworks-UserMode,10002,Installation or update of device drivers.,The UMDF service WpdFs (CLSID {112de495-ac4c-46f8-b663-6a4266c53313}) was upgraded.  It requires framework version 2.33.0 or higher.
Information,12/30/2022 2:57:28 PM,Microsoft-Windows-DriverFrameworks-UserMode,10000,Installation or update of device drivers.,A driver package which uses user-mode driver framework version 2.33.0 is being installed on device SWD\WPDBUSENUM\{712FF9B2-87D7-11ED-BC90-D09466C309A6}#0000002575A00000.
Information,12/30/2022 2:57:27 PM,Microsoft-Windows-Ntfs,98,None,Volume E: (\Device\HarddiskVolume10) is healthy.  No action is needed.
Information,12/30/2022 2:57:28 PM,Microsoft-Windows-WPDClassInstaller,24579,Driver Post-Install Configuration,Autoplay registration was skipped for device %1.
Information,12/30/2022 2:57:28 PM,Microsoft-Windows-WPDClassInstaller,24577,Driver Post-Install Configuration,"Media player and imaging program compatibility layers were successfully registered for device %1. Layer bits %2 were requested, layer bits %3 were registered."
Information,12/30/2022 2:57:28 PM,Microsoft-Windows-WPDClassInstaller,24576,Driver Installation,Drivers were successfully installed for device WPD Device.
Information,12/30/2022 2:57:27 PM,Microsoft-Windows-UserPnp,20003,(7005),Driver Management has concluded the process to add Service WUDFWpdFs for Device Instance ID SWD\WPDBUSENUM\{712FF9B2-87D7-11ED-BC90-D09466C309A6}#0000000007500000 with the following status: 0.
Information,12/30/2022 2:57:27 PM,Microsoft-Windows-DriverFrameworks-UserMode,10100,Installation or update of device drivers.,The driver package installation has succeeded.
Information,12/30/2022 2:57:27 PM,Microsoft-Windows-Ntfs,98,None,Volume \\?\Volume{762eff52-1f85-4949-962c-d21b16b9d2a7} (\Device\HarddiskVolume9) is healthy.  No action is needed.
Information,12/30/2022 2:57:27 PM,Microsoft-Windows-DriverFrameworks-UserMode,10002,Installation or update of device drivers.,The UMDF service WpdFs (CLSID {112de495-ac4c-46f8-b663-6a4266c53313}) was upgraded.  It requires framework version 2.33.0 or higher.
Information,12/30/2022 2:57:27 PM,Microsoft-Windows-DriverFrameworks-UserMode,10000,Installation or update of device drivers.,A driver package which uses user-mode driver framework version 2.33.0 is being installed on device SWD\WPDBUSENUM\{712FF9B2-87D7-11ED-BC90-D09466C309A6}#0000000007500000.
Information,12/30/2022 2:57:26 PM,Microsoft-Windows-Ntfs,98,None,Volume D: (\Device\HarddiskVolume8) is healthy.  No action is needed.
Information,12/30/2022 2:48:02 PM,Microsoft-Windows-Kernel-Power,566,(268),"The system session has transitioned from 31 to 33.

Reason InputAccelerometer 

BootId: 8"
Information,12/30/2022 2:45:57 PM,Microsoft-Windows-Kernel-Power,566,(268),"The system session has transitioned from 30 to 31.

Reason SessionUnlock 

BootId: 8"
Information,12/30/2022 2:39:29 PM,BTHUSB,18,None,Windows cannot store Bluetooth authentication codes (link keys) on the local adapter. Bluetooth keyboards might not work in the system BIOS during startup.
Warning,12/30/2022 2:32:01 PM,Microsoft-Windows-DistributedCOM,10016,None,"The machine-default permission settings do not grant Local Activation permission for the COM Server application with CLSID 
{C2F03A33-21F5-47FA-B4BB-156362A2F239}
 and APPID 
{316CDED5-E4AE-4B15-9113-7055D84DCC97}
 to the user NT AUTHORITY\LOCAL SERVICE SID (S-1-5-19) from address LocalHost (Using LRPC) running in the application container Unavailable SID (Unavailable). This security permission can be modified using the Component Services administrative tool."
Warning,12/30/2022 2:32:01 PM,Microsoft-Windows-DistributedCOM,10016,None,"The application-specific permission settings do not grant Local Activation permission for the COM Server application with CLSID 
{6B3B8D23-FA8D-40B9-8DBD-B950333E2C52}
 and APPID 
{4839DDB7-58C2-48F5-8283-E1D1807D0D7D}
 to the user NT AUTHORITY\LOCAL SERVICE SID (S-1-5-19) from address LocalHost (Using LRPC) running in the application container Unavailable SID (Unavailable). This security permission can be modified using the Component Services administrative tool."
Warning,12/30/2022 2:32:01 PM,Microsoft-Windows-DistributedCOM,10016,None,"The machine-default permission settings do not grant Local Activation permission for the COM Server application with CLSID 
{C2F03A33-21F5-47FA-B4BB-156362A2F239}
 and APPID 
{316CDED5-E4AE-4B15-9113-7055D84DCC97}
 to the user NT AUTHORITY\LOCAL SERVICE SID (S-1-5-19) from address LocalHost (Using LRPC) running in the application container Unavailable SID (Unavailable). This security permission can be modified using the Component Services administrative tool."
Warning,12/30/2022 2:32:01 PM,Microsoft-Windows-DistributedCOM,10016,None,"The application-specific permission settings do not grant Local Activation permission for the COM Server application with CLSID 
{6B3B8D23-FA8D-40B9-8DBD-B950333E2C52}
 and APPID 
{4839DDB7-58C2-48F5-8283-E1D1807D0D7D}
 to the user NT AUTHORITY\LOCAL SERVICE SID (S-1-5-19) from address LocalHost (Using LRPC) running in the application container Unavailable SID (Unavailable). This security permission can be modified using the Component Services administrative tool."
Information,12/30/2022 2:32:00 PM,BTHUSB,18,None,Windows cannot store Bluetooth authentication codes (link keys) on the local adapter. Bluetooth keyboards might not work in the system BIOS during startup.
Information,12/30/2022 1:19:41 PM,Microsoft-Windows-Kernel-Power,566,(268),"The system session has transitioned from 28 to 30.

Reason InputAccelerometer 

BootId: 8"
Information,12/30/2022 12:56:39 PM,Microsoft-Windows-Kernel-Power,566,(268),"The system session has transitioned from 27 to 28.

Reason SessionUnlock 

BootId: 8"
Information,12/30/2022 12:41:08 PM,Microsoft-Windows-Kernel-Power,566,(268),"The system session has transitioned from 25 to 27.

Reason InputPoUserPresent 

BootId: 8"
Warning,12/30/2022 12:39:33 PM,Netwtw08,6062,None,6062 - Lso was triggered
Information,12/30/2022 12:39:29 PM,Netwtw08,7021,None,7021 - Connection telemetry fields and analysis usage
Warning,12/30/2022 12:26:03 PM,Netwtw08,6062,None,6062 - Lso was triggered
Information,12/30/2022 12:24:47 PM,Microsoft-Windows-Kernel-Power,566,(268),"The system session has transitioned from 24 to 25.

Reason SessionUnlock 

BootId: 8"
Information,12/30/2022 12:23:04 PM,Netwtw08,7021,None,7021 - Connection telemetry fields and analysis usage
Information,12/30/2022 12:20:53 PM,Netwtw08,7021,None,7021 - Connection telemetry fields and analysis usage
Information,12/30/2022 12:20:49 PM,Microsoft-Windows-WLAN-AutoConfig,10001,None,"WLAN Extensibility Module has successfully started.

Module Path: C:\WINDOWS\system32\IntelIHVRouter08.dll
"
Warning,12/30/2022 12:20:49 PM,Microsoft-Windows-WLAN-AutoConfig,10002,None,"WLAN Extensibility Module has stopped.

Module Path: C:\WINDOWS\system32\IntelIHVRouter08.dll
"
Information,12/30/2022 12:20:49 PM,Netwtw08,7017,None,7017 - secure boot (SB) configuration
Information,12/30/2022 12:20:49 PM,Netwtw08,7010,None,7010 - driver enabled (miniport init)
Information,12/30/2022 12:20:49 PM,Netwtw08,7002,None,7002 - CTDP power limit value (SPLC)
Information,12/30/2022 12:20:49 PM,Netwtw08,7005,None,7005 - SAR value max TX power (WRDS)
Information,12/30/2022 12:20:49 PM,Netwtw08,7036,None,The \Device\NDMP20 service entered the Intel(R) Wireless-AC 9462 state.
Information,12/30/2022 12:20:49 PM,Netwtw08,8000,None,8000 - Miniport Halt flow (driver disable)
Warning,12/30/2022 12:20:48 PM,Microsoft-Windows-WLAN-AutoConfig,4003,None,"WLAN AutoConfig detected limited connectivity, attempting automatic recovery.

Recovery Type: 4
Error Code: 0x0
Trigger Reason: 7
IP Family: 0
"
Information,12/30/2022 12:20:32 PM,Netwtw08,7021,None,7021 - Connection telemetry fields and analysis usage
Information,12/30/2022 12:20:20 PM,Netwtw08,7021,None,7021 - Connection telemetry fields and analysis usage
Information,12/30/2022 12:20:17 PM,Netwtw08,7021,None,7021 - Connection telemetry fields and analysis usage
Information,12/30/2022 12:20:14 PM,Netwtw08,7021,None,7021 - Connection telemetry fields and analysis usage
Information,12/30/2022 12:20:07 PM,Netwtw08,7021,None,7021 - Connection telemetry fields and analysis usage
Information,12/30/2022 12:19:58 PM,Netwtw08,7021,None,7021 - Connection telemetry fields and analysis usage
Information,12/30/2022 12:19:57 PM,Netwtw08,7021,None,7021 - Connection telemetry fields and analysis usage
Information,12/30/2022 12:19:41 PM,Netwtw08,7021,None,7021 - Connection telemetry fields and analysis usage
Information,12/30/2022 12:19:37 PM,Netwtw08,7011,None,7011 - radio ON
Information,12/30/2022 12:19:36 PM,Netwtw08,7012,None,7012 - radio OFF
Information,12/30/2022 12:11:43 PM,Netwtw08,7021,None,7021 - Connection telemetry fields and analysis usage
Warning,12/30/2022 12:10:04 PM,Microsoft-Windows-DNS-Client,1014,(1014),Name resolution for the name ksn-stat-geo.kaspersky-labs.com timed out after none of the configured DNS servers responded. Client PID 3780.
Warning,12/30/2022 12:09:44 PM,Microsoft-Windows-DNS-Client,1014,(1014),Name resolution for the name s02.upd.kaspersky.com timed out after none of the configured DNS servers responded. Client PID 9972.
Information,12/30/2022 12:09:33 PM,Netwtw08,7021,None,7021 - Connection telemetry fields and analysis usage
Warning,12/30/2022 12:09:31 PM,Microsoft-Windows-DNS-Client,1014,(1014),Name resolution for the name dc1-st.ksn.kaspersky-labs.com timed out after none of the configured DNS servers responded. Client PID 9972.
Information,12/30/2022 12:09:29 PM,Microsoft-Windows-WLAN-AutoConfig,10001,None,"WLAN Extensibility Module has successfully started.

Module Path: C:\WINDOWS\system32\IntelIHVRouter08.dll
"
Warning,12/30/2022 12:09:29 PM,Microsoft-Windows-WLAN-AutoConfig,10002,None,"WLAN Extensibility Module has stopped.

Module Path: C:\WINDOWS\system32\IntelIHVRouter08.dll
"
Information,12/30/2022 12:09:29 PM,Netwtw08,7017,None,7017 - secure boot (SB) configuration
Information,12/30/2022 12:09:29 PM,Netwtw08,7010,None,7010 - driver enabled (miniport init)
Information,12/30/2022 12:09:29 PM,Netwtw08,7002,None,7002 - CTDP power limit value (SPLC)
Information,12/30/2022 12:09:29 PM,Netwtw08,7005,None,7005 - SAR value max TX power (WRDS)
Information,12/30/2022 12:09:29 PM,Netwtw08,7036,None,The \Device\NDMP17 service entered the Intel(R) Wireless-AC 9462 state.
Information,12/30/2022 12:09:29 PM,Netwtw08,8000,None,8000 - Miniport Halt flow (driver disable)
Warning,12/30/2022 12:09:28 PM,Microsoft-Windows-WLAN-AutoConfig,4003,None,"WLAN AutoConfig detected limited connectivity, attempting automatic recovery.

Recovery Type: 4
Error Code: 0x0
Trigger Reason: 7
IP Family: 0
"
Warning,12/30/2022 12:09:15 PM,Microsoft-Windows-DNS-Client,1014,(1014),Name resolution for the name alive.github.com timed out after none of the configured DNS servers responded. Client PID 14052.
Information,12/30/2022 12:09:13 PM,Netwtw08,7021,None,7021 - Connection telemetry fields and analysis usage
Warning,12/30/2022 12:09:08 PM,Microsoft-Windows-DNS-Client,1014,(1014),Name resolution for the name s03.upd.kaspersky.com timed out after none of the configured DNS servers responded. Client PID 9972.
Information,12/30/2022 12:08:56 PM,Netwtw08,7021,None,7021 - Connection telemetry fields and analysis usage
Information,12/30/2022 12:07:46 PM,Microsoft-Windows-Kernel-Power,566,(268),"The system session has transitioned from 22 to 24.

Reason AcDcBurst 

BootId: 8"
Information,12/30/2022 12:07:45 PM,Microsoft-Windows-Kernel-Power,105,(100),Power source change.
Information,12/30/2022 12:07:45 PM,Microsoft-Windows-Kernel-Power,566,(268),"The system session has transitioned from 21 to 22.

Reason SessionUnlock 

BootId: 8"
Information,12/30/2022 12:07:39 PM,Microsoft-Windows-Kernel-Power,105,(100),Power source change.
Information,12/30/2022 12:04:39 PM,Microsoft-Windows-Kernel-Power,566,(268),"The system session has transitioned from 19 to 21.

Reason InputAccelerometer 

BootId: 8"
Information,12/30/2022 12:04:08 PM,Microsoft-Windows-Kernel-Power,566,(268),"The system session has transitioned from 18 to 19.

Reason SessionUnlock 

BootId: 8"
Information,12/30/2022 12:00:00 PM,EventLog,6013,None,The system uptime is 52908 seconds.
Warning,12/30/2022 11:55:09 AM,Microsoft-Windows-DistributedCOM,10016,None,"The application-specific permission settings do not grant Local Activation permission for the COM Server application with CLSID 
{2593F8B9-4EAF-457C-B68A-50F6B8EA6B54}
 and APPID 
{15C20B67-12E7-4BB6-92BB-7AFF07997402}
 to the user Saezo\OzeasSantos SID (S-1-5-21-2173426690-2103480400-3118651004-1001) from address LocalHost (Using LRPC) running in the application container Unavailable SID (Unavailable). This security permission can be modified using the Component Services administrative tool."
Warning,12/30/2022 11:55:09 AM,Microsoft-Windows-DistributedCOM,10016,None,"The application-specific permission settings do not grant Local Activation permission for the COM Server application with CLSID 
{2593F8B9-4EAF-457C-B68A-50F6B8EA6B54}
 and APPID 
{15C20B67-12E7-4BB6-92BB-7AFF07997402}
 to the user Saezo\OzeasSantos SID (S-1-5-21-2173426690-2103480400-3118651004-1001) from address LocalHost (Using LRPC) running in the application container Unavailable SID (Unavailable). This security permission can be modified using the Component Services administrative tool."
Information,12/30/2022 10:37:47 AM,Volsnap,33,None,The oldest shadow copy of volume C: was deleted to keep disk space usage for shadow copies of volume C: below the user defined limit.
Warning,12/30/2022 10:33:06 AM,Microsoft-Windows-DistributedCOM,10016,None,"The application-specific permission settings do not grant Local Activation permission for the COM Server application with CLSID 
{2593F8B9-4EAF-457C-B68A-50F6B8EA6B54}
 and APPID 
{15C20B67-12E7-4BB6-92BB-7AFF07997402}
 to the user Saezo\OzeasSantos SID (S-1-5-21-2173426690-2103480400-3118651004-1001) from address LocalHost (Using LRPC) running in the application container Unavailable SID (Unavailable). This security permission can be modified using the Component Services administrative tool."
Information,12/30/2022 10:29:46 AM,Microsoft-Windows-Ntfs,98,None,Volume ?? (\Device\HarddiskVolumeShadowCopy8) is healthy.  No action is needed.
Information,12/30/2022 9:58:54 AM,Microsoft-Windows-Kernel-Power,566,(268),"The system session has transitioned from 16 to 18.

Reason InputAccelerometer 

BootId: 8"
Information,12/30/2022 9:58:47 AM,Microsoft-Windows-Kernel-Power,566,(268),"The system session has transitioned from 15 to 16.

Reason SessionUnlock 

BootId: 8"
Information,12/30/2022 9:50:37 AM,Microsoft-Windows-Kernel-General,1,(5),"The system time has changed to ‎2022‎-‎12‎-‎30T12:50:37.482887800Z from ‎2022‎-‎12‎-‎30T12:50:37.482295700Z.
Time Delta: 0 ms

Change Reason: An application or system component changed the time.
Process: '\Device\HarddiskVolume3\Windows\System32\svchost.exe' (PID 8644).

RTC time: ‎2022‎-‎12‎-‎30T09:50:37.482887800Z
Current time zone bias: 180
RTC time is in UTC: false
System time was based on RTC time: false"
Information,12/30/2022 9:50:37 AM,Microsoft-Windows-Kernel-General,24,(11),The time zone information was refreshed with exit reason 0. Current time zone bias is 180.
Information,12/30/2022 9:50:37 AM,Microsoft-Windows-Kernel-General,1,(5),"The system time has changed to ‎2022‎-‎12‎-‎30T12:50:37.480674000Z from ‎2022‎-‎12‎-‎30T12:50:37.480364500Z.
Time Delta: 0 ms

Change Reason: An application or system component changed the time.
Process: '\Device\HarddiskVolume3\Windows\System32\svchost.exe' (PID 8644).

RTC time: ‎2022‎-‎12‎-‎30T09:50:37.480674000Z
Current time zone bias: 180
RTC time is in UTC: false
System time was based on RTC time: false"
Information,12/30/2022 9:50:37 AM,Microsoft-Windows-Kernel-General,24,(11),The time zone information was refreshed with exit reason 0. Current time zone bias is 180.
Information,12/30/2022 9:50:37 AM,Microsoft-Windows-Time-Service,35,None,"The time service is now synchronizing the system time with the time source time.windows.com,0x9 (ntp.m|0x9|0.0.0.0:123->40.119.6.228:123) with reference id 3825628968. Current local stratum number is 4."
Information,12/30/2022 9:50:37 AM,Microsoft-Windows-Kernel-General,1,(5),"The system time has changed to ‎2022‎-‎12‎-‎30T12:50:37.479732700Z from ‎2022‎-‎12‎-‎30T12:50:36.231781600Z.
Time Delta: 1247 ms

Change Reason: An application or system component changed the time.
Process: '\Device\HarddiskVolume3\Windows\System32\svchost.exe' (PID 8644).

RTC time: ‎2022‎-‎12‎-‎30T09:50:37.479732700Z
Current time zone bias: 180
RTC time is in UTC: false
System time was based on RTC time: false"
Information,12/30/2022 9:50:37 AM,Microsoft-Windows-Kernel-General,24,(11),The time zone information was refreshed with exit reason 0. Current time zone bias is 180.
Information,12/30/2022 9:50:36 AM,Microsoft-Windows-Time-Service,37,None,"The time provider NtpClient is currently receiving valid time data from time.windows.com,0x9 (ntp.m|0x9|0.0.0.0:123->40.119.6.228:123)."
Information,12/30/2022 9:39:14 AM,Microsoft-Windows-Kernel-Power,566,(268),"The system session has transitioned from 13 to 15.

Reason InputAccelerometer 

BootId: 8"
Information,12/30/2022 9:38:41 AM,Microsoft-Windows-Kernel-Power,566,(268),"The system session has transitioned from 12 to 13.

Reason SessionUnlock 

BootId: 8"
Information,12/30/2022 8:30:24 AM,Volsnap,33,None,The oldest shadow copy of volume C: was deleted to keep disk space usage for shadow copies of volume C: below the user defined limit.
Warning,12/30/2022 7:46:14 AM,Microsoft-Windows-DistributedCOM,10016,None,"The application-specific permission settings do not grant Local Activation permission for the COM Server application with CLSID 
{2593F8B9-4EAF-457C-B68A-50F6B8EA6B54}
 and APPID 
{15C20B67-12E7-4BB6-92BB-7AFF07997402}
 to the user Saezo\OzeasSantos SID (S-1-5-21-2173426690-2103480400-3118651004-1001) from address LocalHost (Using LRPC) running in the application container Unavailable SID (Unavailable). This security permission can be modified using the Component Services administrative tool."
Warning,12/30/2022 7:43:48 AM,Microsoft-Windows-DistributedCOM,10016,None,"The application-specific permission settings do not grant Local Activation permission for the COM Server application with CLSID 
{2593F8B9-4EAF-457C-B68A-50F6B8EA6B54}
 and APPID 
{15C20B67-12E7-4BB6-92BB-7AFF07997402}
 to the user Saezo\OzeasSantos SID (S-1-5-21-2173426690-2103480400-3118651004-1001) from address LocalHost (Using LRPC) running in the application container Unavailable SID (Unavailable). This security permission can be modified using the Component Services administrative tool."
Warning,12/30/2022 7:43:28 AM,Microsoft-Windows-DistributedCOM,10016,None,"The application-specific permission settings do not grant Local Activation permission for the COM Server application with CLSID 
{2593F8B9-4EAF-457C-B68A-50F6B8EA6B54}
 and APPID 
{15C20B67-12E7-4BB6-92BB-7AFF07997402}
 to the user Saezo\OzeasSantos SID (S-1-5-21-2173426690-2103480400-3118651004-1001) from address LocalHost (Using LRPC) running in the application container Unavailable SID (Unavailable). This security permission can be modified using the Component Services administrative tool."
Information,12/30/2022 7:43:25 AM,Volsnap,33,None,The oldest shadow copy of volume C: was deleted to keep disk space usage for shadow copies of volume C: below the user defined limit.
Warning,12/30/2022 7:42:38 AM,Microsoft-Windows-DistributedCOM,10016,None,"The application-specific permission settings do not grant Local Activation permission for the COM Server application with CLSID 
{2593F8B9-4EAF-457C-B68A-50F6B8EA6B54}
 and APPID 
{15C20B67-12E7-4BB6-92BB-7AFF07997402}
 to the user Saezo\OzeasSantos SID (S-1-5-21-2173426690-2103480400-3118651004-1001) from address LocalHost (Using LRPC) running in the application container Unavailable SID (Unavailable). This security permission can be modified using the Component Services administrative tool."
Warning,12/30/2022 7:40:53 AM,Microsoft-Windows-DistributedCOM,10016,None,"The application-specific permission settings do not grant Local Activation permission for the COM Server application with CLSID 
{2593F8B9-4EAF-457C-B68A-50F6B8EA6B54}
 and APPID 
{15C20B67-12E7-4BB6-92BB-7AFF07997402}
 to the user Saezo\OzeasSantos SID (S-1-5-21-2173426690-2103480400-3118651004-1001) from address LocalHost (Using LRPC) running in the application container Unavailable SID (Unavailable). This security permission can be modified using the Component Services administrative tool."
Information,12/30/2022 7:36:23 AM,Microsoft-Windows-Kernel-Power,566,(268),"The system session has transitioned from 10 to 12.

Reason InputHid 

BootId: 8"
Information,12/30/2022 7:30:25 AM,Microsoft-Windows-Kernel-Power,566,(268),"The system session has transitioned from 9 to 10.

Reason SessionUnlock 

BootId: 8"
Warning,12/30/2022 7:29:25 AM,Netwtw08,6062,None,6062 - Lso was triggered
Warning,12/30/2022 7:29:24 AM,rt640x64,1,None,Realtek PCIe GbE Family Controller is disconnected from network.
Information,12/30/2022 7:29:23 AM,Microsoft-Windows-Power-Troubleshooter,1,None,"The system has returned from a low power state.

Sleep Time: ‎2022‎-‎12‎-‎30T06:39:13.095566200Z
Wake Time: ‎2022‎-‎12‎-‎30T10:29:21.131423200Z

Wake Source: Power Button"
Information,12/30/2022 7:29:21 AM,Microsoft-Windows-Kernel-Power,566,(268),"The system session has transitioned from 7 to 9.

Reason Unknown 

BootId: 8"
Information,12/30/2022 7:29:21 AM,Netwtw08,7021,None,7021 - Connection telemetry fields and analysis usage
Information,12/30/2022 7:29:20 AM,Microsoft-Windows-Kernel-Power,566,(268),"The system session has transitioned from 6 to 7.

Reason SxTransition 

BootId: 8"
Information,12/30/2022 7:29:20 AM,Netwtw08,7026,None,7026 - Dump after return from D3 after cmd
Information,12/30/2022 7:29:20 AM,Netwtw08,7025,None,7025 - Dump after return from D3 before cmd 
Information,12/30/2022 7:29:20 AM,Microsoft-Windows-Kernel-Power,131,(33),"Firmware S3 times. ResumeCount: 1, FullResume: 1290, AverageResume: 1290"
Information,12/30/2022 7:29:20 AM,Microsoft-Windows-Kernel-General,1,(5),"The system time has changed to ‎2022‎-‎12‎-‎30T10:29:20.500000000Z from ‎2022‎-‎12‎-‎30T06:39:14.373071600Z.
Time Delta: 13806126 ms

Change Reason: System time synchronized with the hardware clock.
Process: '' (PID 4).

RTC time: ‎2022‎-‎12‎-‎30T07:29:20.500000000Z
Current time zone bias: 180
RTC time is in UTC: false
System time was based on RTC time: false"
Information,12/30/2022 3:39:14 AM,Microsoft-Windows-Kernel-Power,107,(102),The system has resumed from sleep.
Information,12/30/2022 3:39:13 AM,Microsoft-Windows-Kernel-Power,42,(64),"The system is entering sleep.

Sleep Reason: System Idle"
Information,12/30/2022 3:39:13 AM,Microsoft-Windows-Kernel-Power,566,(268),"The system session has transitioned from 4 to 6.

Reason SxTransition 

BootId: 8"
Information,12/30/2022 1:52:59 AM,Microsoft-Windows-Time-Service,158,None,The time provider 'VMICTimeProvider' has indicated that the current hardware and operating environment is not supported and has stopped. This behavior is expected for VMICTimeProvider on non-HyperV-guest environments. This may be the expected behavior for the current provider in the current operating environment as well.
Information,12/30/2022 1:35:55 AM,Microsoft-Windows-Time-Service,158,None,The time provider 'VMICTimeProvider' has indicated that the current hardware and operating environment is not supported and has stopped. This behavior is expected for VMICTimeProvider on non-HyperV-guest environments. This may be the expected behavior for the current provider in the current operating environment as well.
Information,12/30/2022 1:18:51 AM,Microsoft-Windows-Time-Service,158,None,The time provider 'VMICTimeProvider' has indicated that the current hardware and operating environment is not supported and has stopped. This behavior is expected for VMICTimeProvider on non-HyperV-guest environments. This may be the expected behavior for the current provider in the current operating environment as well.
Information,12/30/2022 1:01:47 AM,Microsoft-Windows-Time-Service,158,None,The time provider 'VMICTimeProvider' has indicated that the current hardware and operating environment is not supported and has stopped. This behavior is expected for VMICTimeProvider on non-HyperV-guest environments. This may be the expected behavior for the current provider in the current operating environment as well.
Error,12/30/2022 12:44:45 AM,Microsoft-Windows-LanguagePackSetup,1042,Removing language pack,You cannot uninstall language pt-BR because the language is the system installed UI language.
Information,12/30/2022 12:44:41 AM,Volsnap,33,None,The oldest shadow copy of volume C: was deleted to keep disk space usage for shadow copies of volume C: below the user defined limit.
Information,12/30/2022 12:44:28 AM,Microsoft-Windows-Time-Service,37,None,"The time provider NtpClient is currently receiving valid time data from time.windows.com,0x9 (ntp.m|0x9|0.0.0.0:123->40.119.6.228:123)."
Information,12/30/2022 12:44:27 AM,Microsoft-Windows-Time-Service,158,None,The time provider 'VMICTimeProvider' has indicated that the current hardware and operating environment is not supported and has stopped. This behavior is expected for VMICTimeProvider on non-HyperV-guest environments. This may be the expected behavior for the current provider in the current operating environment as well.
Information,12/30/2022 12:43:55 AM,Microsoft-Windows-Kernel-Power,566,(268),"The system session has transitioned from 3 to 4.

Reason SessionUnlock 

BootId: 8"
Information,12/30/2022 12:38:27 AM,Microsoft-Windows-Ntfs,98,None,Volume ?? (\Device\HarddiskVolumeShadowCopy7) is healthy.  No action is needed.
Warning,12/29/2022 11:54:16 PM,Microsoft-Windows-DistributedCOM,10016,None,"The application-specific permission settings do not grant Local Activation permission for the COM Server application with CLSID 
{2593F8B9-4EAF-457C-B68A-50F6B8EA6B54}
 and APPID 
{15C20B67-12E7-4BB6-92BB-7AFF07997402}
 to the user Saezo\OzeasSantos SID (S-1-5-21-2173426690-2103480400-3118651004-1001) from address LocalHost (Using LRPC) running in the application container Unavailable SID (Unavailable). This security permission can be modified using the Component Services administrative tool."
Warning,12/29/2022 11:52:32 PM,Microsoft-Windows-DistributedCOM,10016,None,"The application-specific permission settings do not grant Local Activation permission for the COM Server application with CLSID 
{2593F8B9-4EAF-457C-B68A-50F6B8EA6B54}
 and APPID 
{15C20B67-12E7-4BB6-92BB-7AFF07997402}
 to the user Saezo\OzeasSantos SID (S-1-5-21-2173426690-2103480400-3118651004-1001) from address LocalHost (Using LRPC) running in the application container Unavailable SID (Unavailable). This security permission can be modified using the Component Services administrative tool."
Information,12/29/2022 11:43:41 PM,Microsoft-Windows-Kernel-Power,566,(268),"The system session has transitioned from 1 to 3.

Reason InputHid 

BootId: 8"
Information,12/29/2022 11:11:02 PM,Service Control Manager,7040,None,The start type of the DBUtilDrv2 Service service was changed from demand start to disabled.
Information,12/29/2022 11:11:02 PM,Service Control Manager,7045,None,"A service was installed in the system.

Service Name:  DBUtilDrv2 Service
Service File Name:  \SystemRoot\System32\drivers\DBUtilDrv2.sys
Service Type:  kernel mode driver
Service Start Type:  demand start
Service Account:  "
Information,12/29/2022 11:10:54 PM,Service Control Manager,7040,None,The start type of the Background Intelligent Transfer Service service was changed from demand start to auto start.
Information,12/29/2022 10:55:31 PM,Service Control Manager,7040,None,The start type of the Background Intelligent Transfer Service service was changed from auto start to demand start.
Information,12/29/2022 10:51:27 PM,Service Control Manager,7040,None,The start type of the Background Intelligent Transfer Service service was changed from demand start to auto start.
Information,12/29/2022 10:25:31 PM,Service Control Manager,7040,None,The start type of the Background Intelligent Transfer Service service was changed from auto start to demand start.
Information,12/29/2022 10:25:18 PM,Microsoft-Windows-WindowsUpdateClient,19,Windows Update Agent,Installation Successful: Windows successfully installed the following update: 9PLFNLNT3G5G-AppUp.IntelGraphicsExperience
Information,12/29/2022 10:25:18 PM,Microsoft-Windows-WindowsUpdateClient,43,Windows Update Agent,Installation Started: Windows has started installing the following update: 9PLFNLNT3G5G-AppUp.IntelGraphicsExperience
Information,12/29/2022 10:25:18 PM,Microsoft-Windows-WindowsUpdateClient,44,Windows Update Agent,Windows Update started downloading an update.
Information,12/29/2022 10:21:27 PM,Service Control Manager,7040,None,The start type of the Background Intelligent Transfer Service service was changed from demand start to auto start.
Information,12/29/2022 9:55:31 PM,Service Control Manager,7040,None,The start type of the Background Intelligent Transfer Service service was changed from auto start to demand start.
Information,12/29/2022 9:51:27 PM,Service Control Manager,7040,None,The start type of the Background Intelligent Transfer Service service was changed from demand start to auto start.
Warning,12/29/2022 9:38:22 PM,Netwtw08,6062,None,6062 - Lso was triggered
Information,12/29/2022 9:38:17 PM,Netwtw08,7021,None,7021 - Connection telemetry fields and analysis usage
Information,12/29/2022 9:38:14 PM,Microsoft-Windows-WLAN-AutoConfig,10001,None,"WLAN Extensibility Module has successfully started.

Module Path: C:\WINDOWS\system32\IntelIHVRouter08.dll
"
Warning,12/29/2022 9:38:14 PM,Microsoft-Windows-WLAN-AutoConfig,10002,None,"WLAN Extensibility Module has stopped.

Module Path: C:\WINDOWS\system32\IntelIHVRouter08.dll
"
Information,12/29/2022 9:38:13 PM,Netwtw08,7017,None,7017 - secure boot (SB) configuration
Information,12/29/2022 9:38:13 PM,Netwtw08,7010,None,7010 - driver enabled (miniport init)
Information,12/29/2022 9:38:13 PM,Netwtw08,7002,None,7002 - CTDP power limit value (SPLC)
Information,12/29/2022 9:38:13 PM,Netwtw08,7005,None,7005 - SAR value max TX power (WRDS)
Information,12/29/2022 9:38:13 PM,Netwtw08,7036,None,The \Device\NDMP6 service entered the Intel(R) Wireless-AC 9462 state.
Information,12/29/2022 9:38:13 PM,Netwtw08,8000,None,8000 - Miniport Halt flow (driver disable)
Warning,12/29/2022 9:38:13 PM,Microsoft-Windows-WLAN-AutoConfig,4003,None,"WLAN AutoConfig detected limited connectivity, attempting automatic recovery.

Recovery Type: 4
Error Code: 0x0
Trigger Reason: 1
IP Family: 0
"
Information,12/29/2022 9:37:57 PM,Netwtw08,7021,None,7021 - Connection telemetry fields and analysis usage
Information,12/29/2022 9:31:17 PM,Service Control Manager,7040,None,The start type of the Background Intelligent Transfer Service service was changed from auto start to demand start.
Information,12/29/2022 9:29:13 PM,Service Control Manager,7040,None,The start type of the Background Intelligent Transfer Service service was changed from demand start to auto start.
