Information,12/26/2022 10:38:52 AM,Microsoft-Windows-Kernel-Power,125,(86),"ACPI thermal zone \_TZ.THM has been enumerated.             
_PSV = 0K             
_TC1 = 0             
_TC2 = 0             
_TSP = 0ms             
_AC0 = 0K             
_AC1 = 0K             
_AC2 = 0K             
_AC3 = 0K             
_AC4 = 0K             
_AC5 = 0K             
_AC6 = 0K             
_AC7 = 0K             
_AC8 = 0K             
_AC9 = 0K             
_CRT = 380K             
_HOT = 0K             
minimum throttle = 0             
_CR3 = 0K"
Information,12/26/2022 10:38:52 AM,Microsoft-Windows-FilterManager,6,None,"File System Filter 'npsvctrig' (10.0, ‎1979‎-‎12‎-‎19T13:12:41.000000000Z) has successfully loaded and registered with Filter Manager."
Information,12/26/2022 10:38:52 AM,Microsoft-Windows-FilterManager,6,None,"File System Filter 'KLIF' (10.0, ‎2021‎-‎12‎-‎18T13:18:52.000000000Z) has successfully loaded and registered with Filter Manager."
Information,12/26/2022 10:38:52 AM,Microsoft-Windows-FilterManager,6,None,"File System Filter 'FileCrypt' (10.0, ‎1983‎-‎08‎-‎18T23:58:35.000000000Z) has successfully loaded and registered with Filter Manager."
Information,12/26/2022 10:38:52 AM,Microsoft-Windows-FilterManager,6,None,"File System Filter 'klbackupflt' (10.0, ‎2021‎-‎12‎-‎18T13:18:09.000000000Z) has successfully loaded and registered with Filter Manager."
Information,12/26/2022 10:38:52 AM,Microsoft-Windows-Ntfs,98,None,Volume C: (\Device\HarddiskVolume3) is healthy.  No action is needed.
Information,12/26/2022 10:38:52 AM,Microsoft-Windows-Ntfs,98,None,Volume \\?\Volume{3fc1266c-7817-49fd-6819-d824fc96eb1a} (\Device\HarddiskVolume5) is healthy.  No action is needed.
Information,12/26/2022 10:38:52 AM,Microsoft-Windows-FilterManager,6,None,"File System Filter 'Wof' (10.0, ‎2013‎-‎07‎-‎23T22:08:12.000000000Z) has successfully loaded and registered with Filter Manager."
Information,12/26/2022 10:38:52 AM,Microsoft-Windows-FilterManager,6,None,"File System Filter 'FileInfo' (10.0, ‎2079‎-‎02‎-‎26T19:03:00.000000000Z) has successfully loaded and registered with Filter Manager."
Information,12/26/2022 10:38:51 AM,Microsoft-Windows-HAL,16,None,The iommu fault reporting has been initialized.
Information,12/26/2022 10:38:51 AM,Microsoft-Windows-Kernel-General,20,(6),"The leap second configuration has been updated.
Reason: Leap second data initialized from registry during boot
Leap seconds enabled: true
New leap second count: 0
Old leap second count: 0"
Information,12/26/2022 10:38:51 AM,Microsoft-Windows-Kernel-Boot,30,(21),The firmware reported boot metrics.
Information,12/26/2022 10:38:51 AM,Microsoft-Windows-Kernel-Boot,32,(58),The bootmgr spent 0 ms waiting for user input.
Information,12/26/2022 10:38:51 AM,Microsoft-Windows-Kernel-Boot,18,(57),There are 0x1 boot options on this system.
Information,12/26/2022 10:38:51 AM,Microsoft-Windows-Kernel-Boot,27,(33),The boot type was 0x0.
Information,12/26/2022 10:38:51 AM,Microsoft-Windows-Kernel-Boot,25,(32),The boot menu policy was 0x1.
Information,12/26/2022 10:38:51 AM,Microsoft-Windows-Kernel-Boot,238,(101),EFI time zone bias: 2047. Daylight flags: 0. Firmware time: ‎2022‎-‎12‎-‎26T10:38:49.000000000Z.
Information,12/26/2022 10:38:51 AM,Microsoft-Windows-Kernel-Boot,20,(31),The last shutdown's success status was true. The last boot's success status was true.
Information,12/26/2022 10:38:51 AM,Microsoft-Windows-Kernel-Boot,153,(62),Virtualization-based security (policies: 0) is disabled.
Information,12/26/2022 10:38:51 AM,Microsoft-Windows-Kernel-General,12,(1),The operating system started at system time ‎2022‎-‎12‎-‎26T13:38:50.500000000Z.
Information,12/26/2022 10:38:41 AM,Microsoft-Windows-Kernel-General,13,(2),The operating system is shutting down at system time ‎2022‎-‎12‎-‎26T13:38:41.875148300Z.
Information,12/26/2022 10:38:41 AM,Microsoft-Windows-Kernel-Power,577,(280),The system has prepared for a system initiated reboot from Active.
Information,12/26/2022 10:38:40 AM,Microsoft-Windows-Kernel-Power,109,(103),"The kernel power manager has initiated a shutdown transition.

Action: Power Action Reboot 
Event Code: 0x0 
Reason: Kernel API"
Information,12/26/2022 10:38:36 AM,Microsoft-Windows-WLAN-AutoConfig,4001,None,"WLAN AutoConfig service has successfully stopped.
"
Warning,12/26/2022 10:38:36 AM,Microsoft-Windows-WLAN-AutoConfig,10002,None,"WLAN Extensibility Module has stopped.

Module Path: C:\WINDOWS\system32\IntelIHVRouter08.dll
"
Information,12/26/2022 10:38:59 AM,EventLog,6013,None,The system uptime is 9 seconds.
Information,12/26/2022 10:38:59 AM,EventLog,6005,None,The Event log service was started.
Information,12/26/2022 10:38:59 AM,EventLog,6009,None,Microsoft (R) Windows (R) 10.00. 22621  Multiprocessor Free.
Information,12/26/2022 10:38:35 AM,Microsoft-Windows-Dhcp-Client,50037,Service State Event,DHCPv4 client service is stopped. ShutDown Flag value is 1
Information,12/26/2022 10:38:35 AM,Microsoft-Windows-Dhcp-Client,50106,Service State Event,DHCPv4 is waiting on DHCPv6 service to stop
Information,12/26/2022 10:38:35 AM,Microsoft-Windows-DHCPv6-Client,51057,Service State Event,DHCPv6 client service stop is almost done.DHCP Context Ref count is 1
Information,12/26/2022 10:38:35 AM,Microsoft-Windows-DHCPv6-Client,51047,Service State Event,DHCPv6 client service is stopped. ShutDown Flag value is 1
Information,12/26/2022 10:38:35 AM,Microsoft-Windows-Dhcp-Client,50105,Service State Event,DHCPv4 client ProcessDHCPRequestForever received TERMINATE_EVENT
Information,12/26/2022 10:38:35 AM,Microsoft-Windows-Dhcp-Client,50104,Service State Event,DHCPv4 client received shutdown notification
Information,12/26/2022 10:38:36 AM,EventLog,6006,None,The Event log service was stopped.
Information,12/26/2022 10:38:30 AM,Microsoft-Windows-HttpService,114,HTTP Configuration Property Trace Task,"Removed URL (http://*:2869/upnp/eventing/) from URL group (0xFE00000120000001). Process Id 0xBF0 Executable path \Device\HarddiskVolume3\Windows\System32\svchost.exe, User LOCAL SERVICE"
Information,12/26/2022 10:38:30 AM,Microsoft-Windows-Winlogon,7002,(1102),User Logoff Notification for Customer Experience Improvement Program
Information,12/26/2022 10:38:16 AM,Volsnap,33,None,The oldest shadow copy of volume C: was deleted to keep disk space usage for shadow copies of volume C: below the user defined limit.
Information,12/26/2022 10:38:13 AM,Service Control Manager,7040,None,The start type of the Intel(R) Content Protection HECI Service service was changed from demand start to auto start.
Warning,12/26/2022 10:36:21 AM,Microsoft-Windows-DistributedCOM,10016,None,"The application-specific permission settings do not grant Local Activation permission for the COM Server application with CLSID 
{2593F8B9-4EAF-457C-B68A-50F6B8EA6B54}
 and APPID 
{15C20B67-12E7-4BB6-92BB-7AFF07997402}
 to the user Saezo\OzeasSantos SID (S-1-5-21-2173426690-2103480400-3118651004-1001) from address LocalHost (Using LRPC) running in the application container Unavailable SID (Unavailable). This security permission can be modified using the Component Services administrative tool."
Warning,12/26/2022 10:36:19 AM,Microsoft-Windows-DistributedCOM,10016,None,"The application-specific permission settings do not grant Local Activation permission for the COM Server application with CLSID 
{2593F8B9-4EAF-457C-B68A-50F6B8EA6B54}
 and APPID 
{15C20B67-12E7-4BB6-92BB-7AFF07997402}
 to the user Saezo\OzeasSantos SID (S-1-5-21-2173426690-2103480400-3118651004-1001) from address LocalHost (Using LRPC) running in the application container Unavailable SID (Unavailable). This security permission can be modified using the Component Services administrative tool."
Information,12/26/2022 10:35:08 AM,Microsoft-Windows-Kernel-Power,566,(268),"The system session has transitioned from 11 to 13.

Reason InputPoUserPresent 

BootId: 5"
Information,12/26/2022 10:34:41 AM,Microsoft-Windows-Kernel-Power,566,(268),"The system session has transitioned from 10 to 11.

Reason SessionUnlock 

BootId: 5"
Information,12/26/2022 10:22:16 AM,Microsoft-Windows-Ntfs,98,None,Volume ?? (\Device\HarddiskVolumeShadowCopy5) is healthy.  No action is needed.
Information,12/26/2022 10:15:19 AM,Microsoft-Windows-HttpService,113,HTTP Configuration Property Trace Task,"Attempted to add URL (http://*:2869/upnp/eventing/) to URL group (0xFE00000120000001). Status: 0x0. Process Id 0xBF0 Executable path \Device\HarddiskVolume3\Windows\System32\svchost.exe, User LOCAL SERVICE"
Information,12/26/2022 10:15:19 AM,Microsoft-Windows-HttpService,114,HTTP Configuration Property Trace Task,"Removed URL (http://*:2869/upnp/eventing/) from URL group (0xFC00000020000001). Process Id 0xBF0 Executable path \Device\HarddiskVolume3\Windows\System32\svchost.exe, User LOCAL SERVICE"
Information,12/26/2022 10:15:19 AM,Microsoft-Windows-HttpService,113,HTTP Configuration Property Trace Task,"Attempted to add URL (http://*:2869/upnp/eventing/) to URL group (0xFC00000020000001). Status: 0x0. Process Id 0xBF0 Executable path \Device\HarddiskVolume3\Windows\System32\svchost.exe, User LOCAL SERVICE"
Warning,12/26/2022 10:07:01 AM,Netwtw08,6062,None,6062 - Lso was triggered
Warning,12/26/2022 10:06:48 AM,rt640x64,1,None,Realtek PCIe GbE Family Controller is disconnected from network.
Information,12/26/2022 10:06:47 AM,Microsoft-Windows-Winlogon,7001,(1101),User Logon Notification for Customer Experience Improvement Program
Information,12/26/2022 10:06:47 AM,Microsoft-Windows-Power-Troubleshooter,1,None,"The system has returned from a low power state.

Sleep Time: ‎2022‎-‎12‎-‎26T04:07:52.015874700Z
Wake Time: ‎2022‎-‎12‎-‎26T13:06:46.106254500Z

Wake Source: Unknown"
Information,12/26/2022 10:06:46 AM,Microsoft-Windows-Ntfs,98,None,Volume \\?\Volume{3fc1266c-7817-49fd-6819-d824fc96eb1a} (\Device\HarddiskVolume5) is healthy.  No action is needed.
Information,12/26/2022 10:06:46 AM,Netwtw08,7021,None,7021 - Connection telemetry fields and analysis usage
Information,12/26/2022 10:06:46 AM,Microsoft-Windows-Kernel-Power,566,(268),"The system session has transitioned from 8 to 10.

Reason Unknown 

BootId: 5"
Information,12/26/2022 10:06:46 AM,Microsoft-Windows-HttpService,114,HTTP Configuration Property Trace Task,"Removed URL (http://*:2869/upnp/eventing/) from URL group (0xFE00000620000001). Process Id 0xBF0 Executable path \Device\HarddiskVolume3\Windows\System32\svchost.exe, User LOCAL SERVICE"
Information,12/26/2022 10:06:46 AM,Microsoft-Windows-Kernel-Power,566,(268),"The system session has transitioned from 7 to 8.

Reason SxTransition 

BootId: 5"
Information,12/26/2022 10:06:45 AM,Microsoft-Windows-Kernel-Boot,32,(58),The bootmgr spent 0 ms waiting for user input.
Information,12/26/2022 10:06:45 AM,Microsoft-Windows-Kernel-Boot,18,(57),There are 0x1 boot options on this system.
Information,12/26/2022 10:06:45 AM,Microsoft-Windows-Kernel-Boot,30,(21),The firmware reported boot metrics.
Information,12/26/2022 10:06:45 AM,Netwtw08,7025,None,7025 - Dump after return from D3 before cmd 
Information,12/26/2022 10:06:45 AM,Microsoft-Windows-Kernel-General,1,(5),"The system time has changed to ‎2022‎-‎12‎-‎26T13:06:45.500000000Z from ‎2022‎-‎12‎-‎26T04:07:53.905764600Z.
Time Delta: 32331594 ms

Change Reason: System time synchronized with the hardware clock.
Process: '' (PID 4).

RTC time: ‎2022‎-‎12‎-‎26T10:06:45.500000000Z
Current time zone bias: 180
RTC time is in UTC: false
System time was based on RTC time: false"
Information,12/26/2022 1:07:53 AM,Microsoft-Windows-Kernel-Power,107,(102),The system has resumed from sleep.
Information,12/26/2022 1:07:52 AM,Microsoft-Windows-Kernel-Power,42,(64),"The system is entering sleep.

Sleep Reason: Application API"
Information,12/26/2022 1:07:52 AM,Microsoft-Windows-Kernel-Power,566,(268),"The system session has transitioned from 6 to 7.

Reason InputAccelerometer 

BootId: 5"
Information,12/26/2022 1:07:52 AM,Microsoft-Windows-Kernel-Power,187,(243),User-mode process attempted to change the system state by calling SetSuspendState or SetSystemPowerState APIs.
Information,12/26/2022 1:07:51 AM,Win32k,267,None,Touch/Touchpad Hardware Quality Assurance verification succeeded.
Information,12/26/2022 1:07:51 AM,Microsoft-Windows-Winlogon,7002,(1102),User Logoff Notification for Customer Experience Improvement Program
Information,12/26/2022 1:07:50 AM,User32,1074,None,"The process C:\Windows\System32\RuntimeBroker.exe (SAEZO) has initiated the power off of computer SAEZO on behalf of user Saezo\OzeasSantos for the following reason: Other (Unplanned)
 Reason Code: 0x0
 Shutdown Type: power off
 Comment: "
Information,12/26/2022 1:07:41 AM,Microsoft-Windows-Ntfs,98,None,Volume ?? (\Device\HarddiskVolumeShadowCopy4) is healthy.  No action is needed.
Information,12/26/2022 1:06:55 AM,Microsoft-Windows-Kernel-Power,566,(268),"The system session has transitioned from 4 to 6.

Reason InputAccelerometer 

BootId: 5"
Information,12/26/2022 12:22:00 AM,Service Control Manager,7045,None,"A service was installed in the system.

Service Name:  Dell SupportAssist Remediation
Service File Name:  ""C:\Program Files\Dell\SARemediation\agent\DellSupportAssistRemedationService.exe""
Service Type:  user mode service
Service Start Type:  auto start
Service Account:  LocalSystem"
Information,12/26/2022 12:21:20 AM,Microsoft-Windows-Kernel-General,15,(10),Hive \??\C:\WINDOWS\TEMP\_TmpHive_15e54c85-17c4-49a6-bb44-213a90b01d06 was reorganized with a starting size of 14368768 bytes and an ending size of 13496320 bytes.
Information,12/26/2022 12:20:52 AM,Microsoft-Windows-Kernel-General,15,(10),Hive \??\C:\ProgramData\Dell\SARemediation\plugin\SosWimUpdate-20221226002036\Windows\System32\config\SYSTEM was reorganized with a starting size of 6897664 bytes and an ending size of 6709248 bytes.
Information,12/26/2022 12:20:33 AM,Microsoft-Windows-Ntfs,98,None,Volume ?? (\Device\HarddiskVolumeShadowCopy3) is healthy.  No action is needed.
Information,12/26/2022 12:19:23 AM,Service Control Manager,7040,None,The start type of the DBUtilDrv2 Service service was changed from demand start to disabled.
Information,12/26/2022 12:19:23 AM,Service Control Manager,7040,None,The start type of the DBUtilDrv2 Service service was changed from disabled to demand start.
Information,12/26/2022 12:17:30 AM,Microsoft-Windows-FilterManager,6,None,"File System Filter 'WIMMount' (10.0, ‎2015‎-‎06‎-‎07T10:43:04.000000000Z) has successfully loaded and registered with Filter Manager."
Information,12/26/2022 12:17:10 AM,Service Control Manager,7040,None,The start type of the DBUtilDrv2 Service service was changed from demand start to disabled.
Information,12/26/2022 12:17:10 AM,Service Control Manager,7045,None,"A service was installed in the system.

Service Name:  DBUtilDrv2 Service
Service File Name:  \SystemRoot\System32\drivers\DBUtilDrv2.sys
Service Type:  kernel mode driver
Service Start Type:  demand start
Service Account:  "
Information,12/26/2022 12:16:39 AM,Service Control Manager,7045,None,"A service was installed in the system.

Service Name:  BioNTDrv
Service File Name:  C:\Program Files\Dell\SARemediation\plugin\BioNTDrv_WINK.SYS
Service Type:  kernel mode driver
Service Start Type:  demand start
Service Account:  "
Information,12/26/2022 12:12:30 AM,Microsoft-Windows-Kernel-Power,566,(268),"The system session has transitioned from 3 to 4.

Reason SessionUnlock 

BootId: 5"
Information,12/26/2022 12:07:42 AM,Microsoft-Windows-HttpService,113,HTTP Configuration Property Trace Task,"Attempted to add URL (http://*:2869/upnp/eventing/) to URL group (0xFE00000620000001). Status: 0x0. Process Id 0xBF0 Executable path \Device\HarddiskVolume3\Windows\System32\svchost.exe, User LOCAL SERVICE"
Information,12/26/2022 12:07:42 AM,Microsoft-Windows-HttpService,114,HTTP Configuration Property Trace Task,"Removed URL (http://*:2869/upnp/eventing/) from URL group (0xFE00000220000001). Process Id 0xBF0 Executable path \Device\HarddiskVolume3\Windows\System32\svchost.exe, User LOCAL SERVICE"
Information,12/26/2022 12:07:38 AM,Microsoft-Windows-HttpService,113,HTTP Configuration Property Trace Task,"Attempted to add URL (http://*:2869/upnp/eventing/) to URL group (0xFE00000220000001). Status: 0x0. Process Id 0xBF0 Executable path \Device\HarddiskVolume3\Windows\System32\svchost.exe, User LOCAL SERVICE"
Information,12/26/2022 12:07:33 AM,Service Control Manager,7040,None,The start type of the Background Intelligent Transfer Service service was changed from demand start to auto start.
Information,12/26/2022 12:07:28 AM,Microsoft-Windows-Kernel-Power,566,(268),"The system session has transitioned from 1 to 3.

Reason InputPoUserPresent 

BootId: 5"
Information,12/26/2022 12:03:49 AM,Microsoft-Windows-Kernel-Power,566,(268),"The system session has transitioned from 0 to 1.

Reason SessionUnlock 

BootId: 5"
Information,12/26/2022 12:02:51 AM,Microsoft-Windows-Kernel-General,16,None,The access history in hive \??\C:\ProgramData\Microsoft\Provisioning\Microsoft-Desktop-Provisioning-Sequence.dat was cleared updating 0 keys and creating 0 modified pages.
Information,12/25/2022 11:56:32 PM,Service Control Manager,7040,None,The start type of the Background Intelligent Transfer Service service was changed from auto start to demand start.
Information,12/25/2022 11:54:27 PM,Service Control Manager,7040,None,The start type of the Background Intelligent Transfer Service service was changed from demand start to auto start.
Information,12/25/2022 11:53:29 PM,Microsoft-Windows-WindowsUpdateClient,19,Windows Update Agent,Installation Successful: Windows successfully installed the following update: 9NBLGGH5L9XT-Facebook.InstagramBeta
Information,12/25/2022 11:53:29 PM,Microsoft-Windows-WindowsUpdateClient,43,Windows Update Agent,Installation Started: Windows has started installing the following update: 9NBLGGH5L9XT-Facebook.InstagramBeta
Information,12/25/2022 11:53:28 PM,Microsoft-Windows-Kernel-General,16,None,The access history in hive \??\C:\ProgramData\Microsoft\Windows\AppRepository\Packages\Facebook.InstagramBeta_42.0.19.0_neutral__8xx8rvfyw5nnt\ActivationStore.dat was cleared updating 0 keys and creating 0 modified pages.
Information,12/25/2022 11:53:17 PM,Microsoft-Windows-WindowsUpdateClient,44,Windows Update Agent,Windows Update started downloading an update.
Information,12/25/2022 11:50:24 PM,Service Control Manager,7040,None,The start type of the Background Intelligent Transfer Service service was changed from auto start to demand start.
Information,12/25/2022 11:49:03 PM,Microsoft-Windows-Kernel-General,16,None,The access history in hive \??\C:\Users\ozeas\AppData\Local\Packages\Microsoft.DesktopAppInstaller_8wekyb3d8bbwe\Settings\settings.dat was cleared updating 3 keys and creating 1 modified pages.
Information,12/25/2022 11:46:10 PM,Microsoft-Windows-HttpService,113,HTTP Configuration Property Trace Task,"Attempted to add URL (http://127.0.0.1:8884:127.0.0.1/) to URL group (0xFE00000020000001). Status: 0x0. Process Id 0x2330 Executable path \Device\HarddiskVolume3\Program Files\Dell\SupportAssistAgent\bin\SupportAssistAgent.exe, User SYSTEM"
Information,12/25/2022 11:46:10 PM,Microsoft-Windows-HttpService,111,HTTP Configuration Property Trace Task,"Create URL group 0xFE00000020000001. Status 0x0. Process Id 0x2330 Executable path \Device\HarddiskVolume3\Program Files\Dell\SupportAssistAgent\bin\SupportAssistAgent.exe, User SYSTEM"
Information,12/25/2022 11:46:10 PM,Microsoft-Windows-HttpService,112,HTTP Setup Trace Task,"Attempted to reserve URL http://127.0.0.1:8884:127.0.0.1/. Status 0x0. Process Id 0x2330 Executable path \Device\HarddiskVolume3\Program Files\Dell\SupportAssistAgent\bin\SupportAssistAgent.exe, User SYSTEM"
Information,12/25/2022 11:46:10 PM,Microsoft-Windows-HttpEvent,15007,None,Reservation for namespace identified by URL prefix http://127.0.0.1:8884:127.0.0.1/ was successfully added.
Information,12/25/2022 11:46:10 PM,Microsoft-Windows-HttpEvent,15008,None,Reservation for namespace identified by URL prefix http://127.0.0.1:8884:127.0.0.1/ was successfully deleted.
Information,12/25/2022 11:46:10 PM,Microsoft-Windows-HttpService,112,HTTP Setup Trace Task,"Attempted to reserve URL http://127.0.0.1:8884:127.0.0.1/. Status 0xC0000035. Process Id 0x2330 Executable path \Device\HarddiskVolume3\Program Files\Dell\SupportAssistAgent\bin\SupportAssistAgent.exe, User SYSTEM"
Warning,12/25/2022 11:46:03 PM,Microsoft-Windows-DistributedCOM,10016,None,"The application-specific permission settings do not grant Local Launch permission for the COM Server application with CLSID 
Windows.SecurityCenter.WscBrokerManager
 and APPID 
Unavailable
 to the user NT AUTHORITY\SYSTEM SID (S-1-5-18) from address LocalHost (Using LRPC) running in the application container Unavailable SID (Unavailable). This security permission can be modified using the Component Services administrative tool."
Warning,12/25/2022 11:46:03 PM,Microsoft-Windows-DistributedCOM,10016,None,"The application-specific permission settings do not grant Local Launch permission for the COM Server application with CLSID 
Windows.SecurityCenter.SecurityAppBroker
 and APPID 
Unavailable
 to the user NT AUTHORITY\SYSTEM SID (S-1-5-18) from address LocalHost (Using LRPC) running in the application container Unavailable SID (Unavailable). This security permission can be modified using the Component Services administrative tool."
Warning,12/25/2022 11:44:49 PM,Microsoft-Windows-Kernel-Processor-Power,37,(7),The speed of processor 7 in group 0 is being limited by system firmware. The processor has been in this reduced performance state for 71 seconds since the last report.
Information,12/25/2022 11:44:01 PM,Microsoft-Windows-Kernel-General,16,None,The access history in hive \??\C:\Users\ozeas\AppData\Local\Packages\AppUp.IntelGraphicsExperience_8j3eq9eme6ctt\Settings\settings.dat was cleared updating 3 keys and creating 1 modified pages.
Information,12/25/2022 11:43:47 PM,Microsoft-Windows-TPM-WMI,1025,None,The TPM was successfully provisioned and is now ready for use.
Information,12/25/2022 11:43:47 PM,Microsoft-Windows-TPM-WMI,1282,None,The TBS device identifier has been generated.
Warning,12/25/2022 11:43:46 PM,Netwtw08,6062,None,6062 - Lso was triggered
Information,12/25/2022 11:43:45 PM,TPM,18,None,This event triggers the Trusted Platform Module (TPM) provisioning/status check to run.
Information,12/25/2022 11:43:45 PM,Netwtw08,7021,None,7021 - Connection telemetry fields and analysis usage
Information,12/25/2022 11:43:42 PM,Service Control Manager,7026,None,"The following boot-start or system-start driver(s) did not load: 
dam"
Information,12/25/2022 11:43:41 PM,Microsoft-Windows-Winlogon,7001,(1101),User Logon Notification for Customer Experience Improvement Program
Information,12/25/2022 11:43:41 PM,Microsoft-Windows-UserModePowerService,12,(10),Process C:\Windows\System32\Intel\DPTF\esif_uf.exe (process ID:3840) reset policy scheme from {381b4222-f694-41f0-9685-ff5bb260df2e} to {381b4222-f694-41f0-9685-ff5bb260df2e}
Information,12/25/2022 11:43:41 PM,Microsoft-Windows-UserModePowerService,12,(10),Process C:\Windows\System32\Intel\DPTF\esif_uf.exe (process ID:3840) reset policy scheme from {381b4222-f694-41f0-9685-ff5bb260df2e} to {381b4222-f694-41f0-9685-ff5bb260df2e}
Information,12/25/2022 11:43:41 PM,Microsoft-Windows-UserModePowerService,12,(10),Process C:\Windows\System32\Intel\DPTF\esif_uf.exe (process ID:3840) reset policy scheme from {381b4222-f694-41f0-9685-ff5bb260df2e} to {381b4222-f694-41f0-9685-ff5bb260df2e}
Information,12/25/2022 11:43:41 PM,Microsoft-Windows-WLAN-AutoConfig,10001,None,"WLAN Extensibility Module has successfully started.

Module Path: C:\WINDOWS\system32\IntelIHVRouter08.dll
"
Information,12/25/2022 11:43:41 PM,Microsoft-Windows-WLAN-AutoConfig,4000,None,"WLAN AutoConfig service has successfully started.
"
Information,12/25/2022 11:43:41 PM,Microsoft-Windows-HttpService,112,HTTP Setup Trace Task,"Attempted to reserve URL http://127.0.0.1:8884:127.0.0.1/. Status 0x0. Process Id 0x4 Executable path , User SYSTEM"
Information,12/25/2022 11:43:41 PM,Microsoft-Windows-HttpService,112,HTTP Setup Trace Task,"Attempted to reserve URL http://+:10243/WMPNSSv4/. Status 0x0. Process Id 0x4 Executable path , User SYSTEM"
Information,12/25/2022 11:43:41 PM,Microsoft-Windows-HttpService,112,HTTP Setup Trace Task,"Attempted to reserve URL https://+:10245/WMPNSSv4/. Status 0x0. Process Id 0x4 Executable path , User SYSTEM"
Information,12/25/2022 11:43:41 PM,Microsoft-Windows-HttpService,112,HTTP Setup Trace Task,"Attempted to reserve URL http://+:5985/wsman/. Status 0x0. Process Id 0x4 Executable path , User SYSTEM"
Information,12/25/2022 11:43:41 PM,Microsoft-Windows-HttpService,112,HTTP Setup Trace Task,"Attempted to reserve URL http://+:47001/wsman/. Status 0x0. Process Id 0x4 Executable path , User SYSTEM"
Information,12/25/2022 11:43:41 PM,Microsoft-Windows-HttpService,112,HTTP Setup Trace Task,"Attempted to reserve URL https://+:5986/wsman/. Status 0x0. Process Id 0x4 Executable path , User SYSTEM"
Information,12/25/2022 11:43:41 PM,Microsoft-Windows-HttpService,112,HTTP Setup Trace Task,"Attempted to reserve URL http://+:10246/MDEServer/. Status 0x0. Process Id 0x4 Executable path , User SYSTEM"
Information,12/25/2022 11:43:41 PM,Microsoft-Windows-HttpService,112,HTTP Setup Trace Task,"Attempted to reserve URL http://*:2869/. Status 0x0. Process Id 0x4 Executable path , User SYSTEM"
Information,12/25/2022 11:43:41 PM,Microsoft-Windows-HttpService,112,HTTP Setup Trace Task,"Attempted to reserve URL http://+:10247/apps/. Status 0x0. Process Id 0x4 Executable path , User SYSTEM"
Information,12/25/2022 11:43:41 PM,Microsoft-Windows-HttpService,112,HTTP Setup Trace Task,"Attempted to reserve URL http://+:80/116B50EB-ECE2-41ac-8429-9F9E963361B7/. Status 0x0. Process Id 0x4 Executable path , User SYSTEM"
Information,12/25/2022 11:43:41 PM,Microsoft-Windows-HttpService,112,HTTP Setup Trace Task,"Attempted to reserve URL https://+:443/C574AC30-5794-4AEE-B1BB-6651C5315029/. Status 0x0. Process Id 0x4 Executable path , User SYSTEM"
Information,12/25/2022 11:43:41 PM,Microsoft-Windows-HttpService,112,HTTP Setup Trace Task,"Attempted to reserve URL http://+:80/0131501b-d67f-491b-9a40-c4bf27bcb4d4/. Status 0x0. Process Id 0x4 Executable path , User SYSTEM"
Information,12/25/2022 11:43:41 PM,Microsoft-Windows-HttpService,112,HTTP Setup Trace Task,"Attempted to reserve URL https://+:443/sra_{BA195980-CD49-458b-9E23-C84EE0ADCD75}/. Status 0x0. Process Id 0x4 Executable path , User SYSTEM"
Information,12/25/2022 11:43:41 PM,Microsoft-Windows-HttpService,112,HTTP Setup Trace Task,"Attempted to reserve URL http://+:3387/rdp/. Status 0x0. Process Id 0x4 Executable path , User SYSTEM"
Information,12/25/2022 11:43:41 PM,Microsoft-Windows-HttpService,112,HTTP Setup Trace Task,"Attempted to reserve URL https://+:3392/rdp/. Status 0x0. Process Id 0x4 Executable path , User SYSTEM"
Information,12/25/2022 11:43:41 PM,Microsoft-Windows-HttpService,112,HTTP Setup Trace Task,"Attempted to reserve URL https://*:5358/. Status 0x0. Process Id 0x4 Executable path , User SYSTEM"
Information,12/25/2022 11:43:41 PM,Microsoft-Windows-HttpService,112,HTTP Setup Trace Task,"Attempted to reserve URL http://+:80/Temporary_Listen_Addresses/. Status 0x0. Process Id 0x4 Executable path , User SYSTEM"
Information,12/25/2022 11:43:41 PM,Microsoft-Windows-HttpService,112,HTTP Setup Trace Task,"Attempted to reserve URL http://*:5357/. Status 0x0. Process Id 0x4 Executable path , User SYSTEM"
Information,12/25/2022 11:43:41 PM,RST Middleware,27,None,"Found passthru disk: SCSI Port: 0, SCSI Bus: 3, SCSI Target: 0, PCIe SSD, 256060514304 bytes, IM2P33F3 NVMe ADATA 256GB               "
Warning,12/25/2022 11:43:41 PM,rt640x64,1,None,Realtek PCIe GbE Family Controller is disconnected from network.
Information,12/25/2022 11:43:41 PM,Microsoft-Windows-DHCPv6-Client,51046,Service State Event,DHCPv6 client service is started
Information,12/25/2022 11:43:41 PM,Microsoft-Windows-Dhcp-Client,50036,Service State Event,DHCPv4 client service is started
Information,12/25/2022 11:43:41 PM,Microsoft-Windows-Dhcp-Client,50103,Service State Event,DHCPv4 client registered for shutdown notification
Information,12/25/2022 11:43:41 PM,Microsoft-Windows-Dhcp-Client,50036,Service State Event,DHCPv4 client service is started
Information,12/25/2022 11:43:40 PM,Win32k,267,None,Touch/Touchpad Hardware Quality Assurance verification succeeded.
Information,12/25/2022 11:43:40 PM,Microsoft-Windows-FilterManager,6,None,"File System Filter 'bindflt' (10.0, ‎1990‎-‎09‎-‎03T00:15:47.000000000Z) has successfully loaded and registered with Filter Manager."
Information,12/25/2022 11:43:40 PM,Microsoft-Windows-FilterManager,6,None,"File System Filter 'storqosflt' (10.0, ‎2031‎-‎12‎-‎25T20:42:56.000000000Z) has successfully loaded and registered with Filter Manager."
Information,12/25/2022 11:43:40 PM,Microsoft-Windows-FilterManager,6,None,"File System Filter 'CldFlt' (10.0, ‎2089‎-‎08‎-‎24T10:59:14.000000000Z) has successfully loaded and registered with Filter Manager."
Information,12/25/2022 11:43:40 PM,Microsoft-Windows-FilterManager,1,None,"File System Filter 'CldFlt' (Version 10.0, ‎2089‎-‎08‎-‎24T10:59:14.000000000Z) unloaded successfully."
Information,12/25/2022 11:43:40 PM,Microsoft-Windows-FilterManager,6,None,"File System Filter 'CldFlt' (10.0, ‎2089‎-‎08‎-‎24T10:59:14.000000000Z) has successfully loaded and registered with Filter Manager."
Information,12/25/2022 11:43:40 PM,Microsoft-Windows-FilterManager,6,None,"File System Filter 'luafv' (10.0, ‎1976‎-‎09‎-‎16T08:02:14.000000000Z) has successfully loaded and registered with Filter Manager."
Information,12/25/2022 11:43:40 PM,Microsoft-Windows-FilterManager,6,None,"File System Filter 'wcifs' (10.0, ‎2051‎-‎09‎-‎09T04:23:39.000000000Z) has successfully loaded and registered with Filter Manager."
Information,12/25/2022 11:43:40 PM,Microsoft-Windows-FilterManager,6,None,"File System Filter 'bfs' (10.0, ‎2093‎-‎01‎-‎08T11:31:30.000000000Z) has successfully loaded and registered with Filter Manager."
Information,12/25/2022 11:43:39 PM,Microsoft-Windows-Directory-Services-SAM,16983,None,"The security account manager is now logging periodic summary events for remote clients that call legacy password change or set RPC methods.

For more information please see https://go.microsoft.com/fwlink/?linkid=2150956.
"
Information,12/25/2022 11:43:39 PM,Microsoft-Windows-Directory-Services-SAM,16977,None,"The domain is configured with the following minimum password length-related settings.

MinimumPasswordLength: 0

RelaxMinimumPasswordLengthLimits: 0

MinimumPasswordLengthAudit: -1

For more information see https://go.microsoft.com/fwlink/?LinkId=2097191.
"
Information,12/25/2022 11:43:39 PM,Microsoft-Windows-Directory-Services-SAM,16962,None,"Remote calls to the SAM database are being restricted using the default security descriptor: O:SYG:SYD:(A;;RC;;;BA).
For more information please see http://go.microsoft.com/fwlink/?LinkId=787651."
Warning,12/25/2022 11:43:39 PM,LsaSrv,6155,None,"LSA package is not signed as expected. This can cause unexpected behavior with Credential Guard.

PackageName: msv1_0"
Warning,12/25/2022 11:43:39 PM,LsaSrv,6155,None,"LSA package is not signed as expected. This can cause unexpected behavior with Credential Guard.

PackageName: sfapm"
Warning,12/25/2022 11:43:39 PM,LsaSrv,6155,None,"LSA package is not signed as expected. This can cause unexpected behavior with Credential Guard.

PackageName: schannel"
Warning,12/25/2022 11:43:39 PM,LsaSrv,6155,None,"LSA package is not signed as expected. This can cause unexpected behavior with Credential Guard.

PackageName: wdigest"
Warning,12/25/2022 11:43:39 PM,LsaSrv,6155,None,"LSA package is not signed as expected. This can cause unexpected behavior with Credential Guard.

PackageName: cloudap"
Warning,12/25/2022 11:43:39 PM,LsaSrv,6155,None,"LSA package is not signed as expected. This can cause unexpected behavior with Credential Guard.

PackageName: pku2u"
Warning,12/25/2022 11:43:39 PM,LsaSrv,6155,None,"LSA package is not signed as expected. This can cause unexpected behavior with Credential Guard.

PackageName: tspkg"
Warning,12/25/2022 11:43:39 PM,LsaSrv,6155,None,"LSA package is not signed as expected. This can cause unexpected behavior with Credential Guard.

PackageName: msv1_0"
Warning,12/25/2022 11:43:39 PM,LsaSrv,6155,None,"LSA package is not signed as expected. This can cause unexpected behavior with Credential Guard.

PackageName: kerberos"
Warning,12/25/2022 11:43:39 PM,LsaSrv,6155,None,"LSA package is not signed as expected. This can cause unexpected behavior with Credential Guard.

PackageName: negoexts"
Information,12/25/2022 11:43:39 PM,LsaSrv,6156,None,"Virtualization Based Security for Credential Guard auto enablement status.

Hardware Requirements:	1
Domain Joined:	0
Azure AD Joined:	0"
Warning,12/25/2022 11:43:39 PM,Microsoft-Windows-Wininit,15,None,Credential Guard and/or VBS Key Isolation are configured but the secure kernel is not running; continuing without them.
Information,12/25/2022 11:43:39 PM,Microsoft-Windows-Wininit,14,None,"Credential Guard configuration:

Registry Configuration: 0x2
Test Configuration: 0
Auto Enablement: 1"
Information,12/25/2022 11:43:39 PM,Win32k,267,None,Touch/Touchpad Hardware Quality Assurance verification succeeded.
Warning,12/25/2022 11:43:39 PM,Microsoft-Windows-Kernel-PnP,219,(212),The driver \Driver\WUDFRd failed to load for the device USB\VID_27C6&PID_5301&MI_00\6&23cb0910&0&0000.
Information,12/25/2022 11:43:39 PM,Microsoft-Windows-DriverFrameworks-UserMode,10118,Startup of the UMDF reflector,"UMDF reflector is unable to connect to service control manager (SCM). This is expected during boot, when SCM has not started yet. Will retry when it starts."
Warning,12/25/2022 11:43:39 PM,Microsoft-Windows-Kernel-PnP,219,(212),The driver \Driver\WUDFRd failed to load for the device {DD8E82AE-334B-49A2-AEAE-AEB0FD5C40DD}\DetectionVerification\5&12b5aadc&0&0.
Information,12/25/2022 11:43:39 PM,Microsoft-Windows-DriverFrameworks-UserMode,10118,Startup of the UMDF reflector,"UMDF reflector is unable to connect to service control manager (SCM). This is expected during boot, when SCM has not started yet. Will retry when it starts."
Information,12/25/2022 11:43:38 PM,Netwtw08,7017,None,7017 - secure boot (SB) configuration
Information,12/25/2022 11:43:38 PM,Netwtw08,7010,None,7010 - driver enabled (miniport init)
Information,12/25/2022 11:43:38 PM,MEIx64,2,None,Intel(R) Management Engine Interface driver has started successfully.
Information,12/25/2022 11:43:38 PM,Netwtw08,7002,None,7002 - CTDP power limit value (SPLC)
Information,12/25/2022 11:43:38 PM,Netwtw08,7005,None,7005 - SAR value max TX power (WRDS)
Information,12/25/2022 11:43:38 PM,Netwtw08,7036,None,The \Device\NDMP2 service entered the Intel(R) Wireless-AC 9462 state.
Information,12/25/2022 11:43:38 PM,Microsoft-Windows-Kernel-Power,521,(220),Active battery count change.
Information,12/25/2022 11:43:38 PM,Microsoft-Windows-Kernel-Power,521,(220),Active battery count change.
Information,12/25/2022 11:43:38 PM,Microsoft-Windows-Kernel-Processor-Power,55,(47),"Processor 7 in group 0 exposes the following power management capabilities:

Idle state type: ACPI Idle (C) States (3 state(s))

Performance state type: ACPI Collaborative Processor Performance Control
Nominal Frequency (MHz): 1800
Maximum performance percentage: 216
Minimum performance percentage: 72
Minimum throttle percentage: 5"
Information,12/25/2022 11:43:38 PM,Microsoft-Windows-Kernel-Processor-Power,55,(47),"Processor 5 in group 0 exposes the following power management capabilities:

Idle state type: ACPI Idle (C) States (3 state(s))

Performance state type: ACPI Collaborative Processor Performance Control
Nominal Frequency (MHz): 1800
Maximum performance percentage: 216
Minimum performance percentage: 72
Minimum throttle percentage: 5"
Information,12/25/2022 11:43:38 PM,Microsoft-Windows-Kernel-Processor-Power,55,(47),"Processor 3 in group 0 exposes the following power management capabilities:

Idle state type: ACPI Idle (C) States (3 state(s))

Performance state type: ACPI Collaborative Processor Performance Control
Nominal Frequency (MHz): 1800
Maximum performance percentage: 216
Minimum performance percentage: 72
Minimum throttle percentage: 5"
Information,12/25/2022 11:43:38 PM,Microsoft-Windows-Kernel-Processor-Power,55,(47),"Processor 1 in group 0 exposes the following power management capabilities:

Idle state type: ACPI Idle (C) States (3 state(s))

Performance state type: ACPI Collaborative Processor Performance Control
Nominal Frequency (MHz): 1800
Maximum performance percentage: 216
Minimum performance percentage: 72
Minimum throttle percentage: 5"
Information,12/25/2022 11:43:38 PM,Microsoft-Windows-Kernel-Processor-Power,55,(47),"Processor 6 in group 0 exposes the following power management capabilities:

Idle state type: ACPI Idle (C) States (3 state(s))

Performance state type: ACPI Collaborative Processor Performance Control
Nominal Frequency (MHz): 1800
Maximum performance percentage: 216
Minimum performance percentage: 72
Minimum throttle percentage: 5"
Information,12/25/2022 11:43:38 PM,Microsoft-Windows-Kernel-Processor-Power,55,(47),"Processor 4 in group 0 exposes the following power management capabilities:

Idle state type: ACPI Idle (C) States (3 state(s))

Performance state type: ACPI Collaborative Processor Performance Control
Nominal Frequency (MHz): 1800
Maximum performance percentage: 216
Minimum performance percentage: 72
Minimum throttle percentage: 5"
Information,12/25/2022 11:43:38 PM,Microsoft-Windows-Kernel-Processor-Power,55,(47),"Processor 2 in group 0 exposes the following power management capabilities:

Idle state type: ACPI Idle (C) States (3 state(s))

Performance state type: ACPI Collaborative Processor Performance Control
Nominal Frequency (MHz): 1800
Maximum performance percentage: 216
Minimum performance percentage: 72
Minimum throttle percentage: 5"
Information,12/25/2022 11:43:38 PM,Microsoft-Windows-Kernel-Processor-Power,55,(47),"Processor 0 in group 0 exposes the following power management capabilities:

Idle state type: ACPI Idle (C) States (3 state(s))

Performance state type: ACPI Collaborative Processor Performance Control
Nominal Frequency (MHz): 1800
Maximum performance percentage: 216
Minimum performance percentage: 22
Minimum throttle percentage: 5"
Information,12/25/2022 11:43:37 PM,Microsoft-Windows-Kernel-General,24,(11),The time zone information was refreshed with exit reason 0. Current time zone bias is 180.
Information,12/25/2022 11:43:37 PM,Microsoft-Windows-Ntfs,98,None,Volume \\?\Volume{dcb0a130-2ef2-4533-af70-6eb186e56948} (\Device\HarddiskVolume4) is healthy.  No action is needed.
Warning,12/25/2022 11:43:37 PM,Microsoft-Windows-Kernel-PnP,219,(212),The driver \Driver\WUDFRd failed to load for the device PCI\VEN_8086&DEV_1903&SUBSYS_08C81028&REV_0C\3&11583659&0&20.
Information,12/25/2022 11:43:37 PM,Microsoft-Windows-DriverFrameworks-UserMode,10118,Startup of the UMDF reflector,"UMDF reflector is unable to connect to service control manager (SCM). This is expected during boot, when SCM has not started yet. Will retry when it starts."
Information,12/25/2022 11:43:36 PM,Microsoft-Windows-Kernel-Power,172,(203),"Connectivity state in standby: Disconnected, Reason: NIC compliance"
Information,12/25/2022 11:43:36 PM,Microsoft-Windows-Kernel-Power,125,(86),"ACPI thermal zone \_TZ.THM has been enumerated.             
_PSV = 0K             
_TC1 = 0             
_TC2 = 0             
_TSP = 0ms             
_AC0 = 0K             
_AC1 = 0K             
_AC2 = 0K             
_AC3 = 0K             
_AC4 = 0K             
_AC5 = 0K             
_AC6 = 0K             
_AC7 = 0K             
_AC8 = 0K             
_AC9 = 0K             
_CRT = 380K             
_HOT = 0K             
minimum throttle = 0             
_CR3 = 0K"
Information,12/25/2022 11:43:36 PM,Microsoft-Windows-FilterManager,6,None,"File System Filter 'npsvctrig' (10.0, ‎1979‎-‎12‎-‎19T13:12:41.000000000Z) has successfully loaded and registered with Filter Manager."
Information,12/25/2022 11:43:36 PM,Microsoft-Windows-FilterManager,6,None,"File System Filter 'KLIF' (10.0, ‎2021‎-‎12‎-‎18T13:18:52.000000000Z) has successfully loaded and registered with Filter Manager."
Information,12/25/2022 11:43:36 PM,Microsoft-Windows-FilterManager,6,None,"File System Filter 'FileCrypt' (10.0, ‎1983‎-‎08‎-‎18T23:58:35.000000000Z) has successfully loaded and registered with Filter Manager."
Information,12/25/2022 11:43:36 PM,Microsoft-Windows-FilterManager,6,None,"File System Filter 'klbackupflt' (10.0, ‎2021‎-‎12‎-‎18T13:18:09.000000000Z) has successfully loaded and registered with Filter Manager."
Information,12/25/2022 11:43:36 PM,Microsoft-Windows-Ntfs,98,None,Volume C: (\Device\HarddiskVolume3) is healthy.  No action is needed.
Information,12/25/2022 11:43:36 PM,Microsoft-Windows-Ntfs,98,None,Volume \\?\Volume{3fc1266c-7817-49fd-6819-d824fc96eb1a} (\Device\HarddiskVolume5) is healthy.  No action is needed.
Information,12/25/2022 11:43:36 PM,Microsoft-Windows-FilterManager,6,None,"File System Filter 'Wof' (10.0, ‎2013‎-‎07‎-‎23T22:08:12.000000000Z) has successfully loaded and registered with Filter Manager."
Information,12/25/2022 11:43:36 PM,Microsoft-Windows-FilterManager,6,None,"File System Filter 'FileInfo' (10.0, ‎2079‎-‎02‎-‎26T19:03:00.000000000Z) has successfully loaded and registered with Filter Manager."
Information,12/25/2022 11:43:35 PM,Microsoft-Windows-HAL,16,None,The iommu fault reporting has been initialized.
Information,12/25/2022 11:43:35 PM,Microsoft-Windows-Kernel-General,20,(6),"The leap second configuration has been updated.
Reason: Leap second data initialized from registry during boot
Leap seconds enabled: true
New leap second count: 0
Old leap second count: 0"
Information,12/25/2022 11:43:35 PM,Microsoft-Windows-Kernel-Boot,30,(21),The firmware reported boot metrics.
Information,12/25/2022 11:43:35 PM,Microsoft-Windows-Kernel-Boot,32,(58),The bootmgr spent 0 ms waiting for user input.
Information,12/25/2022 11:43:35 PM,Microsoft-Windows-Kernel-Boot,18,(57),There are 0x1 boot options on this system.
Information,12/25/2022 11:43:35 PM,Microsoft-Windows-Kernel-Boot,27,(33),The boot type was 0x0.
Information,12/25/2022 11:43:35 PM,Microsoft-Windows-Kernel-Boot,25,(32),The boot menu policy was 0x1.
Information,12/25/2022 11:43:35 PM,Microsoft-Windows-Kernel-Boot,238,(101),EFI time zone bias: 2047. Daylight flags: 0. Firmware time: ‎2022‎-‎12‎-‎25T23:43:33.000000000Z.
Information,12/25/2022 11:43:35 PM,Microsoft-Windows-Kernel-Boot,20,(31),The last shutdown's success status was true. The last boot's success status was true.
Information,12/25/2022 11:43:35 PM,Microsoft-Windows-Kernel-Boot,153,(62),Virtualization-based security (policies: 0) is disabled.
Information,12/25/2022 11:43:35 PM,Microsoft-Windows-Kernel-General,12,(1),The operating system started at system time ‎2022‎-‎12‎-‎26T02:43:34.500000000Z.
Information,12/25/2022 11:43:25 PM,Microsoft-Windows-Kernel-General,13,(2),The operating system is shutting down at system time ‎2022‎-‎12‎-‎26T02:43:25.502296500Z.
Information,12/25/2022 11:43:25 PM,Microsoft-Windows-Kernel-Power,577,(280),The system has prepared for a system initiated reboot from Active.
Information,12/25/2022 11:43:24 PM,Microsoft-Windows-Kernel-Power,109,(103),"The kernel power manager has initiated a shutdown transition.

Action: Power Action Reboot 
Event Code: 0x0 
Reason: Kernel API"
Information,12/25/2022 11:43:20 PM,Microsoft-Windows-WLAN-AutoConfig,4001,None,"WLAN AutoConfig service has successfully stopped.
"
Warning,12/25/2022 11:43:20 PM,Microsoft-Windows-WLAN-AutoConfig,10002,None,"WLAN Extensibility Module has stopped.

Module Path: C:\WINDOWS\system32\IntelIHVRouter08.dll
"
Information,12/25/2022 11:43:40 PM,EventLog,6013,None,The system uptime is 6 seconds.
Information,12/25/2022 11:43:40 PM,EventLog,6005,None,The Event log service was started.
Information,12/25/2022 11:43:40 PM,EventLog,6009,None,Microsoft (R) Windows (R) 10.00. 22621  Multiprocessor Free.
Information,12/25/2022 11:43:19 PM,Microsoft-Windows-Dhcp-Client,50037,Service State Event,DHCPv4 client service is stopped. ShutDown Flag value is 1
Information,12/25/2022 11:43:19 PM,Microsoft-Windows-Dhcp-Client,50106,Service State Event,DHCPv4 is waiting on DHCPv6 service to stop
Information,12/25/2022 11:43:19 PM,Microsoft-Windows-DHCPv6-Client,51057,Service State Event,DHCPv6 client service stop is almost done.DHCP Context Ref count is 1
Information,12/25/2022 11:43:19 PM,Microsoft-Windows-DHCPv6-Client,51047,Service State Event,DHCPv6 client service is stopped. ShutDown Flag value is 1
Information,12/25/2022 11:43:19 PM,Microsoft-Windows-Dhcp-Client,50105,Service State Event,DHCPv4 client ProcessDHCPRequestForever received TERMINATE_EVENT
Information,12/25/2022 11:43:19 PM,Microsoft-Windows-Dhcp-Client,50104,Service State Event,DHCPv4 client received shutdown notification
Information,12/25/2022 11:43:19 PM,EventLog,6006,None,The Event log service was stopped.
Information,12/25/2022 11:43:13 PM,Microsoft-Windows-HttpService,114,HTTP Configuration Property Trace Task,"Removed URL (http://*:2869/upnp/eventing/) from URL group (0xFE00000520000002). Process Id 0x2D58 Executable path \Device\HarddiskVolume3\Windows\System32\svchost.exe, User LOCAL SERVICE"
Information,12/25/2022 11:43:13 PM,Microsoft-Windows-Winlogon,7002,(1102),User Logoff Notification for Customer Experience Improvement Program
Information,12/25/2022 11:43:11 PM,User32,1074,None,"The process C:\Windows\System32\RuntimeBroker.exe (SAEZO) has initiated the restart of computer SAEZO on behalf of user Saezo\OzeasSantos for the following reason: Other (Unplanned)
 Reason Code: 0x0
 Shutdown Type: restart
 Comment: "
Warning,12/25/2022 11:42:49 PM,rt640x64,1,None,Realtek PCIe GbE Family Controller is disconnected from network.
Information,12/25/2022 11:42:42 PM,Service Control Manager,7045,None,"A service was installed in the system.

Service Name:  Realtek RT640 NT Driver
Service File Name:  \SystemRoot\System32\drivers\rt640x64.sys
Service Type:  kernel mode driver
Service Start Type:  demand start
Service Account:  "
Information,12/25/2022 11:42:00 PM,Microsoft-Windows-UserPnp,20003,(7005),Driver Management has concluded the process to add Service RtkAudioUniversalService for Device Instance ID SWD\DRIVERENUM\{C3A63EDD-2D27-4B66-B155-5E94B43D926A}#REALTEKSRV&5&2FE9395&0 with the following status: 0.
Information,12/25/2022 11:40:48 PM,Service Control Manager,7040,None,The start type of the Realtek USB Card Reader - UER service was changed from demand start to disabled.
Information,12/25/2022 11:40:32 PM,Microsoft-Windows-Ntfs,98,None,Volume ?? (\Device\HarddiskVolumeShadowCopy2) is healthy.  No action is needed.
Information,12/25/2022 11:37:08 PM,Microsoft-Windows-Kernel-Power,566,(268),"The system session has transitioned from 4 to 6.

Reason InputPoUserPresent 

BootId: 4"
Information,12/25/2022 11:36:47 PM,Microsoft-Windows-Kernel-Power,566,(268),"The system session has transitioned from 3 to 4.

Reason SessionUnlock 

BootId: 4"
Information,12/25/2022 11:31:46 PM,Microsoft-Windows-Kernel-Power,566,(268),"The system session has transitioned from 1 to 3.

Reason InputAccelerometer 

BootId: 4"
Information,12/25/2022 11:31:40 PM,Microsoft-Windows-Kernel-Power,566,(268),"The system session has transitioned from 0 to 1.

Reason SessionUnlock 

BootId: 4"
Information,12/25/2022 11:24:49 PM,Microsoft-Windows-HttpService,113,HTTP Configuration Property Trace Task,"Attempted to add URL (http://*:2869/upnp/eventing/) to URL group (0xFE00000520000002). Status: 0x0. Process Id 0x2D58 Executable path \Device\HarddiskVolume3\Windows\System32\svchost.exe, User LOCAL SERVICE"
Information,12/25/2022 11:24:49 PM,Microsoft-Windows-HttpService,114,HTTP Configuration Property Trace Task,"Removed URL (http://*:2869/upnp/eventing/) from URL group (0xFE00000520000001). Process Id 0x2D58 Executable path \Device\HarddiskVolume3\Windows\System32\svchost.exe, User LOCAL SERVICE"
Information,12/25/2022 11:24:49 PM,Microsoft-Windows-HttpService,113,HTTP Configuration Property Trace Task,"Attempted to add URL (http://*:2869/upnp/eventing/) to URL group (0xFE00000520000001). Status: 0x0. Process Id 0x2D58 Executable path \Device\HarddiskVolume3\Windows\System32\svchost.exe, User LOCAL SERVICE"
Information,12/25/2022 11:23:44 PM,Microsoft-Windows-Kernel-General,16,None,The access history in hive \??\C:\ProgramData\Microsoft\Provisioning\Microsoft-Desktop-Provisioning-Sequence.dat was cleared updating 0 keys and creating 0 modified pages.
Information,12/25/2022 11:19:02 PM,Service Control Manager,7040,None,The start type of the DBUtilDrv2 Service service was changed from demand start to disabled.
Information,12/25/2022 11:19:01 PM,Service Control Manager,7045,None,"A service was installed in the system.

Service Name:  DBUtilDrv2 Service
Service File Name:  \SystemRoot\System32\drivers\DBUtilDrv2.sys
Service Type:  kernel mode driver
Service Start Type:  demand start
Service Account:  "
Information,12/25/2022 11:17:54 PM,Microsoft-Windows-Kernel-General,16,None,The access history in hive \??\C:\Users\ozeas\AppData\Local\Packages\DellInc.DellSupportAssistforPCs_htrsf667h5kn2\Settings\settings.dat was cleared updating 3 keys and creating 1 modified pages.
Information,12/25/2022 11:16:59 PM,Service Control Manager,7040,None,The start type of the Background Intelligent Transfer Service service was changed from demand start to auto start.
